2023-03-14 22:40:05,812 p=5752 u=root n=ansible | [WARNING]: Invalid characters were found in group names but not replaced, use
-vvvv to see details

2023-03-14 22:40:09,930 p=5752 u=root n=ansible | PLAY [Gather facts for all hosts] **********************************************
2023-03-14 22:40:10,245 p=5752 u=root n=ansible | TASK [Gather facts] ************************************************************
2023-03-14 22:40:15,024 p=5752 u=root n=ansible | ok: [localhost]
2023-03-14 22:40:15,114 p=5752 u=root n=ansible | TASK [Group hosts to determine when using --limit] *****************************
2023-03-14 22:40:15,246 p=5752 u=root n=ansible | ok: [localhost]
2023-03-14 22:40:15,424 p=5752 u=root n=ansible | [WARNING]: Could not match supplied host pattern, ignoring:
all_using_limit_True

2023-03-14 22:40:15,433 p=5752 u=root n=ansible | PLAY [Gather facts for all hosts (if using --limit)] ***************************
2023-03-14 22:40:15,434 p=5752 u=root n=ansible | skipping: no hosts matched
2023-03-14 22:40:15,443 p=5752 u=root n=ansible | PLAY [Apply role baremetal] ****************************************************
2023-03-14 22:40:15,659 p=5752 u=root n=ansible | TASK [openstack.kolla.baremetal : Ensure localhost in /etc/hosts] **************
2023-03-14 22:40:16,593 p=5752 u=root n=ansible | changed: [localhost]
2023-03-14 22:40:16,686 p=5752 u=root n=ansible | TASK [openstack.kolla.baremetal : Ensure hostname does not point to 127.0.1.1 in /etc/hosts] ***
2023-03-14 22:40:17,203 p=5752 u=root n=ansible | ok: [localhost]
2023-03-14 22:40:17,300 p=5752 u=root n=ansible | TASK [openstack.kolla.baremetal : Generate /etc/hosts for all of the nodes] ****
2023-03-14 22:40:19,001 p=5752 u=root n=ansible | changed: [localhost]
2023-03-14 22:40:19,112 p=5752 u=root n=ansible | TASK [openstack.kolla.baremetal : Ensure unprivileged users can use ping] ******
2023-03-14 22:40:20,210 p=5752 u=root n=ansible | changed: [localhost]
2023-03-14 22:40:20,308 p=5752 u=root n=ansible | TASK [openstack.kolla.baremetal : Ensure /etc/cloud/cloud.cfg exists] **********
2023-03-14 22:40:21,624 p=5752 u=root n=ansible | ok: [localhost]
2023-03-14 22:40:21,778 p=5752 u=root n=ansible | TASK [openstack.kolla.baremetal : Disable cloud-init manage_etc_hosts] *********
2023-03-14 22:40:23,475 p=5752 u=root n=ansible | changed: [localhost]
2023-03-14 22:40:23,586 p=5752 u=root n=ansible | TASK [openstack.kolla.baremetal : Set firewall default policy] *****************
2023-03-14 22:40:23,647 p=5752 u=root n=ansible | skipping: [localhost]
2023-03-14 22:40:23,794 p=5752 u=root n=ansible | TASK [openstack.kolla.baremetal : Check if firewalld is installed] *************
2023-03-14 22:40:24,811 p=5752 u=root n=ansible | ok: [localhost]
2023-03-14 22:40:25,005 p=5752 u=root n=ansible | TASK [openstack.kolla.baremetal : Disable firewalld] ***************************
2023-03-14 22:40:25,093 p=5752 u=root n=ansible | skipping: [localhost] => (item=firewalld) 
2023-03-14 22:40:25,234 p=5752 u=root n=ansible | TASK [openstack.kolla.docker : Fail if docker_custom_option is defined] ********
2023-03-14 22:40:25,501 p=5752 u=root n=ansible | skipping: [localhost]
2023-03-14 22:40:25,610 p=5752 u=root n=ansible | TASK [openstack.kolla.docker : include_tasks] **********************************
2023-03-14 22:40:25,659 p=5752 u=root n=ansible | skipping: [localhost]
2023-03-14 22:40:25,773 p=5752 u=root n=ansible | TASK [openstack.kolla.docker : Ensure docker config directory exists] **********
2023-03-14 22:40:26,840 p=5752 u=root n=ansible | ok: [localhost]
2023-03-14 22:40:26,930 p=5752 u=root n=ansible | TASK [openstack.kolla.docker : Write docker config] ****************************
2023-03-14 22:40:28,198 p=5752 u=root n=ansible | changed: [localhost]
2023-03-14 22:40:28,288 p=5752 u=root n=ansible | TASK [openstack.kolla.docker : Remove old docker options file] *****************
2023-03-14 22:40:28,791 p=5752 u=root n=ansible | ok: [localhost]
2023-03-14 22:40:28,880 p=5752 u=root n=ansible | TASK [openstack.kolla.docker : Ensure docker service directory exists] *********
2023-03-14 22:40:28,933 p=5752 u=root n=ansible | skipping: [localhost]
2023-03-14 22:40:29,057 p=5752 u=root n=ansible | TASK [openstack.kolla.docker : Configure docker service] ***********************
2023-03-14 22:40:29,111 p=5752 u=root n=ansible | skipping: [localhost]
2023-03-14 22:40:29,276 p=5752 u=root n=ansible | TASK [openstack.kolla.docker : Ensure the path for CA file for private registry exists] ***
2023-03-14 22:40:29,328 p=5752 u=root n=ansible | skipping: [localhost]
2023-03-14 22:40:29,425 p=5752 u=root n=ansible | TASK [openstack.kolla.docker : Ensure the CA file for private registry exists] ***
2023-03-14 22:40:29,484 p=5752 u=root n=ansible | skipping: [localhost]
2023-03-14 22:40:29,580 p=5752 u=root n=ansible | TASK [openstack.kolla.docker : Flush handlers] *********************************
2023-03-14 22:40:29,581 p=5752 u=root n=ansible | RUNNING HANDLER [openstack.kolla.docker : Restart docker] **********************
2023-03-14 22:40:41,364 p=5752 u=root n=ansible | changed: [localhost]
2023-03-14 22:40:41,468 p=5752 u=root n=ansible | TASK [openstack.kolla.docker : Start and enable docker] ************************
2023-03-14 22:40:42,389 p=5752 u=root n=ansible | ok: [localhost]
2023-03-14 22:40:42,490 p=5752 u=root n=ansible | TASK [openstack.kolla.docker : include_tasks] **********************************
2023-03-14 22:40:42,534 p=5752 u=root n=ansible | skipping: [localhost]
2023-03-14 22:40:42,712 p=5752 u=root n=ansible | TASK [openstack.kolla.kolla_user : Ensure groups are present] ******************
2023-03-14 22:40:42,769 p=5752 u=root n=ansible | skipping: [localhost] => (item=docker) 
2023-03-14 22:40:42,778 p=5752 u=root n=ansible | skipping: [localhost] => (item=sudo) 
2023-03-14 22:40:42,782 p=5752 u=root n=ansible | skipping: [localhost] => (item=kolla) 
2023-03-14 22:40:42,876 p=5752 u=root n=ansible | TASK [openstack.kolla.kolla_user : Create kolla user] **************************
2023-03-14 22:40:42,938 p=5752 u=root n=ansible | skipping: [localhost]
2023-03-14 22:40:43,040 p=5752 u=root n=ansible | TASK [openstack.kolla.kolla_user : Add public key to kolla user authorized keys] ***
2023-03-14 22:40:43,087 p=5752 u=root n=ansible | skipping: [localhost]
2023-03-14 22:40:43,181 p=5752 u=root n=ansible | TASK [openstack.kolla.kolla_user : Grant kolla user passwordless sudo] *********
2023-03-14 22:40:43,232 p=5752 u=root n=ansible | skipping: [localhost]
2023-03-14 22:40:43,417 p=5752 u=root n=ansible | TASK [openstack.kolla.docker_sdk : Install latest pip in the virtualenv] *******
2023-03-14 22:40:43,502 p=5752 u=root n=ansible | skipping: [localhost]
2023-03-14 22:40:43,599 p=5752 u=root n=ansible | TASK [openstack.kolla.docker_sdk : Install docker SDK for python] **************
2023-03-14 22:41:33,772 p=5752 u=root n=ansible | ok: [localhost]
2023-03-14 22:41:33,944 p=5752 u=root n=ansible | TASK [openstack.kolla.baremetal : Ensure node_config_directory directory exists] ***
2023-03-14 22:41:34,507 p=5752 u=root n=ansible | ok: [localhost]
2023-03-14 22:41:34,678 p=5752 u=root n=ansible | TASK [openstack.kolla.apparmor_libvirt : include_tasks] ************************
2023-03-14 22:41:34,730 p=5752 u=root n=ansible | skipping: [localhost]
2023-03-14 22:41:35,045 p=5752 u=root n=ansible | TASK [openstack.kolla.baremetal : Change state of selinux] *********************
2023-03-14 22:41:36,685 p=5752 u=root n=ansible | ok: [localhost]
2023-03-14 22:41:36,817 p=5752 u=root n=ansible | TASK [openstack.kolla.baremetal : Set https proxy for git] *********************
2023-03-14 22:41:36,866 p=5752 u=root n=ansible | skipping: [localhost]
2023-03-14 22:41:36,997 p=5752 u=root n=ansible | TASK [openstack.kolla.baremetal : Set http proxy for git] **********************
2023-03-14 22:41:37,051 p=5752 u=root n=ansible | skipping: [localhost]
2023-03-14 22:41:37,262 p=5752 u=root n=ansible | TASK [openstack.kolla.baremetal : include_tasks] *******************************
2023-03-14 22:41:37,315 p=5752 u=root n=ansible | skipping: [localhost]
2023-03-14 22:41:37,697 p=5752 u=root n=ansible | PLAY RECAP *********************************************************************
2023-03-14 22:41:37,698 p=5752 u=root n=ansible | localhost                  : ok=17   changed=6    unreachable=0    failed=0    skipped=18   rescued=0    ignored=0   
