2023-03-14 00:00:08,695 p=5756 u=root n=ansible | [WARNING]: Invalid characters were found in group names but not replaced, use
-vvvv to see details

2023-03-14 00:00:10,302 p=5756 u=root n=ansible | PLAY [Gather facts for all hosts] **********************************************
2023-03-14 00:00:10,602 p=5756 u=root n=ansible | TASK [Gather facts] ************************************************************
2023-03-14 00:00:14,817 p=5756 u=root n=ansible | ok: [localhost]
2023-03-14 00:00:14,906 p=5756 u=root n=ansible | TASK [Group hosts to determine when using --limit] *****************************
2023-03-14 00:00:14,991 p=5756 u=root n=ansible | ok: [localhost]
2023-03-14 00:00:15,165 p=5756 u=root n=ansible | [WARNING]: Could not match supplied host pattern, ignoring:
all_using_limit_True

2023-03-14 00:00:15,173 p=5756 u=root n=ansible | PLAY [Gather facts for all hosts (if using --limit)] ***************************
2023-03-14 00:00:15,173 p=5756 u=root n=ansible | skipping: no hosts matched
2023-03-14 00:00:15,181 p=5756 u=root n=ansible | PLAY [Apply role baremetal] ****************************************************
2023-03-14 00:00:15,395 p=5756 u=root n=ansible | TASK [openstack.kolla.baremetal : Ensure localhost in /etc/hosts] **************
2023-03-14 00:00:16,335 p=5756 u=root n=ansible | changed: [localhost]
2023-03-14 00:00:16,423 p=5756 u=root n=ansible | TASK [openstack.kolla.baremetal : Ensure hostname does not point to 127.0.1.1 in /etc/hosts] ***
2023-03-14 00:00:16,906 p=5756 u=root n=ansible | ok: [localhost]
2023-03-14 00:00:16,992 p=5756 u=root n=ansible | TASK [openstack.kolla.baremetal : Generate /etc/hosts for all of the nodes] ****
2023-03-14 00:00:18,634 p=5756 u=root n=ansible | changed: [localhost]
2023-03-14 00:00:18,736 p=5756 u=root n=ansible | TASK [openstack.kolla.baremetal : Ensure unprivileged users can use ping] ******
2023-03-14 00:00:19,698 p=5756 u=root n=ansible | changed: [localhost]
2023-03-14 00:00:19,785 p=5756 u=root n=ansible | TASK [openstack.kolla.baremetal : Ensure /etc/cloud/cloud.cfg exists] **********
2023-03-14 00:00:21,030 p=5756 u=root n=ansible | ok: [localhost]
2023-03-14 00:00:21,136 p=5756 u=root n=ansible | TASK [openstack.kolla.baremetal : Disable cloud-init manage_etc_hosts] *********
2023-03-14 00:00:22,692 p=5756 u=root n=ansible | changed: [localhost]
2023-03-14 00:00:22,847 p=5756 u=root n=ansible | TASK [openstack.kolla.baremetal : Set firewall default policy] *****************
2023-03-14 00:00:22,894 p=5756 u=root n=ansible | skipping: [localhost]
2023-03-14 00:00:22,983 p=5756 u=root n=ansible | TASK [openstack.kolla.baremetal : Check if firewalld is installed] *************
2023-03-14 00:00:23,902 p=5756 u=root n=ansible | ok: [localhost]
2023-03-14 00:00:23,998 p=5756 u=root n=ansible | TASK [openstack.kolla.baremetal : Disable firewalld] ***************************
2023-03-14 00:00:24,061 p=5756 u=root n=ansible | skipping: [localhost] => (item=firewalld) 
2023-03-14 00:00:24,188 p=5756 u=root n=ansible | TASK [openstack.kolla.docker : Fail if docker_custom_option is defined] ********
2023-03-14 00:00:24,282 p=5756 u=root n=ansible | skipping: [localhost]
2023-03-14 00:00:24,374 p=5756 u=root n=ansible | TASK [openstack.kolla.docker : include_tasks] **********************************
2023-03-14 00:00:24,418 p=5756 u=root n=ansible | skipping: [localhost]
2023-03-14 00:00:24,538 p=5756 u=root n=ansible | TASK [openstack.kolla.docker : Ensure docker config directory exists] **********
2023-03-14 00:00:25,573 p=5756 u=root n=ansible | ok: [localhost]
2023-03-14 00:00:25,669 p=5756 u=root n=ansible | TASK [openstack.kolla.docker : Write docker config] ****************************
2023-03-14 00:00:27,034 p=5756 u=root n=ansible | changed: [localhost]
2023-03-14 00:00:27,131 p=5756 u=root n=ansible | TASK [openstack.kolla.docker : Remove old docker options file] *****************
2023-03-14 00:00:27,775 p=5756 u=root n=ansible | ok: [localhost]
2023-03-14 00:00:27,868 p=5756 u=root n=ansible | TASK [openstack.kolla.docker : Ensure docker service directory exists] *********
2023-03-14 00:00:27,922 p=5756 u=root n=ansible | skipping: [localhost]
2023-03-14 00:00:28,042 p=5756 u=root n=ansible | TASK [openstack.kolla.docker : Configure docker service] ***********************
2023-03-14 00:00:28,097 p=5756 u=root n=ansible | skipping: [localhost]
2023-03-14 00:00:28,189 p=5756 u=root n=ansible | TASK [openstack.kolla.docker : Ensure the path for CA file for private registry exists] ***
2023-03-14 00:00:28,239 p=5756 u=root n=ansible | skipping: [localhost]
2023-03-14 00:00:28,332 p=5756 u=root n=ansible | TASK [openstack.kolla.docker : Ensure the CA file for private registry exists] ***
2023-03-14 00:00:28,407 p=5756 u=root n=ansible | skipping: [localhost]
2023-03-14 00:00:28,499 p=5756 u=root n=ansible | TASK [openstack.kolla.docker : Flush handlers] *********************************
2023-03-14 00:00:28,499 p=5756 u=root n=ansible | RUNNING HANDLER [openstack.kolla.docker : Restart docker] **********************
2023-03-14 00:00:35,793 p=5756 u=root n=ansible | changed: [localhost]
2023-03-14 00:00:35,906 p=5756 u=root n=ansible | TASK [openstack.kolla.docker : Start and enable docker] ************************
2023-03-14 00:00:37,116 p=5756 u=root n=ansible | ok: [localhost]
2023-03-14 00:00:37,226 p=5756 u=root n=ansible | TASK [openstack.kolla.docker : include_tasks] **********************************
2023-03-14 00:00:37,308 p=5756 u=root n=ansible | skipping: [localhost]
2023-03-14 00:00:37,491 p=5756 u=root n=ansible | TASK [openstack.kolla.kolla_user : Ensure groups are present] ******************
2023-03-14 00:00:37,545 p=5756 u=root n=ansible | skipping: [localhost] => (item=docker) 
2023-03-14 00:00:37,557 p=5756 u=root n=ansible | skipping: [localhost] => (item=sudo) 
2023-03-14 00:00:37,567 p=5756 u=root n=ansible | skipping: [localhost] => (item=kolla) 
2023-03-14 00:00:37,667 p=5756 u=root n=ansible | TASK [openstack.kolla.kolla_user : Create kolla user] **************************
2023-03-14 00:00:37,723 p=5756 u=root n=ansible | skipping: [localhost]
2023-03-14 00:00:37,826 p=5756 u=root n=ansible | TASK [openstack.kolla.kolla_user : Add public key to kolla user authorized keys] ***
2023-03-14 00:00:37,875 p=5756 u=root n=ansible | skipping: [localhost]
2023-03-14 00:00:37,985 p=5756 u=root n=ansible | TASK [openstack.kolla.kolla_user : Grant kolla user passwordless sudo] *********
2023-03-14 00:00:38,035 p=5756 u=root n=ansible | skipping: [localhost]
2023-03-14 00:00:38,243 p=5756 u=root n=ansible | TASK [openstack.kolla.docker_sdk : Install latest pip in the virtualenv] *******
2023-03-14 00:00:38,373 p=5756 u=root n=ansible | skipping: [localhost]
2023-03-14 00:00:38,476 p=5756 u=root n=ansible | TASK [openstack.kolla.docker_sdk : Install docker SDK for python] **************
2023-03-14 00:01:29,992 p=5756 u=root n=ansible | ok: [localhost]
2023-03-14 00:01:30,223 p=5756 u=root n=ansible | TASK [openstack.kolla.baremetal : Ensure node_config_directory directory exists] ***
2023-03-14 00:01:30,802 p=5756 u=root n=ansible | ok: [localhost]
2023-03-14 00:01:30,897 p=5756 u=root n=ansible | TASK [openstack.kolla.apparmor_libvirt : include_tasks] ************************
2023-03-14 00:01:30,952 p=5756 u=root n=ansible | skipping: [localhost]
2023-03-14 00:01:31,166 p=5756 u=root n=ansible | TASK [openstack.kolla.baremetal : Change state of selinux] *********************
2023-03-14 00:01:32,996 p=5756 u=root n=ansible | ok: [localhost]
2023-03-14 00:01:33,133 p=5756 u=root n=ansible | TASK [openstack.kolla.baremetal : Set https proxy for git] *********************
2023-03-14 00:01:33,201 p=5756 u=root n=ansible | skipping: [localhost]
2023-03-14 00:01:33,312 p=5756 u=root n=ansible | TASK [openstack.kolla.baremetal : Set http proxy for git] **********************
2023-03-14 00:01:33,366 p=5756 u=root n=ansible | skipping: [localhost]
2023-03-14 00:01:33,482 p=5756 u=root n=ansible | TASK [openstack.kolla.baremetal : include_tasks] *******************************
2023-03-14 00:01:33,544 p=5756 u=root n=ansible | skipping: [localhost]
2023-03-14 00:01:33,900 p=5756 u=root n=ansible | PLAY RECAP *********************************************************************
2023-03-14 00:01:33,901 p=5756 u=root n=ansible | localhost                  : ok=17   changed=6    unreachable=0    failed=0    skipped=18   rescued=0    ignored=0   
