2023-02-28 22:05:29,142 p=5773 u=root n=ansible | [WARNING]: Invalid characters were found in group names but not replaced, use
-vvvv to see details

2023-02-28 22:05:31,099 p=5773 u=root n=ansible | PLAY [Gather facts for all hosts] **********************************************
2023-02-28 22:05:31,495 p=5773 u=root n=ansible | TASK [Gather facts] ************************************************************
2023-02-28 22:05:44,093 p=5773 u=root n=ansible | ok: [localhost]
2023-02-28 22:05:44,230 p=5773 u=root n=ansible | TASK [Group hosts to determine when using --limit] *****************************
2023-02-28 22:05:44,331 p=5773 u=root n=ansible | ok: [localhost]
2023-02-28 22:05:44,582 p=5773 u=root n=ansible | [WARNING]: Could not match supplied host pattern, ignoring:
all_using_limit_True

2023-02-28 22:05:44,593 p=5773 u=root n=ansible | PLAY [Gather facts for all hosts (if using --limit)] ***************************
2023-02-28 22:05:44,593 p=5773 u=root n=ansible | skipping: no hosts matched
2023-02-28 22:05:44,604 p=5773 u=root n=ansible | PLAY [Apply role baremetal] ****************************************************
2023-02-28 22:05:44,853 p=5773 u=root n=ansible | TASK [openstack.kolla.baremetal : Ensure localhost in /etc/hosts] **************
2023-02-28 22:05:45,900 p=5773 u=root n=ansible | changed: [localhost]
2023-02-28 22:05:46,014 p=5773 u=root n=ansible | TASK [openstack.kolla.baremetal : Ensure hostname does not point to 127.0.1.1 in /etc/hosts] ***
2023-02-28 22:05:46,739 p=5773 u=root n=ansible | ok: [localhost]
2023-02-28 22:05:46,836 p=5773 u=root n=ansible | TASK [openstack.kolla.baremetal : Generate /etc/hosts for all of the nodes] ****
2023-02-28 22:05:48,306 p=5773 u=root n=ansible | changed: [localhost]
2023-02-28 22:05:48,391 p=5773 u=root n=ansible | TASK [openstack.kolla.baremetal : Ensure unprivileged users can use ping] ******
2023-02-28 22:05:49,452 p=5773 u=root n=ansible | changed: [localhost]
2023-02-28 22:05:49,539 p=5773 u=root n=ansible | TASK [openstack.kolla.baremetal : Ensure /etc/cloud/cloud.cfg exists] **********
2023-02-28 22:05:50,703 p=5773 u=root n=ansible | ok: [localhost]
2023-02-28 22:05:50,808 p=5773 u=root n=ansible | TASK [openstack.kolla.baremetal : Disable cloud-init manage_etc_hosts] *********
2023-02-28 22:05:52,396 p=5773 u=root n=ansible | changed: [localhost]
2023-02-28 22:05:52,511 p=5773 u=root n=ansible | TASK [openstack.kolla.baremetal : Set firewall default policy] *****************
2023-02-28 22:05:52,561 p=5773 u=root n=ansible | skipping: [localhost]
2023-02-28 22:05:52,657 p=5773 u=root n=ansible | TASK [openstack.kolla.baremetal : Check if firewalld is installed] *************
2023-02-28 22:05:53,576 p=5773 u=root n=ansible | ok: [localhost]
2023-02-28 22:05:53,699 p=5773 u=root n=ansible | TASK [openstack.kolla.baremetal : Disable firewalld] ***************************
2023-02-28 22:05:53,760 p=5773 u=root n=ansible | skipping: [localhost] => (item=firewalld) 
2023-02-28 22:05:53,850 p=5773 u=root n=ansible | TASK [openstack.kolla.docker : Fail if docker_custom_option is defined] ********
2023-02-28 22:05:53,916 p=5773 u=root n=ansible | skipping: [localhost]
2023-02-28 22:05:54,005 p=5773 u=root n=ansible | TASK [openstack.kolla.docker : include_tasks] **********************************
2023-02-28 22:05:54,057 p=5773 u=root n=ansible | skipping: [localhost]
2023-02-28 22:05:54,142 p=5773 u=root n=ansible | TASK [openstack.kolla.docker : Ensure docker config directory exists] **********
2023-02-28 22:05:55,134 p=5773 u=root n=ansible | ok: [localhost]
2023-02-28 22:05:55,229 p=5773 u=root n=ansible | TASK [openstack.kolla.docker : Write docker config] ****************************
2023-02-28 22:05:56,537 p=5773 u=root n=ansible | changed: [localhost]
2023-02-28 22:05:56,622 p=5773 u=root n=ansible | TASK [openstack.kolla.docker : Remove old docker options file] *****************
2023-02-28 22:05:57,145 p=5773 u=root n=ansible | ok: [localhost]
2023-02-28 22:05:57,232 p=5773 u=root n=ansible | TASK [openstack.kolla.docker : Ensure docker service directory exists] *********
2023-02-28 22:05:57,288 p=5773 u=root n=ansible | skipping: [localhost]
2023-02-28 22:05:57,402 p=5773 u=root n=ansible | TASK [openstack.kolla.docker : Configure docker service] ***********************
2023-02-28 22:05:57,466 p=5773 u=root n=ansible | skipping: [localhost]
2023-02-28 22:05:57,570 p=5773 u=root n=ansible | TASK [openstack.kolla.docker : Ensure the path for CA file for private registry exists] ***
2023-02-28 22:05:57,625 p=5773 u=root n=ansible | skipping: [localhost]
2023-02-28 22:05:57,727 p=5773 u=root n=ansible | TASK [openstack.kolla.docker : Ensure the CA file for private registry exists] ***
2023-02-28 22:05:57,775 p=5773 u=root n=ansible | skipping: [localhost]
2023-02-28 22:05:57,862 p=5773 u=root n=ansible | TASK [openstack.kolla.docker : Flush handlers] *********************************
2023-02-28 22:05:57,863 p=5773 u=root n=ansible | RUNNING HANDLER [openstack.kolla.docker : Restart docker] **********************
2023-02-28 22:06:05,762 p=5773 u=root n=ansible | changed: [localhost]
2023-02-28 22:06:05,870 p=5773 u=root n=ansible | TASK [openstack.kolla.docker : Start and enable docker] ************************
2023-02-28 22:06:07,157 p=5773 u=root n=ansible | ok: [localhost]
2023-02-28 22:06:07,258 p=5773 u=root n=ansible | TASK [openstack.kolla.docker : include_tasks] **********************************
2023-02-28 22:06:07,312 p=5773 u=root n=ansible | skipping: [localhost]
2023-02-28 22:06:07,571 p=5773 u=root n=ansible | TASK [openstack.kolla.kolla_user : Ensure groups are present] ******************
2023-02-28 22:06:07,647 p=5773 u=root n=ansible | skipping: [localhost] => (item=docker) 
2023-02-28 22:06:07,653 p=5773 u=root n=ansible | skipping: [localhost] => (item=sudo) 
2023-02-28 22:06:07,661 p=5773 u=root n=ansible | skipping: [localhost] => (item=kolla) 
2023-02-28 22:06:07,767 p=5773 u=root n=ansible | TASK [openstack.kolla.kolla_user : Create kolla user] **************************
2023-02-28 22:06:07,819 p=5773 u=root n=ansible | skipping: [localhost]
2023-02-28 22:06:07,910 p=5773 u=root n=ansible | TASK [openstack.kolla.kolla_user : Add public key to kolla user authorized keys] ***
2023-02-28 22:06:07,964 p=5773 u=root n=ansible | skipping: [localhost]
2023-02-28 22:06:08,060 p=5773 u=root n=ansible | TASK [openstack.kolla.kolla_user : Grant kolla user passwordless sudo] *********
2023-02-28 22:06:08,116 p=5773 u=root n=ansible | skipping: [localhost]
2023-02-28 22:06:08,307 p=5773 u=root n=ansible | TASK [openstack.kolla.docker_sdk : Install latest pip in the virtualenv] *******
2023-02-28 22:06:08,391 p=5773 u=root n=ansible | skipping: [localhost]
2023-02-28 22:06:08,495 p=5773 u=root n=ansible | TASK [openstack.kolla.docker_sdk : Install docker SDK for python] **************
2023-02-28 22:06:17,285 p=5773 u=root n=ansible | ok: [localhost]
2023-02-28 22:06:17,573 p=5773 u=root n=ansible | TASK [openstack.kolla.baremetal : Ensure node_config_directory directory exists] ***
2023-02-28 22:06:18,250 p=5773 u=root n=ansible | ok: [localhost]
2023-02-28 22:06:18,337 p=5773 u=root n=ansible | TASK [openstack.kolla.apparmor_libvirt : include_tasks] ************************
2023-02-28 22:06:18,378 p=5773 u=root n=ansible | skipping: [localhost]
2023-02-28 22:06:18,665 p=5773 u=root n=ansible | TASK [openstack.kolla.baremetal : Change state of selinux] *********************
2023-02-28 22:06:20,237 p=5773 u=root n=ansible | ok: [localhost]
2023-02-28 22:06:20,324 p=5773 u=root n=ansible | TASK [openstack.kolla.baremetal : Set https proxy for git] *********************
2023-02-28 22:06:20,370 p=5773 u=root n=ansible | skipping: [localhost]
2023-02-28 22:06:20,497 p=5773 u=root n=ansible | TASK [openstack.kolla.baremetal : Set http proxy for git] **********************
2023-02-28 22:06:20,544 p=5773 u=root n=ansible | skipping: [localhost]
2023-02-28 22:06:20,699 p=5773 u=root n=ansible | TASK [openstack.kolla.baremetal : include_tasks] *******************************
2023-02-28 22:06:20,752 p=5773 u=root n=ansible | skipping: [localhost]
2023-02-28 22:06:21,098 p=5773 u=root n=ansible | PLAY RECAP *********************************************************************
2023-02-28 22:06:21,099 p=5773 u=root n=ansible | localhost                  : ok=17   changed=6    unreachable=0    failed=0    skipped=18   rescued=0    ignored=0   
