2023-03-03 20:12:37,090 p=5748 u=root n=ansible | [WARNING]: Invalid characters were found in group names but not replaced, use
-vvvv to see details

2023-03-03 20:12:44,311 p=5748 u=root n=ansible | PLAY [Gather facts for all hosts] **********************************************
2023-03-03 20:12:44,970 p=5748 u=root n=ansible | TASK [Gather facts] ************************************************************
2023-03-03 20:12:54,689 p=5748 u=root n=ansible | ok: [localhost]
2023-03-03 20:12:54,934 p=5748 u=root n=ansible | TASK [Group hosts to determine when using --limit] *****************************
2023-03-03 20:12:55,042 p=5748 u=root n=ansible | ok: [localhost]
2023-03-03 20:12:55,257 p=5748 u=root n=ansible | [WARNING]: Could not match supplied host pattern, ignoring:
all_using_limit_True

2023-03-03 20:12:55,266 p=5748 u=root n=ansible | PLAY [Gather facts for all hosts (if using --limit)] ***************************
2023-03-03 20:12:55,266 p=5748 u=root n=ansible | skipping: no hosts matched
2023-03-03 20:12:55,276 p=5748 u=root n=ansible | PLAY [Apply role baremetal] ****************************************************
2023-03-03 20:12:55,516 p=5748 u=root n=ansible | TASK [openstack.kolla.baremetal : Ensure localhost in /etc/hosts] **************
2023-03-03 20:12:56,450 p=5748 u=root n=ansible | changed: [localhost]
2023-03-03 20:12:56,556 p=5748 u=root n=ansible | TASK [openstack.kolla.baremetal : Ensure hostname does not point to 127.0.1.1 in /etc/hosts] ***
2023-03-03 20:12:57,048 p=5748 u=root n=ansible | ok: [localhost]
2023-03-03 20:12:57,132 p=5748 u=root n=ansible | TASK [openstack.kolla.baremetal : Generate /etc/hosts for all of the nodes] ****
2023-03-03 20:12:58,814 p=5748 u=root n=ansible | changed: [localhost]
2023-03-03 20:12:58,906 p=5748 u=root n=ansible | TASK [openstack.kolla.baremetal : Ensure unprivileged users can use ping] ******
2023-03-03 20:13:00,176 p=5748 u=root n=ansible | changed: [localhost]
2023-03-03 20:13:00,273 p=5748 u=root n=ansible | TASK [openstack.kolla.baremetal : Ensure /etc/cloud/cloud.cfg exists] **********
2023-03-03 20:13:01,877 p=5748 u=root n=ansible | ok: [localhost]
2023-03-03 20:13:02,023 p=5748 u=root n=ansible | TASK [openstack.kolla.baremetal : Disable cloud-init manage_etc_hosts] *********
2023-03-03 20:13:03,716 p=5748 u=root n=ansible | changed: [localhost]
2023-03-03 20:13:03,803 p=5748 u=root n=ansible | TASK [openstack.kolla.baremetal : Set firewall default policy] *****************
2023-03-03 20:13:03,845 p=5748 u=root n=ansible | skipping: [localhost]
2023-03-03 20:13:03,994 p=5748 u=root n=ansible | TASK [openstack.kolla.baremetal : Check if firewalld is installed] *************
2023-03-03 20:13:04,955 p=5748 u=root n=ansible | ok: [localhost]
2023-03-03 20:13:05,157 p=5748 u=root n=ansible | TASK [openstack.kolla.baremetal : Disable firewalld] ***************************
2023-03-03 20:13:05,262 p=5748 u=root n=ansible | skipping: [localhost] => (item=firewalld) 
2023-03-03 20:13:05,525 p=5748 u=root n=ansible | TASK [openstack.kolla.docker : Fail if docker_custom_option is defined] ********
2023-03-03 20:13:06,037 p=5748 u=root n=ansible | skipping: [localhost]
2023-03-03 20:13:06,127 p=5748 u=root n=ansible | TASK [openstack.kolla.docker : include_tasks] **********************************
2023-03-03 20:13:06,176 p=5748 u=root n=ansible | skipping: [localhost]
2023-03-03 20:13:06,294 p=5748 u=root n=ansible | TASK [openstack.kolla.docker : Ensure docker config directory exists] **********
2023-03-03 20:13:07,716 p=5748 u=root n=ansible | ok: [localhost]
2023-03-03 20:13:07,810 p=5748 u=root n=ansible | TASK [openstack.kolla.docker : Write docker config] ****************************
2023-03-03 20:13:09,166 p=5748 u=root n=ansible | changed: [localhost]
2023-03-03 20:13:09,288 p=5748 u=root n=ansible | TASK [openstack.kolla.docker : Remove old docker options file] *****************
2023-03-03 20:13:09,974 p=5748 u=root n=ansible | ok: [localhost]
2023-03-03 20:13:10,095 p=5748 u=root n=ansible | TASK [openstack.kolla.docker : Ensure docker service directory exists] *********
2023-03-03 20:13:10,162 p=5748 u=root n=ansible | skipping: [localhost]
2023-03-03 20:13:10,427 p=5748 u=root n=ansible | TASK [openstack.kolla.docker : Configure docker service] ***********************
2023-03-03 20:13:10,527 p=5748 u=root n=ansible | skipping: [localhost]
2023-03-03 20:13:10,685 p=5748 u=root n=ansible | TASK [openstack.kolla.docker : Ensure the path for CA file for private registry exists] ***
2023-03-03 20:13:10,784 p=5748 u=root n=ansible | skipping: [localhost]
2023-03-03 20:13:10,973 p=5748 u=root n=ansible | TASK [openstack.kolla.docker : Ensure the CA file for private registry exists] ***
2023-03-03 20:13:11,043 p=5748 u=root n=ansible | skipping: [localhost]
2023-03-03 20:13:11,199 p=5748 u=root n=ansible | TASK [openstack.kolla.docker : Flush handlers] *********************************
2023-03-03 20:13:11,201 p=5748 u=root n=ansible | RUNNING HANDLER [openstack.kolla.docker : Restart docker] **********************
2023-03-03 20:13:26,620 p=5748 u=root n=ansible | changed: [localhost]
2023-03-03 20:13:26,739 p=5748 u=root n=ansible | TASK [openstack.kolla.docker : Start and enable docker] ************************
2023-03-03 20:13:27,991 p=5748 u=root n=ansible | ok: [localhost]
2023-03-03 20:13:28,100 p=5748 u=root n=ansible | TASK [openstack.kolla.docker : include_tasks] **********************************
2023-03-03 20:13:28,157 p=5748 u=root n=ansible | skipping: [localhost]
2023-03-03 20:13:28,438 p=5748 u=root n=ansible | TASK [openstack.kolla.kolla_user : Ensure groups are present] ******************
2023-03-03 20:13:28,543 p=5748 u=root n=ansible | skipping: [localhost] => (item=docker) 
2023-03-03 20:13:28,555 p=5748 u=root n=ansible | skipping: [localhost] => (item=sudo) 
2023-03-03 20:13:28,574 p=5748 u=root n=ansible | skipping: [localhost] => (item=kolla) 
2023-03-03 20:13:28,669 p=5748 u=root n=ansible | TASK [openstack.kolla.kolla_user : Create kolla user] **************************
2023-03-03 20:13:28,724 p=5748 u=root n=ansible | skipping: [localhost]
2023-03-03 20:13:28,811 p=5748 u=root n=ansible | TASK [openstack.kolla.kolla_user : Add public key to kolla user authorized keys] ***
2023-03-03 20:13:28,853 p=5748 u=root n=ansible | skipping: [localhost]
2023-03-03 20:13:28,938 p=5748 u=root n=ansible | TASK [openstack.kolla.kolla_user : Grant kolla user passwordless sudo] *********
2023-03-03 20:13:28,991 p=5748 u=root n=ansible | skipping: [localhost]
2023-03-03 20:13:29,172 p=5748 u=root n=ansible | TASK [openstack.kolla.docker_sdk : Install latest pip in the virtualenv] *******
2023-03-03 20:13:29,322 p=5748 u=root n=ansible | skipping: [localhost]
2023-03-03 20:13:29,437 p=5748 u=root n=ansible | TASK [openstack.kolla.docker_sdk : Install docker SDK for python] **************
2023-03-03 20:13:40,978 p=5748 u=root n=ansible | ok: [localhost]
2023-03-03 20:13:41,200 p=5748 u=root n=ansible | TASK [openstack.kolla.baremetal : Ensure node_config_directory directory exists] ***
2023-03-03 20:13:41,781 p=5748 u=root n=ansible | ok: [localhost]
2023-03-03 20:13:41,877 p=5748 u=root n=ansible | TASK [openstack.kolla.apparmor_libvirt : include_tasks] ************************
2023-03-03 20:13:41,928 p=5748 u=root n=ansible | skipping: [localhost]
2023-03-03 20:13:42,098 p=5748 u=root n=ansible | TASK [openstack.kolla.baremetal : Change state of selinux] *********************
2023-03-03 20:13:44,131 p=5748 u=root n=ansible | ok: [localhost]
2023-03-03 20:13:44,225 p=5748 u=root n=ansible | TASK [openstack.kolla.baremetal : Set https proxy for git] *********************
2023-03-03 20:13:44,271 p=5748 u=root n=ansible | skipping: [localhost]
2023-03-03 20:13:44,354 p=5748 u=root n=ansible | TASK [openstack.kolla.baremetal : Set http proxy for git] **********************
2023-03-03 20:13:44,399 p=5748 u=root n=ansible | skipping: [localhost]
2023-03-03 20:13:44,500 p=5748 u=root n=ansible | TASK [openstack.kolla.baremetal : include_tasks] *******************************
2023-03-03 20:13:44,545 p=5748 u=root n=ansible | skipping: [localhost]
2023-03-03 20:13:44,787 p=5748 u=root n=ansible | PLAY RECAP *********************************************************************
2023-03-03 20:13:44,788 p=5748 u=root n=ansible | localhost                  : ok=17   changed=6    unreachable=0    failed=0    skipped=18   rescued=0    ignored=0   
