- - - [06/Apr/2023:20:01:51 -0400] "GET / HTTP/1.1" 200 468 7360307 "-" "ironic-inspector keystoneauth1/5.1.0 python-requests/2.28.1 CPython/3.9.14"
- - - [06/Apr/2023:20:01:59 -0400] "GET /v1/ports?fields=address%2Cextra HTTP/1.1" 200 13 6302776 "-" "ironic-inspector keystoneauth1/5.1.0 python-requests/2.28.1 CPython/3.9.14"
- - - [06/Apr/2023:20:02:05 -0400] "GET /v1/ports?fields=address%2Cextra HTTP/1.1" 200 13 6159341 "-" "ironic-inspector keystoneauth1/5.1.0 python-requests/2.28.1 CPython/3.9.14"
- - - [06/Apr/2023:20:02:26 -0400] "GET /v1/ports?fields=address%2Cextra HTTP/1.1" 200 13 1523752 "-" "ironic-inspector keystoneauth1/5.1.0 python-requests/2.28.1 CPython/3.9.14"
- - - [06/Apr/2023:20:02:28 -0400] "GET /v1/ports?fields=address%2Cextra HTTP/1.1" 200 13 514728 "-" "ironic-inspector keystoneauth1/5.1.0 python-requests/2.28.1 CPython/3.9.14"
- - - [06/Apr/2023:20:02:41 -0400] "GET /v1/ports?fields=address%2Cextra HTTP/1.1" 200 13 629221 "-" "ironic-inspector keystoneauth1/5.1.0 python-requests/2.28.1 CPython/3.9.14"
- - - [06/Apr/2023:20:02:42 -0400] "GET /v1/ports?fields=address%2Cextra HTTP/1.1" 200 13 553670 "-" "ironic-inspector keystoneauth1/5.1.0 python-requests/2.28.1 CPython/3.9.14"
- - - [06/Apr/2023:20:02:56 -0400] "GET /v1/ports?fields=address%2Cextra HTTP/1.1" 200 13 501738 "-" "ironic-inspector keystoneauth1/5.1.0 python-requests/2.28.1 CPython/3.9.14"
- - - [06/Apr/2023:20:02:57 -0400] "GET /v1/ports?fields=address%2Cextra HTTP/1.1" 200 13 503653 "-" "ironic-inspector keystoneauth1/5.1.0 python-requests/2.28.1 CPython/3.9.14"
- - - [06/Apr/2023:20:03:11 -0400] "GET /v1/nodes?fields=uuid HTTP/1.1" 200 13 586110 "-" "ironic-inspector keystoneauth1/5.1.0 python-requests/2.28.1 CPython/3.9.14"
- - - [06/Apr/2023:20:03:11 -0400] "GET /v1/ports?fields=address%2Cextra HTTP/1.1" 200 13 600289 "-" "ironic-inspector keystoneauth1/5.1.0 python-requests/2.28.1 CPython/3.9.14"
- - - [06/Apr/2023:20:03:12 -0400] "GET /v1/ports?fields=address%2Cextra HTTP/1.1" 200 13 358532 "-" "ironic-inspector keystoneauth1/5.1.0 python-requests/2.28.1 CPython/3.9.14"
- - - [06/Apr/2023:20:03:26 -0400] "GET /v1/ports?fields=address%2Cextra HTTP/1.1" 200 13 536891 "-" "ironic-inspector keystoneauth1/5.1.0 python-requests/2.28.1 CPython/3.9.14"
- - - [06/Apr/2023:20:03:27 -0400] "GET /v1/ports?fields=address%2Cextra HTTP/1.1" 200 13 623264 "-" "ironic-inspector keystoneauth1/5.1.0 python-requests/2.28.1 CPython/3.9.14"
- - - [06/Apr/2023:20:03:41 -0400] "GET /v1/ports?fields=address%2Cextra HTTP/1.1" 200 13 393139 "-" "ironic-inspector keystoneauth1/5.1.0 python-requests/2.28.1 CPython/3.9.14"
- - - [06/Apr/2023:20:03:42 -0400] "GET /v1/ports?fields=address%2Cextra HTTP/1.1" 200 13 469677 "-" "ironic-inspector keystoneauth1/5.1.0 python-requests/2.28.1 CPython/3.9.14"
- - - [06/Apr/2023:20:03:56 -0400] "GET /v1/ports?fields=address%2Cextra HTTP/1.1" 200 13 378349 "-" "ironic-inspector keystoneauth1/5.1.0 python-requests/2.28.1 CPython/3.9.14"
- - - [06/Apr/2023:20:03:57 -0400] "GET /v1/ports?fields=address%2Cextra HTTP/1.1" 200 13 392694 "-" "ironic-inspector keystoneauth1/5.1.0 python-requests/2.28.1 CPython/3.9.14"
- - - [06/Apr/2023:20:04:11 -0400] "GET /v1/nodes?fields=uuid HTTP/1.1" 200 13 461056 "-" "ironic-inspector keystoneauth1/5.1.0 python-requests/2.28.1 CPython/3.9.14"
- - - [06/Apr/2023:20:04:11 -0400] "GET /v1/ports?fields=address%2Cextra HTTP/1.1" 200 13 496337 "-" "ironic-inspector keystoneauth1/5.1.0 python-requests/2.28.1 CPython/3.9.14"
- - - [06/Apr/2023:20:04:12 -0400] "GET /v1/ports?fields=address%2Cextra HTTP/1.1" 200 13 390749 "-" "ironic-inspector keystoneauth1/5.1.0 python-requests/2.28.1 CPython/3.9.14"
- - - [06/Apr/2023:20:04:26 -0400] "GET /v1/ports?fields=address%2Cextra HTTP/1.1" 200 13 448854 "-" "ironic-inspector keystoneauth1/5.1.0 python-requests/2.28.1 CPython/3.9.14"
- - - [06/Apr/2023:20:04:27 -0400] "GET /v1/ports?fields=address%2Cextra HTTP/1.1" 200 13 394310 "-" "ironic-inspector keystoneauth1/5.1.0 python-requests/2.28.1 CPython/3.9.14"
- - - [06/Apr/2023:20:04:41 -0400] "GET /v1/ports?fields=address%2Cextra HTTP/1.1" 200 13 690468 "-" "ironic-inspector keystoneauth1/5.1.0 python-requests/2.28.1 CPython/3.9.14"
- - - [06/Apr/2023:20:04:42 -0400] "GET /v1/ports?fields=address%2Cextra HTTP/1.1" 200 13 647403 "-" "ironic-inspector keystoneauth1/5.1.0 python-requests/2.28.1 CPython/3.9.14"
- - - [06/Apr/2023:20:04:56 -0400] "GET /v1/ports?fields=address%2Cextra HTTP/1.1" 200 13 633468 "-" "ironic-inspector keystoneauth1/5.1.0 python-requests/2.28.1 CPython/3.9.14"
- - - [06/Apr/2023:20:04:57 -0400] "GET /v1/ports?fields=address%2Cextra HTTP/1.1" 200 13 420613 "-" "ironic-inspector keystoneauth1/5.1.0 python-requests/2.28.1 CPython/3.9.14"
- - - [06/Apr/2023:20:05:11 -0400] "GET /v1/nodes?fields=uuid HTTP/1.1" 200 13 1158221 "-" "ironic-inspector keystoneauth1/5.1.0 python-requests/2.28.1 CPython/3.9.14"
- - - [06/Apr/2023:20:05:11 -0400] "GET /v1/ports?fields=address%2Cextra HTTP/1.1" 200 13 1247612 "-" "ironic-inspector keystoneauth1/5.1.0 python-requests/2.28.1 CPython/3.9.14"
- - - [06/Apr/2023:20:05:12 -0400] "GET /v1/ports?fields=address%2Cextra HTTP/1.1" 200 13 631599 "-" "ironic-inspector keystoneauth1/5.1.0 python-requests/2.28.1 CPython/3.9.14"
- - - [06/Apr/2023:20:05:26 -0400] "GET /v1/ports?fields=address%2Cextra HTTP/1.1" 200 13 440613 "-" "ironic-inspector keystoneauth1/5.1.0 python-requests/2.28.1 CPython/3.9.14"
- - - [06/Apr/2023:20:05:27 -0400] "GET /v1/ports?fields=address%2Cextra HTTP/1.1" 200 13 405746 "-" "ironic-inspector keystoneauth1/5.1.0 python-requests/2.28.1 CPython/3.9.14"
- - - [06/Apr/2023:20:05:41 -0400] "GET /v1/ports?fields=address%2Cextra HTTP/1.1" 200 13 387936 "-" "ironic-inspector keystoneauth1/5.1.0 python-requests/2.28.1 CPython/3.9.14"
- - - [06/Apr/2023:20:05:42 -0400] "GET /v1/ports?fields=address%2Cextra HTTP/1.1" 200 13 393863 "-" "ironic-inspector keystoneauth1/5.1.0 python-requests/2.28.1 CPython/3.9.14"
- - - [06/Apr/2023:20:05:56 -0400] "GET /v1/ports?fields=address%2Cextra HTTP/1.1" 200 13 390377 "-" "ironic-inspector keystoneauth1/5.1.0 python-requests/2.28.1 CPython/3.9.14"
- - - [06/Apr/2023:20:05:57 -0400] "GET /v1/ports?fields=address%2Cextra HTTP/1.1" 200 13 421914 "-" "ironic-inspector keystoneauth1/5.1.0 python-requests/2.28.1 CPython/3.9.14"
- - - [06/Apr/2023:20:06:11 -0400] "GET /v1/nodes?fields=uuid HTTP/1.1" 200 13 475502 "-" "ironic-inspector keystoneauth1/5.1.0 python-requests/2.28.1 CPython/3.9.14"
- - - [06/Apr/2023:20:06:11 -0400] "GET /v1/ports?fields=address%2Cextra HTTP/1.1" 200 13 483307 "-" "ironic-inspector keystoneauth1/5.1.0 python-requests/2.28.1 CPython/3.9.14"
- - - [06/Apr/2023:20:06:12 -0400] "GET /v1/ports?fields=address%2Cextra HTTP/1.1" 200 13 419077 "-" "ironic-inspector keystoneauth1/5.1.0 python-requests/2.28.1 CPython/3.9.14"
- - - [06/Apr/2023:20:06:26 -0400] "GET /v1/ports?fields=address%2Cextra HTTP/1.1" 200 13 437129 "-" "ironic-inspector keystoneauth1/5.1.0 python-requests/2.28.1 CPython/3.9.14"
- - - [06/Apr/2023:20:06:27 -0400] "GET /v1/ports?fields=address%2Cextra HTTP/1.1" 200 13 435013 "-" "ironic-inspector keystoneauth1/5.1.0 python-requests/2.28.1 CPython/3.9.14"
- - - [06/Apr/2023:20:06:41 -0400] "GET /v1/ports?fields=address%2Cextra HTTP/1.1" 200 13 390716 "-" "ironic-inspector keystoneauth1/5.1.0 python-requests/2.28.1 CPython/3.9.14"
- - - [06/Apr/2023:20:06:42 -0400] "GET /v1/ports?fields=address%2Cextra HTTP/1.1" 200 13 388125 "-" "ironic-inspector keystoneauth1/5.1.0 python-requests/2.28.1 CPython/3.9.14"
- - - [06/Apr/2023:20:06:56 -0400] "GET /v1/ports?fields=address%2Cextra HTTP/1.1" 200 13 489946 "-" "ironic-inspector keystoneauth1/5.1.0 python-requests/2.28.1 CPython/3.9.14"
- - - [06/Apr/2023:20:06:57 -0400] "GET /v1/ports?fields=address%2Cextra HTTP/1.1" 200 13 410835 "-" "ironic-inspector keystoneauth1/5.1.0 python-requests/2.28.1 CPython/3.9.14"
- - - [06/Apr/2023:20:07:11 -0400] "GET /v1/nodes?fields=uuid HTTP/1.1" 200 13 403692 "-" "ironic-inspector keystoneauth1/5.1.0 python-requests/2.28.1 CPython/3.9.14"
- - - [06/Apr/2023:20:07:11 -0400] "GET /v1/ports?fields=address%2Cextra HTTP/1.1" 200 13 437397 "-" "ironic-inspector keystoneauth1/5.1.0 python-requests/2.28.1 CPython/3.9.14"
- - - [06/Apr/2023:20:07:12 -0400] "GET /v1/ports?fields=address%2Cextra HTTP/1.1" 200 13 389039 "-" "ironic-inspector keystoneauth1/5.1.0 python-requests/2.28.1 CPython/3.9.14"
- - - [06/Apr/2023:20:07:26 -0400] "GET /v1/ports?fields=address%2Cextra HTTP/1.1" 200 13 388902 "-" "ironic-inspector keystoneauth1/5.1.0 python-requests/2.28.1 CPython/3.9.14"
- - - [06/Apr/2023:20:07:27 -0400] "GET /v1/ports?fields=address%2Cextra HTTP/1.1" 200 13 441189 "-" "ironic-inspector keystoneauth1/5.1.0 python-requests/2.28.1 CPython/3.9.14"
- - - [06/Apr/2023:20:07:41 -0400] "GET /v1/ports?fields=address%2Cextra HTTP/1.1" 200 13 543834 "-" "ironic-inspector keystoneauth1/5.1.0 python-requests/2.28.1 CPython/3.9.14"
- - - [06/Apr/2023:20:07:42 -0400] "GET /v1/ports?fields=address%2Cextra HTTP/1.1" 200 13 444689 "-" "ironic-inspector keystoneauth1/5.1.0 python-requests/2.28.1 CPython/3.9.14"
- - - [06/Apr/2023:20:07:56 -0400] "GET /v1/ports?fields=address%2Cextra HTTP/1.1" 200 13 618029 "-" "ironic-inspector keystoneauth1/5.1.0 python-requests/2.28.1 CPython/3.9.14"
- - - [06/Apr/2023:20:07:57 -0400] "GET /v1/ports?fields=address%2Cextra HTTP/1.1" 200 13 531286 "-" "ironic-inspector keystoneauth1/5.1.0 python-requests/2.28.1 CPython/3.9.14"
- - - [06/Apr/2023:20:08:11 -0400] "GET /v1/nodes?fields=uuid HTTP/1.1" 200 13 456828 "-" "ironic-inspector keystoneauth1/5.1.0 python-requests/2.28.1 CPython/3.9.14"
- - - [06/Apr/2023:20:08:11 -0400] "GET /v1/ports?fields=address%2Cextra HTTP/1.1" 200 13 424300 "-" "ironic-inspector keystoneauth1/5.1.0 python-requests/2.28.1 CPython/3.9.14"
- - - [06/Apr/2023:20:08:12 -0400] "GET /v1/ports?fields=address%2Cextra HTTP/1.1" 200 13 399808 "-" "ironic-inspector keystoneauth1/5.1.0 python-requests/2.28.1 CPython/3.9.14"
- - - [06/Apr/2023:20:08:26 -0400] "GET /v1/ports?fields=address%2Cextra HTTP/1.1" 200 13 435180 "-" "ironic-inspector keystoneauth1/5.1.0 python-requests/2.28.1 CPython/3.9.14"
- - - [06/Apr/2023:20:08:27 -0400] "GET /v1/ports?fields=address%2Cextra HTTP/1.1" 200 13 556430 "-" "ironic-inspector keystoneauth1/5.1.0 python-requests/2.28.1 CPython/3.9.14"
- - - [06/Apr/2023:20:08:41 -0400] "GET /v1/ports?fields=address%2Cextra HTTP/1.1" 200 13 447650 "-" "ironic-inspector keystoneauth1/5.1.0 python-requests/2.28.1 CPython/3.9.14"
- - - [06/Apr/2023:20:08:42 -0400] "GET /v1/ports?fields=address%2Cextra HTTP/1.1" 200 13 393975 "-" "ironic-inspector keystoneauth1/5.1.0 python-requests/2.28.1 CPython/3.9.14"
- - - [06/Apr/2023:20:08:56 -0400] "GET /v1/ports?fields=address%2Cextra HTTP/1.1" 200 13 524194 "-" "ironic-inspector keystoneauth1/5.1.0 python-requests/2.28.1 CPython/3.9.14"
- - - [06/Apr/2023:20:08:57 -0400] "GET /v1/ports?fields=address%2Cextra HTTP/1.1" 200 13 400237 "-" "ironic-inspector keystoneauth1/5.1.0 python-requests/2.28.1 CPython/3.9.14"
- - - [06/Apr/2023:20:09:11 -0400] "GET /v1/nodes?fields=uuid HTTP/1.1" 200 13 468681 "-" "ironic-inspector keystoneauth1/5.1.0 python-requests/2.28.1 CPython/3.9.14"
- - - [06/Apr/2023:20:09:11 -0400] "GET /v1/ports?fields=address%2Cextra HTTP/1.1" 200 13 516336 "-" "ironic-inspector keystoneauth1/5.1.0 python-requests/2.28.1 CPython/3.9.14"
- - - [06/Apr/2023:20:09:12 -0400] "GET /v1/ports?fields=address%2Cextra HTTP/1.1" 200 13 438978 "-" "ironic-inspector keystoneauth1/5.1.0 python-requests/2.28.1 CPython/3.9.14"
- - - [06/Apr/2023:20:09:26 -0400] "GET /v1/ports?fields=address%2Cextra HTTP/1.1" 200 13 626673 "-" "ironic-inspector keystoneauth1/5.1.0 python-requests/2.28.1 CPython/3.9.14"
- - - [06/Apr/2023:20:09:27 -0400] "GET /v1/ports?fields=address%2Cextra HTTP/1.1" 200 13 635111 "-" "ironic-inspector keystoneauth1/5.1.0 python-requests/2.28.1 CPython/3.9.14"
- - - [06/Apr/2023:20:09:41 -0400] "GET /v1/ports?fields=address%2Cextra HTTP/1.1" 200 13 476923 "-" "ironic-inspector keystoneauth1/5.1.0 python-requests/2.28.1 CPython/3.9.14"
- - - [06/Apr/2023:20:09:42 -0400] "GET /v1/ports?fields=address%2Cextra HTTP/1.1" 200 13 452181 "-" "ironic-inspector keystoneauth1/5.1.0 python-requests/2.28.1 CPython/3.9.14"
- - - [06/Apr/2023:20:09:56 -0400] "GET /v1/ports?fields=address%2Cextra HTTP/1.1" 200 13 403418 "-" "ironic-inspector keystoneauth1/5.1.0 python-requests/2.28.1 CPython/3.9.14"
- - - [06/Apr/2023:20:09:57 -0400] "GET /v1/ports?fields=address%2Cextra HTTP/1.1" 200 13 391325 "-" "ironic-inspector keystoneauth1/5.1.0 python-requests/2.28.1 CPython/3.9.14"
- - - [06/Apr/2023:20:10:11 -0400] "GET /v1/nodes?fields=uuid HTTP/1.1" 200 13 452541 "-" "ironic-inspector keystoneauth1/5.1.0 python-requests/2.28.1 CPython/3.9.14"
- - - [06/Apr/2023:20:10:11 -0400] "GET /v1/ports?fields=address%2Cextra HTTP/1.1" 200 13 395195 "-" "ironic-inspector keystoneauth1/5.1.0 python-requests/2.28.1 CPython/3.9.14"
- - - [06/Apr/2023:20:10:12 -0400] "GET /v1/ports?fields=address%2Cextra HTTP/1.1" 200 13 518291 "-" "ironic-inspector keystoneauth1/5.1.0 python-requests/2.28.1 CPython/3.9.14"
- - - [06/Apr/2023:20:10:26 -0400] "GET /v1/ports?fields=address%2Cextra HTTP/1.1" 200 13 476510 "-" "ironic-inspector keystoneauth1/5.1.0 python-requests/2.28.1 CPython/3.9.14"
- - - [06/Apr/2023:20:10:27 -0400] "GET /v1/ports?fields=address%2Cextra HTTP/1.1" 200 13 373632 "-" "ironic-inspector keystoneauth1/5.1.0 python-requests/2.28.1 CPython/3.9.14"
- - - [06/Apr/2023:20:10:41 -0400] "GET /v1/ports?fields=address%2Cextra HTTP/1.1" 200 13 628893 "-" "ironic-inspector keystoneauth1/5.1.0 python-requests/2.28.1 CPython/3.9.14"
- - - [06/Apr/2023:20:10:42 -0400] "GET /v1/ports?fields=address%2Cextra HTTP/1.1" 200 13 538044 "-" "ironic-inspector keystoneauth1/5.1.0 python-requests/2.28.1 CPython/3.9.14"
- - - [06/Apr/2023:20:10:56 -0400] "GET /v1/ports?fields=address%2Cextra HTTP/1.1" 200 13 502632 "-" "ironic-inspector keystoneauth1/5.1.0 python-requests/2.28.1 CPython/3.9.14"
- - - [06/Apr/2023:20:10:57 -0400] "GET /v1/ports?fields=address%2Cextra HTTP/1.1" 200 13 441244 "-" "ironic-inspector keystoneauth1/5.1.0 python-requests/2.28.1 CPython/3.9.14"
- - - [06/Apr/2023:20:11:11 -0400] "GET /v1/nodes?fields=uuid HTTP/1.1" 200 13 630377 "-" "ironic-inspector keystoneauth1/5.1.0 python-requests/2.28.1 CPython/3.9.14"
- - - [06/Apr/2023:20:11:11 -0400] "GET /v1/ports?fields=address%2Cextra HTTP/1.1" 200 13 605348 "-" "ironic-inspector keystoneauth1/5.1.0 python-requests/2.28.1 CPython/3.9.14"
- - - [06/Apr/2023:20:11:12 -0400] "GET /v1/ports?fields=address%2Cextra HTTP/1.1" 200 13 609850 "-" "ironic-inspector keystoneauth1/5.1.0 python-requests/2.28.1 CPython/3.9.14"
- - - [06/Apr/2023:20:11:26 -0400] "GET /v1/ports?fields=address%2Cextra HTTP/1.1" 200 13 473277 "-" "ironic-inspector keystoneauth1/5.1.0 python-requests/2.28.1 CPython/3.9.14"
- - - [06/Apr/2023:20:11:27 -0400] "GET /v1/ports?fields=address%2Cextra HTTP/1.1" 200 13 446974 "-" "ironic-inspector keystoneauth1/5.1.0 python-requests/2.28.1 CPython/3.9.14"
- - - [06/Apr/2023:20:11:41 -0400] "GET /v1/ports?fields=address%2Cextra HTTP/1.1" 200 13 551079 "-" "ironic-inspector keystoneauth1/5.1.0 python-requests/2.28.1 CPython/3.9.14"
- - - [06/Apr/2023:20:11:42 -0400] "GET /v1/ports?fields=address%2Cextra HTTP/1.1" 200 13 377538 "-" "ironic-inspector keystoneauth1/5.1.0 python-requests/2.28.1 CPython/3.9.14"
- - - [06/Apr/2023:20:11:56 -0400] "GET /v1/ports?fields=address%2Cextra HTTP/1.1" 200 13 477161 "-" "ironic-inspector keystoneauth1/5.1.0 python-requests/2.28.1 CPython/3.9.14"
- - - [06/Apr/2023:20:11:57 -0400] "GET /v1/ports?fields=address%2Cextra HTTP/1.1" 200 13 383465 "-" "ironic-inspector keystoneauth1/5.1.0 python-requests/2.28.1 CPython/3.9.14"
- - - [06/Apr/2023:20:12:11 -0400] "GET /v1/nodes?fields=uuid HTTP/1.1" 200 13 450370 "-" "ironic-inspector keystoneauth1/5.1.0 python-requests/2.28.1 CPython/3.9.14"
- - - [06/Apr/2023:20:12:11 -0400] "GET /v1/ports?fields=address%2Cextra HTTP/1.1" 200 13 444242 "-" "ironic-inspector keystoneauth1/5.1.0 python-requests/2.28.1 CPython/3.9.14"
- - - [06/Apr/2023:20:12:12 -0400] "GET /v1/ports?fields=address%2Cextra HTTP/1.1" 200 13 497831 "-" "ironic-inspector keystoneauth1/5.1.0 python-requests/2.28.1 CPython/3.9.14"
- - - [06/Apr/2023:20:12:26 -0400] "GET /v1/ports?fields=address%2Cextra HTTP/1.1" 200 13 411479 "-" "ironic-inspector keystoneauth1/5.1.0 python-requests/2.28.1 CPython/3.9.14"
- - - [06/Apr/2023:20:12:27 -0400] "GET /v1/ports?fields=address%2Cextra HTTP/1.1" 200 13 423049 "-" "ironic-inspector keystoneauth1/5.1.0 python-requests/2.28.1 CPython/3.9.14"
- - - [06/Apr/2023:20:12:41 -0400] "GET /v1/ports?fields=address%2Cextra HTTP/1.1" 200 13 366119 "-" "ironic-inspector keystoneauth1/5.1.0 python-requests/2.28.1 CPython/3.9.14"
- - - [06/Apr/2023:20:12:42 -0400] "GET /v1/ports?fields=address%2Cextra HTTP/1.1" 200 13 408328 "-" "ironic-inspector keystoneauth1/5.1.0 python-requests/2.28.1 CPython/3.9.14"
- - - [06/Apr/2023:20:12:56 -0400] "GET /v1/ports?fields=address%2Cextra HTTP/1.1" 200 13 430605 "-" "ironic-inspector keystoneauth1/5.1.0 python-requests/2.28.1 CPython/3.9.14"
- - - [06/Apr/2023:20:12:57 -0400] "GET /v1/ports?fields=address%2Cextra HTTP/1.1" 200 13 408354 "-" "ironic-inspector keystoneauth1/5.1.0 python-requests/2.28.1 CPython/3.9.14"
- - - [06/Apr/2023:20:13:11 -0400] "GET /v1/nodes?fields=uuid HTTP/1.1" 200 13 650445 "-" "ironic-inspector keystoneauth1/5.1.0 python-requests/2.28.1 CPython/3.9.14"
- - - [06/Apr/2023:20:13:11 -0400] "GET /v1/ports?fields=address%2Cextra HTTP/1.1" 200 13 617899 "-" "ironic-inspector keystoneauth1/5.1.0 python-requests/2.28.1 CPython/3.9.14"
- - - [06/Apr/2023:20:13:12 -0400] "GET /v1/ports?fields=address%2Cextra HTTP/1.1" 200 13 540768 "-" "ironic-inspector keystoneauth1/5.1.0 python-requests/2.28.1 CPython/3.9.14"
- - - [06/Apr/2023:20:13:26 -0400] "GET /v1/ports?fields=address%2Cextra HTTP/1.1" 200 13 482368 "-" "ironic-inspector keystoneauth1/5.1.0 python-requests/2.28.1 CPython/3.9.14"
- - - [06/Apr/2023:20:13:27 -0400] "GET /v1/ports?fields=address%2Cextra HTTP/1.1" 200 13 593057 "-" "ironic-inspector keystoneauth1/5.1.0 python-requests/2.28.1 CPython/3.9.14"
- - - [06/Apr/2023:20:13:41 -0400] "GET /v1/ports?fields=address%2Cextra HTTP/1.1" 200 13 488357 "-" "ironic-inspector keystoneauth1/5.1.0 python-requests/2.28.1 CPython/3.9.14"
- - - [06/Apr/2023:20:13:42 -0400] "GET /v1/ports?fields=address%2Cextra HTTP/1.1" 200 13 482890 "-" "ironic-inspector keystoneauth1/5.1.0 python-requests/2.28.1 CPython/3.9.14"
- - - [06/Apr/2023:20:13:56 -0400] "GET /v1/ports?fields=address%2Cextra HTTP/1.1" 200 13 564203 "-" "ironic-inspector keystoneauth1/5.1.0 python-requests/2.28.1 CPython/3.9.14"
- - - [06/Apr/2023:20:13:57 -0400] "GET /v1/ports?fields=address%2Cextra HTTP/1.1" 200 13 489708 "-" "ironic-inspector keystoneauth1/5.1.0 python-requests/2.28.1 CPython/3.9.14"
- - - [06/Apr/2023:20:14:11 -0400] "GET /v1/nodes?fields=uuid HTTP/1.1" 200 13 464051 "-" "ironic-inspector keystoneauth1/5.1.0 python-requests/2.28.1 CPython/3.9.14"
- - - [06/Apr/2023:20:14:11 -0400] "GET /v1/ports?fields=address%2Cextra HTTP/1.1" 200 13 522861 "-" "ironic-inspector keystoneauth1/5.1.0 python-requests/2.28.1 CPython/3.9.14"
- - - [06/Apr/2023:20:14:12 -0400] "GET /v1/ports?fields=address%2Cextra HTTP/1.1" 200 13 531379 "-" "ironic-inspector keystoneauth1/5.1.0 python-requests/2.28.1 CPython/3.9.14"
- - - [06/Apr/2023:20:14:26 -0400] "GET /v1/ports?fields=address%2Cextra HTTP/1.1" 200 13 485300 "-" "ironic-inspector keystoneauth1/5.1.0 python-requests/2.28.1 CPython/3.9.14"
- - - [06/Apr/2023:20:14:27 -0400] "GET /v1/ports?fields=address%2Cextra HTTP/1.1" 200 13 482444 "-" "ironic-inspector keystoneauth1/5.1.0 python-requests/2.28.1 CPython/3.9.14"
- - - [06/Apr/2023:20:14:41 -0400] "GET /v1/ports?fields=address%2Cextra HTTP/1.1" 200 13 469305 "-" "ironic-inspector keystoneauth1/5.1.0 python-requests/2.28.1 CPython/3.9.14"
- - - [06/Apr/2023:20:14:42 -0400] "GET /v1/ports?fields=address%2Cextra HTTP/1.1" 200 13 404361 "-" "ironic-inspector keystoneauth1/5.1.0 python-requests/2.28.1 CPython/3.9.14"
- - - [06/Apr/2023:20:14:56 -0400] "GET /v1/ports?fields=address%2Cextra HTTP/1.1" 200 13 549284 "-" "ironic-inspector keystoneauth1/5.1.0 python-requests/2.28.1 CPython/3.9.14"
- - - [06/Apr/2023:20:14:57 -0400] "GET /v1/ports?fields=address%2Cextra HTTP/1.1" 200 13 463737 "-" "ironic-inspector keystoneauth1/5.1.0 python-requests/2.28.1 CPython/3.9.14"
- - - [06/Apr/2023:20:15:11 -0400] "GET /v1/nodes?fields=uuid HTTP/1.1" 200 13 744261 "-" "ironic-inspector keystoneauth1/5.1.0 python-requests/2.28.1 CPython/3.9.14"
- - - [06/Apr/2023:20:15:11 -0400] "GET /v1/ports?fields=address%2Cextra HTTP/1.1" 200 13 650094 "-" "ironic-inspector keystoneauth1/5.1.0 python-requests/2.28.1 CPython/3.9.14"
- - - [06/Apr/2023:20:15:12 -0400] "GET /v1/ports?fields=address%2Cextra HTTP/1.1" 200 13 393074 "-" "ironic-inspector keystoneauth1/5.1.0 python-requests/2.28.1 CPython/3.9.14"
- - - [06/Apr/2023:20:15:26 -0400] "GET /v1/ports?fields=address%2Cextra HTTP/1.1" 200 13 476641 "-" "ironic-inspector keystoneauth1/5.1.0 python-requests/2.28.1 CPython/3.9.14"
- - - [06/Apr/2023:20:15:27 -0400] "GET /v1/ports?fields=address%2Cextra HTTP/1.1" 200 13 561037 "-" "ironic-inspector keystoneauth1/5.1.0 python-requests/2.28.1 CPython/3.9.14"
- - - [06/Apr/2023:20:15:41 -0400] "GET /v1/ports?fields=address%2Cextra HTTP/1.1" 200 13 654828 "-" "ironic-inspector keystoneauth1/5.1.0 python-requests/2.28.1 CPython/3.9.14"
- - - [06/Apr/2023:20:15:42 -0400] "GET /v1/ports?fields=address%2Cextra HTTP/1.1" 200 13 453847 "-" "ironic-inspector keystoneauth1/5.1.0 python-requests/2.28.1 CPython/3.9.14"
- - - [06/Apr/2023:20:15:56 -0400] "GET /v1/ports?fields=address%2Cextra HTTP/1.1" 200 13 635967 "-" "ironic-inspector keystoneauth1/5.1.0 python-requests/2.28.1 CPython/3.9.14"
- - - [06/Apr/2023:20:15:57 -0400] "GET /v1/ports?fields=address%2Cextra HTTP/1.1" 200 13 466090 "-" "ironic-inspector keystoneauth1/5.1.0 python-requests/2.28.1 CPython/3.9.14"
- - - [06/Apr/2023:20:16:11 -0400] "GET /v1/nodes?fields=uuid HTTP/1.1" 200 13 513421 "-" "ironic-inspector keystoneauth1/5.1.0 python-requests/2.28.1 CPython/3.9.14"
- - - [06/Apr/2023:20:16:11 -0400] "GET /v1/ports?fields=address%2Cextra HTTP/1.1" 200 13 479648 "-" "ironic-inspector keystoneauth1/5.1.0 python-requests/2.28.1 CPython/3.9.14"
- - - [06/Apr/2023:20:16:12 -0400] "GET /v1/ports?fields=address%2Cextra HTTP/1.1" 200 13 501420 "-" "ironic-inspector keystoneauth1/5.1.0 python-requests/2.28.1 CPython/3.9.14"
- - - [06/Apr/2023:20:16:26 -0400] "GET /v1/ports?fields=address%2Cextra HTTP/1.1" 200 13 565513 "-" "ironic-inspector keystoneauth1/5.1.0 python-requests/2.28.1 CPython/3.9.14"
- - - [06/Apr/2023:20:16:27 -0400] "GET /v1/ports?fields=address%2Cextra HTTP/1.1" 200 13 533188 "-" "ironic-inspector keystoneauth1/5.1.0 python-requests/2.28.1 CPython/3.9.14"
- - - [06/Apr/2023:20:16:41 -0400] "GET /v1/ports?fields=address%2Cextra HTTP/1.1" 200 13 574023 "-" "ironic-inspector keystoneauth1/5.1.0 python-requests/2.28.1 CPython/3.9.14"
- - - [06/Apr/2023:20:16:42 -0400] "GET /v1/ports?fields=address%2Cextra HTTP/1.1" 200 13 585957 "-" "ironic-inspector keystoneauth1/5.1.0 python-requests/2.28.1 CPython/3.9.14"
- - - [06/Apr/2023:20:16:56 -0400] "GET /v1/ports?fields=address%2Cextra HTTP/1.1" 200 13 561146 "-" "ironic-inspector keystoneauth1/5.1.0 python-requests/2.28.1 CPython/3.9.14"
- - - [06/Apr/2023:20:16:57 -0400] "GET /v1/ports?fields=address%2Cextra HTTP/1.1" 200 13 554073 "-" "ironic-inspector keystoneauth1/5.1.0 python-requests/2.28.1 CPython/3.9.14"
- - - [06/Apr/2023:20:17:11 -0400] "GET /v1/nodes?fields=uuid HTTP/1.1" 200 13 629640 "-" "ironic-inspector keystoneauth1/5.1.0 python-requests/2.28.1 CPython/3.9.14"
- - - [06/Apr/2023:20:17:11 -0400] "GET /v1/ports?fields=address%2Cextra HTTP/1.1" 200 13 608746 "-" "ironic-inspector keystoneauth1/5.1.0 python-requests/2.28.1 CPython/3.9.14"
- - - [06/Apr/2023:20:17:12 -0400] "GET /v1/ports?fields=address%2Cextra HTTP/1.1" 200 13 546983 "-" "ironic-inspector keystoneauth1/5.1.0 python-requests/2.28.1 CPython/3.9.14"
- - - [06/Apr/2023:20:17:26 -0400] "GET /v1/ports?fields=address%2Cextra HTTP/1.1" 200 13 545117 "-" "ironic-inspector keystoneauth1/5.1.0 python-requests/2.28.1 CPython/3.9.14"
- - - [06/Apr/2023:20:17:27 -0400] "GET /v1/ports?fields=address%2Cextra HTTP/1.1" 200 13 384795 "-" "ironic-inspector keystoneauth1/5.1.0 python-requests/2.28.1 CPython/3.9.14"
- - - [06/Apr/2023:20:17:41 -0400] "GET /v1/ports?fields=address%2Cextra HTTP/1.1" 200 13 455851 "-" "ironic-inspector keystoneauth1/5.1.0 python-requests/2.28.1 CPython/3.9.14"
- - - [06/Apr/2023:20:17:42 -0400] "GET /v1/ports?fields=address%2Cextra HTTP/1.1" 200 13 450254 "-" "ironic-inspector keystoneauth1/5.1.0 python-requests/2.28.1 CPython/3.9.14"
- - - [06/Apr/2023:20:17:56 -0400] "GET /v1/ports?fields=address%2Cextra HTTP/1.1" 200 13 570114 "-" "ironic-inspector keystoneauth1/5.1.0 python-requests/2.28.1 CPython/3.9.14"
- - - [06/Apr/2023:20:17:57 -0400] "GET /v1/ports?fields=address%2Cextra HTTP/1.1" 200 13 534910 "-" "ironic-inspector keystoneauth1/5.1.0 python-requests/2.28.1 CPython/3.9.14"
- - - [06/Apr/2023:20:18:11 -0400] "GET /v1/nodes?fields=uuid HTTP/1.1" 200 13 446791 "-" "ironic-inspector keystoneauth1/5.1.0 python-requests/2.28.1 CPython/3.9.14"
- - - [06/Apr/2023:20:18:11 -0400] "GET /v1/ports?fields=address%2Cextra HTTP/1.1" 200 13 520337 "-" "ironic-inspector keystoneauth1/5.1.0 python-requests/2.28.1 CPython/3.9.14"
- - - [06/Apr/2023:20:18:12 -0400] "GET /v1/ports?fields=address%2Cextra HTTP/1.1" 200 13 462605 "-" "ironic-inspector keystoneauth1/5.1.0 python-requests/2.28.1 CPython/3.9.14"
- - - [06/Apr/2023:20:18:26 -0400] "GET /v1/ports?fields=address%2Cextra HTTP/1.1" 200 13 584964 "-" "ironic-inspector keystoneauth1/5.1.0 python-requests/2.28.1 CPython/3.9.14"
- - - [06/Apr/2023:20:18:27 -0400] "GET /v1/ports?fields=address%2Cextra HTTP/1.1" 200 13 640822 "-" "ironic-inspector keystoneauth1/5.1.0 python-requests/2.28.1 CPython/3.9.14"
- - - [06/Apr/2023:20:18:41 -0400] "GET /v1/ports?fields=address%2Cextra HTTP/1.1" 200 13 543593 "-" "ironic-inspector keystoneauth1/5.1.0 python-requests/2.28.1 CPython/3.9.14"
- - - [06/Apr/2023:20:18:42 -0400] "GET /v1/ports?fields=address%2Cextra HTTP/1.1" 200 13 487874 "-" "ironic-inspector keystoneauth1/5.1.0 python-requests/2.28.1 CPython/3.9.14"
- - - [06/Apr/2023:20:18:56 -0400] "GET /v1/ports?fields=address%2Cextra HTTP/1.1" 200 13 529436 "-" "ironic-inspector keystoneauth1/5.1.0 python-requests/2.28.1 CPython/3.9.14"
- - - [06/Apr/2023:20:18:57 -0400] "GET /v1/ports?fields=address%2Cextra HTTP/1.1" 200 13 417511 "-" "ironic-inspector keystoneauth1/5.1.0 python-requests/2.28.1 CPython/3.9.14"
- - - [06/Apr/2023:20:19:11 -0400] "GET /v1/nodes?fields=uuid HTTP/1.1" 200 13 527311 "-" "ironic-inspector keystoneauth1/5.1.0 python-requests/2.28.1 CPython/3.9.14"
- - - [06/Apr/2023:20:19:11 -0400] "GET /v1/ports?fields=address%2Cextra HTTP/1.1" 200 13 737069 "-" "ironic-inspector keystoneauth1/5.1.0 python-requests/2.28.1 CPython/3.9.14"
- - - [06/Apr/2023:20:19:12 -0400] "GET /v1/ports?fields=address%2Cextra HTTP/1.1" 200 13 511168 "-" "ironic-inspector keystoneauth1/5.1.0 python-requests/2.28.1 CPython/3.9.14"
- - - [06/Apr/2023:20:19:26 -0400] "GET /v1/ports?fields=address%2Cextra HTTP/1.1" 200 13 687265 "-" "ironic-inspector keystoneauth1/5.1.0 python-requests/2.28.1 CPython/3.9.14"
- - - [06/Apr/2023:20:19:27 -0400] "GET /v1/ports?fields=address%2Cextra HTTP/1.1" 200 13 591064 "-" "ironic-inspector keystoneauth1/5.1.0 python-requests/2.28.1 CPython/3.9.14"
- - - [06/Apr/2023:20:19:41 -0400] "GET /v1/ports?fields=address%2Cextra HTTP/1.1" 200 13 583554 "-" "ironic-inspector keystoneauth1/5.1.0 python-requests/2.28.1 CPython/3.9.14"
- - - [06/Apr/2023:20:19:42 -0400] "GET /v1/ports?fields=address%2Cextra HTTP/1.1" 200 13 511510 "-" "ironic-inspector keystoneauth1/5.1.0 python-requests/2.28.1 CPython/3.9.14"
- - - [06/Apr/2023:20:19:56 -0400] "GET /v1/ports?fields=address%2Cextra HTTP/1.1" 200 13 476858 "-" "ironic-inspector keystoneauth1/5.1.0 python-requests/2.28.1 CPython/3.9.14"
- - - [06/Apr/2023:20:19:57 -0400] "GET /v1/ports?fields=address%2Cextra HTTP/1.1" 200 13 439505 "-" "ironic-inspector keystoneauth1/5.1.0 python-requests/2.28.1 CPython/3.9.14"
- - - [06/Apr/2023:20:20:11 -0400] "GET /v1/nodes?fields=uuid HTTP/1.1" 200 13 888657 "-" "ironic-inspector keystoneauth1/5.1.0 python-requests/2.28.1 CPython/3.9.14"
- - - [06/Apr/2023:20:20:11 -0400] "GET /v1/ports?fields=address%2Cextra HTTP/1.1" 200 13 949460 "-" "ironic-inspector keystoneauth1/5.1.0 python-requests/2.28.1 CPython/3.9.14"
- - - [06/Apr/2023:20:20:12 -0400] "GET /v1/ports?fields=address%2Cextra HTTP/1.1" 200 13 532343 "-" "ironic-inspector keystoneauth1/5.1.0 python-requests/2.28.1 CPython/3.9.14"
- - - [06/Apr/2023:20:20:26 -0400] "GET /v1/ports?fields=address%2Cextra HTTP/1.1" 200 13 12762994 "-" "ironic-inspector keystoneauth1/5.1.0 python-requests/2.28.1 CPython/3.9.14"
- - - [06/Apr/2023:20:20:39 -0400] "GET /v1/ports?fields=address%2Cextra HTTP/1.1" 200 13 6243267 "-" "ironic-inspector keystoneauth1/5.1.0 python-requests/2.28.1 CPython/3.9.14"
- - - [06/Apr/2023:20:21:04 -0400] "GET /v1/ports?fields=address%2Cextra HTTP/1.1" 200 13 6741744 "-" "ironic-inspector keystoneauth1/5.1.0 python-requests/2.28.1 CPython/3.9.14"
- - - [06/Apr/2023:20:21:11 -0400] "GET /v1/ports?fields=address%2Cextra HTTP/1.1" 200 13 11714916 "-" "ironic-inspector keystoneauth1/5.1.0 python-requests/2.28.1 CPython/3.9.14"
- - - [06/Apr/2023:20:21:11 -0400] "GET /v1/nodes?fields=uuid HTTP/1.1" 200 13 11559779 "-" "ironic-inspector keystoneauth1/5.1.0 python-requests/2.28.1 CPython/3.9.14"
- - - [06/Apr/2023:20:21:22 -0400] "POST /v1/nodes HTTP/1.1" 201 2655 987410 "-" "python-ironicclient"
- - - [06/Apr/2023:20:21:23 -0400] "GET /v1/ports?fields=address%2Cextra HTTP/1.1" 200 13 452163 "-" "ironic-inspector keystoneauth1/5.1.0 python-requests/2.28.1 CPython/3.9.14"
- - - [06/Apr/2023:20:21:23 -0400] "GET /v1/ports?fields=address%2Cextra HTTP/1.1" 200 13 529853 "-" "ironic-inspector keystoneauth1/5.1.0 python-requests/2.28.1 CPython/3.9.14"
- - - [06/Apr/2023:20:21:27 -0400] "GET /v1/nodes HTTP/1.1" 200 380 450207 "-" "python-ironicclient"
- - - [06/Apr/2023:20:21:30 -0400] "PATCH /v1/nodes/f895ee90-8d67-4a1d-a861-7dce1eb220f3 HTTP/1.1" 200 3129 1146890 "-" "python-ironicclient"
- - - [06/Apr/2023:20:21:35 -0400] "POST /v1/ports HTTP/1.1" 201 562 732094 "-" "python-ironicclient"
- - - [06/Apr/2023:20:21:38 -0400] "GET /v1/ports?fields=address%2Cextra HTTP/1.1" 200 268 560346 "-" "ironic-inspector keystoneauth1/5.1.0 python-requests/2.28.1 CPython/3.9.14"
- - - [06/Apr/2023:20:21:38 -0400] "GET /v1/ports?fields=address%2Cextra HTTP/1.1" 200 268 704083 "-" "ironic-inspector keystoneauth1/5.1.0 python-requests/2.28.1 CPython/3.9.14"
- - - [06/Apr/2023:20:21:39 -0400] "PUT /v1/nodes/f895ee90-8d67-4a1d-a861-7dce1eb220f3/states/provision HTTP/1.1" 202 - 667472 "-" "python-ironicclient"
- - - [06/Apr/2023:20:21:52 -0400] "PUT /v1/nodes/f895ee90-8d67-4a1d-a861-7dce1eb220f3/states/provision HTTP/1.1" 202 - 674616 "-" "python-ironicclient"
- - - [06/Apr/2023:20:21:53 -0400] "GET /v1/ports?fields=address%2Cextra HTTP/1.1" 200 268 645605 "-" "ironic-inspector keystoneauth1/5.1.0 python-requests/2.28.1 CPython/3.9.14"
- - - [06/Apr/2023:20:21:54 -0400] "GET /v1/ports?fields=address%2Cextra HTTP/1.1" 200 268 526878 "-" "ironic-inspector keystoneauth1/5.1.0 python-requests/2.28.1 CPython/3.9.14"
- - - [06/Apr/2023:20:21:56 -0400] "PUT /v1/nodes/f895ee90-8d67-4a1d-a861-7dce1eb220f3/states/power HTTP/1.1" 202 - 560374 "-" "python-ironicclient"
- - - [06/Apr/2023:20:22:08 -0400] "GET /v1/ports?fields=address%2Cextra HTTP/1.1" 200 268 734689 "-" "ironic-inspector keystoneauth1/5.1.0 python-requests/2.28.1 CPython/3.9.14"
- - - [06/Apr/2023:20:22:09 -0400] "GET /v1/ports?fields=address%2Cextra HTTP/1.1" 200 268 507539 "-" "ironic-inspector keystoneauth1/5.1.0 python-requests/2.28.1 CPython/3.9.14"
- - - [06/Apr/2023:20:22:11 -0400] "GET /v1/nodes?fields=uuid HTTP/1.1" 200 271 377767 "-" "ironic-inspector keystoneauth1/5.1.0 python-requests/2.28.1 CPython/3.9.14"
- - - [06/Apr/2023:20:22:21 -0400] "GET /v1/nodes HTTP/1.1" 200 369 647709 "-" "python-urllib3/1.26.5"
- - - [06/Apr/2023:20:22:21 -0400] "GET /v1/nodes?provision_state=available&associated=False&maintenance=False&fields=uuid%2Cdriver%2Cinstance_uuid%2Cprovision_state%2Cname%2Cmaintenance HTTP/1.1" 200 379 718745 "-" "python-urllib3/1.26.5"
- - - [06/Apr/2023:20:22:22 -0400] "PATCH /v1/nodes/f895ee90-8d67-4a1d-a861-7dce1eb220f3 HTTP/1.1" 200 2554 1027560 "-" "python-urllib3/1.26.5"
- - - [06/Apr/2023:20:22:23 -0400] "GET /v1/ports?fields=address%2Cextra HTTP/1.1" 200 268 488100 "-" "ironic-inspector keystoneauth1/5.1.0 python-requests/2.28.1 CPython/3.9.14"
- - - [06/Apr/2023:20:22:23 -0400] "PATCH /v1/nodes/f895ee90-8d67-4a1d-a861-7dce1eb220f3 HTTP/1.1" 200 2554 797935 "-" "python-urllib3/1.26.5"
- - - [06/Apr/2023:20:22:23 -0400] "GET /v1/ports?fields=address%2Cextra HTTP/1.1" 200 268 413568 "-" "ironic-inspector keystoneauth1/5.1.0 python-requests/2.28.1 CPython/3.9.14"
- - - [06/Apr/2023:20:22:27 -0400] "POST /v1/nodes/f895ee90-8d67-4a1d-a861-7dce1eb220f3/vifs HTTP/1.1" 204 - 625074 "-" "python-urllib3/1.26.5"
- - - [06/Apr/2023:20:22:28 -0400] "PATCH /v1/nodes/f895ee90-8d67-4a1d-a861-7dce1eb220f3 HTTP/1.1" 200 2554 1053489 "-" "python-urllib3/1.26.5"
- - - [06/Apr/2023:20:22:29 -0400] "PUT /v1/nodes/f895ee90-8d67-4a1d-a861-7dce1eb220f3/states/provision HTTP/1.1" 202 - 720943 "-" "python-urllib3/1.26.5"
- - - [06/Apr/2023:20:22:30 -0400] "GET /v1/nodes/f895ee90-8d67-4a1d-a861-7dce1eb220f3 HTTP/1.1" 200 2615 436648 "-" "python-urllib3/1.26.5"
- - - [06/Apr/2023:20:22:31 -0400] "GET /v1/nodes/f895ee90-8d67-4a1d-a861-7dce1eb220f3 HTTP/1.1" 200 2660 477251 "-" "python-urllib3/1.26.5"
- - - [06/Apr/2023:20:22:33 -0400] "GET /v1/nodes/f895ee90-8d67-4a1d-a861-7dce1eb220f3 HTTP/1.1" 200 2660 690217 "-" "python-urllib3/1.26.5"
- - - [06/Apr/2023:20:22:34 -0400] "GET /v1/nodes/f895ee90-8d67-4a1d-a861-7dce1eb220f3 HTTP/1.1" 200 2660 472957 "-" "python-urllib3/1.26.5"
- - - [06/Apr/2023:20:22:36 -0400] "GET /v1/nodes/f895ee90-8d67-4a1d-a861-7dce1eb220f3 HTTP/1.1" 200 2660 444085 "-" "python-urllib3/1.26.5"
- - - [06/Apr/2023:20:22:37 -0400] "GET /v1/nodes/f895ee90-8d67-4a1d-a861-7dce1eb220f3 HTTP/1.1" 200 2660 504807 "-" "python-urllib3/1.26.5"
- - - [06/Apr/2023:20:22:38 -0400] "GET /v1/ports?fields=address%2Cextra HTTP/1.1" 200 268 474720 "-" "ironic-inspector keystoneauth1/5.1.0 python-requests/2.28.1 CPython/3.9.14"
- - - [06/Apr/2023:20:22:38 -0400] "GET /v1/ports?fields=address%2Cextra HTTP/1.1" 200 268 490725 "-" "ironic-inspector keystoneauth1/5.1.0 python-requests/2.28.1 CPython/3.9.14"
- - - [06/Apr/2023:20:22:39 -0400] "GET /v1/nodes/f895ee90-8d67-4a1d-a861-7dce1eb220f3 HTTP/1.1" 200 2660 518691 "-" "python-urllib3/1.26.5"
- - - [06/Apr/2023:20:22:40 -0400] "GET /v1/nodes/f895ee90-8d67-4a1d-a861-7dce1eb220f3 HTTP/1.1" 200 2660 445658 "-" "python-urllib3/1.26.5"
- - - [06/Apr/2023:20:22:42 -0400] "GET /v1/nodes/f895ee90-8d67-4a1d-a861-7dce1eb220f3 HTTP/1.1" 200 2715 481734 "-" "python-urllib3/1.26.5"
- - - [06/Apr/2023:20:22:43 -0400] "GET /v1/nodes/f895ee90-8d67-4a1d-a861-7dce1eb220f3 HTTP/1.1" 200 2715 570362 "-" "python-urllib3/1.26.5"
- - - [06/Apr/2023:20:22:45 -0400] "GET /v1/nodes/f895ee90-8d67-4a1d-a861-7dce1eb220f3 HTTP/1.1" 200 2715 514970 "-" "python-urllib3/1.26.5"
- - - [06/Apr/2023:20:22:46 -0400] "GET /v1/nodes/f895ee90-8d67-4a1d-a861-7dce1eb220f3 HTTP/1.1" 200 2715 508857 "-" "python-urllib3/1.26.5"
- - - [06/Apr/2023:20:22:48 -0400] "GET /v1/nodes/f895ee90-8d67-4a1d-a861-7dce1eb220f3 HTTP/1.1" 200 2715 440314 "-" "python-urllib3/1.26.5"
- - - [06/Apr/2023:20:22:49 -0400] "GET /v1/nodes/f895ee90-8d67-4a1d-a861-7dce1eb220f3 HTTP/1.1" 200 2715 500229 "-" "python-urllib3/1.26.5"
- - - [06/Apr/2023:20:22:51 -0400] "GET /v1/nodes/f895ee90-8d67-4a1d-a861-7dce1eb220f3 HTTP/1.1" 200 2715 608963 "-" "python-urllib3/1.26.5"
- - - [06/Apr/2023:20:22:52 -0400] "GET /v1/nodes/f895ee90-8d67-4a1d-a861-7dce1eb220f3 HTTP/1.1" 200 2715 640505 "-" "python-urllib3/1.26.5"
- - - [06/Apr/2023:20:22:53 -0400] "GET /v1/ports?fields=address%2Cextra HTTP/1.1" 200 268 542979 "-" "ironic-inspector keystoneauth1/5.1.0 python-requests/2.28.1 CPython/3.9.14"
- - - [06/Apr/2023:20:22:53 -0400] "GET /v1/ports?fields=address%2Cextra HTTP/1.1" 200 268 540044 "-" "ironic-inspector keystoneauth1/5.1.0 python-requests/2.28.1 CPython/3.9.14"
- - - [06/Apr/2023:20:22:54 -0400] "GET /v1/nodes/f895ee90-8d67-4a1d-a861-7dce1eb220f3 HTTP/1.1" 200 2715 457548 "-" "python-urllib3/1.26.5"
- - - [06/Apr/2023:20:22:55 -0400] "GET /v1/nodes/f895ee90-8d67-4a1d-a861-7dce1eb220f3 HTTP/1.1" 200 3258 801518 "-" "python-urllib3/1.26.5"
- - - [06/Apr/2023:20:22:57 -0400] "GET /v1/nodes/f895ee90-8d67-4a1d-a861-7dce1eb220f3 HTTP/1.1" 200 3258 432531 "-" "python-urllib3/1.26.5"
- - - [06/Apr/2023:20:22:59 -0400] "GET /v1/nodes/f895ee90-8d67-4a1d-a861-7dce1eb220f3 HTTP/1.1" 200 3258 453663 "-" "python-urllib3/1.26.5"
- - - [06/Apr/2023:20:23:00 -0400] "GET /v1/nodes/f895ee90-8d67-4a1d-a861-7dce1eb220f3 HTTP/1.1" 200 3258 407015 "-" "python-urllib3/1.26.5"
- - - [06/Apr/2023:20:23:02 -0400] "GET /v1/nodes/f895ee90-8d67-4a1d-a861-7dce1eb220f3 HTTP/1.1" 200 3258 442839 "-" "python-urllib3/1.26.5"
- - - [06/Apr/2023:20:23:03 -0400] "GET /v1/nodes/f895ee90-8d67-4a1d-a861-7dce1eb220f3 HTTP/1.1" 200 3258 498701 "-" "python-urllib3/1.26.5"
- - - [06/Apr/2023:20:23:05 -0400] "GET /v1/nodes/f895ee90-8d67-4a1d-a861-7dce1eb220f3 HTTP/1.1" 200 3258 463779 "-" "python-urllib3/1.26.5"
- - - [06/Apr/2023:20:23:06 -0400] "GET /v1/nodes/f895ee90-8d67-4a1d-a861-7dce1eb220f3 HTTP/1.1" 200 3258 574521 "-" "python-urllib3/1.26.5"
- - - [06/Apr/2023:20:23:08 -0400] "GET /v1/nodes/f895ee90-8d67-4a1d-a861-7dce1eb220f3 HTTP/1.1" 200 3258 523543 "-" "python-urllib3/1.26.5"
- - - [06/Apr/2023:20:23:08 -0400] "GET /v1/ports?fields=address%2Cextra HTTP/1.1" 200 268 491684 "-" "ironic-inspector keystoneauth1/5.1.0 python-requests/2.28.1 CPython/3.9.14"
- - - [06/Apr/2023:20:23:08 -0400] "GET /v1/ports?fields=address%2Cextra HTTP/1.1" 200 268 423515 "-" "ironic-inspector keystoneauth1/5.1.0 python-requests/2.28.1 CPython/3.9.14"
- - - [06/Apr/2023:20:23:09 -0400] "GET /v1/nodes/f895ee90-8d67-4a1d-a861-7dce1eb220f3 HTTP/1.1" 200 3241 425115 "-" "python-urllib3/1.26.5"
- - - [06/Apr/2023:20:23:10 -0400] "GET /v1/nodes/f895ee90-8d67-4a1d-a861-7dce1eb220f3 HTTP/1.1" 200 3241 506066 "-" "python-urllib3/1.26.5"
- - - [06/Apr/2023:20:23:11 -0400] "GET /v1/nodes?fields=uuid HTTP/1.1" 200 271 480157 "-" "ironic-inspector keystoneauth1/5.1.0 python-requests/2.28.1 CPython/3.9.14"
- - - [06/Apr/2023:20:23:23 -0400] "GET /v1/ports?fields=address%2Cextra HTTP/1.1" 200 268 524098 "-" "ironic-inspector keystoneauth1/5.1.0 python-requests/2.28.1 CPython/3.9.14"
- - - [06/Apr/2023:20:23:23 -0400] "GET /v1/ports?fields=address%2Cextra HTTP/1.1" 200 268 560926 "-" "ironic-inspector keystoneauth1/5.1.0 python-requests/2.28.1 CPython/3.9.14"
- - - [06/Apr/2023:20:23:38 -0400] "GET /v1/ports?fields=address%2Cextra HTTP/1.1" 200 268 522343 "-" "ironic-inspector keystoneauth1/5.1.0 python-requests/2.28.1 CPython/3.9.14"
- - - [06/Apr/2023:20:23:38 -0400] "GET /v1/ports?fields=address%2Cextra HTTP/1.1" 200 268 485189 "-" "ironic-inspector keystoneauth1/5.1.0 python-requests/2.28.1 CPython/3.9.14"
- - - [06/Apr/2023:20:23:40 -0400] "GET /v1/nodes/f895ee90-8d67-4a1d-a861-7dce1eb220f3 HTTP/1.1" 200 3241 411280 "-" "python-urllib3/1.26.5"
- - - [06/Apr/2023:20:23:53 -0400] "GET /v1/ports?fields=address%2Cextra HTTP/1.1" 200 268 462977 "-" "ironic-inspector keystoneauth1/5.1.0 python-requests/2.28.1 CPython/3.9.14"
- - - [06/Apr/2023:20:23:53 -0400] "GET /v1/ports?fields=address%2Cextra HTTP/1.1" 200 268 389759 "-" "ironic-inspector keystoneauth1/5.1.0 python-requests/2.28.1 CPython/3.9.14"
- - - [06/Apr/2023:20:24:08 -0400] "GET /v1/ports?fields=address%2Cextra HTTP/1.1" 200 268 705071 "-" "ironic-inspector keystoneauth1/5.1.0 python-requests/2.28.1 CPython/3.9.14"
- - - [06/Apr/2023:20:24:09 -0400] "GET /v1/ports?fields=address%2Cextra HTTP/1.1" 200 268 492432 "-" "ironic-inspector keystoneauth1/5.1.0 python-requests/2.28.1 CPython/3.9.14"
- - - [06/Apr/2023:20:24:11 -0400] "GET /v1/nodes/f895ee90-8d67-4a1d-a861-7dce1eb220f3 HTTP/1.1" 200 3241 452012 "-" "python-urllib3/1.26.5"
- - - [06/Apr/2023:20:24:11 -0400] "GET /v1/nodes?fields=uuid HTTP/1.1" 200 271 398435 "-" "ironic-inspector keystoneauth1/5.1.0 python-requests/2.28.1 CPython/3.9.14"
- - - [06/Apr/2023:20:24:23 -0400] "GET /v1/ports?fields=address%2Cextra HTTP/1.1" 200 268 519022 "-" "ironic-inspector keystoneauth1/5.1.0 python-requests/2.28.1 CPython/3.9.14"
- - - [06/Apr/2023:20:24:23 -0400] "GET /v1/ports?fields=address%2Cextra HTTP/1.1" 200 268 507714 "-" "ironic-inspector keystoneauth1/5.1.0 python-requests/2.28.1 CPython/3.9.14"
- - - [06/Apr/2023:20:24:38 -0400] "GET /v1/ports?fields=address%2Cextra HTTP/1.1" 200 268 514106 "-" "ironic-inspector keystoneauth1/5.1.0 python-requests/2.28.1 CPython/3.9.14"
- - - [06/Apr/2023:20:24:38 -0400] "GET /v1/ports?fields=address%2Cextra HTTP/1.1" 200 268 459026 "-" "ironic-inspector keystoneauth1/5.1.0 python-requests/2.28.1 CPython/3.9.14"
- - - [06/Apr/2023:20:24:41 -0400] "GET /v1/nodes/f895ee90-8d67-4a1d-a861-7dce1eb220f3 HTTP/1.1" 200 3241 612611 "-" "python-urllib3/1.26.5"
- - - [06/Apr/2023:20:24:53 -0400] "GET /v1/ports?fields=address%2Cextra HTTP/1.1" 200 268 389912 "-" "ironic-inspector keystoneauth1/5.1.0 python-requests/2.28.1 CPython/3.9.14"
- - - [06/Apr/2023:20:24:53 -0400] "GET /v1/ports?fields=address%2Cextra HTTP/1.1" 200 268 440920 "-" "ironic-inspector keystoneauth1/5.1.0 python-requests/2.28.1 CPython/3.9.14"
- - - [06/Apr/2023:20:25:08 -0400] "GET /v1/ports?fields=address%2Cextra HTTP/1.1" 200 268 459254 "-" "ironic-inspector keystoneauth1/5.1.0 python-requests/2.28.1 CPython/3.9.14"
- - - [06/Apr/2023:20:25:08 -0400] "GET /v1/ports?fields=address%2Cextra HTTP/1.1" 200 268 477270 "-" "ironic-inspector keystoneauth1/5.1.0 python-requests/2.28.1 CPython/3.9.14"
- - - [06/Apr/2023:20:25:11 -0400] "GET /v1/nodes?fields=uuid HTTP/1.1" 200 271 497139 "-" "ironic-inspector keystoneauth1/5.1.0 python-requests/2.28.1 CPython/3.9.14"
- - - [06/Apr/2023:20:25:12 -0400] "GET /v1/nodes/f895ee90-8d67-4a1d-a861-7dce1eb220f3 HTTP/1.1" 200 3241 397133 "-" "python-urllib3/1.26.5"
- - - [06/Apr/2023:20:25:23 -0400] "GET /v1/ports?fields=address%2Cextra HTTP/1.1" 200 268 564031 "-" "ironic-inspector keystoneauth1/5.1.0 python-requests/2.28.1 CPython/3.9.14"
- - - [06/Apr/2023:20:25:23 -0400] "GET /v1/ports?fields=address%2Cextra HTTP/1.1" 200 268 496795 "-" "ironic-inspector keystoneauth1/5.1.0 python-requests/2.28.1 CPython/3.9.14"
- - - [06/Apr/2023:20:25:38 -0400] "GET /v1/ports?fields=address%2Cextra HTTP/1.1" 200 268 505999 "-" "ironic-inspector keystoneauth1/5.1.0 python-requests/2.28.1 CPython/3.9.14"
- - - [06/Apr/2023:20:25:38 -0400] "GET /v1/ports?fields=address%2Cextra HTTP/1.1" 200 268 539083 "-" "ironic-inspector keystoneauth1/5.1.0 python-requests/2.28.1 CPython/3.9.14"
- - - [06/Apr/2023:20:25:42 -0400] "GET /v1/nodes/f895ee90-8d67-4a1d-a861-7dce1eb220f3 HTTP/1.1" 200 3241 503399 "-" "python-urllib3/1.26.5"
- - - [06/Apr/2023:20:25:52 -0400] "GET / HTTP/1.1" 200 468 11566 "-" "python-requests/2.28.1"
- - - [06/Apr/2023:20:25:52 -0400] "GET /v1/lookup?addresses=70%3A10%3A6f%3Ab4%3Acd%3Ab6%2C70%3A10%3A6f%3Ab4%3Acd%3Ab7 HTTP/1.1" 200 1047 318546 "-" "python-requests/2.28.1"
- - - [06/Apr/2023:20:25:52 -0400] "POST /v1/heartbeat/f895ee90-8d67-4a1d-a861-7dce1eb220f3 HTTP/1.1" 202 - 100108 "-" "python-requests/2.28.1"
- - - [06/Apr/2023:20:25:53 -0400] "GET /v1/lookup?addresses=70%3A10%3A6f%3Ab4%3Acd%3Ab6%2C70%3A10%3A6f%3Ab4%3Acd%3Ab7&node_uuid=f895ee90-8d67-4a1d-a861-7dce1eb220f3 HTTP/1.1" 200 1010 135857 "-" "python-requests/2.28.1"
- - - [06/Apr/2023:20:25:53 -0400] "GET /v1/ports?fields=address%2Cextra HTTP/1.1" 200 268 340114 "-" "ironic-inspector keystoneauth1/5.1.0 python-requests/2.28.1 CPython/3.9.14"
- - - [06/Apr/2023:20:25:53 -0400] "GET /v1/ports?fields=address%2Cextra HTTP/1.1" 200 268 457030 "-" "ironic-inspector keystoneauth1/5.1.0 python-requests/2.28.1 CPython/3.9.14"
- - - [06/Apr/2023:20:26:08 -0400] "GET /v1/ports?fields=address%2Cextra HTTP/1.1" 200 268 459298 "-" "ironic-inspector keystoneauth1/5.1.0 python-requests/2.28.1 CPython/3.9.14"
- - - [06/Apr/2023:20:26:08 -0400] "GET /v1/ports?fields=address%2Cextra HTTP/1.1" 200 268 468400 "-" "ironic-inspector keystoneauth1/5.1.0 python-requests/2.28.1 CPython/3.9.14"
- - - [06/Apr/2023:20:26:11 -0400] "GET /v1/nodes?fields=uuid HTTP/1.1" 200 271 452191 "-" "ironic-inspector keystoneauth1/5.1.0 python-requests/2.28.1 CPython/3.9.14"
- - - [06/Apr/2023:20:26:13 -0400] "GET /v1/nodes/f895ee90-8d67-4a1d-a861-7dce1eb220f3 HTTP/1.1" 200 4766 428592 "-" "python-urllib3/1.26.5"
- - - [06/Apr/2023:20:26:23 -0400] "GET /v1/ports?fields=address%2Cextra HTTP/1.1" 200 268 450227 "-" "ironic-inspector keystoneauth1/5.1.0 python-requests/2.28.1 CPython/3.9.14"
- - - [06/Apr/2023:20:26:23 -0400] "GET /v1/ports?fields=address%2Cextra HTTP/1.1" 200 268 448548 "-" "ironic-inspector keystoneauth1/5.1.0 python-requests/2.28.1 CPython/3.9.14"
- - - [06/Apr/2023:20:26:27 -0400] "POST /v1/heartbeat/f895ee90-8d67-4a1d-a861-7dce1eb220f3 HTTP/1.1" 202 - 122784 "-" "python-requests/2.28.1"
- - - [06/Apr/2023:20:26:37 -0400] "POST /v1/heartbeat/f895ee90-8d67-4a1d-a861-7dce1eb220f3 HTTP/1.1" 202 - 176279 "-" "python-requests/2.28.1"
- - - [06/Apr/2023:20:26:38 -0400] "GET /v1/ports?fields=address%2Cextra HTTP/1.1" 200 268 517231 "-" "ironic-inspector keystoneauth1/5.1.0 python-requests/2.28.1 CPython/3.9.14"
- - - [06/Apr/2023:20:26:38 -0400] "GET /v1/ports?fields=address%2Cextra HTTP/1.1" 200 268 529854 "-" "ironic-inspector keystoneauth1/5.1.0 python-requests/2.28.1 CPython/3.9.14"
- - - [06/Apr/2023:20:26:43 -0400] "GET /v1/nodes/f895ee90-8d67-4a1d-a861-7dce1eb220f3 HTTP/1.1" 200 4814 470538 "-" "python-urllib3/1.26.5"
- - - [06/Apr/2023:20:26:53 -0400] "GET /v1/ports?fields=address%2Cextra HTTP/1.1" 200 268 751946 "-" "ironic-inspector keystoneauth1/5.1.0 python-requests/2.28.1 CPython/3.9.14"
- - - [06/Apr/2023:20:26:54 -0400] "GET /v1/ports?fields=address%2Cextra HTTP/1.1" 200 268 411045 "-" "ironic-inspector keystoneauth1/5.1.0 python-requests/2.28.1 CPython/3.9.14"
- - - [06/Apr/2023:20:27:08 -0400] "GET /v1/ports?fields=address%2Cextra HTTP/1.1" 200 268 522847 "-" "ironic-inspector keystoneauth1/5.1.0 python-requests/2.28.1 CPython/3.9.14"
- - - [06/Apr/2023:20:27:08 -0400] "GET /v1/ports?fields=address%2Cextra HTTP/1.1" 200 268 449546 "-" "ironic-inspector keystoneauth1/5.1.0 python-requests/2.28.1 CPython/3.9.14"
- - - [06/Apr/2023:20:27:11 -0400] "GET /v1/nodes?fields=uuid HTTP/1.1" 200 271 390908 "-" "ironic-inspector keystoneauth1/5.1.0 python-requests/2.28.1 CPython/3.9.14"
- - - [06/Apr/2023:20:27:14 -0400] "GET /v1/nodes/f895ee90-8d67-4a1d-a861-7dce1eb220f3 HTTP/1.1" 200 2949 444833 "-" "python-urllib3/1.26.5"
- - - [06/Apr/2023:20:27:23 -0400] "GET /v1/ports?fields=address%2Cextra HTTP/1.1" 200 268 431318 "-" "ironic-inspector keystoneauth1/5.1.0 python-requests/2.28.1 CPython/3.9.14"
- - - [06/Apr/2023:20:27:23 -0400] "GET /v1/ports?fields=address%2Cextra HTTP/1.1" 200 268 435156 "-" "ironic-inspector keystoneauth1/5.1.0 python-requests/2.28.1 CPython/3.9.14"
- - - [06/Apr/2023:20:27:38 -0400] "GET /v1/ports?fields=address%2Cextra HTTP/1.1" 200 268 408820 "-" "ironic-inspector keystoneauth1/5.1.0 python-requests/2.28.1 CPython/3.9.14"
- - - [06/Apr/2023:20:27:38 -0400] "GET /v1/ports?fields=address%2Cextra HTTP/1.1" 200 268 435045 "-" "ironic-inspector keystoneauth1/5.1.0 python-requests/2.28.1 CPython/3.9.14"
- - - [06/Apr/2023:20:27:53 -0400] "GET /v1/ports?fields=address%2Cextra HTTP/1.1" 200 268 456742 "-" "ironic-inspector keystoneauth1/5.1.0 python-requests/2.28.1 CPython/3.9.14"
- - - [06/Apr/2023:20:27:53 -0400] "GET /v1/ports?fields=address%2Cextra HTTP/1.1" 200 268 487848 "-" "ironic-inspector keystoneauth1/5.1.0 python-requests/2.28.1 CPython/3.9.14"
- - - [06/Apr/2023:20:28:08 -0400] "GET /v1/ports?fields=address%2Cextra HTTP/1.1" 200 268 580077 "-" "ironic-inspector keystoneauth1/5.1.0 python-requests/2.28.1 CPython/3.9.14"
- - - [06/Apr/2023:20:28:09 -0400] "GET /v1/ports?fields=address%2Cextra HTTP/1.1" 200 268 502303 "-" "ironic-inspector keystoneauth1/5.1.0 python-requests/2.28.1 CPython/3.9.14"
- - - [06/Apr/2023:20:28:11 -0400] "GET /v1/nodes?fields=uuid HTTP/1.1" 200 271 461814 "-" "ironic-inspector keystoneauth1/5.1.0 python-requests/2.28.1 CPython/3.9.14"
- - - [06/Apr/2023:20:28:23 -0400] "GET /v1/ports?fields=address%2Cextra HTTP/1.1" 200 268 403851 "-" "ironic-inspector keystoneauth1/5.1.0 python-requests/2.28.1 CPython/3.9.14"
- - - [06/Apr/2023:20:28:23 -0400] "GET /v1/ports?fields=address%2Cextra HTTP/1.1" 200 268 409181 "-" "ironic-inspector keystoneauth1/5.1.0 python-requests/2.28.1 CPython/3.9.14"
- - - [06/Apr/2023:20:28:38 -0400] "GET /v1/ports?fields=address%2Cextra HTTP/1.1" 200 268 611880 "-" "ironic-inspector keystoneauth1/5.1.0 python-requests/2.28.1 CPython/3.9.14"
- - - [06/Apr/2023:20:28:39 -0400] "GET /v1/ports?fields=address%2Cextra HTTP/1.1" 200 268 704863 "-" "ironic-inspector keystoneauth1/5.1.0 python-requests/2.28.1 CPython/3.9.14"
- - - [06/Apr/2023:20:28:53 -0400] "GET /v1/ports?fields=address%2Cextra HTTP/1.1" 200 268 621642 "-" "ironic-inspector keystoneauth1/5.1.0 python-requests/2.28.1 CPython/3.9.14"
- - - [06/Apr/2023:20:28:54 -0400] "GET /v1/ports?fields=address%2Cextra HTTP/1.1" 200 268 507329 "-" "ironic-inspector keystoneauth1/5.1.0 python-requests/2.28.1 CPython/3.9.14"
- - - [06/Apr/2023:20:29:08 -0400] "GET /v1/ports?fields=address%2Cextra HTTP/1.1" 200 268 664402 "-" "ironic-inspector keystoneauth1/5.1.0 python-requests/2.28.1 CPython/3.9.14"
- - - [06/Apr/2023:20:29:09 -0400] "GET /v1/ports?fields=address%2Cextra HTTP/1.1" 200 268 488821 "-" "ironic-inspector keystoneauth1/5.1.0 python-requests/2.28.1 CPython/3.9.14"
- - - [06/Apr/2023:20:29:11 -0400] "GET /v1/nodes?fields=uuid HTTP/1.1" 200 271 419009 "-" "ironic-inspector keystoneauth1/5.1.0 python-requests/2.28.1 CPython/3.9.14"
- - - [06/Apr/2023:20:29:23 -0400] "GET /v1/ports?fields=address%2Cextra HTTP/1.1" 200 268 538698 "-" "ironic-inspector keystoneauth1/5.1.0 python-requests/2.28.1 CPython/3.9.14"
- - - [06/Apr/2023:20:29:24 -0400] "GET /v1/ports?fields=address%2Cextra HTTP/1.1" 200 268 499664 "-" "ironic-inspector keystoneauth1/5.1.0 python-requests/2.28.1 CPython/3.9.14"
- - - [06/Apr/2023:20:29:38 -0400] "GET /v1/ports?fields=address%2Cextra HTTP/1.1" 200 268 455343 "-" "ironic-inspector keystoneauth1/5.1.0 python-requests/2.28.1 CPython/3.9.14"
- - - [06/Apr/2023:20:29:38 -0400] "GET /v1/ports?fields=address%2Cextra HTTP/1.1" 200 268 479345 "-" "ironic-inspector keystoneauth1/5.1.0 python-requests/2.28.1 CPython/3.9.14"
- - - [06/Apr/2023:20:29:50 -0400] "GET /v1/nodes/f895ee90-8d67-4a1d-a861-7dce1eb220f3/vifs HTTP/1.1" 200 12 564276 "-" "python-urllib3/1.26.5"
- - - [06/Apr/2023:20:29:53 -0400] "GET /v1/ports?fields=address%2Cextra HTTP/1.1" 200 268 429587 "-" "ironic-inspector keystoneauth1/5.1.0 python-requests/2.28.1 CPython/3.9.14"
- - - [06/Apr/2023:20:29:53 -0400] "GET /v1/ports?fields=address%2Cextra HTTP/1.1" 200 268 581165 "-" "ironic-inspector keystoneauth1/5.1.0 python-requests/2.28.1 CPython/3.9.14"
- - - [06/Apr/2023:20:29:54 -0400] "GET /v1/nodes HTTP/1.1" 200 420 443024 "-" "python-ironicclient"
- - - [06/Apr/2023:20:30:08 -0400] "GET /v1/ports?fields=address%2Cextra HTTP/1.1" 200 268 677482 "-" "ironic-inspector keystoneauth1/5.1.0 python-requests/2.28.1 CPython/3.9.14"
- - - [06/Apr/2023:20:30:09 -0400] "GET /v1/ports?fields=address%2Cextra HTTP/1.1" 200 268 482495 "-" "ironic-inspector keystoneauth1/5.1.0 python-requests/2.28.1 CPython/3.9.14"
- - - [06/Apr/2023:20:30:11 -0400] "GET /v1/nodes?fields=uuid HTTP/1.1" 200 271 566997 "-" "ironic-inspector keystoneauth1/5.1.0 python-requests/2.28.1 CPython/3.9.14"
- - - [06/Apr/2023:20:30:23 -0400] "GET /v1/ports?fields=address%2Cextra HTTP/1.1" 200 268 500073 "-" "ironic-inspector keystoneauth1/5.1.0 python-requests/2.28.1 CPython/3.9.14"
- - - [06/Apr/2023:20:30:23 -0400] "GET /v1/ports?fields=address%2Cextra HTTP/1.1" 200 268 456682 "-" "ironic-inspector keystoneauth1/5.1.0 python-requests/2.28.1 CPython/3.9.14"
