2023-03-06 23:23:06,081 p=5755 u=root n=ansible | [WARNING]: Invalid characters were found in group names but not replaced, use
-vvvv to see details

2023-03-06 23:23:08,050 p=5755 u=root n=ansible | PLAY [Gather facts for all hosts] **********************************************
2023-03-06 23:23:08,345 p=5755 u=root n=ansible | TASK [Gather facts] ************************************************************
2023-03-06 23:23:19,309 p=5755 u=root n=ansible | ok: [localhost]
2023-03-06 23:23:19,403 p=5755 u=root n=ansible | TASK [Group hosts to determine when using --limit] *****************************
2023-03-06 23:23:19,485 p=5755 u=root n=ansible | ok: [localhost]
2023-03-06 23:23:19,709 p=5755 u=root n=ansible | [WARNING]: Could not match supplied host pattern, ignoring:
all_using_limit_True

2023-03-06 23:23:19,725 p=5755 u=root n=ansible | PLAY [Gather facts for all hosts (if using --limit)] ***************************
2023-03-06 23:23:19,725 p=5755 u=root n=ansible | skipping: no hosts matched
2023-03-06 23:23:19,739 p=5755 u=root n=ansible | PLAY [Apply role baremetal] ****************************************************
2023-03-06 23:23:20,013 p=5755 u=root n=ansible | TASK [openstack.kolla.baremetal : Ensure localhost in /etc/hosts] **************
2023-03-06 23:23:20,904 p=5755 u=root n=ansible | changed: [localhost]
2023-03-06 23:23:21,026 p=5755 u=root n=ansible | TASK [openstack.kolla.baremetal : Ensure hostname does not point to 127.0.1.1 in /etc/hosts] ***
2023-03-06 23:23:21,530 p=5755 u=root n=ansible | ok: [localhost]
2023-03-06 23:23:21,659 p=5755 u=root n=ansible | TASK [openstack.kolla.baremetal : Generate /etc/hosts for all of the nodes] ****
2023-03-06 23:23:23,039 p=5755 u=root n=ansible | changed: [localhost]
2023-03-06 23:23:23,122 p=5755 u=root n=ansible | TASK [openstack.kolla.baremetal : Ensure unprivileged users can use ping] ******
2023-03-06 23:23:23,979 p=5755 u=root n=ansible | changed: [localhost]
2023-03-06 23:23:24,068 p=5755 u=root n=ansible | TASK [openstack.kolla.baremetal : Ensure /etc/cloud/cloud.cfg exists] **********
2023-03-06 23:23:25,049 p=5755 u=root n=ansible | ok: [localhost]
2023-03-06 23:23:25,151 p=5755 u=root n=ansible | TASK [openstack.kolla.baremetal : Disable cloud-init manage_etc_hosts] *********
2023-03-06 23:23:26,521 p=5755 u=root n=ansible | changed: [localhost]
2023-03-06 23:23:26,616 p=5755 u=root n=ansible | TASK [openstack.kolla.baremetal : Set firewall default policy] *****************
2023-03-06 23:23:26,660 p=5755 u=root n=ansible | skipping: [localhost]
2023-03-06 23:23:26,755 p=5755 u=root n=ansible | TASK [openstack.kolla.baremetal : Check if firewalld is installed] *************
2023-03-06 23:23:27,678 p=5755 u=root n=ansible | ok: [localhost]
2023-03-06 23:23:27,804 p=5755 u=root n=ansible | TASK [openstack.kolla.baremetal : Disable firewalld] ***************************
2023-03-06 23:23:27,885 p=5755 u=root n=ansible | skipping: [localhost] => (item=firewalld) 
2023-03-06 23:23:27,975 p=5755 u=root n=ansible | TASK [openstack.kolla.docker : Fail if docker_custom_option is defined] ********
2023-03-06 23:23:28,042 p=5755 u=root n=ansible | skipping: [localhost]
2023-03-06 23:23:28,128 p=5755 u=root n=ansible | TASK [openstack.kolla.docker : include_tasks] **********************************
2023-03-06 23:23:28,166 p=5755 u=root n=ansible | skipping: [localhost]
2023-03-06 23:23:28,256 p=5755 u=root n=ansible | TASK [openstack.kolla.docker : Ensure docker config directory exists] **********
2023-03-06 23:23:29,119 p=5755 u=root n=ansible | ok: [localhost]
2023-03-06 23:23:29,204 p=5755 u=root n=ansible | TASK [openstack.kolla.docker : Write docker config] ****************************
2023-03-06 23:23:30,414 p=5755 u=root n=ansible | changed: [localhost]
2023-03-06 23:23:30,504 p=5755 u=root n=ansible | TASK [openstack.kolla.docker : Remove old docker options file] *****************
2023-03-06 23:23:31,070 p=5755 u=root n=ansible | ok: [localhost]
2023-03-06 23:23:31,166 p=5755 u=root n=ansible | TASK [openstack.kolla.docker : Ensure docker service directory exists] *********
2023-03-06 23:23:31,229 p=5755 u=root n=ansible | skipping: [localhost]
2023-03-06 23:23:31,364 p=5755 u=root n=ansible | TASK [openstack.kolla.docker : Configure docker service] ***********************
2023-03-06 23:23:31,440 p=5755 u=root n=ansible | skipping: [localhost]
2023-03-06 23:23:31,582 p=5755 u=root n=ansible | TASK [openstack.kolla.docker : Ensure the path for CA file for private registry exists] ***
2023-03-06 23:23:31,658 p=5755 u=root n=ansible | skipping: [localhost]
2023-03-06 23:23:31,805 p=5755 u=root n=ansible | TASK [openstack.kolla.docker : Ensure the CA file for private registry exists] ***
2023-03-06 23:23:31,883 p=5755 u=root n=ansible | skipping: [localhost]
2023-03-06 23:23:32,026 p=5755 u=root n=ansible | TASK [openstack.kolla.docker : Flush handlers] *********************************
2023-03-06 23:23:32,028 p=5755 u=root n=ansible | RUNNING HANDLER [openstack.kolla.docker : Restart docker] **********************
2023-03-06 23:23:36,617 p=5755 u=root n=ansible | changed: [localhost]
2023-03-06 23:23:36,716 p=5755 u=root n=ansible | TASK [openstack.kolla.docker : Start and enable docker] ************************
2023-03-06 23:23:37,612 p=5755 u=root n=ansible | ok: [localhost]
2023-03-06 23:23:37,702 p=5755 u=root n=ansible | TASK [openstack.kolla.docker : include_tasks] **********************************
2023-03-06 23:23:37,768 p=5755 u=root n=ansible | skipping: [localhost]
2023-03-06 23:23:37,946 p=5755 u=root n=ansible | TASK [openstack.kolla.kolla_user : Ensure groups are present] ******************
2023-03-06 23:23:38,005 p=5755 u=root n=ansible | skipping: [localhost] => (item=docker) 
2023-03-06 23:23:38,008 p=5755 u=root n=ansible | skipping: [localhost] => (item=sudo) 
2023-03-06 23:23:38,020 p=5755 u=root n=ansible | skipping: [localhost] => (item=kolla) 
2023-03-06 23:23:38,110 p=5755 u=root n=ansible | TASK [openstack.kolla.kolla_user : Create kolla user] **************************
2023-03-06 23:23:38,153 p=5755 u=root n=ansible | skipping: [localhost]
2023-03-06 23:23:38,250 p=5755 u=root n=ansible | TASK [openstack.kolla.kolla_user : Add public key to kolla user authorized keys] ***
2023-03-06 23:23:38,291 p=5755 u=root n=ansible | skipping: [localhost]
2023-03-06 23:23:38,383 p=5755 u=root n=ansible | TASK [openstack.kolla.kolla_user : Grant kolla user passwordless sudo] *********
2023-03-06 23:23:38,430 p=5755 u=root n=ansible | skipping: [localhost]
2023-03-06 23:23:38,603 p=5755 u=root n=ansible | TASK [openstack.kolla.docker_sdk : Install latest pip in the virtualenv] *******
2023-03-06 23:23:38,669 p=5755 u=root n=ansible | skipping: [localhost]
2023-03-06 23:23:38,755 p=5755 u=root n=ansible | TASK [openstack.kolla.docker_sdk : Install docker SDK for python] **************
2023-03-06 23:24:07,468 p=5755 u=root n=ansible | ok: [localhost]
2023-03-06 23:24:07,677 p=5755 u=root n=ansible | TASK [openstack.kolla.baremetal : Ensure node_config_directory directory exists] ***
2023-03-06 23:24:08,317 p=5755 u=root n=ansible | ok: [localhost]
2023-03-06 23:24:08,416 p=5755 u=root n=ansible | TASK [openstack.kolla.apparmor_libvirt : include_tasks] ************************
2023-03-06 23:24:08,464 p=5755 u=root n=ansible | skipping: [localhost]
2023-03-06 23:24:08,646 p=5755 u=root n=ansible | TASK [openstack.kolla.baremetal : Change state of selinux] *********************
2023-03-06 23:24:10,248 p=5755 u=root n=ansible | ok: [localhost]
2023-03-06 23:24:10,334 p=5755 u=root n=ansible | TASK [openstack.kolla.baremetal : Set https proxy for git] *********************
2023-03-06 23:24:10,391 p=5755 u=root n=ansible | skipping: [localhost]
2023-03-06 23:24:10,531 p=5755 u=root n=ansible | TASK [openstack.kolla.baremetal : Set http proxy for git] **********************
2023-03-06 23:24:10,598 p=5755 u=root n=ansible | skipping: [localhost]
2023-03-06 23:24:10,738 p=5755 u=root n=ansible | TASK [openstack.kolla.baremetal : include_tasks] *******************************
2023-03-06 23:24:10,821 p=5755 u=root n=ansible | skipping: [localhost]
2023-03-06 23:24:11,187 p=5755 u=root n=ansible | PLAY RECAP *********************************************************************
2023-03-06 23:24:11,188 p=5755 u=root n=ansible | localhost                  : ok=17   changed=6    unreachable=0    failed=0    skipped=18   rescued=0    ignored=0   
