2023-04-24 18:33:34,613 p=5752 u=root n=ansible | [WARNING]: Invalid characters were found in group names but not replaced, use
-vvvv to see details

2023-04-24 18:33:41,054 p=5752 u=root n=ansible | PLAY [Gather facts for all hosts] **********************************************
2023-04-24 18:33:41,456 p=5752 u=root n=ansible | TASK [Gather facts] ************************************************************
2023-04-24 18:33:49,113 p=5752 u=root n=ansible | ok: [localhost]
2023-04-24 18:33:49,248 p=5752 u=root n=ansible | TASK [Group hosts to determine when using --limit] *****************************
2023-04-24 18:33:49,351 p=5752 u=root n=ansible | ok: [localhost]
2023-04-24 18:33:49,568 p=5752 u=root n=ansible | [WARNING]: Could not match supplied host pattern, ignoring:
all_using_limit_True

2023-04-24 18:33:49,579 p=5752 u=root n=ansible | PLAY [Gather facts for all hosts (if using --limit)] ***************************
2023-04-24 18:33:49,580 p=5752 u=root n=ansible | skipping: no hosts matched
2023-04-24 18:33:49,592 p=5752 u=root n=ansible | PLAY [Apply role baremetal] ****************************************************
2023-04-24 18:33:49,878 p=5752 u=root n=ansible | TASK [openstack.kolla.baremetal : Ensure localhost in /etc/hosts] **************
2023-04-24 18:33:50,833 p=5752 u=root n=ansible | changed: [localhost]
2023-04-24 18:33:50,928 p=5752 u=root n=ansible | TASK [openstack.kolla.baremetal : Ensure hostname does not point to 127.0.1.1 in /etc/hosts] ***
2023-04-24 18:33:51,444 p=5752 u=root n=ansible | ok: [localhost]
2023-04-24 18:33:51,531 p=5752 u=root n=ansible | TASK [openstack.kolla.baremetal : Generate /etc/hosts for all of the nodes] ****
2023-04-24 18:33:53,348 p=5752 u=root n=ansible | changed: [localhost]
2023-04-24 18:33:53,465 p=5752 u=root n=ansible | TASK [openstack.kolla.baremetal : Ensure unprivileged users can use ping] ******
2023-04-24 18:33:54,694 p=5752 u=root n=ansible | changed: [localhost]
2023-04-24 18:33:54,788 p=5752 u=root n=ansible | TASK [openstack.kolla.baremetal : Ensure /etc/cloud/cloud.cfg exists] **********
2023-04-24 18:33:55,908 p=5752 u=root n=ansible | ok: [localhost]
2023-04-24 18:33:56,179 p=5752 u=root n=ansible | TASK [openstack.kolla.baremetal : Disable cloud-init manage_etc_hosts] *********
2023-04-24 18:33:57,727 p=5752 u=root n=ansible | changed: [localhost]
2023-04-24 18:33:57,839 p=5752 u=root n=ansible | TASK [openstack.kolla.baremetal : Set firewall default policy] *****************
2023-04-24 18:33:57,898 p=5752 u=root n=ansible | skipping: [localhost]
2023-04-24 18:33:58,024 p=5752 u=root n=ansible | TASK [openstack.kolla.baremetal : Check if firewalld is installed] *************
2023-04-24 18:33:58,959 p=5752 u=root n=ansible | ok: [localhost]
2023-04-24 18:33:59,073 p=5752 u=root n=ansible | TASK [openstack.kolla.baremetal : Disable firewalld] ***************************
2023-04-24 18:33:59,153 p=5752 u=root n=ansible | skipping: [localhost] => (item=firewalld) 
2023-04-24 18:33:59,243 p=5752 u=root n=ansible | TASK [openstack.kolla.docker : Fail if docker_custom_option is defined] ********
2023-04-24 18:33:59,312 p=5752 u=root n=ansible | skipping: [localhost]
2023-04-24 18:33:59,396 p=5752 u=root n=ansible | TASK [openstack.kolla.docker : include_tasks] **********************************
2023-04-24 18:33:59,437 p=5752 u=root n=ansible | skipping: [localhost]
2023-04-24 18:33:59,526 p=5752 u=root n=ansible | TASK [openstack.kolla.docker : Ensure docker config directory exists] **********
2023-04-24 18:34:00,542 p=5752 u=root n=ansible | ok: [localhost]
2023-04-24 18:34:00,677 p=5752 u=root n=ansible | TASK [openstack.kolla.docker : Write docker config] ****************************
2023-04-24 18:34:01,979 p=5752 u=root n=ansible | changed: [localhost]
2023-04-24 18:34:02,090 p=5752 u=root n=ansible | TASK [openstack.kolla.docker : Remove old docker options file] *****************
2023-04-24 18:34:02,644 p=5752 u=root n=ansible | ok: [localhost]
2023-04-24 18:34:02,729 p=5752 u=root n=ansible | TASK [openstack.kolla.docker : Ensure docker service directory exists] *********
2023-04-24 18:34:02,782 p=5752 u=root n=ansible | skipping: [localhost]
2023-04-24 18:34:02,896 p=5752 u=root n=ansible | TASK [openstack.kolla.docker : Configure docker service] ***********************
2023-04-24 18:34:02,983 p=5752 u=root n=ansible | skipping: [localhost]
2023-04-24 18:34:03,147 p=5752 u=root n=ansible | TASK [openstack.kolla.docker : Ensure the path for CA file for private registry exists] ***
2023-04-24 18:34:03,217 p=5752 u=root n=ansible | skipping: [localhost]
2023-04-24 18:34:03,315 p=5752 u=root n=ansible | TASK [openstack.kolla.docker : Ensure the CA file for private registry exists] ***
2023-04-24 18:34:03,385 p=5752 u=root n=ansible | skipping: [localhost]
2023-04-24 18:34:03,500 p=5752 u=root n=ansible | TASK [openstack.kolla.docker : Flush handlers] *********************************
2023-04-24 18:34:03,502 p=5752 u=root n=ansible | RUNNING HANDLER [openstack.kolla.docker : Restart docker] **********************
2023-04-24 18:34:07,909 p=5752 u=root n=ansible | changed: [localhost]
2023-04-24 18:34:08,020 p=5752 u=root n=ansible | TASK [openstack.kolla.docker : Start and enable docker] ************************
2023-04-24 18:34:08,971 p=5752 u=root n=ansible | ok: [localhost]
2023-04-24 18:34:09,062 p=5752 u=root n=ansible | TASK [openstack.kolla.docker : include_tasks] **********************************
2023-04-24 18:34:09,110 p=5752 u=root n=ansible | skipping: [localhost]
2023-04-24 18:34:09,292 p=5752 u=root n=ansible | TASK [openstack.kolla.kolla_user : Ensure groups are present] ******************
2023-04-24 18:34:09,344 p=5752 u=root n=ansible | skipping: [localhost] => (item=docker) 
2023-04-24 18:34:09,354 p=5752 u=root n=ansible | skipping: [localhost] => (item=sudo) 
2023-04-24 18:34:09,360 p=5752 u=root n=ansible | skipping: [localhost] => (item=kolla) 
2023-04-24 18:34:09,448 p=5752 u=root n=ansible | TASK [openstack.kolla.kolla_user : Create kolla user] **************************
2023-04-24 18:34:09,492 p=5752 u=root n=ansible | skipping: [localhost]
2023-04-24 18:34:09,584 p=5752 u=root n=ansible | TASK [openstack.kolla.kolla_user : Add public key to kolla user authorized keys] ***
2023-04-24 18:34:09,638 p=5752 u=root n=ansible | skipping: [localhost]
2023-04-24 18:34:09,728 p=5752 u=root n=ansible | TASK [openstack.kolla.kolla_user : Grant kolla user passwordless sudo] *********
2023-04-24 18:34:09,767 p=5752 u=root n=ansible | skipping: [localhost]
2023-04-24 18:34:09,948 p=5752 u=root n=ansible | TASK [openstack.kolla.docker_sdk : Install latest pip in the virtualenv] *******
2023-04-24 18:34:10,016 p=5752 u=root n=ansible | skipping: [localhost]
2023-04-24 18:34:10,101 p=5752 u=root n=ansible | TASK [openstack.kolla.docker_sdk : Install docker SDK for python] **************
2023-04-24 18:34:38,399 p=5752 u=root n=ansible | ok: [localhost]
2023-04-24 18:34:38,666 p=5752 u=root n=ansible | TASK [openstack.kolla.baremetal : Ensure node_config_directory directory exists] ***
2023-04-24 18:34:39,332 p=5752 u=root n=ansible | ok: [localhost]
2023-04-24 18:34:39,419 p=5752 u=root n=ansible | TASK [openstack.kolla.apparmor_libvirt : include_tasks] ************************
2023-04-24 18:34:39,458 p=5752 u=root n=ansible | skipping: [localhost]
2023-04-24 18:34:39,686 p=5752 u=root n=ansible | TASK [openstack.kolla.baremetal : Change state of selinux] *********************
2023-04-24 18:34:41,259 p=5752 u=root n=ansible | ok: [localhost]
2023-04-24 18:34:41,400 p=5752 u=root n=ansible | TASK [openstack.kolla.baremetal : Set https proxy for git] *********************
2023-04-24 18:34:41,453 p=5752 u=root n=ansible | skipping: [localhost]
2023-04-24 18:34:41,624 p=5752 u=root n=ansible | TASK [openstack.kolla.baremetal : Set http proxy for git] **********************
2023-04-24 18:34:41,664 p=5752 u=root n=ansible | skipping: [localhost]
2023-04-24 18:34:41,753 p=5752 u=root n=ansible | TASK [openstack.kolla.baremetal : include_tasks] *******************************
2023-04-24 18:34:41,816 p=5752 u=root n=ansible | skipping: [localhost]
2023-04-24 18:34:42,210 p=5752 u=root n=ansible | PLAY RECAP *********************************************************************
2023-04-24 18:34:42,211 p=5752 u=root n=ansible | localhost                  : ok=17   changed=6    unreachable=0    failed=0    skipped=18   rescued=0    ignored=0   
