2023-02-14 03:37:11,798 p=5312 u=root n=ansible | [WARNING]: Invalid characters were found in group names but not replaced, use
-vvvv to see details

2023-02-14 03:37:14,410 p=5312 u=root n=ansible | PLAY [Gather facts for all hosts] **********************************************
2023-02-14 03:37:14,975 p=5312 u=root n=ansible | TASK [Gather facts] ************************************************************
2023-02-14 03:37:25,282 p=5312 u=root n=ansible | ok: [localhost]
2023-02-14 03:37:25,414 p=5312 u=root n=ansible | TASK [Group hosts to determine when using --limit] *****************************
2023-02-14 03:37:25,483 p=5312 u=root n=ansible | ok: [localhost]
2023-02-14 03:37:25,722 p=5312 u=root n=ansible | [WARNING]: Could not match supplied host pattern, ignoring:
all_using_limit_True

2023-02-14 03:37:25,730 p=5312 u=root n=ansible | PLAY [Gather facts for all hosts (if using --limit)] ***************************
2023-02-14 03:37:25,730 p=5312 u=root n=ansible | skipping: no hosts matched
2023-02-14 03:37:25,739 p=5312 u=root n=ansible | PLAY [Apply role baremetal] ****************************************************
2023-02-14 03:37:25,936 p=5312 u=root n=ansible | TASK [openstack.kolla.baremetal : Ensure localhost in /etc/hosts] **************
2023-02-14 03:37:26,903 p=5312 u=root n=ansible | changed: [localhost]
2023-02-14 03:37:27,035 p=5312 u=root n=ansible | TASK [openstack.kolla.baremetal : Ensure hostname does not point to 127.0.1.1 in /etc/hosts] ***
2023-02-14 03:37:27,678 p=5312 u=root n=ansible | ok: [localhost]
2023-02-14 03:37:27,761 p=5312 u=root n=ansible | TASK [openstack.kolla.baremetal : Generate /etc/hosts for all of the nodes] ****
2023-02-14 03:37:29,123 p=5312 u=root n=ansible | changed: [localhost]
2023-02-14 03:37:29,278 p=5312 u=root n=ansible | TASK [openstack.kolla.baremetal : Ensure unprivileged users can use ping] ******
2023-02-14 03:37:30,438 p=5312 u=root n=ansible | changed: [localhost]
2023-02-14 03:37:30,587 p=5312 u=root n=ansible | TASK [openstack.kolla.baremetal : Ensure /etc/cloud/cloud.cfg exists] **********
2023-02-14 03:37:31,694 p=5312 u=root n=ansible | ok: [localhost]
2023-02-14 03:37:31,835 p=5312 u=root n=ansible | TASK [openstack.kolla.baremetal : Disable cloud-init manage_etc_hosts] *********
2023-02-14 03:37:33,442 p=5312 u=root n=ansible | changed: [localhost]
2023-02-14 03:37:33,565 p=5312 u=root n=ansible | TASK [openstack.kolla.baremetal : Set firewall default policy] *****************
2023-02-14 03:37:33,635 p=5312 u=root n=ansible | skipping: [localhost]
2023-02-14 03:37:33,773 p=5312 u=root n=ansible | TASK [openstack.kolla.baremetal : Check if firewalld is installed] *************
2023-02-14 03:37:34,828 p=5312 u=root n=ansible | ok: [localhost]
2023-02-14 03:37:34,972 p=5312 u=root n=ansible | TASK [openstack.kolla.baremetal : Disable firewalld] ***************************
2023-02-14 03:37:35,071 p=5312 u=root n=ansible | skipping: [localhost] => (item=firewalld) 
2023-02-14 03:37:35,214 p=5312 u=root n=ansible | TASK [openstack.kolla.docker : Fail if docker_custom_option is defined] ********
2023-02-14 03:37:35,299 p=5312 u=root n=ansible | skipping: [localhost]
2023-02-14 03:37:35,436 p=5312 u=root n=ansible | TASK [openstack.kolla.docker : include_tasks] **********************************
2023-02-14 03:37:35,524 p=5312 u=root n=ansible | skipping: [localhost]
2023-02-14 03:37:35,670 p=5312 u=root n=ansible | TASK [openstack.kolla.docker : Ensure docker config directory exists] **********
2023-02-14 03:37:36,678 p=5312 u=root n=ansible | changed: [localhost]
2023-02-14 03:37:36,811 p=5312 u=root n=ansible | TASK [openstack.kolla.docker : Write docker config] ****************************
2023-02-14 03:37:38,371 p=5312 u=root n=ansible | changed: [localhost]
2023-02-14 03:37:38,460 p=5312 u=root n=ansible | TASK [openstack.kolla.docker : Remove old docker options file] *****************
2023-02-14 03:37:39,073 p=5312 u=root n=ansible | ok: [localhost]
2023-02-14 03:37:39,159 p=5312 u=root n=ansible | TASK [openstack.kolla.docker : Ensure docker service directory exists] *********
2023-02-14 03:37:39,217 p=5312 u=root n=ansible | skipping: [localhost]
2023-02-14 03:37:39,342 p=5312 u=root n=ansible | TASK [openstack.kolla.docker : Configure docker service] ***********************
2023-02-14 03:37:39,411 p=5312 u=root n=ansible | skipping: [localhost]
2023-02-14 03:37:39,550 p=5312 u=root n=ansible | TASK [openstack.kolla.docker : Ensure the path for CA file for private registry exists] ***
2023-02-14 03:37:39,625 p=5312 u=root n=ansible | skipping: [localhost]
2023-02-14 03:37:39,767 p=5312 u=root n=ansible | TASK [openstack.kolla.docker : Ensure the CA file for private registry exists] ***
2023-02-14 03:37:39,842 p=5312 u=root n=ansible | skipping: [localhost]
2023-02-14 03:37:39,976 p=5312 u=root n=ansible | TASK [openstack.kolla.docker : Flush handlers] *********************************
2023-02-14 03:37:39,978 p=5312 u=root n=ansible | RUNNING HANDLER [openstack.kolla.docker : Restart docker] **********************
2023-02-14 03:37:43,063 p=5312 u=root n=ansible | changed: [localhost]
2023-02-14 03:37:43,212 p=5312 u=root n=ansible | TASK [openstack.kolla.docker : Start and enable docker] ************************
2023-02-14 03:37:44,327 p=5312 u=root n=ansible | ok: [localhost]
2023-02-14 03:37:44,468 p=5312 u=root n=ansible | TASK [openstack.kolla.docker : include_tasks] **********************************
2023-02-14 03:37:44,532 p=5312 u=root n=ansible | skipping: [localhost]
2023-02-14 03:37:44,743 p=5312 u=root n=ansible | TASK [openstack.kolla.kolla_user : Ensure groups are present] ******************
2023-02-14 03:37:44,807 p=5312 u=root n=ansible | skipping: [localhost] => (item=docker) 
2023-02-14 03:37:44,817 p=5312 u=root n=ansible | skipping: [localhost] => (item=sudo) 
2023-02-14 03:37:44,824 p=5312 u=root n=ansible | skipping: [localhost] => (item=kolla) 
2023-02-14 03:37:44,924 p=5312 u=root n=ansible | TASK [openstack.kolla.kolla_user : Create kolla user] **************************
2023-02-14 03:37:44,983 p=5312 u=root n=ansible | skipping: [localhost]
2023-02-14 03:37:45,115 p=5312 u=root n=ansible | TASK [openstack.kolla.kolla_user : Add public key to kolla user authorized keys] ***
2023-02-14 03:37:45,176 p=5312 u=root n=ansible | skipping: [localhost]
2023-02-14 03:37:45,316 p=5312 u=root n=ansible | TASK [openstack.kolla.kolla_user : Grant kolla user passwordless sudo] *********
2023-02-14 03:37:45,381 p=5312 u=root n=ansible | skipping: [localhost]
2023-02-14 03:37:45,663 p=5312 u=root n=ansible | TASK [openstack.kolla.docker_sdk : Install latest pip in the virtualenv] *******
2023-02-14 03:37:45,734 p=5312 u=root n=ansible | skipping: [localhost]
2023-02-14 03:37:45,828 p=5312 u=root n=ansible | TASK [openstack.kolla.docker_sdk : Install docker SDK for python] **************
2023-02-14 03:38:13,633 p=5312 u=root n=ansible | ok: [localhost]
2023-02-14 03:38:13,853 p=5312 u=root n=ansible | TASK [openstack.kolla.baremetal : Ensure node_config_directory directory exists] ***
2023-02-14 03:38:14,517 p=5312 u=root n=ansible | ok: [localhost]
2023-02-14 03:38:14,609 p=5312 u=root n=ansible | TASK [openstack.kolla.apparmor_libvirt : include_tasks] ************************
2023-02-14 03:38:14,670 p=5312 u=root n=ansible | skipping: [localhost]
2023-02-14 03:38:14,937 p=5312 u=root n=ansible | TASK [openstack.kolla.baremetal : Change state of selinux] *********************
2023-02-14 03:38:16,591 p=5312 u=root n=ansible | ok: [localhost]
2023-02-14 03:38:16,750 p=5312 u=root n=ansible | TASK [openstack.kolla.baremetal : Set https proxy for git] *********************
2023-02-14 03:38:16,826 p=5312 u=root n=ansible | skipping: [localhost]
2023-02-14 03:38:16,981 p=5312 u=root n=ansible | TASK [openstack.kolla.baremetal : Set http proxy for git] **********************
2023-02-14 03:38:17,052 p=5312 u=root n=ansible | skipping: [localhost]
2023-02-14 03:38:17,206 p=5312 u=root n=ansible | TASK [openstack.kolla.baremetal : include_tasks] *******************************
2023-02-14 03:38:17,271 p=5312 u=root n=ansible | skipping: [localhost]
2023-02-14 03:38:17,576 p=5312 u=root n=ansible | PLAY RECAP *********************************************************************
2023-02-14 03:38:17,577 p=5312 u=root n=ansible | localhost                  : ok=17   changed=7    unreachable=0    failed=0    skipped=18   rescued=0    ignored=0   
