- - - [20/Feb/2023:21:35:08 -0500] "GET / HTTP/1.1" 200 468 8117649 "-" "ironic-inspector keystoneauth1/5.1.0 python-requests/2.28.1 CPython/3.9.14"
- - - [20/Feb/2023:21:35:16 -0500] "GET /v1/ports?fields=address%2Cextra HTTP/1.1" 200 13 6454710 "-" "ironic-inspector keystoneauth1/5.1.0 python-requests/2.28.1 CPython/3.9.14"
- - - [20/Feb/2023:21:35:23 -0500] "GET /v1/ports?fields=address%2Cextra HTTP/1.1" 200 13 6465800 "-" "ironic-inspector keystoneauth1/5.1.0 python-requests/2.28.1 CPython/3.9.14"
- - - [20/Feb/2023:21:35:44 -0500] "GET /v1/ports?fields=address%2Cextra HTTP/1.1" 200 13 1622338 "-" "ironic-inspector keystoneauth1/5.1.0 python-requests/2.28.1 CPython/3.9.14"
- - - [20/Feb/2023:21:35:46 -0500] "GET /v1/ports?fields=address%2Cextra HTTP/1.1" 200 13 581261 "-" "ironic-inspector keystoneauth1/5.1.0 python-requests/2.28.1 CPython/3.9.14"
- - - [20/Feb/2023:21:35:59 -0500] "GET /v1/ports?fields=address%2Cextra HTTP/1.1" 200 13 533784 "-" "ironic-inspector keystoneauth1/5.1.0 python-requests/2.28.1 CPython/3.9.14"
- - - [20/Feb/2023:21:36:00 -0500] "GET /v1/ports?fields=address%2Cextra HTTP/1.1" 200 13 623638 "-" "ironic-inspector keystoneauth1/5.1.0 python-requests/2.28.1 CPython/3.9.14"
- - - [20/Feb/2023:21:36:14 -0500] "GET /v1/ports?fields=address%2Cextra HTTP/1.1" 200 13 546893 "-" "ironic-inspector keystoneauth1/5.1.0 python-requests/2.28.1 CPython/3.9.14"
- - - [20/Feb/2023:21:36:15 -0500] "GET /v1/ports?fields=address%2Cextra HTTP/1.1" 200 13 645542 "-" "ironic-inspector keystoneauth1/5.1.0 python-requests/2.28.1 CPython/3.9.14"
- - - [20/Feb/2023:21:36:29 -0500] "GET /v1/nodes?fields=uuid HTTP/1.1" 200 13 551693 "-" "ironic-inspector keystoneauth1/5.1.0 python-requests/2.28.1 CPython/3.9.14"
- - - [20/Feb/2023:21:36:29 -0500] "GET /v1/ports?fields=address%2Cextra HTTP/1.1" 200 13 591464 "-" "ironic-inspector keystoneauth1/5.1.0 python-requests/2.28.1 CPython/3.9.14"
- - - [20/Feb/2023:21:36:30 -0500] "GET /v1/ports?fields=address%2Cextra HTTP/1.1" 200 13 506783 "-" "ironic-inspector keystoneauth1/5.1.0 python-requests/2.28.1 CPython/3.9.14"
- - - [20/Feb/2023:21:36:44 -0500] "GET /v1/ports?fields=address%2Cextra HTTP/1.1" 200 13 404788 "-" "ironic-inspector keystoneauth1/5.1.0 python-requests/2.28.1 CPython/3.9.14"
- - - [20/Feb/2023:21:36:45 -0500] "GET /v1/ports?fields=address%2Cextra HTTP/1.1" 200 13 418222 "-" "ironic-inspector keystoneauth1/5.1.0 python-requests/2.28.1 CPython/3.9.14"
- - - [20/Feb/2023:21:36:59 -0500] "GET /v1/ports?fields=address%2Cextra HTTP/1.1" 200 13 495247 "-" "ironic-inspector keystoneauth1/5.1.0 python-requests/2.28.1 CPython/3.9.14"
- - - [20/Feb/2023:21:37:00 -0500] "GET /v1/ports?fields=address%2Cextra HTTP/1.1" 200 13 559542 "-" "ironic-inspector keystoneauth1/5.1.0 python-requests/2.28.1 CPython/3.9.14"
- - - [20/Feb/2023:21:37:14 -0500] "GET /v1/ports?fields=address%2Cextra HTTP/1.1" 200 13 506933 "-" "ironic-inspector keystoneauth1/5.1.0 python-requests/2.28.1 CPython/3.9.14"
- - - [20/Feb/2023:21:37:15 -0500] "GET /v1/ports?fields=address%2Cextra HTTP/1.1" 200 13 574975 "-" "ironic-inspector keystoneauth1/5.1.0 python-requests/2.28.1 CPython/3.9.14"
- - - [20/Feb/2023:21:37:29 -0500] "GET /v1/ports?fields=address%2Cextra HTTP/1.1" 200 13 351498 "-" "ironic-inspector keystoneauth1/5.1.0 python-requests/2.28.1 CPython/3.9.14"
- - - [20/Feb/2023:21:37:29 -0500] "GET /v1/nodes?fields=uuid HTTP/1.1" 200 13 583256 "-" "ironic-inspector keystoneauth1/5.1.0 python-requests/2.28.1 CPython/3.9.14"
- - - [20/Feb/2023:21:37:30 -0500] "GET /v1/ports?fields=address%2Cextra HTTP/1.1" 200 13 405535 "-" "ironic-inspector keystoneauth1/5.1.0 python-requests/2.28.1 CPython/3.9.14"
- - - [20/Feb/2023:21:37:44 -0500] "GET /v1/ports?fields=address%2Cextra HTTP/1.1" 200 13 563896 "-" "ironic-inspector keystoneauth1/5.1.0 python-requests/2.28.1 CPython/3.9.14"
- - - [20/Feb/2023:21:37:45 -0500] "GET /v1/ports?fields=address%2Cextra HTTP/1.1" 200 13 459193 "-" "ironic-inspector keystoneauth1/5.1.0 python-requests/2.28.1 CPython/3.9.14"
- - - [20/Feb/2023:21:37:59 -0500] "GET /v1/ports?fields=address%2Cextra HTTP/1.1" 200 13 534725 "-" "ironic-inspector keystoneauth1/5.1.0 python-requests/2.28.1 CPython/3.9.14"
- - - [20/Feb/2023:21:38:00 -0500] "GET /v1/ports?fields=address%2Cextra HTTP/1.1" 200 13 563887 "-" "ironic-inspector keystoneauth1/5.1.0 python-requests/2.28.1 CPython/3.9.14"
- - - [20/Feb/2023:21:38:14 -0500] "GET /v1/ports?fields=address%2Cextra HTTP/1.1" 200 13 435750 "-" "ironic-inspector keystoneauth1/5.1.0 python-requests/2.28.1 CPython/3.9.14"
- - - [20/Feb/2023:21:38:15 -0500] "GET /v1/ports?fields=address%2Cextra HTTP/1.1" 200 13 451840 "-" "ironic-inspector keystoneauth1/5.1.0 python-requests/2.28.1 CPython/3.9.14"
- - - [20/Feb/2023:21:38:29 -0500] "GET /v1/ports?fields=address%2Cextra HTTP/1.1" 200 13 1163827 "-" "ironic-inspector keystoneauth1/5.1.0 python-requests/2.28.1 CPython/3.9.14"
- - - [20/Feb/2023:21:38:29 -0500] "GET /v1/nodes?fields=uuid HTTP/1.1" 200 13 1556355 "-" "ironic-inspector keystoneauth1/5.1.0 python-requests/2.28.1 CPython/3.9.14"
- - - [20/Feb/2023:21:38:31 -0500] "GET /v1/ports?fields=address%2Cextra HTTP/1.1" 200 13 1050631 "-" "ironic-inspector keystoneauth1/5.1.0 python-requests/2.28.1 CPython/3.9.14"
- - - [20/Feb/2023:21:38:44 -0500] "GET /v1/ports?fields=address%2Cextra HTTP/1.1" 200 13 797963 "-" "ironic-inspector keystoneauth1/5.1.0 python-requests/2.28.1 CPython/3.9.14"
- - - [20/Feb/2023:21:38:45 -0500] "GET /v1/ports?fields=address%2Cextra HTTP/1.1" 200 13 662880 "-" "ironic-inspector keystoneauth1/5.1.0 python-requests/2.28.1 CPython/3.9.14"
- - - [20/Feb/2023:21:38:59 -0500] "GET /v1/ports?fields=address%2Cextra HTTP/1.1" 200 13 432293 "-" "ironic-inspector keystoneauth1/5.1.0 python-requests/2.28.1 CPython/3.9.14"
- - - [20/Feb/2023:21:39:00 -0500] "GET /v1/ports?fields=address%2Cextra HTTP/1.1" 200 13 423897 "-" "ironic-inspector keystoneauth1/5.1.0 python-requests/2.28.1 CPython/3.9.14"
- - - [20/Feb/2023:21:39:14 -0500] "GET /v1/ports?fields=address%2Cextra HTTP/1.1" 200 13 444412 "-" "ironic-inspector keystoneauth1/5.1.0 python-requests/2.28.1 CPython/3.9.14"
- - - [20/Feb/2023:21:39:15 -0500] "GET /v1/ports?fields=address%2Cextra HTTP/1.1" 200 13 401040 "-" "ironic-inspector keystoneauth1/5.1.0 python-requests/2.28.1 CPython/3.9.14"
- - - [20/Feb/2023:21:39:29 -0500] "GET /v1/ports?fields=address%2Cextra HTTP/1.1" 200 13 450297 "-" "ironic-inspector keystoneauth1/5.1.0 python-requests/2.28.1 CPython/3.9.14"
- - - [20/Feb/2023:21:39:29 -0500] "GET /v1/nodes?fields=uuid HTTP/1.1" 200 13 511717 "-" "ironic-inspector keystoneauth1/5.1.0 python-requests/2.28.1 CPython/3.9.14"
- - - [20/Feb/2023:21:39:30 -0500] "GET /v1/ports?fields=address%2Cextra HTTP/1.1" 200 13 491092 "-" "ironic-inspector keystoneauth1/5.1.0 python-requests/2.28.1 CPython/3.9.14"
- - - [20/Feb/2023:21:39:44 -0500] "GET /v1/ports?fields=address%2Cextra HTTP/1.1" 200 13 718168 "-" "ironic-inspector keystoneauth1/5.1.0 python-requests/2.28.1 CPython/3.9.14"
- - - [20/Feb/2023:21:39:45 -0500] "GET /v1/ports?fields=address%2Cextra HTTP/1.1" 200 13 609031 "-" "ironic-inspector keystoneauth1/5.1.0 python-requests/2.28.1 CPython/3.9.14"
- - - [20/Feb/2023:21:39:59 -0500] "GET /v1/ports?fields=address%2Cextra HTTP/1.1" 200 13 481877 "-" "ironic-inspector keystoneauth1/5.1.0 python-requests/2.28.1 CPython/3.9.14"
- - - [20/Feb/2023:21:40:00 -0500] "GET /v1/ports?fields=address%2Cextra HTTP/1.1" 200 13 576977 "-" "ironic-inspector keystoneauth1/5.1.0 python-requests/2.28.1 CPython/3.9.14"
- - - [20/Feb/2023:21:40:14 -0500] "GET /v1/ports?fields=address%2Cextra HTTP/1.1" 200 13 476966 "-" "ironic-inspector keystoneauth1/5.1.0 python-requests/2.28.1 CPython/3.9.14"
- - - [20/Feb/2023:21:40:15 -0500] "GET /v1/ports?fields=address%2Cextra HTTP/1.1" 200 13 476484 "-" "ironic-inspector keystoneauth1/5.1.0 python-requests/2.28.1 CPython/3.9.14"
- - - [20/Feb/2023:21:40:29 -0500] "GET /v1/nodes?fields=uuid HTTP/1.1" 200 13 429159 "-" "ironic-inspector keystoneauth1/5.1.0 python-requests/2.28.1 CPython/3.9.14"
- - - [20/Feb/2023:21:40:29 -0500] "GET /v1/ports?fields=address%2Cextra HTTP/1.1" 200 13 480557 "-" "ironic-inspector keystoneauth1/5.1.0 python-requests/2.28.1 CPython/3.9.14"
- - - [20/Feb/2023:21:40:30 -0500] "GET /v1/ports?fields=address%2Cextra HTTP/1.1" 200 13 502638 "-" "ironic-inspector keystoneauth1/5.1.0 python-requests/2.28.1 CPython/3.9.14"
- - - [20/Feb/2023:21:40:44 -0500] "GET /v1/ports?fields=address%2Cextra HTTP/1.1" 200 13 402609 "-" "ironic-inspector keystoneauth1/5.1.0 python-requests/2.28.1 CPython/3.9.14"
- - - [20/Feb/2023:21:40:45 -0500] "GET /v1/ports?fields=address%2Cextra HTTP/1.1" 200 13 387355 "-" "ironic-inspector keystoneauth1/5.1.0 python-requests/2.28.1 CPython/3.9.14"
- - - [20/Feb/2023:21:40:59 -0500] "GET /v1/ports?fields=address%2Cextra HTTP/1.1" 200 13 420171 "-" "ironic-inspector keystoneauth1/5.1.0 python-requests/2.28.1 CPython/3.9.14"
- - - [20/Feb/2023:21:41:00 -0500] "GET /v1/ports?fields=address%2Cextra HTTP/1.1" 200 13 402579 "-" "ironic-inspector keystoneauth1/5.1.0 python-requests/2.28.1 CPython/3.9.14"
- - - [20/Feb/2023:21:41:14 -0500] "GET /v1/ports?fields=address%2Cextra HTTP/1.1" 200 13 537753 "-" "ironic-inspector keystoneauth1/5.1.0 python-requests/2.28.1 CPython/3.9.14"
- - - [20/Feb/2023:21:41:15 -0500] "GET /v1/ports?fields=address%2Cextra HTTP/1.1" 200 13 471407 "-" "ironic-inspector keystoneauth1/5.1.0 python-requests/2.28.1 CPython/3.9.14"
- - - [20/Feb/2023:21:41:29 -0500] "GET /v1/nodes?fields=uuid HTTP/1.1" 200 13 447457 "-" "ironic-inspector keystoneauth1/5.1.0 python-requests/2.28.1 CPython/3.9.14"
- - - [20/Feb/2023:21:41:29 -0500] "GET /v1/ports?fields=address%2Cextra HTTP/1.1" 200 13 516093 "-" "ironic-inspector keystoneauth1/5.1.0 python-requests/2.28.1 CPython/3.9.14"
- - - [20/Feb/2023:21:41:30 -0500] "GET /v1/ports?fields=address%2Cextra HTTP/1.1" 200 13 489546 "-" "ironic-inspector keystoneauth1/5.1.0 python-requests/2.28.1 CPython/3.9.14"
- - - [20/Feb/2023:21:41:44 -0500] "GET /v1/ports?fields=address%2Cextra HTTP/1.1" 200 13 445346 "-" "ironic-inspector keystoneauth1/5.1.0 python-requests/2.28.1 CPython/3.9.14"
- - - [20/Feb/2023:21:41:45 -0500] "GET /v1/ports?fields=address%2Cextra HTTP/1.1" 200 13 454313 "-" "ironic-inspector keystoneauth1/5.1.0 python-requests/2.28.1 CPython/3.9.14"
- - - [20/Feb/2023:21:41:59 -0500] "GET /v1/ports?fields=address%2Cextra HTTP/1.1" 200 13 493260 "-" "ironic-inspector keystoneauth1/5.1.0 python-requests/2.28.1 CPython/3.9.14"
- - - [20/Feb/2023:21:42:00 -0500] "GET /v1/ports?fields=address%2Cextra HTTP/1.1" 200 13 439407 "-" "ironic-inspector keystoneauth1/5.1.0 python-requests/2.28.1 CPython/3.9.14"
- - - [20/Feb/2023:21:42:14 -0500] "GET /v1/ports?fields=address%2Cextra HTTP/1.1" 200 13 13023855 "-" "ironic-inspector keystoneauth1/5.1.0 python-requests/2.28.1 CPython/3.9.14"
- - - [20/Feb/2023:21:42:47 -0500] "GET /v1/ports?fields=address%2Cextra HTTP/1.1" 200 13 6447893 "-" "ironic-inspector keystoneauth1/5.1.0 python-requests/2.28.1 CPython/3.9.14"
- - - [20/Feb/2023:21:42:53 -0500] "GET /v1/ports?fields=address%2Cextra HTTP/1.1" 200 13 6469282 "-" "ironic-inspector keystoneauth1/5.1.0 python-requests/2.28.1 CPython/3.9.14"
- - - [20/Feb/2023:21:43:02 -0500] "GET /v1/ports?fields=address%2Cextra HTTP/1.1" 200 13 6490091 "-" "ironic-inspector keystoneauth1/5.1.0 python-requests/2.28.1 CPython/3.9.14"
- - - [20/Feb/2023:21:43:08 -0500] "GET /v1/ports?fields=address%2Cextra HTTP/1.1" 200 13 579436 "-" "ironic-inspector keystoneauth1/5.1.0 python-requests/2.28.1 CPython/3.9.14"
- - - [20/Feb/2023:21:43:14 -0500] "POST /v1/nodes HTTP/1.1" 201 2663 976937 "-" "python-ironicclient"
- - - [20/Feb/2023:21:43:17 -0500] "GET /v1/ports?fields=address%2Cextra HTTP/1.1" 200 13 593490 "-" "ironic-inspector keystoneauth1/5.1.0 python-requests/2.28.1 CPython/3.9.14"
- - - [20/Feb/2023:21:43:17 -0500] "GET /v1/ports?fields=address%2Cextra HTTP/1.1" 200 13 651894 "-" "ironic-inspector keystoneauth1/5.1.0 python-requests/2.28.1 CPython/3.9.14"
- - - [20/Feb/2023:21:43:19 -0500] "GET /v1/nodes HTTP/1.1" 200 380 600462 "-" "python-ironicclient"
- - - [20/Feb/2023:21:43:22 -0500] "PATCH /v1/nodes/9ec53480-3366-4ae6-bd2e-226ae97b5fe0 HTTP/1.1" 200 3145 920262 "-" "python-ironicclient"
- - - [20/Feb/2023:21:43:26 -0500] "POST /v1/ports HTTP/1.1" 201 562 655452 "-" "python-ironicclient"
- - - [20/Feb/2023:21:43:29 -0500] "GET /v1/nodes?fields=uuid HTTP/1.1" 200 271 392006 "-" "ironic-inspector keystoneauth1/5.1.0 python-requests/2.28.1 CPython/3.9.14"
- - - [20/Feb/2023:21:43:30 -0500] "PUT /v1/nodes/9ec53480-3366-4ae6-bd2e-226ae97b5fe0/states/provision HTTP/1.1" 202 - 641890 "-" "python-ironicclient"
- - - [20/Feb/2023:21:43:32 -0500] "GET /v1/ports?fields=address%2Cextra HTTP/1.1" 200 268 426209 "-" "ironic-inspector keystoneauth1/5.1.0 python-requests/2.28.1 CPython/3.9.14"
- - - [20/Feb/2023:21:43:32 -0500] "GET /v1/ports?fields=address%2Cextra HTTP/1.1" 200 268 524386 "-" "ironic-inspector keystoneauth1/5.1.0 python-requests/2.28.1 CPython/3.9.14"
- - - [20/Feb/2023:21:43:44 -0500] "PUT /v1/nodes/9ec53480-3366-4ae6-bd2e-226ae97b5fe0/states/provision HTTP/1.1" 202 - 632682 "-" "python-ironicclient"
- - - [20/Feb/2023:21:43:47 -0500] "GET /v1/ports?fields=address%2Cextra HTTP/1.1" 200 268 426450 "-" "ironic-inspector keystoneauth1/5.1.0 python-requests/2.28.1 CPython/3.9.14"
- - - [20/Feb/2023:21:43:47 -0500] "GET /v1/ports?fields=address%2Cextra HTTP/1.1" 200 268 569735 "-" "ironic-inspector keystoneauth1/5.1.0 python-requests/2.28.1 CPython/3.9.14"
- - - [20/Feb/2023:21:43:47 -0500] "PUT /v1/nodes/9ec53480-3366-4ae6-bd2e-226ae97b5fe0/states/power HTTP/1.1" 202 - 813922 "-" "python-ironicclient"
- - - [20/Feb/2023:21:44:02 -0500] "GET /v1/ports?fields=address%2Cextra HTTP/1.1" 200 268 453903 "-" "ironic-inspector keystoneauth1/5.1.0 python-requests/2.28.1 CPython/3.9.14"
- - - [20/Feb/2023:21:44:02 -0500] "GET /v1/ports?fields=address%2Cextra HTTP/1.1" 200 268 487127 "-" "ironic-inspector keystoneauth1/5.1.0 python-requests/2.28.1 CPython/3.9.14"
- - - [20/Feb/2023:21:44:12 -0500] "GET /v1/nodes HTTP/1.1" 200 369 537073 "-" "python-urllib3/1.26.5"
- - - [20/Feb/2023:21:44:13 -0500] "GET /v1/nodes?provision_state=available&associated=False&maintenance=False&fields=uuid%2Cdriver%2Cinstance_uuid%2Cprovision_state%2Cname%2Cmaintenance HTTP/1.1" 200 380 543786 "-" "python-urllib3/1.26.5"
- - - [20/Feb/2023:21:44:13 -0500] "PATCH /v1/nodes/9ec53480-3366-4ae6-bd2e-226ae97b5fe0 HTTP/1.1" 200 2515 977180 "-" "python-urllib3/1.26.5"
- - - [20/Feb/2023:21:44:14 -0500] "PATCH /v1/nodes/9ec53480-3366-4ae6-bd2e-226ae97b5fe0 HTTP/1.1" 200 2515 652965 "-" "python-urllib3/1.26.5"
- - - [20/Feb/2023:21:44:17 -0500] "GET /v1/ports?fields=address%2Cextra HTTP/1.1" 200 268 526056 "-" "ironic-inspector keystoneauth1/5.1.0 python-requests/2.28.1 CPython/3.9.14"
- - - [20/Feb/2023:21:44:17 -0500] "GET /v1/ports?fields=address%2Cextra HTTP/1.1" 200 268 520813 "-" "ironic-inspector keystoneauth1/5.1.0 python-requests/2.28.1 CPython/3.9.14"
- - - [20/Feb/2023:21:44:21 -0500] "POST /v1/nodes/9ec53480-3366-4ae6-bd2e-226ae97b5fe0/vifs HTTP/1.1" 204 - 662907 "-" "python-urllib3/1.26.5"
- - - [20/Feb/2023:21:44:22 -0500] "PATCH /v1/nodes/9ec53480-3366-4ae6-bd2e-226ae97b5fe0 HTTP/1.1" 200 2515 822956 "-" "python-urllib3/1.26.5"
- - - [20/Feb/2023:21:44:23 -0500] "PUT /v1/nodes/9ec53480-3366-4ae6-bd2e-226ae97b5fe0/states/provision HTTP/1.1" 202 - 1581151 "-" "python-urllib3/1.26.5"
- - - [20/Feb/2023:21:44:24 -0500] "GET /v1/nodes/9ec53480-3366-4ae6-bd2e-226ae97b5fe0 HTTP/1.1" 200 2596 530345 "-" "python-urllib3/1.26.5"
- - - [20/Feb/2023:21:44:26 -0500] "GET /v1/nodes/9ec53480-3366-4ae6-bd2e-226ae97b5fe0 HTTP/1.1" 200 2619 442150 "-" "python-urllib3/1.26.5"
- - - [20/Feb/2023:21:44:27 -0500] "GET /v1/nodes/9ec53480-3366-4ae6-bd2e-226ae97b5fe0 HTTP/1.1" 200 2619 702483 "-" "python-urllib3/1.26.5"
- - - [20/Feb/2023:21:44:29 -0500] "GET /v1/nodes/9ec53480-3366-4ae6-bd2e-226ae97b5fe0 HTTP/1.1" 200 2692 510908 "-" "python-urllib3/1.26.5"
- - - [20/Feb/2023:21:44:29 -0500] "GET /v1/nodes?fields=uuid HTTP/1.1" 200 271 447167 "-" "ironic-inspector keystoneauth1/5.1.0 python-requests/2.28.1 CPython/3.9.14"
- - - [20/Feb/2023:21:44:30 -0500] "GET /v1/nodes/9ec53480-3366-4ae6-bd2e-226ae97b5fe0 HTTP/1.1" 200 2692 517223 "-" "python-urllib3/1.26.5"
- - - [20/Feb/2023:21:44:32 -0500] "GET /v1/ports?fields=address%2Cextra HTTP/1.1" 200 268 679597 "-" "ironic-inspector keystoneauth1/5.1.0 python-requests/2.28.1 CPython/3.9.14"
- - - [20/Feb/2023:21:44:32 -0500] "GET /v1/nodes/9ec53480-3366-4ae6-bd2e-226ae97b5fe0 HTTP/1.1" 200 2692 503459 "-" "python-urllib3/1.26.5"
- - - [20/Feb/2023:21:44:32 -0500] "GET /v1/ports?fields=address%2Cextra HTTP/1.1" 200 268 330534 "-" "ironic-inspector keystoneauth1/5.1.0 python-requests/2.28.1 CPython/3.9.14"
- - - [20/Feb/2023:21:44:33 -0500] "GET /v1/nodes/9ec53480-3366-4ae6-bd2e-226ae97b5fe0 HTTP/1.1" 200 2692 401069 "-" "python-urllib3/1.26.5"
- - - [20/Feb/2023:21:44:35 -0500] "GET /v1/nodes/9ec53480-3366-4ae6-bd2e-226ae97b5fe0 HTTP/1.1" 200 2692 448777 "-" "python-urllib3/1.26.5"
- - - [20/Feb/2023:21:44:36 -0500] "GET /v1/nodes/9ec53480-3366-4ae6-bd2e-226ae97b5fe0 HTTP/1.1" 200 2692 490373 "-" "python-urllib3/1.26.5"
- - - [20/Feb/2023:21:44:38 -0500] "GET /v1/nodes/9ec53480-3366-4ae6-bd2e-226ae97b5fe0 HTTP/1.1" 200 2692 408612 "-" "python-urllib3/1.26.5"
- - - [20/Feb/2023:21:44:39 -0500] "GET /v1/nodes/9ec53480-3366-4ae6-bd2e-226ae97b5fe0 HTTP/1.1" 200 2692 409775 "-" "python-urllib3/1.26.5"
- - - [20/Feb/2023:21:44:41 -0500] "GET /v1/nodes/9ec53480-3366-4ae6-bd2e-226ae97b5fe0 HTTP/1.1" 200 2692 472698 "-" "python-urllib3/1.26.5"
- - - [20/Feb/2023:21:44:42 -0500] "GET /v1/nodes/9ec53480-3366-4ae6-bd2e-226ae97b5fe0 HTTP/1.1" 200 2692 652171 "-" "python-urllib3/1.26.5"
- - - [20/Feb/2023:21:44:44 -0500] "GET /v1/nodes/9ec53480-3366-4ae6-bd2e-226ae97b5fe0 HTTP/1.1" 200 2692 617452 "-" "python-urllib3/1.26.5"
- - - [20/Feb/2023:21:44:45 -0500] "GET /v1/nodes/9ec53480-3366-4ae6-bd2e-226ae97b5fe0 HTTP/1.1" 200 2692 451607 "-" "python-urllib3/1.26.5"
- - - [20/Feb/2023:21:44:47 -0500] "GET /v1/ports?fields=address%2Cextra HTTP/1.1" 200 268 774747 "-" "ironic-inspector keystoneauth1/5.1.0 python-requests/2.28.1 CPython/3.9.14"
- - - [20/Feb/2023:21:44:47 -0500] "GET /v1/nodes/9ec53480-3366-4ae6-bd2e-226ae97b5fe0 HTTP/1.1" 200 2692 654049 "-" "python-urllib3/1.26.5"
- - - [20/Feb/2023:21:44:48 -0500] "GET /v1/ports?fields=address%2Cextra HTTP/1.1" 200 268 382253 "-" "ironic-inspector keystoneauth1/5.1.0 python-requests/2.28.1 CPython/3.9.14"
- - - [20/Feb/2023:21:44:49 -0500] "GET /v1/nodes/9ec53480-3366-4ae6-bd2e-226ae97b5fe0 HTTP/1.1" 200 2692 549350 "-" "python-urllib3/1.26.5"
- - - [20/Feb/2023:21:44:50 -0500] "GET /v1/nodes/9ec53480-3366-4ae6-bd2e-226ae97b5fe0 HTTP/1.1" 200 2692 407022 "-" "python-urllib3/1.26.5"
- - - [20/Feb/2023:21:44:52 -0500] "GET /v1/nodes/9ec53480-3366-4ae6-bd2e-226ae97b5fe0 HTTP/1.1" 200 2692 419027 "-" "python-urllib3/1.26.5"
- - - [20/Feb/2023:21:44:53 -0500] "GET /v1/nodes/9ec53480-3366-4ae6-bd2e-226ae97b5fe0 HTTP/1.1" 200 2692 452979 "-" "python-urllib3/1.26.5"
- - - [20/Feb/2023:21:44:54 -0500] "GET /v1/nodes/9ec53480-3366-4ae6-bd2e-226ae97b5fe0 HTTP/1.1" 200 2692 470424 "-" "python-urllib3/1.26.5"
- - - [20/Feb/2023:21:44:56 -0500] "GET /v1/nodes/9ec53480-3366-4ae6-bd2e-226ae97b5fe0 HTTP/1.1" 200 3292 423401 "-" "python-urllib3/1.26.5"
- - - [20/Feb/2023:21:44:57 -0500] "GET /v1/nodes/9ec53480-3366-4ae6-bd2e-226ae97b5fe0 HTTP/1.1" 200 3292 548832 "-" "python-urllib3/1.26.5"
- - - [20/Feb/2023:21:44:59 -0500] "GET /v1/nodes/9ec53480-3366-4ae6-bd2e-226ae97b5fe0 HTTP/1.1" 200 3292 528122 "-" "python-urllib3/1.26.5"
- - - [20/Feb/2023:21:45:00 -0500] "GET /v1/nodes/9ec53480-3366-4ae6-bd2e-226ae97b5fe0 HTTP/1.1" 200 3292 478765 "-" "python-urllib3/1.26.5"
- - - [20/Feb/2023:21:45:02 -0500] "GET /v1/ports?fields=address%2Cextra HTTP/1.1" 200 268 441465 "-" "ironic-inspector keystoneauth1/5.1.0 python-requests/2.28.1 CPython/3.9.14"
- - - [20/Feb/2023:21:45:02 -0500] "GET /v1/nodes/9ec53480-3366-4ae6-bd2e-226ae97b5fe0 HTTP/1.1" 200 3292 433305 "-" "python-urllib3/1.26.5"
- - - [20/Feb/2023:21:45:02 -0500] "GET /v1/ports?fields=address%2Cextra HTTP/1.1" 200 268 438896 "-" "ironic-inspector keystoneauth1/5.1.0 python-requests/2.28.1 CPython/3.9.14"
- - - [20/Feb/2023:21:45:03 -0500] "GET /v1/nodes/9ec53480-3366-4ae6-bd2e-226ae97b5fe0 HTTP/1.1" 200 3292 530015 "-" "python-urllib3/1.26.5"
- - - [20/Feb/2023:21:45:05 -0500] "GET /v1/nodes/9ec53480-3366-4ae6-bd2e-226ae97b5fe0 HTTP/1.1" 200 3292 495923 "-" "python-urllib3/1.26.5"
- - - [20/Feb/2023:21:45:06 -0500] "GET /v1/nodes/9ec53480-3366-4ae6-bd2e-226ae97b5fe0 HTTP/1.1" 200 3292 410290 "-" "python-urllib3/1.26.5"
- - - [20/Feb/2023:21:45:08 -0500] "GET /v1/nodes/9ec53480-3366-4ae6-bd2e-226ae97b5fe0 HTTP/1.1" 200 3292 355562 "-" "python-urllib3/1.26.5"
- - - [20/Feb/2023:21:45:09 -0500] "GET /v1/nodes/9ec53480-3366-4ae6-bd2e-226ae97b5fe0 HTTP/1.1" 200 3292 454971 "-" "python-urllib3/1.26.5"
- - - [20/Feb/2023:21:45:11 -0500] "GET /v1/nodes/9ec53480-3366-4ae6-bd2e-226ae97b5fe0 HTTP/1.1" 200 3292 383337 "-" "python-urllib3/1.26.5"
- - - [20/Feb/2023:21:45:12 -0500] "GET /v1/nodes/9ec53480-3366-4ae6-bd2e-226ae97b5fe0 HTTP/1.1" 200 3292 399183 "-" "python-urllib3/1.26.5"
- - - [20/Feb/2023:21:45:13 -0500] "GET /v1/nodes/9ec53480-3366-4ae6-bd2e-226ae97b5fe0 HTTP/1.1" 200 3292 364251 "-" "python-urllib3/1.26.5"
- - - [20/Feb/2023:21:45:15 -0500] "GET /v1/nodes/9ec53480-3366-4ae6-bd2e-226ae97b5fe0 HTTP/1.1" 200 3292 519809 "-" "python-urllib3/1.26.5"
- - - [20/Feb/2023:21:45:16 -0500] "GET /v1/nodes/9ec53480-3366-4ae6-bd2e-226ae97b5fe0 HTTP/1.1" 200 3275 500223 "-" "python-urllib3/1.26.5"
- - - [20/Feb/2023:21:45:17 -0500] "GET /v1/ports?fields=address%2Cextra HTTP/1.1" 200 268 443651 "-" "ironic-inspector keystoneauth1/5.1.0 python-requests/2.28.1 CPython/3.9.14"
- - - [20/Feb/2023:21:45:17 -0500] "GET /v1/nodes/9ec53480-3366-4ae6-bd2e-226ae97b5fe0 HTTP/1.1" 200 3275 429262 "-" "python-urllib3/1.26.5"
- - - [20/Feb/2023:21:45:17 -0500] "GET /v1/ports?fields=address%2Cextra HTTP/1.1" 200 268 376593 "-" "ironic-inspector keystoneauth1/5.1.0 python-requests/2.28.1 CPython/3.9.14"
- - - [20/Feb/2023:21:45:29 -0500] "GET /v1/nodes?fields=uuid HTTP/1.1" 200 271 431820 "-" "ironic-inspector keystoneauth1/5.1.0 python-requests/2.28.1 CPython/3.9.14"
- - - [20/Feb/2023:21:45:32 -0500] "GET /v1/ports?fields=address%2Cextra HTTP/1.1" 200 268 421182 "-" "ironic-inspector keystoneauth1/5.1.0 python-requests/2.28.1 CPython/3.9.14"
- - - [20/Feb/2023:21:45:32 -0500] "GET /v1/ports?fields=address%2Cextra HTTP/1.1" 200 268 631034 "-" "ironic-inspector keystoneauth1/5.1.0 python-requests/2.28.1 CPython/3.9.14"
- - - [20/Feb/2023:21:45:47 -0500] "GET /v1/ports?fields=address%2Cextra HTTP/1.1" 200 268 391710 "-" "ironic-inspector keystoneauth1/5.1.0 python-requests/2.28.1 CPython/3.9.14"
- - - [20/Feb/2023:21:45:47 -0500] "GET /v1/ports?fields=address%2Cextra HTTP/1.1" 200 268 479274 "-" "ironic-inspector keystoneauth1/5.1.0 python-requests/2.28.1 CPython/3.9.14"
- - - [20/Feb/2023:21:45:47 -0500] "GET /v1/nodes/9ec53480-3366-4ae6-bd2e-226ae97b5fe0 HTTP/1.1" 200 3275 476458 "-" "python-urllib3/1.26.5"
- - - [20/Feb/2023:21:46:02 -0500] "GET /v1/ports?fields=address%2Cextra HTTP/1.1" 200 268 452032 "-" "ironic-inspector keystoneauth1/5.1.0 python-requests/2.28.1 CPython/3.9.14"
- - - [20/Feb/2023:21:46:02 -0500] "GET /v1/ports?fields=address%2Cextra HTTP/1.1" 200 268 498925 "-" "ironic-inspector keystoneauth1/5.1.0 python-requests/2.28.1 CPython/3.9.14"
- - - [20/Feb/2023:21:46:17 -0500] "GET /v1/ports?fields=address%2Cextra HTTP/1.1" 200 268 447440 "-" "ironic-inspector keystoneauth1/5.1.0 python-requests/2.28.1 CPython/3.9.14"
- - - [20/Feb/2023:21:46:17 -0500] "GET /v1/ports?fields=address%2Cextra HTTP/1.1" 200 268 465646 "-" "ironic-inspector keystoneauth1/5.1.0 python-requests/2.28.1 CPython/3.9.14"
- - - [20/Feb/2023:21:46:18 -0500] "GET /v1/nodes/9ec53480-3366-4ae6-bd2e-226ae97b5fe0 HTTP/1.1" 200 3275 453588 "-" "python-urllib3/1.26.5"
- - - [20/Feb/2023:21:46:29 -0500] "GET /v1/nodes?fields=uuid HTTP/1.1" 200 271 397188 "-" "ironic-inspector keystoneauth1/5.1.0 python-requests/2.28.1 CPython/3.9.14"
- - - [20/Feb/2023:21:46:32 -0500] "GET /v1/ports?fields=address%2Cextra HTTP/1.1" 200 268 471735 "-" "ironic-inspector keystoneauth1/5.1.0 python-requests/2.28.1 CPython/3.9.14"
- - - [20/Feb/2023:21:46:32 -0500] "GET /v1/ports?fields=address%2Cextra HTTP/1.1" 200 268 522210 "-" "ironic-inspector keystoneauth1/5.1.0 python-requests/2.28.1 CPython/3.9.14"
- - - [20/Feb/2023:21:46:47 -0500] "GET /v1/ports?fields=address%2Cextra HTTP/1.1" 200 268 539280 "-" "ironic-inspector keystoneauth1/5.1.0 python-requests/2.28.1 CPython/3.9.14"
- - - [20/Feb/2023:21:46:47 -0500] "GET /v1/ports?fields=address%2Cextra HTTP/1.1" 200 268 477089 "-" "ironic-inspector keystoneauth1/5.1.0 python-requests/2.28.1 CPython/3.9.14"
- - - [20/Feb/2023:21:46:48 -0500] "GET /v1/nodes/9ec53480-3366-4ae6-bd2e-226ae97b5fe0 HTTP/1.1" 200 3275 600288 "-" "python-urllib3/1.26.5"
- - - [20/Feb/2023:21:47:02 -0500] "GET /v1/ports?fields=address%2Cextra HTTP/1.1" 200 268 534739 "-" "ironic-inspector keystoneauth1/5.1.0 python-requests/2.28.1 CPython/3.9.14"
- - - [20/Feb/2023:21:47:02 -0500] "GET /v1/ports?fields=address%2Cextra HTTP/1.1" 200 268 390698 "-" "ironic-inspector keystoneauth1/5.1.0 python-requests/2.28.1 CPython/3.9.14"
- - - [20/Feb/2023:21:47:17 -0500] "GET /v1/ports?fields=address%2Cextra HTTP/1.1" 200 268 587288 "-" "ironic-inspector keystoneauth1/5.1.0 python-requests/2.28.1 CPython/3.9.14"
- - - [20/Feb/2023:21:47:17 -0500] "GET /v1/ports?fields=address%2Cextra HTTP/1.1" 200 268 461397 "-" "ironic-inspector keystoneauth1/5.1.0 python-requests/2.28.1 CPython/3.9.14"
- - - [20/Feb/2023:21:47:19 -0500] "GET /v1/nodes/9ec53480-3366-4ae6-bd2e-226ae97b5fe0 HTTP/1.1" 200 3275 470952 "-" "python-urllib3/1.26.5"
- - - [20/Feb/2023:21:47:29 -0500] "GET /v1/nodes?fields=uuid HTTP/1.1" 200 271 496208 "-" "ironic-inspector keystoneauth1/5.1.0 python-requests/2.28.1 CPython/3.9.14"
- - - [20/Feb/2023:21:47:32 -0500] "GET /v1/ports?fields=address%2Cextra HTTP/1.1" 200 268 438780 "-" "ironic-inspector keystoneauth1/5.1.0 python-requests/2.28.1 CPython/3.9.14"
- - - [20/Feb/2023:21:47:32 -0500] "GET /v1/ports?fields=address%2Cextra HTTP/1.1" 200 268 426867 "-" "ironic-inspector keystoneauth1/5.1.0 python-requests/2.28.1 CPython/3.9.14"
- - - [20/Feb/2023:21:47:47 -0500] "GET /v1/ports?fields=address%2Cextra HTTP/1.1" 200 268 467227 "-" "ironic-inspector keystoneauth1/5.1.0 python-requests/2.28.1 CPython/3.9.14"
- - - [20/Feb/2023:21:47:47 -0500] "GET /v1/ports?fields=address%2Cextra HTTP/1.1" 200 268 398839 "-" "ironic-inspector keystoneauth1/5.1.0 python-requests/2.28.1 CPython/3.9.14"
- - - [20/Feb/2023:21:47:49 -0500] "GET /v1/nodes/9ec53480-3366-4ae6-bd2e-226ae97b5fe0 HTTP/1.1" 200 3275 468409 "-" "python-urllib3/1.26.5"
- - - [20/Feb/2023:21:48:02 -0500] "GET /v1/ports?fields=address%2Cextra HTTP/1.1" 200 268 512301 "-" "ironic-inspector keystoneauth1/5.1.0 python-requests/2.28.1 CPython/3.9.14"
- - - [20/Feb/2023:21:48:02 -0500] "GET /v1/ports?fields=address%2Cextra HTTP/1.1" 200 268 454866 "-" "ironic-inspector keystoneauth1/5.1.0 python-requests/2.28.1 CPython/3.9.14"
- - - [20/Feb/2023:21:48:17 -0500] "GET /v1/ports?fields=address%2Cextra HTTP/1.1" 200 268 533562 "-" "ironic-inspector keystoneauth1/5.1.0 python-requests/2.28.1 CPython/3.9.14"
- - - [20/Feb/2023:21:48:17 -0500] "GET /v1/ports?fields=address%2Cextra HTTP/1.1" 200 268 526149 "-" "ironic-inspector keystoneauth1/5.1.0 python-requests/2.28.1 CPython/3.9.14"
- - - [20/Feb/2023:21:48:20 -0500] "GET /v1/nodes/9ec53480-3366-4ae6-bd2e-226ae97b5fe0 HTTP/1.1" 200 3275 490371 "-" "python-urllib3/1.26.5"
- - - [20/Feb/2023:21:48:29 -0500] "GET /v1/nodes?fields=uuid HTTP/1.1" 200 271 504895 "-" "ironic-inspector keystoneauth1/5.1.0 python-requests/2.28.1 CPython/3.9.14"
- - - [20/Feb/2023:21:48:32 -0500] "GET /v1/ports?fields=address%2Cextra HTTP/1.1" 200 268 443841 "-" "ironic-inspector keystoneauth1/5.1.0 python-requests/2.28.1 CPython/3.9.14"
- - - [20/Feb/2023:21:48:32 -0500] "GET /v1/ports?fields=address%2Cextra HTTP/1.1" 200 268 443486 "-" "ironic-inspector keystoneauth1/5.1.0 python-requests/2.28.1 CPython/3.9.14"
- - - [20/Feb/2023:21:48:47 -0500] "GET /v1/ports?fields=address%2Cextra HTTP/1.1" 200 268 514997 "-" "ironic-inspector keystoneauth1/5.1.0 python-requests/2.28.1 CPython/3.9.14"
- - - [20/Feb/2023:21:48:47 -0500] "GET /v1/ports?fields=address%2Cextra HTTP/1.1" 200 268 642182 "-" "ironic-inspector keystoneauth1/5.1.0 python-requests/2.28.1 CPython/3.9.14"
- - - [20/Feb/2023:21:48:50 -0500] "GET /v1/nodes/9ec53480-3366-4ae6-bd2e-226ae97b5fe0 HTTP/1.1" 200 3275 639909 "-" "python-urllib3/1.26.5"
- - - [20/Feb/2023:21:49:02 -0500] "GET /v1/ports?fields=address%2Cextra HTTP/1.1" 200 268 564695 "-" "ironic-inspector keystoneauth1/5.1.0 python-requests/2.28.1 CPython/3.9.14"
- - - [20/Feb/2023:21:49:02 -0500] "GET /v1/ports?fields=address%2Cextra HTTP/1.1" 200 268 672476 "-" "ironic-inspector keystoneauth1/5.1.0 python-requests/2.28.1 CPython/3.9.14"
- - - [20/Feb/2023:21:49:17 -0500] "GET /v1/ports?fields=address%2Cextra HTTP/1.1" 200 268 483017 "-" "ironic-inspector keystoneauth1/5.1.0 python-requests/2.28.1 CPython/3.9.14"
- - - [20/Feb/2023:21:49:17 -0500] "GET /v1/ports?fields=address%2Cextra HTTP/1.1" 200 268 441793 "-" "ironic-inspector keystoneauth1/5.1.0 python-requests/2.28.1 CPython/3.9.14"
- - - [20/Feb/2023:21:49:21 -0500] "GET /v1/nodes/9ec53480-3366-4ae6-bd2e-226ae97b5fe0 HTTP/1.1" 200 3275 489207 "-" "python-urllib3/1.26.5"
- - - [20/Feb/2023:21:49:30 -0500] "GET / HTTP/1.1" 200 468 8843 "-" "python-requests/2.28.1"
- - - [20/Feb/2023:21:49:30 -0500] "GET /v1/lookup?addresses=98%3Af2%3Ab3%3A12%3A51%3Aa9%2C94%3A40%3Ac9%3A21%3Aa0%3A0a%2Cc6%3A8e%3A3c%3Ac4%3Ad5%3A99%2C94%3A40%3Ac9%3A21%3Aa0%3A08%2C98%3Af2%3Ab3%3A12%3A51%3Aaa%2C98%3Af2%3Ab3%3A12%3A51%3Aa8%2C94%3A40%3Ac9%3A21%3Aa0%3A0b%2C94%3A40%3Ac9%3A21%3Aa0%3A09%2C98%3Af2%3Ab3%3A12%3A51%3Aab HTTP/1.1" 200 1011 160773 "-" "python-requests/2.28.1"
- - - [20/Feb/2023:21:49:29 -0500] "GET /v1/nodes?fields=uuid HTTP/1.1" 200 271 432689 "-" "ironic-inspector keystoneauth1/5.1.0 python-requests/2.28.1 CPython/3.9.14"
- - - [20/Feb/2023:21:49:30 -0500] "POST /v1/heartbeat/9ec53480-3366-4ae6-bd2e-226ae97b5fe0 HTTP/1.1" 202 - 131015 "-" "python-requests/2.28.1"
- - - [20/Feb/2023:21:49:32 -0500] "GET /v1/ports?fields=address%2Cextra HTTP/1.1" 200 268 672614 "-" "ironic-inspector keystoneauth1/5.1.0 python-requests/2.28.1 CPython/3.9.14"
- - - [20/Feb/2023:21:49:33 -0500] "GET /v1/ports?fields=address%2Cextra HTTP/1.1" 200 268 578775 "-" "ironic-inspector keystoneauth1/5.1.0 python-requests/2.28.1 CPython/3.9.14"
- - - [20/Feb/2023:21:49:47 -0500] "GET /v1/ports?fields=address%2Cextra HTTP/1.1" 200 268 492421 "-" "ironic-inspector keystoneauth1/5.1.0 python-requests/2.28.1 CPython/3.9.14"
- - - [20/Feb/2023:21:49:47 -0500] "GET /v1/ports?fields=address%2Cextra HTTP/1.1" 200 268 515206 "-" "ironic-inspector keystoneauth1/5.1.0 python-requests/2.28.1 CPython/3.9.14"
- - - [20/Feb/2023:21:49:52 -0500] "GET /v1/nodes/9ec53480-3366-4ae6-bd2e-226ae97b5fe0 HTTP/1.1" 200 3269 612637 "-" "python-urllib3/1.26.5"
- - - [20/Feb/2023:21:49:52 -0500] "GET /v1/nodes/9ec53480-3366-4ae6-bd2e-226ae97b5fe0/vifs HTTP/1.1" 200 12 566352 "-" "python-urllib3/1.26.5"
- - - [20/Feb/2023:21:50:02 -0500] "GET /v1/ports?fields=address%2Cextra HTTP/1.1" 200 268 641657 "-" "ironic-inspector keystoneauth1/5.1.0 python-requests/2.28.1 CPython/3.9.14"
- - - [20/Feb/2023:21:50:03 -0500] "GET /v1/ports?fields=address%2Cextra HTTP/1.1" 200 268 509537 "-" "ironic-inspector keystoneauth1/5.1.0 python-requests/2.28.1 CPython/3.9.14"
- - - [20/Feb/2023:21:50:17 -0500] "GET /v1/ports?fields=address%2Cextra HTTP/1.1" 200 268 583457 "-" "ironic-inspector keystoneauth1/5.1.0 python-requests/2.28.1 CPython/3.9.14"
- - - [20/Feb/2023:21:50:17 -0500] "GET /v1/ports?fields=address%2Cextra HTTP/1.1" 200 268 524728 "-" "ironic-inspector keystoneauth1/5.1.0 python-requests/2.28.1 CPython/3.9.14"
- - - [20/Feb/2023:21:50:29 -0500] "GET /v1/nodes?fields=uuid HTTP/1.1" 200 271 432966 "-" "ironic-inspector keystoneauth1/5.1.0 python-requests/2.28.1 CPython/3.9.14"
- - - [20/Feb/2023:21:50:32 -0500] "GET /v1/ports?fields=address%2Cextra HTTP/1.1" 200 268 467591 "-" "ironic-inspector keystoneauth1/5.1.0 python-requests/2.28.1 CPython/3.9.14"
- - - [20/Feb/2023:21:50:32 -0500] "GET /v1/ports?fields=address%2Cextra HTTP/1.1" 200 268 496773 "-" "ironic-inspector keystoneauth1/5.1.0 python-requests/2.28.1 CPython/3.9.14"
- - - [20/Feb/2023:21:50:47 -0500] "GET /v1/ports?fields=address%2Cextra HTTP/1.1" 200 268 668756 "-" "ironic-inspector keystoneauth1/5.1.0 python-requests/2.28.1 CPython/3.9.14"
- - - [20/Feb/2023:21:50:48 -0500] "GET /v1/ports?fields=address%2Cextra HTTP/1.1" 200 268 478531 "-" "ironic-inspector keystoneauth1/5.1.0 python-requests/2.28.1 CPython/3.9.14"
- - - [20/Feb/2023:21:51:02 -0500] "GET /v1/ports?fields=address%2Cextra HTTP/1.1" 200 268 568734 "-" "ironic-inspector keystoneauth1/5.1.0 python-requests/2.28.1 CPython/3.9.14"
- - - [20/Feb/2023:21:51:02 -0500] "GET /v1/ports?fields=address%2Cextra HTTP/1.1" 200 268 523085 "-" "ironic-inspector keystoneauth1/5.1.0 python-requests/2.28.1 CPython/3.9.14"
- - - [20/Feb/2023:21:51:17 -0500] "GET /v1/ports?fields=address%2Cextra HTTP/1.1" 200 268 703454 "-" "ironic-inspector keystoneauth1/5.1.0 python-requests/2.28.1 CPython/3.9.14"
- - - [20/Feb/2023:21:51:18 -0500] "GET /v1/ports?fields=address%2Cextra HTTP/1.1" 200 268 534898 "-" "ironic-inspector keystoneauth1/5.1.0 python-requests/2.28.1 CPython/3.9.14"
- - - [20/Feb/2023:21:51:29 -0500] "GET /v1/nodes?fields=uuid HTTP/1.1" 200 271 521044 "-" "ironic-inspector keystoneauth1/5.1.0 python-requests/2.28.1 CPython/3.9.14"
- - - [20/Feb/2023:21:51:32 -0500] "GET /v1/ports?fields=address%2Cextra HTTP/1.1" 200 268 472816 "-" "ironic-inspector keystoneauth1/5.1.0 python-requests/2.28.1 CPython/3.9.14"
- - - [20/Feb/2023:21:51:32 -0500] "GET /v1/ports?fields=address%2Cextra HTTP/1.1" 200 268 531456 "-" "ironic-inspector keystoneauth1/5.1.0 python-requests/2.28.1 CPython/3.9.14"
- - - [20/Feb/2023:21:51:47 -0500] "GET /v1/ports?fields=address%2Cextra HTTP/1.1" 200 268 491414 "-" "ironic-inspector keystoneauth1/5.1.0 python-requests/2.28.1 CPython/3.9.14"
- - - [20/Feb/2023:21:51:47 -0500] "GET /v1/ports?fields=address%2Cextra HTTP/1.1" 200 268 497564 "-" "ironic-inspector keystoneauth1/5.1.0 python-requests/2.28.1 CPython/3.9.14"
- - - [20/Feb/2023:21:52:02 -0500] "GET /v1/ports?fields=address%2Cextra HTTP/1.1" 200 268 585305 "-" "ironic-inspector keystoneauth1/5.1.0 python-requests/2.28.1 CPython/3.9.14"
- - - [20/Feb/2023:21:52:02 -0500] "GET /v1/ports?fields=address%2Cextra HTTP/1.1" 200 268 410545 "-" "ironic-inspector keystoneauth1/5.1.0 python-requests/2.28.1 CPython/3.9.14"
