2023-02-22 07:04:26,918 p=5744 u=root n=ansible | [WARNING]: Invalid characters were found in group names but not replaced, use
-vvvv to see details

2023-02-22 07:04:29,534 p=5744 u=root n=ansible | PLAY [Gather facts for all hosts] **********************************************
2023-02-22 07:04:29,927 p=5744 u=root n=ansible | TASK [Gather facts] ************************************************************
2023-02-22 07:04:34,329 p=5744 u=root n=ansible | ok: [localhost]
2023-02-22 07:04:34,535 p=5744 u=root n=ansible | TASK [Group hosts to determine when using --limit] *****************************
2023-02-22 07:04:34,610 p=5744 u=root n=ansible | ok: [localhost]
2023-02-22 07:04:34,798 p=5744 u=root n=ansible | [WARNING]: Could not match supplied host pattern, ignoring:
all_using_limit_True

2023-02-22 07:04:34,807 p=5744 u=root n=ansible | PLAY [Gather facts for all hosts (if using --limit)] ***************************
2023-02-22 07:04:34,807 p=5744 u=root n=ansible | skipping: no hosts matched
2023-02-22 07:04:34,816 p=5744 u=root n=ansible | PLAY [Apply role baremetal] ****************************************************
2023-02-22 07:04:35,022 p=5744 u=root n=ansible | TASK [openstack.kolla.baremetal : Ensure localhost in /etc/hosts] **************
2023-02-22 07:04:35,852 p=5744 u=root n=ansible | changed: [localhost]
2023-02-22 07:04:35,939 p=5744 u=root n=ansible | TASK [openstack.kolla.baremetal : Ensure hostname does not point to 127.0.1.1 in /etc/hosts] ***
2023-02-22 07:04:36,439 p=5744 u=root n=ansible | ok: [localhost]
2023-02-22 07:04:36,564 p=5744 u=root n=ansible | TASK [openstack.kolla.baremetal : Generate /etc/hosts for all of the nodes] ****
2023-02-22 07:04:38,310 p=5744 u=root n=ansible | changed: [localhost]
2023-02-22 07:04:38,395 p=5744 u=root n=ansible | TASK [openstack.kolla.baremetal : Ensure unprivileged users can use ping] ******
2023-02-22 07:04:39,370 p=5744 u=root n=ansible | changed: [localhost]
2023-02-22 07:04:39,457 p=5744 u=root n=ansible | TASK [openstack.kolla.baremetal : Ensure /etc/cloud/cloud.cfg exists] **********
2023-02-22 07:04:40,541 p=5744 u=root n=ansible | ok: [localhost]
2023-02-22 07:04:40,690 p=5744 u=root n=ansible | TASK [openstack.kolla.baremetal : Disable cloud-init manage_etc_hosts] *********
2023-02-22 07:04:42,098 p=5744 u=root n=ansible | changed: [localhost]
2023-02-22 07:04:42,191 p=5744 u=root n=ansible | TASK [openstack.kolla.baremetal : Set firewall default policy] *****************
2023-02-22 07:04:42,260 p=5744 u=root n=ansible | skipping: [localhost]
2023-02-22 07:04:42,495 p=5744 u=root n=ansible | TASK [openstack.kolla.baremetal : Check if firewalld is installed] *************
2023-02-22 07:04:43,372 p=5744 u=root n=ansible | ok: [localhost]
2023-02-22 07:04:43,474 p=5744 u=root n=ansible | TASK [openstack.kolla.baremetal : Disable firewalld] ***************************
2023-02-22 07:04:43,559 p=5744 u=root n=ansible | skipping: [localhost] => (item=firewalld) 
2023-02-22 07:04:43,668 p=5744 u=root n=ansible | TASK [openstack.kolla.docker : Fail if docker_custom_option is defined] ********
2023-02-22 07:04:43,935 p=5744 u=root n=ansible | skipping: [localhost]
2023-02-22 07:04:44,020 p=5744 u=root n=ansible | TASK [openstack.kolla.docker : include_tasks] **********************************
2023-02-22 07:04:44,061 p=5744 u=root n=ansible | skipping: [localhost]
2023-02-22 07:04:44,147 p=5744 u=root n=ansible | TASK [openstack.kolla.docker : Ensure docker config directory exists] **********
2023-02-22 07:04:45,104 p=5744 u=root n=ansible | ok: [localhost]
2023-02-22 07:04:45,195 p=5744 u=root n=ansible | TASK [openstack.kolla.docker : Write docker config] ****************************
2023-02-22 07:04:46,422 p=5744 u=root n=ansible | changed: [localhost]
2023-02-22 07:04:46,509 p=5744 u=root n=ansible | TASK [openstack.kolla.docker : Remove old docker options file] *****************
2023-02-22 07:04:47,013 p=5744 u=root n=ansible | ok: [localhost]
2023-02-22 07:04:47,098 p=5744 u=root n=ansible | TASK [openstack.kolla.docker : Ensure docker service directory exists] *********
2023-02-22 07:04:47,151 p=5744 u=root n=ansible | skipping: [localhost]
2023-02-22 07:04:47,239 p=5744 u=root n=ansible | TASK [openstack.kolla.docker : Configure docker service] ***********************
2023-02-22 07:04:47,292 p=5744 u=root n=ansible | skipping: [localhost]
2023-02-22 07:04:47,375 p=5744 u=root n=ansible | TASK [openstack.kolla.docker : Ensure the path for CA file for private registry exists] ***
2023-02-22 07:04:47,423 p=5744 u=root n=ansible | skipping: [localhost]
2023-02-22 07:04:47,507 p=5744 u=root n=ansible | TASK [openstack.kolla.docker : Ensure the CA file for private registry exists] ***
2023-02-22 07:04:47,554 p=5744 u=root n=ansible | skipping: [localhost]
2023-02-22 07:04:47,638 p=5744 u=root n=ansible | TASK [openstack.kolla.docker : Flush handlers] *********************************
2023-02-22 07:04:47,639 p=5744 u=root n=ansible | RUNNING HANDLER [openstack.kolla.docker : Restart docker] **********************
2023-02-22 07:04:55,278 p=5744 u=root n=ansible | changed: [localhost]
2023-02-22 07:04:55,392 p=5744 u=root n=ansible | TASK [openstack.kolla.docker : Start and enable docker] ************************
2023-02-22 07:04:56,430 p=5744 u=root n=ansible | ok: [localhost]
2023-02-22 07:04:56,515 p=5744 u=root n=ansible | TASK [openstack.kolla.docker : include_tasks] **********************************
2023-02-22 07:04:56,563 p=5744 u=root n=ansible | skipping: [localhost]
2023-02-22 07:04:56,766 p=5744 u=root n=ansible | TASK [openstack.kolla.kolla_user : Ensure groups are present] ******************
2023-02-22 07:04:56,828 p=5744 u=root n=ansible | skipping: [localhost] => (item=docker) 
2023-02-22 07:04:56,835 p=5744 u=root n=ansible | skipping: [localhost] => (item=sudo) 
2023-02-22 07:04:56,842 p=5744 u=root n=ansible | skipping: [localhost] => (item=kolla) 
2023-02-22 07:04:56,957 p=5744 u=root n=ansible | TASK [openstack.kolla.kolla_user : Create kolla user] **************************
2023-02-22 07:04:57,011 p=5744 u=root n=ansible | skipping: [localhost]
2023-02-22 07:04:57,102 p=5744 u=root n=ansible | TASK [openstack.kolla.kolla_user : Add public key to kolla user authorized keys] ***
2023-02-22 07:04:57,146 p=5744 u=root n=ansible | skipping: [localhost]
2023-02-22 07:04:57,232 p=5744 u=root n=ansible | TASK [openstack.kolla.kolla_user : Grant kolla user passwordless sudo] *********
2023-02-22 07:04:57,301 p=5744 u=root n=ansible | skipping: [localhost]
2023-02-22 07:04:57,515 p=5744 u=root n=ansible | TASK [openstack.kolla.docker_sdk : Install latest pip in the virtualenv] *******
2023-02-22 07:04:57,582 p=5744 u=root n=ansible | skipping: [localhost]
2023-02-22 07:04:57,695 p=5744 u=root n=ansible | TASK [openstack.kolla.docker_sdk : Install docker SDK for python] **************
2023-02-22 07:05:06,457 p=5744 u=root n=ansible | ok: [localhost]
2023-02-22 07:05:06,688 p=5744 u=root n=ansible | TASK [openstack.kolla.baremetal : Ensure node_config_directory directory exists] ***
2023-02-22 07:05:07,262 p=5744 u=root n=ansible | ok: [localhost]
2023-02-22 07:05:07,346 p=5744 u=root n=ansible | TASK [openstack.kolla.apparmor_libvirt : include_tasks] ************************
2023-02-22 07:05:07,385 p=5744 u=root n=ansible | skipping: [localhost]
2023-02-22 07:05:07,556 p=5744 u=root n=ansible | TASK [openstack.kolla.baremetal : Change state of selinux] *********************
2023-02-22 07:05:09,196 p=5744 u=root n=ansible | ok: [localhost]
2023-02-22 07:05:09,323 p=5744 u=root n=ansible | TASK [openstack.kolla.baremetal : Set https proxy for git] *********************
2023-02-22 07:05:09,368 p=5744 u=root n=ansible | skipping: [localhost]
2023-02-22 07:05:09,482 p=5744 u=root n=ansible | TASK [openstack.kolla.baremetal : Set http proxy for git] **********************
2023-02-22 07:05:09,528 p=5744 u=root n=ansible | skipping: [localhost]
2023-02-22 07:05:09,621 p=5744 u=root n=ansible | TASK [openstack.kolla.baremetal : include_tasks] *******************************
2023-02-22 07:05:09,684 p=5744 u=root n=ansible | skipping: [localhost]
2023-02-22 07:05:09,943 p=5744 u=root n=ansible | PLAY RECAP *********************************************************************
2023-02-22 07:05:09,944 p=5744 u=root n=ansible | localhost                  : ok=17   changed=6    unreachable=0    failed=0    skipped=18   rescued=0    ignored=0   
