2023-04-25 23:51:34,125 p=5768 u=root n=ansible | [WARNING]: Invalid characters were found in group names but not replaced, use
-vvvv to see details

2023-04-25 23:51:42,054 p=5768 u=root n=ansible | PLAY [Gather facts for all hosts] **********************************************
2023-04-25 23:51:43,405 p=5768 u=root n=ansible | TASK [Gather facts] ************************************************************
2023-04-25 23:51:51,138 p=5768 u=root n=ansible | ok: [localhost]
2023-04-25 23:51:51,330 p=5768 u=root n=ansible | TASK [Group hosts to determine when using --limit] *****************************
2023-04-25 23:51:51,437 p=5768 u=root n=ansible | ok: [localhost]
2023-04-25 23:51:51,793 p=5768 u=root n=ansible | [WARNING]: Could not match supplied host pattern, ignoring:
all_using_limit_True

2023-04-25 23:51:51,811 p=5768 u=root n=ansible | PLAY [Gather facts for all hosts (if using --limit)] ***************************
2023-04-25 23:51:51,812 p=5768 u=root n=ansible | skipping: no hosts matched
2023-04-25 23:51:51,835 p=5768 u=root n=ansible | PLAY [Apply role baremetal] ****************************************************
2023-04-25 23:51:52,186 p=5768 u=root n=ansible | TASK [openstack.kolla.baremetal : Ensure localhost in /etc/hosts] **************
2023-04-25 23:51:53,307 p=5768 u=root n=ansible | changed: [localhost]
2023-04-25 23:51:53,443 p=5768 u=root n=ansible | TASK [openstack.kolla.baremetal : Ensure hostname does not point to 127.0.1.1 in /etc/hosts] ***
2023-04-25 23:51:54,074 p=5768 u=root n=ansible | ok: [localhost]
2023-04-25 23:51:54,172 p=5768 u=root n=ansible | TASK [openstack.kolla.baremetal : Generate /etc/hosts for all of the nodes] ****
2023-04-25 23:51:56,023 p=5768 u=root n=ansible | changed: [localhost]
2023-04-25 23:51:56,173 p=5768 u=root n=ansible | TASK [openstack.kolla.baremetal : Ensure unprivileged users can use ping] ******
2023-04-25 23:51:57,437 p=5768 u=root n=ansible | changed: [localhost]
2023-04-25 23:51:57,546 p=5768 u=root n=ansible | TASK [openstack.kolla.baremetal : Ensure /etc/cloud/cloud.cfg exists] **********
2023-04-25 23:51:59,170 p=5768 u=root n=ansible | ok: [localhost]
2023-04-25 23:51:59,309 p=5768 u=root n=ansible | TASK [openstack.kolla.baremetal : Disable cloud-init manage_etc_hosts] *********
2023-04-25 23:52:01,204 p=5768 u=root n=ansible | changed: [localhost]
2023-04-25 23:52:01,400 p=5768 u=root n=ansible | TASK [openstack.kolla.baremetal : Set firewall default policy] *****************
2023-04-25 23:52:01,476 p=5768 u=root n=ansible | skipping: [localhost]
2023-04-25 23:52:01,675 p=5768 u=root n=ansible | TASK [openstack.kolla.baremetal : Check if firewalld is installed] *************
2023-04-25 23:52:02,760 p=5768 u=root n=ansible | ok: [localhost]
2023-04-25 23:52:02,870 p=5768 u=root n=ansible | TASK [openstack.kolla.baremetal : Disable firewalld] ***************************
2023-04-25 23:52:03,004 p=5768 u=root n=ansible | skipping: [localhost] => (item=firewalld) 
2023-04-25 23:52:03,229 p=5768 u=root n=ansible | TASK [openstack.kolla.docker : Fail if docker_custom_option is defined] ********
2023-04-25 23:52:03,634 p=5768 u=root n=ansible | skipping: [localhost]
2023-04-25 23:52:03,787 p=5768 u=root n=ansible | TASK [openstack.kolla.docker : include_tasks] **********************************
2023-04-25 23:52:03,880 p=5768 u=root n=ansible | skipping: [localhost]
2023-04-25 23:52:04,053 p=5768 u=root n=ansible | TASK [openstack.kolla.docker : Ensure docker config directory exists] **********
2023-04-25 23:52:05,854 p=5768 u=root n=ansible | ok: [localhost]
2023-04-25 23:52:05,949 p=5768 u=root n=ansible | TASK [openstack.kolla.docker : Write docker config] ****************************
2023-04-25 23:52:07,354 p=5768 u=root n=ansible | changed: [localhost]
2023-04-25 23:52:07,518 p=5768 u=root n=ansible | TASK [openstack.kolla.docker : Remove old docker options file] *****************
2023-04-25 23:52:08,237 p=5768 u=root n=ansible | ok: [localhost]
2023-04-25 23:52:08,395 p=5768 u=root n=ansible | TASK [openstack.kolla.docker : Ensure docker service directory exists] *********
2023-04-25 23:52:08,492 p=5768 u=root n=ansible | skipping: [localhost]
2023-04-25 23:52:08,665 p=5768 u=root n=ansible | TASK [openstack.kolla.docker : Configure docker service] ***********************
2023-04-25 23:52:08,723 p=5768 u=root n=ansible | skipping: [localhost]
2023-04-25 23:52:08,820 p=5768 u=root n=ansible | TASK [openstack.kolla.docker : Ensure the path for CA file for private registry exists] ***
2023-04-25 23:52:08,875 p=5768 u=root n=ansible | skipping: [localhost]
2023-04-25 23:52:08,967 p=5768 u=root n=ansible | TASK [openstack.kolla.docker : Ensure the CA file for private registry exists] ***
2023-04-25 23:52:09,020 p=5768 u=root n=ansible | skipping: [localhost]
2023-04-25 23:52:09,117 p=5768 u=root n=ansible | TASK [openstack.kolla.docker : Flush handlers] *********************************
2023-04-25 23:52:09,118 p=5768 u=root n=ansible | RUNNING HANDLER [openstack.kolla.docker : Restart docker] **********************
2023-04-25 23:52:16,071 p=5768 u=root n=ansible | changed: [localhost]
2023-04-25 23:52:16,220 p=5768 u=root n=ansible | TASK [openstack.kolla.docker : Start and enable docker] ************************
2023-04-25 23:52:17,257 p=5768 u=root n=ansible | ok: [localhost]
2023-04-25 23:52:17,426 p=5768 u=root n=ansible | TASK [openstack.kolla.docker : include_tasks] **********************************
2023-04-25 23:52:17,493 p=5768 u=root n=ansible | skipping: [localhost]
2023-04-25 23:52:17,723 p=5768 u=root n=ansible | TASK [openstack.kolla.kolla_user : Ensure groups are present] ******************
2023-04-25 23:52:17,793 p=5768 u=root n=ansible | skipping: [localhost] => (item=docker) 
2023-04-25 23:52:17,809 p=5768 u=root n=ansible | skipping: [localhost] => (item=sudo) 
2023-04-25 23:52:17,817 p=5768 u=root n=ansible | skipping: [localhost] => (item=kolla) 
2023-04-25 23:52:17,937 p=5768 u=root n=ansible | TASK [openstack.kolla.kolla_user : Create kolla user] **************************
2023-04-25 23:52:17,995 p=5768 u=root n=ansible | skipping: [localhost]
2023-04-25 23:52:18,150 p=5768 u=root n=ansible | TASK [openstack.kolla.kolla_user : Add public key to kolla user authorized keys] ***
2023-04-25 23:52:18,236 p=5768 u=root n=ansible | skipping: [localhost]
2023-04-25 23:52:18,398 p=5768 u=root n=ansible | TASK [openstack.kolla.kolla_user : Grant kolla user passwordless sudo] *********
2023-04-25 23:52:18,463 p=5768 u=root n=ansible | skipping: [localhost]
2023-04-25 23:52:18,808 p=5768 u=root n=ansible | TASK [openstack.kolla.docker_sdk : Install latest pip in the virtualenv] *******
2023-04-25 23:52:18,906 p=5768 u=root n=ansible | skipping: [localhost]
2023-04-25 23:52:19,066 p=5768 u=root n=ansible | TASK [openstack.kolla.docker_sdk : Install docker SDK for python] **************
2023-04-25 23:52:51,305 p=5768 u=root n=ansible | ok: [localhost]
2023-04-25 23:52:51,470 p=5768 u=root n=ansible | TASK [openstack.kolla.baremetal : Ensure node_config_directory directory exists] ***
2023-04-25 23:52:52,052 p=5768 u=root n=ansible | ok: [localhost]
2023-04-25 23:52:52,178 p=5768 u=root n=ansible | TASK [openstack.kolla.apparmor_libvirt : include_tasks] ************************
2023-04-25 23:52:52,238 p=5768 u=root n=ansible | skipping: [localhost]
2023-04-25 23:52:52,423 p=5768 u=root n=ansible | TASK [openstack.kolla.baremetal : Change state of selinux] *********************
2023-04-25 23:52:53,983 p=5768 u=root n=ansible | ok: [localhost]
2023-04-25 23:52:54,096 p=5768 u=root n=ansible | TASK [openstack.kolla.baremetal : Set https proxy for git] *********************
2023-04-25 23:52:54,147 p=5768 u=root n=ansible | skipping: [localhost]
2023-04-25 23:52:54,277 p=5768 u=root n=ansible | TASK [openstack.kolla.baremetal : Set http proxy for git] **********************
2023-04-25 23:52:54,366 p=5768 u=root n=ansible | skipping: [localhost]
2023-04-25 23:52:54,491 p=5768 u=root n=ansible | TASK [openstack.kolla.baremetal : include_tasks] *******************************
2023-04-25 23:52:54,553 p=5768 u=root n=ansible | skipping: [localhost]
2023-04-25 23:52:54,816 p=5768 u=root n=ansible | PLAY RECAP *********************************************************************
2023-04-25 23:52:54,817 p=5768 u=root n=ansible | localhost                  : ok=17   changed=6    unreachable=0    failed=0    skipped=18   rescued=0    ignored=0   
