2023-04-24 07:27:15,649 p=5754 u=root n=ansible | [WARNING]: Invalid characters were found in group names but not replaced, use
-vvvv to see details

2023-04-24 07:27:19,371 p=5754 u=root n=ansible | PLAY [Gather facts for all hosts] **********************************************
2023-04-24 07:27:19,732 p=5754 u=root n=ansible | TASK [Gather facts] ************************************************************
2023-04-24 07:27:25,023 p=5754 u=root n=ansible | ok: [localhost]
2023-04-24 07:27:25,184 p=5754 u=root n=ansible | TASK [Group hosts to determine when using --limit] *****************************
2023-04-24 07:27:25,272 p=5754 u=root n=ansible | ok: [localhost]
2023-04-24 07:27:25,596 p=5754 u=root n=ansible | [WARNING]: Could not match supplied host pattern, ignoring:
all_using_limit_True

2023-04-24 07:27:25,614 p=5754 u=root n=ansible | PLAY [Gather facts for all hosts (if using --limit)] ***************************
2023-04-24 07:27:25,614 p=5754 u=root n=ansible | skipping: no hosts matched
2023-04-24 07:27:25,627 p=5754 u=root n=ansible | PLAY [Apply role baremetal] ****************************************************
2023-04-24 07:27:26,117 p=5754 u=root n=ansible | TASK [openstack.kolla.baremetal : Ensure localhost in /etc/hosts] **************
2023-04-24 07:27:27,016 p=5754 u=root n=ansible | changed: [localhost]
2023-04-24 07:27:27,106 p=5754 u=root n=ansible | TASK [openstack.kolla.baremetal : Ensure hostname does not point to 127.0.1.1 in /etc/hosts] ***
2023-04-24 07:27:27,630 p=5754 u=root n=ansible | ok: [localhost]
2023-04-24 07:27:27,722 p=5754 u=root n=ansible | TASK [openstack.kolla.baremetal : Generate /etc/hosts for all of the nodes] ****
2023-04-24 07:27:29,246 p=5754 u=root n=ansible | changed: [localhost]
2023-04-24 07:27:29,337 p=5754 u=root n=ansible | TASK [openstack.kolla.baremetal : Ensure unprivileged users can use ping] ******
2023-04-24 07:27:30,189 p=5754 u=root n=ansible | changed: [localhost]
2023-04-24 07:27:30,280 p=5754 u=root n=ansible | TASK [openstack.kolla.baremetal : Ensure /etc/cloud/cloud.cfg exists] **********
2023-04-24 07:27:31,173 p=5754 u=root n=ansible | ok: [localhost]
2023-04-24 07:27:31,278 p=5754 u=root n=ansible | TASK [openstack.kolla.baremetal : Disable cloud-init manage_etc_hosts] *********
2023-04-24 07:27:32,922 p=5754 u=root n=ansible | changed: [localhost]
2023-04-24 07:27:33,015 p=5754 u=root n=ansible | TASK [openstack.kolla.baremetal : Set firewall default policy] *****************
2023-04-24 07:27:33,098 p=5754 u=root n=ansible | skipping: [localhost]
2023-04-24 07:27:33,226 p=5754 u=root n=ansible | TASK [openstack.kolla.baremetal : Check if firewalld is installed] *************
2023-04-24 07:27:34,178 p=5754 u=root n=ansible | ok: [localhost]
2023-04-24 07:27:34,284 p=5754 u=root n=ansible | TASK [openstack.kolla.baremetal : Disable firewalld] ***************************
2023-04-24 07:27:34,364 p=5754 u=root n=ansible | skipping: [localhost] => (item=firewalld) 
2023-04-24 07:27:34,456 p=5754 u=root n=ansible | TASK [openstack.kolla.docker : Fail if docker_custom_option is defined] ********
2023-04-24 07:27:34,519 p=5754 u=root n=ansible | skipping: [localhost]
2023-04-24 07:27:34,604 p=5754 u=root n=ansible | TASK [openstack.kolla.docker : include_tasks] **********************************
2023-04-24 07:27:34,652 p=5754 u=root n=ansible | skipping: [localhost]
2023-04-24 07:27:34,737 p=5754 u=root n=ansible | TASK [openstack.kolla.docker : Ensure docker config directory exists] **********
2023-04-24 07:27:35,626 p=5754 u=root n=ansible | ok: [localhost]
2023-04-24 07:27:35,719 p=5754 u=root n=ansible | TASK [openstack.kolla.docker : Write docker config] ****************************
2023-04-24 07:27:37,032 p=5754 u=root n=ansible | changed: [localhost]
2023-04-24 07:27:37,124 p=5754 u=root n=ansible | TASK [openstack.kolla.docker : Remove old docker options file] *****************
2023-04-24 07:27:37,636 p=5754 u=root n=ansible | ok: [localhost]
2023-04-24 07:27:37,730 p=5754 u=root n=ansible | TASK [openstack.kolla.docker : Ensure docker service directory exists] *********
2023-04-24 07:27:37,782 p=5754 u=root n=ansible | skipping: [localhost]
2023-04-24 07:27:37,882 p=5754 u=root n=ansible | TASK [openstack.kolla.docker : Configure docker service] ***********************
2023-04-24 07:27:37,968 p=5754 u=root n=ansible | skipping: [localhost]
2023-04-24 07:27:38,079 p=5754 u=root n=ansible | TASK [openstack.kolla.docker : Ensure the path for CA file for private registry exists] ***
2023-04-24 07:27:38,157 p=5754 u=root n=ansible | skipping: [localhost]
2023-04-24 07:27:38,251 p=5754 u=root n=ansible | TASK [openstack.kolla.docker : Ensure the CA file for private registry exists] ***
2023-04-24 07:27:38,317 p=5754 u=root n=ansible | skipping: [localhost]
2023-04-24 07:27:38,414 p=5754 u=root n=ansible | TASK [openstack.kolla.docker : Flush handlers] *********************************
2023-04-24 07:27:38,415 p=5754 u=root n=ansible | RUNNING HANDLER [openstack.kolla.docker : Restart docker] **********************
2023-04-24 07:27:42,431 p=5754 u=root n=ansible | changed: [localhost]
2023-04-24 07:27:42,536 p=5754 u=root n=ansible | TASK [openstack.kolla.docker : Start and enable docker] ************************
2023-04-24 07:27:43,695 p=5754 u=root n=ansible | ok: [localhost]
2023-04-24 07:27:43,783 p=5754 u=root n=ansible | TASK [openstack.kolla.docker : include_tasks] **********************************
2023-04-24 07:27:43,829 p=5754 u=root n=ansible | skipping: [localhost]
2023-04-24 07:27:43,998 p=5754 u=root n=ansible | TASK [openstack.kolla.kolla_user : Ensure groups are present] ******************
2023-04-24 07:27:44,068 p=5754 u=root n=ansible | skipping: [localhost] => (item=docker) 
2023-04-24 07:27:44,081 p=5754 u=root n=ansible | skipping: [localhost] => (item=sudo) 
2023-04-24 07:27:44,090 p=5754 u=root n=ansible | skipping: [localhost] => (item=kolla) 
2023-04-24 07:27:44,177 p=5754 u=root n=ansible | TASK [openstack.kolla.kolla_user : Create kolla user] **************************
2023-04-24 07:27:44,217 p=5754 u=root n=ansible | skipping: [localhost]
2023-04-24 07:27:44,302 p=5754 u=root n=ansible | TASK [openstack.kolla.kolla_user : Add public key to kolla user authorized keys] ***
2023-04-24 07:27:44,342 p=5754 u=root n=ansible | skipping: [localhost]
2023-04-24 07:27:44,429 p=5754 u=root n=ansible | TASK [openstack.kolla.kolla_user : Grant kolla user passwordless sudo] *********
2023-04-24 07:27:44,471 p=5754 u=root n=ansible | skipping: [localhost]
2023-04-24 07:27:44,636 p=5754 u=root n=ansible | TASK [openstack.kolla.docker_sdk : Install latest pip in the virtualenv] *******
2023-04-24 07:27:44,693 p=5754 u=root n=ansible | skipping: [localhost]
2023-04-24 07:27:44,780 p=5754 u=root n=ansible | TASK [openstack.kolla.docker_sdk : Install docker SDK for python] **************
2023-04-24 07:28:11,524 p=5754 u=root n=ansible | ok: [localhost]
2023-04-24 07:28:11,729 p=5754 u=root n=ansible | TASK [openstack.kolla.baremetal : Ensure node_config_directory directory exists] ***
2023-04-24 07:28:12,377 p=5754 u=root n=ansible | ok: [localhost]
2023-04-24 07:28:12,501 p=5754 u=root n=ansible | TASK [openstack.kolla.apparmor_libvirt : include_tasks] ************************
2023-04-24 07:28:12,551 p=5754 u=root n=ansible | skipping: [localhost]
2023-04-24 07:28:12,764 p=5754 u=root n=ansible | TASK [openstack.kolla.baremetal : Change state of selinux] *********************
2023-04-24 07:28:14,348 p=5754 u=root n=ansible | ok: [localhost]
2023-04-24 07:28:14,433 p=5754 u=root n=ansible | TASK [openstack.kolla.baremetal : Set https proxy for git] *********************
2023-04-24 07:28:14,474 p=5754 u=root n=ansible | skipping: [localhost]
2023-04-24 07:28:14,562 p=5754 u=root n=ansible | TASK [openstack.kolla.baremetal : Set http proxy for git] **********************
2023-04-24 07:28:14,601 p=5754 u=root n=ansible | skipping: [localhost]
2023-04-24 07:28:14,687 p=5754 u=root n=ansible | TASK [openstack.kolla.baremetal : include_tasks] *******************************
2023-04-24 07:28:14,735 p=5754 u=root n=ansible | skipping: [localhost]
2023-04-24 07:28:15,056 p=5754 u=root n=ansible | PLAY RECAP *********************************************************************
2023-04-24 07:28:15,056 p=5754 u=root n=ansible | localhost                  : ok=17   changed=6    unreachable=0    failed=0    skipped=18   rescued=0    ignored=0   
