2023-03-13 15:31:00,946 p=5753 u=root n=ansible | [WARNING]: Invalid characters were found in group names but not replaced, use
-vvvv to see details

2023-03-13 15:31:02,993 p=5753 u=root n=ansible | PLAY [Gather facts for all hosts] **********************************************
2023-03-13 15:31:03,264 p=5753 u=root n=ansible | TASK [Gather facts] ************************************************************
2023-03-13 15:31:07,081 p=5753 u=root n=ansible | ok: [localhost]
2023-03-13 15:31:07,171 p=5753 u=root n=ansible | TASK [Group hosts to determine when using --limit] *****************************
2023-03-13 15:31:07,245 p=5753 u=root n=ansible | ok: [localhost]
2023-03-13 15:31:07,442 p=5753 u=root n=ansible | [WARNING]: Could not match supplied host pattern, ignoring:
all_using_limit_True

2023-03-13 15:31:07,451 p=5753 u=root n=ansible | PLAY [Gather facts for all hosts (if using --limit)] ***************************
2023-03-13 15:31:07,452 p=5753 u=root n=ansible | skipping: no hosts matched
2023-03-13 15:31:07,464 p=5753 u=root n=ansible | PLAY [Apply role baremetal] ****************************************************
2023-03-13 15:31:07,730 p=5753 u=root n=ansible | TASK [openstack.kolla.baremetal : Ensure localhost in /etc/hosts] **************
2023-03-13 15:31:08,730 p=5753 u=root n=ansible | changed: [localhost]
2023-03-13 15:31:08,822 p=5753 u=root n=ansible | TASK [openstack.kolla.baremetal : Ensure hostname does not point to 127.0.1.1 in /etc/hosts] ***
2023-03-13 15:31:09,327 p=5753 u=root n=ansible | ok: [localhost]
2023-03-13 15:31:09,436 p=5753 u=root n=ansible | TASK [openstack.kolla.baremetal : Generate /etc/hosts for all of the nodes] ****
2023-03-13 15:31:10,943 p=5753 u=root n=ansible | changed: [localhost]
2023-03-13 15:31:11,033 p=5753 u=root n=ansible | TASK [openstack.kolla.baremetal : Ensure unprivileged users can use ping] ******
2023-03-13 15:31:11,971 p=5753 u=root n=ansible | changed: [localhost]
2023-03-13 15:31:12,060 p=5753 u=root n=ansible | TASK [openstack.kolla.baremetal : Ensure /etc/cloud/cloud.cfg exists] **********
2023-03-13 15:31:13,076 p=5753 u=root n=ansible | ok: [localhost]
2023-03-13 15:31:13,168 p=5753 u=root n=ansible | TASK [openstack.kolla.baremetal : Disable cloud-init manage_etc_hosts] *********
2023-03-13 15:31:14,630 p=5753 u=root n=ansible | changed: [localhost]
2023-03-13 15:31:14,721 p=5753 u=root n=ansible | TASK [openstack.kolla.baremetal : Set firewall default policy] *****************
2023-03-13 15:31:14,775 p=5753 u=root n=ansible | skipping: [localhost]
2023-03-13 15:31:14,866 p=5753 u=root n=ansible | TASK [openstack.kolla.baremetal : Check if firewalld is installed] *************
2023-03-13 15:31:16,255 p=5753 u=root n=ansible | ok: [localhost]
2023-03-13 15:31:16,345 p=5753 u=root n=ansible | TASK [openstack.kolla.baremetal : Disable firewalld] ***************************
2023-03-13 15:31:16,412 p=5753 u=root n=ansible | skipping: [localhost] => (item=firewalld) 
2023-03-13 15:31:16,507 p=5753 u=root n=ansible | TASK [openstack.kolla.docker : Fail if docker_custom_option is defined] ********
2023-03-13 15:31:16,602 p=5753 u=root n=ansible | skipping: [localhost]
2023-03-13 15:31:16,690 p=5753 u=root n=ansible | TASK [openstack.kolla.docker : include_tasks] **********************************
2023-03-13 15:31:16,754 p=5753 u=root n=ansible | skipping: [localhost]
2023-03-13 15:31:16,847 p=5753 u=root n=ansible | TASK [openstack.kolla.docker : Ensure docker config directory exists] **********
2023-03-13 15:31:18,052 p=5753 u=root n=ansible | ok: [localhost]
2023-03-13 15:31:18,151 p=5753 u=root n=ansible | TASK [openstack.kolla.docker : Write docker config] ****************************
2023-03-13 15:31:19,367 p=5753 u=root n=ansible | changed: [localhost]
2023-03-13 15:31:19,480 p=5753 u=root n=ansible | TASK [openstack.kolla.docker : Remove old docker options file] *****************
2023-03-13 15:31:19,986 p=5753 u=root n=ansible | ok: [localhost]
2023-03-13 15:31:20,074 p=5753 u=root n=ansible | TASK [openstack.kolla.docker : Ensure docker service directory exists] *********
2023-03-13 15:31:20,124 p=5753 u=root n=ansible | skipping: [localhost]
2023-03-13 15:31:20,218 p=5753 u=root n=ansible | TASK [openstack.kolla.docker : Configure docker service] ***********************
2023-03-13 15:31:20,268 p=5753 u=root n=ansible | skipping: [localhost]
2023-03-13 15:31:20,355 p=5753 u=root n=ansible | TASK [openstack.kolla.docker : Ensure the path for CA file for private registry exists] ***
2023-03-13 15:31:20,402 p=5753 u=root n=ansible | skipping: [localhost]
2023-03-13 15:31:20,496 p=5753 u=root n=ansible | TASK [openstack.kolla.docker : Ensure the CA file for private registry exists] ***
2023-03-13 15:31:20,565 p=5753 u=root n=ansible | skipping: [localhost]
2023-03-13 15:31:20,669 p=5753 u=root n=ansible | TASK [openstack.kolla.docker : Flush handlers] *********************************
2023-03-13 15:31:20,670 p=5753 u=root n=ansible | RUNNING HANDLER [openstack.kolla.docker : Restart docker] **********************
2023-03-13 15:31:24,430 p=5753 u=root n=ansible | changed: [localhost]
2023-03-13 15:31:24,530 p=5753 u=root n=ansible | TASK [openstack.kolla.docker : Start and enable docker] ************************
2023-03-13 15:31:25,456 p=5753 u=root n=ansible | ok: [localhost]
2023-03-13 15:31:25,559 p=5753 u=root n=ansible | TASK [openstack.kolla.docker : include_tasks] **********************************
2023-03-13 15:31:25,601 p=5753 u=root n=ansible | skipping: [localhost]
2023-03-13 15:31:25,768 p=5753 u=root n=ansible | TASK [openstack.kolla.kolla_user : Ensure groups are present] ******************
2023-03-13 15:31:25,822 p=5753 u=root n=ansible | skipping: [localhost] => (item=docker) 
2023-03-13 15:31:25,825 p=5753 u=root n=ansible | skipping: [localhost] => (item=sudo) 
2023-03-13 15:31:25,836 p=5753 u=root n=ansible | skipping: [localhost] => (item=kolla) 
2023-03-13 15:31:25,924 p=5753 u=root n=ansible | TASK [openstack.kolla.kolla_user : Create kolla user] **************************
2023-03-13 15:31:25,967 p=5753 u=root n=ansible | skipping: [localhost]
2023-03-13 15:31:26,055 p=5753 u=root n=ansible | TASK [openstack.kolla.kolla_user : Add public key to kolla user authorized keys] ***
2023-03-13 15:31:26,100 p=5753 u=root n=ansible | skipping: [localhost]
2023-03-13 15:31:26,187 p=5753 u=root n=ansible | TASK [openstack.kolla.kolla_user : Grant kolla user passwordless sudo] *********
2023-03-13 15:31:26,232 p=5753 u=root n=ansible | skipping: [localhost]
2023-03-13 15:31:26,399 p=5753 u=root n=ansible | TASK [openstack.kolla.docker_sdk : Install latest pip in the virtualenv] *******
2023-03-13 15:31:26,465 p=5753 u=root n=ansible | skipping: [localhost]
2023-03-13 15:31:26,555 p=5753 u=root n=ansible | TASK [openstack.kolla.docker_sdk : Install docker SDK for python] **************
2023-03-13 15:31:52,280 p=5753 u=root n=ansible | ok: [localhost]
2023-03-13 15:31:52,452 p=5753 u=root n=ansible | TASK [openstack.kolla.baremetal : Ensure node_config_directory directory exists] ***
2023-03-13 15:31:53,032 p=5753 u=root n=ansible | ok: [localhost]
2023-03-13 15:31:53,154 p=5753 u=root n=ansible | TASK [openstack.kolla.apparmor_libvirt : include_tasks] ************************
2023-03-13 15:31:53,209 p=5753 u=root n=ansible | skipping: [localhost]
2023-03-13 15:31:53,397 p=5753 u=root n=ansible | TASK [openstack.kolla.baremetal : Change state of selinux] *********************
2023-03-13 15:31:55,205 p=5753 u=root n=ansible | ok: [localhost]
2023-03-13 15:31:55,295 p=5753 u=root n=ansible | TASK [openstack.kolla.baremetal : Set https proxy for git] *********************
2023-03-13 15:31:55,344 p=5753 u=root n=ansible | skipping: [localhost]
2023-03-13 15:31:55,445 p=5753 u=root n=ansible | TASK [openstack.kolla.baremetal : Set http proxy for git] **********************
2023-03-13 15:31:55,492 p=5753 u=root n=ansible | skipping: [localhost]
2023-03-13 15:31:55,601 p=5753 u=root n=ansible | TASK [openstack.kolla.baremetal : include_tasks] *******************************
2023-03-13 15:31:55,679 p=5753 u=root n=ansible | skipping: [localhost]
2023-03-13 15:31:55,948 p=5753 u=root n=ansible | PLAY RECAP *********************************************************************
2023-03-13 15:31:55,949 p=5753 u=root n=ansible | localhost                  : ok=17   changed=6    unreachable=0    failed=0    skipped=18   rescued=0    ignored=0   
