2023-02-16 13:45:36.649823-05:00 [notice] <0.223.0> Logging: configured log handlers are now ACTIVE
2023-02-16 13:45:37.109228-05:00 [info] <0.223.0> ra: starting system quorum_queues
2023-02-16 13:45:37.109589-05:00 [info] <0.223.0> starting Ra system: quorum_queues in directory: /var/lib/rabbitmq/mnesia/rabbit@host-169-16-1-187/quorum/rabbit@host-169-16-1-187
2023-02-16 13:45:37.255003-05:00 [info] <0.299.0> ra system 'quorum_queues' running pre init for 0 registered servers
2023-02-16 13:45:37.278106-05:00 [info] <0.301.0> ra: meta data store initialised for system quorum_queues. 0 record(s) recovered
2023-02-16 13:45:37.308916-05:00 [notice] <0.306.0> WAL: ra_log_wal init, open tbls: ra_log_open_mem_tables, closed tbls: ra_log_closed_mem_tables
2023-02-16 13:45:37.324660-05:00 [info] <0.223.0> ra: starting system coordination
2023-02-16 13:45:37.324977-05:00 [info] <0.223.0> starting Ra system: coordination in directory: /var/lib/rabbitmq/mnesia/rabbit@host-169-16-1-187/coordination/rabbit@host-169-16-1-187
2023-02-16 13:45:37.328280-05:00 [info] <0.313.0> ra system 'coordination' running pre init for 0 registered servers
2023-02-16 13:45:37.330330-05:00 [info] <0.314.0> ra: meta data store initialised for system coordination. 0 record(s) recovered
2023-02-16 13:45:37.331037-05:00 [notice] <0.319.0> WAL: ra_coordination_log_wal init, open tbls: ra_coordination_log_open_mem_tables, closed tbls: ra_coordination_log_closed_mem_tables
2023-02-16 13:45:37.336334-05:00 [info] <0.223.0> 
2023-02-16 13:45:37.336334-05:00 [info] <0.223.0>  Starting RabbitMQ 3.10.12 on Erlang 25.1.1 [jit]
2023-02-16 13:45:37.336334-05:00 [info] <0.223.0>  Copyright (c) 2007-2022 VMware, Inc. or its affiliates.
2023-02-16 13:45:37.336334-05:00 [info] <0.223.0>  Licensed under the MPL 2.0. Website: https://rabbitmq.com
2023-02-16 13:45:37.340236-05:00 [info] <0.223.0> 
2023-02-16 13:45:37.340236-05:00 [info] <0.223.0>  node           : rabbit@host-169-16-1-187
2023-02-16 13:45:37.340236-05:00 [info] <0.223.0>  home dir       : /var/lib/rabbitmq
2023-02-16 13:45:37.340236-05:00 [info] <0.223.0>  config file(s) : /etc/rabbitmq/advanced.config
2023-02-16 13:45:37.340236-05:00 [info] <0.223.0>                 : /etc/rabbitmq/rabbitmq.conf
2023-02-16 13:45:37.340236-05:00 [info] <0.223.0>  cookie hash    : llG6FWwzS3JASYsSD1aAxg==
2023-02-16 13:45:37.340236-05:00 [info] <0.223.0>  log(s)         : /var/log/kolla/rabbitmq/rabbit@host-169-16-1-187.log
2023-02-16 13:45:37.340236-05:00 [info] <0.223.0>                 : /var/log/kolla/rabbitmq/rabbit@host-169-16-1-187_upgrade.log
2023-02-16 13:45:37.340236-05:00 [info] <0.223.0>                 : <stdout>
2023-02-16 13:45:37.340236-05:00 [info] <0.223.0>  database dir   : /var/lib/rabbitmq/mnesia/rabbit@host-169-16-1-187
2023-02-16 13:45:37.866786-05:00 [info] <0.223.0> Feature flags: list of feature flags found:
2023-02-16 13:45:37.867177-05:00 [info] <0.223.0> Feature flags:   [ ] classic_mirrored_queue_version
2023-02-16 13:45:37.867302-05:00 [info] <0.223.0> Feature flags:   [ ] classic_queue_type_delivery_support
2023-02-16 13:45:37.867410-05:00 [info] <0.223.0> Feature flags:   [ ] drop_unroutable_metric
2023-02-16 13:45:37.867651-05:00 [info] <0.223.0> Feature flags:   [ ] empty_basic_get_metric
2023-02-16 13:45:37.867744-05:00 [info] <0.223.0> Feature flags:   [ ] implicit_default_bindings
2023-02-16 13:45:37.867828-05:00 [info] <0.223.0> Feature flags:   [ ] maintenance_mode_status
2023-02-16 13:45:37.868038-05:00 [info] <0.223.0> Feature flags:   [ ] quorum_queue
2023-02-16 13:45:37.868147-05:00 [info] <0.223.0> Feature flags:   [ ] stream_queue
2023-02-16 13:45:37.868227-05:00 [info] <0.223.0> Feature flags:   [ ] user_limits
2023-02-16 13:45:37.868303-05:00 [info] <0.223.0> Feature flags:   [ ] virtual_host_metadata
2023-02-16 13:45:37.868630-05:00 [info] <0.223.0> Feature flags: feature flag states written to disk: yes
2023-02-16 13:45:44.239939-05:00 [info] <0.223.0> Running boot step pre_boot defined by app rabbit
2023-02-16 13:45:44.240648-05:00 [info] <0.223.0> Running boot step rabbit_global_counters defined by app rabbit
2023-02-16 13:45:44.242120-05:00 [info] <0.223.0> Running boot step rabbit_osiris_metrics defined by app rabbit
2023-02-16 13:45:44.242759-05:00 [info] <0.223.0> Running boot step rabbit_core_metrics defined by app rabbit
2023-02-16 13:45:44.244739-05:00 [info] <0.223.0> Running boot step rabbit_alarm defined by app rabbit
2023-02-16 13:45:44.288345-05:00 [info] <0.399.0> Memory high watermark set to 3075 MiB (3224559616 bytes) of 7687 MiB (8061399040 bytes) total
2023-02-16 13:45:44.315701-05:00 [info] <0.401.0> Enabling free disk space monitoring
2023-02-16 13:45:44.316052-05:00 [info] <0.401.0> Disk free limit set to 50MB
2023-02-16 13:45:44.323357-05:00 [info] <0.223.0> Running boot step code_server_cache defined by app rabbit
2023-02-16 13:45:44.324106-05:00 [info] <0.223.0> Running boot step file_handle_cache defined by app rabbit
2023-02-16 13:45:44.325181-05:00 [info] <0.404.0> Limiting to approx 1048479 file handles (943629 sockets)
2023-02-16 13:45:44.325673-05:00 [info] <0.405.0> FHC read buffering: OFF
2023-02-16 13:45:44.325810-05:00 [info] <0.405.0> FHC write buffering: ON
2023-02-16 13:45:44.327254-05:00 [info] <0.223.0> Running boot step worker_pool defined by app rabbit
2023-02-16 13:45:44.327498-05:00 [info] <0.321.0> Will use 2 processes for default worker pool
2023-02-16 13:45:44.327632-05:00 [info] <0.321.0> Starting worker pool 'worker_pool' with 2 processes in it
2023-02-16 13:45:44.328876-05:00 [info] <0.223.0> Running boot step database defined by app rabbit
2023-02-16 13:45:44.330891-05:00 [info] <0.223.0> Node database directory at /var/lib/rabbitmq/mnesia/rabbit@host-169-16-1-187 is empty. Assuming we need to join an existing cluster or initialise from scratch...
2023-02-16 13:45:44.331486-05:00 [info] <0.223.0> Configured peer discovery backend: rabbit_peer_discovery_classic_config
2023-02-16 13:45:44.332091-05:00 [info] <0.223.0> Will try to lock with peer discovery backend rabbit_peer_discovery_classic_config
2023-02-16 13:45:44.333585-05:00 [info] <0.223.0> All discovered existing cluster peers: rabbit@host-169-16-1-187
2023-02-16 13:45:44.333943-05:00 [info] <0.223.0> Discovered no peer nodes to cluster with. Some discovery backends can filter nodes out based on a readiness criteria. Enabling debug logging might help troubleshoot.
2023-02-16 13:45:44.348907-05:00 [notice] <0.44.0> Application mnesia exited with reason: stopped
2023-02-16 13:45:44.564542-05:00 [info] <0.223.0> Waiting for Mnesia tables for 30000 ms, 9 retries left
2023-02-16 13:45:44.565119-05:00 [info] <0.223.0> Successfully synced tables from a peer
2023-02-16 13:45:44.594510-05:00 [info] <0.223.0> Waiting for Mnesia tables for 30000 ms, 9 retries left
2023-02-16 13:45:44.595045-05:00 [info] <0.223.0> Successfully synced tables from a peer
2023-02-16 13:45:44.595249-05:00 [info] <0.223.0> Feature flag `classic_mirrored_queue_version`: supported, attempt to enable...
2023-02-16 13:45:44.595665-05:00 [info] <0.223.0> Feature flag `classic_mirrored_queue_version`: mark as enabled=state_changing
2023-02-16 13:45:44.598301-05:00 [info] <0.223.0> Feature flags: list of feature flags found:
2023-02-16 13:45:44.598550-05:00 [info] <0.223.0> Feature flags:   [~] classic_mirrored_queue_version
2023-02-16 13:45:44.598692-05:00 [info] <0.223.0> Feature flags:   [ ] classic_queue_type_delivery_support
2023-02-16 13:45:44.599162-05:00 [info] <0.223.0> Feature flags:   [ ] drop_unroutable_metric
2023-02-16 13:45:44.599304-05:00 [info] <0.223.0> Feature flags:   [ ] empty_basic_get_metric
2023-02-16 13:45:44.599505-05:00 [info] <0.223.0> Feature flags:   [ ] implicit_default_bindings
2023-02-16 13:45:44.600047-05:00 [info] <0.223.0> Feature flags:   [ ] maintenance_mode_status
2023-02-16 13:45:44.600375-05:00 [info] <0.223.0> Feature flags:   [ ] quorum_queue
2023-02-16 13:45:44.600630-05:00 [info] <0.223.0> Feature flags:   [ ] stream_queue
2023-02-16 13:45:44.600777-05:00 [info] <0.223.0> Feature flags:   [ ] user_limits
2023-02-16 13:45:44.600933-05:00 [info] <0.223.0> Feature flags:   [ ] virtual_host_metadata
2023-02-16 13:45:44.601110-05:00 [info] <0.223.0> Feature flags: feature flag states written to disk: yes
2023-02-16 13:45:44.638781-05:00 [info] <0.223.0> Feature flag `classic_mirrored_queue_version`: mark as enabled=true
2023-02-16 13:45:44.644914-05:00 [info] <0.223.0> Feature flags: list of feature flags found:
2023-02-16 13:45:44.645257-05:00 [info] <0.223.0> Feature flags:   [x] classic_mirrored_queue_version
2023-02-16 13:45:44.645463-05:00 [info] <0.223.0> Feature flags:   [ ] classic_queue_type_delivery_support
2023-02-16 13:45:44.645600-05:00 [info] <0.223.0> Feature flags:   [ ] drop_unroutable_metric
2023-02-16 13:45:44.645875-05:00 [info] <0.223.0> Feature flags:   [ ] empty_basic_get_metric
2023-02-16 13:45:44.646088-05:00 [info] <0.223.0> Feature flags:   [ ] implicit_default_bindings
2023-02-16 13:45:44.646282-05:00 [info] <0.223.0> Feature flags:   [ ] maintenance_mode_status
2023-02-16 13:45:44.646615-05:00 [info] <0.223.0> Feature flags:   [ ] quorum_queue
2023-02-16 13:45:44.646824-05:00 [info] <0.223.0> Feature flags:   [ ] stream_queue
2023-02-16 13:45:44.646936-05:00 [info] <0.223.0> Feature flags:   [ ] user_limits
2023-02-16 13:45:44.647118-05:00 [info] <0.223.0> Feature flags:   [ ] virtual_host_metadata
2023-02-16 13:45:44.647596-05:00 [info] <0.223.0> Feature flags: feature flag states written to disk: yes
2023-02-16 13:45:44.688553-05:00 [info] <0.223.0> Feature flag `classic_queue_type_delivery_support`: supported, attempt to enable...
2023-02-16 13:45:44.689244-05:00 [info] <0.223.0> Feature flag `classic_queue_type_delivery_support`: mark as enabled=state_changing
2023-02-16 13:45:44.692728-05:00 [info] <0.223.0> Feature flags: list of feature flags found:
2023-02-16 13:45:44.692892-05:00 [info] <0.223.0> Feature flags:   [x] classic_mirrored_queue_version
2023-02-16 13:45:44.693018-05:00 [info] <0.223.0> Feature flags:   [~] classic_queue_type_delivery_support
2023-02-16 13:45:44.693246-05:00 [info] <0.223.0> Feature flags:   [ ] drop_unroutable_metric
2023-02-16 13:45:44.693335-05:00 [info] <0.223.0> Feature flags:   [ ] empty_basic_get_metric
2023-02-16 13:45:44.693415-05:00 [info] <0.223.0> Feature flags:   [ ] implicit_default_bindings
2023-02-16 13:45:44.693717-05:00 [info] <0.223.0> Feature flags:   [ ] maintenance_mode_status
2023-02-16 13:45:44.693845-05:00 [info] <0.223.0> Feature flags:   [ ] quorum_queue
2023-02-16 13:45:44.694276-05:00 [info] <0.223.0> Feature flags:   [ ] stream_queue
2023-02-16 13:45:44.694366-05:00 [info] <0.223.0> Feature flags:   [ ] user_limits
2023-02-16 13:45:44.694661-05:00 [info] <0.223.0> Feature flags:   [ ] virtual_host_metadata
2023-02-16 13:45:44.694802-05:00 [info] <0.223.0> Feature flags: feature flag states written to disk: yes
2023-02-16 13:45:44.727547-05:00 [info] <0.223.0> Feature flag `stream_queue`: supported, attempt to enable...
2023-02-16 13:45:44.728211-05:00 [info] <0.223.0> Feature flag `stream_queue`: mark as enabled=state_changing
2023-02-16 13:45:44.730738-05:00 [info] <0.223.0> Feature flags: list of feature flags found:
2023-02-16 13:45:44.730886-05:00 [info] <0.223.0> Feature flags:   [x] classic_mirrored_queue_version
2023-02-16 13:45:44.731019-05:00 [info] <0.223.0> Feature flags:   [~] classic_queue_type_delivery_support
2023-02-16 13:45:44.731247-05:00 [info] <0.223.0> Feature flags:   [ ] drop_unroutable_metric
2023-02-16 13:45:44.731536-05:00 [info] <0.223.0> Feature flags:   [ ] empty_basic_get_metric
2023-02-16 13:45:44.731666-05:00 [info] <0.223.0> Feature flags:   [ ] implicit_default_bindings
2023-02-16 13:45:44.731902-05:00 [info] <0.223.0> Feature flags:   [ ] maintenance_mode_status
2023-02-16 13:45:44.732082-05:00 [info] <0.223.0> Feature flags:   [ ] quorum_queue
2023-02-16 13:45:44.732251-05:00 [info] <0.223.0> Feature flags:   [~] stream_queue
2023-02-16 13:45:44.732451-05:00 [info] <0.223.0> Feature flags:   [ ] user_limits
2023-02-16 13:45:44.732670-05:00 [info] <0.223.0> Feature flags:   [ ] virtual_host_metadata
2023-02-16 13:45:44.732831-05:00 [info] <0.223.0> Feature flags: feature flag states written to disk: yes
2023-02-16 13:45:44.756166-05:00 [info] <0.223.0> Feature flag `quorum_queue`: supported, attempt to enable...
2023-02-16 13:45:44.756539-05:00 [info] <0.223.0> Feature flag `quorum_queue`: mark as enabled=state_changing
2023-02-16 13:45:44.759237-05:00 [info] <0.223.0> Feature flags: list of feature flags found:
2023-02-16 13:45:44.759387-05:00 [info] <0.223.0> Feature flags:   [x] classic_mirrored_queue_version
2023-02-16 13:45:44.759512-05:00 [info] <0.223.0> Feature flags:   [~] classic_queue_type_delivery_support
2023-02-16 13:45:44.759746-05:00 [info] <0.223.0> Feature flags:   [ ] drop_unroutable_metric
2023-02-16 13:45:44.759989-05:00 [info] <0.223.0> Feature flags:   [ ] empty_basic_get_metric
2023-02-16 13:45:44.760219-05:00 [info] <0.223.0> Feature flags:   [ ] implicit_default_bindings
2023-02-16 13:45:44.760399-05:00 [info] <0.223.0> Feature flags:   [ ] maintenance_mode_status
2023-02-16 13:45:44.760718-05:00 [info] <0.223.0> Feature flags:   [~] quorum_queue
2023-02-16 13:45:44.761001-05:00 [info] <0.223.0> Feature flags:   [~] stream_queue
2023-02-16 13:45:44.761319-05:00 [info] <0.223.0> Feature flags:   [ ] user_limits
2023-02-16 13:45:44.761643-05:00 [info] <0.223.0> Feature flags:   [ ] virtual_host_metadata
2023-02-16 13:45:44.761843-05:00 [info] <0.223.0> Feature flags: feature flag states written to disk: yes
2023-02-16 13:45:44.791405-05:00 [info] <0.223.0> Waiting for Mnesia tables for 30000 ms, 9 retries left
2023-02-16 13:45:44.792491-05:00 [info] <0.223.0> Successfully synced tables from a peer
2023-02-16 13:45:44.792902-05:00 [info] <0.223.0> Feature flag `quorum_queue`:   migrating Mnesia table rabbit_queue...
2023-02-16 13:45:44.821406-05:00 [info] <0.223.0> Feature flag `quorum_queue`:   migrating Mnesia table rabbit_durable_queue...
2023-02-16 13:45:44.846128-05:00 [info] <0.223.0> Feature flag `quorum_queue`:   Mnesia tables migration done
2023-02-16 13:45:44.846375-05:00 [info] <0.223.0> Feature flag `quorum_queue`: mark as enabled=true
2023-02-16 13:45:44.853745-05:00 [info] <0.223.0> Feature flags: list of feature flags found:
2023-02-16 13:45:44.853998-05:00 [info] <0.223.0> Feature flags:   [x] classic_mirrored_queue_version
2023-02-16 13:45:44.854147-05:00 [info] <0.223.0> Feature flags:   [~] classic_queue_type_delivery_support
2023-02-16 13:45:44.854284-05:00 [info] <0.223.0> Feature flags:   [ ] drop_unroutable_metric
2023-02-16 13:45:44.854507-05:00 [info] <0.223.0> Feature flags:   [ ] empty_basic_get_metric
2023-02-16 13:45:44.854597-05:00 [info] <0.223.0> Feature flags:   [ ] implicit_default_bindings
2023-02-16 13:45:44.854685-05:00 [info] <0.223.0> Feature flags:   [ ] maintenance_mode_status
2023-02-16 13:45:44.855082-05:00 [info] <0.223.0> Feature flags:   [x] quorum_queue
2023-02-16 13:45:44.855195-05:00 [info] <0.223.0> Feature flags:   [~] stream_queue
2023-02-16 13:45:44.855280-05:00 [info] <0.223.0> Feature flags:   [ ] user_limits
2023-02-16 13:45:44.855360-05:00 [info] <0.223.0> Feature flags:   [ ] virtual_host_metadata
2023-02-16 13:45:44.855764-05:00 [info] <0.223.0> Feature flags: feature flag states written to disk: yes
2023-02-16 13:45:44.881654-05:00 [info] <0.223.0> Feature flag `stream_queue`: mark as enabled=true
2023-02-16 13:45:44.888878-05:00 [info] <0.223.0> Feature flags: list of feature flags found:
2023-02-16 13:45:44.889110-05:00 [info] <0.223.0> Feature flags:   [x] classic_mirrored_queue_version
2023-02-16 13:45:44.889212-05:00 [info] <0.223.0> Feature flags:   [~] classic_queue_type_delivery_support
2023-02-16 13:45:44.889321-05:00 [info] <0.223.0> Feature flags:   [ ] drop_unroutable_metric
2023-02-16 13:45:44.889581-05:00 [info] <0.223.0> Feature flags:   [ ] empty_basic_get_metric
2023-02-16 13:45:44.889683-05:00 [info] <0.223.0> Feature flags:   [ ] implicit_default_bindings
2023-02-16 13:45:44.889777-05:00 [info] <0.223.0> Feature flags:   [ ] maintenance_mode_status
2023-02-16 13:45:44.890118-05:00 [info] <0.223.0> Feature flags:   [x] quorum_queue
2023-02-16 13:45:44.890237-05:00 [info] <0.223.0> Feature flags:   [x] stream_queue
2023-02-16 13:45:44.890326-05:00 [info] <0.223.0> Feature flags:   [ ] user_limits
2023-02-16 13:45:44.890409-05:00 [info] <0.223.0> Feature flags:   [ ] virtual_host_metadata
2023-02-16 13:45:44.890799-05:00 [info] <0.223.0> Feature flags: feature flag states written to disk: yes
2023-02-16 13:45:44.921496-05:00 [info] <0.223.0> Feature flag `classic_queue_type_delivery_support`: mark as enabled=true
2023-02-16 13:45:44.929816-05:00 [info] <0.223.0> Feature flags: list of feature flags found:
2023-02-16 13:45:44.930029-05:00 [info] <0.223.0> Feature flags:   [x] classic_mirrored_queue_version
2023-02-16 13:45:44.930141-05:00 [info] <0.223.0> Feature flags:   [x] classic_queue_type_delivery_support
2023-02-16 13:45:44.930234-05:00 [info] <0.223.0> Feature flags:   [ ] drop_unroutable_metric
2023-02-16 13:45:44.930481-05:00 [info] <0.223.0> Feature flags:   [ ] empty_basic_get_metric
2023-02-16 13:45:44.930599-05:00 [info] <0.223.0> Feature flags:   [ ] implicit_default_bindings
2023-02-16 13:45:44.930708-05:00 [info] <0.223.0> Feature flags:   [ ] maintenance_mode_status
2023-02-16 13:45:44.930990-05:00 [info] <0.223.0> Feature flags:   [x] quorum_queue
2023-02-16 13:45:44.931084-05:00 [info] <0.223.0> Feature flags:   [x] stream_queue
2023-02-16 13:45:44.931168-05:00 [info] <0.223.0> Feature flags:   [ ] user_limits
2023-02-16 13:45:44.931249-05:00 [info] <0.223.0> Feature flags:   [ ] virtual_host_metadata
2023-02-16 13:45:44.931521-05:00 [info] <0.223.0> Feature flags: feature flag states written to disk: yes
2023-02-16 13:45:44.962791-05:00 [info] <0.223.0> Feature flag `drop_unroutable_metric`: supported, attempt to enable...
2023-02-16 13:45:44.963413-05:00 [info] <0.223.0> Feature flag `drop_unroutable_metric`: mark as enabled=state_changing
2023-02-16 13:45:44.966709-05:00 [info] <0.223.0> Feature flags: list of feature flags found:
2023-02-16 13:45:44.966862-05:00 [info] <0.223.0> Feature flags:   [x] classic_mirrored_queue_version
2023-02-16 13:45:44.966996-05:00 [info] <0.223.0> Feature flags:   [x] classic_queue_type_delivery_support
2023-02-16 13:45:44.967155-05:00 [info] <0.223.0> Feature flags:   [~] drop_unroutable_metric
2023-02-16 13:45:44.967304-05:00 [info] <0.223.0> Feature flags:   [ ] empty_basic_get_metric
2023-02-16 13:45:44.967464-05:00 [info] <0.223.0> Feature flags:   [ ] implicit_default_bindings
2023-02-16 13:45:44.967640-05:00 [info] <0.223.0> Feature flags:   [ ] maintenance_mode_status
2023-02-16 13:45:44.967730-05:00 [info] <0.223.0> Feature flags:   [x] quorum_queue
2023-02-16 13:45:44.967814-05:00 [info] <0.223.0> Feature flags:   [x] stream_queue
2023-02-16 13:45:44.967892-05:00 [info] <0.223.0> Feature flags:   [ ] user_limits
2023-02-16 13:45:44.968024-05:00 [info] <0.223.0> Feature flags:   [ ] virtual_host_metadata
2023-02-16 13:45:44.968108-05:00 [info] <0.223.0> Feature flags: feature flag states written to disk: yes
2023-02-16 13:45:44.994981-05:00 [info] <0.223.0> Feature flag `drop_unroutable_metric`: mark as enabled=true
2023-02-16 13:45:45.001697-05:00 [info] <0.223.0> Feature flags: list of feature flags found:
2023-02-16 13:45:45.002001-05:00 [info] <0.223.0> Feature flags:   [x] classic_mirrored_queue_version
2023-02-16 13:45:45.002117-05:00 [info] <0.223.0> Feature flags:   [x] classic_queue_type_delivery_support
2023-02-16 13:45:45.002256-05:00 [info] <0.223.0> Feature flags:   [x] drop_unroutable_metric
2023-02-16 13:45:45.002351-05:00 [info] <0.223.0> Feature flags:   [ ] empty_basic_get_metric
2023-02-16 13:45:45.002482-05:00 [info] <0.223.0> Feature flags:   [ ] implicit_default_bindings
2023-02-16 13:45:45.002603-05:00 [info] <0.223.0> Feature flags:   [ ] maintenance_mode_status
2023-02-16 13:45:45.002704-05:00 [info] <0.223.0> Feature flags:   [x] quorum_queue
2023-02-16 13:45:45.002842-05:00 [info] <0.223.0> Feature flags:   [x] stream_queue
2023-02-16 13:45:45.002928-05:00 [info] <0.223.0> Feature flags:   [ ] user_limits
2023-02-16 13:45:45.003083-05:00 [info] <0.223.0> Feature flags:   [ ] virtual_host_metadata
2023-02-16 13:45:45.003266-05:00 [info] <0.223.0> Feature flags: feature flag states written to disk: yes
2023-02-16 13:45:45.028824-05:00 [info] <0.223.0> Feature flag `empty_basic_get_metric`: supported, attempt to enable...
2023-02-16 13:45:45.029417-05:00 [info] <0.223.0> Feature flag `empty_basic_get_metric`: mark as enabled=state_changing
2023-02-16 13:45:45.032408-05:00 [info] <0.223.0> Feature flags: list of feature flags found:
2023-02-16 13:45:45.032595-05:00 [info] <0.223.0> Feature flags:   [x] classic_mirrored_queue_version
2023-02-16 13:45:45.032725-05:00 [info] <0.223.0> Feature flags:   [x] classic_queue_type_delivery_support
2023-02-16 13:45:45.032907-05:00 [info] <0.223.0> Feature flags:   [x] drop_unroutable_metric
2023-02-16 13:45:45.033033-05:00 [info] <0.223.0> Feature flags:   [~] empty_basic_get_metric
2023-02-16 13:45:45.033126-05:00 [info] <0.223.0> Feature flags:   [ ] implicit_default_bindings
2023-02-16 13:45:45.033447-05:00 [info] <0.223.0> Feature flags:   [ ] maintenance_mode_status
2023-02-16 13:45:45.033552-05:00 [info] <0.223.0> Feature flags:   [x] quorum_queue
2023-02-16 13:45:45.033695-05:00 [info] <0.223.0> Feature flags:   [x] stream_queue
2023-02-16 13:45:45.033843-05:00 [info] <0.223.0> Feature flags:   [ ] user_limits
2023-02-16 13:45:45.033985-05:00 [info] <0.223.0> Feature flags:   [ ] virtual_host_metadata
2023-02-16 13:45:45.034074-05:00 [info] <0.223.0> Feature flags: feature flag states written to disk: yes
2023-02-16 13:45:45.062217-05:00 [info] <0.223.0> Feature flag `empty_basic_get_metric`: mark as enabled=true
2023-02-16 13:45:45.068812-05:00 [info] <0.223.0> Feature flags: list of feature flags found:
2023-02-16 13:45:45.069074-05:00 [info] <0.223.0> Feature flags:   [x] classic_mirrored_queue_version
2023-02-16 13:45:45.069191-05:00 [info] <0.223.0> Feature flags:   [x] classic_queue_type_delivery_support
2023-02-16 13:45:45.069289-05:00 [info] <0.223.0> Feature flags:   [x] drop_unroutable_metric
2023-02-16 13:45:45.069523-05:00 [info] <0.223.0> Feature flags:   [x] empty_basic_get_metric
2023-02-16 13:45:45.069620-05:00 [info] <0.223.0> Feature flags:   [ ] implicit_default_bindings
2023-02-16 13:45:45.069708-05:00 [info] <0.223.0> Feature flags:   [ ] maintenance_mode_status
2023-02-16 13:45:45.070006-05:00 [info] <0.223.0> Feature flags:   [x] quorum_queue
2023-02-16 13:45:45.070160-05:00 [info] <0.223.0> Feature flags:   [x] stream_queue
2023-02-16 13:45:45.070279-05:00 [info] <0.223.0> Feature flags:   [ ] user_limits
2023-02-16 13:45:45.070365-05:00 [info] <0.223.0> Feature flags:   [ ] virtual_host_metadata
2023-02-16 13:45:45.070575-05:00 [info] <0.223.0> Feature flags: feature flag states written to disk: yes
2023-02-16 13:45:45.097489-05:00 [info] <0.223.0> Feature flag `implicit_default_bindings`: supported, attempt to enable...
2023-02-16 13:45:45.098078-05:00 [info] <0.223.0> Feature flag `implicit_default_bindings`: mark as enabled=state_changing
2023-02-16 13:45:45.101098-05:00 [info] <0.223.0> Feature flags: list of feature flags found:
2023-02-16 13:45:45.101257-05:00 [info] <0.223.0> Feature flags:   [x] classic_mirrored_queue_version
2023-02-16 13:45:45.101418-05:00 [info] <0.223.0> Feature flags:   [x] classic_queue_type_delivery_support
2023-02-16 13:45:45.101630-05:00 [info] <0.223.0> Feature flags:   [x] drop_unroutable_metric
2023-02-16 13:45:45.101723-05:00 [info] <0.223.0> Feature flags:   [x] empty_basic_get_metric
2023-02-16 13:45:45.101824-05:00 [info] <0.223.0> Feature flags:   [~] implicit_default_bindings
2023-02-16 13:45:45.102036-05:00 [info] <0.223.0> Feature flags:   [ ] maintenance_mode_status
2023-02-16 13:45:45.102124-05:00 [info] <0.223.0> Feature flags:   [x] quorum_queue
2023-02-16 13:45:45.102229-05:00 [info] <0.223.0> Feature flags:   [x] stream_queue
2023-02-16 13:45:45.102319-05:00 [info] <0.223.0> Feature flags:   [ ] user_limits
2023-02-16 13:45:45.103335-05:00 [info] <0.223.0> Feature flags:   [ ] virtual_host_metadata
2023-02-16 13:45:45.103604-05:00 [info] <0.223.0> Feature flags: feature flag states written to disk: yes
2023-02-16 13:45:45.130859-05:00 [info] <0.223.0> Waiting for Mnesia tables for 30000 ms, 0 retries left
2023-02-16 13:45:45.131331-05:00 [info] <0.223.0> Successfully synced tables from a peer
2023-02-16 13:45:45.131528-05:00 [info] <0.223.0> Feature flag `implicit_default_bindings`: mark as enabled=true
2023-02-16 13:45:45.138300-05:00 [info] <0.223.0> Feature flags: list of feature flags found:
2023-02-16 13:45:45.138833-05:00 [info] <0.223.0> Feature flags:   [x] classic_mirrored_queue_version
2023-02-16 13:45:45.138990-05:00 [info] <0.223.0> Feature flags:   [x] classic_queue_type_delivery_support
2023-02-16 13:45:45.139113-05:00 [info] <0.223.0> Feature flags:   [x] drop_unroutable_metric
2023-02-16 13:45:45.139201-05:00 [info] <0.223.0> Feature flags:   [x] empty_basic_get_metric
2023-02-16 13:45:45.139349-05:00 [info] <0.223.0> Feature flags:   [x] implicit_default_bindings
2023-02-16 13:45:45.139471-05:00 [info] <0.223.0> Feature flags:   [ ] maintenance_mode_status
2023-02-16 13:45:45.139618-05:00 [info] <0.223.0> Feature flags:   [x] quorum_queue
2023-02-16 13:45:45.139710-05:00 [info] <0.223.0> Feature flags:   [x] stream_queue
2023-02-16 13:45:45.140043-05:00 [info] <0.223.0> Feature flags:   [ ] user_limits
2023-02-16 13:45:45.140141-05:00 [info] <0.223.0> Feature flags:   [ ] virtual_host_metadata
2023-02-16 13:45:45.140262-05:00 [info] <0.223.0> Feature flags: feature flag states written to disk: yes
2023-02-16 13:45:45.165854-05:00 [info] <0.223.0> Feature flag `maintenance_mode_status`: supported, attempt to enable...
2023-02-16 13:45:45.166265-05:00 [info] <0.223.0> Feature flag `maintenance_mode_status`: mark as enabled=state_changing
2023-02-16 13:45:45.169019-05:00 [info] <0.223.0> Feature flags: list of feature flags found:
2023-02-16 13:45:45.169163-05:00 [info] <0.223.0> Feature flags:   [x] classic_mirrored_queue_version
2023-02-16 13:45:45.169297-05:00 [info] <0.223.0> Feature flags:   [x] classic_queue_type_delivery_support
2023-02-16 13:45:45.169410-05:00 [info] <0.223.0> Feature flags:   [x] drop_unroutable_metric
2023-02-16 13:45:45.169525-05:00 [info] <0.223.0> Feature flags:   [x] empty_basic_get_metric
2023-02-16 13:45:45.169636-05:00 [info] <0.223.0> Feature flags:   [x] implicit_default_bindings
2023-02-16 13:45:45.169749-05:00 [info] <0.223.0> Feature flags:   [~] maintenance_mode_status
2023-02-16 13:45:45.169865-05:00 [info] <0.223.0> Feature flags:   [x] quorum_queue
2023-02-16 13:45:45.169986-05:00 [info] <0.223.0> Feature flags:   [x] stream_queue
2023-02-16 13:45:45.170094-05:00 [info] <0.223.0> Feature flags:   [ ] user_limits
2023-02-16 13:45:45.170210-05:00 [info] <0.223.0> Feature flags:   [ ] virtual_host_metadata
2023-02-16 13:45:45.170292-05:00 [info] <0.223.0> Feature flags: feature flag states written to disk: yes
2023-02-16 13:45:45.196034-05:00 [info] <0.223.0> Creating table rabbit_node_maintenance_states for feature flag `maintenance_mode_status`
2023-02-16 13:45:45.206387-05:00 [info] <0.223.0> Feature flag `maintenance_mode_status`: mark as enabled=true
2023-02-16 13:45:45.212179-05:00 [info] <0.223.0> Feature flags: list of feature flags found:
2023-02-16 13:45:45.212362-05:00 [info] <0.223.0> Feature flags:   [x] classic_mirrored_queue_version
2023-02-16 13:45:45.212492-05:00 [info] <0.223.0> Feature flags:   [x] classic_queue_type_delivery_support
2023-02-16 13:45:45.212708-05:00 [info] <0.223.0> Feature flags:   [x] drop_unroutable_metric
2023-02-16 13:45:45.212805-05:00 [info] <0.223.0> Feature flags:   [x] empty_basic_get_metric
2023-02-16 13:45:45.212886-05:00 [info] <0.223.0> Feature flags:   [x] implicit_default_bindings
2023-02-16 13:45:45.213010-05:00 [info] <0.223.0> Feature flags:   [x] maintenance_mode_status
2023-02-16 13:45:45.213217-05:00 [info] <0.223.0> Feature flags:   [x] quorum_queue
2023-02-16 13:45:45.213300-05:00 [info] <0.223.0> Feature flags:   [x] stream_queue
2023-02-16 13:45:45.213395-05:00 [info] <0.223.0> Feature flags:   [ ] user_limits
2023-02-16 13:45:45.213517-05:00 [info] <0.223.0> Feature flags:   [ ] virtual_host_metadata
2023-02-16 13:45:45.213804-05:00 [info] <0.223.0> Feature flags: feature flag states written to disk: yes
2023-02-16 13:45:45.240895-05:00 [info] <0.223.0> Feature flag `user_limits`: supported, attempt to enable...
2023-02-16 13:45:45.241239-05:00 [info] <0.223.0> Feature flag `user_limits`: mark as enabled=state_changing
2023-02-16 13:45:45.243598-05:00 [info] <0.223.0> Feature flags: list of feature flags found:
2023-02-16 13:45:45.243782-05:00 [info] <0.223.0> Feature flags:   [x] classic_mirrored_queue_version
2023-02-16 13:45:45.243888-05:00 [info] <0.223.0> Feature flags:   [x] classic_queue_type_delivery_support
2023-02-16 13:45:45.244049-05:00 [info] <0.223.0> Feature flags:   [x] drop_unroutable_metric
2023-02-16 13:45:45.244145-05:00 [info] <0.223.0> Feature flags:   [x] empty_basic_get_metric
2023-02-16 13:45:45.244578-05:00 [info] <0.223.0> Feature flags:   [x] implicit_default_bindings
2023-02-16 13:45:45.244827-05:00 [info] <0.223.0> Feature flags:   [x] maintenance_mode_status
2023-02-16 13:45:45.244917-05:00 [info] <0.223.0> Feature flags:   [x] quorum_queue
2023-02-16 13:45:45.245037-05:00 [info] <0.223.0> Feature flags:   [x] stream_queue
2023-02-16 13:45:45.245202-05:00 [info] <0.223.0> Feature flags:   [~] user_limits
2023-02-16 13:45:45.245305-05:00 [info] <0.223.0> Feature flags:   [ ] virtual_host_metadata
2023-02-16 13:45:45.245392-05:00 [info] <0.223.0> Feature flags: feature flag states written to disk: yes
2023-02-16 13:45:45.271242-05:00 [info] <0.223.0> Waiting for Mnesia tables for 30000 ms, 9 retries left
2023-02-16 13:45:45.271914-05:00 [info] <0.223.0> Successfully synced tables from a peer
2023-02-16 13:45:45.303454-05:00 [info] <0.223.0> Feature flag `user_limits`: mark as enabled=true
2023-02-16 13:45:45.308997-05:00 [info] <0.223.0> Feature flags: list of feature flags found:
2023-02-16 13:45:45.309350-05:00 [info] <0.223.0> Feature flags:   [x] classic_mirrored_queue_version
2023-02-16 13:45:45.309500-05:00 [info] <0.223.0> Feature flags:   [x] classic_queue_type_delivery_support
2023-02-16 13:45:45.309643-05:00 [info] <0.223.0> Feature flags:   [x] drop_unroutable_metric
2023-02-16 13:45:45.309734-05:00 [info] <0.223.0> Feature flags:   [x] empty_basic_get_metric
2023-02-16 13:45:45.309834-05:00 [info] <0.223.0> Feature flags:   [x] implicit_default_bindings
2023-02-16 13:45:45.309921-05:00 [info] <0.223.0> Feature flags:   [x] maintenance_mode_status
2023-02-16 13:45:45.310073-05:00 [info] <0.223.0> Feature flags:   [x] quorum_queue
2023-02-16 13:45:45.310174-05:00 [info] <0.223.0> Feature flags:   [x] stream_queue
2023-02-16 13:45:45.310254-05:00 [info] <0.223.0> Feature flags:   [x] user_limits
2023-02-16 13:45:45.310560-05:00 [info] <0.223.0> Feature flags:   [ ] virtual_host_metadata
2023-02-16 13:45:45.310742-05:00 [info] <0.223.0> Feature flags: feature flag states written to disk: yes
2023-02-16 13:45:45.339108-05:00 [info] <0.223.0> Feature flag `virtual_host_metadata`: supported, attempt to enable...
2023-02-16 13:45:45.339624-05:00 [info] <0.223.0> Feature flag `virtual_host_metadata`: mark as enabled=state_changing
2023-02-16 13:45:45.342806-05:00 [info] <0.223.0> Feature flags: list of feature flags found:
2023-02-16 13:45:45.343050-05:00 [info] <0.223.0> Feature flags:   [x] classic_mirrored_queue_version
2023-02-16 13:45:45.343154-05:00 [info] <0.223.0> Feature flags:   [x] classic_queue_type_delivery_support
2023-02-16 13:45:45.343268-05:00 [info] <0.223.0> Feature flags:   [x] drop_unroutable_metric
2023-02-16 13:45:45.343353-05:00 [info] <0.223.0> Feature flags:   [x] empty_basic_get_metric
2023-02-16 13:45:45.343554-05:00 [info] <0.223.0> Feature flags:   [x] implicit_default_bindings
2023-02-16 13:45:45.343643-05:00 [info] <0.223.0> Feature flags:   [x] maintenance_mode_status
2023-02-16 13:45:45.343745-05:00 [info] <0.223.0> Feature flags:   [x] quorum_queue
2023-02-16 13:45:45.343825-05:00 [info] <0.223.0> Feature flags:   [x] stream_queue
2023-02-16 13:45:45.343930-05:00 [info] <0.223.0> Feature flags:   [x] user_limits
2023-02-16 13:45:45.344062-05:00 [info] <0.223.0> Feature flags:   [~] virtual_host_metadata
2023-02-16 13:45:45.344168-05:00 [info] <0.223.0> Feature flags: feature flag states written to disk: yes
2023-02-16 13:45:45.367592-05:00 [info] <0.223.0> Waiting for Mnesia tables for 30000 ms, 9 retries left
2023-02-16 13:45:45.368187-05:00 [info] <0.223.0> Successfully synced tables from a peer
2023-02-16 13:45:45.396939-05:00 [info] <0.223.0> Feature flag `virtual_host_metadata`: mark as enabled=true
2023-02-16 13:45:45.402987-05:00 [info] <0.223.0> Feature flags: list of feature flags found:
2023-02-16 13:45:45.403284-05:00 [info] <0.223.0> Feature flags:   [x] classic_mirrored_queue_version
2023-02-16 13:45:45.404784-05:00 [info] <0.223.0> Feature flags:   [x] classic_queue_type_delivery_support
2023-02-16 13:45:45.405081-05:00 [info] <0.223.0> Feature flags:   [x] drop_unroutable_metric
2023-02-16 13:45:45.405182-05:00 [info] <0.223.0> Feature flags:   [x] empty_basic_get_metric
2023-02-16 13:45:45.405292-05:00 [info] <0.223.0> Feature flags:   [x] implicit_default_bindings
2023-02-16 13:45:45.405399-05:00 [info] <0.223.0> Feature flags:   [x] maintenance_mode_status
2023-02-16 13:45:45.405549-05:00 [info] <0.223.0> Feature flags:   [x] quorum_queue
2023-02-16 13:45:45.405640-05:00 [info] <0.223.0> Feature flags:   [x] stream_queue
2023-02-16 13:45:45.405760-05:00 [info] <0.223.0> Feature flags:   [x] user_limits
2023-02-16 13:45:45.405840-05:00 [info] <0.223.0> Feature flags:   [x] virtual_host_metadata
2023-02-16 13:45:45.405925-05:00 [info] <0.223.0> Feature flags: feature flag states written to disk: yes
2023-02-16 13:45:45.431710-05:00 [info] <0.223.0> Waiting for Mnesia tables for 30000 ms, 9 retries left
2023-02-16 13:45:45.432539-05:00 [info] <0.223.0> Successfully synced tables from a peer
2023-02-16 13:45:45.458833-05:00 [info] <0.223.0> Waiting for Mnesia tables for 30000 ms, 9 retries left
2023-02-16 13:45:45.459625-05:00 [info] <0.223.0> Successfully synced tables from a peer
2023-02-16 13:45:45.459727-05:00 [info] <0.223.0> Peer discovery backend rabbit_peer_discovery_classic_config does not support registration, skipping registration.
2023-02-16 13:45:45.459900-05:00 [info] <0.223.0> Will try to unlock with peer discovery backend rabbit_peer_discovery_classic_config
2023-02-16 13:45:45.460496-05:00 [info] <0.223.0> Running boot step database_sync defined by app rabbit
2023-02-16 13:45:45.461103-05:00 [info] <0.223.0> Running boot step feature_flags defined by app rabbit
2023-02-16 13:45:45.461619-05:00 [info] <0.223.0> Running boot step codec_correctness_check defined by app rabbit
2023-02-16 13:45:45.461760-05:00 [info] <0.223.0> Running boot step external_infrastructure defined by app rabbit
2023-02-16 13:45:45.461931-05:00 [info] <0.223.0> Running boot step rabbit_event defined by app rabbit
2023-02-16 13:45:45.462326-05:00 [info] <0.223.0> Running boot step rabbit_registry defined by app rabbit
2023-02-16 13:45:45.462807-05:00 [info] <0.223.0> Running boot step rabbit_auth_mechanism_amqplain defined by app rabbit
2023-02-16 13:45:45.463078-05:00 [info] <0.223.0> Running boot step rabbit_auth_mechanism_cr_demo defined by app rabbit
2023-02-16 13:45:45.463290-05:00 [info] <0.223.0> Running boot step rabbit_auth_mechanism_plain defined by app rabbit
2023-02-16 13:45:45.463581-05:00 [info] <0.223.0> Running boot step rabbit_exchange_type_direct defined by app rabbit
2023-02-16 13:45:45.463781-05:00 [info] <0.223.0> Running boot step rabbit_exchange_type_fanout defined by app rabbit
2023-02-16 13:45:45.464092-05:00 [info] <0.223.0> Running boot step rabbit_exchange_type_headers defined by app rabbit
2023-02-16 13:45:45.464281-05:00 [info] <0.223.0> Running boot step rabbit_exchange_type_topic defined by app rabbit
2023-02-16 13:45:45.464517-05:00 [info] <0.223.0> Running boot step rabbit_mirror_queue_mode_all defined by app rabbit
2023-02-16 13:45:45.464794-05:00 [info] <0.223.0> Running boot step rabbit_mirror_queue_mode_exactly defined by app rabbit
2023-02-16 13:45:45.465162-05:00 [info] <0.223.0> Running boot step rabbit_mirror_queue_mode_nodes defined by app rabbit
2023-02-16 13:45:45.465503-05:00 [info] <0.223.0> Running boot step rabbit_priority_queue defined by app rabbit
2023-02-16 13:45:45.465622-05:00 [info] <0.223.0> Priority queues enabled, real BQ is rabbit_variable_queue
2023-02-16 13:45:45.466035-05:00 [info] <0.223.0> Running boot step rabbit_queue_location_client_local defined by app rabbit
2023-02-16 13:45:45.466199-05:00 [info] <0.223.0> Running boot step rabbit_queue_location_min_masters defined by app rabbit
2023-02-16 13:45:45.466372-05:00 [info] <0.223.0> Running boot step rabbit_queue_location_random defined by app rabbit
2023-02-16 13:45:45.466567-05:00 [info] <0.223.0> Running boot step kernel_ready defined by app rabbit
2023-02-16 13:45:45.466783-05:00 [info] <0.223.0> Running boot step rabbit_sysmon_minder defined by app rabbit
2023-02-16 13:45:45.467115-05:00 [info] <0.223.0> Running boot step rabbit_epmd_monitor defined by app rabbit
2023-02-16 13:45:45.470570-05:00 [info] <0.684.0> epmd monitor knows us, inter-node communication (distribution) port: 25672
2023-02-16 13:45:45.471048-05:00 [info] <0.223.0> Running boot step guid_generator defined by app rabbit
2023-02-16 13:45:45.474527-05:00 [info] <0.223.0> Running boot step rabbit_node_monitor defined by app rabbit
2023-02-16 13:45:45.475230-05:00 [info] <0.689.0> Starting rabbit_node_monitor
2023-02-16 13:45:45.476041-05:00 [info] <0.223.0> Running boot step delegate_sup defined by app rabbit
2023-02-16 13:45:45.478889-05:00 [info] <0.223.0> Running boot step rabbit_memory_monitor defined by app rabbit
2023-02-16 13:45:45.479870-05:00 [info] <0.223.0> Running boot step rabbit_fifo_dlx_sup defined by app rabbit
2023-02-16 13:45:45.480295-05:00 [info] <0.223.0> Running boot step core_initialized defined by app rabbit
2023-02-16 13:45:45.480560-05:00 [info] <0.223.0> Running boot step upgrade_queues defined by app rabbit
2023-02-16 13:45:45.502472-05:00 [info] <0.223.0> message_store upgrades: 1 to apply
2023-02-16 13:45:45.503047-05:00 [info] <0.223.0> message_store upgrades: Applying rabbit_variable_queue:move_messages_to_vhost_store
2023-02-16 13:45:45.503652-05:00 [info] <0.223.0> message_store upgrades: No durable queues found. Skipping message store migration
2023-02-16 13:45:45.503853-05:00 [info] <0.223.0> message_store upgrades: Removing the old message store data
2023-02-16 13:45:45.505389-05:00 [info] <0.223.0> message_store upgrades: All upgrades applied successfully
2023-02-16 13:45:45.523710-05:00 [info] <0.223.0> Running boot step channel_tracking defined by app rabbit
2023-02-16 13:45:45.529999-05:00 [info] <0.223.0> Setting up a table for channel tracking on this node: 'tracked_channel_on_node_rabbit@host-169-16-1-187'
2023-02-16 13:45:45.535744-05:00 [info] <0.223.0> Setting up a table for channel tracking on this node: 'tracked_channel_table_per_user_on_node_rabbit@host-169-16-1-187'
2023-02-16 13:45:45.536839-05:00 [info] <0.223.0> Running boot step rabbit_channel_tracking_handler defined by app rabbit
2023-02-16 13:45:45.537114-05:00 [info] <0.223.0> Running boot step connection_tracking defined by app rabbit
2023-02-16 13:45:45.545792-05:00 [info] <0.223.0> Setting up a table for connection tracking on this node: 'tracked_connection_on_node_rabbit@host-169-16-1-187'
2023-02-16 13:45:45.551756-05:00 [info] <0.223.0> Setting up a table for per-vhost connection counting on this node: 'tracked_connection_per_vhost_on_node_rabbit@host-169-16-1-187'
2023-02-16 13:45:45.556841-05:00 [info] <0.223.0> Setting up a table for per-user connection counting on this node: 'tracked_connection_table_per_user_on_node_rabbit@host-169-16-1-187'
2023-02-16 13:45:45.557732-05:00 [info] <0.223.0> Running boot step rabbit_connection_tracking_handler defined by app rabbit
2023-02-16 13:45:45.558050-05:00 [info] <0.223.0> Running boot step rabbit_definitions_hashing defined by app rabbit
2023-02-16 13:45:45.558699-05:00 [info] <0.223.0> Running boot step rabbit_exchange_parameters defined by app rabbit
2023-02-16 13:45:45.559213-05:00 [info] <0.223.0> Running boot step rabbit_mirror_queue_misc defined by app rabbit
2023-02-16 13:45:45.560157-05:00 [info] <0.223.0> Running boot step rabbit_policies defined by app rabbit
2023-02-16 13:45:45.561150-05:00 [info] <0.223.0> Running boot step rabbit_policy defined by app rabbit
2023-02-16 13:45:45.561614-05:00 [info] <0.223.0> Running boot step rabbit_queue_location_validator defined by app rabbit
2023-02-16 13:45:45.561820-05:00 [info] <0.223.0> Running boot step rabbit_quorum_memory_manager defined by app rabbit
2023-02-16 13:45:45.562114-05:00 [info] <0.223.0> Running boot step rabbit_stream_coordinator defined by app rabbit
2023-02-16 13:45:45.562691-05:00 [info] <0.223.0> Running boot step rabbit_vhost_limit defined by app rabbit
2023-02-16 13:45:45.563610-05:00 [info] <0.223.0> Running boot step rabbit_mgmt_reset_handler defined by app rabbitmq_management
2023-02-16 13:45:45.564098-05:00 [info] <0.223.0> Running boot step rabbit_mgmt_db_handler defined by app rabbitmq_management_agent
2023-02-16 13:45:45.564221-05:00 [info] <0.223.0> Management plugin: using rates mode 'basic'
2023-02-16 13:45:45.565903-05:00 [info] <0.223.0> Running boot step recovery defined by app rabbit
2023-02-16 13:45:45.569010-05:00 [info] <0.223.0> Running boot step empty_db_check defined by app rabbit
2023-02-16 13:45:45.569201-05:00 [info] <0.223.0> Will not seed default virtual host and user: have definitions to load...
2023-02-16 13:45:45.569390-05:00 [info] <0.223.0> Running boot step rabbit_observer_cli defined by app rabbit
2023-02-16 13:45:45.569779-05:00 [info] <0.223.0> Running boot step rabbit_looking_glass defined by app rabbit
2023-02-16 13:45:45.570029-05:00 [info] <0.223.0> Running boot step rabbit_core_metrics_gc defined by app rabbit
2023-02-16 13:45:45.570685-05:00 [info] <0.223.0> Running boot step background_gc defined by app rabbit
2023-02-16 13:45:45.571293-05:00 [info] <0.223.0> Running boot step routing_ready defined by app rabbit
2023-02-16 13:45:45.571420-05:00 [info] <0.223.0> Running boot step pre_flight defined by app rabbit
2023-02-16 13:45:45.571549-05:00 [info] <0.223.0> Running boot step notify_cluster defined by app rabbit
2023-02-16 13:45:45.571647-05:00 [info] <0.223.0> Running boot step networking defined by app rabbit
2023-02-16 13:45:45.571935-05:00 [info] <0.223.0> Running boot step definition_import_worker_pool defined by app rabbit
2023-02-16 13:45:45.572268-05:00 [info] <0.321.0> Starting worker pool 'definition_import_pool' with 3 processes in it
2023-02-16 13:45:45.575116-05:00 [info] <0.223.0> Running boot step cluster_name defined by app rabbit
2023-02-16 13:45:45.575357-05:00 [info] <0.223.0> Initialising internal cluster ID to 'rabbitmq-cluster-id-Fnsfa2Pua9XEXm97ktiEAQ'
2023-02-16 13:45:45.579069-05:00 [info] <0.223.0> Running boot step direct_client defined by app rabbit
2023-02-16 13:45:45.579368-05:00 [info] <0.223.0> Running boot step rabbit_maintenance_mode_state defined by app rabbit
2023-02-16 13:45:45.579572-05:00 [info] <0.223.0> Creating table rabbit_node_maintenance_states for feature flag `maintenance_mode_status`
2023-02-16 13:45:45.580065-05:00 [info] <0.223.0> Running boot step rabbit_management_load_definitions defined by app rabbitmq_management
2023-02-16 13:45:45.581103-05:00 [info] <0.223.0> Applying definitions from file at '/etc/rabbitmq/definitions.json'
2023-02-16 13:45:45.581257-05:00 [info] <0.223.0> Asked to import definitions. Acting user: rmq-internal
2023-02-16 13:45:45.581562-05:00 [info] <0.223.0> Importing concurrently 1 users...
2023-02-16 13:45:45.585058-05:00 [info] <0.748.0> Created user 'openstack'
2023-02-16 13:45:45.585294-05:00 [info] <0.748.0> Successfully set user tags for user 'openstack' to [administrator]
2023-02-16 13:45:45.585752-05:00 [info] <0.223.0> Importing concurrently 1 vhosts...
2023-02-16 13:45:45.586336-05:00 [info] <0.748.0> Adding vhost '/' (description: '', tags: [])
2023-02-16 13:45:45.607300-05:00 [info] <0.759.0> Making sure data directory '/var/lib/rabbitmq/mnesia/rabbit@host-169-16-1-187/msg_stores/vhosts/628WB79CIFDYO9LJI6DKMI09L' for vhost '/' exists
2023-02-16 13:45:45.610752-05:00 [info] <0.759.0> Setting segment_entry_count for vhost '/' with 0 queues to '2048'
2023-02-16 13:45:45.616517-05:00 [info] <0.759.0> Starting message stores for vhost '/'
2023-02-16 13:45:45.617554-05:00 [info] <0.764.0> Message store "628WB79CIFDYO9LJI6DKMI09L/msg_store_transient": using rabbit_msg_store_ets_index to provide index
2023-02-16 13:45:45.621458-05:00 [info] <0.759.0> Started message store of type transient for vhost '/'
2023-02-16 13:45:45.621919-05:00 [info] <0.768.0> Message store "628WB79CIFDYO9LJI6DKMI09L/msg_store_persistent": using rabbit_msg_store_ets_index to provide index
2023-02-16 13:45:45.623643-05:00 [warning] <0.768.0> Message store "628WB79CIFDYO9LJI6DKMI09L/msg_store_persistent": rebuilding indices from scratch
2023-02-16 13:45:45.626660-05:00 [info] <0.759.0> Started message store of type persistent for vhost '/'
2023-02-16 13:45:45.627298-05:00 [info] <0.759.0> Recovering 0 queues of type rabbit_classic_queue took 15ms
2023-02-16 13:45:45.627685-05:00 [info] <0.759.0> Recovering 0 queues of type rabbit_quorum_queue took 0ms
2023-02-16 13:45:45.627901-05:00 [info] <0.759.0> Recovering 0 queues of type rabbit_stream_queue took 0ms
2023-02-16 13:45:45.633554-05:00 [info] <0.223.0> Importing concurrently 1 permissions...
2023-02-16 13:45:45.638391-05:00 [info] <0.748.0> Successfully set permissions for 'openstack' in virtual host '/' to '.*', '.*', '.*'
2023-02-16 13:45:45.661001-05:00 [info] <0.797.0> Resetting node maintenance status
2023-02-16 13:45:45.714802-05:00 [info] <0.857.0> Management plugin: HTTP (non-TLS) listener started on port 15672
2023-02-16 13:45:45.715529-05:00 [info] <0.885.0> Statistics database started.
2023-02-16 13:45:45.715999-05:00 [info] <0.884.0> Starting worker pool 'management_worker_pool' with 3 processes in it
2023-02-16 13:45:45.717701-05:00 [info] <0.797.0> Ready to start client connection listeners
2023-02-16 13:45:45.722411-05:00 [info] <0.909.0> started TCP listener on 169.16.1.187:5672
2023-02-16 13:45:45.998059-05:00 [info] <0.797.0> Server startup complete; 3 plugins started.
2023-02-16 13:45:45.998059-05:00 [info] <0.797.0>  * rabbitmq_management
2023-02-16 13:45:45.998059-05:00 [info] <0.797.0>  * rabbitmq_web_dispatch
2023-02-16 13:45:45.998059-05:00 [info] <0.797.0>  * rabbitmq_management_agent
