2023-04-04 05:22:45,085 p=5774 u=root n=ansible | [WARNING]: Invalid characters were found in group names but not replaced, use
-vvvv to see details

2023-04-04 05:22:47,358 p=5774 u=root n=ansible | PLAY [Gather facts for all hosts] **********************************************
2023-04-04 05:22:47,677 p=5774 u=root n=ansible | TASK [Gather facts] ************************************************************
2023-04-04 05:22:51,621 p=5774 u=root n=ansible | ok: [localhost]
2023-04-04 05:22:51,765 p=5774 u=root n=ansible | TASK [Group hosts to determine when using --limit] *****************************
2023-04-04 05:22:51,876 p=5774 u=root n=ansible | ok: [localhost]
2023-04-04 05:22:52,169 p=5774 u=root n=ansible | [WARNING]: Could not match supplied host pattern, ignoring:
all_using_limit_True

2023-04-04 05:22:52,183 p=5774 u=root n=ansible | PLAY [Gather facts for all hosts (if using --limit)] ***************************
2023-04-04 05:22:52,184 p=5774 u=root n=ansible | skipping: no hosts matched
2023-04-04 05:22:52,199 p=5774 u=root n=ansible | PLAY [Apply role baremetal] ****************************************************
2023-04-04 05:22:52,505 p=5774 u=root n=ansible | TASK [openstack.kolla.baremetal : Ensure localhost in /etc/hosts] **************
2023-04-04 05:22:53,491 p=5774 u=root n=ansible | changed: [localhost]
2023-04-04 05:22:53,601 p=5774 u=root n=ansible | TASK [openstack.kolla.baremetal : Ensure hostname does not point to 127.0.1.1 in /etc/hosts] ***
2023-04-04 05:22:54,217 p=5774 u=root n=ansible | ok: [localhost]
2023-04-04 05:22:54,350 p=5774 u=root n=ansible | TASK [openstack.kolla.baremetal : Generate /etc/hosts for all of the nodes] ****
2023-04-04 05:22:56,091 p=5774 u=root n=ansible | changed: [localhost]
2023-04-04 05:22:56,187 p=5774 u=root n=ansible | TASK [openstack.kolla.baremetal : Ensure unprivileged users can use ping] ******
2023-04-04 05:22:57,232 p=5774 u=root n=ansible | changed: [localhost]
2023-04-04 05:22:57,324 p=5774 u=root n=ansible | TASK [openstack.kolla.baremetal : Ensure /etc/cloud/cloud.cfg exists] **********
2023-04-04 05:22:58,395 p=5774 u=root n=ansible | ok: [localhost]
2023-04-04 05:22:58,507 p=5774 u=root n=ansible | TASK [openstack.kolla.baremetal : Disable cloud-init manage_etc_hosts] *********
2023-04-04 05:23:00,132 p=5774 u=root n=ansible | changed: [localhost]
2023-04-04 05:23:00,257 p=5774 u=root n=ansible | TASK [openstack.kolla.baremetal : Set firewall default policy] *****************
2023-04-04 05:23:00,318 p=5774 u=root n=ansible | skipping: [localhost]
2023-04-04 05:23:00,431 p=5774 u=root n=ansible | TASK [openstack.kolla.baremetal : Check if firewalld is installed] *************
2023-04-04 05:23:01,611 p=5774 u=root n=ansible | ok: [localhost]
2023-04-04 05:23:01,731 p=5774 u=root n=ansible | TASK [openstack.kolla.baremetal : Disable firewalld] ***************************
2023-04-04 05:23:01,821 p=5774 u=root n=ansible | skipping: [localhost] => (item=firewalld) 
2023-04-04 05:23:01,961 p=5774 u=root n=ansible | TASK [openstack.kolla.docker : Fail if docker_custom_option is defined] ********
2023-04-04 05:23:02,050 p=5774 u=root n=ansible | skipping: [localhost]
2023-04-04 05:23:02,141 p=5774 u=root n=ansible | TASK [openstack.kolla.docker : include_tasks] **********************************
2023-04-04 05:23:02,188 p=5774 u=root n=ansible | skipping: [localhost]
2023-04-04 05:23:02,279 p=5774 u=root n=ansible | TASK [openstack.kolla.docker : Ensure docker config directory exists] **********
2023-04-04 05:23:03,183 p=5774 u=root n=ansible | ok: [localhost]
2023-04-04 05:23:03,293 p=5774 u=root n=ansible | TASK [openstack.kolla.docker : Write docker config] ****************************
2023-04-04 05:23:04,557 p=5774 u=root n=ansible | changed: [localhost]
2023-04-04 05:23:04,645 p=5774 u=root n=ansible | TASK [openstack.kolla.docker : Remove old docker options file] *****************
2023-04-04 05:23:05,169 p=5774 u=root n=ansible | ok: [localhost]
2023-04-04 05:23:05,259 p=5774 u=root n=ansible | TASK [openstack.kolla.docker : Ensure docker service directory exists] *********
2023-04-04 05:23:05,313 p=5774 u=root n=ansible | skipping: [localhost]
2023-04-04 05:23:05,423 p=5774 u=root n=ansible | TASK [openstack.kolla.docker : Configure docker service] ***********************
2023-04-04 05:23:05,479 p=5774 u=root n=ansible | skipping: [localhost]
2023-04-04 05:23:05,575 p=5774 u=root n=ansible | TASK [openstack.kolla.docker : Ensure the path for CA file for private registry exists] ***
2023-04-04 05:23:05,638 p=5774 u=root n=ansible | skipping: [localhost]
2023-04-04 05:23:05,751 p=5774 u=root n=ansible | TASK [openstack.kolla.docker : Ensure the CA file for private registry exists] ***
2023-04-04 05:23:05,827 p=5774 u=root n=ansible | skipping: [localhost]
2023-04-04 05:23:05,913 p=5774 u=root n=ansible | TASK [openstack.kolla.docker : Flush handlers] *********************************
2023-04-04 05:23:05,914 p=5774 u=root n=ansible | RUNNING HANDLER [openstack.kolla.docker : Restart docker] **********************
2023-04-04 05:23:10,537 p=5774 u=root n=ansible | changed: [localhost]
2023-04-04 05:23:10,668 p=5774 u=root n=ansible | TASK [openstack.kolla.docker : Start and enable docker] ************************
2023-04-04 05:23:11,863 p=5774 u=root n=ansible | ok: [localhost]
2023-04-04 05:23:11,975 p=5774 u=root n=ansible | TASK [openstack.kolla.docker : include_tasks] **********************************
2023-04-04 05:23:12,050 p=5774 u=root n=ansible | skipping: [localhost]
2023-04-04 05:23:12,338 p=5774 u=root n=ansible | TASK [openstack.kolla.kolla_user : Ensure groups are present] ******************
2023-04-04 05:23:12,431 p=5774 u=root n=ansible | skipping: [localhost] => (item=docker) 
2023-04-04 05:23:12,439 p=5774 u=root n=ansible | skipping: [localhost] => (item=sudo) 
2023-04-04 05:23:12,450 p=5774 u=root n=ansible | skipping: [localhost] => (item=kolla) 
2023-04-04 05:23:12,590 p=5774 u=root n=ansible | TASK [openstack.kolla.kolla_user : Create kolla user] **************************
2023-04-04 05:23:12,635 p=5774 u=root n=ansible | skipping: [localhost]
2023-04-04 05:23:12,727 p=5774 u=root n=ansible | TASK [openstack.kolla.kolla_user : Add public key to kolla user authorized keys] ***
2023-04-04 05:23:12,774 p=5774 u=root n=ansible | skipping: [localhost]
2023-04-04 05:23:12,868 p=5774 u=root n=ansible | TASK [openstack.kolla.kolla_user : Grant kolla user passwordless sudo] *********
2023-04-04 05:23:12,915 p=5774 u=root n=ansible | skipping: [localhost]
2023-04-04 05:23:13,101 p=5774 u=root n=ansible | TASK [openstack.kolla.docker_sdk : Install latest pip in the virtualenv] *******
2023-04-04 05:23:13,168 p=5774 u=root n=ansible | skipping: [localhost]
2023-04-04 05:23:13,285 p=5774 u=root n=ansible | TASK [openstack.kolla.docker_sdk : Install docker SDK for python] **************
2023-04-04 05:23:43,092 p=5774 u=root n=ansible | ok: [localhost]
2023-04-04 05:23:43,314 p=5774 u=root n=ansible | TASK [openstack.kolla.baremetal : Ensure node_config_directory directory exists] ***
2023-04-04 05:23:43,938 p=5774 u=root n=ansible | ok: [localhost]
2023-04-04 05:23:44,037 p=5774 u=root n=ansible | TASK [openstack.kolla.apparmor_libvirt : include_tasks] ************************
2023-04-04 05:23:44,088 p=5774 u=root n=ansible | skipping: [localhost]
2023-04-04 05:23:44,290 p=5774 u=root n=ansible | TASK [openstack.kolla.baremetal : Change state of selinux] *********************
2023-04-04 05:23:46,185 p=5774 u=root n=ansible | ok: [localhost]
2023-04-04 05:23:46,315 p=5774 u=root n=ansible | TASK [openstack.kolla.baremetal : Set https proxy for git] *********************
2023-04-04 05:23:46,367 p=5774 u=root n=ansible | skipping: [localhost]
2023-04-04 05:23:46,459 p=5774 u=root n=ansible | TASK [openstack.kolla.baremetal : Set http proxy for git] **********************
2023-04-04 05:23:46,511 p=5774 u=root n=ansible | skipping: [localhost]
2023-04-04 05:23:46,601 p=5774 u=root n=ansible | TASK [openstack.kolla.baremetal : include_tasks] *******************************
2023-04-04 05:23:46,660 p=5774 u=root n=ansible | skipping: [localhost]
2023-04-04 05:23:46,902 p=5774 u=root n=ansible | PLAY RECAP *********************************************************************
2023-04-04 05:23:46,902 p=5774 u=root n=ansible | localhost                  : ok=17   changed=6    unreachable=0    failed=0    skipped=18   rescued=0    ignored=0   
