2023-02-22 07:05:34,655 p=5757 u=root n=ansible | [WARNING]: Invalid characters were found in group names but not replaced, use
-vvvv to see details

2023-02-22 07:05:38,735 p=5757 u=root n=ansible | PLAY [Gather facts for all hosts] **********************************************
2023-02-22 07:05:39,036 p=5757 u=root n=ansible | TASK [Gather facts] ************************************************************
2023-02-22 07:05:50,575 p=5757 u=root n=ansible | ok: [localhost]
2023-02-22 07:05:50,750 p=5757 u=root n=ansible | TASK [Group hosts to determine when using --limit] *****************************
2023-02-22 07:05:50,825 p=5757 u=root n=ansible | ok: [localhost]
2023-02-22 07:05:51,004 p=5757 u=root n=ansible | [WARNING]: Could not match supplied host pattern, ignoring:
all_using_limit_True

2023-02-22 07:05:51,013 p=5757 u=root n=ansible | PLAY [Gather facts for all hosts (if using --limit)] ***************************
2023-02-22 07:05:51,013 p=5757 u=root n=ansible | skipping: no hosts matched
2023-02-22 07:05:51,022 p=5757 u=root n=ansible | PLAY [Apply role baremetal] ****************************************************
2023-02-22 07:05:51,277 p=5757 u=root n=ansible | TASK [openstack.kolla.baremetal : Ensure localhost in /etc/hosts] **************
2023-02-22 07:05:52,266 p=5757 u=root n=ansible | changed: [localhost]
2023-02-22 07:05:52,404 p=5757 u=root n=ansible | TASK [openstack.kolla.baremetal : Ensure hostname does not point to 127.0.1.1 in /etc/hosts] ***
2023-02-22 07:05:52,954 p=5757 u=root n=ansible | ok: [localhost]
2023-02-22 07:05:53,046 p=5757 u=root n=ansible | TASK [openstack.kolla.baremetal : Generate /etc/hosts for all of the nodes] ****
2023-02-22 07:05:54,707 p=5757 u=root n=ansible | changed: [localhost]
2023-02-22 07:05:54,821 p=5757 u=root n=ansible | TASK [openstack.kolla.baremetal : Ensure unprivileged users can use ping] ******
2023-02-22 07:05:56,156 p=5757 u=root n=ansible | changed: [localhost]
2023-02-22 07:05:56,243 p=5757 u=root n=ansible | TASK [openstack.kolla.baremetal : Ensure /etc/cloud/cloud.cfg exists] **********
2023-02-22 07:05:57,771 p=5757 u=root n=ansible | ok: [localhost]
2023-02-22 07:05:57,944 p=5757 u=root n=ansible | TASK [openstack.kolla.baremetal : Disable cloud-init manage_etc_hosts] *********
2023-02-22 07:05:59,587 p=5757 u=root n=ansible | changed: [localhost]
2023-02-22 07:05:59,679 p=5757 u=root n=ansible | TASK [openstack.kolla.baremetal : Set firewall default policy] *****************
2023-02-22 07:05:59,735 p=5757 u=root n=ansible | skipping: [localhost]
2023-02-22 07:05:59,859 p=5757 u=root n=ansible | TASK [openstack.kolla.baremetal : Check if firewalld is installed] *************
2023-02-22 07:06:00,824 p=5757 u=root n=ansible | ok: [localhost]
2023-02-22 07:06:00,938 p=5757 u=root n=ansible | TASK [openstack.kolla.baremetal : Disable firewalld] ***************************
2023-02-22 07:06:01,032 p=5757 u=root n=ansible | skipping: [localhost] => (item=firewalld) 
2023-02-22 07:06:01,190 p=5757 u=root n=ansible | TASK [openstack.kolla.docker : Fail if docker_custom_option is defined] ********
2023-02-22 07:06:01,449 p=5757 u=root n=ansible | skipping: [localhost]
2023-02-22 07:06:01,539 p=5757 u=root n=ansible | TASK [openstack.kolla.docker : include_tasks] **********************************
2023-02-22 07:06:01,586 p=5757 u=root n=ansible | skipping: [localhost]
2023-02-22 07:06:01,673 p=5757 u=root n=ansible | TASK [openstack.kolla.docker : Ensure docker config directory exists] **********
2023-02-22 07:06:02,659 p=5757 u=root n=ansible | ok: [localhost]
2023-02-22 07:06:02,747 p=5757 u=root n=ansible | TASK [openstack.kolla.docker : Write docker config] ****************************
2023-02-22 07:06:04,071 p=5757 u=root n=ansible | changed: [localhost]
2023-02-22 07:06:04,204 p=5757 u=root n=ansible | TASK [openstack.kolla.docker : Remove old docker options file] *****************
2023-02-22 07:06:04,752 p=5757 u=root n=ansible | ok: [localhost]
2023-02-22 07:06:04,846 p=5757 u=root n=ansible | TASK [openstack.kolla.docker : Ensure docker service directory exists] *********
2023-02-22 07:06:04,918 p=5757 u=root n=ansible | skipping: [localhost]
2023-02-22 07:06:05,088 p=5757 u=root n=ansible | TASK [openstack.kolla.docker : Configure docker service] ***********************
2023-02-22 07:06:05,147 p=5757 u=root n=ansible | skipping: [localhost]
2023-02-22 07:06:05,288 p=5757 u=root n=ansible | TASK [openstack.kolla.docker : Ensure the path for CA file for private registry exists] ***
2023-02-22 07:06:05,345 p=5757 u=root n=ansible | skipping: [localhost]
2023-02-22 07:06:05,448 p=5757 u=root n=ansible | TASK [openstack.kolla.docker : Ensure the CA file for private registry exists] ***
2023-02-22 07:06:05,508 p=5757 u=root n=ansible | skipping: [localhost]
2023-02-22 07:06:05,636 p=5757 u=root n=ansible | TASK [openstack.kolla.docker : Flush handlers] *********************************
2023-02-22 07:06:05,637 p=5757 u=root n=ansible | RUNNING HANDLER [openstack.kolla.docker : Restart docker] **********************
2023-02-22 07:06:17,442 p=5757 u=root n=ansible | changed: [localhost]
2023-02-22 07:06:17,557 p=5757 u=root n=ansible | TASK [openstack.kolla.docker : Start and enable docker] ************************
2023-02-22 07:06:18,728 p=5757 u=root n=ansible | ok: [localhost]
2023-02-22 07:06:18,860 p=5757 u=root n=ansible | TASK [openstack.kolla.docker : include_tasks] **********************************
2023-02-22 07:06:18,916 p=5757 u=root n=ansible | skipping: [localhost]
2023-02-22 07:06:19,175 p=5757 u=root n=ansible | TASK [openstack.kolla.kolla_user : Ensure groups are present] ******************
2023-02-22 07:06:19,243 p=5757 u=root n=ansible | skipping: [localhost] => (item=docker) 
2023-02-22 07:06:19,257 p=5757 u=root n=ansible | skipping: [localhost] => (item=sudo) 
2023-02-22 07:06:19,268 p=5757 u=root n=ansible | skipping: [localhost] => (item=kolla) 
2023-02-22 07:06:19,410 p=5757 u=root n=ansible | TASK [openstack.kolla.kolla_user : Create kolla user] **************************
2023-02-22 07:06:19,463 p=5757 u=root n=ansible | skipping: [localhost]
2023-02-22 07:06:19,580 p=5757 u=root n=ansible | TASK [openstack.kolla.kolla_user : Add public key to kolla user authorized keys] ***
2023-02-22 07:06:19,628 p=5757 u=root n=ansible | skipping: [localhost]
2023-02-22 07:06:19,724 p=5757 u=root n=ansible | TASK [openstack.kolla.kolla_user : Grant kolla user passwordless sudo] *********
2023-02-22 07:06:19,764 p=5757 u=root n=ansible | skipping: [localhost]
2023-02-22 07:06:19,930 p=5757 u=root n=ansible | TASK [openstack.kolla.docker_sdk : Install latest pip in the virtualenv] *******
2023-02-22 07:06:19,995 p=5757 u=root n=ansible | skipping: [localhost]
2023-02-22 07:06:20,085 p=5757 u=root n=ansible | TASK [openstack.kolla.docker_sdk : Install docker SDK for python] **************
2023-02-22 07:06:35,905 p=5757 u=root n=ansible | ok: [localhost]
2023-02-22 07:06:36,131 p=5757 u=root n=ansible | TASK [openstack.kolla.baremetal : Ensure node_config_directory directory exists] ***
2023-02-22 07:06:36,702 p=5757 u=root n=ansible | ok: [localhost]
2023-02-22 07:06:36,797 p=5757 u=root n=ansible | TASK [openstack.kolla.apparmor_libvirt : include_tasks] ************************
2023-02-22 07:06:36,844 p=5757 u=root n=ansible | skipping: [localhost]
2023-02-22 07:06:37,026 p=5757 u=root n=ansible | TASK [openstack.kolla.baremetal : Change state of selinux] *********************
2023-02-22 07:06:38,660 p=5757 u=root n=ansible | ok: [localhost]
2023-02-22 07:06:38,747 p=5757 u=root n=ansible | TASK [openstack.kolla.baremetal : Set https proxy for git] *********************
2023-02-22 07:06:38,802 p=5757 u=root n=ansible | skipping: [localhost]
2023-02-22 07:06:38,920 p=5757 u=root n=ansible | TASK [openstack.kolla.baremetal : Set http proxy for git] **********************
2023-02-22 07:06:38,971 p=5757 u=root n=ansible | skipping: [localhost]
2023-02-22 07:06:39,099 p=5757 u=root n=ansible | TASK [openstack.kolla.baremetal : include_tasks] *******************************
2023-02-22 07:06:39,155 p=5757 u=root n=ansible | skipping: [localhost]
2023-02-22 07:06:39,524 p=5757 u=root n=ansible | PLAY RECAP *********************************************************************
2023-02-22 07:06:39,524 p=5757 u=root n=ansible | localhost                  : ok=17   changed=6    unreachable=0    failed=0    skipped=18   rescued=0    ignored=0   
