2023-02-09 12:51:09.496 24 INFO alembic.runtime.migration [-] Context impl MySQLImpl.
2023-02-09 12:51:09.500 24 INFO alembic.runtime.migration [-] Will assume non-transactional DDL.
2023-02-09 12:51:09.538 24 INFO alembic.runtime.migration [-] Context impl MySQLImpl.
2023-02-09 12:51:09.540 24 INFO alembic.runtime.migration [-] Will assume non-transactional DDL.
2023-02-09 12:51:09.581 24 INFO alembic.runtime.migration [-] Running upgrade  -> 27e647c0fad4, Initial version.
2023-02-09 12:51:10.658 24 INFO alembic.runtime.migration [-] Running upgrade 27e647c0fad4 -> e25ffa003242, Initial no-op Yoga contract migration.
2023-02-09 12:51:10.662 24 INFO alembic.runtime.migration [-] Running upgrade 27e647c0fad4 -> 29e87d24a316, Initial no-op Yoga expand migration.
2023-02-09 12:51:18.599 8 INFO keystone.common.fernet_utils [-] Created a new temporary key: /etc/keystone/fernet-keys/0.tmp
2023-02-09 12:51:18.604 8 INFO keystone.common.fernet_utils [-] Become a valid new key: /etc/keystone/fernet-keys/0
2023-02-09 12:51:18.605 8 INFO keystone.common.fernet_utils [-] Starting key rotation with 1 key files: ['/etc/keystone/fernet-keys/0']
2023-02-09 12:51:18.606 8 INFO keystone.common.fernet_utils [-] Created a new temporary key: /etc/keystone/fernet-keys/0.tmp
2023-02-09 12:51:18.607 8 INFO keystone.common.fernet_utils [-] Current primary key is: 0
2023-02-09 12:51:18.607 8 INFO keystone.common.fernet_utils [-] Next primary key will be: 1
2023-02-09 12:51:18.608 8 INFO keystone.common.fernet_utils [-] Promoted key 0 to be the primary: 1
2023-02-09 12:51:18.609 8 INFO keystone.common.fernet_utils [-] Become a valid new key: /etc/keystone/fernet-keys/0
2023-02-09 12:51:36.102 60 INFO keystone.cmd.bootstrap [None req-13726f43-a459-43b7-a5c3-16d45125ec35 - - - - - -] Created domain default
2023-02-09 12:51:36.168 60 INFO keystone.cmd.bootstrap [None req-13726f43-a459-43b7-a5c3-16d45125ec35 - - - - - -] Created project admin
2023-02-09 12:51:36.796 60 INFO keystone.cmd.bootstrap [None req-13726f43-a459-43b7-a5c3-16d45125ec35 - - - - - -] Created user admin
2023-02-09 12:51:36.823 60 INFO keystone.cmd.bootstrap [None req-13726f43-a459-43b7-a5c3-16d45125ec35 - - - - - -] Created role reader
2023-02-09 12:51:36.848 60 INFO keystone.cmd.bootstrap [None req-13726f43-a459-43b7-a5c3-16d45125ec35 - - - - - -] Created role member
2023-02-09 12:51:36.889 60 INFO keystone.cmd.bootstrap [None req-13726f43-a459-43b7-a5c3-16d45125ec35 - - - - - -] Created implied role where b530588c43744ebf8a6bde5c16182d87 implies f62a5de81f614234ae39c165a1bedcf3
2023-02-09 12:51:36.906 60 INFO keystone.cmd.bootstrap [None req-13726f43-a459-43b7-a5c3-16d45125ec35 - - - - - -] Created role admin
2023-02-09 12:51:36.933 60 INFO keystone.cmd.bootstrap [None req-13726f43-a459-43b7-a5c3-16d45125ec35 - - - - - -] Created implied role where a41c4f7596a64de694f840a363a8c79b implies b530588c43744ebf8a6bde5c16182d87
2023-02-09 12:51:36.948 60 INFO keystone.cmd.bootstrap [None req-13726f43-a459-43b7-a5c3-16d45125ec35 - - - - - -] Granted role admin on project admin to user admin.
2023-02-09 12:51:36.956 60 INFO keystone.cmd.bootstrap [None req-13726f43-a459-43b7-a5c3-16d45125ec35 - - - - - -] Granted role admin on the system to user admin.
2023-02-09 12:51:36.973 60 WARNING py.warnings [None req-13726f43-a459-43b7-a5c3-16d45125ec35 - - - - - -] /var/lib/kolla/venv/lib/python3.9/site-packages/pycadf/identifier.py:71: UserWarning: Invalid uuid: RegionOne. To ensure interoperability, identifiers should be a valid uuid.
  warnings.warn(('Invalid uuid: %s. To ensure interoperability, '

2023-02-09 12:51:36.980 60 INFO keystone.cmd.bootstrap [None req-13726f43-a459-43b7-a5c3-16d45125ec35 - - - - - -] Created region RegionOne
2023-02-09 12:51:37.027 60 INFO keystone.cmd.bootstrap [None req-13726f43-a459-43b7-a5c3-16d45125ec35 - - - - - -] Created public endpoint http://169.16.1.169:5000
2023-02-09 12:51:37.042 60 INFO keystone.cmd.bootstrap [None req-13726f43-a459-43b7-a5c3-16d45125ec35 - - - - - -] Created internal endpoint http://169.16.1.169:5000
2023-02-09 12:51:55.579 28 WARNING keystone.common.rbac_enforcer.enforcer [None req-a62a4e74-799b-4484-be51-0a0f5b4ae1cb f10f77838b0d478295c28b0acdd8bd92 - - all default -] Deprecated policy rules found. Use oslopolicy-policy-generator and oslopolicy-policy-upgrade to detect and resolve deprecated policies in your configuration.
2023-02-09 12:51:55.912 27 WARNING keystone.common.rbac_enforcer.enforcer [None req-84453b14-49c8-4037-9823-4141d1190783 f10f77838b0d478295c28b0acdd8bd92 - - all default -] Deprecated policy rules found. Use oslopolicy-policy-generator and oslopolicy-policy-upgrade to detect and resolve deprecated policies in your configuration.
