- - - [13/Mar/2023:23:20:04 -0400] "GET / HTTP/1.1" 200 468 6142401 "-" "ironic-inspector keystoneauth1/5.1.0 python-requests/2.28.1 CPython/3.9.14"
- - - [13/Mar/2023:23:20:10 -0400] "GET /v1/ports?fields=address%2Cextra HTTP/1.1" 200 13 7782658 "-" "ironic-inspector keystoneauth1/5.1.0 python-requests/2.28.1 CPython/3.9.14"
- - - [13/Mar/2023:23:20:18 -0400] "GET /v1/ports?fields=address%2Cextra HTTP/1.1" 200 13 6595735 "-" "ironic-inspector keystoneauth1/5.1.0 python-requests/2.28.1 CPython/3.9.14"
- - - [13/Mar/2023:23:20:40 -0400] "GET /v1/ports?fields=address%2Cextra HTTP/1.1" 200 13 1591841 "-" "ironic-inspector keystoneauth1/5.1.0 python-requests/2.28.1 CPython/3.9.14"
- - - [13/Mar/2023:23:20:41 -0400] "GET /v1/ports?fields=address%2Cextra HTTP/1.1" 200 13 708659 "-" "ironic-inspector keystoneauth1/5.1.0 python-requests/2.28.1 CPython/3.9.14"
- - - [13/Mar/2023:23:20:55 -0400] "GET /v1/ports?fields=address%2Cextra HTTP/1.1" 200 13 668111 "-" "ironic-inspector keystoneauth1/5.1.0 python-requests/2.28.1 CPython/3.9.14"
- - - [13/Mar/2023:23:20:56 -0400] "GET /v1/ports?fields=address%2Cextra HTTP/1.1" 200 13 693641 "-" "ironic-inspector keystoneauth1/5.1.0 python-requests/2.28.1 CPython/3.9.14"
- - - [13/Mar/2023:23:21:10 -0400] "GET /v1/ports?fields=address%2Cextra HTTP/1.1" 200 13 522811 "-" "ironic-inspector keystoneauth1/5.1.0 python-requests/2.28.1 CPython/3.9.14"
- - - [13/Mar/2023:23:21:10 -0400] "GET /v1/ports?fields=address%2Cextra HTTP/1.1" 200 13 451305 "-" "ironic-inspector keystoneauth1/5.1.0 python-requests/2.28.1 CPython/3.9.14"
- - - [13/Mar/2023:23:21:25 -0400] "GET /v1/nodes?fields=uuid HTTP/1.1" 200 13 493039 "-" "ironic-inspector keystoneauth1/5.1.0 python-requests/2.28.1 CPython/3.9.14"
- - - [13/Mar/2023:23:21:25 -0400] "GET /v1/ports?fields=address%2Cextra HTTP/1.1" 200 13 692449 "-" "ironic-inspector keystoneauth1/5.1.0 python-requests/2.28.1 CPython/3.9.14"
- - - [13/Mar/2023:23:21:26 -0400] "GET /v1/ports?fields=address%2Cextra HTTP/1.1" 200 13 488873 "-" "ironic-inspector keystoneauth1/5.1.0 python-requests/2.28.1 CPython/3.9.14"
- - - [13/Mar/2023:23:21:40 -0400] "GET /v1/ports?fields=address%2Cextra HTTP/1.1" 200 13 545901 "-" "ironic-inspector keystoneauth1/5.1.0 python-requests/2.28.1 CPython/3.9.14"
- - - [13/Mar/2023:23:21:40 -0400] "GET /v1/ports?fields=address%2Cextra HTTP/1.1" 200 13 571068 "-" "ironic-inspector keystoneauth1/5.1.0 python-requests/2.28.1 CPython/3.9.14"
- - - [13/Mar/2023:23:21:55 -0400] "GET /v1/ports?fields=address%2Cextra HTTP/1.1" 200 13 410419 "-" "ironic-inspector keystoneauth1/5.1.0 python-requests/2.28.1 CPython/3.9.14"
- - - [13/Mar/2023:23:21:55 -0400] "GET /v1/ports?fields=address%2Cextra HTTP/1.1" 200 13 384408 "-" "ironic-inspector keystoneauth1/5.1.0 python-requests/2.28.1 CPython/3.9.14"
- - - [13/Mar/2023:23:22:10 -0400] "GET /v1/ports?fields=address%2Cextra HTTP/1.1" 200 13 413996 "-" "ironic-inspector keystoneauth1/5.1.0 python-requests/2.28.1 CPython/3.9.14"
- - - [13/Mar/2023:23:22:10 -0400] "GET /v1/ports?fields=address%2Cextra HTTP/1.1" 200 13 387262 "-" "ironic-inspector keystoneauth1/5.1.0 python-requests/2.28.1 CPython/3.9.14"
- - - [13/Mar/2023:23:22:25 -0400] "GET /v1/ports?fields=address%2Cextra HTTP/1.1" 200 13 391643 "-" "ironic-inspector keystoneauth1/5.1.0 python-requests/2.28.1 CPython/3.9.14"
- - - [13/Mar/2023:23:22:25 -0400] "GET /v1/nodes?fields=uuid HTTP/1.1" 200 13 498374 "-" "ironic-inspector keystoneauth1/5.1.0 python-requests/2.28.1 CPython/3.9.14"
- - - [13/Mar/2023:23:22:25 -0400] "GET /v1/ports?fields=address%2Cextra HTTP/1.1" 200 13 350449 "-" "ironic-inspector keystoneauth1/5.1.0 python-requests/2.28.1 CPython/3.9.14"
- - - [13/Mar/2023:23:22:40 -0400] "GET /v1/ports?fields=address%2Cextra HTTP/1.1" 200 13 554401 "-" "ironic-inspector keystoneauth1/5.1.0 python-requests/2.28.1 CPython/3.9.14"
- - - [13/Mar/2023:23:22:40 -0400] "GET /v1/ports?fields=address%2Cextra HTTP/1.1" 200 13 404306 "-" "ironic-inspector keystoneauth1/5.1.0 python-requests/2.28.1 CPython/3.9.14"
- - - [13/Mar/2023:23:22:55 -0400] "GET /v1/ports?fields=address%2Cextra HTTP/1.1" 200 13 559224 "-" "ironic-inspector keystoneauth1/5.1.0 python-requests/2.28.1 CPython/3.9.14"
- - - [13/Mar/2023:23:22:55 -0400] "GET /v1/ports?fields=address%2Cextra HTTP/1.1" 200 13 592345 "-" "ironic-inspector keystoneauth1/5.1.0 python-requests/2.28.1 CPython/3.9.14"
- - - [13/Mar/2023:23:23:10 -0400] "GET /v1/ports?fields=address%2Cextra HTTP/1.1" 200 13 579246 "-" "ironic-inspector keystoneauth1/5.1.0 python-requests/2.28.1 CPython/3.9.14"
- - - [13/Mar/2023:23:23:10 -0400] "GET /v1/ports?fields=address%2Cextra HTTP/1.1" 200 13 455479 "-" "ironic-inspector keystoneauth1/5.1.0 python-requests/2.28.1 CPython/3.9.14"
- - - [13/Mar/2023:23:23:25 -0400] "GET /v1/nodes?fields=uuid HTTP/1.1" 200 13 1406099 "-" "ironic-inspector keystoneauth1/5.1.0 python-requests/2.28.1 CPython/3.9.14"
- - - [13/Mar/2023:23:23:25 -0400] "GET /v1/ports?fields=address%2Cextra HTTP/1.1" 200 13 1580027 "-" "ironic-inspector keystoneauth1/5.1.0 python-requests/2.28.1 CPython/3.9.14"
- - - [13/Mar/2023:23:23:27 -0400] "GET /v1/ports?fields=address%2Cextra HTTP/1.1" 200 13 886205 "-" "ironic-inspector keystoneauth1/5.1.0 python-requests/2.28.1 CPython/3.9.14"
- - - [13/Mar/2023:23:23:40 -0400] "GET /v1/ports?fields=address%2Cextra HTTP/1.1" 200 13 615907 "-" "ironic-inspector keystoneauth1/5.1.0 python-requests/2.28.1 CPython/3.9.14"
- - - [13/Mar/2023:23:23:41 -0400] "GET /v1/ports?fields=address%2Cextra HTTP/1.1" 200 13 433515 "-" "ironic-inspector keystoneauth1/5.1.0 python-requests/2.28.1 CPython/3.9.14"
- - - [13/Mar/2023:23:23:55 -0400] "GET /v1/ports?fields=address%2Cextra HTTP/1.1" 200 13 506061 "-" "ironic-inspector keystoneauth1/5.1.0 python-requests/2.28.1 CPython/3.9.14"
- - - [13/Mar/2023:23:23:56 -0400] "GET /v1/ports?fields=address%2Cextra HTTP/1.1" 200 13 517270 "-" "ironic-inspector keystoneauth1/5.1.0 python-requests/2.28.1 CPython/3.9.14"
- - - [13/Mar/2023:23:24:10 -0400] "GET /v1/ports?fields=address%2Cextra HTTP/1.1" 200 13 536483 "-" "ironic-inspector keystoneauth1/5.1.0 python-requests/2.28.1 CPython/3.9.14"
- - - [13/Mar/2023:23:24:11 -0400] "GET /v1/ports?fields=address%2Cextra HTTP/1.1" 200 13 471770 "-" "ironic-inspector keystoneauth1/5.1.0 python-requests/2.28.1 CPython/3.9.14"
- - - [13/Mar/2023:23:24:25 -0400] "GET /v1/ports?fields=address%2Cextra HTTP/1.1" 200 13 549412 "-" "ironic-inspector keystoneauth1/5.1.0 python-requests/2.28.1 CPython/3.9.14"
- - - [13/Mar/2023:23:24:25 -0400] "GET /v1/nodes?fields=uuid HTTP/1.1" 200 13 699241 "-" "ironic-inspector keystoneauth1/5.1.0 python-requests/2.28.1 CPython/3.9.14"
- - - [13/Mar/2023:23:24:26 -0400] "GET /v1/ports?fields=address%2Cextra HTTP/1.1" 200 13 545583 "-" "ironic-inspector keystoneauth1/5.1.0 python-requests/2.28.1 CPython/3.9.14"
- - - [13/Mar/2023:23:24:40 -0400] "GET /v1/ports?fields=address%2Cextra HTTP/1.1" 200 13 533605 "-" "ironic-inspector keystoneauth1/5.1.0 python-requests/2.28.1 CPython/3.9.14"
- - - [13/Mar/2023:23:24:41 -0400] "GET /v1/ports?fields=address%2Cextra HTTP/1.1" 200 13 490772 "-" "ironic-inspector keystoneauth1/5.1.0 python-requests/2.28.1 CPython/3.9.14"
- - - [13/Mar/2023:23:24:55 -0400] "GET /v1/ports?fields=address%2Cextra HTTP/1.1" 200 13 672158 "-" "ironic-inspector keystoneauth1/5.1.0 python-requests/2.28.1 CPython/3.9.14"
- - - [13/Mar/2023:23:24:56 -0400] "GET /v1/ports?fields=address%2Cextra HTTP/1.1" 200 13 603938 "-" "ironic-inspector keystoneauth1/5.1.0 python-requests/2.28.1 CPython/3.9.14"
- - - [13/Mar/2023:23:25:10 -0400] "GET /v1/ports?fields=address%2Cextra HTTP/1.1" 200 13 572413 "-" "ironic-inspector keystoneauth1/5.1.0 python-requests/2.28.1 CPython/3.9.14"
- - - [13/Mar/2023:23:25:11 -0400] "GET /v1/ports?fields=address%2Cextra HTTP/1.1" 200 13 580125 "-" "ironic-inspector keystoneauth1/5.1.0 python-requests/2.28.1 CPython/3.9.14"
- - - [13/Mar/2023:23:25:25 -0400] "GET /v1/nodes?fields=uuid HTTP/1.1" 200 13 520239 "-" "ironic-inspector keystoneauth1/5.1.0 python-requests/2.28.1 CPython/3.9.14"
- - - [13/Mar/2023:23:25:25 -0400] "GET /v1/ports?fields=address%2Cextra HTTP/1.1" 200 13 488396 "-" "ironic-inspector keystoneauth1/5.1.0 python-requests/2.28.1 CPython/3.9.14"
- - - [13/Mar/2023:23:25:25 -0400] "GET /v1/ports?fields=address%2Cextra HTTP/1.1" 200 13 438215 "-" "ironic-inspector keystoneauth1/5.1.0 python-requests/2.28.1 CPython/3.9.14"
- - - [13/Mar/2023:23:25:40 -0400] "GET /v1/ports?fields=address%2Cextra HTTP/1.1" 200 13 726477 "-" "ironic-inspector keystoneauth1/5.1.0 python-requests/2.28.1 CPython/3.9.14"
- - - [13/Mar/2023:23:25:41 -0400] "GET /v1/ports?fields=address%2Cextra HTTP/1.1" 200 13 482660 "-" "ironic-inspector keystoneauth1/5.1.0 python-requests/2.28.1 CPython/3.9.14"
- - - [13/Mar/2023:23:25:55 -0400] "GET /v1/ports?fields=address%2Cextra HTTP/1.1" 200 13 472111 "-" "ironic-inspector keystoneauth1/5.1.0 python-requests/2.28.1 CPython/3.9.14"
- - - [13/Mar/2023:23:25:55 -0400] "GET /v1/ports?fields=address%2Cextra HTTP/1.1" 200 13 471574 "-" "ironic-inspector keystoneauth1/5.1.0 python-requests/2.28.1 CPython/3.9.14"
- - - [13/Mar/2023:23:26:10 -0400] "GET /v1/ports?fields=address%2Cextra HTTP/1.1" 200 13 443504 "-" "ironic-inspector keystoneauth1/5.1.0 python-requests/2.28.1 CPython/3.9.14"
- - - [13/Mar/2023:23:26:10 -0400] "GET /v1/ports?fields=address%2Cextra HTTP/1.1" 200 13 459828 "-" "ironic-inspector keystoneauth1/5.1.0 python-requests/2.28.1 CPython/3.9.14"
- - - [13/Mar/2023:23:26:25 -0400] "GET /v1/nodes?fields=uuid HTTP/1.1" 200 13 589296 "-" "ironic-inspector keystoneauth1/5.1.0 python-requests/2.28.1 CPython/3.9.14"
- - - [13/Mar/2023:23:26:25 -0400] "GET /v1/ports?fields=address%2Cextra HTTP/1.1" 200 13 765849 "-" "ironic-inspector keystoneauth1/5.1.0 python-requests/2.28.1 CPython/3.9.14"
- - - [13/Mar/2023:23:26:26 -0400] "GET /v1/ports?fields=address%2Cextra HTTP/1.1" 200 13 463373 "-" "ironic-inspector keystoneauth1/5.1.0 python-requests/2.28.1 CPython/3.9.14"
- - - [13/Mar/2023:23:26:40 -0400] "GET /v1/ports?fields=address%2Cextra HTTP/1.1" 200 13 449928 "-" "ironic-inspector keystoneauth1/5.1.0 python-requests/2.28.1 CPython/3.9.14"
- - - [13/Mar/2023:23:26:40 -0400] "GET /v1/ports?fields=address%2Cextra HTTP/1.1" 200 13 407212 "-" "ironic-inspector keystoneauth1/5.1.0 python-requests/2.28.1 CPython/3.9.14"
- - - [13/Mar/2023:23:26:55 -0400] "GET /v1/ports?fields=address%2Cextra HTTP/1.1" 200 13 394464 "-" "ironic-inspector keystoneauth1/5.1.0 python-requests/2.28.1 CPython/3.9.14"
- - - [13/Mar/2023:23:26:55 -0400] "GET /v1/ports?fields=address%2Cextra HTTP/1.1" 200 13 388517 "-" "ironic-inspector keystoneauth1/5.1.0 python-requests/2.28.1 CPython/3.9.14"
- - - [13/Mar/2023:23:27:10 -0400] "GET /v1/ports?fields=address%2Cextra HTTP/1.1" 200 13 695105 "-" "ironic-inspector keystoneauth1/5.1.0 python-requests/2.28.1 CPython/3.9.14"
- - - [13/Mar/2023:23:27:11 -0400] "GET /v1/ports?fields=address%2Cextra HTTP/1.1" 200 13 480723 "-" "ironic-inspector keystoneauth1/5.1.0 python-requests/2.28.1 CPython/3.9.14"
- - - [13/Mar/2023:23:27:25 -0400] "GET /v1/nodes?fields=uuid HTTP/1.1" 200 13 485757 "-" "ironic-inspector keystoneauth1/5.1.0 python-requests/2.28.1 CPython/3.9.14"
- - - [13/Mar/2023:23:27:25 -0400] "GET /v1/ports?fields=address%2Cextra HTTP/1.1" 200 13 464643 "-" "ironic-inspector keystoneauth1/5.1.0 python-requests/2.28.1 CPython/3.9.14"
- - - [13/Mar/2023:23:27:26 -0400] "GET /v1/ports?fields=address%2Cextra HTTP/1.1" 200 13 452911 "-" "ironic-inspector keystoneauth1/5.1.0 python-requests/2.28.1 CPython/3.9.14"
- - - [13/Mar/2023:23:27:40 -0400] "GET /v1/ports?fields=address%2Cextra HTTP/1.1" 200 13 737990 "-" "ironic-inspector keystoneauth1/5.1.0 python-requests/2.28.1 CPython/3.9.14"
- - - [13/Mar/2023:23:27:41 -0400] "GET /v1/ports?fields=address%2Cextra HTTP/1.1" 200 13 507757 "-" "ironic-inspector keystoneauth1/5.1.0 python-requests/2.28.1 CPython/3.9.14"
- - - [13/Mar/2023:23:27:55 -0400] "GET /v1/ports?fields=address%2Cextra HTTP/1.1" 200 13 440659 "-" "ironic-inspector keystoneauth1/5.1.0 python-requests/2.28.1 CPython/3.9.14"
- - - [13/Mar/2023:23:27:56 -0400] "GET /v1/ports?fields=address%2Cextra HTTP/1.1" 200 13 563416 "-" "ironic-inspector keystoneauth1/5.1.0 python-requests/2.28.1 CPython/3.9.14"
- - - [13/Mar/2023:23:28:10 -0400] "GET /v1/ports?fields=address%2Cextra HTTP/1.1" 200 13 570055 "-" "ironic-inspector keystoneauth1/5.1.0 python-requests/2.28.1 CPython/3.9.14"
- - - [13/Mar/2023:23:28:11 -0400] "GET /v1/ports?fields=address%2Cextra HTTP/1.1" 200 13 468980 "-" "ironic-inspector keystoneauth1/5.1.0 python-requests/2.28.1 CPython/3.9.14"
- - - [13/Mar/2023:23:28:25 -0400] "GET /v1/nodes?fields=uuid HTTP/1.1" 200 13 444955 "-" "ironic-inspector keystoneauth1/5.1.0 python-requests/2.28.1 CPython/3.9.14"
- - - [13/Mar/2023:23:28:25 -0400] "GET /v1/ports?fields=address%2Cextra HTTP/1.1" 200 13 537559 "-" "ironic-inspector keystoneauth1/5.1.0 python-requests/2.28.1 CPython/3.9.14"
- - - [13/Mar/2023:23:28:26 -0400] "GET /v1/ports?fields=address%2Cextra HTTP/1.1" 200 13 445736 "-" "ironic-inspector keystoneauth1/5.1.0 python-requests/2.28.1 CPython/3.9.14"
- - - [13/Mar/2023:23:28:40 -0400] "GET /v1/ports?fields=address%2Cextra HTTP/1.1" 200 13 678505 "-" "ironic-inspector keystoneauth1/5.1.0 python-requests/2.28.1 CPython/3.9.14"
- - - [13/Mar/2023:23:28:41 -0400] "GET /v1/ports?fields=address%2Cextra HTTP/1.1" 200 13 703483 "-" "ironic-inspector keystoneauth1/5.1.0 python-requests/2.28.1 CPython/3.9.14"
- - - [13/Mar/2023:23:28:55 -0400] "GET /v1/ports?fields=address%2Cextra HTTP/1.1" 200 13 601777 "-" "ironic-inspector keystoneauth1/5.1.0 python-requests/2.28.1 CPython/3.9.14"
- - - [13/Mar/2023:23:28:56 -0400] "GET /v1/ports?fields=address%2Cextra HTTP/1.1" 200 13 490372 "-" "ironic-inspector keystoneauth1/5.1.0 python-requests/2.28.1 CPython/3.9.14"
- - - [13/Mar/2023:23:29:10 -0400] "GET /v1/ports?fields=address%2Cextra HTTP/1.1" 200 13 426185 "-" "ironic-inspector keystoneauth1/5.1.0 python-requests/2.28.1 CPython/3.9.14"
- - - [13/Mar/2023:23:29:11 -0400] "GET /v1/ports?fields=address%2Cextra HTTP/1.1" 200 13 470150 "-" "ironic-inspector keystoneauth1/5.1.0 python-requests/2.28.1 CPython/3.9.14"
- - - [13/Mar/2023:23:29:25 -0400] "GET /v1/nodes?fields=uuid HTTP/1.1" 200 13 617263 "-" "ironic-inspector keystoneauth1/5.1.0 python-requests/2.28.1 CPython/3.9.14"
- - - [13/Mar/2023:23:29:25 -0400] "GET /v1/ports?fields=address%2Cextra HTTP/1.1" 200 13 599173 "-" "ironic-inspector keystoneauth1/5.1.0 python-requests/2.28.1 CPython/3.9.14"
- - - [13/Mar/2023:23:29:26 -0400] "GET /v1/ports?fields=address%2Cextra HTTP/1.1" 200 13 616889 "-" "ironic-inspector keystoneauth1/5.1.0 python-requests/2.28.1 CPython/3.9.14"
- - - [13/Mar/2023:23:29:40 -0400] "GET /v1/ports?fields=address%2Cextra HTTP/1.1" 200 13 448756 "-" "ironic-inspector keystoneauth1/5.1.0 python-requests/2.28.1 CPython/3.9.14"
- - - [13/Mar/2023:23:29:41 -0400] "GET /v1/ports?fields=address%2Cextra HTTP/1.1" 200 13 573534 "-" "ironic-inspector keystoneauth1/5.1.0 python-requests/2.28.1 CPython/3.9.14"
- - - [13/Mar/2023:23:29:55 -0400] "GET /v1/ports?fields=address%2Cextra HTTP/1.1" 200 13 459532 "-" "ironic-inspector keystoneauth1/5.1.0 python-requests/2.28.1 CPython/3.9.14"
- - - [13/Mar/2023:23:29:56 -0400] "GET /v1/ports?fields=address%2Cextra HTTP/1.1" 200 13 411770 "-" "ironic-inspector keystoneauth1/5.1.0 python-requests/2.28.1 CPython/3.9.14"
- - - [13/Mar/2023:23:30:10 -0400] "GET /v1/ports?fields=address%2Cextra HTTP/1.1" 200 13 497967 "-" "ironic-inspector keystoneauth1/5.1.0 python-requests/2.28.1 CPython/3.9.14"
- - - [13/Mar/2023:23:30:11 -0400] "GET /v1/ports?fields=address%2Cextra HTTP/1.1" 200 13 440890 "-" "ironic-inspector keystoneauth1/5.1.0 python-requests/2.28.1 CPython/3.9.14"
- - - [13/Mar/2023:23:30:25 -0400] "GET /v1/nodes?fields=uuid HTTP/1.1" 200 13 507187 "-" "ironic-inspector keystoneauth1/5.1.0 python-requests/2.28.1 CPython/3.9.14"
- - - [13/Mar/2023:23:30:25 -0400] "GET /v1/ports?fields=address%2Cextra HTTP/1.1" 200 13 499112 "-" "ironic-inspector keystoneauth1/5.1.0 python-requests/2.28.1 CPython/3.9.14"
- - - [13/Mar/2023:23:30:26 -0400] "GET /v1/ports?fields=address%2Cextra HTTP/1.1" 200 13 484423 "-" "ironic-inspector keystoneauth1/5.1.0 python-requests/2.28.1 CPython/3.9.14"
- - - [13/Mar/2023:23:30:40 -0400] "GET /v1/ports?fields=address%2Cextra HTTP/1.1" 200 13 865217 "-" "ironic-inspector keystoneauth1/5.1.0 python-requests/2.28.1 CPython/3.9.14"
- - - [13/Mar/2023:23:30:41 -0400] "GET /v1/ports?fields=address%2Cextra HTTP/1.1" 200 13 532257 "-" "ironic-inspector keystoneauth1/5.1.0 python-requests/2.28.1 CPython/3.9.14"
- - - [13/Mar/2023:23:30:55 -0400] "GET /v1/ports?fields=address%2Cextra HTTP/1.1" 200 13 556898 "-" "ironic-inspector keystoneauth1/5.1.0 python-requests/2.28.1 CPython/3.9.14"
- - - [13/Mar/2023:23:30:56 -0400] "GET /v1/ports?fields=address%2Cextra HTTP/1.1" 200 13 471839 "-" "ironic-inspector keystoneauth1/5.1.0 python-requests/2.28.1 CPython/3.9.14"
- - - [13/Mar/2023:23:31:10 -0400] "GET /v1/ports?fields=address%2Cextra HTTP/1.1" 200 13 399500 "-" "ironic-inspector keystoneauth1/5.1.0 python-requests/2.28.1 CPython/3.9.14"
- - - [13/Mar/2023:23:31:11 -0400] "GET /v1/ports?fields=address%2Cextra HTTP/1.1" 200 13 406620 "-" "ironic-inspector keystoneauth1/5.1.0 python-requests/2.28.1 CPython/3.9.14"
- - - [13/Mar/2023:23:31:25 -0400] "GET /v1/nodes?fields=uuid HTTP/1.1" 200 13 507169 "-" "ironic-inspector keystoneauth1/5.1.0 python-requests/2.28.1 CPython/3.9.14"
- - - [13/Mar/2023:23:31:25 -0400] "GET /v1/ports?fields=address%2Cextra HTTP/1.1" 200 13 506539 "-" "ironic-inspector keystoneauth1/5.1.0 python-requests/2.28.1 CPython/3.9.14"
- - - [13/Mar/2023:23:31:26 -0400] "GET /v1/ports?fields=address%2Cextra HTTP/1.1" 200 13 577274 "-" "ironic-inspector keystoneauth1/5.1.0 python-requests/2.28.1 CPython/3.9.14"
- - - [13/Mar/2023:23:31:40 -0400] "GET /v1/ports?fields=address%2Cextra HTTP/1.1" 200 13 578647 "-" "ironic-inspector keystoneauth1/5.1.0 python-requests/2.28.1 CPython/3.9.14"
- - - [13/Mar/2023:23:31:41 -0400] "GET /v1/ports?fields=address%2Cextra HTTP/1.1" 200 13 423514 "-" "ironic-inspector keystoneauth1/5.1.0 python-requests/2.28.1 CPython/3.9.14"
- - - [13/Mar/2023:23:31:55 -0400] "GET /v1/ports?fields=address%2Cextra HTTP/1.1" 200 13 495477 "-" "ironic-inspector keystoneauth1/5.1.0 python-requests/2.28.1 CPython/3.9.14"
- - - [13/Mar/2023:23:31:56 -0400] "GET /v1/ports?fields=address%2Cextra HTTP/1.1" 200 13 485089 "-" "ironic-inspector keystoneauth1/5.1.0 python-requests/2.28.1 CPython/3.9.14"
- - - [13/Mar/2023:23:32:10 -0400] "GET /v1/ports?fields=address%2Cextra HTTP/1.1" 200 13 379048 "-" "ironic-inspector keystoneauth1/5.1.0 python-requests/2.28.1 CPython/3.9.14"
- - - [13/Mar/2023:23:32:10 -0400] "GET /v1/ports?fields=address%2Cextra HTTP/1.1" 200 13 517390 "-" "ironic-inspector keystoneauth1/5.1.0 python-requests/2.28.1 CPython/3.9.14"
- - - [13/Mar/2023:23:32:25 -0400] "GET /v1/nodes?fields=uuid HTTP/1.1" 200 13 562325 "-" "ironic-inspector keystoneauth1/5.1.0 python-requests/2.28.1 CPython/3.9.14"
- - - [13/Mar/2023:23:32:25 -0400] "GET /v1/ports?fields=address%2Cextra HTTP/1.1" 200 13 473681 "-" "ironic-inspector keystoneauth1/5.1.0 python-requests/2.28.1 CPython/3.9.14"
- - - [13/Mar/2023:23:32:26 -0400] "GET /v1/ports?fields=address%2Cextra HTTP/1.1" 200 13 432942 "-" "ironic-inspector keystoneauth1/5.1.0 python-requests/2.28.1 CPython/3.9.14"
- - - [13/Mar/2023:23:32:40 -0400] "GET /v1/ports?fields=address%2Cextra HTTP/1.1" 200 13 458072 "-" "ironic-inspector keystoneauth1/5.1.0 python-requests/2.28.1 CPython/3.9.14"
- - - [13/Mar/2023:23:32:41 -0400] "GET /v1/ports?fields=address%2Cextra HTTP/1.1" 200 13 371928 "-" "ironic-inspector keystoneauth1/5.1.0 python-requests/2.28.1 CPython/3.9.14"
- - - [13/Mar/2023:23:32:55 -0400] "GET /v1/ports?fields=address%2Cextra HTTP/1.1" 200 13 528147 "-" "ironic-inspector keystoneauth1/5.1.0 python-requests/2.28.1 CPython/3.9.14"
- - - [13/Mar/2023:23:32:56 -0400] "GET /v1/ports?fields=address%2Cextra HTTP/1.1" 200 13 468834 "-" "ironic-inspector keystoneauth1/5.1.0 python-requests/2.28.1 CPython/3.9.14"
- - - [13/Mar/2023:23:33:10 -0400] "GET /v1/ports?fields=address%2Cextra HTTP/1.1" 200 13 856633 "-" "ironic-inspector keystoneauth1/5.1.0 python-requests/2.28.1 CPython/3.9.14"
- - - [13/Mar/2023:23:33:11 -0400] "GET /v1/ports?fields=address%2Cextra HTTP/1.1" 200 13 431928 "-" "ironic-inspector keystoneauth1/5.1.0 python-requests/2.28.1 CPython/3.9.14"
- - - [13/Mar/2023:23:33:25 -0400] "GET /v1/nodes?fields=uuid HTTP/1.1" 200 13 746803 "-" "ironic-inspector keystoneauth1/5.1.0 python-requests/2.28.1 CPython/3.9.14"
- - - [13/Mar/2023:23:33:25 -0400] "GET /v1/ports?fields=address%2Cextra HTTP/1.1" 200 13 728196 "-" "ironic-inspector keystoneauth1/5.1.0 python-requests/2.28.1 CPython/3.9.14"
- - - [13/Mar/2023:23:33:26 -0400] "GET /v1/ports?fields=address%2Cextra HTTP/1.1" 200 13 609017 "-" "ironic-inspector keystoneauth1/5.1.0 python-requests/2.28.1 CPython/3.9.14"
- - - [13/Mar/2023:23:33:40 -0400] "GET /v1/ports?fields=address%2Cextra HTTP/1.1" 200 13 437389 "-" "ironic-inspector keystoneauth1/5.1.0 python-requests/2.28.1 CPython/3.9.14"
- - - [13/Mar/2023:23:33:41 -0400] "GET /v1/ports?fields=address%2Cextra HTTP/1.1" 200 13 428365 "-" "ironic-inspector keystoneauth1/5.1.0 python-requests/2.28.1 CPython/3.9.14"
- - - [13/Mar/2023:23:33:55 -0400] "GET /v1/ports?fields=address%2Cextra HTTP/1.1" 200 13 486126 "-" "ironic-inspector keystoneauth1/5.1.0 python-requests/2.28.1 CPython/3.9.14"
- - - [13/Mar/2023:23:33:56 -0400] "GET /v1/ports?fields=address%2Cextra HTTP/1.1" 200 13 397108 "-" "ironic-inspector keystoneauth1/5.1.0 python-requests/2.28.1 CPython/3.9.14"
- - - [13/Mar/2023:23:34:10 -0400] "GET /v1/ports?fields=address%2Cextra HTTP/1.1" 200 13 490171 "-" "ironic-inspector keystoneauth1/5.1.0 python-requests/2.28.1 CPython/3.9.14"
- - - [13/Mar/2023:23:34:11 -0400] "GET /v1/ports?fields=address%2Cextra HTTP/1.1" 200 13 566456 "-" "ironic-inspector keystoneauth1/5.1.0 python-requests/2.28.1 CPython/3.9.14"
- - - [13/Mar/2023:23:34:25 -0400] "GET /v1/nodes?fields=uuid HTTP/1.1" 200 13 784603 "-" "ironic-inspector keystoneauth1/5.1.0 python-requests/2.28.1 CPython/3.9.14"
- - - [13/Mar/2023:23:34:25 -0400] "GET /v1/ports?fields=address%2Cextra HTTP/1.1" 200 13 896413 "-" "ironic-inspector keystoneauth1/5.1.0 python-requests/2.28.1 CPython/3.9.14"
- - - [13/Mar/2023:23:34:26 -0400] "GET /v1/ports?fields=address%2Cextra HTTP/1.1" 200 13 428077 "-" "ironic-inspector keystoneauth1/5.1.0 python-requests/2.28.1 CPython/3.9.14"
- - - [13/Mar/2023:23:34:40 -0400] "GET /v1/ports?fields=address%2Cextra HTTP/1.1" 200 13 575483 "-" "ironic-inspector keystoneauth1/5.1.0 python-requests/2.28.1 CPython/3.9.14"
- - - [13/Mar/2023:23:34:41 -0400] "GET /v1/ports?fields=address%2Cextra HTTP/1.1" 200 13 465569 "-" "ironic-inspector keystoneauth1/5.1.0 python-requests/2.28.1 CPython/3.9.14"
- - - [13/Mar/2023:23:34:55 -0400] "GET /v1/ports?fields=address%2Cextra HTTP/1.1" 200 13 667421 "-" "ironic-inspector keystoneauth1/5.1.0 python-requests/2.28.1 CPython/3.9.14"
- - - [13/Mar/2023:23:34:56 -0400] "GET /v1/ports?fields=address%2Cextra HTTP/1.1" 200 13 581463 "-" "ironic-inspector keystoneauth1/5.1.0 python-requests/2.28.1 CPython/3.9.14"
- - - [13/Mar/2023:23:35:10 -0400] "GET /v1/ports?fields=address%2Cextra HTTP/1.1" 200 13 423679 "-" "ironic-inspector keystoneauth1/5.1.0 python-requests/2.28.1 CPython/3.9.14"
- - - [13/Mar/2023:23:35:11 -0400] "GET /v1/ports?fields=address%2Cextra HTTP/1.1" 200 13 394795 "-" "ironic-inspector keystoneauth1/5.1.0 python-requests/2.28.1 CPython/3.9.14"
- - - [13/Mar/2023:23:35:25 -0400] "GET /v1/nodes?fields=uuid HTTP/1.1" 200 13 518343 "-" "ironic-inspector keystoneauth1/5.1.0 python-requests/2.28.1 CPython/3.9.14"
- - - [13/Mar/2023:23:35:25 -0400] "GET /v1/ports?fields=address%2Cextra HTTP/1.1" 200 13 501386 "-" "ironic-inspector keystoneauth1/5.1.0 python-requests/2.28.1 CPython/3.9.14"
- - - [13/Mar/2023:23:35:26 -0400] "GET /v1/ports?fields=address%2Cextra HTTP/1.1" 200 13 454014 "-" "ironic-inspector keystoneauth1/5.1.0 python-requests/2.28.1 CPython/3.9.14"
- - - [13/Mar/2023:23:35:40 -0400] "GET /v1/ports?fields=address%2Cextra HTTP/1.1" 200 13 11977819 "-" "ironic-inspector keystoneauth1/5.1.0 python-requests/2.28.1 CPython/3.9.14"
- - - [13/Mar/2023:23:36:11 -0400] "GET /v1/ports?fields=address%2Cextra HTTP/1.1" 200 13 6901279 "-" "ironic-inspector keystoneauth1/5.1.0 python-requests/2.28.1 CPython/3.9.14"
- - - [13/Mar/2023:23:36:18 -0400] "GET /v1/ports?fields=address%2Cextra HTTP/1.1" 200 13 6579060 "-" "ironic-inspector keystoneauth1/5.1.0 python-requests/2.28.1 CPython/3.9.14"
- - - [13/Mar/2023:23:36:26 -0400] "GET /v1/ports?fields=address%2Cextra HTTP/1.1" 200 13 783599 "-" "ironic-inspector keystoneauth1/5.1.0 python-requests/2.28.1 CPython/3.9.14"
- - - [13/Mar/2023:23:36:27 -0400] "GET /v1/ports?fields=address%2Cextra HTTP/1.1" 200 13 755049 "-" "ironic-inspector keystoneauth1/5.1.0 python-requests/2.28.1 CPython/3.9.14"
- - - [13/Mar/2023:23:36:31 -0400] "POST /v1/nodes HTTP/1.1" 201 2664 1054540 "-" "python-ironicclient"
- - - [13/Mar/2023:23:36:25 -0400] "GET /v1/nodes?fields=uuid HTTP/1.1" 200 271 7574326 "-" "ironic-inspector keystoneauth1/5.1.0 python-requests/2.28.1 CPython/3.9.14"
- - - [13/Mar/2023:23:36:35 -0400] "GET /v1/nodes HTTP/1.1" 200 380 594924 "-" "python-ironicclient"
- - - [13/Mar/2023:23:36:39 -0400] "PATCH /v1/nodes/3c244970-473d-4152-b8b4-c5c8132936c7 HTTP/1.1" 200 3138 1154860 "-" "python-ironicclient"
- - - [13/Mar/2023:23:36:41 -0400] "GET /v1/ports?fields=address%2Cextra HTTP/1.1" 200 13 647632 "-" "ironic-inspector keystoneauth1/5.1.0 python-requests/2.28.1 CPython/3.9.14"
- - - [13/Mar/2023:23:36:42 -0400] "GET /v1/ports?fields=address%2Cextra HTTP/1.1" 200 13 532016 "-" "ironic-inspector keystoneauth1/5.1.0 python-requests/2.28.1 CPython/3.9.14"
- - - [13/Mar/2023:23:36:44 -0400] "POST /v1/ports HTTP/1.1" 201 562 719557 "-" "python-ironicclient"
- - - [13/Mar/2023:23:36:48 -0400] "PUT /v1/nodes/3c244970-473d-4152-b8b4-c5c8132936c7/states/provision HTTP/1.1" 202 - 826393 "-" "python-ironicclient"
- - - [13/Mar/2023:23:36:56 -0400] "GET /v1/ports?fields=address%2Cextra HTTP/1.1" 200 268 734768 "-" "ironic-inspector keystoneauth1/5.1.0 python-requests/2.28.1 CPython/3.9.14"
- - - [13/Mar/2023:23:36:57 -0400] "GET /v1/ports?fields=address%2Cextra HTTP/1.1" 200 268 630926 "-" "ironic-inspector keystoneauth1/5.1.0 python-requests/2.28.1 CPython/3.9.14"
- - - [13/Mar/2023:23:37:02 -0400] "PUT /v1/nodes/3c244970-473d-4152-b8b4-c5c8132936c7/states/provision HTTP/1.1" 202 - 705831 "-" "python-ironicclient"
- - - [13/Mar/2023:23:37:06 -0400] "PUT /v1/nodes/3c244970-473d-4152-b8b4-c5c8132936c7/states/power HTTP/1.1" 202 - 1176678 "-" "python-ironicclient"
- - - [13/Mar/2023:23:37:11 -0400] "GET /v1/ports?fields=address%2Cextra HTTP/1.1" 200 268 601968 "-" "ironic-inspector keystoneauth1/5.1.0 python-requests/2.28.1 CPython/3.9.14"
- - - [13/Mar/2023:23:37:12 -0400] "GET /v1/ports?fields=address%2Cextra HTTP/1.1" 200 268 575950 "-" "ironic-inspector keystoneauth1/5.1.0 python-requests/2.28.1 CPython/3.9.14"
- - - [13/Mar/2023:23:37:25 -0400] "GET /v1/nodes?fields=uuid HTTP/1.1" 200 271 820842 "-" "ironic-inspector keystoneauth1/5.1.0 python-requests/2.28.1 CPython/3.9.14"
- - - [13/Mar/2023:23:37:26 -0400] "GET /v1/ports?fields=address%2Cextra HTTP/1.1" 200 268 686749 "-" "ironic-inspector keystoneauth1/5.1.0 python-requests/2.28.1 CPython/3.9.14"
- - - [13/Mar/2023:23:37:27 -0400] "GET /v1/ports?fields=address%2Cextra HTTP/1.1" 200 268 561810 "-" "ironic-inspector keystoneauth1/5.1.0 python-requests/2.28.1 CPython/3.9.14"
- - - [13/Mar/2023:23:37:33 -0400] "GET /v1/nodes HTTP/1.1" 200 369 510992 "-" "python-urllib3/1.26.5"
- - - [13/Mar/2023:23:37:34 -0400] "GET /v1/nodes?provision_state=available&associated=False&maintenance=False&fields=uuid%2Cdriver%2Cinstance_uuid%2Cprovision_state%2Cname%2Cmaintenance HTTP/1.1" 200 379 585869 "-" "python-urllib3/1.26.5"
- - - [13/Mar/2023:23:37:34 -0400] "PATCH /v1/nodes/3c244970-473d-4152-b8b4-c5c8132936c7 HTTP/1.1" 200 2563 798381 "-" "python-urllib3/1.26.5"
- - - [13/Mar/2023:23:37:35 -0400] "PATCH /v1/nodes/3c244970-473d-4152-b8b4-c5c8132936c7 HTTP/1.1" 200 2563 779324 "-" "python-urllib3/1.26.5"
- - - [13/Mar/2023:23:37:41 -0400] "GET /v1/ports?fields=address%2Cextra HTTP/1.1" 200 268 788198 "-" "ironic-inspector keystoneauth1/5.1.0 python-requests/2.28.1 CPython/3.9.14"
- - - [13/Mar/2023:23:37:41 -0400] "POST /v1/nodes/3c244970-473d-4152-b8b4-c5c8132936c7/vifs HTTP/1.1" 204 - 727483 "-" "python-urllib3/1.26.5"
- - - [13/Mar/2023:23:37:42 -0400] "GET /v1/ports?fields=address%2Cextra HTTP/1.1" 200 268 467321 "-" "ironic-inspector keystoneauth1/5.1.0 python-requests/2.28.1 CPython/3.9.14"
- - - [13/Mar/2023:23:37:42 -0400] "PATCH /v1/nodes/3c244970-473d-4152-b8b4-c5c8132936c7 HTTP/1.1" 200 2563 1018805 "-" "python-urllib3/1.26.5"
- - - [13/Mar/2023:23:37:43 -0400] "PUT /v1/nodes/3c244970-473d-4152-b8b4-c5c8132936c7/states/provision HTTP/1.1" 202 - 991294 "-" "python-urllib3/1.26.5"
- - - [13/Mar/2023:23:37:44 -0400] "GET /v1/nodes/3c244970-473d-4152-b8b4-c5c8132936c7 HTTP/1.1" 200 2646 603219 "-" "python-urllib3/1.26.5"
- - - [13/Mar/2023:23:37:45 -0400] "GET /v1/nodes/3c244970-473d-4152-b8b4-c5c8132936c7 HTTP/1.1" 200 2669 495407 "-" "python-urllib3/1.26.5"
- - - [13/Mar/2023:23:37:47 -0400] "GET /v1/nodes/3c244970-473d-4152-b8b4-c5c8132936c7 HTTP/1.1" 200 2669 762943 "-" "python-urllib3/1.26.5"
- - - [13/Mar/2023:23:37:49 -0400] "GET /v1/nodes/3c244970-473d-4152-b8b4-c5c8132936c7 HTTP/1.1" 200 2669 684780 "-" "python-urllib3/1.26.5"
- - - [13/Mar/2023:23:37:50 -0400] "GET /v1/nodes/3c244970-473d-4152-b8b4-c5c8132936c7 HTTP/1.1" 200 2669 609163 "-" "python-urllib3/1.26.5"
- - - [13/Mar/2023:23:37:52 -0400] "GET /v1/nodes/3c244970-473d-4152-b8b4-c5c8132936c7 HTTP/1.1" 200 2742 570614 "-" "python-urllib3/1.26.5"
- - - [13/Mar/2023:23:37:54 -0400] "GET /v1/nodes/3c244970-473d-4152-b8b4-c5c8132936c7 HTTP/1.1" 200 2742 892079 "-" "python-urllib3/1.26.5"
- - - [13/Mar/2023:23:37:55 -0400] "GET /v1/nodes/3c244970-473d-4152-b8b4-c5c8132936c7 HTTP/1.1" 200 2742 668664 "-" "python-urllib3/1.26.5"
- - - [13/Mar/2023:23:37:56 -0400] "GET /v1/ports?fields=address%2Cextra HTTP/1.1" 200 268 774860 "-" "ironic-inspector keystoneauth1/5.1.0 python-requests/2.28.1 CPython/3.9.14"
- - - [13/Mar/2023:23:37:57 -0400] "GET /v1/ports?fields=address%2Cextra HTTP/1.1" 200 268 631649 "-" "ironic-inspector keystoneauth1/5.1.0 python-requests/2.28.1 CPython/3.9.14"
- - - [13/Mar/2023:23:37:57 -0400] "GET /v1/nodes/3c244970-473d-4152-b8b4-c5c8132936c7 HTTP/1.1" 200 2742 536031 "-" "python-urllib3/1.26.5"
- - - [13/Mar/2023:23:37:59 -0400] "GET /v1/nodes/3c244970-473d-4152-b8b4-c5c8132936c7 HTTP/1.1" 200 2742 791516 "-" "python-urllib3/1.26.5"
- - - [13/Mar/2023:23:38:00 -0400] "GET /v1/nodes/3c244970-473d-4152-b8b4-c5c8132936c7 HTTP/1.1" 200 2742 528001 "-" "python-urllib3/1.26.5"
- - - [13/Mar/2023:23:38:02 -0400] "GET /v1/nodes/3c244970-473d-4152-b8b4-c5c8132936c7 HTTP/1.1" 200 2742 552063 "-" "python-urllib3/1.26.5"
- - - [13/Mar/2023:23:38:04 -0400] "GET /v1/nodes/3c244970-473d-4152-b8b4-c5c8132936c7 HTTP/1.1" 200 2742 509422 "-" "python-urllib3/1.26.5"
- - - [13/Mar/2023:23:38:05 -0400] "GET /v1/nodes/3c244970-473d-4152-b8b4-c5c8132936c7 HTTP/1.1" 200 2742 641064 "-" "python-urllib3/1.26.5"
- - - [13/Mar/2023:23:38:07 -0400] "GET /v1/nodes/3c244970-473d-4152-b8b4-c5c8132936c7 HTTP/1.1" 200 2742 495468 "-" "python-urllib3/1.26.5"
- - - [13/Mar/2023:23:38:08 -0400] "GET /v1/nodes/3c244970-473d-4152-b8b4-c5c8132936c7 HTTP/1.1" 200 3285 439377 "-" "python-urllib3/1.26.5"
- - - [13/Mar/2023:23:38:10 -0400] "GET /v1/nodes/3c244970-473d-4152-b8b4-c5c8132936c7 HTTP/1.1" 200 3285 559234 "-" "python-urllib3/1.26.5"
- - - [13/Mar/2023:23:38:11 -0400] "GET /v1/ports?fields=address%2Cextra HTTP/1.1" 200 268 692461 "-" "ironic-inspector keystoneauth1/5.1.0 python-requests/2.28.1 CPython/3.9.14"
- - - [13/Mar/2023:23:38:11 -0400] "GET /v1/nodes/3c244970-473d-4152-b8b4-c5c8132936c7 HTTP/1.1" 200 3285 530359 "-" "python-urllib3/1.26.5"
- - - [13/Mar/2023:23:38:12 -0400] "GET /v1/ports?fields=address%2Cextra HTTP/1.1" 200 268 411949 "-" "ironic-inspector keystoneauth1/5.1.0 python-requests/2.28.1 CPython/3.9.14"
- - - [13/Mar/2023:23:38:13 -0400] "GET /v1/nodes/3c244970-473d-4152-b8b4-c5c8132936c7 HTTP/1.1" 200 3285 548305 "-" "python-urllib3/1.26.5"
- - - [13/Mar/2023:23:38:14 -0400] "GET /v1/nodes/3c244970-473d-4152-b8b4-c5c8132936c7 HTTP/1.1" 200 3285 537836 "-" "python-urllib3/1.26.5"
- - - [13/Mar/2023:23:38:16 -0400] "GET /v1/nodes/3c244970-473d-4152-b8b4-c5c8132936c7 HTTP/1.1" 200 3285 483306 "-" "python-urllib3/1.26.5"
- - - [13/Mar/2023:23:38:17 -0400] "GET /v1/nodes/3c244970-473d-4152-b8b4-c5c8132936c7 HTTP/1.1" 200 3268 510239 "-" "python-urllib3/1.26.5"
- - - [13/Mar/2023:23:38:18 -0400] "GET /v1/nodes/3c244970-473d-4152-b8b4-c5c8132936c7 HTTP/1.1" 200 3268 600703 "-" "python-urllib3/1.26.5"
- - - [13/Mar/2023:23:38:25 -0400] "GET /v1/nodes?fields=uuid HTTP/1.1" 200 271 478507 "-" "ironic-inspector keystoneauth1/5.1.0 python-requests/2.28.1 CPython/3.9.14"
- - - [13/Mar/2023:23:38:26 -0400] "GET /v1/ports?fields=address%2Cextra HTTP/1.1" 200 268 450260 "-" "ironic-inspector keystoneauth1/5.1.0 python-requests/2.28.1 CPython/3.9.14"
- - - [13/Mar/2023:23:38:26 -0400] "GET /v1/ports?fields=address%2Cextra HTTP/1.1" 200 268 469747 "-" "ironic-inspector keystoneauth1/5.1.0 python-requests/2.28.1 CPython/3.9.14"
- - - [13/Mar/2023:23:38:41 -0400] "GET /v1/ports?fields=address%2Cextra HTTP/1.1" 200 268 496531 "-" "ironic-inspector keystoneauth1/5.1.0 python-requests/2.28.1 CPython/3.9.14"
- - - [13/Mar/2023:23:38:41 -0400] "GET /v1/ports?fields=address%2Cextra HTTP/1.1" 200 268 455794 "-" "ironic-inspector keystoneauth1/5.1.0 python-requests/2.28.1 CPython/3.9.14"
- - - [13/Mar/2023:23:38:49 -0400] "GET /v1/nodes/3c244970-473d-4152-b8b4-c5c8132936c7 HTTP/1.1" 200 3268 602881 "-" "python-urllib3/1.26.5"
- - - [13/Mar/2023:23:38:56 -0400] "GET /v1/ports?fields=address%2Cextra HTTP/1.1" 200 268 702523 "-" "ironic-inspector keystoneauth1/5.1.0 python-requests/2.28.1 CPython/3.9.14"
- - - [13/Mar/2023:23:38:57 -0400] "GET /v1/ports?fields=address%2Cextra HTTP/1.1" 200 268 738793 "-" "ironic-inspector keystoneauth1/5.1.0 python-requests/2.28.1 CPython/3.9.14"
- - - [13/Mar/2023:23:39:11 -0400] "GET /v1/ports?fields=address%2Cextra HTTP/1.1" 200 268 680988 "-" "ironic-inspector keystoneauth1/5.1.0 python-requests/2.28.1 CPython/3.9.14"
- - - [13/Mar/2023:23:39:12 -0400] "GET /v1/ports?fields=address%2Cextra HTTP/1.1" 200 268 490968 "-" "ironic-inspector keystoneauth1/5.1.0 python-requests/2.28.1 CPython/3.9.14"
- - - [13/Mar/2023:23:39:19 -0400] "GET /v1/nodes/3c244970-473d-4152-b8b4-c5c8132936c7 HTTP/1.1" 200 3268 469612 "-" "python-urllib3/1.26.5"
- - - [13/Mar/2023:23:39:25 -0400] "GET /v1/nodes?fields=uuid HTTP/1.1" 200 271 468044 "-" "ironic-inspector keystoneauth1/5.1.0 python-requests/2.28.1 CPython/3.9.14"
- - - [13/Mar/2023:23:39:26 -0400] "GET /v1/ports?fields=address%2Cextra HTTP/1.1" 200 268 481492 "-" "ironic-inspector keystoneauth1/5.1.0 python-requests/2.28.1 CPython/3.9.14"
- - - [13/Mar/2023:23:39:26 -0400] "GET /v1/ports?fields=address%2Cextra HTTP/1.1" 200 268 477099 "-" "ironic-inspector keystoneauth1/5.1.0 python-requests/2.28.1 CPython/3.9.14"
- - - [13/Mar/2023:23:39:41 -0400] "GET /v1/ports?fields=address%2Cextra HTTP/1.1" 200 268 408438 "-" "ironic-inspector keystoneauth1/5.1.0 python-requests/2.28.1 CPython/3.9.14"
- - - [13/Mar/2023:23:39:41 -0400] "GET /v1/ports?fields=address%2Cextra HTTP/1.1" 200 268 452543 "-" "ironic-inspector keystoneauth1/5.1.0 python-requests/2.28.1 CPython/3.9.14"
- - - [13/Mar/2023:23:39:50 -0400] "GET /v1/nodes/3c244970-473d-4152-b8b4-c5c8132936c7 HTTP/1.1" 200 3268 560536 "-" "python-urllib3/1.26.5"
- - - [13/Mar/2023:23:39:56 -0400] "GET /v1/ports?fields=address%2Cextra HTTP/1.1" 200 268 533653 "-" "ironic-inspector keystoneauth1/5.1.0 python-requests/2.28.1 CPython/3.9.14"
- - - [13/Mar/2023:23:39:56 -0400] "GET /v1/ports?fields=address%2Cextra HTTP/1.1" 200 268 486896 "-" "ironic-inspector keystoneauth1/5.1.0 python-requests/2.28.1 CPython/3.9.14"
- - - [13/Mar/2023:23:40:11 -0400] "GET /v1/ports?fields=address%2Cextra HTTP/1.1" 200 268 607445 "-" "ironic-inspector keystoneauth1/5.1.0 python-requests/2.28.1 CPython/3.9.14"
- - - [13/Mar/2023:23:40:12 -0400] "GET /v1/ports?fields=address%2Cextra HTTP/1.1" 200 268 548987 "-" "ironic-inspector keystoneauth1/5.1.0 python-requests/2.28.1 CPython/3.9.14"
- - - [13/Mar/2023:23:40:20 -0400] "GET /v1/nodes/3c244970-473d-4152-b8b4-c5c8132936c7 HTTP/1.1" 200 3268 617087 "-" "python-urllib3/1.26.5"
- - - [13/Mar/2023:23:40:25 -0400] "GET /v1/nodes?fields=uuid HTTP/1.1" 200 271 597646 "-" "ironic-inspector keystoneauth1/5.1.0 python-requests/2.28.1 CPython/3.9.14"
- - - [13/Mar/2023:23:40:26 -0400] "GET /v1/ports?fields=address%2Cextra HTTP/1.1" 200 268 539737 "-" "ironic-inspector keystoneauth1/5.1.0 python-requests/2.28.1 CPython/3.9.14"
- - - [13/Mar/2023:23:40:26 -0400] "GET /v1/ports?fields=address%2Cextra HTTP/1.1" 200 268 616872 "-" "ironic-inspector keystoneauth1/5.1.0 python-requests/2.28.1 CPython/3.9.14"
- - - [13/Mar/2023:23:40:41 -0400] "GET /v1/ports?fields=address%2Cextra HTTP/1.1" 200 268 503394 "-" "ironic-inspector keystoneauth1/5.1.0 python-requests/2.28.1 CPython/3.9.14"
- - - [13/Mar/2023:23:40:41 -0400] "GET /v1/ports?fields=address%2Cextra HTTP/1.1" 200 268 530081 "-" "ironic-inspector keystoneauth1/5.1.0 python-requests/2.28.1 CPython/3.9.14"
- - - [13/Mar/2023:23:40:51 -0400] "GET /v1/nodes/3c244970-473d-4152-b8b4-c5c8132936c7 HTTP/1.1" 200 3268 610303 "-" "python-urllib3/1.26.5"
- - - [13/Mar/2023:23:40:56 -0400] "GET /v1/ports?fields=address%2Cextra HTTP/1.1" 200 268 638202 "-" "ironic-inspector keystoneauth1/5.1.0 python-requests/2.28.1 CPython/3.9.14"
- - - [13/Mar/2023:23:40:57 -0400] "GET /v1/ports?fields=address%2Cextra HTTP/1.1" 200 268 546948 "-" "ironic-inspector keystoneauth1/5.1.0 python-requests/2.28.1 CPython/3.9.14"
- - - [13/Mar/2023:23:41:11 -0400] "GET /v1/ports?fields=address%2Cextra HTTP/1.1" 200 268 686572 "-" "ironic-inspector keystoneauth1/5.1.0 python-requests/2.28.1 CPython/3.9.14"
- - - [13/Mar/2023:23:41:12 -0400] "GET /v1/ports?fields=address%2Cextra HTTP/1.1" 200 268 539818 "-" "ironic-inspector keystoneauth1/5.1.0 python-requests/2.28.1 CPython/3.9.14"
- - - [13/Mar/2023:23:41:22 -0400] "GET /v1/nodes/3c244970-473d-4152-b8b4-c5c8132936c7 HTTP/1.1" 200 3268 576283 "-" "python-urllib3/1.26.5"
- - - [13/Mar/2023:23:41:25 -0400] "GET /v1/nodes?fields=uuid HTTP/1.1" 200 271 490191 "-" "ironic-inspector keystoneauth1/5.1.0 python-requests/2.28.1 CPython/3.9.14"
- - - [13/Mar/2023:23:41:26 -0400] "GET /v1/ports?fields=address%2Cextra HTTP/1.1" 200 268 644059 "-" "ironic-inspector keystoneauth1/5.1.0 python-requests/2.28.1 CPython/3.9.14"
- - - [13/Mar/2023:23:41:27 -0400] "GET /v1/ports?fields=address%2Cextra HTTP/1.1" 200 268 704296 "-" "ironic-inspector keystoneauth1/5.1.0 python-requests/2.28.1 CPython/3.9.14"
- - - [13/Mar/2023:23:41:41 -0400] "GET /v1/ports?fields=address%2Cextra HTTP/1.1" 200 268 503777 "-" "ironic-inspector keystoneauth1/5.1.0 python-requests/2.28.1 CPython/3.9.14"
- - - [13/Mar/2023:23:41:41 -0400] "GET /v1/ports?fields=address%2Cextra HTTP/1.1" 200 268 472573 "-" "ironic-inspector keystoneauth1/5.1.0 python-requests/2.28.1 CPython/3.9.14"
- - - [13/Mar/2023:23:41:52 -0400] "GET /v1/nodes/3c244970-473d-4152-b8b4-c5c8132936c7 HTTP/1.1" 200 3268 613388 "-" "python-urllib3/1.26.5"
- - - [13/Mar/2023:23:41:56 -0400] "GET /v1/ports?fields=address%2Cextra HTTP/1.1" 200 268 453758 "-" "ironic-inspector keystoneauth1/5.1.0 python-requests/2.28.1 CPython/3.9.14"
- - - [13/Mar/2023:23:41:56 -0400] "GET /v1/ports?fields=address%2Cextra HTTP/1.1" 200 268 761897 "-" "ironic-inspector keystoneauth1/5.1.0 python-requests/2.28.1 CPython/3.9.14"
- - - [13/Mar/2023:23:41:59 -0400] "GET / HTTP/1.1" 200 468 10804 "-" "python-requests/2.28.1"
- - - [13/Mar/2023:23:41:59 -0400] "GET /v1/lookup?addresses=98%3Af2%3Ab3%3A12%3A51%3Aab%2C92%3A9b%3A20%3A0a%3A99%3Af3%2C98%3Af2%3Ab3%3A12%3A51%3Aa9%2C94%3A40%3Ac9%3A21%3Aa0%3A0b%2C94%3A40%3Ac9%3A21%3Aa0%3A09%2C98%3Af2%3Ab3%3A12%3A51%3Aaa%2C98%3Af2%3Ab3%3A12%3A51%3Aa8%2C94%3A40%3Ac9%3A21%3Aa0%3A0a%2C94%3A40%3Ac9%3A21%3Aa0%3A08 HTTP/1.1" 200 1010 203646 "-" "python-requests/2.28.1"
- - - [13/Mar/2023:23:41:59 -0400] "POST /v1/heartbeat/3c244970-473d-4152-b8b4-c5c8132936c7 HTTP/1.1" 202 - 137490 "-" "python-requests/2.28.1"
- - - [13/Mar/2023:23:42:00 -0400] "GET /v1/lookup?addresses=98%3Af2%3Ab3%3A12%3A51%3Aab%2C92%3A9b%3A20%3A0a%3A99%3Af3%2C98%3Af2%3Ab3%3A12%3A51%3Aa9%2C94%3A40%3Ac9%3A21%3Aa0%3A0b%2C94%3A40%3Ac9%3A21%3Aa0%3A09%2C98%3Af2%3Ab3%3A12%3A51%3Aaa%2C98%3Af2%3Ab3%3A12%3A51%3Aa8%2C94%3A40%3Ac9%3A21%3Aa0%3A0a%2C94%3A40%3Ac9%3A21%3Aa0%3A08&node_uuid=3c244970-473d-4152-b8b4-c5c8132936c7 HTTP/1.1" 200 1010 168016 "-" "python-requests/2.28.1"
- - - [13/Mar/2023:23:42:11 -0400] "GET /v1/ports?fields=address%2Cextra HTTP/1.1" 200 268 466160 "-" "ironic-inspector keystoneauth1/5.1.0 python-requests/2.28.1 CPython/3.9.14"
- - - [13/Mar/2023:23:42:11 -0400] "GET /v1/ports?fields=address%2Cextra HTTP/1.1" 200 268 441915 "-" "ironic-inspector keystoneauth1/5.1.0 python-requests/2.28.1 CPython/3.9.14"
- - - [13/Mar/2023:23:42:23 -0400] "GET /v1/nodes/3c244970-473d-4152-b8b4-c5c8132936c7 HTTP/1.1" 200 4761 638872 "-" "python-urllib3/1.26.5"
- - - [13/Mar/2023:23:42:24 -0400] "POST /v1/heartbeat/3c244970-473d-4152-b8b4-c5c8132936c7 HTTP/1.1" 202 - 135881 "-" "python-requests/2.28.1"
- - - [13/Mar/2023:23:42:25 -0400] "GET /v1/nodes?fields=uuid HTTP/1.1" 200 271 485371 "-" "ironic-inspector keystoneauth1/5.1.0 python-requests/2.28.1 CPython/3.9.14"
- - - [13/Mar/2023:23:42:26 -0400] "GET /v1/ports?fields=address%2Cextra HTTP/1.1" 200 268 534002 "-" "ironic-inspector keystoneauth1/5.1.0 python-requests/2.28.1 CPython/3.9.14"
- - - [13/Mar/2023:23:42:27 -0400] "GET /v1/ports?fields=address%2Cextra HTTP/1.1" 200 268 629872 "-" "ironic-inspector keystoneauth1/5.1.0 python-requests/2.28.1 CPython/3.9.14"
- - - [13/Mar/2023:23:42:34 -0400] "POST /v1/heartbeat/3c244970-473d-4152-b8b4-c5c8132936c7 HTTP/1.1" 202 - 167824 "-" "python-requests/2.28.1"
- - - [13/Mar/2023:23:42:41 -0400] "GET /v1/ports?fields=address%2Cextra HTTP/1.1" 200 268 560490 "-" "ironic-inspector keystoneauth1/5.1.0 python-requests/2.28.1 CPython/3.9.14"
- - - [13/Mar/2023:23:42:42 -0400] "GET /v1/ports?fields=address%2Cextra HTTP/1.1" 200 268 617851 "-" "ironic-inspector keystoneauth1/5.1.0 python-requests/2.28.1 CPython/3.9.14"
- - - [13/Mar/2023:23:42:53 -0400] "GET /v1/nodes/3c244970-473d-4152-b8b4-c5c8132936c7 HTTP/1.1" 200 4815 620402 "-" "python-urllib3/1.26.5"
- - - [13/Mar/2023:23:42:56 -0400] "GET /v1/ports?fields=address%2Cextra HTTP/1.1" 200 268 455187 "-" "ironic-inspector keystoneauth1/5.1.0 python-requests/2.28.1 CPython/3.9.14"
- - - [13/Mar/2023:23:42:56 -0400] "GET /v1/ports?fields=address%2Cextra HTTP/1.1" 200 268 401861 "-" "ironic-inspector keystoneauth1/5.1.0 python-requests/2.28.1 CPython/3.9.14"
- - - [13/Mar/2023:23:43:11 -0400] "GET /v1/ports?fields=address%2Cextra HTTP/1.1" 200 268 646290 "-" "ironic-inspector keystoneauth1/5.1.0 python-requests/2.28.1 CPython/3.9.14"
- - - [13/Mar/2023:23:43:12 -0400] "GET /v1/ports?fields=address%2Cextra HTTP/1.1" 200 268 554342 "-" "ironic-inspector keystoneauth1/5.1.0 python-requests/2.28.1 CPython/3.9.14"
- - - [13/Mar/2023:23:43:24 -0400] "GET /v1/nodes/3c244970-473d-4152-b8b4-c5c8132936c7 HTTP/1.1" 200 2903 557952 "-" "python-urllib3/1.26.5"
- - - [13/Mar/2023:23:43:25 -0400] "GET /v1/nodes?fields=uuid HTTP/1.1" 200 271 423299 "-" "ironic-inspector keystoneauth1/5.1.0 python-requests/2.28.1 CPython/3.9.14"
- - - [13/Mar/2023:23:43:26 -0400] "GET /v1/ports?fields=address%2Cextra HTTP/1.1" 200 268 464344 "-" "ironic-inspector keystoneauth1/5.1.0 python-requests/2.28.1 CPython/3.9.14"
- - - [13/Mar/2023:23:43:26 -0400] "GET /v1/ports?fields=address%2Cextra HTTP/1.1" 200 268 492661 "-" "ironic-inspector keystoneauth1/5.1.0 python-requests/2.28.1 CPython/3.9.14"
- - - [13/Mar/2023:23:43:41 -0400] "GET /v1/ports?fields=address%2Cextra HTTP/1.1" 200 268 831164 "-" "ironic-inspector keystoneauth1/5.1.0 python-requests/2.28.1 CPython/3.9.14"
- - - [13/Mar/2023:23:43:42 -0400] "GET /v1/ports?fields=address%2Cextra HTTP/1.1" 200 268 529979 "-" "ironic-inspector keystoneauth1/5.1.0 python-requests/2.28.1 CPython/3.9.14"
- - - [13/Mar/2023:23:43:56 -0400] "GET /v1/ports?fields=address%2Cextra HTTP/1.1" 200 268 468686 "-" "ironic-inspector keystoneauth1/5.1.0 python-requests/2.28.1 CPython/3.9.14"
- - - [13/Mar/2023:23:43:56 -0400] "GET /v1/ports?fields=address%2Cextra HTTP/1.1" 200 268 408419 "-" "ironic-inspector keystoneauth1/5.1.0 python-requests/2.28.1 CPython/3.9.14"
- - - [13/Mar/2023:23:44:11 -0400] "GET /v1/ports?fields=address%2Cextra HTTP/1.1" 200 268 502674 "-" "ironic-inspector keystoneauth1/5.1.0 python-requests/2.28.1 CPython/3.9.14"
- - - [13/Mar/2023:23:44:12 -0400] "GET /v1/ports?fields=address%2Cextra HTTP/1.1" 200 268 557590 "-" "ironic-inspector keystoneauth1/5.1.0 python-requests/2.28.1 CPython/3.9.14"
- - - [13/Mar/2023:23:44:25 -0400] "GET /v1/nodes?fields=uuid HTTP/1.1" 200 271 502860 "-" "ironic-inspector keystoneauth1/5.1.0 python-requests/2.28.1 CPython/3.9.14"
- - - [13/Mar/2023:23:44:26 -0400] "GET /v1/ports?fields=address%2Cextra HTTP/1.1" 200 268 590985 "-" "ironic-inspector keystoneauth1/5.1.0 python-requests/2.28.1 CPython/3.9.14"
- - - [13/Mar/2023:23:44:27 -0400] "GET /v1/ports?fields=address%2Cextra HTTP/1.1" 200 268 538682 "-" "ironic-inspector keystoneauth1/5.1.0 python-requests/2.28.1 CPython/3.9.14"
- - - [13/Mar/2023:23:44:41 -0400] "GET /v1/ports?fields=address%2Cextra HTTP/1.1" 200 268 553750 "-" "ironic-inspector keystoneauth1/5.1.0 python-requests/2.28.1 CPython/3.9.14"
- - - [13/Mar/2023:23:44:42 -0400] "GET /v1/ports?fields=address%2Cextra HTTP/1.1" 200 268 525805 "-" "ironic-inspector keystoneauth1/5.1.0 python-requests/2.28.1 CPython/3.9.14"
- - - [13/Mar/2023:23:44:56 -0400] "GET /v1/ports?fields=address%2Cextra HTTP/1.1" 200 268 530505 "-" "ironic-inspector keystoneauth1/5.1.0 python-requests/2.28.1 CPython/3.9.14"
- - - [13/Mar/2023:23:44:57 -0400] "GET /v1/ports?fields=address%2Cextra HTTP/1.1" 200 268 491550 "-" "ironic-inspector keystoneauth1/5.1.0 python-requests/2.28.1 CPython/3.9.14"
- - - [13/Mar/2023:23:45:11 -0400] "GET /v1/nodes/3c244970-473d-4152-b8b4-c5c8132936c7/vifs HTTP/1.1" 200 12 608989 "-" "python-urllib3/1.26.5"
- - - [13/Mar/2023:23:45:11 -0400] "GET /v1/ports?fields=address%2Cextra HTTP/1.1" 200 268 483532 "-" "ironic-inspector keystoneauth1/5.1.0 python-requests/2.28.1 CPython/3.9.14"
- - - [13/Mar/2023:23:45:12 -0400] "GET /v1/ports?fields=address%2Cextra HTTP/1.1" 200 268 630096 "-" "ironic-inspector keystoneauth1/5.1.0 python-requests/2.28.1 CPython/3.9.14"
- - - [13/Mar/2023:23:45:15 -0400] "GET /v1/nodes HTTP/1.1" 200 420 508755 "-" "python-ironicclient"
- - - [13/Mar/2023:23:45:25 -0400] "GET /v1/nodes?fields=uuid HTTP/1.1" 200 271 703314 "-" "ironic-inspector keystoneauth1/5.1.0 python-requests/2.28.1 CPython/3.9.14"
- - - [13/Mar/2023:23:45:26 -0400] "GET /v1/ports?fields=address%2Cextra HTTP/1.1" 200 268 745933 "-" "ironic-inspector keystoneauth1/5.1.0 python-requests/2.28.1 CPython/3.9.14"
- - - [13/Mar/2023:23:45:27 -0400] "GET /v1/ports?fields=address%2Cextra HTTP/1.1" 200 268 498967 "-" "ironic-inspector keystoneauth1/5.1.0 python-requests/2.28.1 CPython/3.9.14"
- - - [13/Mar/2023:23:45:41 -0400] "GET /v1/ports?fields=address%2Cextra HTTP/1.1" 200 268 551481 "-" "ironic-inspector keystoneauth1/5.1.0 python-requests/2.28.1 CPython/3.9.14"
- - - [13/Mar/2023:23:45:42 -0400] "GET /v1/ports?fields=address%2Cextra HTTP/1.1" 200 268 545535 "-" "ironic-inspector keystoneauth1/5.1.0 python-requests/2.28.1 CPython/3.9.14"
- - - [13/Mar/2023:23:45:56 -0400] "GET /v1/ports?fields=address%2Cextra HTTP/1.1" 200 268 479581 "-" "ironic-inspector keystoneauth1/5.1.0 python-requests/2.28.1 CPython/3.9.14"
- - - [13/Mar/2023:23:45:57 -0400] "GET /v1/ports?fields=address%2Cextra HTTP/1.1" 200 268 524941 "-" "ironic-inspector keystoneauth1/5.1.0 python-requests/2.28.1 CPython/3.9.14"
- - - [13/Mar/2023:23:46:11 -0400] "GET /v1/ports?fields=address%2Cextra HTTP/1.1" 200 268 529683 "-" "ironic-inspector keystoneauth1/5.1.0 python-requests/2.28.1 CPython/3.9.14"
- - - [13/Mar/2023:23:46:12 -0400] "GET /v1/ports?fields=address%2Cextra HTTP/1.1" 200 268 504599 "-" "ironic-inspector keystoneauth1/5.1.0 python-requests/2.28.1 CPython/3.9.14"
- - - [13/Mar/2023:23:46:25 -0400] "GET /v1/nodes?fields=uuid HTTP/1.1" 200 271 480410 "-" "ironic-inspector keystoneauth1/5.1.0 python-requests/2.28.1 CPython/3.9.14"
- - - [13/Mar/2023:23:46:26 -0400] "GET /v1/ports?fields=address%2Cextra HTTP/1.1" 200 268 477282 "-" "ironic-inspector keystoneauth1/5.1.0 python-requests/2.28.1 CPython/3.9.14"
- - - [13/Mar/2023:23:46:27 -0400] "GET /v1/ports?fields=address%2Cextra HTTP/1.1" 200 268 496479 "-" "ironic-inspector keystoneauth1/5.1.0 python-requests/2.28.1 CPython/3.9.14"
- - - [13/Mar/2023:23:46:41 -0400] "GET /v1/ports?fields=address%2Cextra HTTP/1.1" 200 268 529932 "-" "ironic-inspector keystoneauth1/5.1.0 python-requests/2.28.1 CPython/3.9.14"
- - - [13/Mar/2023:23:46:42 -0400] "GET /v1/ports?fields=address%2Cextra HTTP/1.1" 200 268 481654 "-" "ironic-inspector keystoneauth1/5.1.0 python-requests/2.28.1 CPython/3.9.14"
- - - [13/Mar/2023:23:46:56 -0400] "GET /v1/ports?fields=address%2Cextra HTTP/1.1" 200 268 488635 "-" "ironic-inspector keystoneauth1/5.1.0 python-requests/2.28.1 CPython/3.9.14"
- - - [13/Mar/2023:23:46:57 -0400] "GET /v1/ports?fields=address%2Cextra HTTP/1.1" 200 268 502848 "-" "ironic-inspector keystoneauth1/5.1.0 python-requests/2.28.1 CPython/3.9.14"
