- - - [13/Mar/2023:23:02:36 -0400] "GET / HTTP/1.1" 200 468 9517437 "-" "ironic-inspector keystoneauth1/5.1.0 python-requests/2.28.1 CPython/3.9.14"
- - - [13/Mar/2023:23:02:46 -0400] "GET /v1/ports?fields=address%2Cextra HTTP/1.1" 200 13 6306705 "-" "ironic-inspector keystoneauth1/5.1.0 python-requests/2.28.1 CPython/3.9.14"
- - - [13/Mar/2023:23:02:52 -0400] "GET /v1/ports?fields=address%2Cextra HTTP/1.1" 200 13 6289817 "-" "ironic-inspector keystoneauth1/5.1.0 python-requests/2.28.1 CPython/3.9.14"
- - - [13/Mar/2023:23:03:14 -0400] "GET /v1/ports?fields=address%2Cextra HTTP/1.1" 200 13 1529950 "-" "ironic-inspector keystoneauth1/5.1.0 python-requests/2.28.1 CPython/3.9.14"
- - - [13/Mar/2023:23:03:15 -0400] "GET /v1/ports?fields=address%2Cextra HTTP/1.1" 200 13 427964 "-" "ironic-inspector keystoneauth1/5.1.0 python-requests/2.28.1 CPython/3.9.14"
- - - [13/Mar/2023:23:03:29 -0400] "GET /v1/ports?fields=address%2Cextra HTTP/1.1" 200 13 432079 "-" "ironic-inspector keystoneauth1/5.1.0 python-requests/2.28.1 CPython/3.9.14"
- - - [13/Mar/2023:23:03:29 -0400] "GET /v1/ports?fields=address%2Cextra HTTP/1.1" 200 13 450094 "-" "ironic-inspector keystoneauth1/5.1.0 python-requests/2.28.1 CPython/3.9.14"
- - - [13/Mar/2023:23:03:44 -0400] "GET /v1/ports?fields=address%2Cextra HTTP/1.1" 200 13 504031 "-" "ironic-inspector keystoneauth1/5.1.0 python-requests/2.28.1 CPython/3.9.14"
- - - [13/Mar/2023:23:03:44 -0400] "GET /v1/ports?fields=address%2Cextra HTTP/1.1" 200 13 585413 "-" "ironic-inspector keystoneauth1/5.1.0 python-requests/2.28.1 CPython/3.9.14"
- - - [13/Mar/2023:23:03:59 -0400] "GET /v1/ports?fields=address%2Cextra HTTP/1.1" 200 13 540979 "-" "ironic-inspector keystoneauth1/5.1.0 python-requests/2.28.1 CPython/3.9.14"
- - - [13/Mar/2023:23:03:59 -0400] "GET /v1/nodes?fields=uuid HTTP/1.1" 200 13 585847 "-" "ironic-inspector keystoneauth1/5.1.0 python-requests/2.28.1 CPython/3.9.14"
- - - [13/Mar/2023:23:03:59 -0400] "GET /v1/ports?fields=address%2Cextra HTTP/1.1" 200 13 435482 "-" "ironic-inspector keystoneauth1/5.1.0 python-requests/2.28.1 CPython/3.9.14"
- - - [13/Mar/2023:23:04:14 -0400] "GET /v1/ports?fields=address%2Cextra HTTP/1.1" 200 13 412249 "-" "ironic-inspector keystoneauth1/5.1.0 python-requests/2.28.1 CPython/3.9.14"
- - - [13/Mar/2023:23:04:14 -0400] "GET /v1/ports?fields=address%2Cextra HTTP/1.1" 200 13 387740 "-" "ironic-inspector keystoneauth1/5.1.0 python-requests/2.28.1 CPython/3.9.14"
- - - [13/Mar/2023:23:04:29 -0400] "GET /v1/ports?fields=address%2Cextra HTTP/1.1" 200 13 515549 "-" "ironic-inspector keystoneauth1/5.1.0 python-requests/2.28.1 CPython/3.9.14"
- - - [13/Mar/2023:23:04:29 -0400] "GET /v1/ports?fields=address%2Cextra HTTP/1.1" 200 13 410928 "-" "ironic-inspector keystoneauth1/5.1.0 python-requests/2.28.1 CPython/3.9.14"
- - - [13/Mar/2023:23:04:44 -0400] "GET /v1/ports?fields=address%2Cextra HTTP/1.1" 200 13 400679 "-" "ironic-inspector keystoneauth1/5.1.0 python-requests/2.28.1 CPython/3.9.14"
- - - [13/Mar/2023:23:04:44 -0400] "GET /v1/ports?fields=address%2Cextra HTTP/1.1" 200 13 413424 "-" "ironic-inspector keystoneauth1/5.1.0 python-requests/2.28.1 CPython/3.9.14"
- - - [13/Mar/2023:23:04:59 -0400] "GET /v1/ports?fields=address%2Cextra HTTP/1.1" 200 13 539118 "-" "ironic-inspector keystoneauth1/5.1.0 python-requests/2.28.1 CPython/3.9.14"
- - - [13/Mar/2023:23:04:59 -0400] "GET /v1/nodes?fields=uuid HTTP/1.1" 200 13 552667 "-" "ironic-inspector keystoneauth1/5.1.0 python-requests/2.28.1 CPython/3.9.14"
- - - [13/Mar/2023:23:04:59 -0400] "GET /v1/ports?fields=address%2Cextra HTTP/1.1" 200 13 375305 "-" "ironic-inspector keystoneauth1/5.1.0 python-requests/2.28.1 CPython/3.9.14"
- - - [13/Mar/2023:23:05:14 -0400] "GET /v1/ports?fields=address%2Cextra HTTP/1.1" 200 13 492126 "-" "ironic-inspector keystoneauth1/5.1.0 python-requests/2.28.1 CPython/3.9.14"
- - - [13/Mar/2023:23:05:14 -0400] "GET /v1/ports?fields=address%2Cextra HTTP/1.1" 200 13 399141 "-" "ironic-inspector keystoneauth1/5.1.0 python-requests/2.28.1 CPython/3.9.14"
- - - [13/Mar/2023:23:05:29 -0400] "GET /v1/ports?fields=address%2Cextra HTTP/1.1" 200 13 455511 "-" "ironic-inspector keystoneauth1/5.1.0 python-requests/2.28.1 CPython/3.9.14"
- - - [13/Mar/2023:23:05:29 -0400] "GET /v1/ports?fields=address%2Cextra HTTP/1.1" 200 13 413790 "-" "ironic-inspector keystoneauth1/5.1.0 python-requests/2.28.1 CPython/3.9.14"
- - - [13/Mar/2023:23:05:44 -0400] "GET /v1/ports?fields=address%2Cextra HTTP/1.1" 200 13 526487 "-" "ironic-inspector keystoneauth1/5.1.0 python-requests/2.28.1 CPython/3.9.14"
- - - [13/Mar/2023:23:05:44 -0400] "GET /v1/ports?fields=address%2Cextra HTTP/1.1" 200 13 464336 "-" "ironic-inspector keystoneauth1/5.1.0 python-requests/2.28.1 CPython/3.9.14"
- - - [13/Mar/2023:23:05:59 -0400] "GET /v1/nodes?fields=uuid HTTP/1.1" 200 13 1326591 "-" "ironic-inspector keystoneauth1/5.1.0 python-requests/2.28.1 CPython/3.9.14"
- - - [13/Mar/2023:23:05:59 -0400] "GET /v1/ports?fields=address%2Cextra HTTP/1.1" 200 13 1406897 "-" "ironic-inspector keystoneauth1/5.1.0 python-requests/2.28.1 CPython/3.9.14"
- - - [13/Mar/2023:23:06:00 -0400] "GET /v1/ports?fields=address%2Cextra HTTP/1.1" 200 13 694277 "-" "ironic-inspector keystoneauth1/5.1.0 python-requests/2.28.1 CPython/3.9.14"
- - - [13/Mar/2023:23:06:14 -0400] "GET /v1/ports?fields=address%2Cextra HTTP/1.1" 200 13 873737 "-" "ironic-inspector keystoneauth1/5.1.0 python-requests/2.28.1 CPython/3.9.14"
- - - [13/Mar/2023:23:06:14 -0400] "GET /v1/ports?fields=address%2Cextra HTTP/1.1" 200 13 806780 "-" "ironic-inspector keystoneauth1/5.1.0 python-requests/2.28.1 CPython/3.9.14"
- - - [13/Mar/2023:23:06:29 -0400] "GET /v1/ports?fields=address%2Cextra HTTP/1.1" 200 13 436211 "-" "ironic-inspector keystoneauth1/5.1.0 python-requests/2.28.1 CPython/3.9.14"
- - - [13/Mar/2023:23:06:29 -0400] "GET /v1/ports?fields=address%2Cextra HTTP/1.1" 200 13 438291 "-" "ironic-inspector keystoneauth1/5.1.0 python-requests/2.28.1 CPython/3.9.14"
- - - [13/Mar/2023:23:06:44 -0400] "GET /v1/ports?fields=address%2Cextra HTTP/1.1" 200 13 438537 "-" "ironic-inspector keystoneauth1/5.1.0 python-requests/2.28.1 CPython/3.9.14"
- - - [13/Mar/2023:23:06:44 -0400] "GET /v1/ports?fields=address%2Cextra HTTP/1.1" 200 13 480005 "-" "ironic-inspector keystoneauth1/5.1.0 python-requests/2.28.1 CPython/3.9.14"
- - - [13/Mar/2023:23:06:59 -0400] "GET /v1/nodes?fields=uuid HTTP/1.1" 200 13 416930 "-" "ironic-inspector keystoneauth1/5.1.0 python-requests/2.28.1 CPython/3.9.14"
- - - [13/Mar/2023:23:06:59 -0400] "GET /v1/ports?fields=address%2Cextra HTTP/1.1" 200 13 402885 "-" "ironic-inspector keystoneauth1/5.1.0 python-requests/2.28.1 CPython/3.9.14"
- - - [13/Mar/2023:23:06:59 -0400] "GET /v1/ports?fields=address%2Cextra HTTP/1.1" 200 13 345381 "-" "ironic-inspector keystoneauth1/5.1.0 python-requests/2.28.1 CPython/3.9.14"
- - - [13/Mar/2023:23:07:14 -0400] "GET /v1/ports?fields=address%2Cextra HTTP/1.1" 200 13 474968 "-" "ironic-inspector keystoneauth1/5.1.0 python-requests/2.28.1 CPython/3.9.14"
- - - [13/Mar/2023:23:07:14 -0400] "GET /v1/ports?fields=address%2Cextra HTTP/1.1" 200 13 408981 "-" "ironic-inspector keystoneauth1/5.1.0 python-requests/2.28.1 CPython/3.9.14"
- - - [13/Mar/2023:23:07:29 -0400] "GET /v1/ports?fields=address%2Cextra HTTP/1.1" 200 13 461749 "-" "ironic-inspector keystoneauth1/5.1.0 python-requests/2.28.1 CPython/3.9.14"
- - - [13/Mar/2023:23:07:29 -0400] "GET /v1/ports?fields=address%2Cextra HTTP/1.1" 200 13 465858 "-" "ironic-inspector keystoneauth1/5.1.0 python-requests/2.28.1 CPython/3.9.14"
- - - [13/Mar/2023:23:07:44 -0400] "GET /v1/ports?fields=address%2Cextra HTTP/1.1" 200 13 639170 "-" "ironic-inspector keystoneauth1/5.1.0 python-requests/2.28.1 CPython/3.9.14"
- - - [13/Mar/2023:23:07:44 -0400] "GET /v1/ports?fields=address%2Cextra HTTP/1.1" 200 13 752067 "-" "ironic-inspector keystoneauth1/5.1.0 python-requests/2.28.1 CPython/3.9.14"
- - - [13/Mar/2023:23:07:59 -0400] "GET /v1/nodes?fields=uuid HTTP/1.1" 200 13 515946 "-" "ironic-inspector keystoneauth1/5.1.0 python-requests/2.28.1 CPython/3.9.14"
- - - [13/Mar/2023:23:07:59 -0400] "GET /v1/ports?fields=address%2Cextra HTTP/1.1" 200 13 583876 "-" "ironic-inspector keystoneauth1/5.1.0 python-requests/2.28.1 CPython/3.9.14"
- - - [13/Mar/2023:23:07:59 -0400] "GET /v1/ports?fields=address%2Cextra HTTP/1.1" 200 13 587592 "-" "ironic-inspector keystoneauth1/5.1.0 python-requests/2.28.1 CPython/3.9.14"
- - - [13/Mar/2023:23:08:14 -0400] "GET /v1/ports?fields=address%2Cextra HTTP/1.1" 200 13 463980 "-" "ironic-inspector keystoneauth1/5.1.0 python-requests/2.28.1 CPython/3.9.14"
- - - [13/Mar/2023:23:08:14 -0400] "GET /v1/ports?fields=address%2Cextra HTTP/1.1" 200 13 541394 "-" "ironic-inspector keystoneauth1/5.1.0 python-requests/2.28.1 CPython/3.9.14"
- - - [13/Mar/2023:23:08:29 -0400] "GET /v1/ports?fields=address%2Cextra HTTP/1.1" 200 13 522298 "-" "ironic-inspector keystoneauth1/5.1.0 python-requests/2.28.1 CPython/3.9.14"
- - - [13/Mar/2023:23:08:29 -0400] "GET /v1/ports?fields=address%2Cextra HTTP/1.1" 200 13 430775 "-" "ironic-inspector keystoneauth1/5.1.0 python-requests/2.28.1 CPython/3.9.14"
- - - [13/Mar/2023:23:08:44 -0400] "GET /v1/ports?fields=address%2Cextra HTTP/1.1" 200 13 395103 "-" "ironic-inspector keystoneauth1/5.1.0 python-requests/2.28.1 CPython/3.9.14"
- - - [13/Mar/2023:23:08:44 -0400] "GET /v1/ports?fields=address%2Cextra HTTP/1.1" 200 13 414606 "-" "ironic-inspector keystoneauth1/5.1.0 python-requests/2.28.1 CPython/3.9.14"
- - - [13/Mar/2023:23:08:59 -0400] "GET /v1/nodes?fields=uuid HTTP/1.1" 200 13 484131 "-" "ironic-inspector keystoneauth1/5.1.0 python-requests/2.28.1 CPython/3.9.14"
- - - [13/Mar/2023:23:08:59 -0400] "GET /v1/ports?fields=address%2Cextra HTTP/1.1" 200 13 556719 "-" "ironic-inspector keystoneauth1/5.1.0 python-requests/2.28.1 CPython/3.9.14"
- - - [13/Mar/2023:23:08:59 -0400] "GET /v1/ports?fields=address%2Cextra HTTP/1.1" 200 13 535083 "-" "ironic-inspector keystoneauth1/5.1.0 python-requests/2.28.1 CPython/3.9.14"
- - - [13/Mar/2023:23:09:14 -0400] "GET /v1/ports?fields=address%2Cextra HTTP/1.1" 200 13 503222 "-" "ironic-inspector keystoneauth1/5.1.0 python-requests/2.28.1 CPython/3.9.14"
- - - [13/Mar/2023:23:09:14 -0400] "GET /v1/ports?fields=address%2Cextra HTTP/1.1" 200 13 544318 "-" "ironic-inspector keystoneauth1/5.1.0 python-requests/2.28.1 CPython/3.9.14"
- - - [13/Mar/2023:23:09:29 -0400] "GET /v1/ports?fields=address%2Cextra HTTP/1.1" 200 13 603850 "-" "ironic-inspector keystoneauth1/5.1.0 python-requests/2.28.1 CPython/3.9.14"
- - - [13/Mar/2023:23:09:29 -0400] "GET /v1/ports?fields=address%2Cextra HTTP/1.1" 200 13 443215 "-" "ironic-inspector keystoneauth1/5.1.0 python-requests/2.28.1 CPython/3.9.14"
- - - [13/Mar/2023:23:09:44 -0400] "GET /v1/ports?fields=address%2Cextra HTTP/1.1" 200 13 694700 "-" "ironic-inspector keystoneauth1/5.1.0 python-requests/2.28.1 CPython/3.9.14"
- - - [13/Mar/2023:23:09:44 -0400] "GET /v1/ports?fields=address%2Cextra HTTP/1.1" 200 13 532615 "-" "ironic-inspector keystoneauth1/5.1.0 python-requests/2.28.1 CPython/3.9.14"
- - - [13/Mar/2023:23:09:59 -0400] "GET /v1/ports?fields=address%2Cextra HTTP/1.1" 200 13 470507 "-" "ironic-inspector keystoneauth1/5.1.0 python-requests/2.28.1 CPython/3.9.14"
- - - [13/Mar/2023:23:09:59 -0400] "GET /v1/nodes?fields=uuid HTTP/1.1" 200 13 576069 "-" "ironic-inspector keystoneauth1/5.1.0 python-requests/2.28.1 CPython/3.9.14"
- - - [13/Mar/2023:23:09:59 -0400] "GET /v1/ports?fields=address%2Cextra HTTP/1.1" 200 13 517889 "-" "ironic-inspector keystoneauth1/5.1.0 python-requests/2.28.1 CPython/3.9.14"
- - - [13/Mar/2023:23:10:14 -0400] "GET /v1/ports?fields=address%2Cextra HTTP/1.1" 200 13 805584 "-" "ironic-inspector keystoneauth1/5.1.0 python-requests/2.28.1 CPython/3.9.14"
- - - [13/Mar/2023:23:10:14 -0400] "GET /v1/ports?fields=address%2Cextra HTTP/1.1" 200 13 669087 "-" "ironic-inspector keystoneauth1/5.1.0 python-requests/2.28.1 CPython/3.9.14"
- - - [13/Mar/2023:23:10:29 -0400] "GET /v1/ports?fields=address%2Cextra HTTP/1.1" 200 13 501537 "-" "ironic-inspector keystoneauth1/5.1.0 python-requests/2.28.1 CPython/3.9.14"
- - - [13/Mar/2023:23:10:29 -0400] "GET /v1/ports?fields=address%2Cextra HTTP/1.1" 200 13 510621 "-" "ironic-inspector keystoneauth1/5.1.0 python-requests/2.28.1 CPython/3.9.14"
- - - [13/Mar/2023:23:10:44 -0400] "GET /v1/ports?fields=address%2Cextra HTTP/1.1" 200 13 505843 "-" "ironic-inspector keystoneauth1/5.1.0 python-requests/2.28.1 CPython/3.9.14"
- - - [13/Mar/2023:23:10:44 -0400] "GET /v1/ports?fields=address%2Cextra HTTP/1.1" 200 13 474482 "-" "ironic-inspector keystoneauth1/5.1.0 python-requests/2.28.1 CPython/3.9.14"
- - - [13/Mar/2023:23:10:59 -0400] "GET /v1/nodes?fields=uuid HTTP/1.1" 200 13 757798 "-" "ironic-inspector keystoneauth1/5.1.0 python-requests/2.28.1 CPython/3.9.14"
- - - [13/Mar/2023:23:10:59 -0400] "GET /v1/ports?fields=address%2Cextra HTTP/1.1" 200 13 785318 "-" "ironic-inspector keystoneauth1/5.1.0 python-requests/2.28.1 CPython/3.9.14"
- - - [13/Mar/2023:23:10:59 -0400] "GET /v1/ports?fields=address%2Cextra HTTP/1.1" 200 13 462475 "-" "ironic-inspector keystoneauth1/5.1.0 python-requests/2.28.1 CPython/3.9.14"
- - - [13/Mar/2023:23:11:14 -0400] "GET /v1/ports?fields=address%2Cextra HTTP/1.1" 200 13 419886 "-" "ironic-inspector keystoneauth1/5.1.0 python-requests/2.28.1 CPython/3.9.14"
- - - [13/Mar/2023:23:11:14 -0400] "GET /v1/ports?fields=address%2Cextra HTTP/1.1" 200 13 392513 "-" "ironic-inspector keystoneauth1/5.1.0 python-requests/2.28.1 CPython/3.9.14"
- - - [13/Mar/2023:23:11:29 -0400] "GET /v1/ports?fields=address%2Cextra HTTP/1.1" 200 13 478810 "-" "ironic-inspector keystoneauth1/5.1.0 python-requests/2.28.1 CPython/3.9.14"
- - - [13/Mar/2023:23:11:29 -0400] "GET /v1/ports?fields=address%2Cextra HTTP/1.1" 200 13 408421 "-" "ironic-inspector keystoneauth1/5.1.0 python-requests/2.28.1 CPython/3.9.14"
- - - [13/Mar/2023:23:11:44 -0400] "GET /v1/ports?fields=address%2Cextra HTTP/1.1" 200 13 607595 "-" "ironic-inspector keystoneauth1/5.1.0 python-requests/2.28.1 CPython/3.9.14"
- - - [13/Mar/2023:23:11:44 -0400] "GET /v1/ports?fields=address%2Cextra HTTP/1.1" 200 13 444738 "-" "ironic-inspector keystoneauth1/5.1.0 python-requests/2.28.1 CPython/3.9.14"
- - - [13/Mar/2023:23:11:59 -0400] "GET /v1/ports?fields=address%2Cextra HTTP/1.1" 200 13 616617 "-" "ironic-inspector keystoneauth1/5.1.0 python-requests/2.28.1 CPython/3.9.14"
- - - [13/Mar/2023:23:11:59 -0400] "GET /v1/nodes?fields=uuid HTTP/1.1" 200 13 719717 "-" "ironic-inspector keystoneauth1/5.1.0 python-requests/2.28.1 CPython/3.9.14"
- - - [13/Mar/2023:23:11:59 -0400] "GET /v1/ports?fields=address%2Cextra HTTP/1.1" 200 13 491150 "-" "ironic-inspector keystoneauth1/5.1.0 python-requests/2.28.1 CPython/3.9.14"
- - - [13/Mar/2023:23:12:14 -0400] "GET /v1/ports?fields=address%2Cextra HTTP/1.1" 200 13 470619 "-" "ironic-inspector keystoneauth1/5.1.0 python-requests/2.28.1 CPython/3.9.14"
- - - [13/Mar/2023:23:12:14 -0400] "GET /v1/ports?fields=address%2Cextra HTTP/1.1" 200 13 486863 "-" "ironic-inspector keystoneauth1/5.1.0 python-requests/2.28.1 CPython/3.9.14"
- - - [13/Mar/2023:23:12:29 -0400] "GET /v1/ports?fields=address%2Cextra HTTP/1.1" 200 13 481534 "-" "ironic-inspector keystoneauth1/5.1.0 python-requests/2.28.1 CPython/3.9.14"
- - - [13/Mar/2023:23:12:29 -0400] "GET /v1/ports?fields=address%2Cextra HTTP/1.1" 200 13 417836 "-" "ironic-inspector keystoneauth1/5.1.0 python-requests/2.28.1 CPython/3.9.14"
- - - [13/Mar/2023:23:12:44 -0400] "GET /v1/ports?fields=address%2Cextra HTTP/1.1" 200 13 12937800 "-" "ironic-inspector keystoneauth1/5.1.0 python-requests/2.28.1 CPython/3.9.14"
- - - [13/Mar/2023:23:13:15 -0400] "GET /v1/ports?fields=address%2Cextra HTTP/1.1" 200 13 7125712 "-" "ironic-inspector keystoneauth1/5.1.0 python-requests/2.28.1 CPython/3.9.14"
- - - [13/Mar/2023:23:13:23 -0400] "GET /v1/ports?fields=address%2Cextra HTTP/1.1" 200 13 7132458 "-" "ironic-inspector keystoneauth1/5.1.0 python-requests/2.28.1 CPython/3.9.14"
- - - [13/Mar/2023:23:13:32 -0400] "POST /v1/nodes HTTP/1.1" 201 2655 1036186 "-" "python-ironicclient"
- - - [13/Mar/2023:23:13:30 -0400] "GET /v1/ports?fields=address%2Cextra HTTP/1.1" 200 13 6977877 "-" "ironic-inspector keystoneauth1/5.1.0 python-requests/2.28.1 CPython/3.9.14"
- - - [13/Mar/2023:23:13:37 -0400] "GET /v1/ports?fields=address%2Cextra HTTP/1.1" 200 13 541957 "-" "ironic-inspector keystoneauth1/5.1.0 python-requests/2.28.1 CPython/3.9.14"
- - - [13/Mar/2023:23:13:39 -0400] "GET /v1/nodes HTTP/1.1" 200 380 667159 "-" "python-ironicclient"
- - - [13/Mar/2023:23:13:43 -0400] "PATCH /v1/nodes/07f5ef6e-fae7-4e85-8538-f49f36b43d30 HTTP/1.1" 200 3129 1160856 "-" "python-ironicclient"
- - - [13/Mar/2023:23:13:45 -0400] "GET /v1/ports?fields=address%2Cextra HTTP/1.1" 200 13 606264 "-" "ironic-inspector keystoneauth1/5.1.0 python-requests/2.28.1 CPython/3.9.14"
- - - [13/Mar/2023:23:13:46 -0400] "GET /v1/ports?fields=address%2Cextra HTTP/1.1" 200 13 513759 "-" "ironic-inspector keystoneauth1/5.1.0 python-requests/2.28.1 CPython/3.9.14"
- - - [13/Mar/2023:23:13:47 -0400] "POST /v1/ports HTTP/1.1" 201 562 585602 "-" "python-ironicclient"
- - - [13/Mar/2023:23:13:51 -0400] "PUT /v1/nodes/07f5ef6e-fae7-4e85-8538-f49f36b43d30/states/provision HTTP/1.1" 202 - 847135 "-" "python-ironicclient"
- - - [13/Mar/2023:23:13:59 -0400] "GET /v1/nodes?fields=uuid HTTP/1.1" 200 271 602947 "-" "ironic-inspector keystoneauth1/5.1.0 python-requests/2.28.1 CPython/3.9.14"
- - - [13/Mar/2023:23:14:00 -0400] "GET /v1/ports?fields=address%2Cextra HTTP/1.1" 200 268 663967 "-" "ironic-inspector keystoneauth1/5.1.0 python-requests/2.28.1 CPython/3.9.14"
- - - [13/Mar/2023:23:14:01 -0400] "GET /v1/ports?fields=address%2Cextra HTTP/1.1" 200 268 450012 "-" "ironic-inspector keystoneauth1/5.1.0 python-requests/2.28.1 CPython/3.9.14"
- - - [13/Mar/2023:23:14:06 -0400] "PUT /v1/nodes/07f5ef6e-fae7-4e85-8538-f49f36b43d30/states/provision HTTP/1.1" 409 225 470473 "-" "python-ironicclient"
- - - [13/Mar/2023:23:14:08 -0400] "PUT /v1/nodes/07f5ef6e-fae7-4e85-8538-f49f36b43d30/states/provision HTTP/1.1" 202 - 1082730 "-" "python-ironicclient"
- - - [13/Mar/2023:23:14:13 -0400] "PUT /v1/nodes/07f5ef6e-fae7-4e85-8538-f49f36b43d30/states/power HTTP/1.1" 202 - 723438 "-" "python-ironicclient"
- - - [13/Mar/2023:23:14:15 -0400] "GET /v1/ports?fields=address%2Cextra HTTP/1.1" 200 268 708130 "-" "ironic-inspector keystoneauth1/5.1.0 python-requests/2.28.1 CPython/3.9.14"
- - - [13/Mar/2023:23:14:16 -0400] "GET /v1/ports?fields=address%2Cextra HTTP/1.1" 200 268 567020 "-" "ironic-inspector keystoneauth1/5.1.0 python-requests/2.28.1 CPython/3.9.14"
- - - [13/Mar/2023:23:14:30 -0400] "GET /v1/ports?fields=address%2Cextra HTTP/1.1" 200 268 520158 "-" "ironic-inspector keystoneauth1/5.1.0 python-requests/2.28.1 CPython/3.9.14"
- - - [13/Mar/2023:23:14:31 -0400] "GET /v1/ports?fields=address%2Cextra HTTP/1.1" 200 268 564329 "-" "ironic-inspector keystoneauth1/5.1.0 python-requests/2.28.1 CPython/3.9.14"
- - - [13/Mar/2023:23:14:41 -0400] "GET /v1/nodes HTTP/1.1" 200 369 717695 "-" "python-urllib3/1.26.5"
- - - [13/Mar/2023:23:14:42 -0400] "GET /v1/nodes?provision_state=available&associated=False&maintenance=False&fields=uuid%2Cdriver%2Cinstance_uuid%2Cprovision_state%2Cname%2Cmaintenance HTTP/1.1" 200 379 525547 "-" "python-urllib3/1.26.5"
- - - [13/Mar/2023:23:14:43 -0400] "PATCH /v1/nodes/07f5ef6e-fae7-4e85-8538-f49f36b43d30 HTTP/1.1" 200 2554 1223055 "-" "python-urllib3/1.26.5"
- - - [13/Mar/2023:23:14:44 -0400] "PATCH /v1/nodes/07f5ef6e-fae7-4e85-8538-f49f36b43d30 HTTP/1.1" 200 2554 988873 "-" "python-urllib3/1.26.5"
- - - [13/Mar/2023:23:14:45 -0400] "GET /v1/ports?fields=address%2Cextra HTTP/1.1" 200 268 552923 "-" "ironic-inspector keystoneauth1/5.1.0 python-requests/2.28.1 CPython/3.9.14"
- - - [13/Mar/2023:23:14:46 -0400] "GET /v1/ports?fields=address%2Cextra HTTP/1.1" 200 268 593773 "-" "ironic-inspector keystoneauth1/5.1.0 python-requests/2.28.1 CPython/3.9.14"
- - - [13/Mar/2023:23:14:51 -0400] "POST /v1/nodes/07f5ef6e-fae7-4e85-8538-f49f36b43d30/vifs HTTP/1.1" 204 - 734134 "-" "python-urllib3/1.26.5"
- - - [13/Mar/2023:23:14:51 -0400] "PATCH /v1/nodes/07f5ef6e-fae7-4e85-8538-f49f36b43d30 HTTP/1.1" 200 2554 823538 "-" "python-urllib3/1.26.5"
- - - [13/Mar/2023:23:14:52 -0400] "PUT /v1/nodes/07f5ef6e-fae7-4e85-8538-f49f36b43d30/states/provision HTTP/1.1" 202 - 817166 "-" "python-urllib3/1.26.5"
- - - [13/Mar/2023:23:14:53 -0400] "GET /v1/nodes/07f5ef6e-fae7-4e85-8538-f49f36b43d30 HTTP/1.1" 200 2615 479281 "-" "python-urllib3/1.26.5"
- - - [13/Mar/2023:23:14:55 -0400] "GET /v1/nodes/07f5ef6e-fae7-4e85-8538-f49f36b43d30 HTTP/1.1" 200 2660 486836 "-" "python-urllib3/1.26.5"
- - - [13/Mar/2023:23:14:56 -0400] "GET /v1/nodes/07f5ef6e-fae7-4e85-8538-f49f36b43d30 HTTP/1.1" 200 2660 612376 "-" "python-urllib3/1.26.5"
- - - [13/Mar/2023:23:14:58 -0400] "GET /v1/nodes/07f5ef6e-fae7-4e85-8538-f49f36b43d30 HTTP/1.1" 200 2660 456280 "-" "python-urllib3/1.26.5"
- - - [13/Mar/2023:23:14:59 -0400] "GET /v1/nodes?fields=uuid HTTP/1.1" 200 271 483103 "-" "ironic-inspector keystoneauth1/5.1.0 python-requests/2.28.1 CPython/3.9.14"
- - - [13/Mar/2023:23:14:59 -0400] "GET /v1/nodes/07f5ef6e-fae7-4e85-8538-f49f36b43d30 HTTP/1.1" 200 2660 608760 "-" "python-urllib3/1.26.5"
- - - [13/Mar/2023:23:15:00 -0400] "GET /v1/ports?fields=address%2Cextra HTTP/1.1" 200 268 430492 "-" "ironic-inspector keystoneauth1/5.1.0 python-requests/2.28.1 CPython/3.9.14"
- - - [13/Mar/2023:23:15:01 -0400] "GET /v1/nodes/07f5ef6e-fae7-4e85-8538-f49f36b43d30 HTTP/1.1" 200 2660 539233 "-" "python-urllib3/1.26.5"
- - - [13/Mar/2023:23:15:01 -0400] "GET /v1/ports?fields=address%2Cextra HTTP/1.1" 200 268 687874 "-" "ironic-inspector keystoneauth1/5.1.0 python-requests/2.28.1 CPython/3.9.14"
- - - [13/Mar/2023:23:15:02 -0400] "GET /v1/nodes/07f5ef6e-fae7-4e85-8538-f49f36b43d30 HTTP/1.1" 200 2660 604203 "-" "python-urllib3/1.26.5"
- - - [13/Mar/2023:23:15:04 -0400] "GET /v1/nodes/07f5ef6e-fae7-4e85-8538-f49f36b43d30 HTTP/1.1" 200 2660 470584 "-" "python-urllib3/1.26.5"
- - - [13/Mar/2023:23:15:05 -0400] "GET /v1/nodes/07f5ef6e-fae7-4e85-8538-f49f36b43d30 HTTP/1.1" 200 2715 723357 "-" "python-urllib3/1.26.5"
- - - [13/Mar/2023:23:15:07 -0400] "GET /v1/nodes/07f5ef6e-fae7-4e85-8538-f49f36b43d30 HTTP/1.1" 200 2715 498423 "-" "python-urllib3/1.26.5"
- - - [13/Mar/2023:23:15:09 -0400] "GET /v1/nodes/07f5ef6e-fae7-4e85-8538-f49f36b43d30 HTTP/1.1" 200 2715 546186 "-" "python-urllib3/1.26.5"
- - - [13/Mar/2023:23:15:10 -0400] "GET /v1/nodes/07f5ef6e-fae7-4e85-8538-f49f36b43d30 HTTP/1.1" 200 2715 473338 "-" "python-urllib3/1.26.5"
- - - [13/Mar/2023:23:15:12 -0400] "GET /v1/nodes/07f5ef6e-fae7-4e85-8538-f49f36b43d30 HTTP/1.1" 200 2715 549167 "-" "python-urllib3/1.26.5"
- - - [13/Mar/2023:23:15:13 -0400] "GET /v1/nodes/07f5ef6e-fae7-4e85-8538-f49f36b43d30 HTTP/1.1" 200 2715 654153 "-" "python-urllib3/1.26.5"
- - - [13/Mar/2023:23:15:15 -0400] "GET /v1/nodes/07f5ef6e-fae7-4e85-8538-f49f36b43d30 HTTP/1.1" 200 2715 607841 "-" "python-urllib3/1.26.5"
- - - [13/Mar/2023:23:15:15 -0400] "GET /v1/ports?fields=address%2Cextra HTTP/1.1" 200 268 586853 "-" "ironic-inspector keystoneauth1/5.1.0 python-requests/2.28.1 CPython/3.9.14"
- - - [13/Mar/2023:23:15:16 -0400] "GET /v1/ports?fields=address%2Cextra HTTP/1.1" 200 268 508685 "-" "ironic-inspector keystoneauth1/5.1.0 python-requests/2.28.1 CPython/3.9.14"
- - - [13/Mar/2023:23:15:17 -0400] "GET /v1/nodes/07f5ef6e-fae7-4e85-8538-f49f36b43d30 HTTP/1.1" 200 2715 669350 "-" "python-urllib3/1.26.5"
- - - [13/Mar/2023:23:15:18 -0400] "GET /v1/nodes/07f5ef6e-fae7-4e85-8538-f49f36b43d30 HTTP/1.1" 200 3258 622412 "-" "python-urllib3/1.26.5"
- - - [13/Mar/2023:23:15:20 -0400] "GET /v1/nodes/07f5ef6e-fae7-4e85-8538-f49f36b43d30 HTTP/1.1" 200 3258 573912 "-" "python-urllib3/1.26.5"
- - - [13/Mar/2023:23:15:21 -0400] "GET /v1/nodes/07f5ef6e-fae7-4e85-8538-f49f36b43d30 HTTP/1.1" 200 3258 479962 "-" "python-urllib3/1.26.5"
- - - [13/Mar/2023:23:15:23 -0400] "GET /v1/nodes/07f5ef6e-fae7-4e85-8538-f49f36b43d30 HTTP/1.1" 200 3258 482006 "-" "python-urllib3/1.26.5"
- - - [13/Mar/2023:23:15:24 -0400] "GET /v1/nodes/07f5ef6e-fae7-4e85-8538-f49f36b43d30 HTTP/1.1" 200 3258 503967 "-" "python-urllib3/1.26.5"
- - - [13/Mar/2023:23:15:26 -0400] "GET /v1/nodes/07f5ef6e-fae7-4e85-8538-f49f36b43d30 HTTP/1.1" 200 3258 534472 "-" "python-urllib3/1.26.5"
- - - [13/Mar/2023:23:15:27 -0400] "GET /v1/nodes/07f5ef6e-fae7-4e85-8538-f49f36b43d30 HTTP/1.1" 200 3258 615138 "-" "python-urllib3/1.26.5"
- - - [13/Mar/2023:23:15:29 -0400] "GET /v1/nodes/07f5ef6e-fae7-4e85-8538-f49f36b43d30 HTTP/1.1" 200 3258 662541 "-" "python-urllib3/1.26.5"
- - - [13/Mar/2023:23:15:30 -0400] "GET /v1/ports?fields=address%2Cextra HTTP/1.1" 200 268 505088 "-" "ironic-inspector keystoneauth1/5.1.0 python-requests/2.28.1 CPython/3.9.14"
- - - [13/Mar/2023:23:15:31 -0400] "GET /v1/nodes/07f5ef6e-fae7-4e85-8538-f49f36b43d30 HTTP/1.1" 200 3258 593392 "-" "python-urllib3/1.26.5"
- - - [13/Mar/2023:23:15:31 -0400] "GET /v1/ports?fields=address%2Cextra HTTP/1.1" 200 268 444108 "-" "ironic-inspector keystoneauth1/5.1.0 python-requests/2.28.1 CPython/3.9.14"
- - - [13/Mar/2023:23:15:32 -0400] "GET /v1/nodes/07f5ef6e-fae7-4e85-8538-f49f36b43d30 HTTP/1.1" 200 3258 441647 "-" "python-urllib3/1.26.5"
- - - [13/Mar/2023:23:15:34 -0400] "GET /v1/nodes/07f5ef6e-fae7-4e85-8538-f49f36b43d30 HTTP/1.1" 200 3241 442523 "-" "python-urllib3/1.26.5"
- - - [13/Mar/2023:23:15:34 -0400] "GET /v1/nodes/07f5ef6e-fae7-4e85-8538-f49f36b43d30 HTTP/1.1" 200 3241 455142 "-" "python-urllib3/1.26.5"
- - - [13/Mar/2023:23:15:45 -0400] "GET /v1/ports?fields=address%2Cextra HTTP/1.1" 200 268 505592 "-" "ironic-inspector keystoneauth1/5.1.0 python-requests/2.28.1 CPython/3.9.14"
- - - [13/Mar/2023:23:15:46 -0400] "GET /v1/ports?fields=address%2Cextra HTTP/1.1" 200 268 557809 "-" "ironic-inspector keystoneauth1/5.1.0 python-requests/2.28.1 CPython/3.9.14"
- - - [13/Mar/2023:23:15:59 -0400] "GET /v1/nodes?fields=uuid HTTP/1.1" 200 271 460729 "-" "ironic-inspector keystoneauth1/5.1.0 python-requests/2.28.1 CPython/3.9.14"
- - - [13/Mar/2023:23:16:00 -0400] "GET /v1/ports?fields=address%2Cextra HTTP/1.1" 200 268 926483 "-" "ironic-inspector keystoneauth1/5.1.0 python-requests/2.28.1 CPython/3.9.14"
- - - [13/Mar/2023:23:16:01 -0400] "GET /v1/ports?fields=address%2Cextra HTTP/1.1" 200 268 781759 "-" "ironic-inspector keystoneauth1/5.1.0 python-requests/2.28.1 CPython/3.9.14"
- - - [13/Mar/2023:23:16:05 -0400] "GET /v1/nodes/07f5ef6e-fae7-4e85-8538-f49f36b43d30 HTTP/1.1" 200 3241 592962 "-" "python-urllib3/1.26.5"
- - - [13/Mar/2023:23:16:15 -0400] "GET /v1/ports?fields=address%2Cextra HTTP/1.1" 200 268 517472 "-" "ironic-inspector keystoneauth1/5.1.0 python-requests/2.28.1 CPython/3.9.14"
- - - [13/Mar/2023:23:16:16 -0400] "GET /v1/ports?fields=address%2Cextra HTTP/1.1" 200 268 450273 "-" "ironic-inspector keystoneauth1/5.1.0 python-requests/2.28.1 CPython/3.9.14"
- - - [13/Mar/2023:23:16:30 -0400] "GET /v1/ports?fields=address%2Cextra HTTP/1.1" 200 268 507797 "-" "ironic-inspector keystoneauth1/5.1.0 python-requests/2.28.1 CPython/3.9.14"
- - - [13/Mar/2023:23:16:31 -0400] "GET /v1/ports?fields=address%2Cextra HTTP/1.1" 200 268 451106 "-" "ironic-inspector keystoneauth1/5.1.0 python-requests/2.28.1 CPython/3.9.14"
- - - [13/Mar/2023:23:16:35 -0400] "GET /v1/nodes/07f5ef6e-fae7-4e85-8538-f49f36b43d30 HTTP/1.1" 200 3241 648431 "-" "python-urllib3/1.26.5"
- - - [13/Mar/2023:23:16:45 -0400] "GET /v1/ports?fields=address%2Cextra HTTP/1.1" 200 268 511182 "-" "ironic-inspector keystoneauth1/5.1.0 python-requests/2.28.1 CPython/3.9.14"
- - - [13/Mar/2023:23:16:46 -0400] "GET /v1/ports?fields=address%2Cextra HTTP/1.1" 200 268 424371 "-" "ironic-inspector keystoneauth1/5.1.0 python-requests/2.28.1 CPython/3.9.14"
- - - [13/Mar/2023:23:16:59 -0400] "GET /v1/nodes?fields=uuid HTTP/1.1" 200 271 509428 "-" "ironic-inspector keystoneauth1/5.1.0 python-requests/2.28.1 CPython/3.9.14"
- - - [13/Mar/2023:23:17:00 -0400] "GET /v1/ports?fields=address%2Cextra HTTP/1.1" 200 268 462226 "-" "ironic-inspector keystoneauth1/5.1.0 python-requests/2.28.1 CPython/3.9.14"
- - - [13/Mar/2023:23:17:01 -0400] "GET /v1/ports?fields=address%2Cextra HTTP/1.1" 200 268 490296 "-" "ironic-inspector keystoneauth1/5.1.0 python-requests/2.28.1 CPython/3.9.14"
- - - [13/Mar/2023:23:17:06 -0400] "GET /v1/nodes/07f5ef6e-fae7-4e85-8538-f49f36b43d30 HTTP/1.1" 200 3241 504617 "-" "python-urllib3/1.26.5"
- - - [13/Mar/2023:23:17:15 -0400] "GET /v1/ports?fields=address%2Cextra HTTP/1.1" 200 268 483142 "-" "ironic-inspector keystoneauth1/5.1.0 python-requests/2.28.1 CPython/3.9.14"
- - - [13/Mar/2023:23:17:16 -0400] "GET /v1/ports?fields=address%2Cextra HTTP/1.1" 200 268 477748 "-" "ironic-inspector keystoneauth1/5.1.0 python-requests/2.28.1 CPython/3.9.14"
- - - [13/Mar/2023:23:17:30 -0400] "GET /v1/ports?fields=address%2Cextra HTTP/1.1" 200 268 530780 "-" "ironic-inspector keystoneauth1/5.1.0 python-requests/2.28.1 CPython/3.9.14"
- - - [13/Mar/2023:23:17:31 -0400] "GET /v1/ports?fields=address%2Cextra HTTP/1.1" 200 268 547192 "-" "ironic-inspector keystoneauth1/5.1.0 python-requests/2.28.1 CPython/3.9.14"
- - - [13/Mar/2023:23:17:37 -0400] "GET /v1/nodes/07f5ef6e-fae7-4e85-8538-f49f36b43d30 HTTP/1.1" 200 3241 521153 "-" "python-urllib3/1.26.5"
- - - [13/Mar/2023:23:17:45 -0400] "GET /v1/ports?fields=address%2Cextra HTTP/1.1" 200 268 488579 "-" "ironic-inspector keystoneauth1/5.1.0 python-requests/2.28.1 CPython/3.9.14"
- - - [13/Mar/2023:23:17:46 -0400] "GET /v1/ports?fields=address%2Cextra HTTP/1.1" 200 268 499828 "-" "ironic-inspector keystoneauth1/5.1.0 python-requests/2.28.1 CPython/3.9.14"
- - - [13/Mar/2023:23:17:59 -0400] "GET /v1/nodes?fields=uuid HTTP/1.1" 200 271 524600 "-" "ironic-inspector keystoneauth1/5.1.0 python-requests/2.28.1 CPython/3.9.14"
- - - [13/Mar/2023:23:18:00 -0400] "GET /v1/ports?fields=address%2Cextra HTTP/1.1" 200 268 544894 "-" "ironic-inspector keystoneauth1/5.1.0 python-requests/2.28.1 CPython/3.9.14"
- - - [13/Mar/2023:23:18:01 -0400] "GET /v1/ports?fields=address%2Cextra HTTP/1.1" 200 268 586810 "-" "ironic-inspector keystoneauth1/5.1.0 python-requests/2.28.1 CPython/3.9.14"
- - - [13/Mar/2023:23:18:07 -0400] "GET /v1/nodes/07f5ef6e-fae7-4e85-8538-f49f36b43d30 HTTP/1.1" 200 3241 597377 "-" "python-urllib3/1.26.5"
- - - [13/Mar/2023:23:18:15 -0400] "GET /v1/ports?fields=address%2Cextra HTTP/1.1" 200 268 499244 "-" "ironic-inspector keystoneauth1/5.1.0 python-requests/2.28.1 CPython/3.9.14"
- - - [13/Mar/2023:23:18:16 -0400] "GET /v1/ports?fields=address%2Cextra HTTP/1.1" 200 268 480596 "-" "ironic-inspector keystoneauth1/5.1.0 python-requests/2.28.1 CPython/3.9.14"
- - - [13/Mar/2023:23:18:30 -0400] "GET /v1/ports?fields=address%2Cextra HTTP/1.1" 200 268 443632 "-" "ironic-inspector keystoneauth1/5.1.0 python-requests/2.28.1 CPython/3.9.14"
- - - [13/Mar/2023:23:18:31 -0400] "GET /v1/ports?fields=address%2Cextra HTTP/1.1" 200 268 426002 "-" "ironic-inspector keystoneauth1/5.1.0 python-requests/2.28.1 CPython/3.9.14"
- - - [13/Mar/2023:23:18:34 -0400] "GET / HTTP/1.1" 200 468 11420 "-" "python-requests/2.28.1"
- - - [13/Mar/2023:23:18:34 -0400] "GET /v1/lookup?addresses=ec%3Ab1%3Ad7%3A83%3A74%3A41%2Cec%3Ab1%3Ad7%3A83%3A74%3A42%2Cec%3Ab1%3Ad7%3A83%3A74%3A40%2Cec%3Ab1%3Ad7%3A83%3A74%3A43 HTTP/1.1" 200 1047 305318 "-" "python-requests/2.28.1"
- - - [13/Mar/2023:23:18:34 -0400] "POST /v1/heartbeat/07f5ef6e-fae7-4e85-8538-f49f36b43d30 HTTP/1.1" 202 - 101271 "-" "python-requests/2.28.1"
- - - [13/Mar/2023:23:18:35 -0400] "GET /v1/lookup?addresses=ec%3Ab1%3Ad7%3A83%3A74%3A41%2Cec%3Ab1%3Ad7%3A83%3A74%3A42%2Cec%3Ab1%3Ad7%3A83%3A74%3A40%2Cec%3Ab1%3Ad7%3A83%3A74%3A43&node_uuid=07f5ef6e-fae7-4e85-8538-f49f36b43d30 HTTP/1.1" 200 1010 158208 "-" "python-requests/2.28.1"
- - - [13/Mar/2023:23:18:38 -0400] "GET /v1/nodes/07f5ef6e-fae7-4e85-8538-f49f36b43d30 HTTP/1.1" 200 4766 443050 "-" "python-urllib3/1.26.5"
- - - [13/Mar/2023:23:18:45 -0400] "GET /v1/ports?fields=address%2Cextra HTTP/1.1" 200 268 413655 "-" "ironic-inspector keystoneauth1/5.1.0 python-requests/2.28.1 CPython/3.9.14"
- - - [13/Mar/2023:23:18:46 -0400] "GET /v1/ports?fields=address%2Cextra HTTP/1.1" 200 268 526722 "-" "ironic-inspector keystoneauth1/5.1.0 python-requests/2.28.1 CPython/3.9.14"
- - - [13/Mar/2023:23:18:59 -0400] "GET /v1/nodes?fields=uuid HTTP/1.1" 200 271 617024 "-" "ironic-inspector keystoneauth1/5.1.0 python-requests/2.28.1 CPython/3.9.14"
- - - [13/Mar/2023:23:19:00 -0400] "GET /v1/ports?fields=address%2Cextra HTTP/1.1" 200 268 508362 "-" "ironic-inspector keystoneauth1/5.1.0 python-requests/2.28.1 CPython/3.9.14"
- - - [13/Mar/2023:23:19:01 -0400] "GET /v1/ports?fields=address%2Cextra HTTP/1.1" 200 268 466548 "-" "ironic-inspector keystoneauth1/5.1.0 python-requests/2.28.1 CPython/3.9.14"
- - - [13/Mar/2023:23:19:08 -0400] "GET /v1/nodes/07f5ef6e-fae7-4e85-8538-f49f36b43d30 HTTP/1.1" 200 4766 505796 "-" "python-urllib3/1.26.5"
- - - [13/Mar/2023:23:19:09 -0400] "POST /v1/heartbeat/07f5ef6e-fae7-4e85-8538-f49f36b43d30 HTTP/1.1" 202 - 131501 "-" "python-requests/2.28.1"
- - - [13/Mar/2023:23:19:14 -0400] "POST /v1/heartbeat/07f5ef6e-fae7-4e85-8538-f49f36b43d30 HTTP/1.1" 202 - 131530 "-" "python-requests/2.28.1"
- - - [13/Mar/2023:23:19:15 -0400] "GET /v1/ports?fields=address%2Cextra HTTP/1.1" 200 268 488315 "-" "ironic-inspector keystoneauth1/5.1.0 python-requests/2.28.1 CPython/3.9.14"
- - - [13/Mar/2023:23:19:16 -0400] "GET /v1/ports?fields=address%2Cextra HTTP/1.1" 200 268 496094 "-" "ironic-inspector keystoneauth1/5.1.0 python-requests/2.28.1 CPython/3.9.14"
- - - [13/Mar/2023:23:19:30 -0400] "GET /v1/ports?fields=address%2Cextra HTTP/1.1" 200 268 668236 "-" "ironic-inspector keystoneauth1/5.1.0 python-requests/2.28.1 CPython/3.9.14"
- - - [13/Mar/2023:23:19:31 -0400] "GET /v1/ports?fields=address%2Cextra HTTP/1.1" 200 268 742965 "-" "ironic-inspector keystoneauth1/5.1.0 python-requests/2.28.1 CPython/3.9.14"
- - - [13/Mar/2023:23:19:39 -0400] "GET /v1/nodes/07f5ef6e-fae7-4e85-8538-f49f36b43d30 HTTP/1.1" 200 4820 553735 "-" "python-urllib3/1.26.5"
- - - [13/Mar/2023:23:19:45 -0400] "GET /v1/ports?fields=address%2Cextra HTTP/1.1" 200 268 533694 "-" "ironic-inspector keystoneauth1/5.1.0 python-requests/2.28.1 CPython/3.9.14"
- - - [13/Mar/2023:23:19:46 -0400] "GET /v1/ports?fields=address%2Cextra HTTP/1.1" 200 268 571457 "-" "ironic-inspector keystoneauth1/5.1.0 python-requests/2.28.1 CPython/3.9.14"
- - - [13/Mar/2023:23:19:59 -0400] "GET /v1/nodes?fields=uuid HTTP/1.1" 200 271 543289 "-" "ironic-inspector keystoneauth1/5.1.0 python-requests/2.28.1 CPython/3.9.14"
- - - [13/Mar/2023:23:20:00 -0400] "GET /v1/ports?fields=address%2Cextra HTTP/1.1" 200 268 470656 "-" "ironic-inspector keystoneauth1/5.1.0 python-requests/2.28.1 CPython/3.9.14"
- - - [13/Mar/2023:23:20:01 -0400] "GET /v1/ports?fields=address%2Cextra HTTP/1.1" 200 268 494457 "-" "ironic-inspector keystoneauth1/5.1.0 python-requests/2.28.1 CPython/3.9.14"
- - - [13/Mar/2023:23:20:09 -0400] "GET /v1/nodes/07f5ef6e-fae7-4e85-8538-f49f36b43d30 HTTP/1.1" 200 2949 437265 "-" "python-urllib3/1.26.5"
- - - [13/Mar/2023:23:20:15 -0400] "GET /v1/ports?fields=address%2Cextra HTTP/1.1" 200 268 489698 "-" "ironic-inspector keystoneauth1/5.1.0 python-requests/2.28.1 CPython/3.9.14"
- - - [13/Mar/2023:23:20:16 -0400] "GET /v1/ports?fields=address%2Cextra HTTP/1.1" 200 268 409738 "-" "ironic-inspector keystoneauth1/5.1.0 python-requests/2.28.1 CPython/3.9.14"
- - - [13/Mar/2023:23:20:30 -0400] "GET /v1/ports?fields=address%2Cextra HTTP/1.1" 200 268 574138 "-" "ironic-inspector keystoneauth1/5.1.0 python-requests/2.28.1 CPython/3.9.14"
- - - [13/Mar/2023:23:20:31 -0400] "GET /v1/ports?fields=address%2Cextra HTTP/1.1" 200 268 444507 "-" "ironic-inspector keystoneauth1/5.1.0 python-requests/2.28.1 CPython/3.9.14"
- - - [13/Mar/2023:23:20:46 -0400] "GET /v1/ports?fields=address%2Cextra HTTP/1.1" 200 268 551225 "-" "ironic-inspector keystoneauth1/5.1.0 python-requests/2.28.1 CPython/3.9.14"
- - - [13/Mar/2023:23:20:46 -0400] "GET /v1/ports?fields=address%2Cextra HTTP/1.1" 200 268 647807 "-" "ironic-inspector keystoneauth1/5.1.0 python-requests/2.28.1 CPython/3.9.14"
- - - [13/Mar/2023:23:20:59 -0400] "GET /v1/nodes?fields=uuid HTTP/1.1" 200 271 423411 "-" "ironic-inspector keystoneauth1/5.1.0 python-requests/2.28.1 CPython/3.9.14"
- - - [13/Mar/2023:23:21:00 -0400] "GET /v1/ports?fields=address%2Cextra HTTP/1.1" 200 268 424905 "-" "ironic-inspector keystoneauth1/5.1.0 python-requests/2.28.1 CPython/3.9.14"
- - - [13/Mar/2023:23:21:01 -0400] "GET /v1/ports?fields=address%2Cextra HTTP/1.1" 200 268 422760 "-" "ironic-inspector keystoneauth1/5.1.0 python-requests/2.28.1 CPython/3.9.14"
- - - [13/Mar/2023:23:21:16 -0400] "GET /v1/ports?fields=address%2Cextra HTTP/1.1" 200 268 635180 "-" "ironic-inspector keystoneauth1/5.1.0 python-requests/2.28.1 CPython/3.9.14"
- - - [13/Mar/2023:23:21:16 -0400] "GET /v1/ports?fields=address%2Cextra HTTP/1.1" 200 268 712620 "-" "ironic-inspector keystoneauth1/5.1.0 python-requests/2.28.1 CPython/3.9.14"
- - - [13/Mar/2023:23:21:31 -0400] "GET /v1/ports?fields=address%2Cextra HTTP/1.1" 200 268 570672 "-" "ironic-inspector keystoneauth1/5.1.0 python-requests/2.28.1 CPython/3.9.14"
- - - [13/Mar/2023:23:21:31 -0400] "GET /v1/ports?fields=address%2Cextra HTTP/1.1" 200 268 604194 "-" "ironic-inspector keystoneauth1/5.1.0 python-requests/2.28.1 CPython/3.9.14"
- - - [13/Mar/2023:23:21:46 -0400] "GET /v1/ports?fields=address%2Cextra HTTP/1.1" 200 268 478921 "-" "ironic-inspector keystoneauth1/5.1.0 python-requests/2.28.1 CPython/3.9.14"
- - - [13/Mar/2023:23:21:46 -0400] "GET /v1/ports?fields=address%2Cextra HTTP/1.1" 200 268 430976 "-" "ironic-inspector keystoneauth1/5.1.0 python-requests/2.28.1 CPython/3.9.14"
- - - [13/Mar/2023:23:21:59 -0400] "GET /v1/nodes?fields=uuid HTTP/1.1" 200 271 570999 "-" "ironic-inspector keystoneauth1/5.1.0 python-requests/2.28.1 CPython/3.9.14"
- - - [13/Mar/2023:23:22:01 -0400] "GET /v1/ports?fields=address%2Cextra HTTP/1.1" 200 268 577841 "-" "ironic-inspector keystoneauth1/5.1.0 python-requests/2.28.1 CPython/3.9.14"
- - - [13/Mar/2023:23:22:01 -0400] "GET /v1/ports?fields=address%2Cextra HTTP/1.1" 200 268 554666 "-" "ironic-inspector keystoneauth1/5.1.0 python-requests/2.28.1 CPython/3.9.14"
- - - [13/Mar/2023:23:22:16 -0400] "GET /v1/ports?fields=address%2Cextra HTTP/1.1" 200 268 552799 "-" "ironic-inspector keystoneauth1/5.1.0 python-requests/2.28.1 CPython/3.9.14"
- - - [13/Mar/2023:23:22:16 -0400] "GET /v1/ports?fields=address%2Cextra HTTP/1.1" 200 268 505466 "-" "ironic-inspector keystoneauth1/5.1.0 python-requests/2.28.1 CPython/3.9.14"
- - - [13/Mar/2023:23:22:31 -0400] "GET /v1/ports?fields=address%2Cextra HTTP/1.1" 200 268 462007 "-" "ironic-inspector keystoneauth1/5.1.0 python-requests/2.28.1 CPython/3.9.14"
- - - [13/Mar/2023:23:22:31 -0400] "GET /v1/ports?fields=address%2Cextra HTTP/1.1" 200 268 786035 "-" "ironic-inspector keystoneauth1/5.1.0 python-requests/2.28.1 CPython/3.9.14"
- - - [13/Mar/2023:23:22:46 -0400] "GET /v1/ports?fields=address%2Cextra HTTP/1.1" 200 268 442375 "-" "ironic-inspector keystoneauth1/5.1.0 python-requests/2.28.1 CPython/3.9.14"
- - - [13/Mar/2023:23:22:46 -0400] "GET /v1/ports?fields=address%2Cextra HTTP/1.1" 200 268 530246 "-" "ironic-inspector keystoneauth1/5.1.0 python-requests/2.28.1 CPython/3.9.14"
- - - [13/Mar/2023:23:22:48 -0400] "GET /v1/nodes/07f5ef6e-fae7-4e85-8538-f49f36b43d30/vifs HTTP/1.1" 200 12 574111 "-" "python-urllib3/1.26.5"
- - - [13/Mar/2023:23:22:52 -0400] "GET /v1/nodes HTTP/1.1" 200 420 594101 "-" "python-ironicclient"
- - - [13/Mar/2023:23:22:59 -0400] "GET /v1/nodes?fields=uuid HTTP/1.1" 200 271 777899 "-" "ironic-inspector keystoneauth1/5.1.0 python-requests/2.28.1 CPython/3.9.14"
- - - [13/Mar/2023:23:23:01 -0400] "GET /v1/ports?fields=address%2Cextra HTTP/1.1" 200 268 817007 "-" "ironic-inspector keystoneauth1/5.1.0 python-requests/2.28.1 CPython/3.9.14"
- - - [13/Mar/2023:23:23:01 -0400] "GET /v1/ports?fields=address%2Cextra HTTP/1.1" 200 268 514762 "-" "ironic-inspector keystoneauth1/5.1.0 python-requests/2.28.1 CPython/3.9.14"
- - - [13/Mar/2023:23:23:16 -0400] "GET /v1/ports?fields=address%2Cextra HTTP/1.1" 200 268 586027 "-" "ironic-inspector keystoneauth1/5.1.0 python-requests/2.28.1 CPython/3.9.14"
- - - [13/Mar/2023:23:23:16 -0400] "GET /v1/ports?fields=address%2Cextra HTTP/1.1" 200 268 613495 "-" "ironic-inspector keystoneauth1/5.1.0 python-requests/2.28.1 CPython/3.9.14"
- - - [13/Mar/2023:23:23:31 -0400] "GET /v1/ports?fields=address%2Cextra HTTP/1.1" 200 268 504504 "-" "ironic-inspector keystoneauth1/5.1.0 python-requests/2.28.1 CPython/3.9.14"
- - - [13/Mar/2023:23:23:31 -0400] "GET /v1/ports?fields=address%2Cextra HTTP/1.1" 200 268 537066 "-" "ironic-inspector keystoneauth1/5.1.0 python-requests/2.28.1 CPython/3.9.14"
- - - [13/Mar/2023:23:23:46 -0400] "GET /v1/ports?fields=address%2Cextra HTTP/1.1" 200 268 534353 "-" "ironic-inspector keystoneauth1/5.1.0 python-requests/2.28.1 CPython/3.9.14"
- - - [13/Mar/2023:23:23:46 -0400] "GET /v1/ports?fields=address%2Cextra HTTP/1.1" 200 268 551398 "-" "ironic-inspector keystoneauth1/5.1.0 python-requests/2.28.1 CPython/3.9.14"
- - - [13/Mar/2023:23:23:59 -0400] "GET /v1/nodes?fields=uuid HTTP/1.1" 200 271 532351 "-" "ironic-inspector keystoneauth1/5.1.0 python-requests/2.28.1 CPython/3.9.14"
- - - [13/Mar/2023:23:24:01 -0400] "GET /v1/ports?fields=address%2Cextra HTTP/1.1" 200 268 550661 "-" "ironic-inspector keystoneauth1/5.1.0 python-requests/2.28.1 CPython/3.9.14"
- - - [13/Mar/2023:23:24:01 -0400] "GET /v1/ports?fields=address%2Cextra HTTP/1.1" 200 268 440746 "-" "ironic-inspector keystoneauth1/5.1.0 python-requests/2.28.1 CPython/3.9.14"
- - - [13/Mar/2023:23:24:16 -0400] "GET /v1/ports?fields=address%2Cextra HTTP/1.1" 200 268 528473 "-" "ironic-inspector keystoneauth1/5.1.0 python-requests/2.28.1 CPython/3.9.14"
- - - [13/Mar/2023:23:24:16 -0400] "GET /v1/ports?fields=address%2Cextra HTTP/1.1" 200 268 563952 "-" "ironic-inspector keystoneauth1/5.1.0 python-requests/2.28.1 CPython/3.9.14"
- - - [13/Mar/2023:23:24:31 -0400] "GET /v1/ports?fields=address%2Cextra HTTP/1.1" 200 268 522636 "-" "ironic-inspector keystoneauth1/5.1.0 python-requests/2.28.1 CPython/3.9.14"
- - - [13/Mar/2023:23:24:31 -0400] "GET /v1/ports?fields=address%2Cextra HTTP/1.1" 200 268 570354 "-" "ironic-inspector keystoneauth1/5.1.0 python-requests/2.28.1 CPython/3.9.14"
