2023-02-21 13:44:33,620 p=5734 u=root n=ansible | [WARNING]: Invalid characters were found in group names but not replaced, use
-vvvv to see details

2023-02-21 13:44:43,530 p=5734 u=root n=ansible | PLAY [Gather facts for all hosts] **********************************************
2023-02-21 13:44:44,303 p=5734 u=root n=ansible | TASK [Gather facts] ************************************************************
2023-02-21 13:44:51,670 p=5734 u=root n=ansible | ok: [localhost]
2023-02-21 13:44:51,776 p=5734 u=root n=ansible | TASK [Group hosts to determine when using --limit] *****************************
2023-02-21 13:44:51,850 p=5734 u=root n=ansible | ok: [localhost]
2023-02-21 13:44:52,045 p=5734 u=root n=ansible | [WARNING]: Could not match supplied host pattern, ignoring:
all_using_limit_True

2023-02-21 13:44:52,054 p=5734 u=root n=ansible | PLAY [Gather facts for all hosts (if using --limit)] ***************************
2023-02-21 13:44:52,054 p=5734 u=root n=ansible | skipping: no hosts matched
2023-02-21 13:44:52,063 p=5734 u=root n=ansible | PLAY [Apply role baremetal] ****************************************************
2023-02-21 13:44:52,276 p=5734 u=root n=ansible | TASK [openstack.kolla.baremetal : Ensure localhost in /etc/hosts] **************
2023-02-21 13:44:53,228 p=5734 u=root n=ansible | changed: [localhost]
2023-02-21 13:44:53,350 p=5734 u=root n=ansible | TASK [openstack.kolla.baremetal : Ensure hostname does not point to 127.0.1.1 in /etc/hosts] ***
2023-02-21 13:44:54,155 p=5734 u=root n=ansible | ok: [localhost]
2023-02-21 13:44:54,276 p=5734 u=root n=ansible | TASK [openstack.kolla.baremetal : Generate /etc/hosts for all of the nodes] ****
2023-02-21 13:44:55,927 p=5734 u=root n=ansible | changed: [localhost]
2023-02-21 13:44:56,037 p=5734 u=root n=ansible | TASK [openstack.kolla.baremetal : Ensure unprivileged users can use ping] ******
2023-02-21 13:44:57,095 p=5734 u=root n=ansible | changed: [localhost]
2023-02-21 13:44:57,198 p=5734 u=root n=ansible | TASK [openstack.kolla.baremetal : Ensure /etc/cloud/cloud.cfg exists] **********
2023-02-21 13:44:58,233 p=5734 u=root n=ansible | ok: [localhost]
2023-02-21 13:44:58,348 p=5734 u=root n=ansible | TASK [openstack.kolla.baremetal : Disable cloud-init manage_etc_hosts] *********
2023-02-21 13:44:59,763 p=5734 u=root n=ansible | changed: [localhost]
2023-02-21 13:44:59,854 p=5734 u=root n=ansible | TASK [openstack.kolla.baremetal : Set firewall default policy] *****************
2023-02-21 13:44:59,943 p=5734 u=root n=ansible | skipping: [localhost]
2023-02-21 13:45:00,049 p=5734 u=root n=ansible | TASK [openstack.kolla.baremetal : Check if firewalld is installed] *************
2023-02-21 13:45:01,220 p=5734 u=root n=ansible | ok: [localhost]
2023-02-21 13:45:01,321 p=5734 u=root n=ansible | TASK [openstack.kolla.baremetal : Disable firewalld] ***************************
2023-02-21 13:45:01,412 p=5734 u=root n=ansible | skipping: [localhost] => (item=firewalld) 
2023-02-21 13:45:01,512 p=5734 u=root n=ansible | TASK [openstack.kolla.docker : Fail if docker_custom_option is defined] ********
2023-02-21 13:45:01,743 p=5734 u=root n=ansible | skipping: [localhost]
2023-02-21 13:45:01,850 p=5734 u=root n=ansible | TASK [openstack.kolla.docker : include_tasks] **********************************
2023-02-21 13:45:01,914 p=5734 u=root n=ansible | skipping: [localhost]
2023-02-21 13:45:02,029 p=5734 u=root n=ansible | TASK [openstack.kolla.docker : Ensure docker config directory exists] **********
2023-02-21 13:45:03,071 p=5734 u=root n=ansible | ok: [localhost]
2023-02-21 13:45:03,161 p=5734 u=root n=ansible | TASK [openstack.kolla.docker : Write docker config] ****************************
2023-02-21 13:45:04,564 p=5734 u=root n=ansible | changed: [localhost]
2023-02-21 13:45:04,682 p=5734 u=root n=ansible | TASK [openstack.kolla.docker : Remove old docker options file] *****************
2023-02-21 13:45:05,219 p=5734 u=root n=ansible | ok: [localhost]
2023-02-21 13:45:05,307 p=5734 u=root n=ansible | TASK [openstack.kolla.docker : Ensure docker service directory exists] *********
2023-02-21 13:45:05,357 p=5734 u=root n=ansible | skipping: [localhost]
2023-02-21 13:45:05,452 p=5734 u=root n=ansible | TASK [openstack.kolla.docker : Configure docker service] ***********************
2023-02-21 13:45:05,502 p=5734 u=root n=ansible | skipping: [localhost]
2023-02-21 13:45:05,595 p=5734 u=root n=ansible | TASK [openstack.kolla.docker : Ensure the path for CA file for private registry exists] ***
2023-02-21 13:45:05,648 p=5734 u=root n=ansible | skipping: [localhost]
2023-02-21 13:45:05,737 p=5734 u=root n=ansible | TASK [openstack.kolla.docker : Ensure the CA file for private registry exists] ***
2023-02-21 13:45:05,788 p=5734 u=root n=ansible | skipping: [localhost]
2023-02-21 13:45:05,876 p=5734 u=root n=ansible | TASK [openstack.kolla.docker : Flush handlers] *********************************
2023-02-21 13:45:05,877 p=5734 u=root n=ansible | RUNNING HANDLER [openstack.kolla.docker : Restart docker] **********************
2023-02-21 13:45:12,191 p=5734 u=root n=ansible | changed: [localhost]
2023-02-21 13:45:12,292 p=5734 u=root n=ansible | TASK [openstack.kolla.docker : Start and enable docker] ************************
2023-02-21 13:45:13,312 p=5734 u=root n=ansible | ok: [localhost]
2023-02-21 13:45:13,399 p=5734 u=root n=ansible | TASK [openstack.kolla.docker : include_tasks] **********************************
2023-02-21 13:45:13,461 p=5734 u=root n=ansible | skipping: [localhost]
2023-02-21 13:45:13,636 p=5734 u=root n=ansible | TASK [openstack.kolla.kolla_user : Ensure groups are present] ******************
2023-02-21 13:45:13,709 p=5734 u=root n=ansible | skipping: [localhost] => (item=docker) 
2023-02-21 13:45:13,721 p=5734 u=root n=ansible | skipping: [localhost] => (item=sudo) 
2023-02-21 13:45:13,731 p=5734 u=root n=ansible | skipping: [localhost] => (item=kolla) 
2023-02-21 13:45:13,843 p=5734 u=root n=ansible | TASK [openstack.kolla.kolla_user : Create kolla user] **************************
2023-02-21 13:45:13,893 p=5734 u=root n=ansible | skipping: [localhost]
2023-02-21 13:45:13,995 p=5734 u=root n=ansible | TASK [openstack.kolla.kolla_user : Add public key to kolla user authorized keys] ***
2023-02-21 13:45:14,042 p=5734 u=root n=ansible | skipping: [localhost]
2023-02-21 13:45:14,151 p=5734 u=root n=ansible | TASK [openstack.kolla.kolla_user : Grant kolla user passwordless sudo] *********
2023-02-21 13:45:14,212 p=5734 u=root n=ansible | skipping: [localhost]
2023-02-21 13:45:14,519 p=5734 u=root n=ansible | TASK [openstack.kolla.docker_sdk : Install latest pip in the virtualenv] *******
2023-02-21 13:45:14,606 p=5734 u=root n=ansible | skipping: [localhost]
2023-02-21 13:45:14,743 p=5734 u=root n=ansible | TASK [openstack.kolla.docker_sdk : Install docker SDK for python] **************
2023-02-21 13:45:25,365 p=5734 u=root n=ansible | ok: [localhost]
2023-02-21 13:45:25,552 p=5734 u=root n=ansible | TASK [openstack.kolla.baremetal : Ensure node_config_directory directory exists] ***
2023-02-21 13:45:26,088 p=5734 u=root n=ansible | ok: [localhost]
2023-02-21 13:45:26,184 p=5734 u=root n=ansible | TASK [openstack.kolla.apparmor_libvirt : include_tasks] ************************
2023-02-21 13:45:26,231 p=5734 u=root n=ansible | skipping: [localhost]
2023-02-21 13:45:26,453 p=5734 u=root n=ansible | TASK [openstack.kolla.baremetal : Change state of selinux] *********************
2023-02-21 13:45:28,049 p=5734 u=root n=ansible | ok: [localhost]
2023-02-21 13:45:28,202 p=5734 u=root n=ansible | TASK [openstack.kolla.baremetal : Set https proxy for git] *********************
2023-02-21 13:45:28,256 p=5734 u=root n=ansible | skipping: [localhost]
2023-02-21 13:45:28,401 p=5734 u=root n=ansible | TASK [openstack.kolla.baremetal : Set http proxy for git] **********************
2023-02-21 13:45:28,464 p=5734 u=root n=ansible | skipping: [localhost]
2023-02-21 13:45:28,613 p=5734 u=root n=ansible | TASK [openstack.kolla.baremetal : include_tasks] *******************************
2023-02-21 13:45:28,673 p=5734 u=root n=ansible | skipping: [localhost]
2023-02-21 13:45:29,093 p=5734 u=root n=ansible | PLAY RECAP *********************************************************************
2023-02-21 13:45:29,094 p=5734 u=root n=ansible | localhost                  : ok=17   changed=6    unreachable=0    failed=0    skipped=18   rescued=0    ignored=0   
