2023-03-07 21:39:45,504 p=5759 u=root n=ansible | [WARNING]: Invalid characters were found in group names but not replaced, use
-vvvv to see details

2023-03-07 21:39:47,653 p=5759 u=root n=ansible | PLAY [Gather facts for all hosts] **********************************************
2023-03-07 21:39:47,963 p=5759 u=root n=ansible | TASK [Gather facts] ************************************************************
2023-03-07 21:39:56,862 p=5759 u=root n=ansible | ok: [localhost]
2023-03-07 21:39:56,942 p=5759 u=root n=ansible | TASK [Group hosts to determine when using --limit] *****************************
2023-03-07 21:39:57,014 p=5759 u=root n=ansible | ok: [localhost]
2023-03-07 21:39:57,271 p=5759 u=root n=ansible | [WARNING]: Could not match supplied host pattern, ignoring:
all_using_limit_True

2023-03-07 21:39:57,281 p=5759 u=root n=ansible | PLAY [Gather facts for all hosts (if using --limit)] ***************************
2023-03-07 21:39:57,282 p=5759 u=root n=ansible | skipping: no hosts matched
2023-03-07 21:39:57,293 p=5759 u=root n=ansible | PLAY [Apply role baremetal] ****************************************************
2023-03-07 21:39:57,516 p=5759 u=root n=ansible | TASK [openstack.kolla.baremetal : Ensure localhost in /etc/hosts] **************
2023-03-07 21:39:58,370 p=5759 u=root n=ansible | changed: [localhost]
2023-03-07 21:39:58,455 p=5759 u=root n=ansible | TASK [openstack.kolla.baremetal : Ensure hostname does not point to 127.0.1.1 in /etc/hosts] ***
2023-03-07 21:39:58,938 p=5759 u=root n=ansible | ok: [localhost]
2023-03-07 21:39:59,058 p=5759 u=root n=ansible | TASK [openstack.kolla.baremetal : Generate /etc/hosts for all of the nodes] ****
2023-03-07 21:40:00,595 p=5759 u=root n=ansible | changed: [localhost]
2023-03-07 21:40:00,683 p=5759 u=root n=ansible | TASK [openstack.kolla.baremetal : Ensure unprivileged users can use ping] ******
2023-03-07 21:40:01,592 p=5759 u=root n=ansible | changed: [localhost]
2023-03-07 21:40:01,680 p=5759 u=root n=ansible | TASK [openstack.kolla.baremetal : Ensure /etc/cloud/cloud.cfg exists] **********
2023-03-07 21:40:02,730 p=5759 u=root n=ansible | ok: [localhost]
2023-03-07 21:40:02,834 p=5759 u=root n=ansible | TASK [openstack.kolla.baremetal : Disable cloud-init manage_etc_hosts] *********
2023-03-07 21:40:04,521 p=5759 u=root n=ansible | changed: [localhost]
2023-03-07 21:40:04,622 p=5759 u=root n=ansible | TASK [openstack.kolla.baremetal : Set firewall default policy] *****************
2023-03-07 21:40:04,704 p=5759 u=root n=ansible | skipping: [localhost]
2023-03-07 21:40:04,849 p=5759 u=root n=ansible | TASK [openstack.kolla.baremetal : Check if firewalld is installed] *************
2023-03-07 21:40:06,015 p=5759 u=root n=ansible | ok: [localhost]
2023-03-07 21:40:06,167 p=5759 u=root n=ansible | TASK [openstack.kolla.baremetal : Disable firewalld] ***************************
2023-03-07 21:40:06,253 p=5759 u=root n=ansible | skipping: [localhost] => (item=firewalld) 
2023-03-07 21:40:06,392 p=5759 u=root n=ansible | TASK [openstack.kolla.docker : Fail if docker_custom_option is defined] ********
2023-03-07 21:40:06,488 p=5759 u=root n=ansible | skipping: [localhost]
2023-03-07 21:40:06,578 p=5759 u=root n=ansible | TASK [openstack.kolla.docker : include_tasks] **********************************
2023-03-07 21:40:06,618 p=5759 u=root n=ansible | skipping: [localhost]
2023-03-07 21:40:06,708 p=5759 u=root n=ansible | TASK [openstack.kolla.docker : Ensure docker config directory exists] **********
2023-03-07 21:40:07,582 p=5759 u=root n=ansible | ok: [localhost]
2023-03-07 21:40:07,688 p=5759 u=root n=ansible | TASK [openstack.kolla.docker : Write docker config] ****************************
2023-03-07 21:40:08,912 p=5759 u=root n=ansible | changed: [localhost]
2023-03-07 21:40:09,024 p=5759 u=root n=ansible | TASK [openstack.kolla.docker : Remove old docker options file] *****************
2023-03-07 21:40:09,657 p=5759 u=root n=ansible | ok: [localhost]
2023-03-07 21:40:09,757 p=5759 u=root n=ansible | TASK [openstack.kolla.docker : Ensure docker service directory exists] *********
2023-03-07 21:40:09,808 p=5759 u=root n=ansible | skipping: [localhost]
2023-03-07 21:40:09,908 p=5759 u=root n=ansible | TASK [openstack.kolla.docker : Configure docker service] ***********************
2023-03-07 21:40:09,986 p=5759 u=root n=ansible | skipping: [localhost]
2023-03-07 21:40:10,080 p=5759 u=root n=ansible | TASK [openstack.kolla.docker : Ensure the path for CA file for private registry exists] ***
2023-03-07 21:40:10,128 p=5759 u=root n=ansible | skipping: [localhost]
2023-03-07 21:40:10,227 p=5759 u=root n=ansible | TASK [openstack.kolla.docker : Ensure the CA file for private registry exists] ***
2023-03-07 21:40:10,295 p=5759 u=root n=ansible | skipping: [localhost]
2023-03-07 21:40:10,393 p=5759 u=root n=ansible | TASK [openstack.kolla.docker : Flush handlers] *********************************
2023-03-07 21:40:10,394 p=5759 u=root n=ansible | RUNNING HANDLER [openstack.kolla.docker : Restart docker] **********************
2023-03-07 21:40:14,094 p=5759 u=root n=ansible | changed: [localhost]
2023-03-07 21:40:14,208 p=5759 u=root n=ansible | TASK [openstack.kolla.docker : Start and enable docker] ************************
2023-03-07 21:40:15,215 p=5759 u=root n=ansible | ok: [localhost]
2023-03-07 21:40:15,314 p=5759 u=root n=ansible | TASK [openstack.kolla.docker : include_tasks] **********************************
2023-03-07 21:40:15,354 p=5759 u=root n=ansible | skipping: [localhost]
2023-03-07 21:40:15,526 p=5759 u=root n=ansible | TASK [openstack.kolla.kolla_user : Ensure groups are present] ******************
2023-03-07 21:40:15,577 p=5759 u=root n=ansible | skipping: [localhost] => (item=docker) 
2023-03-07 21:40:15,583 p=5759 u=root n=ansible | skipping: [localhost] => (item=sudo) 
2023-03-07 21:40:15,588 p=5759 u=root n=ansible | skipping: [localhost] => (item=kolla) 
2023-03-07 21:40:15,683 p=5759 u=root n=ansible | TASK [openstack.kolla.kolla_user : Create kolla user] **************************
2023-03-07 21:40:15,763 p=5759 u=root n=ansible | skipping: [localhost]
2023-03-07 21:40:15,881 p=5759 u=root n=ansible | TASK [openstack.kolla.kolla_user : Add public key to kolla user authorized keys] ***
2023-03-07 21:40:15,938 p=5759 u=root n=ansible | skipping: [localhost]
2023-03-07 21:40:16,079 p=5759 u=root n=ansible | TASK [openstack.kolla.kolla_user : Grant kolla user passwordless sudo] *********
2023-03-07 21:40:16,152 p=5759 u=root n=ansible | skipping: [localhost]
2023-03-07 21:40:16,449 p=5759 u=root n=ansible | TASK [openstack.kolla.docker_sdk : Install latest pip in the virtualenv] *******
2023-03-07 21:40:16,543 p=5759 u=root n=ansible | skipping: [localhost]
2023-03-07 21:40:16,633 p=5759 u=root n=ansible | TASK [openstack.kolla.docker_sdk : Install docker SDK for python] **************
2023-03-07 21:40:43,476 p=5759 u=root n=ansible | ok: [localhost]
2023-03-07 21:40:43,641 p=5759 u=root n=ansible | TASK [openstack.kolla.baremetal : Ensure node_config_directory directory exists] ***
2023-03-07 21:40:44,228 p=5759 u=root n=ansible | ok: [localhost]
2023-03-07 21:40:44,318 p=5759 u=root n=ansible | TASK [openstack.kolla.apparmor_libvirt : include_tasks] ************************
2023-03-07 21:40:44,359 p=5759 u=root n=ansible | skipping: [localhost]
2023-03-07 21:40:44,526 p=5759 u=root n=ansible | TASK [openstack.kolla.baremetal : Change state of selinux] *********************
2023-03-07 21:40:46,050 p=5759 u=root n=ansible | ok: [localhost]
2023-03-07 21:40:46,133 p=5759 u=root n=ansible | TASK [openstack.kolla.baremetal : Set https proxy for git] *********************
2023-03-07 21:40:46,175 p=5759 u=root n=ansible | skipping: [localhost]
2023-03-07 21:40:46,257 p=5759 u=root n=ansible | TASK [openstack.kolla.baremetal : Set http proxy for git] **********************
2023-03-07 21:40:46,300 p=5759 u=root n=ansible | skipping: [localhost]
2023-03-07 21:40:46,383 p=5759 u=root n=ansible | TASK [openstack.kolla.baremetal : include_tasks] *******************************
2023-03-07 21:40:46,423 p=5759 u=root n=ansible | skipping: [localhost]
2023-03-07 21:40:46,672 p=5759 u=root n=ansible | PLAY RECAP *********************************************************************
2023-03-07 21:40:46,673 p=5759 u=root n=ansible | localhost                  : ok=17   changed=6    unreachable=0    failed=0    skipped=18   rescued=0    ignored=0   
