2023-03-14 20:25:49,389 p=6144 u=root n=ansible | [WARNING]: Invalid characters were found in group names but not replaced, use
-vvvv to see details

2023-03-14 20:25:51,128 p=6144 u=root n=ansible | PLAY [Gather facts for all hosts] **********************************************
2023-03-14 20:25:51,436 p=6144 u=root n=ansible | TASK [Gather facts] ************************************************************
2023-03-14 20:25:55,154 p=6144 u=root n=ansible | ok: [localhost]
2023-03-14 20:25:55,242 p=6144 u=root n=ansible | TASK [Group hosts to determine when using --limit] *****************************
2023-03-14 20:25:55,323 p=6144 u=root n=ansible | ok: [localhost]
2023-03-14 20:25:55,537 p=6144 u=root n=ansible | [WARNING]: Could not match supplied host pattern, ignoring:
all_using_limit_True

2023-03-14 20:25:55,547 p=6144 u=root n=ansible | PLAY [Gather facts for all hosts (if using --limit)] ***************************
2023-03-14 20:25:55,547 p=6144 u=root n=ansible | skipping: no hosts matched
2023-03-14 20:25:55,556 p=6144 u=root n=ansible | PLAY [Apply role baremetal] ****************************************************
2023-03-14 20:25:55,808 p=6144 u=root n=ansible | TASK [openstack.kolla.baremetal : Ensure localhost in /etc/hosts] **************
2023-03-14 20:25:56,761 p=6144 u=root n=ansible | changed: [localhost]
2023-03-14 20:25:56,853 p=6144 u=root n=ansible | TASK [openstack.kolla.baremetal : Ensure hostname does not point to 127.0.1.1 in /etc/hosts] ***
2023-03-14 20:25:57,403 p=6144 u=root n=ansible | ok: [localhost]
2023-03-14 20:25:57,522 p=6144 u=root n=ansible | TASK [openstack.kolla.baremetal : Generate /etc/hosts for all of the nodes] ****
2023-03-14 20:25:59,161 p=6144 u=root n=ansible | changed: [localhost]
2023-03-14 20:25:59,294 p=6144 u=root n=ansible | TASK [openstack.kolla.baremetal : Ensure unprivileged users can use ping] ******
2023-03-14 20:26:00,316 p=6144 u=root n=ansible | changed: [localhost]
2023-03-14 20:26:00,411 p=6144 u=root n=ansible | TASK [openstack.kolla.baremetal : Ensure /etc/cloud/cloud.cfg exists] **********
2023-03-14 20:26:01,649 p=6144 u=root n=ansible | ok: [localhost]
2023-03-14 20:26:01,762 p=6144 u=root n=ansible | TASK [openstack.kolla.baremetal : Disable cloud-init manage_etc_hosts] *********
2023-03-14 20:26:03,117 p=6144 u=root n=ansible | changed: [localhost]
2023-03-14 20:26:03,202 p=6144 u=root n=ansible | TASK [openstack.kolla.baremetal : Set firewall default policy] *****************
2023-03-14 20:26:03,248 p=6144 u=root n=ansible | skipping: [localhost]
2023-03-14 20:26:03,338 p=6144 u=root n=ansible | TASK [openstack.kolla.baremetal : Check if firewalld is installed] *************
2023-03-14 20:26:04,224 p=6144 u=root n=ansible | ok: [localhost]
2023-03-14 20:26:04,369 p=6144 u=root n=ansible | TASK [openstack.kolla.baremetal : Disable firewalld] ***************************
2023-03-14 20:26:04,446 p=6144 u=root n=ansible | skipping: [localhost] => (item=firewalld) 
2023-03-14 20:26:04,535 p=6144 u=root n=ansible | TASK [openstack.kolla.docker : Fail if docker_custom_option is defined] ********
2023-03-14 20:26:04,586 p=6144 u=root n=ansible | skipping: [localhost]
2023-03-14 20:26:04,671 p=6144 u=root n=ansible | TASK [openstack.kolla.docker : include_tasks] **********************************
2023-03-14 20:26:04,711 p=6144 u=root n=ansible | skipping: [localhost]
2023-03-14 20:26:04,813 p=6144 u=root n=ansible | TASK [openstack.kolla.docker : Ensure docker config directory exists] **********
2023-03-14 20:26:05,848 p=6144 u=root n=ansible | ok: [localhost]
2023-03-14 20:26:05,944 p=6144 u=root n=ansible | TASK [openstack.kolla.docker : Write docker config] ****************************
2023-03-14 20:26:07,507 p=6144 u=root n=ansible | changed: [localhost]
2023-03-14 20:26:07,641 p=6144 u=root n=ansible | TASK [openstack.kolla.docker : Remove old docker options file] *****************
2023-03-14 20:26:08,391 p=6144 u=root n=ansible | ok: [localhost]
2023-03-14 20:26:08,532 p=6144 u=root n=ansible | TASK [openstack.kolla.docker : Ensure docker service directory exists] *********
2023-03-14 20:26:08,583 p=6144 u=root n=ansible | skipping: [localhost]
2023-03-14 20:26:08,679 p=6144 u=root n=ansible | TASK [openstack.kolla.docker : Configure docker service] ***********************
2023-03-14 20:26:08,735 p=6144 u=root n=ansible | skipping: [localhost]
2023-03-14 20:26:08,823 p=6144 u=root n=ansible | TASK [openstack.kolla.docker : Ensure the path for CA file for private registry exists] ***
2023-03-14 20:26:08,869 p=6144 u=root n=ansible | skipping: [localhost]
2023-03-14 20:26:08,959 p=6144 u=root n=ansible | TASK [openstack.kolla.docker : Ensure the CA file for private registry exists] ***
2023-03-14 20:26:09,012 p=6144 u=root n=ansible | skipping: [localhost]
2023-03-14 20:26:09,106 p=6144 u=root n=ansible | TASK [openstack.kolla.docker : Flush handlers] *********************************
2023-03-14 20:26:09,107 p=6144 u=root n=ansible | RUNNING HANDLER [openstack.kolla.docker : Restart docker] **********************
2023-03-14 20:26:14,285 p=6144 u=root n=ansible | changed: [localhost]
2023-03-14 20:26:14,377 p=6144 u=root n=ansible | TASK [openstack.kolla.docker : Start and enable docker] ************************
2023-03-14 20:26:15,268 p=6144 u=root n=ansible | ok: [localhost]
2023-03-14 20:26:15,366 p=6144 u=root n=ansible | TASK [openstack.kolla.docker : include_tasks] **********************************
2023-03-14 20:26:15,416 p=6144 u=root n=ansible | skipping: [localhost]
2023-03-14 20:26:15,656 p=6144 u=root n=ansible | TASK [openstack.kolla.kolla_user : Ensure groups are present] ******************
2023-03-14 20:26:15,773 p=6144 u=root n=ansible | skipping: [localhost] => (item=docker) 
2023-03-14 20:26:15,787 p=6144 u=root n=ansible | skipping: [localhost] => (item=sudo) 
2023-03-14 20:26:15,797 p=6144 u=root n=ansible | skipping: [localhost] => (item=kolla) 
2023-03-14 20:26:15,936 p=6144 u=root n=ansible | TASK [openstack.kolla.kolla_user : Create kolla user] **************************
2023-03-14 20:26:16,001 p=6144 u=root n=ansible | skipping: [localhost]
2023-03-14 20:26:16,155 p=6144 u=root n=ansible | TASK [openstack.kolla.kolla_user : Add public key to kolla user authorized keys] ***
2023-03-14 20:26:16,234 p=6144 u=root n=ansible | skipping: [localhost]
2023-03-14 20:26:16,389 p=6144 u=root n=ansible | TASK [openstack.kolla.kolla_user : Grant kolla user passwordless sudo] *********
2023-03-14 20:26:16,437 p=6144 u=root n=ansible | skipping: [localhost]
2023-03-14 20:26:16,616 p=6144 u=root n=ansible | TASK [openstack.kolla.docker_sdk : Install latest pip in the virtualenv] *******
2023-03-14 20:26:16,681 p=6144 u=root n=ansible | skipping: [localhost]
2023-03-14 20:26:16,773 p=6144 u=root n=ansible | TASK [openstack.kolla.docker_sdk : Install docker SDK for python] **************
2023-03-14 20:26:45,482 p=6144 u=root n=ansible | ok: [localhost]
2023-03-14 20:26:45,715 p=6144 u=root n=ansible | TASK [openstack.kolla.baremetal : Ensure node_config_directory directory exists] ***
2023-03-14 20:26:46,312 p=6144 u=root n=ansible | ok: [localhost]
2023-03-14 20:26:46,457 p=6144 u=root n=ansible | TASK [openstack.kolla.apparmor_libvirt : include_tasks] ************************
2023-03-14 20:26:46,513 p=6144 u=root n=ansible | skipping: [localhost]
2023-03-14 20:26:46,784 p=6144 u=root n=ansible | TASK [openstack.kolla.baremetal : Change state of selinux] *********************
2023-03-14 20:26:48,562 p=6144 u=root n=ansible | ok: [localhost]
2023-03-14 20:26:48,643 p=6144 u=root n=ansible | TASK [openstack.kolla.baremetal : Set https proxy for git] *********************
2023-03-14 20:26:48,682 p=6144 u=root n=ansible | skipping: [localhost]
2023-03-14 20:26:48,764 p=6144 u=root n=ansible | TASK [openstack.kolla.baremetal : Set http proxy for git] **********************
2023-03-14 20:26:48,801 p=6144 u=root n=ansible | skipping: [localhost]
2023-03-14 20:26:48,898 p=6144 u=root n=ansible | TASK [openstack.kolla.baremetal : include_tasks] *******************************
2023-03-14 20:26:48,949 p=6144 u=root n=ansible | skipping: [localhost]
2023-03-14 20:26:49,273 p=6144 u=root n=ansible | PLAY RECAP *********************************************************************
2023-03-14 20:26:49,273 p=6144 u=root n=ansible | localhost                  : ok=17   changed=6    unreachable=0    failed=0    skipped=18   rescued=0    ignored=0   
