2023-03-14 00:10:25,895 p=5766 u=root n=ansible | [WARNING]: Invalid characters were found in group names but not replaced, use
-vvvv to see details

2023-03-14 00:10:27,850 p=5766 u=root n=ansible | PLAY [Gather facts for all hosts] **********************************************
2023-03-14 00:10:28,128 p=5766 u=root n=ansible | TASK [Gather facts] ************************************************************
2023-03-14 00:10:31,749 p=5766 u=root n=ansible | ok: [localhost]
2023-03-14 00:10:31,833 p=5766 u=root n=ansible | TASK [Group hosts to determine when using --limit] *****************************
2023-03-14 00:10:31,912 p=5766 u=root n=ansible | ok: [localhost]
2023-03-14 00:10:32,130 p=5766 u=root n=ansible | [WARNING]: Could not match supplied host pattern, ignoring:
all_using_limit_True

2023-03-14 00:10:32,143 p=5766 u=root n=ansible | PLAY [Gather facts for all hosts (if using --limit)] ***************************
2023-03-14 00:10:32,144 p=5766 u=root n=ansible | skipping: no hosts matched
2023-03-14 00:10:32,157 p=5766 u=root n=ansible | PLAY [Apply role baremetal] ****************************************************
2023-03-14 00:10:32,414 p=5766 u=root n=ansible | TASK [openstack.kolla.baremetal : Ensure localhost in /etc/hosts] **************
2023-03-14 00:10:33,402 p=5766 u=root n=ansible | changed: [localhost]
2023-03-14 00:10:33,492 p=5766 u=root n=ansible | TASK [openstack.kolla.baremetal : Ensure hostname does not point to 127.0.1.1 in /etc/hosts] ***
2023-03-14 00:10:34,017 p=5766 u=root n=ansible | ok: [localhost]
2023-03-14 00:10:34,120 p=5766 u=root n=ansible | TASK [openstack.kolla.baremetal : Generate /etc/hosts for all of the nodes] ****
2023-03-14 00:10:35,723 p=5766 u=root n=ansible | changed: [localhost]
2023-03-14 00:10:35,842 p=5766 u=root n=ansible | TASK [openstack.kolla.baremetal : Ensure unprivileged users can use ping] ******
2023-03-14 00:10:36,858 p=5766 u=root n=ansible | changed: [localhost]
2023-03-14 00:10:36,966 p=5766 u=root n=ansible | TASK [openstack.kolla.baremetal : Ensure /etc/cloud/cloud.cfg exists] **********
2023-03-14 00:10:38,406 p=5766 u=root n=ansible | ok: [localhost]
2023-03-14 00:10:38,501 p=5766 u=root n=ansible | TASK [openstack.kolla.baremetal : Disable cloud-init manage_etc_hosts] *********
2023-03-14 00:10:39,968 p=5766 u=root n=ansible | changed: [localhost]
2023-03-14 00:10:40,058 p=5766 u=root n=ansible | TASK [openstack.kolla.baremetal : Set firewall default policy] *****************
2023-03-14 00:10:40,113 p=5766 u=root n=ansible | skipping: [localhost]
2023-03-14 00:10:40,205 p=5766 u=root n=ansible | TASK [openstack.kolla.baremetal : Check if firewalld is installed] *************
2023-03-14 00:10:41,164 p=5766 u=root n=ansible | ok: [localhost]
2023-03-14 00:10:41,253 p=5766 u=root n=ansible | TASK [openstack.kolla.baremetal : Disable firewalld] ***************************
2023-03-14 00:10:41,325 p=5766 u=root n=ansible | skipping: [localhost] => (item=firewalld) 
2023-03-14 00:10:41,413 p=5766 u=root n=ansible | TASK [openstack.kolla.docker : Fail if docker_custom_option is defined] ********
2023-03-14 00:10:41,509 p=5766 u=root n=ansible | skipping: [localhost]
2023-03-14 00:10:41,596 p=5766 u=root n=ansible | TASK [openstack.kolla.docker : include_tasks] **********************************
2023-03-14 00:10:41,651 p=5766 u=root n=ansible | skipping: [localhost]
2023-03-14 00:10:41,741 p=5766 u=root n=ansible | TASK [openstack.kolla.docker : Ensure docker config directory exists] **********
2023-03-14 00:10:42,923 p=5766 u=root n=ansible | ok: [localhost]
2023-03-14 00:10:43,014 p=5766 u=root n=ansible | TASK [openstack.kolla.docker : Write docker config] ****************************
2023-03-14 00:10:44,484 p=5766 u=root n=ansible | changed: [localhost]
2023-03-14 00:10:44,573 p=5766 u=root n=ansible | TASK [openstack.kolla.docker : Remove old docker options file] *****************
2023-03-14 00:10:45,165 p=5766 u=root n=ansible | ok: [localhost]
2023-03-14 00:10:45,264 p=5766 u=root n=ansible | TASK [openstack.kolla.docker : Ensure docker service directory exists] *********
2023-03-14 00:10:45,314 p=5766 u=root n=ansible | skipping: [localhost]
2023-03-14 00:10:45,417 p=5766 u=root n=ansible | TASK [openstack.kolla.docker : Configure docker service] ***********************
2023-03-14 00:10:45,467 p=5766 u=root n=ansible | skipping: [localhost]
2023-03-14 00:10:45,567 p=5766 u=root n=ansible | TASK [openstack.kolla.docker : Ensure the path for CA file for private registry exists] ***
2023-03-14 00:10:45,616 p=5766 u=root n=ansible | skipping: [localhost]
2023-03-14 00:10:45,718 p=5766 u=root n=ansible | TASK [openstack.kolla.docker : Ensure the CA file for private registry exists] ***
2023-03-14 00:10:45,770 p=5766 u=root n=ansible | skipping: [localhost]
2023-03-14 00:10:45,863 p=5766 u=root n=ansible | TASK [openstack.kolla.docker : Flush handlers] *********************************
2023-03-14 00:10:45,863 p=5766 u=root n=ansible | RUNNING HANDLER [openstack.kolla.docker : Restart docker] **********************
2023-03-14 00:10:50,034 p=5766 u=root n=ansible | changed: [localhost]
2023-03-14 00:10:50,130 p=5766 u=root n=ansible | TASK [openstack.kolla.docker : Start and enable docker] ************************
2023-03-14 00:10:51,086 p=5766 u=root n=ansible | ok: [localhost]
2023-03-14 00:10:51,184 p=5766 u=root n=ansible | TASK [openstack.kolla.docker : include_tasks] **********************************
2023-03-14 00:10:51,228 p=5766 u=root n=ansible | skipping: [localhost]
2023-03-14 00:10:51,426 p=5766 u=root n=ansible | TASK [openstack.kolla.kolla_user : Ensure groups are present] ******************
2023-03-14 00:10:51,479 p=5766 u=root n=ansible | skipping: [localhost] => (item=docker) 
2023-03-14 00:10:51,483 p=5766 u=root n=ansible | skipping: [localhost] => (item=sudo) 
2023-03-14 00:10:51,494 p=5766 u=root n=ansible | skipping: [localhost] => (item=kolla) 
2023-03-14 00:10:51,612 p=5766 u=root n=ansible | TASK [openstack.kolla.kolla_user : Create kolla user] **************************
2023-03-14 00:10:51,664 p=5766 u=root n=ansible | skipping: [localhost]
2023-03-14 00:10:51,761 p=5766 u=root n=ansible | TASK [openstack.kolla.kolla_user : Add public key to kolla user authorized keys] ***
2023-03-14 00:10:51,815 p=5766 u=root n=ansible | skipping: [localhost]
2023-03-14 00:10:51,912 p=5766 u=root n=ansible | TASK [openstack.kolla.kolla_user : Grant kolla user passwordless sudo] *********
2023-03-14 00:10:51,972 p=5766 u=root n=ansible | skipping: [localhost]
2023-03-14 00:10:52,153 p=5766 u=root n=ansible | TASK [openstack.kolla.docker_sdk : Install latest pip in the virtualenv] *******
2023-03-14 00:10:52,220 p=5766 u=root n=ansible | skipping: [localhost]
2023-03-14 00:10:52,311 p=5766 u=root n=ansible | TASK [openstack.kolla.docker_sdk : Install docker SDK for python] **************
2023-03-14 00:11:18,334 p=5766 u=root n=ansible | ok: [localhost]
2023-03-14 00:11:18,504 p=5766 u=root n=ansible | TASK [openstack.kolla.baremetal : Ensure node_config_directory directory exists] ***
2023-03-14 00:11:19,066 p=5766 u=root n=ansible | ok: [localhost]
2023-03-14 00:11:19,166 p=5766 u=root n=ansible | TASK [openstack.kolla.apparmor_libvirt : include_tasks] ************************
2023-03-14 00:11:19,210 p=5766 u=root n=ansible | skipping: [localhost]
2023-03-14 00:11:19,378 p=5766 u=root n=ansible | TASK [openstack.kolla.baremetal : Change state of selinux] *********************
2023-03-14 00:11:21,096 p=5766 u=root n=ansible | ok: [localhost]
2023-03-14 00:11:21,214 p=5766 u=root n=ansible | TASK [openstack.kolla.baremetal : Set https proxy for git] *********************
2023-03-14 00:11:21,278 p=5766 u=root n=ansible | skipping: [localhost]
2023-03-14 00:11:21,393 p=5766 u=root n=ansible | TASK [openstack.kolla.baremetal : Set http proxy for git] **********************
2023-03-14 00:11:21,438 p=5766 u=root n=ansible | skipping: [localhost]
2023-03-14 00:11:21,527 p=5766 u=root n=ansible | TASK [openstack.kolla.baremetal : include_tasks] *******************************
2023-03-14 00:11:21,576 p=5766 u=root n=ansible | skipping: [localhost]
2023-03-14 00:11:21,839 p=5766 u=root n=ansible | PLAY RECAP *********************************************************************
2023-03-14 00:11:21,839 p=5766 u=root n=ansible | localhost                  : ok=17   changed=6    unreachable=0    failed=0    skipped=18   rescued=0    ignored=0   
