2023-02-10 18:55:51,204 p=5312 u=root n=ansible | [WARNING]: Invalid characters were found in group names but not replaced, use
-vvvv to see details

2023-02-10 18:55:53,179 p=5312 u=root n=ansible | PLAY [Gather facts for all hosts] **********************************************
2023-02-10 18:55:53,470 p=5312 u=root n=ansible | TASK [Gather facts] ************************************************************
2023-02-10 18:56:03,029 p=5312 u=root n=ansible | ok: [localhost]
2023-02-10 18:56:03,157 p=5312 u=root n=ansible | TASK [Group hosts to determine when using --limit] *****************************
2023-02-10 18:56:03,254 p=5312 u=root n=ansible | ok: [localhost]
2023-02-10 18:56:03,512 p=5312 u=root n=ansible | [WARNING]: Could not match supplied host pattern, ignoring:
all_using_limit_True

2023-02-10 18:56:03,525 p=5312 u=root n=ansible | PLAY [Gather facts for all hosts (if using --limit)] ***************************
2023-02-10 18:56:03,525 p=5312 u=root n=ansible | skipping: no hosts matched
2023-02-10 18:56:03,537 p=5312 u=root n=ansible | PLAY [Apply role baremetal] ****************************************************
2023-02-10 18:56:03,860 p=5312 u=root n=ansible | TASK [openstack.kolla.baremetal : Ensure localhost in /etc/hosts] **************
2023-02-10 18:56:04,897 p=5312 u=root n=ansible | changed: [localhost]
2023-02-10 18:56:05,002 p=5312 u=root n=ansible | TASK [openstack.kolla.baremetal : Ensure hostname does not point to 127.0.1.1 in /etc/hosts] ***
2023-02-10 18:56:05,576 p=5312 u=root n=ansible | ok: [localhost]
2023-02-10 18:56:05,705 p=5312 u=root n=ansible | TASK [openstack.kolla.baremetal : Generate /etc/hosts for all of the nodes] ****
2023-02-10 18:56:07,194 p=5312 u=root n=ansible | changed: [localhost]
2023-02-10 18:56:07,321 p=5312 u=root n=ansible | TASK [openstack.kolla.baremetal : Ensure unprivileged users can use ping] ******
2023-02-10 18:56:08,197 p=5312 u=root n=ansible | changed: [localhost]
2023-02-10 18:56:08,336 p=5312 u=root n=ansible | TASK [openstack.kolla.baremetal : Ensure /etc/cloud/cloud.cfg exists] **********
2023-02-10 18:56:09,364 p=5312 u=root n=ansible | ok: [localhost]
2023-02-10 18:56:09,450 p=5312 u=root n=ansible | TASK [openstack.kolla.baremetal : Disable cloud-init manage_etc_hosts] *********
2023-02-10 18:56:10,791 p=5312 u=root n=ansible | changed: [localhost]
2023-02-10 18:56:10,926 p=5312 u=root n=ansible | TASK [openstack.kolla.baremetal : Set firewall default policy] *****************
2023-02-10 18:56:10,973 p=5312 u=root n=ansible | skipping: [localhost]
2023-02-10 18:56:11,057 p=5312 u=root n=ansible | TASK [openstack.kolla.baremetal : Check if firewalld is installed] *************
2023-02-10 18:56:12,090 p=5312 u=root n=ansible | ok: [localhost]
2023-02-10 18:56:12,179 p=5312 u=root n=ansible | TASK [openstack.kolla.baremetal : Disable firewalld] ***************************
2023-02-10 18:56:12,262 p=5312 u=root n=ansible | skipping: [localhost] => (item=firewalld) 
2023-02-10 18:56:12,344 p=5312 u=root n=ansible | TASK [openstack.kolla.docker : Fail if docker_custom_option is defined] ********
2023-02-10 18:56:12,532 p=5312 u=root n=ansible | skipping: [localhost]
2023-02-10 18:56:12,674 p=5312 u=root n=ansible | TASK [openstack.kolla.docker : include_tasks] **********************************
2023-02-10 18:56:12,732 p=5312 u=root n=ansible | skipping: [localhost]
2023-02-10 18:56:12,873 p=5312 u=root n=ansible | TASK [openstack.kolla.docker : Ensure docker config directory exists] **********
2023-02-10 18:56:13,739 p=5312 u=root n=ansible | changed: [localhost]
2023-02-10 18:56:13,840 p=5312 u=root n=ansible | TASK [openstack.kolla.docker : Write docker config] ****************************
2023-02-10 18:56:15,030 p=5312 u=root n=ansible | changed: [localhost]
2023-02-10 18:56:15,109 p=5312 u=root n=ansible | TASK [openstack.kolla.docker : Remove old docker options file] *****************
2023-02-10 18:56:15,555 p=5312 u=root n=ansible | ok: [localhost]
2023-02-10 18:56:15,633 p=5312 u=root n=ansible | TASK [openstack.kolla.docker : Ensure docker service directory exists] *********
2023-02-10 18:56:15,676 p=5312 u=root n=ansible | skipping: [localhost]
2023-02-10 18:56:15,766 p=5312 u=root n=ansible | TASK [openstack.kolla.docker : Configure docker service] ***********************
2023-02-10 18:56:15,858 p=5312 u=root n=ansible | skipping: [localhost]
2023-02-10 18:56:15,997 p=5312 u=root n=ansible | TASK [openstack.kolla.docker : Ensure the path for CA file for private registry exists] ***
2023-02-10 18:56:16,102 p=5312 u=root n=ansible | skipping: [localhost]
2023-02-10 18:56:16,235 p=5312 u=root n=ansible | TASK [openstack.kolla.docker : Ensure the CA file for private registry exists] ***
2023-02-10 18:56:16,302 p=5312 u=root n=ansible | skipping: [localhost]
2023-02-10 18:56:16,435 p=5312 u=root n=ansible | TASK [openstack.kolla.docker : Flush handlers] *********************************
2023-02-10 18:56:16,436 p=5312 u=root n=ansible | RUNNING HANDLER [openstack.kolla.docker : Restart docker] **********************
2023-02-10 18:56:19,047 p=5312 u=root n=ansible | changed: [localhost]
2023-02-10 18:56:19,187 p=5312 u=root n=ansible | TASK [openstack.kolla.docker : Start and enable docker] ************************
2023-02-10 18:56:20,247 p=5312 u=root n=ansible | ok: [localhost]
2023-02-10 18:56:20,386 p=5312 u=root n=ansible | TASK [openstack.kolla.docker : include_tasks] **********************************
2023-02-10 18:56:20,450 p=5312 u=root n=ansible | skipping: [localhost]
2023-02-10 18:56:20,697 p=5312 u=root n=ansible | TASK [openstack.kolla.kolla_user : Ensure groups are present] ******************
2023-02-10 18:56:20,759 p=5312 u=root n=ansible | skipping: [localhost] => (item=docker) 
2023-02-10 18:56:20,769 p=5312 u=root n=ansible | skipping: [localhost] => (item=sudo) 
2023-02-10 18:56:20,778 p=5312 u=root n=ansible | skipping: [localhost] => (item=kolla) 
2023-02-10 18:56:20,905 p=5312 u=root n=ansible | TASK [openstack.kolla.kolla_user : Create kolla user] **************************
2023-02-10 18:56:20,964 p=5312 u=root n=ansible | skipping: [localhost]
2023-02-10 18:56:21,101 p=5312 u=root n=ansible | TASK [openstack.kolla.kolla_user : Add public key to kolla user authorized keys] ***
2023-02-10 18:56:21,161 p=5312 u=root n=ansible | skipping: [localhost]
2023-02-10 18:56:21,299 p=5312 u=root n=ansible | TASK [openstack.kolla.kolla_user : Grant kolla user passwordless sudo] *********
2023-02-10 18:56:21,362 p=5312 u=root n=ansible | skipping: [localhost]
2023-02-10 18:56:21,617 p=5312 u=root n=ansible | TASK [openstack.kolla.docker_sdk : Install latest pip in the virtualenv] *******
2023-02-10 18:56:21,706 p=5312 u=root n=ansible | skipping: [localhost]
2023-02-10 18:56:21,845 p=5312 u=root n=ansible | TASK [openstack.kolla.docker_sdk : Install docker SDK for python] **************
2023-02-10 18:56:29,651 p=5312 u=root n=ansible | ok: [localhost]
2023-02-10 18:56:29,957 p=5312 u=root n=ansible | TASK [openstack.kolla.baremetal : Ensure node_config_directory directory exists] ***
2023-02-10 18:56:30,530 p=5312 u=root n=ansible | ok: [localhost]
2023-02-10 18:56:30,758 p=5312 u=root n=ansible | TASK [openstack.kolla.apparmor_libvirt : include_tasks] ************************
2023-02-10 18:56:30,822 p=5312 u=root n=ansible | skipping: [localhost]
2023-02-10 18:56:31,161 p=5312 u=root n=ansible | TASK [openstack.kolla.baremetal : Change state of selinux] *********************
2023-02-10 18:56:32,547 p=5312 u=root n=ansible | ok: [localhost]
2023-02-10 18:56:32,774 p=5312 u=root n=ansible | TASK [openstack.kolla.baremetal : Set https proxy for git] *********************
2023-02-10 18:56:32,839 p=5312 u=root n=ansible | skipping: [localhost]
2023-02-10 18:56:33,100 p=5312 u=root n=ansible | TASK [openstack.kolla.baremetal : Set http proxy for git] **********************
2023-02-10 18:56:33,172 p=5312 u=root n=ansible | skipping: [localhost]
2023-02-10 18:56:33,353 p=5312 u=root n=ansible | TASK [openstack.kolla.baremetal : include_tasks] *******************************
2023-02-10 18:56:33,393 p=5312 u=root n=ansible | skipping: [localhost]
2023-02-10 18:56:33,771 p=5312 u=root n=ansible | PLAY RECAP *********************************************************************
2023-02-10 18:56:33,771 p=5312 u=root n=ansible | localhost                  : ok=17   changed=7    unreachable=0    failed=0    skipped=18   rescued=0    ignored=0   
