2023-02-24 09:57:41,766 p=5737 u=root n=ansible | [WARNING]: Invalid characters were found in group names but not replaced, use
-vvvv to see details

2023-02-24 09:57:46,556 p=5737 u=root n=ansible | PLAY [Gather facts for all hosts] **********************************************
2023-02-24 09:57:47,288 p=5737 u=root n=ansible | TASK [Gather facts] ************************************************************
2023-02-24 09:57:55,308 p=5737 u=root n=ansible | ok: [localhost]
2023-02-24 09:57:55,410 p=5737 u=root n=ansible | TASK [Group hosts to determine when using --limit] *****************************
2023-02-24 09:57:55,481 p=5737 u=root n=ansible | ok: [localhost]
2023-02-24 09:57:55,658 p=5737 u=root n=ansible | [WARNING]: Could not match supplied host pattern, ignoring:
all_using_limit_True

2023-02-24 09:57:55,670 p=5737 u=root n=ansible | PLAY [Gather facts for all hosts (if using --limit)] ***************************
2023-02-24 09:57:55,670 p=5737 u=root n=ansible | skipping: no hosts matched
2023-02-24 09:57:55,681 p=5737 u=root n=ansible | PLAY [Apply role baremetal] ****************************************************
2023-02-24 09:57:55,920 p=5737 u=root n=ansible | TASK [openstack.kolla.baremetal : Ensure localhost in /etc/hosts] **************
2023-02-24 09:57:56,930 p=5737 u=root n=ansible | changed: [localhost]
2023-02-24 09:57:57,033 p=5737 u=root n=ansible | TASK [openstack.kolla.baremetal : Ensure hostname does not point to 127.0.1.1 in /etc/hosts] ***
2023-02-24 09:57:57,604 p=5737 u=root n=ansible | ok: [localhost]
2023-02-24 09:57:57,726 p=5737 u=root n=ansible | TASK [openstack.kolla.baremetal : Generate /etc/hosts for all of the nodes] ****
2023-02-24 09:57:59,377 p=5737 u=root n=ansible | changed: [localhost]
2023-02-24 09:57:59,469 p=5737 u=root n=ansible | TASK [openstack.kolla.baremetal : Ensure unprivileged users can use ping] ******
2023-02-24 09:58:00,657 p=5737 u=root n=ansible | changed: [localhost]
2023-02-24 09:58:00,751 p=5737 u=root n=ansible | TASK [openstack.kolla.baremetal : Ensure /etc/cloud/cloud.cfg exists] **********
2023-02-24 09:58:02,521 p=5737 u=root n=ansible | ok: [localhost]
2023-02-24 09:58:02,699 p=5737 u=root n=ansible | TASK [openstack.kolla.baremetal : Disable cloud-init manage_etc_hosts] *********
2023-02-24 09:58:04,768 p=5737 u=root n=ansible | changed: [localhost]
2023-02-24 09:58:04,876 p=5737 u=root n=ansible | TASK [openstack.kolla.baremetal : Set firewall default policy] *****************
2023-02-24 09:58:04,975 p=5737 u=root n=ansible | skipping: [localhost]
2023-02-24 09:58:05,136 p=5737 u=root n=ansible | TASK [openstack.kolla.baremetal : Check if firewalld is installed] *************
2023-02-24 09:58:06,435 p=5737 u=root n=ansible | ok: [localhost]
2023-02-24 09:58:06,727 p=5737 u=root n=ansible | TASK [openstack.kolla.baremetal : Disable firewalld] ***************************
2023-02-24 09:58:06,863 p=5737 u=root n=ansible | skipping: [localhost] => (item=firewalld) 
2023-02-24 09:58:07,023 p=5737 u=root n=ansible | TASK [openstack.kolla.docker : Fail if docker_custom_option is defined] ********
2023-02-24 09:58:07,435 p=5737 u=root n=ansible | skipping: [localhost]
2023-02-24 09:58:07,587 p=5737 u=root n=ansible | TASK [openstack.kolla.docker : include_tasks] **********************************
2023-02-24 09:58:07,665 p=5737 u=root n=ansible | skipping: [localhost]
2023-02-24 09:58:07,761 p=5737 u=root n=ansible | TASK [openstack.kolla.docker : Ensure docker config directory exists] **********
2023-02-24 09:58:08,858 p=5737 u=root n=ansible | ok: [localhost]
2023-02-24 09:58:09,011 p=5737 u=root n=ansible | TASK [openstack.kolla.docker : Write docker config] ****************************
2023-02-24 09:58:10,601 p=5737 u=root n=ansible | changed: [localhost]
2023-02-24 09:58:10,696 p=5737 u=root n=ansible | TASK [openstack.kolla.docker : Remove old docker options file] *****************
2023-02-24 09:58:11,299 p=5737 u=root n=ansible | ok: [localhost]
2023-02-24 09:58:11,396 p=5737 u=root n=ansible | TASK [openstack.kolla.docker : Ensure docker service directory exists] *********
2023-02-24 09:58:11,458 p=5737 u=root n=ansible | skipping: [localhost]
2023-02-24 09:58:11,585 p=5737 u=root n=ansible | TASK [openstack.kolla.docker : Configure docker service] ***********************
2023-02-24 09:58:11,661 p=5737 u=root n=ansible | skipping: [localhost]
2023-02-24 09:58:11,764 p=5737 u=root n=ansible | TASK [openstack.kolla.docker : Ensure the path for CA file for private registry exists] ***
2023-02-24 09:58:11,836 p=5737 u=root n=ansible | skipping: [localhost]
2023-02-24 09:58:11,934 p=5737 u=root n=ansible | TASK [openstack.kolla.docker : Ensure the CA file for private registry exists] ***
2023-02-24 09:58:12,019 p=5737 u=root n=ansible | skipping: [localhost]
2023-02-24 09:58:12,125 p=5737 u=root n=ansible | TASK [openstack.kolla.docker : Flush handlers] *********************************
2023-02-24 09:58:12,126 p=5737 u=root n=ansible | RUNNING HANDLER [openstack.kolla.docker : Restart docker] **********************
2023-02-24 09:58:19,798 p=5737 u=root n=ansible | changed: [localhost]
2023-02-24 09:58:19,911 p=5737 u=root n=ansible | TASK [openstack.kolla.docker : Start and enable docker] ************************
2023-02-24 09:58:21,156 p=5737 u=root n=ansible | ok: [localhost]
2023-02-24 09:58:21,330 p=5737 u=root n=ansible | TASK [openstack.kolla.docker : include_tasks] **********************************
2023-02-24 09:58:21,417 p=5737 u=root n=ansible | skipping: [localhost]
2023-02-24 09:58:21,714 p=5737 u=root n=ansible | TASK [openstack.kolla.kolla_user : Ensure groups are present] ******************
2023-02-24 09:58:21,818 p=5737 u=root n=ansible | skipping: [localhost] => (item=docker) 
2023-02-24 09:58:21,825 p=5737 u=root n=ansible | skipping: [localhost] => (item=sudo) 
2023-02-24 09:58:21,841 p=5737 u=root n=ansible | skipping: [localhost] => (item=kolla) 
2023-02-24 09:58:21,959 p=5737 u=root n=ansible | TASK [openstack.kolla.kolla_user : Create kolla user] **************************
2023-02-24 09:58:22,029 p=5737 u=root n=ansible | skipping: [localhost]
2023-02-24 09:58:22,131 p=5737 u=root n=ansible | TASK [openstack.kolla.kolla_user : Add public key to kolla user authorized keys] ***
2023-02-24 09:58:22,202 p=5737 u=root n=ansible | skipping: [localhost]
2023-02-24 09:58:22,326 p=5737 u=root n=ansible | TASK [openstack.kolla.kolla_user : Grant kolla user passwordless sudo] *********
2023-02-24 09:58:22,393 p=5737 u=root n=ansible | skipping: [localhost]
2023-02-24 09:58:22,592 p=5737 u=root n=ansible | TASK [openstack.kolla.docker_sdk : Install latest pip in the virtualenv] *******
2023-02-24 09:58:22,651 p=5737 u=root n=ansible | skipping: [localhost]
2023-02-24 09:58:22,780 p=5737 u=root n=ansible | TASK [openstack.kolla.docker_sdk : Install docker SDK for python] **************
2023-02-24 09:59:07,966 p=5737 u=root n=ansible | ok: [localhost]
2023-02-24 09:59:08,200 p=5737 u=root n=ansible | TASK [openstack.kolla.baremetal : Ensure node_config_directory directory exists] ***
2023-02-24 09:59:09,022 p=5737 u=root n=ansible | ok: [localhost]
2023-02-24 09:59:09,173 p=5737 u=root n=ansible | TASK [openstack.kolla.apparmor_libvirt : include_tasks] ************************
2023-02-24 09:59:09,224 p=5737 u=root n=ansible | skipping: [localhost]
2023-02-24 09:59:09,528 p=5737 u=root n=ansible | TASK [openstack.kolla.baremetal : Change state of selinux] *********************
2023-02-24 09:59:11,335 p=5737 u=root n=ansible | ok: [localhost]
2023-02-24 09:59:11,420 p=5737 u=root n=ansible | TASK [openstack.kolla.baremetal : Set https proxy for git] *********************
2023-02-24 09:59:11,478 p=5737 u=root n=ansible | skipping: [localhost]
2023-02-24 09:59:11,613 p=5737 u=root n=ansible | TASK [openstack.kolla.baremetal : Set http proxy for git] **********************
2023-02-24 09:59:11,666 p=5737 u=root n=ansible | skipping: [localhost]
2023-02-24 09:59:11,801 p=5737 u=root n=ansible | TASK [openstack.kolla.baremetal : include_tasks] *******************************
2023-02-24 09:59:11,995 p=5737 u=root n=ansible | skipping: [localhost]
2023-02-24 09:59:12,355 p=5737 u=root n=ansible | PLAY RECAP *********************************************************************
2023-02-24 09:59:12,356 p=5737 u=root n=ansible | localhost                  : ok=17   changed=6    unreachable=0    failed=0    skipped=18   rescued=0    ignored=0   
