2023-02-16 20:05:47,663 p=5756 u=root n=ansible | [WARNING]: Invalid characters were found in group names but not replaced, use
-vvvv to see details

2023-02-16 20:05:49,534 p=5756 u=root n=ansible | PLAY [Gather facts for all hosts] **********************************************
2023-02-16 20:05:49,799 p=5756 u=root n=ansible | TASK [Gather facts] ************************************************************
2023-02-16 20:05:58,618 p=5756 u=root n=ansible | ok: [localhost]
2023-02-16 20:05:58,758 p=5756 u=root n=ansible | TASK [Group hosts to determine when using --limit] *****************************
2023-02-16 20:05:58,830 p=5756 u=root n=ansible | ok: [localhost]
2023-02-16 20:05:59,003 p=5756 u=root n=ansible | [WARNING]: Could not match supplied host pattern, ignoring:
all_using_limit_True

2023-02-16 20:05:59,012 p=5756 u=root n=ansible | PLAY [Gather facts for all hosts (if using --limit)] ***************************
2023-02-16 20:05:59,013 p=5756 u=root n=ansible | skipping: no hosts matched
2023-02-16 20:05:59,021 p=5756 u=root n=ansible | PLAY [Apply role baremetal] ****************************************************
2023-02-16 20:05:59,229 p=5756 u=root n=ansible | TASK [openstack.kolla.baremetal : Ensure localhost in /etc/hosts] **************
2023-02-16 20:06:00,082 p=5756 u=root n=ansible | changed: [localhost]
2023-02-16 20:06:00,164 p=5756 u=root n=ansible | TASK [openstack.kolla.baremetal : Ensure hostname does not point to 127.0.1.1 in /etc/hosts] ***
2023-02-16 20:06:00,882 p=5756 u=root n=ansible | ok: [localhost]
2023-02-16 20:06:00,981 p=5756 u=root n=ansible | TASK [openstack.kolla.baremetal : Generate /etc/hosts for all of the nodes] ****
2023-02-16 20:06:02,318 p=5756 u=root n=ansible | changed: [localhost]
2023-02-16 20:06:02,402 p=5756 u=root n=ansible | TASK [openstack.kolla.baremetal : Ensure unprivileged users can use ping] ******
2023-02-16 20:06:03,413 p=5756 u=root n=ansible | changed: [localhost]
2023-02-16 20:06:03,507 p=5756 u=root n=ansible | TASK [openstack.kolla.baremetal : Ensure /etc/cloud/cloud.cfg exists] **********
2023-02-16 20:06:04,665 p=5756 u=root n=ansible | ok: [localhost]
2023-02-16 20:06:04,889 p=5756 u=root n=ansible | TASK [openstack.kolla.baremetal : Disable cloud-init manage_etc_hosts] *********
2023-02-16 20:06:06,293 p=5756 u=root n=ansible | changed: [localhost]
2023-02-16 20:06:06,376 p=5756 u=root n=ansible | TASK [openstack.kolla.baremetal : Set firewall default policy] *****************
2023-02-16 20:06:06,421 p=5756 u=root n=ansible | skipping: [localhost]
2023-02-16 20:06:06,516 p=5756 u=root n=ansible | TASK [openstack.kolla.baremetal : Check if firewalld is installed] *************
2023-02-16 20:06:07,727 p=5756 u=root n=ansible | ok: [localhost]
2023-02-16 20:06:07,889 p=5756 u=root n=ansible | TASK [openstack.kolla.baremetal : Disable firewalld] ***************************
2023-02-16 20:06:07,999 p=5756 u=root n=ansible | skipping: [localhost] => (item=firewalld) 
2023-02-16 20:06:08,163 p=5756 u=root n=ansible | TASK [openstack.kolla.docker : Fail if docker_custom_option is defined] ********
2023-02-16 20:06:08,278 p=5756 u=root n=ansible | skipping: [localhost]
2023-02-16 20:06:08,403 p=5756 u=root n=ansible | TASK [openstack.kolla.docker : include_tasks] **********************************
2023-02-16 20:06:08,469 p=5756 u=root n=ansible | skipping: [localhost]
2023-02-16 20:06:08,661 p=5756 u=root n=ansible | TASK [openstack.kolla.docker : Ensure docker config directory exists] **********
2023-02-16 20:06:09,671 p=5756 u=root n=ansible | ok: [localhost]
2023-02-16 20:06:09,751 p=5756 u=root n=ansible | TASK [openstack.kolla.docker : Write docker config] ****************************
2023-02-16 20:06:11,051 p=5756 u=root n=ansible | changed: [localhost]
2023-02-16 20:06:11,158 p=5756 u=root n=ansible | TASK [openstack.kolla.docker : Remove old docker options file] *****************
2023-02-16 20:06:11,698 p=5756 u=root n=ansible | ok: [localhost]
2023-02-16 20:06:11,781 p=5756 u=root n=ansible | TASK [openstack.kolla.docker : Ensure docker service directory exists] *********
2023-02-16 20:06:11,827 p=5756 u=root n=ansible | skipping: [localhost]
2023-02-16 20:06:11,917 p=5756 u=root n=ansible | TASK [openstack.kolla.docker : Configure docker service] ***********************
2023-02-16 20:06:11,964 p=5756 u=root n=ansible | skipping: [localhost]
2023-02-16 20:06:12,047 p=5756 u=root n=ansible | TASK [openstack.kolla.docker : Ensure the path for CA file for private registry exists] ***
2023-02-16 20:06:12,101 p=5756 u=root n=ansible | skipping: [localhost]
2023-02-16 20:06:12,189 p=5756 u=root n=ansible | TASK [openstack.kolla.docker : Ensure the CA file for private registry exists] ***
2023-02-16 20:06:12,242 p=5756 u=root n=ansible | skipping: [localhost]
2023-02-16 20:06:12,330 p=5756 u=root n=ansible | TASK [openstack.kolla.docker : Flush handlers] *********************************
2023-02-16 20:06:12,331 p=5756 u=root n=ansible | RUNNING HANDLER [openstack.kolla.docker : Restart docker] **********************
2023-02-16 20:06:16,313 p=5756 u=root n=ansible | changed: [localhost]
2023-02-16 20:06:16,417 p=5756 u=root n=ansible | TASK [openstack.kolla.docker : Start and enable docker] ************************
2023-02-16 20:06:17,357 p=5756 u=root n=ansible | ok: [localhost]
2023-02-16 20:06:17,473 p=5756 u=root n=ansible | TASK [openstack.kolla.docker : include_tasks] **********************************
2023-02-16 20:06:17,522 p=5756 u=root n=ansible | skipping: [localhost]
2023-02-16 20:06:17,732 p=5756 u=root n=ansible | TASK [openstack.kolla.kolla_user : Ensure groups are present] ******************
2023-02-16 20:06:17,807 p=5756 u=root n=ansible | skipping: [localhost] => (item=docker) 
2023-02-16 20:06:17,822 p=5756 u=root n=ansible | skipping: [localhost] => (item=sudo) 
2023-02-16 20:06:17,829 p=5756 u=root n=ansible | skipping: [localhost] => (item=kolla) 
2023-02-16 20:06:17,965 p=5756 u=root n=ansible | TASK [openstack.kolla.kolla_user : Create kolla user] **************************
2023-02-16 20:06:18,011 p=5756 u=root n=ansible | skipping: [localhost]
2023-02-16 20:06:18,104 p=5756 u=root n=ansible | TASK [openstack.kolla.kolla_user : Add public key to kolla user authorized keys] ***
2023-02-16 20:06:18,150 p=5756 u=root n=ansible | skipping: [localhost]
2023-02-16 20:06:18,281 p=5756 u=root n=ansible | TASK [openstack.kolla.kolla_user : Grant kolla user passwordless sudo] *********
2023-02-16 20:06:18,326 p=5756 u=root n=ansible | skipping: [localhost]
2023-02-16 20:06:18,551 p=5756 u=root n=ansible | TASK [openstack.kolla.docker_sdk : Install latest pip in the virtualenv] *******
2023-02-16 20:06:18,625 p=5756 u=root n=ansible | skipping: [localhost]
2023-02-16 20:06:18,744 p=5756 u=root n=ansible | TASK [openstack.kolla.docker_sdk : Install docker SDK for python] **************
2023-02-16 20:06:27,135 p=5756 u=root n=ansible | ok: [localhost]
2023-02-16 20:06:27,305 p=5756 u=root n=ansible | TASK [openstack.kolla.baremetal : Ensure node_config_directory directory exists] ***
2023-02-16 20:06:27,823 p=5756 u=root n=ansible | ok: [localhost]
2023-02-16 20:06:27,905 p=5756 u=root n=ansible | TASK [openstack.kolla.apparmor_libvirt : include_tasks] ************************
2023-02-16 20:06:27,959 p=5756 u=root n=ansible | skipping: [localhost]
2023-02-16 20:06:28,132 p=5756 u=root n=ansible | TASK [openstack.kolla.baremetal : Change state of selinux] *********************
2023-02-16 20:06:29,594 p=5756 u=root n=ansible | ok: [localhost]
2023-02-16 20:06:29,677 p=5756 u=root n=ansible | TASK [openstack.kolla.baremetal : Set https proxy for git] *********************
2023-02-16 20:06:29,719 p=5756 u=root n=ansible | skipping: [localhost]
2023-02-16 20:06:29,806 p=5756 u=root n=ansible | TASK [openstack.kolla.baremetal : Set http proxy for git] **********************
2023-02-16 20:06:29,848 p=5756 u=root n=ansible | skipping: [localhost]
2023-02-16 20:06:29,953 p=5756 u=root n=ansible | TASK [openstack.kolla.baremetal : include_tasks] *******************************
2023-02-16 20:06:29,994 p=5756 u=root n=ansible | skipping: [localhost]
2023-02-16 20:06:30,233 p=5756 u=root n=ansible | PLAY RECAP *********************************************************************
2023-02-16 20:06:30,233 p=5756 u=root n=ansible | localhost                  : ok=17   changed=6    unreachable=0    failed=0    skipped=18   rescued=0    ignored=0   
