2023-02-17 05:41:07,837 p=5727 u=root n=ansible | [WARNING]: Invalid characters were found in group names but not replaced, use
-vvvv to see details

2023-02-17 05:41:09,631 p=5727 u=root n=ansible | PLAY [Gather facts for all hosts] **********************************************
2023-02-17 05:41:09,983 p=5727 u=root n=ansible | TASK [Gather facts] ************************************************************
2023-02-17 05:41:13,239 p=5727 u=root n=ansible | ok: [localhost]
2023-02-17 05:41:13,325 p=5727 u=root n=ansible | TASK [Group hosts to determine when using --limit] *****************************
2023-02-17 05:41:13,386 p=5727 u=root n=ansible | ok: [localhost]
2023-02-17 05:41:13,551 p=5727 u=root n=ansible | [WARNING]: Could not match supplied host pattern, ignoring:
all_using_limit_True

2023-02-17 05:41:13,561 p=5727 u=root n=ansible | PLAY [Gather facts for all hosts (if using --limit)] ***************************
2023-02-17 05:41:13,561 p=5727 u=root n=ansible | skipping: no hosts matched
2023-02-17 05:41:13,569 p=5727 u=root n=ansible | PLAY [Apply role baremetal] ****************************************************
2023-02-17 05:41:13,776 p=5727 u=root n=ansible | TASK [openstack.kolla.baremetal : Ensure localhost in /etc/hosts] **************
2023-02-17 05:41:14,560 p=5727 u=root n=ansible | changed: [localhost]
2023-02-17 05:41:14,645 p=5727 u=root n=ansible | TASK [openstack.kolla.baremetal : Ensure hostname does not point to 127.0.1.1 in /etc/hosts] ***
2023-02-17 05:41:15,131 p=5727 u=root n=ansible | ok: [localhost]
2023-02-17 05:41:15,217 p=5727 u=root n=ansible | TASK [openstack.kolla.baremetal : Generate /etc/hosts for all of the nodes] ****
2023-02-17 05:41:16,668 p=5727 u=root n=ansible | changed: [localhost]
2023-02-17 05:41:16,750 p=5727 u=root n=ansible | TASK [openstack.kolla.baremetal : Ensure unprivileged users can use ping] ******
2023-02-17 05:41:17,544 p=5727 u=root n=ansible | changed: [localhost]
2023-02-17 05:41:17,636 p=5727 u=root n=ansible | TASK [openstack.kolla.baremetal : Ensure /etc/cloud/cloud.cfg exists] **********
2023-02-17 05:41:18,534 p=5727 u=root n=ansible | ok: [localhost]
2023-02-17 05:41:18,647 p=5727 u=root n=ansible | TASK [openstack.kolla.baremetal : Disable cloud-init manage_etc_hosts] *********
2023-02-17 05:41:19,949 p=5727 u=root n=ansible | changed: [localhost]
2023-02-17 05:41:20,066 p=5727 u=root n=ansible | TASK [openstack.kolla.baremetal : Set firewall default policy] *****************
2023-02-17 05:41:20,125 p=5727 u=root n=ansible | skipping: [localhost]
2023-02-17 05:41:20,257 p=5727 u=root n=ansible | TASK [openstack.kolla.baremetal : Check if firewalld is installed] *************
2023-02-17 05:41:21,316 p=5727 u=root n=ansible | ok: [localhost]
2023-02-17 05:41:21,414 p=5727 u=root n=ansible | TASK [openstack.kolla.baremetal : Disable firewalld] ***************************
2023-02-17 05:41:21,483 p=5727 u=root n=ansible | skipping: [localhost] => (item=firewalld) 
2023-02-17 05:41:21,580 p=5727 u=root n=ansible | TASK [openstack.kolla.docker : Fail if docker_custom_option is defined] ********
2023-02-17 05:41:21,662 p=5727 u=root n=ansible | skipping: [localhost]
2023-02-17 05:41:21,818 p=5727 u=root n=ansible | TASK [openstack.kolla.docker : include_tasks] **********************************
2023-02-17 05:41:21,879 p=5727 u=root n=ansible | skipping: [localhost]
2023-02-17 05:41:22,026 p=5727 u=root n=ansible | TASK [openstack.kolla.docker : Ensure docker config directory exists] **********
2023-02-17 05:41:22,929 p=5727 u=root n=ansible | ok: [localhost]
2023-02-17 05:41:23,028 p=5727 u=root n=ansible | TASK [openstack.kolla.docker : Write docker config] ****************************
2023-02-17 05:41:24,256 p=5727 u=root n=ansible | changed: [localhost]
2023-02-17 05:41:24,353 p=5727 u=root n=ansible | TASK [openstack.kolla.docker : Remove old docker options file] *****************
2023-02-17 05:41:24,833 p=5727 u=root n=ansible | ok: [localhost]
2023-02-17 05:41:24,917 p=5727 u=root n=ansible | TASK [openstack.kolla.docker : Ensure docker service directory exists] *********
2023-02-17 05:41:24,963 p=5727 u=root n=ansible | skipping: [localhost]
2023-02-17 05:41:25,056 p=5727 u=root n=ansible | TASK [openstack.kolla.docker : Configure docker service] ***********************
2023-02-17 05:41:25,147 p=5727 u=root n=ansible | skipping: [localhost]
2023-02-17 05:41:25,261 p=5727 u=root n=ansible | TASK [openstack.kolla.docker : Ensure the path for CA file for private registry exists] ***
2023-02-17 05:41:25,322 p=5727 u=root n=ansible | skipping: [localhost]
2023-02-17 05:41:25,436 p=5727 u=root n=ansible | TASK [openstack.kolla.docker : Ensure the CA file for private registry exists] ***
2023-02-17 05:41:25,485 p=5727 u=root n=ansible | skipping: [localhost]
2023-02-17 05:41:25,608 p=5727 u=root n=ansible | TASK [openstack.kolla.docker : Flush handlers] *********************************
2023-02-17 05:41:25,609 p=5727 u=root n=ansible | RUNNING HANDLER [openstack.kolla.docker : Restart docker] **********************
2023-02-17 05:41:30,063 p=5727 u=root n=ansible | changed: [localhost]
2023-02-17 05:41:30,148 p=5727 u=root n=ansible | TASK [openstack.kolla.docker : Start and enable docker] ************************
2023-02-17 05:41:30,985 p=5727 u=root n=ansible | ok: [localhost]
2023-02-17 05:41:31,087 p=5727 u=root n=ansible | TASK [openstack.kolla.docker : include_tasks] **********************************
2023-02-17 05:41:31,133 p=5727 u=root n=ansible | skipping: [localhost]
2023-02-17 05:41:31,307 p=5727 u=root n=ansible | TASK [openstack.kolla.kolla_user : Ensure groups are present] ******************
2023-02-17 05:41:31,354 p=5727 u=root n=ansible | skipping: [localhost] => (item=docker) 
2023-02-17 05:41:31,357 p=5727 u=root n=ansible | skipping: [localhost] => (item=sudo) 
2023-02-17 05:41:31,368 p=5727 u=root n=ansible | skipping: [localhost] => (item=kolla) 
2023-02-17 05:41:31,455 p=5727 u=root n=ansible | TASK [openstack.kolla.kolla_user : Create kolla user] **************************
2023-02-17 05:41:31,498 p=5727 u=root n=ansible | skipping: [localhost]
2023-02-17 05:41:31,586 p=5727 u=root n=ansible | TASK [openstack.kolla.kolla_user : Add public key to kolla user authorized keys] ***
2023-02-17 05:41:31,624 p=5727 u=root n=ansible | skipping: [localhost]
2023-02-17 05:41:31,710 p=5727 u=root n=ansible | TASK [openstack.kolla.kolla_user : Grant kolla user passwordless sudo] *********
2023-02-17 05:41:31,747 p=5727 u=root n=ansible | skipping: [localhost]
2023-02-17 05:41:31,912 p=5727 u=root n=ansible | TASK [openstack.kolla.docker_sdk : Install latest pip in the virtualenv] *******
2023-02-17 05:41:31,963 p=5727 u=root n=ansible | skipping: [localhost]
2023-02-17 05:41:32,049 p=5727 u=root n=ansible | TASK [openstack.kolla.docker_sdk : Install docker SDK for python] **************
2023-02-17 05:41:36,874 p=5727 u=root n=ansible | ok: [localhost]
2023-02-17 05:41:37,033 p=5727 u=root n=ansible | TASK [openstack.kolla.baremetal : Ensure node_config_directory directory exists] ***
2023-02-17 05:41:37,575 p=5727 u=root n=ansible | ok: [localhost]
2023-02-17 05:41:37,661 p=5727 u=root n=ansible | TASK [openstack.kolla.apparmor_libvirt : include_tasks] ************************
2023-02-17 05:41:37,699 p=5727 u=root n=ansible | skipping: [localhost]
2023-02-17 05:41:37,866 p=5727 u=root n=ansible | TASK [openstack.kolla.baremetal : Change state of selinux] *********************
2023-02-17 05:41:39,313 p=5727 u=root n=ansible | ok: [localhost]
2023-02-17 05:41:39,394 p=5727 u=root n=ansible | TASK [openstack.kolla.baremetal : Set https proxy for git] *********************
2023-02-17 05:41:39,438 p=5727 u=root n=ansible | skipping: [localhost]
2023-02-17 05:41:39,524 p=5727 u=root n=ansible | TASK [openstack.kolla.baremetal : Set http proxy for git] **********************
2023-02-17 05:41:39,565 p=5727 u=root n=ansible | skipping: [localhost]
2023-02-17 05:41:39,660 p=5727 u=root n=ansible | TASK [openstack.kolla.baremetal : include_tasks] *******************************
2023-02-17 05:41:39,701 p=5727 u=root n=ansible | skipping: [localhost]
2023-02-17 05:41:39,974 p=5727 u=root n=ansible | PLAY RECAP *********************************************************************
2023-02-17 05:41:39,978 p=5727 u=root n=ansible | localhost                  : ok=17   changed=6    unreachable=0    failed=0    skipped=18   rescued=0    ignored=0   
