2023-02-27 02:05:46,136 p=6066 u=root n=ansible | [WARNING]: Invalid characters were found in group names but not replaced, use
-vvvv to see details

2023-02-27 02:05:48,037 p=6066 u=root n=ansible | PLAY [Gather facts for all hosts] **********************************************
2023-02-27 02:05:48,360 p=6066 u=root n=ansible | TASK [Gather facts] ************************************************************
2023-02-27 02:05:52,274 p=6066 u=root n=ansible | ok: [localhost]
2023-02-27 02:05:52,372 p=6066 u=root n=ansible | TASK [Group hosts to determine when using --limit] *****************************
2023-02-27 02:05:52,445 p=6066 u=root n=ansible | ok: [localhost]
2023-02-27 02:05:52,622 p=6066 u=root n=ansible | [WARNING]: Could not match supplied host pattern, ignoring:
all_using_limit_True

2023-02-27 02:05:52,632 p=6066 u=root n=ansible | PLAY [Gather facts for all hosts (if using --limit)] ***************************
2023-02-27 02:05:52,632 p=6066 u=root n=ansible | skipping: no hosts matched
2023-02-27 02:05:52,641 p=6066 u=root n=ansible | PLAY [Apply role baremetal] ****************************************************
2023-02-27 02:05:52,853 p=6066 u=root n=ansible | TASK [openstack.kolla.baremetal : Ensure localhost in /etc/hosts] **************
2023-02-27 02:05:53,749 p=6066 u=root n=ansible | changed: [localhost]
2023-02-27 02:05:53,855 p=6066 u=root n=ansible | TASK [openstack.kolla.baremetal : Ensure hostname does not point to 127.0.1.1 in /etc/hosts] ***
2023-02-27 02:05:54,400 p=6066 u=root n=ansible | ok: [localhost]
2023-02-27 02:05:54,563 p=6066 u=root n=ansible | TASK [openstack.kolla.baremetal : Generate /etc/hosts for all of the nodes] ****
2023-02-27 02:05:56,166 p=6066 u=root n=ansible | changed: [localhost]
2023-02-27 02:05:56,282 p=6066 u=root n=ansible | TASK [openstack.kolla.baremetal : Ensure unprivileged users can use ping] ******
2023-02-27 02:05:57,191 p=6066 u=root n=ansible | changed: [localhost]
2023-02-27 02:05:57,279 p=6066 u=root n=ansible | TASK [openstack.kolla.baremetal : Ensure /etc/cloud/cloud.cfg exists] **********
2023-02-27 02:05:58,283 p=6066 u=root n=ansible | ok: [localhost]
2023-02-27 02:05:58,385 p=6066 u=root n=ansible | TASK [openstack.kolla.baremetal : Disable cloud-init manage_etc_hosts] *********
2023-02-27 02:06:00,022 p=6066 u=root n=ansible | changed: [localhost]
2023-02-27 02:06:00,162 p=6066 u=root n=ansible | TASK [openstack.kolla.baremetal : Set firewall default policy] *****************
2023-02-27 02:06:00,212 p=6066 u=root n=ansible | skipping: [localhost]
2023-02-27 02:06:00,321 p=6066 u=root n=ansible | TASK [openstack.kolla.baremetal : Check if firewalld is installed] *************
2023-02-27 02:06:01,285 p=6066 u=root n=ansible | ok: [localhost]
2023-02-27 02:06:01,468 p=6066 u=root n=ansible | TASK [openstack.kolla.baremetal : Disable firewalld] ***************************
2023-02-27 02:06:01,629 p=6066 u=root n=ansible | skipping: [localhost] => (item=firewalld) 
2023-02-27 02:06:01,783 p=6066 u=root n=ansible | TASK [openstack.kolla.docker : Fail if docker_custom_option is defined] ********
2023-02-27 02:06:01,903 p=6066 u=root n=ansible | skipping: [localhost]
2023-02-27 02:06:02,044 p=6066 u=root n=ansible | TASK [openstack.kolla.docker : include_tasks] **********************************
2023-02-27 02:06:02,090 p=6066 u=root n=ansible | skipping: [localhost]
2023-02-27 02:06:02,182 p=6066 u=root n=ansible | TASK [openstack.kolla.docker : Ensure docker config directory exists] **********
2023-02-27 02:06:03,325 p=6066 u=root n=ansible | ok: [localhost]
2023-02-27 02:06:03,459 p=6066 u=root n=ansible | TASK [openstack.kolla.docker : Write docker config] ****************************
2023-02-27 02:06:04,698 p=6066 u=root n=ansible | changed: [localhost]
2023-02-27 02:06:04,838 p=6066 u=root n=ansible | TASK [openstack.kolla.docker : Remove old docker options file] *****************
2023-02-27 02:06:05,425 p=6066 u=root n=ansible | ok: [localhost]
2023-02-27 02:06:05,522 p=6066 u=root n=ansible | TASK [openstack.kolla.docker : Ensure docker service directory exists] *********
2023-02-27 02:06:05,584 p=6066 u=root n=ansible | skipping: [localhost]
2023-02-27 02:06:05,684 p=6066 u=root n=ansible | TASK [openstack.kolla.docker : Configure docker service] ***********************
2023-02-27 02:06:05,760 p=6066 u=root n=ansible | skipping: [localhost]
2023-02-27 02:06:05,876 p=6066 u=root n=ansible | TASK [openstack.kolla.docker : Ensure the path for CA file for private registry exists] ***
2023-02-27 02:06:05,948 p=6066 u=root n=ansible | skipping: [localhost]
2023-02-27 02:06:06,047 p=6066 u=root n=ansible | TASK [openstack.kolla.docker : Ensure the CA file for private registry exists] ***
2023-02-27 02:06:06,126 p=6066 u=root n=ansible | skipping: [localhost]
2023-02-27 02:06:06,219 p=6066 u=root n=ansible | TASK [openstack.kolla.docker : Flush handlers] *********************************
2023-02-27 02:06:06,219 p=6066 u=root n=ansible | RUNNING HANDLER [openstack.kolla.docker : Restart docker] **********************
2023-02-27 02:06:10,325 p=6066 u=root n=ansible | changed: [localhost]
2023-02-27 02:06:10,474 p=6066 u=root n=ansible | TASK [openstack.kolla.docker : Start and enable docker] ************************
2023-02-27 02:06:11,449 p=6066 u=root n=ansible | ok: [localhost]
2023-02-27 02:06:11,554 p=6066 u=root n=ansible | TASK [openstack.kolla.docker : include_tasks] **********************************
2023-02-27 02:06:11,606 p=6066 u=root n=ansible | skipping: [localhost]
2023-02-27 02:06:11,789 p=6066 u=root n=ansible | TASK [openstack.kolla.kolla_user : Ensure groups are present] ******************
2023-02-27 02:06:11,852 p=6066 u=root n=ansible | skipping: [localhost] => (item=docker) 
2023-02-27 02:06:11,861 p=6066 u=root n=ansible | skipping: [localhost] => (item=sudo) 
2023-02-27 02:06:11,868 p=6066 u=root n=ansible | skipping: [localhost] => (item=kolla) 
2023-02-27 02:06:11,964 p=6066 u=root n=ansible | TASK [openstack.kolla.kolla_user : Create kolla user] **************************
2023-02-27 02:06:12,015 p=6066 u=root n=ansible | skipping: [localhost]
2023-02-27 02:06:12,115 p=6066 u=root n=ansible | TASK [openstack.kolla.kolla_user : Add public key to kolla user authorized keys] ***
2023-02-27 02:06:12,167 p=6066 u=root n=ansible | skipping: [localhost]
2023-02-27 02:06:12,261 p=6066 u=root n=ansible | TASK [openstack.kolla.kolla_user : Grant kolla user passwordless sudo] *********
2023-02-27 02:06:12,311 p=6066 u=root n=ansible | skipping: [localhost]
2023-02-27 02:06:12,489 p=6066 u=root n=ansible | TASK [openstack.kolla.docker_sdk : Install latest pip in the virtualenv] *******
2023-02-27 02:06:12,558 p=6066 u=root n=ansible | skipping: [localhost]
2023-02-27 02:06:12,658 p=6066 u=root n=ansible | TASK [openstack.kolla.docker_sdk : Install docker SDK for python] **************
2023-02-27 02:06:39,074 p=6066 u=root n=ansible | ok: [localhost]
2023-02-27 02:06:39,253 p=6066 u=root n=ansible | TASK [openstack.kolla.baremetal : Ensure node_config_directory directory exists] ***
2023-02-27 02:06:39,892 p=6066 u=root n=ansible | ok: [localhost]
2023-02-27 02:06:39,982 p=6066 u=root n=ansible | TASK [openstack.kolla.apparmor_libvirt : include_tasks] ************************
2023-02-27 02:06:40,028 p=6066 u=root n=ansible | skipping: [localhost]
2023-02-27 02:06:40,205 p=6066 u=root n=ansible | TASK [openstack.kolla.baremetal : Change state of selinux] *********************
2023-02-27 02:06:42,195 p=6066 u=root n=ansible | ok: [localhost]
2023-02-27 02:06:42,288 p=6066 u=root n=ansible | TASK [openstack.kolla.baremetal : Set https proxy for git] *********************
2023-02-27 02:06:42,340 p=6066 u=root n=ansible | skipping: [localhost]
2023-02-27 02:06:42,427 p=6066 u=root n=ansible | TASK [openstack.kolla.baremetal : Set http proxy for git] **********************
2023-02-27 02:06:42,477 p=6066 u=root n=ansible | skipping: [localhost]
2023-02-27 02:06:42,573 p=6066 u=root n=ansible | TASK [openstack.kolla.baremetal : include_tasks] *******************************
2023-02-27 02:06:42,622 p=6066 u=root n=ansible | skipping: [localhost]
2023-02-27 02:06:42,881 p=6066 u=root n=ansible | PLAY RECAP *********************************************************************
2023-02-27 02:06:42,882 p=6066 u=root n=ansible | localhost                  : ok=17   changed=6    unreachable=0    failed=0    skipped=18   rescued=0    ignored=0   
