2023-03-13 22:53:55,448 p=5760 u=root n=ansible | [WARNING]: Invalid characters were found in group names but not replaced, use
-vvvv to see details

2023-03-13 22:53:57,495 p=5760 u=root n=ansible | PLAY [Gather facts for all hosts] **********************************************
2023-03-13 22:53:57,855 p=5760 u=root n=ansible | TASK [Gather facts] ************************************************************
2023-03-13 22:54:02,404 p=5760 u=root n=ansible | ok: [localhost]
2023-03-13 22:54:02,494 p=5760 u=root n=ansible | TASK [Group hosts to determine when using --limit] *****************************
2023-03-13 22:54:02,572 p=5760 u=root n=ansible | ok: [localhost]
2023-03-13 22:54:02,760 p=5760 u=root n=ansible | [WARNING]: Could not match supplied host pattern, ignoring:
all_using_limit_True

2023-03-13 22:54:02,770 p=5760 u=root n=ansible | PLAY [Gather facts for all hosts (if using --limit)] ***************************
2023-03-13 22:54:02,770 p=5760 u=root n=ansible | skipping: no hosts matched
2023-03-13 22:54:02,778 p=5760 u=root n=ansible | PLAY [Apply role baremetal] ****************************************************
2023-03-13 22:54:02,987 p=5760 u=root n=ansible | TASK [openstack.kolla.baremetal : Ensure localhost in /etc/hosts] **************
2023-03-13 22:54:03,934 p=5760 u=root n=ansible | changed: [localhost]
2023-03-13 22:54:04,019 p=5760 u=root n=ansible | TASK [openstack.kolla.baremetal : Ensure hostname does not point to 127.0.1.1 in /etc/hosts] ***
2023-03-13 22:54:04,520 p=5760 u=root n=ansible | ok: [localhost]
2023-03-13 22:54:04,632 p=5760 u=root n=ansible | TASK [openstack.kolla.baremetal : Generate /etc/hosts for all of the nodes] ****
2023-03-13 22:54:06,085 p=5760 u=root n=ansible | changed: [localhost]
2023-03-13 22:54:06,262 p=5760 u=root n=ansible | TASK [openstack.kolla.baremetal : Ensure unprivileged users can use ping] ******
2023-03-13 22:54:07,165 p=5760 u=root n=ansible | changed: [localhost]
2023-03-13 22:54:07,250 p=5760 u=root n=ansible | TASK [openstack.kolla.baremetal : Ensure /etc/cloud/cloud.cfg exists] **********
2023-03-13 22:54:08,097 p=5760 u=root n=ansible | ok: [localhost]
2023-03-13 22:54:08,324 p=5760 u=root n=ansible | TASK [openstack.kolla.baremetal : Disable cloud-init manage_etc_hosts] *********
2023-03-13 22:54:10,183 p=5760 u=root n=ansible | changed: [localhost]
2023-03-13 22:54:10,293 p=5760 u=root n=ansible | TASK [openstack.kolla.baremetal : Set firewall default policy] *****************
2023-03-13 22:54:10,354 p=5760 u=root n=ansible | skipping: [localhost]
2023-03-13 22:54:10,441 p=5760 u=root n=ansible | TASK [openstack.kolla.baremetal : Check if firewalld is installed] *************
2023-03-13 22:54:11,297 p=5760 u=root n=ansible | ok: [localhost]
2023-03-13 22:54:11,390 p=5760 u=root n=ansible | TASK [openstack.kolla.baremetal : Disable firewalld] ***************************
2023-03-13 22:54:11,462 p=5760 u=root n=ansible | skipping: [localhost] => (item=firewalld) 
2023-03-13 22:54:11,551 p=5760 u=root n=ansible | TASK [openstack.kolla.docker : Fail if docker_custom_option is defined] ********
2023-03-13 22:54:11,631 p=5760 u=root n=ansible | skipping: [localhost]
2023-03-13 22:54:11,734 p=5760 u=root n=ansible | TASK [openstack.kolla.docker : include_tasks] **********************************
2023-03-13 22:54:11,783 p=5760 u=root n=ansible | skipping: [localhost]
2023-03-13 22:54:11,948 p=5760 u=root n=ansible | TASK [openstack.kolla.docker : Ensure docker config directory exists] **********
2023-03-13 22:54:12,960 p=5760 u=root n=ansible | ok: [localhost]
2023-03-13 22:54:13,090 p=5760 u=root n=ansible | TASK [openstack.kolla.docker : Write docker config] ****************************
2023-03-13 22:54:14,315 p=5760 u=root n=ansible | changed: [localhost]
2023-03-13 22:54:14,470 p=5760 u=root n=ansible | TASK [openstack.kolla.docker : Remove old docker options file] *****************
2023-03-13 22:54:14,939 p=5760 u=root n=ansible | ok: [localhost]
2023-03-13 22:54:15,028 p=5760 u=root n=ansible | TASK [openstack.kolla.docker : Ensure docker service directory exists] *********
2023-03-13 22:54:15,093 p=5760 u=root n=ansible | skipping: [localhost]
2023-03-13 22:54:15,208 p=5760 u=root n=ansible | TASK [openstack.kolla.docker : Configure docker service] ***********************
2023-03-13 22:54:15,275 p=5760 u=root n=ansible | skipping: [localhost]
2023-03-13 22:54:15,364 p=5760 u=root n=ansible | TASK [openstack.kolla.docker : Ensure the path for CA file for private registry exists] ***
2023-03-13 22:54:15,420 p=5760 u=root n=ansible | skipping: [localhost]
2023-03-13 22:54:15,512 p=5760 u=root n=ansible | TASK [openstack.kolla.docker : Ensure the CA file for private registry exists] ***
2023-03-13 22:54:15,562 p=5760 u=root n=ansible | skipping: [localhost]
2023-03-13 22:54:15,654 p=5760 u=root n=ansible | TASK [openstack.kolla.docker : Flush handlers] *********************************
2023-03-13 22:54:15,655 p=5760 u=root n=ansible | RUNNING HANDLER [openstack.kolla.docker : Restart docker] **********************
2023-03-13 22:54:19,974 p=5760 u=root n=ansible | changed: [localhost]
2023-03-13 22:54:20,088 p=5760 u=root n=ansible | TASK [openstack.kolla.docker : Start and enable docker] ************************
2023-03-13 22:54:21,059 p=5760 u=root n=ansible | ok: [localhost]
2023-03-13 22:54:21,207 p=5760 u=root n=ansible | TASK [openstack.kolla.docker : include_tasks] **********************************
2023-03-13 22:54:21,278 p=5760 u=root n=ansible | skipping: [localhost]
2023-03-13 22:54:21,623 p=5760 u=root n=ansible | TASK [openstack.kolla.kolla_user : Ensure groups are present] ******************
2023-03-13 22:54:21,704 p=5760 u=root n=ansible | skipping: [localhost] => (item=docker) 
2023-03-13 22:54:21,713 p=5760 u=root n=ansible | skipping: [localhost] => (item=sudo) 
2023-03-13 22:54:21,724 p=5760 u=root n=ansible | skipping: [localhost] => (item=kolla) 
2023-03-13 22:54:21,880 p=5760 u=root n=ansible | TASK [openstack.kolla.kolla_user : Create kolla user] **************************
2023-03-13 22:54:21,942 p=5760 u=root n=ansible | skipping: [localhost]
2023-03-13 22:54:22,033 p=5760 u=root n=ansible | TASK [openstack.kolla.kolla_user : Add public key to kolla user authorized keys] ***
2023-03-13 22:54:22,075 p=5760 u=root n=ansible | skipping: [localhost]
2023-03-13 22:54:22,202 p=5760 u=root n=ansible | TASK [openstack.kolla.kolla_user : Grant kolla user passwordless sudo] *********
2023-03-13 22:54:22,253 p=5760 u=root n=ansible | skipping: [localhost]
2023-03-13 22:54:22,472 p=5760 u=root n=ansible | TASK [openstack.kolla.docker_sdk : Install latest pip in the virtualenv] *******
2023-03-13 22:54:22,542 p=5760 u=root n=ansible | skipping: [localhost]
2023-03-13 22:54:22,653 p=5760 u=root n=ansible | TASK [openstack.kolla.docker_sdk : Install docker SDK for python] **************
2023-03-13 22:54:48,620 p=5760 u=root n=ansible | ok: [localhost]
2023-03-13 22:54:48,888 p=5760 u=root n=ansible | TASK [openstack.kolla.baremetal : Ensure node_config_directory directory exists] ***
2023-03-13 22:54:49,470 p=5760 u=root n=ansible | ok: [localhost]
2023-03-13 22:54:49,559 p=5760 u=root n=ansible | TASK [openstack.kolla.apparmor_libvirt : include_tasks] ************************
2023-03-13 22:54:49,594 p=5760 u=root n=ansible | skipping: [localhost]
2023-03-13 22:54:49,784 p=5760 u=root n=ansible | TASK [openstack.kolla.baremetal : Change state of selinux] *********************
2023-03-13 22:54:51,225 p=5760 u=root n=ansible | ok: [localhost]
2023-03-13 22:54:51,335 p=5760 u=root n=ansible | TASK [openstack.kolla.baremetal : Set https proxy for git] *********************
2023-03-13 22:54:51,375 p=5760 u=root n=ansible | skipping: [localhost]
2023-03-13 22:54:51,454 p=5760 u=root n=ansible | TASK [openstack.kolla.baremetal : Set http proxy for git] **********************
2023-03-13 22:54:51,494 p=5760 u=root n=ansible | skipping: [localhost]
2023-03-13 22:54:51,587 p=5760 u=root n=ansible | TASK [openstack.kolla.baremetal : include_tasks] *******************************
2023-03-13 22:54:51,648 p=5760 u=root n=ansible | skipping: [localhost]
2023-03-13 22:54:51,919 p=5760 u=root n=ansible | PLAY RECAP *********************************************************************
2023-03-13 22:54:51,920 p=5760 u=root n=ansible | localhost                  : ok=17   changed=6    unreachable=0    failed=0    skipped=18   rescued=0    ignored=0   
