2023-02-13 21:55:08,150 p=25 u=ansible n=ansible | {
    "custom_stats": {},
    "global_custom_stats": {},
    "plays": [
        {
            "play": {
                "duration": {
                    "end": "2023-02-14T02:55:08.129820Z",
                    "start": "2023-02-14T02:55:06.866576Z"
                },
                "id": "fa163e96-8e55-711b-cd02-000000000007",
                "name": "Ansible Ad-Hoc"
            },
            "tasks": [
                {
                    "hosts": {
                        "localhost": {
                            "_ansible_no_log": null,
                            "action": "mysql_db",
                            "changed": true,
                            "db": "keystone",
                            "db_list": [
                                "keystone"
                            ],
                            "executed_commands": [
                                "CREATE DATABASE `keystone`"
                            ],
                            "invocation": {
                                "module_args": {
                                    "ca_cert": null,
                                    "check_hostname": null,
                                    "check_implicit_admin": false,
                                    "client_cert": null,
                                    "client_key": null,
                                    "collation": "",
                                    "config_file": "/var/lib/ansible/.my.cnf",
                                    "config_overrides_defaults": false,
                                    "connect_timeout": 30,
                                    "dump_extra_args": null,
                                    "encoding": "",
                                    "force": false,
                                    "hex_blob": false,
                                    "ignore_tables": [],
                                    "login_host": "169.16.1.147",
                                    "login_password": "VALUE_SPECIFIED_IN_NO_LOG_PARAMETER",
                                    "login_port": 3306,
                                    "login_unix_socket": null,
                                    "login_user": "root",
                                    "master_data": 0,
                                    "name": [
                                        "keystone"
                                    ],
                                    "quick": true,
                                    "restrict_config_file": false,
                                    "single_transaction": false,
                                    "skip_lock_tables": false,
                                    "state": "present",
                                    "target": null,
                                    "unsafe_login_password": false,
                                    "use_shell": false
                                }
                            }
                        }
                    },
                    "task": {
                        "duration": {
                            "end": "2023-02-14T02:55:08.129820Z",
                            "start": "2023-02-14T02:55:06.993424Z"
                        },
                        "id": "fa163e96-8e55-711b-cd02-000000000009",
                        "name": "mysql_db"
                    }
                }
            ]
        }
    ],
    "stats": {
        "localhost": {
            "changed": 1,
            "failures": 0,
            "ignored": 0,
            "ok": 1,
            "rescued": 0,
            "skipped": 0,
            "unreachable": 0
        }
    }
}
2023-02-13 21:55:12,216 p=50 u=ansible n=ansible | {
    "custom_stats": {},
    "global_custom_stats": {},
    "plays": [
        {
            "play": {
                "duration": {
                    "end": "2023-02-14T02:55:12.190240Z",
                    "start": "2023-02-14T02:55:10.939994Z"
                },
                "id": "fa163e96-8e55-1f66-cb5f-000000000007",
                "name": "Ansible Ad-Hoc"
            },
            "tasks": [
                {
                    "hosts": {
                        "localhost": {
                            "_ansible_no_log": null,
                            "action": "mysql_user",
                            "changed": true,
                            "invocation": {
                                "module_args": {
                                    "append_privs": true,
                                    "ca_cert": null,
                                    "check_hostname": null,
                                    "check_implicit_admin": false,
                                    "client_cert": null,
                                    "client_key": null,
                                    "config_file": "/var/lib/ansible/.my.cnf",
                                    "connect_timeout": 30,
                                    "encrypted": false,
                                    "host": "%",
                                    "host_all": false,
                                    "login_host": "169.16.1.147",
                                    "login_password": "VALUE_SPECIFIED_IN_NO_LOG_PARAMETER",
                                    "login_port": 3306,
                                    "login_unix_socket": null,
                                    "login_user": "root",
                                    "name": "keystone",
                                    "password": "VALUE_SPECIFIED_IN_NO_LOG_PARAMETER",
                                    "plugin": null,
                                    "plugin_auth_string": null,
                                    "plugin_hash_string": null,
                                    "priv": "keystone.*:ALL",
                                    "resource_limits": null,
                                    "sql_log_bin": true,
                                    "state": "present",
                                    "tls_requires": null,
                                    "update_password": "always",
                                    "user": "keystone"
                                }
                            },
                            "msg": "User added",
                            "user": "keystone"
                        }
                    },
                    "task": {
                        "duration": {
                            "end": "2023-02-14T02:55:12.190240Z",
                            "start": "2023-02-14T02:55:11.073656Z"
                        },
                        "id": "fa163e96-8e55-1f66-cb5f-000000000009",
                        "name": "mysql_user"
                    }
                }
            ]
        }
    ],
    "stats": {
        "localhost": {
            "changed": 1,
            "failures": 0,
            "ignored": 0,
            "ok": 1,
            "rescued": 0,
            "skipped": 0,
            "unreachable": 0
        }
    }
}
2023-02-13 21:56:10,456 p=74 u=ansible n=ansible | {
    "custom_stats": {},
    "global_custom_stats": {},
    "plays": [
        {
            "play": {
                "duration": {
                    "end": "2023-02-14T02:56:10.437520Z",
                    "start": "2023-02-14T02:55:55.069126Z"
                },
                "id": "fa163e96-8e55-85ab-9b99-000000000007",
                "name": "Ansible Ad-Hoc"
            },
            "tasks": [
                {
                    "hosts": {
                        "localhost": {
                            "_ansible_no_log": null,
                            "action": "os_keystone_service",
                            "changed": true,
                            "id": "d7cb7aefbd684a2ca0210a5375db69b5",
                            "invocation": {
                                "module_args": {
                                    "api_timeout": null,
                                    "auth": {
                                        "auth_url": "http://169.16.1.147:5000",
                                        "password": "I5o2EAAoXCn04ynWjKpzAl747M0hqkZnPhfACGYt",
                                        "system_scope": "all",
                                        "user_domain_name": "Default",
                                        "username": "admin"
                                    },
                                    "auth_type": null,
                                    "availability_zone": null,
                                    "ca_cert": "",
                                    "cacert": "",
                                    "client_cert": null,
                                    "client_key": null,
                                    "description": "Openstack Identity Service",
                                    "enabled": true,
                                    "interface": "internal",
                                    "name": "keystone",
                                    "region_name": "RegionOne",
                                    "sdk_log_level": "INFO",
                                    "sdk_log_path": null,
                                    "service_type": "identity",
                                    "state": "present",
                                    "timeout": 180,
                                    "type": "identity",
                                    "validate_certs": null,
                                    "wait": true
                                }
                            },
                            "service": {
                                "description": "Openstack Identity Service",
                                "enabled": true,
                                "id": "d7cb7aefbd684a2ca0210a5375db69b5",
                                "name": "keystone",
                                "service_type": "identity",
                                "type": "identity"
                            }
                        }
                    },
                    "task": {
                        "duration": {
                            "end": "2023-02-14T02:56:10.437520Z",
                            "start": "2023-02-14T02:55:55.175862Z"
                        },
                        "id": "fa163e96-8e55-85ab-9b99-000000000009",
                        "name": "os_keystone_service"
                    }
                }
            ]
        }
    ],
    "stats": {
        "localhost": {
            "changed": 1,
            "failures": 0,
            "ignored": 0,
            "ok": 1,
            "rescued": 0,
            "skipped": 0,
            "unreachable": 0
        }
    }
}
2023-02-13 21:56:16,418 p=98 u=ansible n=ansible | {
    "custom_stats": {},
    "global_custom_stats": {},
    "plays": [
        {
            "play": {
                "duration": {
                    "end": "2023-02-14T02:56:16.378585Z",
                    "start": "2023-02-14T02:56:13.054394Z"
                },
                "id": "fa163e96-8e55-40c0-36f1-000000000007",
                "name": "Ansible Ad-Hoc"
            },
            "tasks": [
                {
                    "hosts": {
                        "localhost": {
                            "_ansible_no_log": null,
                            "action": "os_keystone_endpoint",
                            "changed": false,
                            "endpoint": {
                                "enabled": true,
                                "id": "167c13ab5a2546debc7068c1ffc10150",
                                "interface": "internal",
                                "links": {
                                    "self": "http://169.16.1.147:5000/v3/endpoints/167c13ab5a2546debc7068c1ffc10150"
                                },
                                "region": "RegionOne",
                                "region_id": "RegionOne",
                                "service_id": "d7cb7aefbd684a2ca0210a5375db69b5",
                                "url": "http://169.16.1.147:5000"
                            },
                            "invocation": {
                                "module_args": {
                                    "api_timeout": null,
                                    "auth": {
                                        "auth_url": "http://169.16.1.147:5000",
                                        "password": "I5o2EAAoXCn04ynWjKpzAl747M0hqkZnPhfACGYt",
                                        "system_scope": "all",
                                        "user_domain_name": "Default",
                                        "username": "admin"
                                    },
                                    "auth_type": null,
                                    "availability_zone": null,
                                    "ca_cert": "",
                                    "cacert": "",
                                    "client_cert": null,
                                    "client_key": null,
                                    "enabled": true,
                                    "endpoint_interface": "internal",
                                    "interface": "internal",
                                    "region": "RegionOne",
                                    "region_name": "RegionOne",
                                    "sdk_log_level": "INFO",
                                    "sdk_log_path": null,
                                    "service": "keystone",
                                    "state": "present",
                                    "timeout": 180,
                                    "url": "http://169.16.1.147:5000",
                                    "validate_certs": null,
                                    "wait": true
                                }
                            }
                        }
                    },
                    "task": {
                        "duration": {
                            "end": "2023-02-14T02:56:16.378585Z",
                            "start": "2023-02-14T02:56:13.160586Z"
                        },
                        "id": "fa163e96-8e55-40c0-36f1-000000000009",
                        "name": "os_keystone_endpoint"
                    }
                }
            ]
        }
    ],
    "stats": {
        "localhost": {
            "changed": 0,
            "failures": 0,
            "ignored": 0,
            "ok": 1,
            "rescued": 0,
            "skipped": 0,
            "unreachable": 0
        }
    }
}
2023-02-13 21:56:22,252 p=122 u=ansible n=ansible | {
    "custom_stats": {},
    "global_custom_stats": {},
    "plays": [
        {
            "play": {
                "duration": {
                    "end": "2023-02-14T02:56:22.219392Z",
                    "start": "2023-02-14T02:56:18.652793Z"
                },
                "id": "fa163e96-8e55-0d19-f686-000000000007",
                "name": "Ansible Ad-Hoc"
            },
            "tasks": [
                {
                    "hosts": {
                        "localhost": {
                            "_ansible_no_log": null,
                            "action": "os_keystone_endpoint",
                            "changed": false,
                            "endpoint": {
                                "enabled": true,
                                "id": "99e031cf2c8f491683e7d12794fdeb51",
                                "interface": "public",
                                "links": {
                                    "self": "http://169.16.1.147:5000/v3/endpoints/99e031cf2c8f491683e7d12794fdeb51"
                                },
                                "region": "RegionOne",
                                "region_id": "RegionOne",
                                "service_id": "d7cb7aefbd684a2ca0210a5375db69b5",
                                "url": "http://169.16.1.147:5000"
                            },
                            "invocation": {
                                "module_args": {
                                    "api_timeout": null,
                                    "auth": {
                                        "auth_url": "http://169.16.1.147:5000",
                                        "password": "I5o2EAAoXCn04ynWjKpzAl747M0hqkZnPhfACGYt",
                                        "system_scope": "all",
                                        "user_domain_name": "Default",
                                        "username": "admin"
                                    },
                                    "auth_type": null,
                                    "availability_zone": null,
                                    "ca_cert": "",
                                    "cacert": "",
                                    "client_cert": null,
                                    "client_key": null,
                                    "enabled": true,
                                    "endpoint_interface": "public",
                                    "interface": "internal",
                                    "region": "RegionOne",
                                    "region_name": "RegionOne",
                                    "sdk_log_level": "INFO",
                                    "sdk_log_path": null,
                                    "service": "keystone",
                                    "state": "present",
                                    "timeout": 180,
                                    "url": "http://169.16.1.147:5000",
                                    "validate_certs": null,
                                    "wait": true
                                }
                            }
                        }
                    },
                    "task": {
                        "duration": {
                            "end": "2023-02-14T02:56:22.219392Z",
                            "start": "2023-02-14T02:56:18.761944Z"
                        },
                        "id": "fa163e96-8e55-0d19-f686-000000000009",
                        "name": "os_keystone_endpoint"
                    }
                }
            ]
        }
    ],
    "stats": {
        "localhost": {
            "changed": 0,
            "failures": 0,
            "ignored": 0,
            "ok": 1,
            "rescued": 0,
            "skipped": 0,
            "unreachable": 0
        }
    }
}
2023-02-13 21:56:29,399 p=146 u=ansible n=ansible | {
    "custom_stats": {},
    "global_custom_stats": {},
    "plays": [
        {
            "play": {
                "duration": {
                    "end": "2023-02-14T02:56:29.374925Z",
                    "start": "2023-02-14T02:56:25.587499Z"
                },
                "id": "fa163e96-8e55-2b96-7be6-000000000007",
                "name": "Ansible Ad-Hoc"
            },
            "tasks": [
                {
                    "hosts": {
                        "localhost": {
                            "_ansible_no_log": null,
                            "action": "os_keystone_role",
                            "changed": true,
                            "invocation": {
                                "module_args": {
                                    "api_timeout": null,
                                    "auth": {
                                        "auth_url": "http://169.16.1.147:5000",
                                        "password": "I5o2EAAoXCn04ynWjKpzAl747M0hqkZnPhfACGYt",
                                        "system_scope": "all",
                                        "user_domain_name": "Default",
                                        "username": "admin"
                                    },
                                    "auth_type": null,
                                    "availability_zone": null,
                                    "ca_cert": "",
                                    "cacert": "",
                                    "client_cert": null,
                                    "client_key": null,
                                    "endpoint_type": "internal",
                                    "interface": "internal",
                                    "name": "_member_",
                                    "region_name": "RegionOne",
                                    "sdk_log_level": "INFO",
                                    "sdk_log_path": null,
                                    "state": "present",
                                    "timeout": 180,
                                    "validate_certs": null,
                                    "wait": true
                                }
                            },
                            "role": {
                                "domain_id": null,
                                "id": "001450d0d89f4b10804d234a55ce983a",
                                "location": {
                                    "cloud": "defaults",
                                    "project": {
                                        "domain_id": null,
                                        "domain_name": null,
                                        "id": null,
                                        "name": null
                                    },
                                    "region_name": null,
                                    "zone": null
                                },
                                "name": "_member_",
                                "properties": {}
                            }
                        }
                    },
                    "task": {
                        "duration": {
                            "end": "2023-02-14T02:56:29.374925Z",
                            "start": "2023-02-14T02:56:25.696512Z"
                        },
                        "id": "fa163e96-8e55-2b96-7be6-000000000009",
                        "name": "os_keystone_role"
                    }
                }
            ]
        }
    ],
    "stats": {
        "localhost": {
            "changed": 1,
            "failures": 0,
            "ignored": 0,
            "ok": 1,
            "rescued": 0,
            "skipped": 0,
            "unreachable": 0
        }
    }
}
2023-02-13 23:10:56,559 p=170 u=ansible n=ansible | {
    "custom_stats": {},
    "global_custom_stats": {},
    "plays": [
        {
            "play": {
                "duration": {
                    "end": "2023-02-14T04:10:56.533045Z",
                    "start": "2023-02-14T04:10:52.514162Z"
                },
                "id": "fa163e96-8e55-b8fd-4ee2-000000000007",
                "name": "Ansible Ad-Hoc"
            },
            "tasks": [
                {
                    "hosts": {
                        "localhost": {
                            "_ansible_no_log": null,
                            "action": "os_keystone_service",
                            "changed": true,
                            "id": "3079b52f36304cae829f0946f91d4305",
                            "invocation": {
                                "module_args": {
                                    "api_timeout": null,
                                    "auth": {
                                        "auth_url": "http://169.16.1.147:5000",
                                        "password": "I5o2EAAoXCn04ynWjKpzAl747M0hqkZnPhfACGYt",
                                        "system_scope": "all",
                                        "user_domain_name": "Default",
                                        "username": "admin"
                                    },
                                    "auth_type": null,
                                    "availability_zone": null,
                                    "ca_cert": "",
                                    "cacert": "",
                                    "client_cert": null,
                                    "client_key": null,
                                    "description": "Ironic baremetal provisioning service",
                                    "enabled": true,
                                    "interface": "internal",
                                    "name": "ironic",
                                    "region_name": "RegionOne",
                                    "sdk_log_level": "INFO",
                                    "sdk_log_path": null,
                                    "service_type": "baremetal",
                                    "state": "present",
                                    "timeout": 180,
                                    "type": "baremetal",
                                    "validate_certs": null,
                                    "wait": true
                                }
                            },
                            "service": {
                                "description": "Ironic baremetal provisioning service",
                                "enabled": true,
                                "id": "3079b52f36304cae829f0946f91d4305",
                                "name": "ironic",
                                "service_type": "baremetal",
                                "type": "baremetal"
                            }
                        }
                    },
                    "task": {
                        "duration": {
                            "end": "2023-02-14T04:10:56.533045Z",
                            "start": "2023-02-14T04:10:52.662874Z"
                        },
                        "id": "fa163e96-8e55-b8fd-4ee2-000000000009",
                        "name": "os_keystone_service"
                    }
                }
            ]
        }
    ],
    "stats": {
        "localhost": {
            "changed": 1,
            "failures": 0,
            "ignored": 0,
            "ok": 1,
            "rescued": 0,
            "skipped": 0,
            "unreachable": 0
        }
    }
}
2023-02-13 23:11:03,106 p=194 u=ansible n=ansible | {
    "custom_stats": {},
    "global_custom_stats": {},
    "plays": [
        {
            "play": {
                "duration": {
                    "end": "2023-02-14T04:11:03.084853Z",
                    "start": "2023-02-14T04:10:59.339708Z"
                },
                "id": "fa163e96-8e55-e807-c532-000000000007",
                "name": "Ansible Ad-Hoc"
            },
            "tasks": [
                {
                    "hosts": {
                        "localhost": {
                            "_ansible_no_log": null,
                            "action": "os_keystone_service",
                            "changed": true,
                            "id": "b53fed1b8957449492ffdd543179ac62",
                            "invocation": {
                                "module_args": {
                                    "api_timeout": null,
                                    "auth": {
                                        "auth_url": "http://169.16.1.147:5000",
                                        "password": "I5o2EAAoXCn04ynWjKpzAl747M0hqkZnPhfACGYt",
                                        "system_scope": "all",
                                        "user_domain_name": "Default",
                                        "username": "admin"
                                    },
                                    "auth_type": null,
                                    "availability_zone": null,
                                    "ca_cert": "",
                                    "cacert": "",
                                    "client_cert": null,
                                    "client_key": null,
                                    "description": "Ironic Inspector baremetal introspection service",
                                    "enabled": true,
                                    "interface": "internal",
                                    "name": "ironic-inspector",
                                    "region_name": "RegionOne",
                                    "sdk_log_level": "INFO",
                                    "sdk_log_path": null,
                                    "service_type": "baremetal-introspection",
                                    "state": "present",
                                    "timeout": 180,
                                    "type": "baremetal-introspection",
                                    "validate_certs": null,
                                    "wait": true
                                }
                            },
                            "service": {
                                "description": "Ironic Inspector baremetal introspection service",
                                "enabled": true,
                                "id": "b53fed1b8957449492ffdd543179ac62",
                                "name": "ironic-inspector",
                                "service_type": "baremetal-introspection",
                                "type": "baremetal-introspection"
                            }
                        }
                    },
                    "task": {
                        "duration": {
                            "end": "2023-02-14T04:11:03.084853Z",
                            "start": "2023-02-14T04:10:59.456135Z"
                        },
                        "id": "fa163e96-8e55-e807-c532-000000000009",
                        "name": "os_keystone_service"
                    }
                }
            ]
        }
    ],
    "stats": {
        "localhost": {
            "changed": 1,
            "failures": 0,
            "ignored": 0,
            "ok": 1,
            "rescued": 0,
            "skipped": 0,
            "unreachable": 0
        }
    }
}
2023-02-13 23:11:11,174 p=218 u=ansible n=ansible | {
    "custom_stats": {},
    "global_custom_stats": {},
    "plays": [
        {
            "play": {
                "duration": {
                    "end": "2023-02-14T04:11:11.153281Z",
                    "start": "2023-02-14T04:11:06.610247Z"
                },
                "id": "fa163e96-8e55-cbc6-50ab-000000000007",
                "name": "Ansible Ad-Hoc"
            },
            "tasks": [
                {
                    "hosts": {
                        "localhost": {
                            "_ansible_no_log": null,
                            "action": "os_keystone_endpoint",
                            "changed": true,
                            "endpoint": {
                                "enabled": true,
                                "id": "729d7041a2c9469884538c5f06903a9d",
                                "interface": "internal",
                                "links": {
                                    "self": "http://169.16.1.147:5000/v3/endpoints/729d7041a2c9469884538c5f06903a9d"
                                },
                                "region": "RegionOne",
                                "region_id": "RegionOne",
                                "service_id": "3079b52f36304cae829f0946f91d4305",
                                "url": "http://169.16.1.147:6385"
                            },
                            "invocation": {
                                "module_args": {
                                    "api_timeout": null,
                                    "auth": {
                                        "auth_url": "http://169.16.1.147:5000",
                                        "password": "I5o2EAAoXCn04ynWjKpzAl747M0hqkZnPhfACGYt",
                                        "system_scope": "all",
                                        "user_domain_name": "Default",
                                        "username": "admin"
                                    },
                                    "auth_type": null,
                                    "availability_zone": null,
                                    "ca_cert": "",
                                    "cacert": "",
                                    "client_cert": null,
                                    "client_key": null,
                                    "enabled": true,
                                    "endpoint_interface": "internal",
                                    "interface": "internal",
                                    "region": "RegionOne",
                                    "region_name": "RegionOne",
                                    "sdk_log_level": "INFO",
                                    "sdk_log_path": null,
                                    "service": "ironic",
                                    "state": "present",
                                    "timeout": 180,
                                    "url": "http://169.16.1.147:6385",
                                    "validate_certs": null,
                                    "wait": true
                                }
                            }
                        }
                    },
                    "task": {
                        "duration": {
                            "end": "2023-02-14T04:11:11.153281Z",
                            "start": "2023-02-14T04:11:06.725896Z"
                        },
                        "id": "fa163e96-8e55-cbc6-50ab-000000000009",
                        "name": "os_keystone_endpoint"
                    }
                }
            ]
        }
    ],
    "stats": {
        "localhost": {
            "changed": 1,
            "failures": 0,
            "ignored": 0,
            "ok": 1,
            "rescued": 0,
            "skipped": 0,
            "unreachable": 0
        }
    }
}
2023-02-13 23:11:19,833 p=242 u=ansible n=ansible | {
    "custom_stats": {},
    "global_custom_stats": {},
    "plays": [
        {
            "play": {
                "duration": {
                    "end": "2023-02-14T04:11:19.810141Z",
                    "start": "2023-02-14T04:11:14.869831Z"
                },
                "id": "fa163e96-8e55-c5b4-1be3-000000000007",
                "name": "Ansible Ad-Hoc"
            },
            "tasks": [
                {
                    "hosts": {
                        "localhost": {
                            "_ansible_no_log": null,
                            "action": "os_keystone_endpoint",
                            "changed": true,
                            "endpoint": {
                                "enabled": true,
                                "id": "90e42bb364b743b0b8142f4101f29783",
                                "interface": "public",
                                "links": {
                                    "self": "http://169.16.1.147:5000/v3/endpoints/90e42bb364b743b0b8142f4101f29783"
                                },
                                "region": "RegionOne",
                                "region_id": "RegionOne",
                                "service_id": "3079b52f36304cae829f0946f91d4305",
                                "url": "http://169.16.1.147:6385"
                            },
                            "invocation": {
                                "module_args": {
                                    "api_timeout": null,
                                    "auth": {
                                        "auth_url": "http://169.16.1.147:5000",
                                        "password": "I5o2EAAoXCn04ynWjKpzAl747M0hqkZnPhfACGYt",
                                        "system_scope": "all",
                                        "user_domain_name": "Default",
                                        "username": "admin"
                                    },
                                    "auth_type": null,
                                    "availability_zone": null,
                                    "ca_cert": "",
                                    "cacert": "",
                                    "client_cert": null,
                                    "client_key": null,
                                    "enabled": true,
                                    "endpoint_interface": "public",
                                    "interface": "internal",
                                    "region": "RegionOne",
                                    "region_name": "RegionOne",
                                    "sdk_log_level": "INFO",
                                    "sdk_log_path": null,
                                    "service": "ironic",
                                    "state": "present",
                                    "timeout": 180,
                                    "url": "http://169.16.1.147:6385",
                                    "validate_certs": null,
                                    "wait": true
                                }
                            }
                        }
                    },
                    "task": {
                        "duration": {
                            "end": "2023-02-14T04:11:19.810141Z",
                            "start": "2023-02-14T04:11:14.980483Z"
                        },
                        "id": "fa163e96-8e55-c5b4-1be3-000000000009",
                        "name": "os_keystone_endpoint"
                    }
                }
            ]
        }
    ],
    "stats": {
        "localhost": {
            "changed": 1,
            "failures": 0,
            "ignored": 0,
            "ok": 1,
            "rescued": 0,
            "skipped": 0,
            "unreachable": 0
        }
    }
}
2023-02-13 23:11:27,889 p=266 u=ansible n=ansible | {
    "custom_stats": {},
    "global_custom_stats": {},
    "plays": [
        {
            "play": {
                "duration": {
                    "end": "2023-02-14T04:11:27.866639Z",
                    "start": "2023-02-14T04:11:22.949826Z"
                },
                "id": "fa163e96-8e55-a8a4-f3cf-000000000007",
                "name": "Ansible Ad-Hoc"
            },
            "tasks": [
                {
                    "hosts": {
                        "localhost": {
                            "_ansible_no_log": null,
                            "action": "os_keystone_endpoint",
                            "changed": true,
                            "endpoint": {
                                "enabled": true,
                                "id": "fb6f5cf2cf59437cbaae1f7237e0d95d",
                                "interface": "internal",
                                "links": {
                                    "self": "http://169.16.1.147:5000/v3/endpoints/fb6f5cf2cf59437cbaae1f7237e0d95d"
                                },
                                "region": "RegionOne",
                                "region_id": "RegionOne",
                                "service_id": "b53fed1b8957449492ffdd543179ac62",
                                "url": "http://169.16.1.147:5050"
                            },
                            "invocation": {
                                "module_args": {
                                    "api_timeout": null,
                                    "auth": {
                                        "auth_url": "http://169.16.1.147:5000",
                                        "password": "I5o2EAAoXCn04ynWjKpzAl747M0hqkZnPhfACGYt",
                                        "system_scope": "all",
                                        "user_domain_name": "Default",
                                        "username": "admin"
                                    },
                                    "auth_type": null,
                                    "availability_zone": null,
                                    "ca_cert": "",
                                    "cacert": "",
                                    "client_cert": null,
                                    "client_key": null,
                                    "enabled": true,
                                    "endpoint_interface": "internal",
                                    "interface": "internal",
                                    "region": "RegionOne",
                                    "region_name": "RegionOne",
                                    "sdk_log_level": "INFO",
                                    "sdk_log_path": null,
                                    "service": "ironic-inspector",
                                    "state": "present",
                                    "timeout": 180,
                                    "url": "http://169.16.1.147:5050",
                                    "validate_certs": null,
                                    "wait": true
                                }
                            }
                        }
                    },
                    "task": {
                        "duration": {
                            "end": "2023-02-14T04:11:27.866639Z",
                            "start": "2023-02-14T04:11:23.107685Z"
                        },
                        "id": "fa163e96-8e55-a8a4-f3cf-000000000009",
                        "name": "os_keystone_endpoint"
                    }
                }
            ]
        }
    ],
    "stats": {
        "localhost": {
            "changed": 1,
            "failures": 0,
            "ignored": 0,
            "ok": 1,
            "rescued": 0,
            "skipped": 0,
            "unreachable": 0
        }
    }
}
2023-02-13 23:11:36,467 p=291 u=ansible n=ansible | {
    "custom_stats": {},
    "global_custom_stats": {},
    "plays": [
        {
            "play": {
                "duration": {
                    "end": "2023-02-14T04:11:36.443300Z",
                    "start": "2023-02-14T04:11:31.357384Z"
                },
                "id": "fa163e96-8e55-0945-c4c8-000000000007",
                "name": "Ansible Ad-Hoc"
            },
            "tasks": [
                {
                    "hosts": {
                        "localhost": {
                            "_ansible_no_log": null,
                            "action": "os_keystone_endpoint",
                            "changed": true,
                            "endpoint": {
                                "enabled": true,
                                "id": "caff97df89ea4d8a9d88e2e800cd4316",
                                "interface": "public",
                                "links": {
                                    "self": "http://169.16.1.147:5000/v3/endpoints/caff97df89ea4d8a9d88e2e800cd4316"
                                },
                                "region": "RegionOne",
                                "region_id": "RegionOne",
                                "service_id": "b53fed1b8957449492ffdd543179ac62",
                                "url": "http://169.16.1.147:5050"
                            },
                            "invocation": {
                                "module_args": {
                                    "api_timeout": null,
                                    "auth": {
                                        "auth_url": "http://169.16.1.147:5000",
                                        "password": "I5o2EAAoXCn04ynWjKpzAl747M0hqkZnPhfACGYt",
                                        "system_scope": "all",
                                        "user_domain_name": "Default",
                                        "username": "admin"
                                    },
                                    "auth_type": null,
                                    "availability_zone": null,
                                    "ca_cert": "",
                                    "cacert": "",
                                    "client_cert": null,
                                    "client_key": null,
                                    "enabled": true,
                                    "endpoint_interface": "public",
                                    "interface": "internal",
                                    "region": "RegionOne",
                                    "region_name": "RegionOne",
                                    "sdk_log_level": "INFO",
                                    "sdk_log_path": null,
                                    "service": "ironic-inspector",
                                    "state": "present",
                                    "timeout": 180,
                                    "url": "http://169.16.1.147:5050",
                                    "validate_certs": null,
                                    "wait": true
                                }
                            }
                        }
                    },
                    "task": {
                        "duration": {
                            "end": "2023-02-14T04:11:36.443300Z",
                            "start": "2023-02-14T04:11:31.530301Z"
                        },
                        "id": "fa163e96-8e55-0945-c4c8-000000000009",
                        "name": "os_keystone_endpoint"
                    }
                }
            ]
        }
    ],
    "stats": {
        "localhost": {
            "changed": 1,
            "failures": 0,
            "ignored": 0,
            "ok": 1,
            "rescued": 0,
            "skipped": 0,
            "unreachable": 0
        }
    }
}
2023-02-13 23:11:45,365 p=316 u=ansible n=ansible | {
    "custom_stats": {},
    "global_custom_stats": {},
    "plays": [
        {
            "play": {
                "duration": {
                    "end": "2023-02-14T04:11:45.329001Z",
                    "start": "2023-02-14T04:11:40.013195Z"
                },
                "id": "fa163e96-8e55-438c-19d9-000000000007",
                "name": "Ansible Ad-Hoc"
            },
            "tasks": [
                {
                    "hosts": {
                        "localhost": {
                            "_ansible_no_log": null,
                            "action": "os_project",
                            "changed": true,
                            "invocation": {
                                "module_args": {
                                    "api_timeout": null,
                                    "auth": {
                                        "auth_url": "http://169.16.1.147:5000",
                                        "password": "I5o2EAAoXCn04ynWjKpzAl747M0hqkZnPhfACGYt",
                                        "system_scope": "all",
                                        "user_domain_name": "Default",
                                        "username": "admin"
                                    },
                                    "auth_type": null,
                                    "availability_zone": null,
                                    "ca_cert": "",
                                    "cacert": "",
                                    "client_cert": null,
                                    "client_key": null,
                                    "description": null,
                                    "domain": "default",
                                    "domain_id": "default",
                                    "enabled": true,
                                    "interface": "internal",
                                    "name": "service",
                                    "properties": null,
                                    "region_name": "RegionOne",
                                    "sdk_log_level": "INFO",
                                    "sdk_log_path": null,
                                    "state": "present",
                                    "timeout": 180,
                                    "validate_certs": null,
                                    "wait": true
                                }
                            },
                            "project": {
                                "description": null,
                                "domain_id": "default",
                                "enabled": true,
                                "extra": {},
                                "id": "410de6f6a08a4d72af707b65020c5648",
                                "is_domain": false,
                                "is_enabled": true,
                                "location": {
                                    "cloud": "defaults",
                                    "project": {
                                        "domain_id": "default",
                                        "domain_name": null,
                                        "id": "default",
                                        "name": null
                                    },
                                    "region_name": null,
                                    "zone": null
                                },
                                "name": "service",
                                "options": {},
                                "parent_id": "default",
                                "properties": {
                                    "extra": {},
                                    "options": {},
                                    "tags": []
                                },
                                "tags": []
                            }
                        }
                    },
                    "task": {
                        "duration": {
                            "end": "2023-02-14T04:11:45.329001Z",
                            "start": "2023-02-14T04:11:40.134835Z"
                        },
                        "id": "fa163e96-8e55-438c-19d9-000000000009",
                        "name": "os_project"
                    }
                }
            ]
        }
    ],
    "stats": {
        "localhost": {
            "changed": 1,
            "failures": 0,
            "ignored": 0,
            "ok": 1,
            "rescued": 0,
            "skipped": 0,
            "unreachable": 0
        }
    }
}
2023-02-13 23:11:55,188 p=341 u=ansible n=ansible | {
    "custom_stats": {},
    "global_custom_stats": {},
    "plays": [
        {
            "play": {
                "duration": {
                    "end": "2023-02-14T04:11:55.159302Z",
                    "start": "2023-02-14T04:11:48.932645Z"
                },
                "id": "fa163e96-8e55-8259-9e57-000000000007",
                "name": "Ansible Ad-Hoc"
            },
            "tasks": [
                {
                    "hosts": {
                        "localhost": {
                            "_ansible_no_log": null,
                            "action": "os_user",
                            "changed": true,
                            "invocation": {
                                "module_args": {
                                    "api_timeout": null,
                                    "auth": {
                                        "auth_url": "http://169.16.1.147:5000",
                                        "password": "I5o2EAAoXCn04ynWjKpzAl747M0hqkZnPhfACGYt",
                                        "system_scope": "all",
                                        "user_domain_name": "Default",
                                        "username": "admin"
                                    },
                                    "auth_type": null,
                                    "availability_zone": null,
                                    "ca_cert": "",
                                    "cacert": "",
                                    "client_cert": null,
                                    "client_key": null,
                                    "default_project": "service",
                                    "description": null,
                                    "domain": "default",
                                    "email": null,
                                    "enabled": true,
                                    "interface": "internal",
                                    "name": "ironic",
                                    "password": "VALUE_SPECIFIED_IN_NO_LOG_PARAMETER",
                                    "region_name": "RegionOne",
                                    "sdk_log_level": "INFO",
                                    "sdk_log_path": null,
                                    "state": "present",
                                    "timeout": 180,
                                    "update_password": "on_create",
                                    "validate_certs": null,
                                    "wait": true
                                }
                            },
                            "user": {
                                "default_project_id": "410de6f6a08a4d72af707b65020c5648",
                                "description": null,
                                "domain_id": "default",
                                "email": null,
                                "enabled": true,
                                "id": "c35c67f057fc43e8acde3b028508b335",
                                "name": "ironic",
                                "username": null
                            },
                            "warnings": [
                                "Module did not set no_log for update_password"
                            ]
                        }
                    },
                    "task": {
                        "duration": {
                            "end": "2023-02-14T04:11:55.159302Z",
                            "start": "2023-02-14T04:11:49.064635Z"
                        },
                        "id": "fa163e96-8e55-8259-9e57-000000000009",
                        "name": "os_user"
                    }
                }
            ]
        }
    ],
    "stats": {
        "localhost": {
            "changed": 1,
            "failures": 0,
            "ignored": 0,
            "ok": 1,
            "rescued": 0,
            "skipped": 0,
            "unreachable": 0
        }
    }
}
2023-02-13 23:12:05,041 p=365 u=ansible n=ansible | {
    "custom_stats": {},
    "global_custom_stats": {},
    "plays": [
        {
            "play": {
                "duration": {
                    "end": "2023-02-14T04:12:05.015783Z",
                    "start": "2023-02-14T04:11:58.052558Z"
                },
                "id": "fa163e96-8e55-bb54-28f0-000000000007",
                "name": "Ansible Ad-Hoc"
            },
            "tasks": [
                {
                    "hosts": {
                        "localhost": {
                            "_ansible_no_log": null,
                            "action": "os_user",
                            "changed": true,
                            "invocation": {
                                "module_args": {
                                    "api_timeout": null,
                                    "auth": {
                                        "auth_url": "http://169.16.1.147:5000",
                                        "password": "I5o2EAAoXCn04ynWjKpzAl747M0hqkZnPhfACGYt",
                                        "system_scope": "all",
                                        "user_domain_name": "Default",
                                        "username": "admin"
                                    },
                                    "auth_type": null,
                                    "availability_zone": null,
                                    "ca_cert": "",
                                    "cacert": "",
                                    "client_cert": null,
                                    "client_key": null,
                                    "default_project": "service",
                                    "description": null,
                                    "domain": "default",
                                    "email": null,
                                    "enabled": true,
                                    "interface": "internal",
                                    "name": "ironic-inspector",
                                    "password": "VALUE_SPECIFIED_IN_NO_LOG_PARAMETER",
                                    "region_name": "RegionOne",
                                    "sdk_log_level": "INFO",
                                    "sdk_log_path": null,
                                    "state": "present",
                                    "timeout": 180,
                                    "update_password": "on_create",
                                    "validate_certs": null,
                                    "wait": true
                                }
                            },
                            "user": {
                                "default_project_id": "410de6f6a08a4d72af707b65020c5648",
                                "description": null,
                                "domain_id": "default",
                                "email": null,
                                "enabled": true,
                                "id": "c91d56b3e37f4014bb508cfcaa6c5756",
                                "name": "ironic-inspector",
                                "username": null
                            },
                            "warnings": [
                                "Module did not set no_log for update_password"
                            ]
                        }
                    },
                    "task": {
                        "duration": {
                            "end": "2023-02-14T04:12:05.015783Z",
                            "start": "2023-02-14T04:11:58.190092Z"
                        },
                        "id": "fa163e96-8e55-bb54-28f0-000000000009",
                        "name": "os_user"
                    }
                }
            ]
        }
    ],
    "stats": {
        "localhost": {
            "changed": 1,
            "failures": 0,
            "ignored": 0,
            "ok": 1,
            "rescued": 0,
            "skipped": 0,
            "unreachable": 0
        }
    }
}
2023-02-13 23:12:12,763 p=389 u=ansible n=ansible | {
    "custom_stats": {},
    "global_custom_stats": {},
    "plays": [
        {
            "play": {
                "duration": {
                    "end": "2023-02-14T04:12:12.733226Z",
                    "start": "2023-02-14T04:12:08.755225Z"
                },
                "id": "fa163e96-8e55-a78f-e657-000000000007",
                "name": "Ansible Ad-Hoc"
            },
            "tasks": [
                {
                    "hosts": {
                        "localhost": {
                            "_ansible_no_log": null,
                            "action": "os_keystone_role",
                            "changed": false,
                            "invocation": {
                                "module_args": {
                                    "api_timeout": null,
                                    "auth": {
                                        "auth_url": "http://169.16.1.147:5000",
                                        "password": "I5o2EAAoXCn04ynWjKpzAl747M0hqkZnPhfACGYt",
                                        "system_scope": "all",
                                        "user_domain_name": "Default",
                                        "username": "admin"
                                    },
                                    "auth_type": null,
                                    "availability_zone": null,
                                    "ca_cert": "",
                                    "cacert": "",
                                    "client_cert": null,
                                    "client_key": null,
                                    "interface": "internal",
                                    "name": "admin",
                                    "region_name": "RegionOne",
                                    "sdk_log_level": "INFO",
                                    "sdk_log_path": null,
                                    "state": "present",
                                    "timeout": 180,
                                    "validate_certs": null,
                                    "wait": true
                                }
                            },
                            "role": {
                                "domain_id": null,
                                "id": "a2ab33b2be6e46caadccb4b43f509248",
                                "location": {
                                    "cloud": "defaults",
                                    "project": {
                                        "domain_id": null,
                                        "domain_name": null,
                                        "id": null,
                                        "name": null
                                    },
                                    "region_name": null,
                                    "zone": null
                                },
                                "name": "admin",
                                "properties": {}
                            }
                        }
                    },
                    "task": {
                        "duration": {
                            "end": "2023-02-14T04:12:12.733226Z",
                            "start": "2023-02-14T04:12:08.875006Z"
                        },
                        "id": "fa163e96-8e55-a78f-e657-000000000009",
                        "name": "os_keystone_role"
                    }
                }
            ]
        }
    ],
    "stats": {
        "localhost": {
            "changed": 0,
            "failures": 0,
            "ignored": 0,
            "ok": 1,
            "rescued": 0,
            "skipped": 0,
            "unreachable": 0
        }
    }
}
2023-02-13 23:12:25,783 p=412 u=ansible n=ansible | {
    "custom_stats": {},
    "global_custom_stats": {},
    "plays": [
        {
            "play": {
                "duration": {
                    "end": "2023-02-14T04:12:25.752673Z",
                    "start": "2023-02-14T04:12:15.949402Z"
                },
                "id": "fa163e96-8e55-a7a7-77db-000000000007",
                "name": "Ansible Ad-Hoc"
            },
            "tasks": [
                {
                    "hosts": {
                        "localhost": {
                            "_ansible_no_log": null,
                            "action": "os_user_role",
                            "changed": true,
                            "invocation": {
                                "module_args": {
                                    "api_timeout": null,
                                    "auth": {
                                        "auth_url": "http://169.16.1.147:5000",
                                        "password": "I5o2EAAoXCn04ynWjKpzAl747M0hqkZnPhfACGYt",
                                        "system_scope": "all",
                                        "user_domain_name": "Default",
                                        "username": "admin"
                                    },
                                    "auth_type": null,
                                    "availability_zone": null,
                                    "ca_cert": "",
                                    "cacert": "",
                                    "client_cert": null,
                                    "client_key": null,
                                    "domain": "default",
                                    "group": null,
                                    "interface": "internal",
                                    "project": "service",
                                    "region_name": "RegionOne",
                                    "role": "admin",
                                    "sdk_log_level": "INFO",
                                    "sdk_log_path": null,
                                    "state": "present",
                                    "timeout": 180,
                                    "user": "ironic",
                                    "validate_certs": null,
                                    "wait": true
                                }
                            }
                        }
                    },
                    "task": {
                        "duration": {
                            "end": "2023-02-14T04:12:25.752673Z",
                            "start": "2023-02-14T04:12:16.069325Z"
                        },
                        "id": "fa163e96-8e55-a7a7-77db-000000000009",
                        "name": "os_user_role"
                    }
                }
            ]
        }
    ],
    "stats": {
        "localhost": {
            "changed": 1,
            "failures": 0,
            "ignored": 0,
            "ok": 1,
            "rescued": 0,
            "skipped": 0,
            "unreachable": 0
        }
    }
}
2023-02-13 23:12:37,835 p=436 u=ansible n=ansible | {
    "custom_stats": {},
    "global_custom_stats": {},
    "plays": [
        {
            "play": {
                "duration": {
                    "end": "2023-02-14T04:12:37.803660Z",
                    "start": "2023-02-14T04:12:28.822801Z"
                },
                "id": "fa163e96-8e55-3fe0-df06-000000000007",
                "name": "Ansible Ad-Hoc"
            },
            "tasks": [
                {
                    "hosts": {
                        "localhost": {
                            "_ansible_no_log": null,
                            "action": "os_user_role",
                            "changed": true,
                            "invocation": {
                                "module_args": {
                                    "api_timeout": null,
                                    "auth": {
                                        "auth_url": "http://169.16.1.147:5000",
                                        "password": "I5o2EAAoXCn04ynWjKpzAl747M0hqkZnPhfACGYt",
                                        "system_scope": "all",
                                        "user_domain_name": "Default",
                                        "username": "admin"
                                    },
                                    "auth_type": null,
                                    "availability_zone": null,
                                    "ca_cert": "",
                                    "cacert": "",
                                    "client_cert": null,
                                    "client_key": null,
                                    "domain": "default",
                                    "group": null,
                                    "interface": "internal",
                                    "project": "service",
                                    "region_name": "RegionOne",
                                    "role": "admin",
                                    "sdk_log_level": "INFO",
                                    "sdk_log_path": null,
                                    "state": "present",
                                    "timeout": 180,
                                    "user": "ironic-inspector",
                                    "validate_certs": null,
                                    "wait": true
                                }
                            }
                        }
                    },
                    "task": {
                        "duration": {
                            "end": "2023-02-14T04:12:37.803660Z",
                            "start": "2023-02-14T04:12:28.949684Z"
                        },
                        "id": "fa163e96-8e55-3fe0-df06-000000000009",
                        "name": "os_user_role"
                    }
                }
            ]
        }
    ],
    "stats": {
        "localhost": {
            "changed": 1,
            "failures": 0,
            "ignored": 0,
            "ok": 1,
            "rescued": 0,
            "skipped": 0,
            "unreachable": 0
        }
    }
}
2023-02-13 23:14:09,267 p=461 u=ansible n=ansible | {
    "custom_stats": {},
    "global_custom_stats": {},
    "plays": [
        {
            "play": {
                "duration": {
                    "end": "2023-02-14T04:14:09.241116Z",
                    "start": "2023-02-14T04:14:07.814680Z"
                },
                "id": "fa163e96-8e55-5ef2-61d1-000000000007",
                "name": "Ansible Ad-Hoc"
            },
            "tasks": [
                {
                    "hosts": {
                        "localhost": {
                            "_ansible_no_log": null,
                            "action": "mysql_db",
                            "changed": true,
                            "db": "ironic",
                            "db_list": [
                                "ironic"
                            ],
                            "executed_commands": [
                                "CREATE DATABASE `ironic`"
                            ],
                            "invocation": {
                                "module_args": {
                                    "ca_cert": null,
                                    "check_hostname": null,
                                    "check_implicit_admin": false,
                                    "client_cert": null,
                                    "client_key": null,
                                    "collation": "",
                                    "config_file": "/var/lib/ansible/.my.cnf",
                                    "config_overrides_defaults": false,
                                    "connect_timeout": 30,
                                    "dump_extra_args": null,
                                    "encoding": "",
                                    "force": false,
                                    "hex_blob": false,
                                    "ignore_tables": [],
                                    "login_host": "169.16.1.147",
                                    "login_password": "VALUE_SPECIFIED_IN_NO_LOG_PARAMETER",
                                    "login_port": 3306,
                                    "login_unix_socket": null,
                                    "login_user": "root",
                                    "master_data": 0,
                                    "name": [
                                        "ironic"
                                    ],
                                    "quick": true,
                                    "restrict_config_file": false,
                                    "single_transaction": false,
                                    "skip_lock_tables": false,
                                    "state": "present",
                                    "target": null,
                                    "unsafe_login_password": false,
                                    "use_shell": false
                                }
                            }
                        }
                    },
                    "task": {
                        "duration": {
                            "end": "2023-02-14T04:14:09.241116Z",
                            "start": "2023-02-14T04:14:07.967386Z"
                        },
                        "id": "fa163e96-8e55-5ef2-61d1-000000000009",
                        "name": "mysql_db"
                    }
                }
            ]
        }
    ],
    "stats": {
        "localhost": {
            "changed": 1,
            "failures": 0,
            "ignored": 0,
            "ok": 1,
            "rescued": 0,
            "skipped": 0,
            "unreachable": 0
        }
    }
}
2023-02-13 23:14:12,883 p=485 u=ansible n=ansible | {
    "custom_stats": {},
    "global_custom_stats": {},
    "plays": [
        {
            "play": {
                "duration": {
                    "end": "2023-02-14T04:14:12.859276Z",
                    "start": "2023-02-14T04:14:11.721563Z"
                },
                "id": "fa163e96-8e55-a106-4862-000000000007",
                "name": "Ansible Ad-Hoc"
            },
            "tasks": [
                {
                    "hosts": {
                        "localhost": {
                            "_ansible_no_log": null,
                            "action": "mysql_db",
                            "changed": true,
                            "db": "ironic_inspector",
                            "db_list": [
                                "ironic_inspector"
                            ],
                            "executed_commands": [
                                "CREATE DATABASE `ironic_inspector`"
                            ],
                            "invocation": {
                                "module_args": {
                                    "ca_cert": null,
                                    "check_hostname": null,
                                    "check_implicit_admin": false,
                                    "client_cert": null,
                                    "client_key": null,
                                    "collation": "",
                                    "config_file": "/var/lib/ansible/.my.cnf",
                                    "config_overrides_defaults": false,
                                    "connect_timeout": 30,
                                    "dump_extra_args": null,
                                    "encoding": "",
                                    "force": false,
                                    "hex_blob": false,
                                    "ignore_tables": [],
                                    "login_host": "169.16.1.147",
                                    "login_password": "VALUE_SPECIFIED_IN_NO_LOG_PARAMETER",
                                    "login_port": 3306,
                                    "login_unix_socket": null,
                                    "login_user": "root",
                                    "master_data": 0,
                                    "name": [
                                        "ironic_inspector"
                                    ],
                                    "quick": true,
                                    "restrict_config_file": false,
                                    "single_transaction": false,
                                    "skip_lock_tables": false,
                                    "state": "present",
                                    "target": null,
                                    "unsafe_login_password": false,
                                    "use_shell": false
                                }
                            }
                        }
                    },
                    "task": {
                        "duration": {
                            "end": "2023-02-14T04:14:12.859276Z",
                            "start": "2023-02-14T04:14:11.839834Z"
                        },
                        "id": "fa163e96-8e55-a106-4862-000000000009",
                        "name": "mysql_db"
                    }
                }
            ]
        }
    ],
    "stats": {
        "localhost": {
            "changed": 1,
            "failures": 0,
            "ignored": 0,
            "ok": 1,
            "rescued": 0,
            "skipped": 0,
            "unreachable": 0
        }
    }
}
2023-02-13 23:14:17,307 p=510 u=ansible n=ansible | {
    "custom_stats": {},
    "global_custom_stats": {},
    "plays": [
        {
            "play": {
                "duration": {
                    "end": "2023-02-14T04:14:17.255583Z",
                    "start": "2023-02-14T04:14:15.902350Z"
                },
                "id": "fa163e96-8e55-698e-85bf-000000000007",
                "name": "Ansible Ad-Hoc"
            },
            "tasks": [
                {
                    "hosts": {
                        "localhost": {
                            "_ansible_no_log": null,
                            "action": "mysql_user",
                            "changed": true,
                            "invocation": {
                                "module_args": {
                                    "append_privs": true,
                                    "ca_cert": null,
                                    "check_hostname": null,
                                    "check_implicit_admin": false,
                                    "client_cert": null,
                                    "client_key": null,
                                    "config_file": "/var/lib/ansible/.my.cnf",
                                    "connect_timeout": 30,
                                    "encrypted": false,
                                    "host": "%",
                                    "host_all": false,
                                    "login_host": "169.16.1.147",
                                    "login_password": "VALUE_SPECIFIED_IN_NO_LOG_PARAMETER",
                                    "login_port": 3306,
                                    "login_unix_socket": null,
                                    "login_user": "root",
                                    "name": "ironic",
                                    "password": "VALUE_SPECIFIED_IN_NO_LOG_PARAMETER",
                                    "plugin": null,
                                    "plugin_auth_string": null,
                                    "plugin_hash_string": null,
                                    "priv": "ironic.*:ALL",
                                    "resource_limits": null,
                                    "sql_log_bin": true,
                                    "state": "present",
                                    "tls_requires": null,
                                    "update_password": "always",
                                    "user": "ironic"
                                }
                            },
                            "msg": "User added",
                            "user": "ironic"
                        }
                    },
                    "task": {
                        "duration": {
                            "end": "2023-02-14T04:14:17.255583Z",
                            "start": "2023-02-14T04:14:16.008541Z"
                        },
                        "id": "fa163e96-8e55-698e-85bf-000000000009",
                        "name": "mysql_user"
                    }
                }
            ]
        }
    ],
    "stats": {
        "localhost": {
            "changed": 1,
            "failures": 0,
            "ignored": 0,
            "ok": 1,
            "rescued": 0,
            "skipped": 0,
            "unreachable": 0
        }
    }
}
2023-02-13 23:14:21,318 p=535 u=ansible n=ansible | {
    "custom_stats": {},
    "global_custom_stats": {},
    "plays": [
        {
            "play": {
                "duration": {
                    "end": "2023-02-14T04:14:21.291984Z",
                    "start": "2023-02-14T04:14:19.995548Z"
                },
                "id": "fa163e96-8e55-692a-1957-000000000007",
                "name": "Ansible Ad-Hoc"
            },
            "tasks": [
                {
                    "hosts": {
                        "localhost": {
                            "_ansible_no_log": null,
                            "action": "mysql_user",
                            "changed": true,
                            "invocation": {
                                "module_args": {
                                    "append_privs": true,
                                    "ca_cert": null,
                                    "check_hostname": null,
                                    "check_implicit_admin": false,
                                    "client_cert": null,
                                    "client_key": null,
                                    "config_file": "/var/lib/ansible/.my.cnf",
                                    "connect_timeout": 30,
                                    "encrypted": false,
                                    "host": "%",
                                    "host_all": false,
                                    "login_host": "169.16.1.147",
                                    "login_password": "VALUE_SPECIFIED_IN_NO_LOG_PARAMETER",
                                    "login_port": 3306,
                                    "login_unix_socket": null,
                                    "login_user": "root",
                                    "name": "ironic_inspector",
                                    "password": "VALUE_SPECIFIED_IN_NO_LOG_PARAMETER",
                                    "plugin": null,
                                    "plugin_auth_string": null,
                                    "plugin_hash_string": null,
                                    "priv": "ironic_inspector.*:ALL",
                                    "resource_limits": null,
                                    "sql_log_bin": true,
                                    "state": "present",
                                    "tls_requires": null,
                                    "update_password": "always",
                                    "user": "ironic_inspector"
                                }
                            },
                            "msg": "User added",
                            "user": "ironic_inspector"
                        }
                    },
                    "task": {
                        "duration": {
                            "end": "2023-02-14T04:14:21.291984Z",
                            "start": "2023-02-14T04:14:20.108433Z"
                        },
                        "id": "fa163e96-8e55-692a-1957-000000000009",
                        "name": "mysql_user"
                    }
                }
            ]
        }
    ],
    "stats": {
        "localhost": {
            "changed": 1,
            "failures": 0,
            "ignored": 0,
            "ok": 1,
            "rescued": 0,
            "skipped": 0,
            "unreachable": 0
        }
    }
}
