2023-03-13 22:53:22,638 p=5772 u=root n=ansible | [WARNING]: Invalid characters were found in group names but not replaced, use
-vvvv to see details

2023-03-13 22:53:26,530 p=5772 u=root n=ansible | PLAY [Gather facts for all hosts] **********************************************
2023-03-13 22:53:26,890 p=5772 u=root n=ansible | TASK [Gather facts] ************************************************************
2023-03-13 22:53:32,470 p=5772 u=root n=ansible | ok: [localhost]
2023-03-13 22:53:32,594 p=5772 u=root n=ansible | TASK [Group hosts to determine when using --limit] *****************************
2023-03-13 22:53:32,714 p=5772 u=root n=ansible | ok: [localhost]
2023-03-13 22:53:32,978 p=5772 u=root n=ansible | [WARNING]: Could not match supplied host pattern, ignoring:
all_using_limit_True

2023-03-13 22:53:32,986 p=5772 u=root n=ansible | PLAY [Gather facts for all hosts (if using --limit)] ***************************
2023-03-13 22:53:32,987 p=5772 u=root n=ansible | skipping: no hosts matched
2023-03-13 22:53:32,996 p=5772 u=root n=ansible | PLAY [Apply role baremetal] ****************************************************
2023-03-13 22:53:33,199 p=5772 u=root n=ansible | TASK [openstack.kolla.baremetal : Ensure localhost in /etc/hosts] **************
2023-03-13 22:53:34,226 p=5772 u=root n=ansible | changed: [localhost]
2023-03-13 22:53:34,312 p=5772 u=root n=ansible | TASK [openstack.kolla.baremetal : Ensure hostname does not point to 127.0.1.1 in /etc/hosts] ***
2023-03-13 22:53:34,847 p=5772 u=root n=ansible | ok: [localhost]
2023-03-13 22:53:34,941 p=5772 u=root n=ansible | TASK [openstack.kolla.baremetal : Generate /etc/hosts for all of the nodes] ****
2023-03-13 22:53:36,375 p=5772 u=root n=ansible | changed: [localhost]
2023-03-13 22:53:36,455 p=5772 u=root n=ansible | TASK [openstack.kolla.baremetal : Ensure unprivileged users can use ping] ******
2023-03-13 22:53:37,396 p=5772 u=root n=ansible | changed: [localhost]
2023-03-13 22:53:37,484 p=5772 u=root n=ansible | TASK [openstack.kolla.baremetal : Ensure /etc/cloud/cloud.cfg exists] **********
2023-03-13 22:53:38,602 p=5772 u=root n=ansible | ok: [localhost]
2023-03-13 22:53:38,790 p=5772 u=root n=ansible | TASK [openstack.kolla.baremetal : Disable cloud-init manage_etc_hosts] *********
2023-03-13 22:53:40,377 p=5772 u=root n=ansible | changed: [localhost]
2023-03-13 22:53:40,463 p=5772 u=root n=ansible | TASK [openstack.kolla.baremetal : Set firewall default policy] *****************
2023-03-13 22:53:40,529 p=5772 u=root n=ansible | skipping: [localhost]
2023-03-13 22:53:40,627 p=5772 u=root n=ansible | TASK [openstack.kolla.baremetal : Check if firewalld is installed] *************
2023-03-13 22:53:41,591 p=5772 u=root n=ansible | ok: [localhost]
2023-03-13 22:53:41,686 p=5772 u=root n=ansible | TASK [openstack.kolla.baremetal : Disable firewalld] ***************************
2023-03-13 22:53:41,758 p=5772 u=root n=ansible | skipping: [localhost] => (item=firewalld) 
2023-03-13 22:53:41,886 p=5772 u=root n=ansible | TASK [openstack.kolla.docker : Fail if docker_custom_option is defined] ********
2023-03-13 22:53:42,057 p=5772 u=root n=ansible | skipping: [localhost]
2023-03-13 22:53:42,145 p=5772 u=root n=ansible | TASK [openstack.kolla.docker : include_tasks] **********************************
2023-03-13 22:53:42,186 p=5772 u=root n=ansible | skipping: [localhost]
2023-03-13 22:53:42,274 p=5772 u=root n=ansible | TASK [openstack.kolla.docker : Ensure docker config directory exists] **********
2023-03-13 22:53:43,180 p=5772 u=root n=ansible | ok: [localhost]
2023-03-13 22:53:43,333 p=5772 u=root n=ansible | TASK [openstack.kolla.docker : Write docker config] ****************************
2023-03-13 22:53:44,626 p=5772 u=root n=ansible | changed: [localhost]
2023-03-13 22:53:44,711 p=5772 u=root n=ansible | TASK [openstack.kolla.docker : Remove old docker options file] *****************
2023-03-13 22:53:45,235 p=5772 u=root n=ansible | ok: [localhost]
2023-03-13 22:53:45,322 p=5772 u=root n=ansible | TASK [openstack.kolla.docker : Ensure docker service directory exists] *********
2023-03-13 22:53:45,371 p=5772 u=root n=ansible | skipping: [localhost]
2023-03-13 22:53:45,460 p=5772 u=root n=ansible | TASK [openstack.kolla.docker : Configure docker service] ***********************
2023-03-13 22:53:45,513 p=5772 u=root n=ansible | skipping: [localhost]
2023-03-13 22:53:45,602 p=5772 u=root n=ansible | TASK [openstack.kolla.docker : Ensure the path for CA file for private registry exists] ***
2023-03-13 22:53:45,658 p=5772 u=root n=ansible | skipping: [localhost]
2023-03-13 22:53:45,745 p=5772 u=root n=ansible | TASK [openstack.kolla.docker : Ensure the CA file for private registry exists] ***
2023-03-13 22:53:45,796 p=5772 u=root n=ansible | skipping: [localhost]
2023-03-13 22:53:45,882 p=5772 u=root n=ansible | TASK [openstack.kolla.docker : Flush handlers] *********************************
2023-03-13 22:53:45,882 p=5772 u=root n=ansible | RUNNING HANDLER [openstack.kolla.docker : Restart docker] **********************
2023-03-13 22:53:51,260 p=5772 u=root n=ansible | changed: [localhost]
2023-03-13 22:53:51,369 p=5772 u=root n=ansible | TASK [openstack.kolla.docker : Start and enable docker] ************************
2023-03-13 22:53:52,268 p=5772 u=root n=ansible | ok: [localhost]
2023-03-13 22:53:52,370 p=5772 u=root n=ansible | TASK [openstack.kolla.docker : include_tasks] **********************************
2023-03-13 22:53:52,420 p=5772 u=root n=ansible | skipping: [localhost]
2023-03-13 22:53:52,696 p=5772 u=root n=ansible | TASK [openstack.kolla.kolla_user : Ensure groups are present] ******************
2023-03-13 22:53:52,768 p=5772 u=root n=ansible | skipping: [localhost] => (item=docker) 
2023-03-13 22:53:52,786 p=5772 u=root n=ansible | skipping: [localhost] => (item=sudo) 
2023-03-13 22:53:52,798 p=5772 u=root n=ansible | skipping: [localhost] => (item=kolla) 
2023-03-13 22:53:52,938 p=5772 u=root n=ansible | TASK [openstack.kolla.kolla_user : Create kolla user] **************************
2023-03-13 22:53:52,980 p=5772 u=root n=ansible | skipping: [localhost]
2023-03-13 22:53:53,074 p=5772 u=root n=ansible | TASK [openstack.kolla.kolla_user : Add public key to kolla user authorized keys] ***
2023-03-13 22:53:53,115 p=5772 u=root n=ansible | skipping: [localhost]
2023-03-13 22:53:53,209 p=5772 u=root n=ansible | TASK [openstack.kolla.kolla_user : Grant kolla user passwordless sudo] *********
2023-03-13 22:53:53,250 p=5772 u=root n=ansible | skipping: [localhost]
2023-03-13 22:53:53,424 p=5772 u=root n=ansible | TASK [openstack.kolla.docker_sdk : Install latest pip in the virtualenv] *******
2023-03-13 22:53:53,487 p=5772 u=root n=ansible | skipping: [localhost]
2023-03-13 22:53:53,575 p=5772 u=root n=ansible | TASK [openstack.kolla.docker_sdk : Install docker SDK for python] **************
2023-03-13 22:54:19,781 p=5772 u=root n=ansible | ok: [localhost]
2023-03-13 22:54:19,944 p=5772 u=root n=ansible | TASK [openstack.kolla.baremetal : Ensure node_config_directory directory exists] ***
2023-03-13 22:54:20,539 p=5772 u=root n=ansible | ok: [localhost]
2023-03-13 22:54:20,639 p=5772 u=root n=ansible | TASK [openstack.kolla.apparmor_libvirt : include_tasks] ************************
2023-03-13 22:54:20,676 p=5772 u=root n=ansible | skipping: [localhost]
2023-03-13 22:54:20,835 p=5772 u=root n=ansible | TASK [openstack.kolla.baremetal : Change state of selinux] *********************
2023-03-13 22:54:22,329 p=5772 u=root n=ansible | ok: [localhost]
2023-03-13 22:54:22,412 p=5772 u=root n=ansible | TASK [openstack.kolla.baremetal : Set https proxy for git] *********************
2023-03-13 22:54:22,455 p=5772 u=root n=ansible | skipping: [localhost]
2023-03-13 22:54:22,569 p=5772 u=root n=ansible | TASK [openstack.kolla.baremetal : Set http proxy for git] **********************
2023-03-13 22:54:22,628 p=5772 u=root n=ansible | skipping: [localhost]
2023-03-13 22:54:22,712 p=5772 u=root n=ansible | TASK [openstack.kolla.baremetal : include_tasks] *******************************
2023-03-13 22:54:22,750 p=5772 u=root n=ansible | skipping: [localhost]
2023-03-13 22:54:22,994 p=5772 u=root n=ansible | PLAY RECAP *********************************************************************
2023-03-13 22:54:22,995 p=5772 u=root n=ansible | localhost                  : ok=17   changed=6    unreachable=0    failed=0    skipped=18   rescued=0    ignored=0   
