2023-04-24 07:27:22,981 p=5757 u=root n=ansible | [WARNING]: Invalid characters were found in group names but not replaced, use
-vvvv to see details

2023-04-24 07:27:26,010 p=5757 u=root n=ansible | PLAY [Gather facts for all hosts] **********************************************
2023-04-24 07:27:26,339 p=5757 u=root n=ansible | TASK [Gather facts] ************************************************************
2023-04-24 07:27:29,816 p=5757 u=root n=ansible | ok: [localhost]
2023-04-24 07:27:29,897 p=5757 u=root n=ansible | TASK [Group hosts to determine when using --limit] *****************************
2023-04-24 07:27:29,975 p=5757 u=root n=ansible | ok: [localhost]
2023-04-24 07:27:30,152 p=5757 u=root n=ansible | [WARNING]: Could not match supplied host pattern, ignoring:
all_using_limit_True

2023-04-24 07:27:30,163 p=5757 u=root n=ansible | PLAY [Gather facts for all hosts (if using --limit)] ***************************
2023-04-24 07:27:30,163 p=5757 u=root n=ansible | skipping: no hosts matched
2023-04-24 07:27:30,174 p=5757 u=root n=ansible | PLAY [Apply role baremetal] ****************************************************
2023-04-24 07:27:30,409 p=5757 u=root n=ansible | TASK [openstack.kolla.baremetal : Ensure localhost in /etc/hosts] **************
2023-04-24 07:27:31,397 p=5757 u=root n=ansible | changed: [localhost]
2023-04-24 07:27:31,494 p=5757 u=root n=ansible | TASK [openstack.kolla.baremetal : Ensure hostname does not point to 127.0.1.1 in /etc/hosts] ***
2023-04-24 07:27:32,127 p=5757 u=root n=ansible | ok: [localhost]
2023-04-24 07:27:32,219 p=5757 u=root n=ansible | TASK [openstack.kolla.baremetal : Generate /etc/hosts for all of the nodes] ****
2023-04-24 07:27:33,897 p=5757 u=root n=ansible | changed: [localhost]
2023-04-24 07:27:33,989 p=5757 u=root n=ansible | TASK [openstack.kolla.baremetal : Ensure unprivileged users can use ping] ******
2023-04-24 07:27:34,973 p=5757 u=root n=ansible | changed: [localhost]
2023-04-24 07:27:35,062 p=5757 u=root n=ansible | TASK [openstack.kolla.baremetal : Ensure /etc/cloud/cloud.cfg exists] **********
2023-04-24 07:27:36,140 p=5757 u=root n=ansible | ok: [localhost]
2023-04-24 07:27:36,233 p=5757 u=root n=ansible | TASK [openstack.kolla.baremetal : Disable cloud-init manage_etc_hosts] *********
2023-04-24 07:27:37,852 p=5757 u=root n=ansible | changed: [localhost]
2023-04-24 07:27:37,954 p=5757 u=root n=ansible | TASK [openstack.kolla.baremetal : Set firewall default policy] *****************
2023-04-24 07:27:38,027 p=5757 u=root n=ansible | skipping: [localhost]
2023-04-24 07:27:38,142 p=5757 u=root n=ansible | TASK [openstack.kolla.baremetal : Check if firewalld is installed] *************
2023-04-24 07:27:39,221 p=5757 u=root n=ansible | ok: [localhost]
2023-04-24 07:27:39,360 p=5757 u=root n=ansible | TASK [openstack.kolla.baremetal : Disable firewalld] ***************************
2023-04-24 07:27:39,455 p=5757 u=root n=ansible | skipping: [localhost] => (item=firewalld) 
2023-04-24 07:27:39,553 p=5757 u=root n=ansible | TASK [openstack.kolla.docker : Fail if docker_custom_option is defined] ********
2023-04-24 07:27:39,685 p=5757 u=root n=ansible | skipping: [localhost]
2023-04-24 07:27:39,774 p=5757 u=root n=ansible | TASK [openstack.kolla.docker : include_tasks] **********************************
2023-04-24 07:27:39,820 p=5757 u=root n=ansible | skipping: [localhost]
2023-04-24 07:27:39,910 p=5757 u=root n=ansible | TASK [openstack.kolla.docker : Ensure docker config directory exists] **********
2023-04-24 07:27:40,991 p=5757 u=root n=ansible | ok: [localhost]
2023-04-24 07:27:41,079 p=5757 u=root n=ansible | TASK [openstack.kolla.docker : Write docker config] ****************************
2023-04-24 07:27:42,493 p=5757 u=root n=ansible | changed: [localhost]
2023-04-24 07:27:42,595 p=5757 u=root n=ansible | TASK [openstack.kolla.docker : Remove old docker options file] *****************
2023-04-24 07:27:43,177 p=5757 u=root n=ansible | ok: [localhost]
2023-04-24 07:27:43,267 p=5757 u=root n=ansible | TASK [openstack.kolla.docker : Ensure docker service directory exists] *********
2023-04-24 07:27:43,327 p=5757 u=root n=ansible | skipping: [localhost]
2023-04-24 07:27:43,423 p=5757 u=root n=ansible | TASK [openstack.kolla.docker : Configure docker service] ***********************
2023-04-24 07:27:43,480 p=5757 u=root n=ansible | skipping: [localhost]
2023-04-24 07:27:43,574 p=5757 u=root n=ansible | TASK [openstack.kolla.docker : Ensure the path for CA file for private registry exists] ***
2023-04-24 07:27:43,629 p=5757 u=root n=ansible | skipping: [localhost]
2023-04-24 07:27:43,717 p=5757 u=root n=ansible | TASK [openstack.kolla.docker : Ensure the CA file for private registry exists] ***
2023-04-24 07:27:43,793 p=5757 u=root n=ansible | skipping: [localhost]
2023-04-24 07:27:43,884 p=5757 u=root n=ansible | TASK [openstack.kolla.docker : Flush handlers] *********************************
2023-04-24 07:27:43,885 p=5757 u=root n=ansible | RUNNING HANDLER [openstack.kolla.docker : Restart docker] **********************
2023-04-24 07:27:47,522 p=5757 u=root n=ansible | changed: [localhost]
2023-04-24 07:27:47,676 p=5757 u=root n=ansible | TASK [openstack.kolla.docker : Start and enable docker] ************************
2023-04-24 07:27:48,585 p=5757 u=root n=ansible | ok: [localhost]
2023-04-24 07:27:48,686 p=5757 u=root n=ansible | TASK [openstack.kolla.docker : include_tasks] **********************************
2023-04-24 07:27:48,732 p=5757 u=root n=ansible | skipping: [localhost]
2023-04-24 07:27:48,947 p=5757 u=root n=ansible | TASK [openstack.kolla.kolla_user : Ensure groups are present] ******************
2023-04-24 07:27:49,006 p=5757 u=root n=ansible | skipping: [localhost] => (item=docker) 
2023-04-24 07:27:49,012 p=5757 u=root n=ansible | skipping: [localhost] => (item=sudo) 
2023-04-24 07:27:49,018 p=5757 u=root n=ansible | skipping: [localhost] => (item=kolla) 
2023-04-24 07:27:49,109 p=5757 u=root n=ansible | TASK [openstack.kolla.kolla_user : Create kolla user] **************************
2023-04-24 07:27:49,175 p=5757 u=root n=ansible | skipping: [localhost]
2023-04-24 07:27:49,266 p=5757 u=root n=ansible | TASK [openstack.kolla.kolla_user : Add public key to kolla user authorized keys] ***
2023-04-24 07:27:49,315 p=5757 u=root n=ansible | skipping: [localhost]
2023-04-24 07:27:49,405 p=5757 u=root n=ansible | TASK [openstack.kolla.kolla_user : Grant kolla user passwordless sudo] *********
2023-04-24 07:27:49,453 p=5757 u=root n=ansible | skipping: [localhost]
2023-04-24 07:27:49,644 p=5757 u=root n=ansible | TASK [openstack.kolla.docker_sdk : Install latest pip in the virtualenv] *******
2023-04-24 07:27:49,718 p=5757 u=root n=ansible | skipping: [localhost]
2023-04-24 07:27:49,820 p=5757 u=root n=ansible | TASK [openstack.kolla.docker_sdk : Install docker SDK for python] **************
2023-04-24 07:28:15,123 p=5757 u=root n=ansible | ok: [localhost]
2023-04-24 07:28:15,332 p=5757 u=root n=ansible | TASK [openstack.kolla.baremetal : Ensure node_config_directory directory exists] ***
2023-04-24 07:28:15,939 p=5757 u=root n=ansible | ok: [localhost]
2023-04-24 07:28:16,079 p=5757 u=root n=ansible | TASK [openstack.kolla.apparmor_libvirt : include_tasks] ************************
2023-04-24 07:28:16,136 p=5757 u=root n=ansible | skipping: [localhost]
2023-04-24 07:28:16,365 p=5757 u=root n=ansible | TASK [openstack.kolla.baremetal : Change state of selinux] *********************
2023-04-24 07:28:18,167 p=5757 u=root n=ansible | ok: [localhost]
2023-04-24 07:28:18,262 p=5757 u=root n=ansible | TASK [openstack.kolla.baremetal : Set https proxy for git] *********************
2023-04-24 07:28:18,307 p=5757 u=root n=ansible | skipping: [localhost]
2023-04-24 07:28:18,453 p=5757 u=root n=ansible | TASK [openstack.kolla.baremetal : Set http proxy for git] **********************
2023-04-24 07:28:18,497 p=5757 u=root n=ansible | skipping: [localhost]
2023-04-24 07:28:18,582 p=5757 u=root n=ansible | TASK [openstack.kolla.baremetal : include_tasks] *******************************
2023-04-24 07:28:18,623 p=5757 u=root n=ansible | skipping: [localhost]
2023-04-24 07:28:18,949 p=5757 u=root n=ansible | PLAY RECAP *********************************************************************
2023-04-24 07:28:18,950 p=5757 u=root n=ansible | localhost                  : ok=17   changed=6    unreachable=0    failed=0    skipped=18   rescued=0    ignored=0   
