2023-02-15 21:23:50.447034 2023-02-15 21:23:50.444 41 WARNING keystone.common.rbac_enforcer.enforcer [None req-0457cc51-9dad-4855-8b9a-3e5b10ecc4ab 1fd44cec3f5349aba07b723e049336ef - - all default -] Deprecated policy rules found. Use oslopolicy-policy-generator and oslopolicy-policy-upgrade to detect and resolve deprecated policies in your configuration.\x1b[00m
2023-02-15 21:23:51.368982 2023-02-15 21:23:51.367 39 WARNING keystone.common.rbac_enforcer.enforcer [None req-8dff61a2-a7c2-4b4f-a491-71dc69bf8f0a 1fd44cec3f5349aba07b723e049336ef - - all default -] Deprecated policy rules found. Use oslopolicy-policy-generator and oslopolicy-policy-upgrade to detect and resolve deprecated policies in your configuration.\x1b[00m
2023-02-15 21:23:59.196644 2023-02-15 21:23:59.194 40 WARNING keystone.common.rbac_enforcer.enforcer [None req-df74411f-cecd-473a-88c6-1f3ccca49956 1fd44cec3f5349aba07b723e049336ef - - all default -] Deprecated policy rules found. Use oslopolicy-policy-generator and oslopolicy-policy-upgrade to detect and resolve deprecated policies in your configuration.\x1b[00m
2023-02-15 21:25:16.651995 2023-02-15 21:25:16.639 41 ERROR keystone.server.flask.application [None req-7fe8d0fc-5fac-45c2-ace5-fe967a1931f1 1fd44cec3f5349aba07b723e049336ef - - all default -] Could not find project: service.: keystone.exception.ProjectNotFound: Could not find project: service.
2023-02-15 21:25:16.652044 2023-02-15 21:25:16.639 41 ERROR keystone.server.flask.application Traceback (most recent call last):
2023-02-15 21:25:16.652057 2023-02-15 21:25:16.639 41 ERROR keystone.server.flask.application   File "/var/lib/kolla/venv/lib/python3.9/site-packages/flask/app.py", line 1820, in full_dispatch_request
2023-02-15 21:25:16.652068 2023-02-15 21:25:16.639 41 ERROR keystone.server.flask.application     rv = self.dispatch_request()
2023-02-15 21:25:16.652077 2023-02-15 21:25:16.639 41 ERROR keystone.server.flask.application   File "/var/lib/kolla/venv/lib/python3.9/site-packages/flask/app.py", line 1796, in dispatch_request
2023-02-15 21:25:16.652240 2023-02-15 21:25:16.639 41 ERROR keystone.server.flask.application     return self.ensure_sync(self.view_functions[rule.endpoint])(**view_args)
2023-02-15 21:25:16.652260 2023-02-15 21:25:16.639 41 ERROR keystone.server.flask.application   File "/var/lib/kolla/venv/lib/python3.9/site-packages/flask_restful/__init__.py", line 467, in wrapper
2023-02-15 21:25:16.652270 2023-02-15 21:25:16.639 41 ERROR keystone.server.flask.application     resp = resource(*args, **kwargs)
2023-02-15 21:25:16.652318 2023-02-15 21:25:16.639 41 ERROR keystone.server.flask.application   File "/var/lib/kolla/venv/lib/python3.9/site-packages/flask/views.py", line 107, in view
2023-02-15 21:25:16.652335 2023-02-15 21:25:16.639 41 ERROR keystone.server.flask.application     return current_app.ensure_sync(self.dispatch_request)(**kwargs)
2023-02-15 21:25:16.652346 2023-02-15 21:25:16.639 41 ERROR keystone.server.flask.application   File "/var/lib/kolla/venv/lib/python3.9/site-packages/flask_restful/__init__.py", line 582, in dispatch_request
2023-02-15 21:25:16.652355 2023-02-15 21:25:16.639 41 ERROR keystone.server.flask.application     resp = meth(*args, **kwargs)
2023-02-15 21:25:16.652365 2023-02-15 21:25:16.639 41 ERROR keystone.server.flask.application   File "/var/lib/kolla/venv/lib/python3.9/site-packages/keystone/api/projects.py", line 151, in get
2023-02-15 21:25:16.652375 2023-02-15 21:25:16.639 41 ERROR keystone.server.flask.application     return self._get_project(project_id)
2023-02-15 21:25:16.652384 2023-02-15 21:25:16.639 41 ERROR keystone.server.flask.application   File "/var/lib/kolla/venv/lib/python3.9/site-packages/keystone/api/projects.py", line 107, in _get_project
2023-02-15 21:25:16.652394 2023-02-15 21:25:16.639 41 ERROR keystone.server.flask.application     project = PROVIDERS.resource_api.get_project(project_id)
2023-02-15 21:25:16.652404 2023-02-15 21:25:16.639 41 ERROR keystone.server.flask.application   File "/var/lib/kolla/venv/lib/python3.9/site-packages/keystone/common/manager.py", line 115, in wrapped
2023-02-15 21:25:16.652437 2023-02-15 21:25:16.639 41 ERROR keystone.server.flask.application     __ret_val = __f(*args, **kwargs)
2023-02-15 21:25:16.652449 2023-02-15 21:25:16.639 41 ERROR keystone.server.flask.application   File "/var/lib/kolla/venv/lib/python3.9/site-packages/decorator.py", line 232, in fun
2023-02-15 21:25:16.652458 2023-02-15 21:25:16.639 41 ERROR keystone.server.flask.application     return caller(func, *(extras + args), **kw)
2023-02-15 21:25:16.652479 2023-02-15 21:25:16.639 41 ERROR keystone.server.flask.application   File "/var/lib/kolla/venv/lib/python3.9/site-packages/dogpile/cache/region.py", line 1577, in get_or_create_for_user_func
2023-02-15 21:25:16.652492 2023-02-15 21:25:16.639 41 ERROR keystone.server.flask.application     return self.get_or_create(
2023-02-15 21:25:16.652502 2023-02-15 21:25:16.639 41 ERROR keystone.server.flask.application   File "/var/lib/kolla/venv/lib/python3.9/site-packages/dogpile/cache/region.py", line 1042, in get_or_create
2023-02-15 21:25:16.652512 2023-02-15 21:25:16.639 41 ERROR keystone.server.flask.application     with Lock(
2023-02-15 21:25:16.652521 2023-02-15 21:25:16.639 41 ERROR keystone.server.flask.application   File "/var/lib/kolla/venv/lib/python3.9/site-packages/dogpile/lock.py", line 185, in __enter__
2023-02-15 21:25:16.652531 2023-02-15 21:25:16.639 41 ERROR keystone.server.flask.application     return self._enter()
2023-02-15 21:25:16.652540 2023-02-15 21:25:16.639 41 ERROR keystone.server.flask.application   File "/var/lib/kolla/venv/lib/python3.9/site-packages/dogpile/lock.py", line 94, in _enter
2023-02-15 21:25:16.652550 2023-02-15 21:25:16.639 41 ERROR keystone.server.flask.application     generated = self._enter_create(value, createdtime)
2023-02-15 21:25:16.652559 2023-02-15 21:25:16.639 41 ERROR keystone.server.flask.application   File "/var/lib/kolla/venv/lib/python3.9/site-packages/dogpile/lock.py", line 178, in _enter_create
2023-02-15 21:25:16.652568 2023-02-15 21:25:16.639 41 ERROR keystone.server.flask.application     return self.creator()
2023-02-15 21:25:16.652578 2023-02-15 21:25:16.639 41 ERROR keystone.server.flask.application   File "/var/lib/kolla/venv/lib/python3.9/site-packages/dogpile/cache/region.py", line 995, in gen_value
2023-02-15 21:25:16.652587 2023-02-15 21:25:16.639 41 ERROR keystone.server.flask.application     created_value = creator(
2023-02-15 21:25:16.652596 2023-02-15 21:25:16.639 41 ERROR keystone.server.flask.application   File "/var/lib/kolla/venv/lib/python3.9/site-packages/keystone/resource/core.py", line 903, in get_project
2023-02-15 21:25:16.652606 2023-02-15 21:25:16.639 41 ERROR keystone.server.flask.application     return self.driver.get_project(project_id)
2023-02-15 21:25:16.652615 2023-02-15 21:25:16.639 41 ERROR keystone.server.flask.application   File "/var/lib/kolla/venv/lib/python3.9/site-packages/keystone/resource/backends/sql.py", line 49, in get_project
2023-02-15 21:25:16.652625 2023-02-15 21:25:16.639 41 ERROR keystone.server.flask.application     return self._get_project(session, project_id).to_dict()
2023-02-15 21:25:16.652634 2023-02-15 21:25:16.639 41 ERROR keystone.server.flask.application   File "/var/lib/kolla/venv/lib/python3.9/site-packages/keystone/resource/backends/sql.py", line 44, in _get_project
2023-02-15 21:25:16.652644 2023-02-15 21:25:16.639 41 ERROR keystone.server.flask.application     raise exception.ProjectNotFound(project_id=project_id)
2023-02-15 21:25:16.652653 2023-02-15 21:25:16.639 41 ERROR keystone.server.flask.application keystone.exception.ProjectNotFound: Could not find project: service.
2023-02-15 21:25:16.652662 2023-02-15 21:25:16.639 41 ERROR keystone.server.flask.application \x1b[00m
2023-02-15 21:25:25.978091 2023-02-15 21:25:25.967 40 ERROR keystone.server.flask.application [None req-382e88cb-5586-4568-bd90-14506415c843 1fd44cec3f5349aba07b723e049336ef - - all default -] Could not find project: service.: keystone.exception.ProjectNotFound: Could not find project: service.
2023-02-15 21:25:25.978140 2023-02-15 21:25:25.967 40 ERROR keystone.server.flask.application Traceback (most recent call last):
2023-02-15 21:25:25.978176 2023-02-15 21:25:25.967 40 ERROR keystone.server.flask.application   File "/var/lib/kolla/venv/lib/python3.9/site-packages/flask/app.py", line 1820, in full_dispatch_request
2023-02-15 21:25:25.978188 2023-02-15 21:25:25.967 40 ERROR keystone.server.flask.application     rv = self.dispatch_request()
2023-02-15 21:25:25.978198 2023-02-15 21:25:25.967 40 ERROR keystone.server.flask.application   File "/var/lib/kolla/venv/lib/python3.9/site-packages/flask/app.py", line 1796, in dispatch_request
2023-02-15 21:25:25.978209 2023-02-15 21:25:25.967 40 ERROR keystone.server.flask.application     return self.ensure_sync(self.view_functions[rule.endpoint])(**view_args)
2023-02-15 21:25:25.978218 2023-02-15 21:25:25.967 40 ERROR keystone.server.flask.application   File "/var/lib/kolla/venv/lib/python3.9/site-packages/flask_restful/__init__.py", line 467, in wrapper
2023-02-15 21:25:25.978228 2023-02-15 21:25:25.967 40 ERROR keystone.server.flask.application     resp = resource(*args, **kwargs)
2023-02-15 21:25:25.978237 2023-02-15 21:25:25.967 40 ERROR keystone.server.flask.application   File "/var/lib/kolla/venv/lib/python3.9/site-packages/flask/views.py", line 107, in view
2023-02-15 21:25:25.978247 2023-02-15 21:25:25.967 40 ERROR keystone.server.flask.application     return current_app.ensure_sync(self.dispatch_request)(**kwargs)
2023-02-15 21:25:25.978256 2023-02-15 21:25:25.967 40 ERROR keystone.server.flask.application   File "/var/lib/kolla/venv/lib/python3.9/site-packages/flask_restful/__init__.py", line 582, in dispatch_request
2023-02-15 21:25:25.978266 2023-02-15 21:25:25.967 40 ERROR keystone.server.flask.application     resp = meth(*args, **kwargs)
2023-02-15 21:25:25.978275 2023-02-15 21:25:25.967 40 ERROR keystone.server.flask.application   File "/var/lib/kolla/venv/lib/python3.9/site-packages/keystone/api/projects.py", line 151, in get
2023-02-15 21:25:25.978309 2023-02-15 21:25:25.967 40 ERROR keystone.server.flask.application     return self._get_project(project_id)
2023-02-15 21:25:25.978323 2023-02-15 21:25:25.967 40 ERROR keystone.server.flask.application   File "/var/lib/kolla/venv/lib/python3.9/site-packages/keystone/api/projects.py", line 107, in _get_project
2023-02-15 21:25:25.978333 2023-02-15 21:25:25.967 40 ERROR keystone.server.flask.application     project = PROVIDERS.resource_api.get_project(project_id)
2023-02-15 21:25:25.978342 2023-02-15 21:25:25.967 40 ERROR keystone.server.flask.application   File "/var/lib/kolla/venv/lib/python3.9/site-packages/keystone/common/manager.py", line 115, in wrapped
2023-02-15 21:25:25.978352 2023-02-15 21:25:25.967 40 ERROR keystone.server.flask.application     __ret_val = __f(*args, **kwargs)
2023-02-15 21:25:25.978361 2023-02-15 21:25:25.967 40 ERROR keystone.server.flask.application   File "/var/lib/kolla/venv/lib/python3.9/site-packages/decorator.py", line 232, in fun
2023-02-15 21:25:25.978370 2023-02-15 21:25:25.967 40 ERROR keystone.server.flask.application     return caller(func, *(extras + args), **kw)
2023-02-15 21:25:25.978380 2023-02-15 21:25:25.967 40 ERROR keystone.server.flask.application   File "/var/lib/kolla/venv/lib/python3.9/site-packages/dogpile/cache/region.py", line 1577, in get_or_create_for_user_func
2023-02-15 21:25:25.978390 2023-02-15 21:25:25.967 40 ERROR keystone.server.flask.application     return self.get_or_create(
2023-02-15 21:25:25.978399 2023-02-15 21:25:25.967 40 ERROR keystone.server.flask.application   File "/var/lib/kolla/venv/lib/python3.9/site-packages/dogpile/cache/region.py", line 1042, in get_or_create
2023-02-15 21:25:25.978410 2023-02-15 21:25:25.967 40 ERROR keystone.server.flask.application     with Lock(
2023-02-15 21:25:25.978419 2023-02-15 21:25:25.967 40 ERROR keystone.server.flask.application   File "/var/lib/kolla/venv/lib/python3.9/site-packages/dogpile/lock.py", line 185, in __enter__
2023-02-15 21:25:25.978428 2023-02-15 21:25:25.967 40 ERROR keystone.server.flask.application     return self._enter()
2023-02-15 21:25:25.978450 2023-02-15 21:25:25.967 40 ERROR keystone.server.flask.application   File "/var/lib/kolla/venv/lib/python3.9/site-packages/dogpile/lock.py", line 94, in _enter
2023-02-15 21:25:25.978461 2023-02-15 21:25:25.967 40 ERROR keystone.server.flask.application     generated = self._enter_create(value, createdtime)
2023-02-15 21:25:25.978471 2023-02-15 21:25:25.967 40 ERROR keystone.server.flask.application   File "/var/lib/kolla/venv/lib/python3.9/site-packages/dogpile/lock.py", line 178, in _enter_create
2023-02-15 21:25:25.978480 2023-02-15 21:25:25.967 40 ERROR keystone.server.flask.application     return self.creator()
2023-02-15 21:25:25.978490 2023-02-15 21:25:25.967 40 ERROR keystone.server.flask.application   File "/var/lib/kolla/venv/lib/python3.9/site-packages/dogpile/cache/region.py", line 995, in gen_value
2023-02-15 21:25:25.978499 2023-02-15 21:25:25.967 40 ERROR keystone.server.flask.application     created_value = creator(
2023-02-15 21:25:25.978508 2023-02-15 21:25:25.967 40 ERROR keystone.server.flask.application   File "/var/lib/kolla/venv/lib/python3.9/site-packages/keystone/resource/core.py", line 903, in get_project
2023-02-15 21:25:25.978518 2023-02-15 21:25:25.967 40 ERROR keystone.server.flask.application     return self.driver.get_project(project_id)
2023-02-15 21:25:25.978528 2023-02-15 21:25:25.967 40 ERROR keystone.server.flask.application   File "/var/lib/kolla/venv/lib/python3.9/site-packages/keystone/resource/backends/sql.py", line 49, in get_project
2023-02-15 21:25:25.978537 2023-02-15 21:25:25.967 40 ERROR keystone.server.flask.application     return self._get_project(session, project_id).to_dict()
2023-02-15 21:25:25.978547 2023-02-15 21:25:25.967 40 ERROR keystone.server.flask.application   File "/var/lib/kolla/venv/lib/python3.9/site-packages/keystone/resource/backends/sql.py", line 44, in _get_project
2023-02-15 21:25:25.978556 2023-02-15 21:25:25.967 40 ERROR keystone.server.flask.application     raise exception.ProjectNotFound(project_id=project_id)
2023-02-15 21:25:25.978566 2023-02-15 21:25:25.967 40 ERROR keystone.server.flask.application keystone.exception.ProjectNotFound: Could not find project: service.
2023-02-15 21:25:25.978579 2023-02-15 21:25:25.967 40 ERROR keystone.server.flask.application \x1b[00m
2023-02-15 21:25:39.531865 2023-02-15 21:25:39.524 40 ERROR keystone.server.flask.application [None req-2ec3778c-81ca-4f16-938d-b705672515d9 1fd44cec3f5349aba07b723e049336ef - - all default -] Could not find role: admin.: keystone.exception.RoleNotFound: Could not find role: admin.
2023-02-15 21:25:39.531908 2023-02-15 21:25:39.524 40 ERROR keystone.server.flask.application Traceback (most recent call last):
2023-02-15 21:25:39.531920 2023-02-15 21:25:39.524 40 ERROR keystone.server.flask.application   File "/var/lib/kolla/venv/lib/python3.9/site-packages/flask/app.py", line 1820, in full_dispatch_request
2023-02-15 21:25:39.531930 2023-02-15 21:25:39.524 40 ERROR keystone.server.flask.application     rv = self.dispatch_request()
2023-02-15 21:25:39.531946 2023-02-15 21:25:39.524 40 ERROR keystone.server.flask.application   File "/var/lib/kolla/venv/lib/python3.9/site-packages/flask/app.py", line 1796, in dispatch_request
2023-02-15 21:25:39.531956 2023-02-15 21:25:39.524 40 ERROR keystone.server.flask.application     return self.ensure_sync(self.view_functions[rule.endpoint])(**view_args)
2023-02-15 21:25:39.531966 2023-02-15 21:25:39.524 40 ERROR keystone.server.flask.application   File "/var/lib/kolla/venv/lib/python3.9/site-packages/flask_restful/__init__.py", line 467, in wrapper
2023-02-15 21:25:39.531976 2023-02-15 21:25:39.524 40 ERROR keystone.server.flask.application     resp = resource(*args, **kwargs)
2023-02-15 21:25:39.531986 2023-02-15 21:25:39.524 40 ERROR keystone.server.flask.application   File "/var/lib/kolla/venv/lib/python3.9/site-packages/flask/views.py", line 107, in view
2023-02-15 21:25:39.532007 2023-02-15 21:25:39.524 40 ERROR keystone.server.flask.application     return current_app.ensure_sync(self.dispatch_request)(**kwargs)
2023-02-15 21:25:39.532016 2023-02-15 21:25:39.524 40 ERROR keystone.server.flask.application   File "/var/lib/kolla/venv/lib/python3.9/site-packages/flask_restful/__init__.py", line 582, in dispatch_request
2023-02-15 21:25:39.532041 2023-02-15 21:25:39.524 40 ERROR keystone.server.flask.application     resp = meth(*args, **kwargs)
2023-02-15 21:25:39.532052 2023-02-15 21:25:39.524 40 ERROR keystone.server.flask.application   File "/var/lib/kolla/venv/lib/python3.9/site-packages/keystone/api/roles.py", line 50, in get
2023-02-15 21:25:39.532062 2023-02-15 21:25:39.524 40 ERROR keystone.server.flask.application     return self._get_role(role_id)
2023-02-15 21:25:39.532072 2023-02-15 21:25:39.524 40 ERROR keystone.server.flask.application   File "/var/lib/kolla/venv/lib/python3.9/site-packages/keystone/api/roles.py", line 70, in _get_role
2023-02-15 21:25:39.532082 2023-02-15 21:25:39.524 40 ERROR keystone.server.flask.application     ENFORCER.enforce_call(action='identity:get_role')
2023-02-15 21:25:39.532092 2023-02-15 21:25:39.524 40 ERROR keystone.server.flask.application   File "/var/lib/kolla/venv/lib/python3.9/site-packages/keystone/common/rbac_enforcer/enforcer.py", line 402, in enforce_call
2023-02-15 21:25:39.532102 2023-02-15 21:25:39.524 40 ERROR keystone.server.flask.application     policy_dict.update(cls._extract_member_target_data(
2023-02-15 21:25:39.532120 2023-02-15 21:25:39.524 40 ERROR keystone.server.flask.application   File "/var/lib/kolla/venv/lib/python3.9/site-packages/keystone/common/rbac_enforcer/enforcer.py", line 234, in _extract_member_target_data
2023-02-15 21:25:39.532141 2023-02-15 21:25:39.524 40 ERROR keystone.server.flask.application     member_name: func(flask.request.view_args[key])
2023-02-15 21:25:39.532151 2023-02-15 21:25:39.524 40 ERROR keystone.server.flask.application   File "/var/lib/kolla/venv/lib/python3.9/site-packages/keystone/common/manager.py", line 115, in wrapped
2023-02-15 21:25:39.532395 2023-02-15 21:25:39.524 40 ERROR keystone.server.flask.application     __ret_val = __f(*args, **kwargs)
2023-02-15 21:25:39.532409 2023-02-15 21:25:39.524 40 ERROR keystone.server.flask.application   File "/var/lib/kolla/venv/lib/python3.9/site-packages/decorator.py", line 232, in fun
2023-02-15 21:25:39.532419 2023-02-15 21:25:39.524 40 ERROR keystone.server.flask.application     return caller(func, *(extras + args), **kw)
2023-02-15 21:25:39.532428 2023-02-15 21:25:39.524 40 ERROR keystone.server.flask.application   File "/var/lib/kolla/venv/lib/python3.9/site-packages/dogpile/cache/region.py", line 1577, in get_or_create_for_user_func
2023-02-15 21:25:39.532438 2023-02-15 21:25:39.524 40 ERROR keystone.server.flask.application     return self.get_or_create(
2023-02-15 21:25:39.532448 2023-02-15 21:25:39.524 40 ERROR keystone.server.flask.application   File "/var/lib/kolla/venv/lib/python3.9/site-packages/dogpile/cache/region.py", line 1042, in get_or_create
2023-02-15 21:25:39.532458 2023-02-15 21:25:39.524 40 ERROR keystone.server.flask.application     with Lock(
2023-02-15 21:25:39.532468 2023-02-15 21:25:39.524 40 ERROR keystone.server.flask.application   File "/var/lib/kolla/venv/lib/python3.9/site-packages/dogpile/lock.py", line 185, in __enter__
2023-02-15 21:25:39.532478 2023-02-15 21:25:39.524 40 ERROR keystone.server.flask.application     return self._enter()
2023-02-15 21:25:39.532487 2023-02-15 21:25:39.524 40 ERROR keystone.server.flask.application   File "/var/lib/kolla/venv/lib/python3.9/site-packages/dogpile/lock.py", line 94, in _enter
2023-02-15 21:25:39.532497 2023-02-15 21:25:39.524 40 ERROR keystone.server.flask.application     generated = self._enter_create(value, createdtime)
2023-02-15 21:25:39.532507 2023-02-15 21:25:39.524 40 ERROR keystone.server.flask.application   File "/var/lib/kolla/venv/lib/python3.9/site-packages/dogpile/lock.py", line 178, in _enter_create
2023-02-15 21:25:39.532517 2023-02-15 21:25:39.524 40 ERROR keystone.server.flask.application     return self.creator()
2023-02-15 21:25:39.532527 2023-02-15 21:25:39.524 40 ERROR keystone.server.flask.application   File "/var/lib/kolla/venv/lib/python3.9/site-packages/dogpile/cache/region.py", line 995, in gen_value
2023-02-15 21:25:39.532552 2023-02-15 21:25:39.524 40 ERROR keystone.server.flask.application     created_value = creator(
2023-02-15 21:25:39.532563 2023-02-15 21:25:39.524 40 ERROR keystone.server.flask.application   File "/var/lib/kolla/venv/lib/python3.9/site-packages/keystone/assignment/core.py", line 1276, in get_role
2023-02-15 21:25:39.532574 2023-02-15 21:25:39.524 40 ERROR keystone.server.flask.application     return self.driver.get_role(role_id)
2023-02-15 21:25:39.532583 2023-02-15 21:25:39.524 40 ERROR keystone.server.flask.application   File "/var/lib/kolla/venv/lib/python3.9/site-packages/keystone/assignment/role_backends/sql.py", line 70, in get_role
2023-02-15 21:25:39.532593 2023-02-15 21:25:39.524 40 ERROR keystone.server.flask.application     return self._get_role(session, role_id).to_dict()
2023-02-15 21:25:39.532603 2023-02-15 21:25:39.524 40 ERROR keystone.server.flask.application   File "/var/lib/kolla/venv/lib/python3.9/site-packages/keystone/assignment/role_backends/sql.py", line 65, in _get_role
2023-02-15 21:25:39.532613 2023-02-15 21:25:39.524 40 ERROR keystone.server.flask.application     raise exception.RoleNotFound(role_id=role_id)
2023-02-15 21:25:39.532623 2023-02-15 21:25:39.524 40 ERROR keystone.server.flask.application keystone.exception.RoleNotFound: Could not find role: admin.
2023-02-15 21:25:39.532633 2023-02-15 21:25:39.524 40 ERROR keystone.server.flask.application \x1b[00m
2023-02-15 21:25:40.574915 2023-02-15 21:25:40.568 40 ERROR keystone.server.flask.application [None req-986ff7ef-211a-4947-9f24-c4eecd83be0a 1fd44cec3f5349aba07b723e049336ef - - all default -] Could not find user: ironic.: keystone.exception.UserNotFound: Could not find user: ironic.
2023-02-15 21:25:40.574980 2023-02-15 21:25:40.568 40 ERROR keystone.server.flask.application Traceback (most recent call last):
2023-02-15 21:25:40.574992 2023-02-15 21:25:40.568 40 ERROR keystone.server.flask.application   File "/var/lib/kolla/venv/lib/python3.9/site-packages/flask/app.py", line 1820, in full_dispatch_request
2023-02-15 21:25:40.575002 2023-02-15 21:25:40.568 40 ERROR keystone.server.flask.application     rv = self.dispatch_request()
2023-02-15 21:25:40.575011 2023-02-15 21:25:40.568 40 ERROR keystone.server.flask.application   File "/var/lib/kolla/venv/lib/python3.9/site-packages/flask/app.py", line 1796, in dispatch_request
2023-02-15 21:25:40.575030 2023-02-15 21:25:40.568 40 ERROR keystone.server.flask.application     return self.ensure_sync(self.view_functions[rule.endpoint])(**view_args)
2023-02-15 21:25:40.575041 2023-02-15 21:25:40.568 40 ERROR keystone.server.flask.application   File "/var/lib/kolla/venv/lib/python3.9/site-packages/flask_restful/__init__.py", line 467, in wrapper
2023-02-15 21:25:40.575051 2023-02-15 21:25:40.568 40 ERROR keystone.server.flask.application     resp = resource(*args, **kwargs)
2023-02-15 21:25:40.575060 2023-02-15 21:25:40.568 40 ERROR keystone.server.flask.application   File "/var/lib/kolla/venv/lib/python3.9/site-packages/flask/views.py", line 107, in view
2023-02-15 21:25:40.575070 2023-02-15 21:25:40.568 40 ERROR keystone.server.flask.application     return current_app.ensure_sync(self.dispatch_request)(**kwargs)
2023-02-15 21:25:40.575079 2023-02-15 21:25:40.568 40 ERROR keystone.server.flask.application   File "/var/lib/kolla/venv/lib/python3.9/site-packages/flask_restful/__init__.py", line 582, in dispatch_request
2023-02-15 21:25:40.575088 2023-02-15 21:25:40.568 40 ERROR keystone.server.flask.application     resp = meth(*args, **kwargs)
2023-02-15 21:25:40.575098 2023-02-15 21:25:40.568 40 ERROR keystone.server.flask.application   File "/var/lib/kolla/venv/lib/python3.9/site-packages/keystone/api/users.py", line 182, in get
2023-02-15 21:25:40.575107 2023-02-15 21:25:40.568 40 ERROR keystone.server.flask.application     return self._get_user(user_id)
2023-02-15 21:25:40.575118 2023-02-15 21:25:40.568 40 ERROR keystone.server.flask.application   File "/var/lib/kolla/venv/lib/python3.9/site-packages/keystone/api/users.py", line 194, in _get_user
2023-02-15 21:25:40.575143 2023-02-15 21:25:40.568 40 ERROR keystone.server.flask.application     ref = PROVIDERS.identity_api.get_user(user_id)
2023-02-15 21:25:40.575154 2023-02-15 21:25:40.568 40 ERROR keystone.server.flask.application   File "/var/lib/kolla/venv/lib/python3.9/site-packages/keystone/common/manager.py", line 115, in wrapped
2023-02-15 21:25:40.575164 2023-02-15 21:25:40.568 40 ERROR keystone.server.flask.application     __ret_val = __f(*args, **kwargs)
2023-02-15 21:25:40.575173 2023-02-15 21:25:40.568 40 ERROR keystone.server.flask.application   File "/var/lib/kolla/venv/lib/python3.9/site-packages/keystone/identity/core.py", line 414, in wrapper
2023-02-15 21:25:40.575183 2023-02-15 21:25:40.568 40 ERROR keystone.server.flask.application     return f(self, *args, **kwargs)
2023-02-15 21:25:40.575192 2023-02-15 21:25:40.568 40 ERROR keystone.server.flask.application   File "/var/lib/kolla/venv/lib/python3.9/site-packages/keystone/identity/core.py", line 424, in wrapper
2023-02-15 21:25:40.575201 2023-02-15 21:25:40.568 40 ERROR keystone.server.flask.application     return f(self, *args, **kwargs)
2023-02-15 21:25:40.575211 2023-02-15 21:25:40.568 40 ERROR keystone.server.flask.application   File "/var/lib/kolla/venv/lib/python3.9/site-packages/decorator.py", line 232, in fun
2023-02-15 21:25:40.575220 2023-02-15 21:25:40.568 40 ERROR keystone.server.flask.application     return caller(func, *(extras + args), **kw)
2023-02-15 21:25:40.575230 2023-02-15 21:25:40.568 40 ERROR keystone.server.flask.application   File "/var/lib/kolla/venv/lib/python3.9/site-packages/dogpile/cache/region.py", line 1577, in get_or_create_for_user_func
2023-02-15 21:25:40.575239 2023-02-15 21:25:40.568 40 ERROR keystone.server.flask.application     return self.get_or_create(
2023-02-15 21:25:40.575248 2023-02-15 21:25:40.568 40 ERROR keystone.server.flask.application   File "/var/lib/kolla/venv/lib/python3.9/site-packages/dogpile/cache/region.py", line 1042, in get_or_create
2023-02-15 21:25:40.575258 2023-02-15 21:25:40.568 40 ERROR keystone.server.flask.application     with Lock(
2023-02-15 21:25:40.575267 2023-02-15 21:25:40.568 40 ERROR keystone.server.flask.application   File "/var/lib/kolla/venv/lib/python3.9/site-packages/dogpile/lock.py", line 185, in __enter__
2023-02-15 21:25:40.575277 2023-02-15 21:25:40.568 40 ERROR keystone.server.flask.application     return self._enter()
2023-02-15 21:25:40.575472 2023-02-15 21:25:40.568 40 ERROR keystone.server.flask.application   File "/var/lib/kolla/venv/lib/python3.9/site-packages/dogpile/lock.py", line 94, in _enter
2023-02-15 21:25:40.575485 2023-02-15 21:25:40.568 40 ERROR keystone.server.flask.application     generated = self._enter_create(value, createdtime)
2023-02-15 21:25:40.575495 2023-02-15 21:25:40.568 40 ERROR keystone.server.flask.application   File "/var/lib/kolla/venv/lib/python3.9/site-packages/dogpile/lock.py", line 178, in _enter_create
2023-02-15 21:25:40.575504 2023-02-15 21:25:40.568 40 ERROR keystone.server.flask.application     return self.creator()
2023-02-15 21:25:40.575514 2023-02-15 21:25:40.568 40 ERROR keystone.server.flask.application   File "/var/lib/kolla/venv/lib/python3.9/site-packages/dogpile/cache/region.py", line 995, in gen_value
2023-02-15 21:25:40.575523 2023-02-15 21:25:40.568 40 ERROR keystone.server.flask.application     created_value = creator(
2023-02-15 21:25:40.575532 2023-02-15 21:25:40.568 40 ERROR keystone.server.flask.application   File "/var/lib/kolla/venv/lib/python3.9/site-packages/keystone/identity/core.py", line 1011, in get_user
2023-02-15 21:25:40.575542 2023-02-15 21:25:40.568 40 ERROR keystone.server.flask.application     ref = driver.get_user(entity_id)
2023-02-15 21:25:40.575551 2023-02-15 21:25:40.568 40 ERROR keystone.server.flask.application   File "/var/lib/kolla/venv/lib/python3.9/site-packages/keystone/identity/backends/sql.py", line 200, in get_user
2023-02-15 21:25:40.575561 2023-02-15 21:25:40.568 40 ERROR keystone.server.flask.application     self._get_user(session, user_id).to_dict())
2023-02-15 21:25:40.575585 2023-02-15 21:25:40.568 40 ERROR keystone.server.flask.application   File "/var/lib/kolla/venv/lib/python3.9/site-packages/keystone/identity/backends/sql.py", line 194, in _get_user
2023-02-15 21:25:40.575596 2023-02-15 21:25:40.568 40 ERROR keystone.server.flask.application     raise exception.UserNotFound(user_id=user_id)
2023-02-15 21:25:40.575605 2023-02-15 21:25:40.568 40 ERROR keystone.server.flask.application keystone.exception.UserNotFound: Could not find user: ironic.
2023-02-15 21:25:40.575615 2023-02-15 21:25:40.568 40 ERROR keystone.server.flask.application \x1b[00m
2023-02-15 21:25:41.253603 2023-02-15 21:25:41.243 39 ERROR keystone.server.flask.application [None req-498e0b2f-0234-4217-9b85-54d734e03440 1fd44cec3f5349aba07b723e049336ef - - all default -] Could not find project: service.: keystone.exception.ProjectNotFound: Could not find project: service.
2023-02-15 21:25:41.253660 2023-02-15 21:25:41.243 39 ERROR keystone.server.flask.application Traceback (most recent call last):
2023-02-15 21:25:41.253677 2023-02-15 21:25:41.243 39 ERROR keystone.server.flask.application   File "/var/lib/kolla/venv/lib/python3.9/site-packages/flask/app.py", line 1820, in full_dispatch_request
2023-02-15 21:25:41.253730 2023-02-15 21:25:41.243 39 ERROR keystone.server.flask.application     rv = self.dispatch_request()
2023-02-15 21:25:41.253739 2023-02-15 21:25:41.243 39 ERROR keystone.server.flask.application   File "/var/lib/kolla/venv/lib/python3.9/site-packages/flask/app.py", line 1796, in dispatch_request
2023-02-15 21:25:41.253749 2023-02-15 21:25:41.243 39 ERROR keystone.server.flask.application     return self.ensure_sync(self.view_functions[rule.endpoint])(**view_args)
2023-02-15 21:25:41.253759 2023-02-15 21:25:41.243 39 ERROR keystone.server.flask.application   File "/var/lib/kolla/venv/lib/python3.9/site-packages/flask_restful/__init__.py", line 467, in wrapper
2023-02-15 21:25:41.253768 2023-02-15 21:25:41.243 39 ERROR keystone.server.flask.application     resp = resource(*args, **kwargs)
2023-02-15 21:25:41.253785 2023-02-15 21:25:41.243 39 ERROR keystone.server.flask.application   File "/var/lib/kolla/venv/lib/python3.9/site-packages/flask/views.py", line 107, in view
2023-02-15 21:25:41.253797 2023-02-15 21:25:41.243 39 ERROR keystone.server.flask.application     return current_app.ensure_sync(self.dispatch_request)(**kwargs)
2023-02-15 21:25:41.253807 2023-02-15 21:25:41.243 39 ERROR keystone.server.flask.application   File "/var/lib/kolla/venv/lib/python3.9/site-packages/flask_restful/__init__.py", line 582, in dispatch_request
2023-02-15 21:25:41.253816 2023-02-15 21:25:41.243 39 ERROR keystone.server.flask.application     resp = meth(*args, **kwargs)
2023-02-15 21:25:41.253825 2023-02-15 21:25:41.243 39 ERROR keystone.server.flask.application   File "/var/lib/kolla/venv/lib/python3.9/site-packages/keystone/api/projects.py", line 151, in get
2023-02-15 21:25:41.253835 2023-02-15 21:25:41.243 39 ERROR keystone.server.flask.application     return self._get_project(project_id)
2023-02-15 21:25:41.253844 2023-02-15 21:25:41.243 39 ERROR keystone.server.flask.application   File "/var/lib/kolla/venv/lib/python3.9/site-packages/keystone/api/projects.py", line 107, in _get_project
2023-02-15 21:25:41.253854 2023-02-15 21:25:41.243 39 ERROR keystone.server.flask.application     project = PROVIDERS.resource_api.get_project(project_id)
2023-02-15 21:25:41.253863 2023-02-15 21:25:41.243 39 ERROR keystone.server.flask.application   File "/var/lib/kolla/venv/lib/python3.9/site-packages/keystone/common/manager.py", line 115, in wrapped
2023-02-15 21:25:41.253872 2023-02-15 21:25:41.243 39 ERROR keystone.server.flask.application     __ret_val = __f(*args, **kwargs)
2023-02-15 21:25:41.253882 2023-02-15 21:25:41.243 39 ERROR keystone.server.flask.application   File "/var/lib/kolla/venv/lib/python3.9/site-packages/decorator.py", line 232, in fun
2023-02-15 21:25:41.253891 2023-02-15 21:25:41.243 39 ERROR keystone.server.flask.application     return caller(func, *(extras + args), **kw)
2023-02-15 21:25:41.253950 2023-02-15 21:25:41.243 39 ERROR keystone.server.flask.application   File "/var/lib/kolla/venv/lib/python3.9/site-packages/dogpile/cache/region.py", line 1577, in get_or_create_for_user_func
2023-02-15 21:25:41.253963 2023-02-15 21:25:41.243 39 ERROR keystone.server.flask.application     return self.get_or_create(
2023-02-15 21:25:41.253973 2023-02-15 21:25:41.243 39 ERROR keystone.server.flask.application   File "/var/lib/kolla/venv/lib/python3.9/site-packages/dogpile/cache/region.py", line 1042, in get_or_create
2023-02-15 21:25:41.253983 2023-02-15 21:25:41.243 39 ERROR keystone.server.flask.application     with Lock(
2023-02-15 21:25:41.253992 2023-02-15 21:25:41.243 39 ERROR keystone.server.flask.application   File "/var/lib/kolla/venv/lib/python3.9/site-packages/dogpile/lock.py", line 185, in __enter__
2023-02-15 21:25:41.254001 2023-02-15 21:25:41.243 39 ERROR keystone.server.flask.application     return self._enter()
2023-02-15 21:25:41.254010 2023-02-15 21:25:41.243 39 ERROR keystone.server.flask.application   File "/var/lib/kolla/venv/lib/python3.9/site-packages/dogpile/lock.py", line 94, in _enter
2023-02-15 21:25:41.254020 2023-02-15 21:25:41.243 39 ERROR keystone.server.flask.application     generated = self._enter_create(value, createdtime)
2023-02-15 21:25:41.254029 2023-02-15 21:25:41.243 39 ERROR keystone.server.flask.application   File "/var/lib/kolla/venv/lib/python3.9/site-packages/dogpile/lock.py", line 178, in _enter_create
2023-02-15 21:25:41.254038 2023-02-15 21:25:41.243 39 ERROR keystone.server.flask.application     return self.creator()
2023-02-15 21:25:41.254047 2023-02-15 21:25:41.243 39 ERROR keystone.server.flask.application   File "/var/lib/kolla/venv/lib/python3.9/site-packages/dogpile/cache/region.py", line 995, in gen_value
2023-02-15 21:25:41.254057 2023-02-15 21:25:41.243 39 ERROR keystone.server.flask.application     created_value = creator(
2023-02-15 21:25:41.254066 2023-02-15 21:25:41.243 39 ERROR keystone.server.flask.application   File "/var/lib/kolla/venv/lib/python3.9/site-packages/keystone/resource/core.py", line 903, in get_project
2023-02-15 21:25:41.254076 2023-02-15 21:25:41.243 39 ERROR keystone.server.flask.application     return self.driver.get_project(project_id)
2023-02-15 21:25:41.254085 2023-02-15 21:25:41.243 39 ERROR keystone.server.flask.application   File "/var/lib/kolla/venv/lib/python3.9/site-packages/keystone/resource/backends/sql.py", line 49, in get_project
2023-02-15 21:25:41.254094 2023-02-15 21:25:41.243 39 ERROR keystone.server.flask.application     return self._get_project(session, project_id).to_dict()
2023-02-15 21:25:41.254104 2023-02-15 21:25:41.243 39 ERROR keystone.server.flask.application   File "/var/lib/kolla/venv/lib/python3.9/site-packages/keystone/resource/backends/sql.py", line 44, in _get_project
2023-02-15 21:25:41.254113 2023-02-15 21:25:41.243 39 ERROR keystone.server.flask.application     raise exception.ProjectNotFound(project_id=project_id)
2023-02-15 21:25:41.254122 2023-02-15 21:25:41.243 39 ERROR keystone.server.flask.application keystone.exception.ProjectNotFound: Could not find project: service.
2023-02-15 21:25:41.254132 2023-02-15 21:25:41.243 39 ERROR keystone.server.flask.application \x1b[00m
2023-02-15 21:25:50.520172 2023-02-15 21:25:50.512 41 ERROR keystone.server.flask.application [None req-26a644f7-ff04-40c3-b3a0-1930c8dd318e 1fd44cec3f5349aba07b723e049336ef - - all default -] Could not find role: admin.: keystone.exception.RoleNotFound: Could not find role: admin.
2023-02-15 21:25:50.520359 2023-02-15 21:25:50.512 41 ERROR keystone.server.flask.application Traceback (most recent call last):
2023-02-15 21:25:50.520375 2023-02-15 21:25:50.512 41 ERROR keystone.server.flask.application   File "/var/lib/kolla/venv/lib/python3.9/site-packages/flask/app.py", line 1820, in full_dispatch_request
2023-02-15 21:25:50.520385 2023-02-15 21:25:50.512 41 ERROR keystone.server.flask.application     rv = self.dispatch_request()
2023-02-15 21:25:50.520394 2023-02-15 21:25:50.512 41 ERROR keystone.server.flask.application   File "/var/lib/kolla/venv/lib/python3.9/site-packages/flask/app.py", line 1796, in dispatch_request
2023-02-15 21:25:50.520418 2023-02-15 21:25:50.512 41 ERROR keystone.server.flask.application     return self.ensure_sync(self.view_functions[rule.endpoint])(**view_args)
2023-02-15 21:25:50.520429 2023-02-15 21:25:50.512 41 ERROR keystone.server.flask.application   File "/var/lib/kolla/venv/lib/python3.9/site-packages/flask_restful/__init__.py", line 467, in wrapper
2023-02-15 21:25:50.520438 2023-02-15 21:25:50.512 41 ERROR keystone.server.flask.application     resp = resource(*args, **kwargs)
2023-02-15 21:25:50.520447 2023-02-15 21:25:50.512 41 ERROR keystone.server.flask.application   File "/var/lib/kolla/venv/lib/python3.9/site-packages/flask/views.py", line 107, in view
2023-02-15 21:25:50.520457 2023-02-15 21:25:50.512 41 ERROR keystone.server.flask.application     return current_app.ensure_sync(self.dispatch_request)(**kwargs)
2023-02-15 21:25:50.520466 2023-02-15 21:25:50.512 41 ERROR keystone.server.flask.application   File "/var/lib/kolla/venv/lib/python3.9/site-packages/flask_restful/__init__.py", line 582, in dispatch_request
2023-02-15 21:25:50.520476 2023-02-15 21:25:50.512 41 ERROR keystone.server.flask.application     resp = meth(*args, **kwargs)
2023-02-15 21:25:50.520485 2023-02-15 21:25:50.512 41 ERROR keystone.server.flask.application   File "/var/lib/kolla/venv/lib/python3.9/site-packages/keystone/api/roles.py", line 50, in get
2023-02-15 21:25:50.520494 2023-02-15 21:25:50.512 41 ERROR keystone.server.flask.application     return self._get_role(role_id)
2023-02-15 21:25:50.520503 2023-02-15 21:25:50.512 41 ERROR keystone.server.flask.application   File "/var/lib/kolla/venv/lib/python3.9/site-packages/keystone/api/roles.py", line 70, in _get_role
2023-02-15 21:25:50.520715 2023-02-15 21:25:50.512 41 ERROR keystone.server.flask.application     ENFORCER.enforce_call(action='identity:get_role')
2023-02-15 21:25:50.520771 2023-02-15 21:25:50.512 41 ERROR keystone.server.flask.application   File "/var/lib/kolla/venv/lib/python3.9/site-packages/keystone/common/rbac_enforcer/enforcer.py", line 402, in enforce_call
2023-02-15 21:25:50.520785 2023-02-15 21:25:50.512 41 ERROR keystone.server.flask.application     policy_dict.update(cls._extract_member_target_data(
2023-02-15 21:25:50.520800 2023-02-15 21:25:50.512 41 ERROR keystone.server.flask.application   File "/var/lib/kolla/venv/lib/python3.9/site-packages/keystone/common/rbac_enforcer/enforcer.py", line 234, in _extract_member_target_data
2023-02-15 21:25:50.520812 2023-02-15 21:25:50.512 41 ERROR keystone.server.flask.application     member_name: func(flask.request.view_args[key])
2023-02-15 21:25:50.520821 2023-02-15 21:25:50.512 41 ERROR keystone.server.flask.application   File "/var/lib/kolla/venv/lib/python3.9/site-packages/keystone/common/manager.py", line 115, in wrapped
2023-02-15 21:25:50.520831 2023-02-15 21:25:50.512 41 ERROR keystone.server.flask.application     __ret_val = __f(*args, **kwargs)
2023-02-15 21:25:50.520840 2023-02-15 21:25:50.512 41 ERROR keystone.server.flask.application   File "/var/lib/kolla/venv/lib/python3.9/site-packages/decorator.py", line 232, in fun
2023-02-15 21:25:50.520850 2023-02-15 21:25:50.512 41 ERROR keystone.server.flask.application     return caller(func, *(extras + args), **kw)
2023-02-15 21:25:50.520859 2023-02-15 21:25:50.512 41 ERROR keystone.server.flask.application   File "/var/lib/kolla/venv/lib/python3.9/site-packages/dogpile/cache/region.py", line 1577, in get_or_create_for_user_func
2023-02-15 21:25:50.520869 2023-02-15 21:25:50.512 41 ERROR keystone.server.flask.application     return self.get_or_create(
2023-02-15 21:25:50.520878 2023-02-15 21:25:50.512 41 ERROR keystone.server.flask.application   File "/var/lib/kolla/venv/lib/python3.9/site-packages/dogpile/cache/region.py", line 1042, in get_or_create
2023-02-15 21:25:50.520888 2023-02-15 21:25:50.512 41 ERROR keystone.server.flask.application     with Lock(
2023-02-15 21:25:50.520912 2023-02-15 21:25:50.512 41 ERROR keystone.server.flask.application   File "/var/lib/kolla/venv/lib/python3.9/site-packages/dogpile/lock.py", line 185, in __enter__
2023-02-15 21:25:50.520923 2023-02-15 21:25:50.512 41 ERROR keystone.server.flask.application     return self._enter()
2023-02-15 21:25:50.520933 2023-02-15 21:25:50.512 41 ERROR keystone.server.flask.application   File "/var/lib/kolla/venv/lib/python3.9/site-packages/dogpile/lock.py", line 94, in _enter
2023-02-15 21:25:50.520942 2023-02-15 21:25:50.512 41 ERROR keystone.server.flask.application     generated = self._enter_create(value, createdtime)
2023-02-15 21:25:50.520951 2023-02-15 21:25:50.512 41 ERROR keystone.server.flask.application   File "/var/lib/kolla/venv/lib/python3.9/site-packages/dogpile/lock.py", line 178, in _enter_create
2023-02-15 21:25:50.520961 2023-02-15 21:25:50.512 41 ERROR keystone.server.flask.application     return self.creator()
2023-02-15 21:25:50.520970 2023-02-15 21:25:50.512 41 ERROR keystone.server.flask.application   File "/var/lib/kolla/venv/lib/python3.9/site-packages/dogpile/cache/region.py", line 995, in gen_value
2023-02-15 21:25:50.520980 2023-02-15 21:25:50.512 41 ERROR keystone.server.flask.application     created_value = creator(
2023-02-15 21:25:50.520991 2023-02-15 21:25:50.512 41 ERROR keystone.server.flask.application   File "/var/lib/kolla/venv/lib/python3.9/site-packages/keystone/assignment/core.py", line 1276, in get_role
2023-02-15 21:25:50.521000 2023-02-15 21:25:50.512 41 ERROR keystone.server.flask.application     return self.driver.get_role(role_id)
2023-02-15 21:25:50.521010 2023-02-15 21:25:50.512 41 ERROR keystone.server.flask.application   File "/var/lib/kolla/venv/lib/python3.9/site-packages/keystone/assignment/role_backends/sql.py", line 70, in get_role
2023-02-15 21:25:50.521019 2023-02-15 21:25:50.512 41 ERROR keystone.server.flask.application     return self._get_role(session, role_id).to_dict()
2023-02-15 21:25:50.521028 2023-02-15 21:25:50.512 41 ERROR keystone.server.flask.application   File "/var/lib/kolla/venv/lib/python3.9/site-packages/keystone/assignment/role_backends/sql.py", line 65, in _get_role
2023-02-15 21:25:50.521038 2023-02-15 21:25:50.512 41 ERROR keystone.server.flask.application     raise exception.RoleNotFound(role_id=role_id)
2023-02-15 21:25:50.521047 2023-02-15 21:25:50.512 41 ERROR keystone.server.flask.application keystone.exception.RoleNotFound: Could not find role: admin.
2023-02-15 21:25:50.521056 2023-02-15 21:25:50.512 41 ERROR keystone.server.flask.application \x1b[00m
2023-02-15 21:25:51.580611 2023-02-15 21:25:51.574 41 ERROR keystone.server.flask.application [None req-8809184d-c168-44a5-b145-b0cb7eac87d3 1fd44cec3f5349aba07b723e049336ef - - all default -] Could not find user: ironic-inspector.: keystone.exception.UserNotFound: Could not find user: ironic-inspector.
2023-02-15 21:25:51.580654 2023-02-15 21:25:51.574 41 ERROR keystone.server.flask.application Traceback (most recent call last):
2023-02-15 21:25:51.580666 2023-02-15 21:25:51.574 41 ERROR keystone.server.flask.application   File "/var/lib/kolla/venv/lib/python3.9/site-packages/flask/app.py", line 1820, in full_dispatch_request
2023-02-15 21:25:51.580687 2023-02-15 21:25:51.574 41 ERROR keystone.server.flask.application     rv = self.dispatch_request()
2023-02-15 21:25:51.580720 2023-02-15 21:25:51.574 41 ERROR keystone.server.flask.application   File "/var/lib/kolla/venv/lib/python3.9/site-packages/flask/app.py", line 1796, in dispatch_request
2023-02-15 21:25:51.580730 2023-02-15 21:25:51.574 41 ERROR keystone.server.flask.application     return self.ensure_sync(self.view_functions[rule.endpoint])(**view_args)
2023-02-15 21:25:51.580740 2023-02-15 21:25:51.574 41 ERROR keystone.server.flask.application   File "/var/lib/kolla/venv/lib/python3.9/site-packages/flask_restful/__init__.py", line 467, in wrapper
2023-02-15 21:25:51.580749 2023-02-15 21:25:51.574 41 ERROR keystone.server.flask.application     resp = resource(*args, **kwargs)
2023-02-15 21:25:51.580758 2023-02-15 21:25:51.574 41 ERROR keystone.server.flask.application   File "/var/lib/kolla/venv/lib/python3.9/site-packages/flask/views.py", line 107, in view
2023-02-15 21:25:51.580784 2023-02-15 21:25:51.574 41 ERROR keystone.server.flask.application     return current_app.ensure_sync(self.dispatch_request)(**kwargs)
2023-02-15 21:25:51.580795 2023-02-15 21:25:51.574 41 ERROR keystone.server.flask.application   File "/var/lib/kolla/venv/lib/python3.9/site-packages/flask_restful/__init__.py", line 582, in dispatch_request
2023-02-15 21:25:51.580805 2023-02-15 21:25:51.574 41 ERROR keystone.server.flask.application     resp = meth(*args, **kwargs)
2023-02-15 21:25:51.580814 2023-02-15 21:25:51.574 41 ERROR keystone.server.flask.application   File "/var/lib/kolla/venv/lib/python3.9/site-packages/keystone/api/users.py", line 182, in get
2023-02-15 21:25:51.580824 2023-02-15 21:25:51.574 41 ERROR keystone.server.flask.application     return self._get_user(user_id)
2023-02-15 21:25:51.580833 2023-02-15 21:25:51.574 41 ERROR keystone.server.flask.application   File "/var/lib/kolla/venv/lib/python3.9/site-packages/keystone/api/users.py", line 194, in _get_user
2023-02-15 21:25:51.580843 2023-02-15 21:25:51.574 41 ERROR keystone.server.flask.application     ref = PROVIDERS.identity_api.get_user(user_id)
2023-02-15 21:25:51.580852 2023-02-15 21:25:51.574 41 ERROR keystone.server.flask.application   File "/var/lib/kolla/venv/lib/python3.9/site-packages/keystone/common/manager.py", line 115, in wrapped
2023-02-15 21:25:51.580861 2023-02-15 21:25:51.574 41 ERROR keystone.server.flask.application     __ret_val = __f(*args, **kwargs)
2023-02-15 21:25:51.580871 2023-02-15 21:25:51.574 41 ERROR keystone.server.flask.application   File "/var/lib/kolla/venv/lib/python3.9/site-packages/keystone/identity/core.py", line 414, in wrapper
2023-02-15 21:25:51.580880 2023-02-15 21:25:51.574 41 ERROR keystone.server.flask.application     return f(self, *args, **kwargs)
2023-02-15 21:25:51.580889 2023-02-15 21:25:51.574 41 ERROR keystone.server.flask.application   File "/var/lib/kolla/venv/lib/python3.9/site-packages/keystone/identity/core.py", line 424, in wrapper
2023-02-15 21:25:51.580899 2023-02-15 21:25:51.574 41 ERROR keystone.server.flask.application     return f(self, *args, **kwargs)
2023-02-15 21:25:51.580908 2023-02-15 21:25:51.574 41 ERROR keystone.server.flask.application   File "/var/lib/kolla/venv/lib/python3.9/site-packages/decorator.py", line 232, in fun
2023-02-15 21:25:51.580917 2023-02-15 21:25:51.574 41 ERROR keystone.server.flask.application     return caller(func, *(extras + args), **kw)
2023-02-15 21:25:51.580937 2023-02-15 21:25:51.574 41 ERROR keystone.server.flask.application   File "/var/lib/kolla/venv/lib/python3.9/site-packages/dogpile/cache/region.py", line 1577, in get_or_create_for_user_func
2023-02-15 21:25:51.580948 2023-02-15 21:25:51.574 41 ERROR keystone.server.flask.application     return self.get_or_create(
2023-02-15 21:25:51.580957 2023-02-15 21:25:51.574 41 ERROR keystone.server.flask.application   File "/var/lib/kolla/venv/lib/python3.9/site-packages/dogpile/cache/region.py", line 1042, in get_or_create
2023-02-15 21:25:51.580967 2023-02-15 21:25:51.574 41 ERROR keystone.server.flask.application     with Lock(
2023-02-15 21:25:51.580976 2023-02-15 21:25:51.574 41 ERROR keystone.server.flask.application   File "/var/lib/kolla/venv/lib/python3.9/site-packages/dogpile/lock.py", line 185, in __enter__
2023-02-15 21:25:51.580986 2023-02-15 21:25:51.574 41 ERROR keystone.server.flask.application     return self._enter()
2023-02-15 21:25:51.580995 2023-02-15 21:25:51.574 41 ERROR keystone.server.flask.application   File "/var/lib/kolla/venv/lib/python3.9/site-packages/dogpile/lock.py", line 94, in _enter
2023-02-15 21:25:51.581004 2023-02-15 21:25:51.574 41 ERROR keystone.server.flask.application     generated = self._enter_create(value, createdtime)
2023-02-15 21:25:51.581013 2023-02-15 21:25:51.574 41 ERROR keystone.server.flask.application   File "/var/lib/kolla/venv/lib/python3.9/site-packages/dogpile/lock.py", line 178, in _enter_create
2023-02-15 21:25:51.581032 2023-02-15 21:25:51.574 41 ERROR keystone.server.flask.application     return self.creator()
2023-02-15 21:25:51.581042 2023-02-15 21:25:51.574 41 ERROR keystone.server.flask.application   File "/var/lib/kolla/venv/lib/python3.9/site-packages/dogpile/cache/region.py", line 995, in gen_value
2023-02-15 21:25:51.581052 2023-02-15 21:25:51.574 41 ERROR keystone.server.flask.application     created_value = creator(
2023-02-15 21:25:51.581061 2023-02-15 21:25:51.574 41 ERROR keystone.server.flask.application   File "/var/lib/kolla/venv/lib/python3.9/site-packages/keystone/identity/core.py", line 1011, in get_user
2023-02-15 21:25:51.581071 2023-02-15 21:25:51.574 41 ERROR keystone.server.flask.application     ref = driver.get_user(entity_id)
2023-02-15 21:25:51.581080 2023-02-15 21:25:51.574 41 ERROR keystone.server.flask.application   File "/var/lib/kolla/venv/lib/python3.9/site-packages/keystone/identity/backends/sql.py", line 200, in get_user
2023-02-15 21:25:51.581089 2023-02-15 21:25:51.574 41 ERROR keystone.server.flask.application     self._get_user(session, user_id).to_dict())
2023-02-15 21:25:51.581099 2023-02-15 21:25:51.574 41 ERROR keystone.server.flask.application   File "/var/lib/kolla/venv/lib/python3.9/site-packages/keystone/identity/backends/sql.py", line 194, in _get_user
2023-02-15 21:25:51.581108 2023-02-15 21:25:51.574 41 ERROR keystone.server.flask.application     raise exception.UserNotFound(user_id=user_id)
2023-02-15 21:25:51.581117 2023-02-15 21:25:51.574 41 ERROR keystone.server.flask.application keystone.exception.UserNotFound: Could not find user: ironic-inspector.
2023-02-15 21:25:51.581127 2023-02-15 21:25:51.574 41 ERROR keystone.server.flask.application \x1b[00m
2023-02-15 21:25:52.556913 2023-02-15 21:25:52.551 40 ERROR keystone.server.flask.application [None req-5333135c-7189-4238-9541-8fb15ad8c3b2 1fd44cec3f5349aba07b723e049336ef - - all default -] Could not find project: service.: keystone.exception.ProjectNotFound: Could not find project: service.
2023-02-15 21:25:52.556979 2023-02-15 21:25:52.551 40 ERROR keystone.server.flask.application Traceback (most recent call last):
2023-02-15 21:25:52.557007 2023-02-15 21:25:52.551 40 ERROR keystone.server.flask.application   File "/var/lib/kolla/venv/lib/python3.9/site-packages/flask/app.py", line 1820, in full_dispatch_request
2023-02-15 21:25:52.557024 2023-02-15 21:25:52.551 40 ERROR keystone.server.flask.application     rv = self.dispatch_request()
2023-02-15 21:25:52.557039 2023-02-15 21:25:52.551 40 ERROR keystone.server.flask.application   File "/var/lib/kolla/venv/lib/python3.9/site-packages/flask/app.py", line 1796, in dispatch_request
2023-02-15 21:25:52.557055 2023-02-15 21:25:52.551 40 ERROR keystone.server.flask.application     return self.ensure_sync(self.view_functions[rule.endpoint])(**view_args)
2023-02-15 21:25:52.557071 2023-02-15 21:25:52.551 40 ERROR keystone.server.flask.application   File "/var/lib/kolla/venv/lib/python3.9/site-packages/flask_restful/__init__.py", line 467, in wrapper
2023-02-15 21:25:52.557086 2023-02-15 21:25:52.551 40 ERROR keystone.server.flask.application     resp = resource(*args, **kwargs)
2023-02-15 21:25:52.557101 2023-02-15 21:25:52.551 40 ERROR keystone.server.flask.application   File "/var/lib/kolla/venv/lib/python3.9/site-packages/flask/views.py", line 107, in view
2023-02-15 21:25:52.557117 2023-02-15 21:25:52.551 40 ERROR keystone.server.flask.application     return current_app.ensure_sync(self.dispatch_request)(**kwargs)
2023-02-15 21:25:52.557132 2023-02-15 21:25:52.551 40 ERROR keystone.server.flask.application   File "/var/lib/kolla/venv/lib/python3.9/site-packages/flask_restful/__init__.py", line 582, in dispatch_request
2023-02-15 21:25:52.557147 2023-02-15 21:25:52.551 40 ERROR keystone.server.flask.application     resp = meth(*args, **kwargs)
2023-02-15 21:25:52.557162 2023-02-15 21:25:52.551 40 ERROR keystone.server.flask.application   File "/var/lib/kolla/venv/lib/python3.9/site-packages/keystone/api/projects.py", line 151, in get
2023-02-15 21:25:52.557212 2023-02-15 21:25:52.551 40 ERROR keystone.server.flask.application     return self._get_project(project_id)
2023-02-15 21:25:52.557231 2023-02-15 21:25:52.551 40 ERROR keystone.server.flask.application   File "/var/lib/kolla/venv/lib/python3.9/site-packages/keystone/api/projects.py", line 107, in _get_project
2023-02-15 21:25:52.557247 2023-02-15 21:25:52.551 40 ERROR keystone.server.flask.application     project = PROVIDERS.resource_api.get_project(project_id)
2023-02-15 21:25:52.557262 2023-02-15 21:25:52.551 40 ERROR keystone.server.flask.application   File "/var/lib/kolla/venv/lib/python3.9/site-packages/keystone/common/manager.py", line 115, in wrapped
2023-02-15 21:25:52.557278 2023-02-15 21:25:52.551 40 ERROR keystone.server.flask.application     __ret_val = __f(*args, **kwargs)
2023-02-15 21:25:52.557336 2023-02-15 21:25:52.551 40 ERROR keystone.server.flask.application   File "/var/lib/kolla/venv/lib/python3.9/site-packages/decorator.py", line 232, in fun
2023-02-15 21:25:52.557354 2023-02-15 21:25:52.551 40 ERROR keystone.server.flask.application     return caller(func, *(extras + args), **kw)
2023-02-15 21:25:52.557370 2023-02-15 21:25:52.551 40 ERROR keystone.server.flask.application   File "/var/lib/kolla/venv/lib/python3.9/site-packages/dogpile/cache/region.py", line 1577, in get_or_create_for_user_func
2023-02-15 21:25:52.557386 2023-02-15 21:25:52.551 40 ERROR keystone.server.flask.application     return self.get_or_create(
2023-02-15 21:25:52.557401 2023-02-15 21:25:52.551 40 ERROR keystone.server.flask.application   File "/var/lib/kolla/venv/lib/python3.9/site-packages/dogpile/cache/region.py", line 1042, in get_or_create
2023-02-15 21:25:52.557417 2023-02-15 21:25:52.551 40 ERROR keystone.server.flask.application     with Lock(
2023-02-15 21:25:52.557432 2023-02-15 21:25:52.551 40 ERROR keystone.server.flask.application   File "/var/lib/kolla/venv/lib/python3.9/site-packages/dogpile/lock.py", line 185, in __enter__
2023-02-15 21:25:52.557452 2023-02-15 21:25:52.551 40 ERROR keystone.server.flask.application     return self._enter()
2023-02-15 21:25:52.557468 2023-02-15 21:25:52.551 40 ERROR keystone.server.flask.application   File "/var/lib/kolla/venv/lib/python3.9/site-packages/dogpile/lock.py", line 94, in _enter
2023-02-15 21:25:52.557484 2023-02-15 21:25:52.551 40 ERROR keystone.server.flask.application     generated = self._enter_create(value, createdtime)
2023-02-15 21:25:52.557499 2023-02-15 21:25:52.551 40 ERROR keystone.server.flask.application   File "/var/lib/kolla/venv/lib/python3.9/site-packages/dogpile/lock.py", line 178, in _enter_create
2023-02-15 21:25:52.557515 2023-02-15 21:25:52.551 40 ERROR keystone.server.flask.application     return self.creator()
2023-02-15 21:25:52.557530 2023-02-15 21:25:52.551 40 ERROR keystone.server.flask.application   File "/var/lib/kolla/venv/lib/python3.9/site-packages/dogpile/cache/region.py", line 995, in gen_value
2023-02-15 21:25:52.557546 2023-02-15 21:25:52.551 40 ERROR keystone.server.flask.application     created_value = creator(
2023-02-15 21:25:52.557561 2023-02-15 21:25:52.551 40 ERROR keystone.server.flask.application   File "/var/lib/kolla/venv/lib/python3.9/site-packages/keystone/resource/core.py", line 903, in get_project
2023-02-15 21:25:52.557577 2023-02-15 21:25:52.551 40 ERROR keystone.server.flask.application     return self.driver.get_project(project_id)
2023-02-15 21:25:52.557592 2023-02-15 21:25:52.551 40 ERROR keystone.server.flask.application   File "/var/lib/kolla/venv/lib/python3.9/site-packages/keystone/resource/backends/sql.py", line 49, in get_project
2023-02-15 21:25:52.557608 2023-02-15 21:25:52.551 40 ERROR keystone.server.flask.application     return self._get_project(session, project_id).to_dict()
2023-02-15 21:25:52.557624 2023-02-15 21:25:52.551 40 ERROR keystone.server.flask.application   File "/var/lib/kolla/venv/lib/python3.9/site-packages/keystone/resource/backends/sql.py", line 44, in _get_project
2023-02-15 21:25:52.557640 2023-02-15 21:25:52.551 40 ERROR keystone.server.flask.application     raise exception.ProjectNotFound(project_id=project_id)
2023-02-15 21:25:52.557675 2023-02-15 21:25:52.551 40 ERROR keystone.server.flask.application keystone.exception.ProjectNotFound: Could not find project: service.
2023-02-15 21:25:52.557720 2023-02-15 21:25:52.551 40 ERROR keystone.server.flask.application \x1b[00m
