2023-05-05 11:52:40,368 p=5776 u=root n=ansible | [WARNING]: Invalid characters were found in group names but not replaced, use
-vvvv to see details

2023-05-05 11:52:42,176 p=5776 u=root n=ansible | PLAY [Gather facts for all hosts] **********************************************
2023-05-05 11:52:42,475 p=5776 u=root n=ansible | TASK [Gather facts] ************************************************************
2023-05-05 11:52:46,157 p=5776 u=root n=ansible | ok: [localhost]
2023-05-05 11:52:46,237 p=5776 u=root n=ansible | TASK [Group hosts to determine when using --limit] *****************************
2023-05-05 11:52:46,314 p=5776 u=root n=ansible | ok: [localhost]
2023-05-05 11:52:46,487 p=5776 u=root n=ansible | [WARNING]: Could not match supplied host pattern, ignoring:
all_using_limit_True

2023-05-05 11:52:46,495 p=5776 u=root n=ansible | PLAY [Gather facts for all hosts (if using --limit)] ***************************
2023-05-05 11:52:46,495 p=5776 u=root n=ansible | skipping: no hosts matched
2023-05-05 11:52:46,505 p=5776 u=root n=ansible | PLAY [Apply role baremetal] ****************************************************
2023-05-05 11:52:46,712 p=5776 u=root n=ansible | TASK [openstack.kolla.baremetal : Ensure localhost in /etc/hosts] **************
2023-05-05 11:52:47,711 p=5776 u=root n=ansible | changed: [localhost]
2023-05-05 11:52:47,825 p=5776 u=root n=ansible | TASK [openstack.kolla.baremetal : Ensure hostname does not point to 127.0.1.1 in /etc/hosts] ***
2023-05-05 11:52:48,535 p=5776 u=root n=ansible | ok: [localhost]
2023-05-05 11:52:48,630 p=5776 u=root n=ansible | TASK [openstack.kolla.baremetal : Generate /etc/hosts for all of the nodes] ****
2023-05-05 11:52:50,062 p=5776 u=root n=ansible | changed: [localhost]
2023-05-05 11:52:50,179 p=5776 u=root n=ansible | TASK [openstack.kolla.baremetal : Ensure unprivileged users can use ping] ******
2023-05-05 11:52:51,099 p=5776 u=root n=ansible | changed: [localhost]
2023-05-05 11:52:51,199 p=5776 u=root n=ansible | TASK [openstack.kolla.baremetal : Ensure /etc/cloud/cloud.cfg exists] **********
2023-05-05 11:52:52,780 p=5776 u=root n=ansible | ok: [localhost]
2023-05-05 11:52:52,868 p=5776 u=root n=ansible | TASK [openstack.kolla.baremetal : Disable cloud-init manage_etc_hosts] *********
2023-05-05 11:52:54,265 p=5776 u=root n=ansible | changed: [localhost]
2023-05-05 11:52:54,349 p=5776 u=root n=ansible | TASK [openstack.kolla.baremetal : Set firewall default policy] *****************
2023-05-05 11:52:54,393 p=5776 u=root n=ansible | skipping: [localhost]
2023-05-05 11:52:54,479 p=5776 u=root n=ansible | TASK [openstack.kolla.baremetal : Check if firewalld is installed] *************
2023-05-05 11:52:55,332 p=5776 u=root n=ansible | ok: [localhost]
2023-05-05 11:52:55,496 p=5776 u=root n=ansible | TASK [openstack.kolla.baremetal : Disable firewalld] ***************************
2023-05-05 11:52:55,561 p=5776 u=root n=ansible | skipping: [localhost] => (item=firewalld) 
2023-05-05 11:52:55,652 p=5776 u=root n=ansible | TASK [openstack.kolla.docker : Fail if docker_custom_option is defined] ********
2023-05-05 11:52:55,897 p=5776 u=root n=ansible | skipping: [localhost]
2023-05-05 11:52:55,985 p=5776 u=root n=ansible | TASK [openstack.kolla.docker : include_tasks] **********************************
2023-05-05 11:52:56,025 p=5776 u=root n=ansible | skipping: [localhost]
2023-05-05 11:52:56,117 p=5776 u=root n=ansible | TASK [openstack.kolla.docker : Ensure docker config directory exists] **********
2023-05-05 11:52:57,071 p=5776 u=root n=ansible | ok: [localhost]
2023-05-05 11:52:57,161 p=5776 u=root n=ansible | TASK [openstack.kolla.docker : Write docker config] ****************************
2023-05-05 11:52:58,539 p=5776 u=root n=ansible | changed: [localhost]
2023-05-05 11:52:58,626 p=5776 u=root n=ansible | TASK [openstack.kolla.docker : Remove old docker options file] *****************
2023-05-05 11:52:59,085 p=5776 u=root n=ansible | ok: [localhost]
2023-05-05 11:52:59,171 p=5776 u=root n=ansible | TASK [openstack.kolla.docker : Ensure docker service directory exists] *********
2023-05-05 11:52:59,216 p=5776 u=root n=ansible | skipping: [localhost]
2023-05-05 11:52:59,310 p=5776 u=root n=ansible | TASK [openstack.kolla.docker : Configure docker service] ***********************
2023-05-05 11:52:59,358 p=5776 u=root n=ansible | skipping: [localhost]
2023-05-05 11:52:59,447 p=5776 u=root n=ansible | TASK [openstack.kolla.docker : Ensure the path for CA file for private registry exists] ***
2023-05-05 11:52:59,493 p=5776 u=root n=ansible | skipping: [localhost]
2023-05-05 11:52:59,581 p=5776 u=root n=ansible | TASK [openstack.kolla.docker : Ensure the CA file for private registry exists] ***
2023-05-05 11:52:59,628 p=5776 u=root n=ansible | skipping: [localhost]
2023-05-05 11:52:59,748 p=5776 u=root n=ansible | TASK [openstack.kolla.docker : Flush handlers] *********************************
2023-05-05 11:52:59,749 p=5776 u=root n=ansible | RUNNING HANDLER [openstack.kolla.docker : Restart docker] **********************
2023-05-05 11:53:04,433 p=5776 u=root n=ansible | changed: [localhost]
2023-05-05 11:53:04,523 p=5776 u=root n=ansible | TASK [openstack.kolla.docker : Start and enable docker] ************************
2023-05-05 11:53:05,562 p=5776 u=root n=ansible | ok: [localhost]
2023-05-05 11:53:05,677 p=5776 u=root n=ansible | TASK [openstack.kolla.docker : include_tasks] **********************************
2023-05-05 11:53:05,746 p=5776 u=root n=ansible | skipping: [localhost]
2023-05-05 11:53:06,032 p=5776 u=root n=ansible | TASK [openstack.kolla.kolla_user : Ensure groups are present] ******************
2023-05-05 11:53:06,099 p=5776 u=root n=ansible | skipping: [localhost] => (item=docker) 
2023-05-05 11:53:06,115 p=5776 u=root n=ansible | skipping: [localhost] => (item=sudo) 
2023-05-05 11:53:06,130 p=5776 u=root n=ansible | skipping: [localhost] => (item=kolla) 
2023-05-05 11:53:06,317 p=5776 u=root n=ansible | TASK [openstack.kolla.kolla_user : Create kolla user] **************************
2023-05-05 11:53:06,387 p=5776 u=root n=ansible | skipping: [localhost]
2023-05-05 11:53:06,533 p=5776 u=root n=ansible | TASK [openstack.kolla.kolla_user : Add public key to kolla user authorized keys] ***
2023-05-05 11:53:06,616 p=5776 u=root n=ansible | skipping: [localhost]
2023-05-05 11:53:06,767 p=5776 u=root n=ansible | TASK [openstack.kolla.kolla_user : Grant kolla user passwordless sudo] *********
2023-05-05 11:53:06,835 p=5776 u=root n=ansible | skipping: [localhost]
2023-05-05 11:53:07,038 p=5776 u=root n=ansible | TASK [openstack.kolla.docker_sdk : Install latest pip in the virtualenv] *******
2023-05-05 11:53:07,096 p=5776 u=root n=ansible | skipping: [localhost]
2023-05-05 11:53:07,183 p=5776 u=root n=ansible | TASK [openstack.kolla.docker_sdk : Install docker SDK for python] **************
2023-05-05 11:53:13,521 p=5776 u=root n=ansible | ok: [localhost]
2023-05-05 11:53:13,685 p=5776 u=root n=ansible | TASK [openstack.kolla.baremetal : Ensure node_config_directory directory exists] ***
2023-05-05 11:53:14,156 p=5776 u=root n=ansible | ok: [localhost]
2023-05-05 11:53:14,239 p=5776 u=root n=ansible | TASK [openstack.kolla.apparmor_libvirt : include_tasks] ************************
2023-05-05 11:53:14,276 p=5776 u=root n=ansible | skipping: [localhost]
2023-05-05 11:53:14,445 p=5776 u=root n=ansible | TASK [openstack.kolla.baremetal : Change state of selinux] *********************
2023-05-05 11:53:15,903 p=5776 u=root n=ansible | ok: [localhost]
2023-05-05 11:53:16,028 p=5776 u=root n=ansible | TASK [openstack.kolla.baremetal : Set https proxy for git] *********************
2023-05-05 11:53:16,102 p=5776 u=root n=ansible | skipping: [localhost]
2023-05-05 11:53:16,218 p=5776 u=root n=ansible | TASK [openstack.kolla.baremetal : Set http proxy for git] **********************
2023-05-05 11:53:16,285 p=5776 u=root n=ansible | skipping: [localhost]
2023-05-05 11:53:16,429 p=5776 u=root n=ansible | TASK [openstack.kolla.baremetal : include_tasks] *******************************
2023-05-05 11:53:16,496 p=5776 u=root n=ansible | skipping: [localhost]
2023-05-05 11:53:16,866 p=5776 u=root n=ansible | PLAY RECAP *********************************************************************
2023-05-05 11:53:16,867 p=5776 u=root n=ansible | localhost                  : ok=17   changed=6    unreachable=0    failed=0    skipped=18   rescued=0    ignored=0   
