- - - [13/Feb/2023:21:10:33 -0500] "GET / HTTP/1.1" 200 468 6841374 "-" "ironic-inspector keystoneauth1/5.1.0 python-requests/2.28.1 CPython/3.9.14"
- - - [13/Feb/2023:21:10:40 -0500] "GET /v1/nodes?fields=uuid HTTP/1.1" 200 13 7574283 "-" "ironic-inspector keystoneauth1/5.1.0 python-requests/2.28.1 CPython/3.9.14"
- - - [13/Feb/2023:21:11:32 -0500] "GET /v1/nodes?fields=uuid HTTP/1.1" 200 13 2889479 "-" "ironic-inspector keystoneauth1/5.1.0 python-requests/2.28.1 CPython/3.9.14"
- - - [13/Feb/2023:21:12:32 -0500] "GET /v1/nodes?fields=uuid HTTP/1.1" 200 13 630888 "-" "ironic-inspector keystoneauth1/5.1.0 python-requests/2.28.1 CPython/3.9.14"
- - - [13/Feb/2023:21:13:09 -0500] "POST /v1/nodes HTTP/1.1" 201 2670 950486 "-" "python-ironicclient"
- - - [13/Feb/2023:21:13:14 -0500] "GET /v1/nodes HTTP/1.1" 200 380 611045 "-" "python-ironicclient"
- - - [13/Feb/2023:21:13:19 -0500] "PATCH /v1/nodes/2fbb1080-1281-4498-8f72-6e25b64d452b HTTP/1.1" 200 3144 865167 "-" "python-ironicclient"
- - - [13/Feb/2023:21:13:24 -0500] "POST /v1/ports HTTP/1.1" 201 562 953099 "-" "python-ironicclient"
- - - [13/Feb/2023:21:13:29 -0500] "PUT /v1/nodes/2fbb1080-1281-4498-8f72-6e25b64d452b/states/provision HTTP/1.1" 202 - 872106 "-" "python-ironicclient"
- - - [13/Feb/2023:21:13:32 -0500] "GET /v1/nodes?fields=uuid HTTP/1.1" 200 271 432861 "-" "ironic-inspector keystoneauth1/5.1.0 python-requests/2.28.1 CPython/3.9.14"
- - - [13/Feb/2023:21:13:43 -0500] "PUT /v1/nodes/2fbb1080-1281-4498-8f72-6e25b64d452b/states/provision HTTP/1.1" 202 - 727768 "-" "python-ironicclient"
- - - [13/Feb/2023:21:13:48 -0500] "PUT /v1/nodes/2fbb1080-1281-4498-8f72-6e25b64d452b/states/power HTTP/1.1" 202 - 536258 "-" "python-ironicclient"
- - - [13/Feb/2023:21:14:10 -0500] "GET /v1/nodes HTTP/1.1" 200 369 490470 "-" "python-urllib3/1.26.5"
- - - [13/Feb/2023:21:14:10 -0500] "GET /v1/nodes?provision_state=available&associated=False&maintenance=False&fields=uuid%2Cdriver%2Cinstance_uuid%2Cprovision_state%2Cname%2Cmaintenance HTTP/1.1" 200 379 480394 "-" "python-urllib3/1.26.5"
- - - [13/Feb/2023:21:14:11 -0500] "PATCH /v1/nodes/2fbb1080-1281-4498-8f72-6e25b64d452b HTTP/1.1" 200 2514 605063 "-" "python-urllib3/1.26.5"
- - - [13/Feb/2023:21:14:11 -0500] "PATCH /v1/nodes/2fbb1080-1281-4498-8f72-6e25b64d452b HTTP/1.1" 200 2514 733475 "-" "python-urllib3/1.26.5"
- - - [13/Feb/2023:21:14:18 -0500] "POST /v1/nodes/2fbb1080-1281-4498-8f72-6e25b64d452b/vifs HTTP/1.1" 204 - 1022129 "-" "python-urllib3/1.26.5"
- - - [13/Feb/2023:21:14:19 -0500] "PATCH /v1/nodes/2fbb1080-1281-4498-8f72-6e25b64d452b HTTP/1.1" 200 2514 1354419 "-" "python-urllib3/1.26.5"
- - - [13/Feb/2023:21:14:20 -0500] "PUT /v1/nodes/2fbb1080-1281-4498-8f72-6e25b64d452b/states/provision HTTP/1.1" 202 - 831520 "-" "python-urllib3/1.26.5"
- - - [13/Feb/2023:21:14:21 -0500] "GET /v1/nodes/2fbb1080-1281-4498-8f72-6e25b64d452b HTTP/1.1" 200 2573 657949 "-" "python-urllib3/1.26.5"
- - - [13/Feb/2023:21:14:23 -0500] "GET /v1/nodes/2fbb1080-1281-4498-8f72-6e25b64d452b HTTP/1.1" 200 2618 928835 "-" "python-urllib3/1.26.5"
- - - [13/Feb/2023:21:14:25 -0500] "GET /v1/nodes/2fbb1080-1281-4498-8f72-6e25b64d452b HTTP/1.1" 200 2618 730952 "-" "python-urllib3/1.26.5"
- - - [13/Feb/2023:21:14:26 -0500] "GET /v1/nodes/2fbb1080-1281-4498-8f72-6e25b64d452b HTTP/1.1" 200 2618 553117 "-" "python-urllib3/1.26.5"
- - - [13/Feb/2023:21:14:28 -0500] "GET /v1/nodes/2fbb1080-1281-4498-8f72-6e25b64d452b HTTP/1.1" 200 2618 489960 "-" "python-urllib3/1.26.5"
- - - [13/Feb/2023:21:14:29 -0500] "GET /v1/nodes/2fbb1080-1281-4498-8f72-6e25b64d452b HTTP/1.1" 200 2618 457264 "-" "python-urllib3/1.26.5"
- - - [13/Feb/2023:21:14:31 -0500] "GET /v1/nodes/2fbb1080-1281-4498-8f72-6e25b64d452b HTTP/1.1" 200 2618 391575 "-" "python-urllib3/1.26.5"
- - - [13/Feb/2023:21:14:32 -0500] "GET /v1/nodes?fields=uuid HTTP/1.1" 200 271 684753 "-" "ironic-inspector keystoneauth1/5.1.0 python-requests/2.28.1 CPython/3.9.14"
- - - [13/Feb/2023:21:14:32 -0500] "GET /v1/nodes/2fbb1080-1281-4498-8f72-6e25b64d452b HTTP/1.1" 200 2618 678588 "-" "python-urllib3/1.26.5"
- - - [13/Feb/2023:21:14:34 -0500] "GET /v1/nodes/2fbb1080-1281-4498-8f72-6e25b64d452b HTTP/1.1" 200 2673 509750 "-" "python-urllib3/1.26.5"
- - - [13/Feb/2023:21:14:35 -0500] "GET /v1/nodes/2fbb1080-1281-4498-8f72-6e25b64d452b HTTP/1.1" 200 2673 519896 "-" "python-urllib3/1.26.5"
- - - [13/Feb/2023:21:14:37 -0500] "GET /v1/nodes/2fbb1080-1281-4498-8f72-6e25b64d452b HTTP/1.1" 200 2673 591595 "-" "python-urllib3/1.26.5"
- - - [13/Feb/2023:21:14:39 -0500] "GET /v1/nodes/2fbb1080-1281-4498-8f72-6e25b64d452b HTTP/1.1" 200 2673 582085 "-" "python-urllib3/1.26.5"
- - - [13/Feb/2023:21:14:40 -0500] "GET /v1/nodes/2fbb1080-1281-4498-8f72-6e25b64d452b HTTP/1.1" 200 2673 787628 "-" "python-urllib3/1.26.5"
- - - [13/Feb/2023:21:14:42 -0500] "GET /v1/nodes/2fbb1080-1281-4498-8f72-6e25b64d452b HTTP/1.1" 200 2673 752945 "-" "python-urllib3/1.26.5"
- - - [13/Feb/2023:21:14:44 -0500] "GET /v1/nodes/2fbb1080-1281-4498-8f72-6e25b64d452b HTTP/1.1" 200 2673 734187 "-" "python-urllib3/1.26.5"
- - - [13/Feb/2023:21:14:45 -0500] "GET /v1/nodes/2fbb1080-1281-4498-8f72-6e25b64d452b HTTP/1.1" 200 2673 689315 "-" "python-urllib3/1.26.5"
- - - [13/Feb/2023:21:14:47 -0500] "GET /v1/nodes/2fbb1080-1281-4498-8f72-6e25b64d452b HTTP/1.1" 200 2673 867709 "-" "python-urllib3/1.26.5"
- - - [13/Feb/2023:21:14:49 -0500] "GET /v1/nodes/2fbb1080-1281-4498-8f72-6e25b64d452b HTTP/1.1" 200 2673 909259 "-" "python-urllib3/1.26.5"
- - - [13/Feb/2023:21:14:51 -0500] "GET /v1/nodes/2fbb1080-1281-4498-8f72-6e25b64d452b HTTP/1.1" 200 3273 811193 "-" "python-urllib3/1.26.5"
- - - [13/Feb/2023:21:14:53 -0500] "GET /v1/nodes/2fbb1080-1281-4498-8f72-6e25b64d452b HTTP/1.1" 200 3273 588380 "-" "python-urllib3/1.26.5"
- - - [13/Feb/2023:21:14:54 -0500] "GET /v1/nodes/2fbb1080-1281-4498-8f72-6e25b64d452b HTTP/1.1" 200 3273 775157 "-" "python-urllib3/1.26.5"
- - - [13/Feb/2023:21:14:56 -0500] "GET /v1/nodes/2fbb1080-1281-4498-8f72-6e25b64d452b HTTP/1.1" 200 3273 691141 "-" "python-urllib3/1.26.5"
- - - [13/Feb/2023:21:14:58 -0500] "GET /v1/nodes/2fbb1080-1281-4498-8f72-6e25b64d452b HTTP/1.1" 200 3273 470907 "-" "python-urllib3/1.26.5"
- - - [13/Feb/2023:21:14:59 -0500] "GET /v1/nodes/2fbb1080-1281-4498-8f72-6e25b64d452b HTTP/1.1" 200 3273 531063 "-" "python-urllib3/1.26.5"
- - - [13/Feb/2023:21:15:01 -0500] "GET /v1/nodes/2fbb1080-1281-4498-8f72-6e25b64d452b HTTP/1.1" 200 3273 868046 "-" "python-urllib3/1.26.5"
- - - [13/Feb/2023:21:15:03 -0500] "GET /v1/nodes/2fbb1080-1281-4498-8f72-6e25b64d452b HTTP/1.1" 200 3256 441627 "-" "python-urllib3/1.26.5"
- - - [13/Feb/2023:21:15:03 -0500] "GET /v1/nodes/2fbb1080-1281-4498-8f72-6e25b64d452b HTTP/1.1" 200 3256 450357 "-" "python-urllib3/1.26.5"
- - - [13/Feb/2023:21:15:32 -0500] "GET /v1/nodes?fields=uuid HTTP/1.1" 200 271 415390 "-" "ironic-inspector keystoneauth1/5.1.0 python-requests/2.28.1 CPython/3.9.14"
- - - [13/Feb/2023:21:15:34 -0500] "GET /v1/nodes/2fbb1080-1281-4498-8f72-6e25b64d452b HTTP/1.1" 200 3256 479339 "-" "python-urllib3/1.26.5"
- - - [13/Feb/2023:21:16:04 -0500] "GET /v1/nodes/2fbb1080-1281-4498-8f72-6e25b64d452b HTTP/1.1" 200 3256 658943 "-" "python-urllib3/1.26.5"
- - - [13/Feb/2023:21:16:32 -0500] "GET /v1/nodes?fields=uuid HTTP/1.1" 200 271 674750 "-" "ironic-inspector keystoneauth1/5.1.0 python-requests/2.28.1 CPython/3.9.14"
- - - [13/Feb/2023:21:16:35 -0500] "GET /v1/nodes/2fbb1080-1281-4498-8f72-6e25b64d452b HTTP/1.1" 200 3256 670561 "-" "python-urllib3/1.26.5"
- - - [13/Feb/2023:21:17:06 -0500] "GET /v1/nodes/2fbb1080-1281-4498-8f72-6e25b64d452b HTTP/1.1" 200 3256 576346 "-" "python-urllib3/1.26.5"
- - - [13/Feb/2023:21:17:32 -0500] "GET /v1/nodes?fields=uuid HTTP/1.1" 200 271 628666 "-" "ironic-inspector keystoneauth1/5.1.0 python-requests/2.28.1 CPython/3.9.14"
- - - [13/Feb/2023:21:17:36 -0500] "GET /v1/nodes/2fbb1080-1281-4498-8f72-6e25b64d452b HTTP/1.1" 200 3256 682833 "-" "python-urllib3/1.26.5"
- - - [13/Feb/2023:21:18:07 -0500] "GET /v1/nodes/2fbb1080-1281-4498-8f72-6e25b64d452b HTTP/1.1" 200 3256 577138 "-" "python-urllib3/1.26.5"
- - - [13/Feb/2023:21:18:32 -0500] "GET /v1/nodes?fields=uuid HTTP/1.1" 200 271 618557 "-" "ironic-inspector keystoneauth1/5.1.0 python-requests/2.28.1 CPython/3.9.14"
- - - [13/Feb/2023:21:18:38 -0500] "GET /v1/nodes/2fbb1080-1281-4498-8f72-6e25b64d452b HTTP/1.1" 200 3256 774307 "-" "python-urllib3/1.26.5"
- - - [13/Feb/2023:21:19:08 -0500] "GET /v1/nodes/2fbb1080-1281-4498-8f72-6e25b64d452b HTTP/1.1" 200 3256 1102029 "-" "python-urllib3/1.26.5"
- - - [13/Feb/2023:21:19:32 -0500] "GET /v1/nodes?fields=uuid HTTP/1.1" 200 271 640737 "-" "ironic-inspector keystoneauth1/5.1.0 python-requests/2.28.1 CPython/3.9.14"
- - - [13/Feb/2023:21:19:40 -0500] "GET /v1/nodes/2fbb1080-1281-4498-8f72-6e25b64d452b HTTP/1.1" 200 3256 561718 "-" "python-urllib3/1.26.5"
- - - [13/Feb/2023:21:20:00 -0500] "GET / HTTP/1.1" 200 468 16334 "-" "python-requests/2.28.1"
- - - [13/Feb/2023:21:20:00 -0500] "GET /v1/lookup?addresses=c4%3A34%3A6b%3Ab7%3Ab9%3A4e%2Cc4%3A34%3A6b%3Ab7%3Ab9%3A4c%2C9c%3Ab6%3A54%3A8b%3A36%3A1c%2Cc4%3A34%3A6b%3Ab7%3Ab9%3A4f%2C9c%3Ab6%3A54%3A8b%3A36%3A18%2Cc4%3A34%3A6b%3Ab7%3Ab9%3A4d HTTP/1.1" 200 1047 363629 "-" "python-requests/2.28.1"
- - - [13/Feb/2023:21:20:01 -0500] "POST /v1/heartbeat/2fbb1080-1281-4498-8f72-6e25b64d452b HTTP/1.1" 202 - 112294 "-" "python-requests/2.28.1"
- - - [13/Feb/2023:21:20:02 -0500] "GET /v1/lookup?addresses=c4%3A34%3A6b%3Ab7%3Ab9%3A4e%2Cc4%3A34%3A6b%3Ab7%3Ab9%3A4c%2C9c%3Ab6%3A54%3A8b%3A36%3A1c%2Cc4%3A34%3A6b%3Ab7%3Ab9%3A4f%2C9c%3Ab6%3A54%3A8b%3A36%3A18%2Cc4%3A34%3A6b%3Ab7%3Ab9%3A4d&node_uuid=2fbb1080-1281-4498-8f72-6e25b64d452b HTTP/1.1" 200 1010 194560 "-" "python-requests/2.28.1"
- - - [13/Feb/2023:21:20:10 -0500] "GET /v1/nodes/2fbb1080-1281-4498-8f72-6e25b64d452b HTTP/1.1" 200 4874 483284 "-" "python-urllib3/1.26.5"
- - - [13/Feb/2023:21:20:32 -0500] "GET /v1/nodes?fields=uuid HTTP/1.1" 200 271 606982 "-" "ironic-inspector keystoneauth1/5.1.0 python-requests/2.28.1 CPython/3.9.14"
- - - [13/Feb/2023:21:20:36 -0500] "POST /v1/heartbeat/2fbb1080-1281-4498-8f72-6e25b64d452b HTTP/1.1" 202 - 152598 "-" "python-requests/2.28.1"
- - - [13/Feb/2023:21:20:41 -0500] "GET /v1/nodes/2fbb1080-1281-4498-8f72-6e25b64d452b HTTP/1.1" 200 4922 599286 "-" "python-urllib3/1.26.5"
- - - [13/Feb/2023:21:20:46 -0500] "POST /v1/heartbeat/2fbb1080-1281-4498-8f72-6e25b64d452b HTTP/1.1" 202 - 85886 "-" "python-requests/2.28.1"
- - - [13/Feb/2023:21:21:11 -0500] "GET /v1/nodes/2fbb1080-1281-4498-8f72-6e25b64d452b HTTP/1.1" 200 2964 556514 "-" "python-urllib3/1.26.5"
- - - [13/Feb/2023:21:21:32 -0500] "GET /v1/nodes?fields=uuid HTTP/1.1" 200 271 482108 "-" "ironic-inspector keystoneauth1/5.1.0 python-requests/2.28.1 CPython/3.9.14"
- - - [13/Feb/2023:21:22:32 -0500] "GET /v1/nodes?fields=uuid HTTP/1.1" 200 271 473005 "-" "ironic-inspector keystoneauth1/5.1.0 python-requests/2.28.1 CPython/3.9.14"
- - - [13/Feb/2023:21:23:32 -0500] "GET /v1/nodes?fields=uuid HTTP/1.1" 200 271 474606 "-" "ironic-inspector keystoneauth1/5.1.0 python-requests/2.28.1 CPython/3.9.14"
- - - [13/Feb/2023:21:24:18 -0500] "GET /v1/nodes/2fbb1080-1281-4498-8f72-6e25b64d452b/vifs HTTP/1.1" 200 12 596409 "-" "python-urllib3/1.26.5"
- - - [13/Feb/2023:21:24:23 -0500] "GET /v1/nodes HTTP/1.1" 200 420 660402 "-" "python-ironicclient"
- - - [13/Feb/2023:21:24:32 -0500] "GET /v1/nodes?fields=uuid HTTP/1.1" 200 271 502190 "-" "ironic-inspector keystoneauth1/5.1.0 python-requests/2.28.1 CPython/3.9.14"
- - - [13/Feb/2023:21:25:32 -0500] "GET /v1/nodes?fields=uuid HTTP/1.1" 200 271 730168 "-" "ironic-inspector keystoneauth1/5.1.0 python-requests/2.28.1 CPython/3.9.14"
