- - - [14/Feb/2023:14:30:09 -0500] "GET / HTTP/1.1" 200 468 6661516 "-" "ironic-inspector keystoneauth1/5.1.0 python-requests/2.28.1 CPython/3.9.14"
- - - [14/Feb/2023:14:30:16 -0500] "GET /v1/nodes?fields=uuid HTTP/1.1" 200 13 6831524 "-" "ironic-inspector keystoneauth1/5.1.0 python-requests/2.28.1 CPython/3.9.14"
- - - [14/Feb/2023:14:31:08 -0500] "GET /v1/nodes?fields=uuid HTTP/1.1" 200 13 2867983 "-" "ironic-inspector keystoneauth1/5.1.0 python-requests/2.28.1 CPython/3.9.14"
- - - [14/Feb/2023:14:32:08 -0500] "GET /v1/nodes?fields=uuid HTTP/1.1" 200 13 677899 "-" "ironic-inspector keystoneauth1/5.1.0 python-requests/2.28.1 CPython/3.9.14"
- - - [14/Feb/2023:14:32:38 -0500] "POST /v1/nodes HTTP/1.1" 201 2655 994619 "-" "python-ironicclient"
- - - [14/Feb/2023:14:32:43 -0500] "GET /v1/nodes HTTP/1.1" 200 380 477617 "-" "python-ironicclient"
- - - [14/Feb/2023:14:32:48 -0500] "PATCH /v1/nodes/28638a9c-a0b3-4abe-834f-b2e2a43dca74 HTTP/1.1" 200 3129 1066347 "-" "python-ironicclient"
- - - [14/Feb/2023:14:32:53 -0500] "POST /v1/ports HTTP/1.1" 201 562 862275 "-" "python-ironicclient"
- - - [14/Feb/2023:14:32:57 -0500] "PUT /v1/nodes/28638a9c-a0b3-4abe-834f-b2e2a43dca74/states/provision HTTP/1.1" 202 - 717492 "-" "python-ironicclient"
- - - [14/Feb/2023:14:33:09 -0500] "GET /v1/nodes?fields=uuid HTTP/1.1" 200 271 1170255 "-" "ironic-inspector keystoneauth1/5.1.0 python-requests/2.28.1 CPython/3.9.14"
- - - [14/Feb/2023:14:33:12 -0500] "PUT /v1/nodes/28638a9c-a0b3-4abe-834f-b2e2a43dca74/states/provision HTTP/1.1" 202 - 661907 "-" "python-ironicclient"
- - - [14/Feb/2023:14:33:16 -0500] "PUT /v1/nodes/28638a9c-a0b3-4abe-834f-b2e2a43dca74/states/power HTTP/1.1" 202 - 619524 "-" "python-ironicclient"
- - - [14/Feb/2023:14:33:43 -0500] "GET /v1/nodes HTTP/1.1" 200 369 644602 "-" "python-urllib3/1.26.5"
- - - [14/Feb/2023:14:33:44 -0500] "GET /v1/nodes?provision_state=available&associated=False&maintenance=False&fields=uuid%2Cdriver%2Cinstance_uuid%2Cprovision_state%2Cname%2Cmaintenance HTTP/1.1" 200 379 541539 "-" "python-urllib3/1.26.5"
- - - [14/Feb/2023:14:33:45 -0500] "PATCH /v1/nodes/28638a9c-a0b3-4abe-834f-b2e2a43dca74 HTTP/1.1" 200 2499 791437 "-" "python-urllib3/1.26.5"
- - - [14/Feb/2023:14:33:45 -0500] "PATCH /v1/nodes/28638a9c-a0b3-4abe-834f-b2e2a43dca74 HTTP/1.1" 200 2499 967297 "-" "python-urllib3/1.26.5"
- - - [14/Feb/2023:14:33:50 -0500] "POST /v1/nodes/28638a9c-a0b3-4abe-834f-b2e2a43dca74/vifs HTTP/1.1" 204 - 581654 "-" "python-urllib3/1.26.5"
- - - [14/Feb/2023:14:33:51 -0500] "PATCH /v1/nodes/28638a9c-a0b3-4abe-834f-b2e2a43dca74 HTTP/1.1" 200 2499 716562 "-" "python-urllib3/1.26.5"
- - - [14/Feb/2023:14:33:52 -0500] "PUT /v1/nodes/28638a9c-a0b3-4abe-834f-b2e2a43dca74/states/provision HTTP/1.1" 202 - 555620 "-" "python-urllib3/1.26.5"
- - - [14/Feb/2023:14:33:52 -0500] "GET /v1/nodes/28638a9c-a0b3-4abe-834f-b2e2a43dca74 HTTP/1.1" 200 2558 484885 "-" "python-urllib3/1.26.5"
- - - [14/Feb/2023:14:33:54 -0500] "GET /v1/nodes/28638a9c-a0b3-4abe-834f-b2e2a43dca74 HTTP/1.1" 200 2603 954450 "-" "python-urllib3/1.26.5"
- - - [14/Feb/2023:14:33:56 -0500] "GET /v1/nodes/28638a9c-a0b3-4abe-834f-b2e2a43dca74 HTTP/1.1" 200 2603 443042 "-" "python-urllib3/1.26.5"
- - - [14/Feb/2023:14:33:57 -0500] "GET /v1/nodes/28638a9c-a0b3-4abe-834f-b2e2a43dca74 HTTP/1.1" 200 2603 411772 "-" "python-urllib3/1.26.5"
- - - [14/Feb/2023:14:33:58 -0500] "GET /v1/nodes/28638a9c-a0b3-4abe-834f-b2e2a43dca74 HTTP/1.1" 200 2603 458364 "-" "python-urllib3/1.26.5"
- - - [14/Feb/2023:14:34:00 -0500] "GET /v1/nodes/28638a9c-a0b3-4abe-834f-b2e2a43dca74 HTTP/1.1" 200 2603 482979 "-" "python-urllib3/1.26.5"
- - - [14/Feb/2023:14:34:01 -0500] "GET /v1/nodes/28638a9c-a0b3-4abe-834f-b2e2a43dca74 HTTP/1.1" 200 2603 432919 "-" "python-urllib3/1.26.5"
- - - [14/Feb/2023:14:34:03 -0500] "GET /v1/nodes/28638a9c-a0b3-4abe-834f-b2e2a43dca74 HTTP/1.1" 200 2603 433835 "-" "python-urllib3/1.26.5"
- - - [14/Feb/2023:14:34:04 -0500] "GET /v1/nodes/28638a9c-a0b3-4abe-834f-b2e2a43dca74 HTTP/1.1" 200 2658 525277 "-" "python-urllib3/1.26.5"
- - - [14/Feb/2023:14:34:06 -0500] "GET /v1/nodes/28638a9c-a0b3-4abe-834f-b2e2a43dca74 HTTP/1.1" 200 2658 499915 "-" "python-urllib3/1.26.5"
- - - [14/Feb/2023:14:34:07 -0500] "GET /v1/nodes/28638a9c-a0b3-4abe-834f-b2e2a43dca74 HTTP/1.1" 200 2658 591969 "-" "python-urllib3/1.26.5"
- - - [14/Feb/2023:14:34:08 -0500] "GET /v1/nodes?fields=uuid HTTP/1.1" 200 271 364588 "-" "ironic-inspector keystoneauth1/5.1.0 python-requests/2.28.1 CPython/3.9.14"
- - - [14/Feb/2023:14:34:09 -0500] "GET /v1/nodes/28638a9c-a0b3-4abe-834f-b2e2a43dca74 HTTP/1.1" 200 2658 505971 "-" "python-urllib3/1.26.5"
- - - [14/Feb/2023:14:34:10 -0500] "GET /v1/nodes/28638a9c-a0b3-4abe-834f-b2e2a43dca74 HTTP/1.1" 200 2658 411650 "-" "python-urllib3/1.26.5"
- - - [14/Feb/2023:14:34:12 -0500] "GET /v1/nodes/28638a9c-a0b3-4abe-834f-b2e2a43dca74 HTTP/1.1" 200 2658 727158 "-" "python-urllib3/1.26.5"
- - - [14/Feb/2023:14:34:14 -0500] "GET /v1/nodes/28638a9c-a0b3-4abe-834f-b2e2a43dca74 HTTP/1.1" 200 2658 705457 "-" "python-urllib3/1.26.5"
- - - [14/Feb/2023:14:34:15 -0500] "GET /v1/nodes/28638a9c-a0b3-4abe-834f-b2e2a43dca74 HTTP/1.1" 200 2658 953733 "-" "python-urllib3/1.26.5"
- - - [14/Feb/2023:14:34:17 -0500] "GET /v1/nodes/28638a9c-a0b3-4abe-834f-b2e2a43dca74 HTTP/1.1" 200 2658 976780 "-" "python-urllib3/1.26.5"
- - - [14/Feb/2023:14:34:19 -0500] "GET /v1/nodes/28638a9c-a0b3-4abe-834f-b2e2a43dca74 HTTP/1.1" 200 3258 537737 "-" "python-urllib3/1.26.5"
- - - [14/Feb/2023:14:34:21 -0500] "GET /v1/nodes/28638a9c-a0b3-4abe-834f-b2e2a43dca74 HTTP/1.1" 200 3258 535747 "-" "python-urllib3/1.26.5"
- - - [14/Feb/2023:14:34:22 -0500] "GET /v1/nodes/28638a9c-a0b3-4abe-834f-b2e2a43dca74 HTTP/1.1" 200 3258 761450 "-" "python-urllib3/1.26.5"
- - - [14/Feb/2023:14:34:24 -0500] "GET /v1/nodes/28638a9c-a0b3-4abe-834f-b2e2a43dca74 HTTP/1.1" 200 3258 482273 "-" "python-urllib3/1.26.5"
- - - [14/Feb/2023:14:34:26 -0500] "GET /v1/nodes/28638a9c-a0b3-4abe-834f-b2e2a43dca74 HTTP/1.1" 200 3258 679269 "-" "python-urllib3/1.26.5"
- - - [14/Feb/2023:14:34:27 -0500] "GET /v1/nodes/28638a9c-a0b3-4abe-834f-b2e2a43dca74 HTTP/1.1" 200 3258 432459 "-" "python-urllib3/1.26.5"
- - - [14/Feb/2023:14:34:29 -0500] "GET /v1/nodes/28638a9c-a0b3-4abe-834f-b2e2a43dca74 HTTP/1.1" 200 3258 395960 "-" "python-urllib3/1.26.5"
- - - [14/Feb/2023:14:34:30 -0500] "GET /v1/nodes/28638a9c-a0b3-4abe-834f-b2e2a43dca74 HTTP/1.1" 200 3258 379390 "-" "python-urllib3/1.26.5"
- - - [14/Feb/2023:14:34:32 -0500] "GET /v1/nodes/28638a9c-a0b3-4abe-834f-b2e2a43dca74 HTTP/1.1" 200 3251 404120 "-" "python-urllib3/1.26.5"
- - - [14/Feb/2023:14:34:32 -0500] "GET /v1/nodes/28638a9c-a0b3-4abe-834f-b2e2a43dca74 HTTP/1.1" 200 3241 404469 "-" "python-urllib3/1.26.5"
- - - [14/Feb/2023:14:35:02 -0500] "GET /v1/nodes/28638a9c-a0b3-4abe-834f-b2e2a43dca74 HTTP/1.1" 200 3241 478598 "-" "python-urllib3/1.26.5"
- - - [14/Feb/2023:14:35:08 -0500] "GET /v1/nodes?fields=uuid HTTP/1.1" 200 271 428771 "-" "ironic-inspector keystoneauth1/5.1.0 python-requests/2.28.1 CPython/3.9.14"
- - - [14/Feb/2023:14:35:33 -0500] "GET /v1/nodes/28638a9c-a0b3-4abe-834f-b2e2a43dca74 HTTP/1.1" 200 3241 455506 "-" "python-urllib3/1.26.5"
- - - [14/Feb/2023:14:36:03 -0500] "GET /v1/nodes/28638a9c-a0b3-4abe-834f-b2e2a43dca74 HTTP/1.1" 200 3241 503432 "-" "python-urllib3/1.26.5"
- - - [14/Feb/2023:14:36:08 -0500] "GET /v1/nodes?fields=uuid HTTP/1.1" 200 271 422148 "-" "ironic-inspector keystoneauth1/5.1.0 python-requests/2.28.1 CPython/3.9.14"
- - - [14/Feb/2023:14:36:34 -0500] "GET /v1/nodes/28638a9c-a0b3-4abe-834f-b2e2a43dca74 HTTP/1.1" 200 3241 416056 "-" "python-urllib3/1.26.5"
- - - [14/Feb/2023:14:37:04 -0500] "GET /v1/nodes/28638a9c-a0b3-4abe-834f-b2e2a43dca74 HTTP/1.1" 200 3241 446351 "-" "python-urllib3/1.26.5"
- - - [14/Feb/2023:14:37:08 -0500] "GET /v1/nodes?fields=uuid HTTP/1.1" 200 271 476618 "-" "ironic-inspector keystoneauth1/5.1.0 python-requests/2.28.1 CPython/3.9.14"
- - - [14/Feb/2023:14:37:35 -0500] "GET /v1/nodes/28638a9c-a0b3-4abe-834f-b2e2a43dca74 HTTP/1.1" 200 3241 447253 "-" "python-urllib3/1.26.5"
- - - [14/Feb/2023:14:38:05 -0500] "GET /v1/nodes/28638a9c-a0b3-4abe-834f-b2e2a43dca74 HTTP/1.1" 200 3241 744811 "-" "python-urllib3/1.26.5"
- - - [14/Feb/2023:14:38:08 -0500] "GET /v1/nodes?fields=uuid HTTP/1.1" 200 271 524633 "-" "ironic-inspector keystoneauth1/5.1.0 python-requests/2.28.1 CPython/3.9.14"
- - - [14/Feb/2023:14:38:36 -0500] "GET /v1/nodes/28638a9c-a0b3-4abe-834f-b2e2a43dca74 HTTP/1.1" 200 3241 491450 "-" "python-urllib3/1.26.5"
- - - [14/Feb/2023:14:39:07 -0500] "GET /v1/nodes/28638a9c-a0b3-4abe-834f-b2e2a43dca74 HTTP/1.1" 200 3241 545724 "-" "python-urllib3/1.26.5"
- - - [14/Feb/2023:14:39:08 -0500] "GET /v1/nodes?fields=uuid HTTP/1.1" 200 271 626017 "-" "ironic-inspector keystoneauth1/5.1.0 python-requests/2.28.1 CPython/3.9.14"
- - - [14/Feb/2023:14:39:37 -0500] "GET /v1/nodes/28638a9c-a0b3-4abe-834f-b2e2a43dca74 HTTP/1.1" 200 3241 561953 "-" "python-urllib3/1.26.5"
- - - [14/Feb/2023:14:39:44 -0500] "GET / HTTP/1.1" 200 468 14942 "-" "python-requests/2.28.1"
- - - [14/Feb/2023:14:39:44 -0500] "GET /v1/lookup?addresses=c4%3A34%3A6b%3Ab7%3Ab9%3A4f%2Cc4%3A34%3A6b%3Ab7%3Ab9%3A4d%2C9c%3Ab6%3A54%3A8b%3A36%3A1c%2Cc4%3A34%3A6b%3Ab7%3Ab9%3A4e%2C9c%3Ab6%3A54%3A8b%3A36%3A18%2Cc4%3A34%3A6b%3Ab7%3Ab9%3A4c HTTP/1.1" 200 1047 326923 "-" "python-requests/2.28.1"
- - - [14/Feb/2023:14:39:45 -0500] "POST /v1/heartbeat/28638a9c-a0b3-4abe-834f-b2e2a43dca74 HTTP/1.1" 202 - 129122 "-" "python-requests/2.28.1"
- - - [14/Feb/2023:14:39:46 -0500] "GET /v1/lookup?addresses=c4%3A34%3A6b%3Ab7%3Ab9%3A4f%2Cc4%3A34%3A6b%3Ab7%3Ab9%3A4d%2C9c%3Ab6%3A54%3A8b%3A36%3A1c%2Cc4%3A34%3A6b%3Ab7%3Ab9%3A4e%2C9c%3Ab6%3A54%3A8b%3A36%3A18%2Cc4%3A34%3A6b%3Ab7%3Ab9%3A4c&node_uuid=28638a9c-a0b3-4abe-834f-b2e2a43dca74 HTTP/1.1" 200 1010 128716 "-" "python-requests/2.28.1"
- - - [14/Feb/2023:14:40:08 -0500] "GET /v1/nodes/28638a9c-a0b3-4abe-834f-b2e2a43dca74 HTTP/1.1" 200 4859 451525 "-" "python-urllib3/1.26.5"
- - - [14/Feb/2023:14:40:08 -0500] "GET /v1/nodes?fields=uuid HTTP/1.1" 200 271 494535 "-" "ironic-inspector keystoneauth1/5.1.0 python-requests/2.28.1 CPython/3.9.14"
- - - [14/Feb/2023:14:40:25 -0500] "POST /v1/heartbeat/28638a9c-a0b3-4abe-834f-b2e2a43dca74 HTTP/1.1" 202 - 125257 "-" "python-requests/2.28.1"
- - - [14/Feb/2023:14:40:30 -0500] "POST /v1/heartbeat/28638a9c-a0b3-4abe-834f-b2e2a43dca74 HTTP/1.1" 202 - 117328 "-" "python-requests/2.28.1"
- - - [14/Feb/2023:14:40:38 -0500] "GET /v1/nodes/28638a9c-a0b3-4abe-834f-b2e2a43dca74 HTTP/1.1" 200 4907 486578 "-" "python-urllib3/1.26.5"
- - - [14/Feb/2023:14:41:08 -0500] "GET /v1/nodes?fields=uuid HTTP/1.1" 200 271 427877 "-" "ironic-inspector keystoneauth1/5.1.0 python-requests/2.28.1 CPython/3.9.14"
- - - [14/Feb/2023:14:41:09 -0500] "GET /v1/nodes/28638a9c-a0b3-4abe-834f-b2e2a43dca74 HTTP/1.1" 200 2949 469103 "-" "python-urllib3/1.26.5"
- - - [14/Feb/2023:14:42:08 -0500] "GET /v1/nodes?fields=uuid HTTP/1.1" 200 271 475009 "-" "ironic-inspector keystoneauth1/5.1.0 python-requests/2.28.1 CPython/3.9.14"
- - - [14/Feb/2023:14:43:09 -0500] "GET /v1/nodes?fields=uuid HTTP/1.1" 200 271 470766 "-" "ironic-inspector keystoneauth1/5.1.0 python-requests/2.28.1 CPython/3.9.14"
- - - [14/Feb/2023:14:44:09 -0500] "GET /v1/nodes?fields=uuid HTTP/1.1" 200 271 459511 "-" "ironic-inspector keystoneauth1/5.1.0 python-requests/2.28.1 CPython/3.9.14"
- - - [14/Feb/2023:14:45:09 -0500] "GET /v1/nodes?fields=uuid HTTP/1.1" 200 271 462431 "-" "ironic-inspector keystoneauth1/5.1.0 python-requests/2.28.1 CPython/3.9.14"
- - - [14/Feb/2023:14:46:09 -0500] "GET /v1/nodes?fields=uuid HTTP/1.1" 200 271 466721 "-" "ironic-inspector keystoneauth1/5.1.0 python-requests/2.28.1 CPython/3.9.14"
- - - [14/Feb/2023:14:47:09 -0500] "GET /v1/nodes?fields=uuid HTTP/1.1" 200 271 470689 "-" "ironic-inspector keystoneauth1/5.1.0 python-requests/2.28.1 CPython/3.9.14"
- - - [14/Feb/2023:14:48:09 -0500] "GET /v1/nodes?fields=uuid HTTP/1.1" 200 271 493435 "-" "ironic-inspector keystoneauth1/5.1.0 python-requests/2.28.1 CPython/3.9.14"
- - - [14/Feb/2023:14:49:09 -0500] "GET /v1/nodes?fields=uuid HTTP/1.1" 200 271 488417 "-" "ironic-inspector keystoneauth1/5.1.0 python-requests/2.28.1 CPython/3.9.14"
- - - [14/Feb/2023:14:50:09 -0500] "GET /v1/nodes?fields=uuid HTTP/1.1" 200 271 405028 "-" "ironic-inspector keystoneauth1/5.1.0 python-requests/2.28.1 CPython/3.9.14"
- - - [14/Feb/2023:14:51:09 -0500] "GET /v1/nodes?fields=uuid HTTP/1.1" 200 271 472195 "-" "ironic-inspector keystoneauth1/5.1.0 python-requests/2.28.1 CPython/3.9.14"
- - - [14/Feb/2023:14:52:09 -0500] "GET /v1/nodes?fields=uuid HTTP/1.1" 200 271 514984 "-" "ironic-inspector keystoneauth1/5.1.0 python-requests/2.28.1 CPython/3.9.14"
- - - [14/Feb/2023:14:53:09 -0500] "GET /v1/nodes?fields=uuid HTTP/1.1" 200 271 833651 "-" "ironic-inspector keystoneauth1/5.1.0 python-requests/2.28.1 CPython/3.9.14"
- - - [14/Feb/2023:14:54:09 -0500] "GET /v1/nodes?fields=uuid HTTP/1.1" 200 271 669575 "-" "ironic-inspector keystoneauth1/5.1.0 python-requests/2.28.1 CPython/3.9.14"
- - - [14/Feb/2023:14:55:09 -0500] "GET /v1/nodes?fields=uuid HTTP/1.1" 200 271 439270 "-" "ironic-inspector keystoneauth1/5.1.0 python-requests/2.28.1 CPython/3.9.14"
- - - [14/Feb/2023:14:56:09 -0500] "GET /v1/nodes?fields=uuid HTTP/1.1" 200 271 479127 "-" "ironic-inspector keystoneauth1/5.1.0 python-requests/2.28.1 CPython/3.9.14"
- - - [14/Feb/2023:14:57:09 -0500] "GET /v1/nodes?fields=uuid HTTP/1.1" 200 271 480296 "-" "ironic-inspector keystoneauth1/5.1.0 python-requests/2.28.1 CPython/3.9.14"
- - - [14/Feb/2023:14:58:09 -0500] "GET /v1/nodes?fields=uuid HTTP/1.1" 200 271 446124 "-" "ironic-inspector keystoneauth1/5.1.0 python-requests/2.28.1 CPython/3.9.14"
- - - [14/Feb/2023:14:59:09 -0500] "GET /v1/nodes?fields=uuid HTTP/1.1" 200 271 404956 "-" "ironic-inspector keystoneauth1/5.1.0 python-requests/2.28.1 CPython/3.9.14"
- - - [14/Feb/2023:15:00:09 -0500] "GET /v1/nodes?fields=uuid HTTP/1.1" 200 271 451615 "-" "ironic-inspector keystoneauth1/5.1.0 python-requests/2.28.1 CPython/3.9.14"
- - - [14/Feb/2023:15:01:09 -0500] "GET /v1/nodes?fields=uuid HTTP/1.1" 200 271 656488 "-" "ironic-inspector keystoneauth1/5.1.0 python-requests/2.28.1 CPython/3.9.14"
- - - [14/Feb/2023:15:01:11 -0500] "GET /v1/nodes/28638a9c-a0b3-4abe-834f-b2e2a43dca74/vifs HTTP/1.1" 200 12 581637 "-" "python-urllib3/1.26.5"
- - - [14/Feb/2023:15:02:09 -0500] "GET /v1/nodes?fields=uuid HTTP/1.1" 200 271 462762 "-" "ironic-inspector keystoneauth1/5.1.0 python-requests/2.28.1 CPython/3.9.14"
