2023-02-15 21:19:54,362 p=5745 u=root n=ansible | [WARNING]: Invalid characters were found in group names but not replaced, use
-vvvv to see details

2023-02-15 21:19:56,786 p=5745 u=root n=ansible | PLAY [Gather facts for all hosts] **********************************************
2023-02-15 21:19:57,179 p=5745 u=root n=ansible | TASK [Gather facts] ************************************************************
2023-02-15 21:20:07,501 p=5745 u=root n=ansible | ok: [localhost]
2023-02-15 21:20:07,676 p=5745 u=root n=ansible | TASK [Group hosts to determine when using --limit] *****************************
2023-02-15 21:20:07,799 p=5745 u=root n=ansible | ok: [localhost]
2023-02-15 21:20:08,024 p=5745 u=root n=ansible | [WARNING]: Could not match supplied host pattern, ignoring:
all_using_limit_True

2023-02-15 21:20:08,031 p=5745 u=root n=ansible | PLAY [Gather facts for all hosts (if using --limit)] ***************************
2023-02-15 21:20:08,032 p=5745 u=root n=ansible | skipping: no hosts matched
2023-02-15 21:20:08,039 p=5745 u=root n=ansible | PLAY [Apply role baremetal] ****************************************************
2023-02-15 21:20:08,245 p=5745 u=root n=ansible | TASK [openstack.kolla.baremetal : Ensure localhost in /etc/hosts] **************
2023-02-15 21:20:09,293 p=5745 u=root n=ansible | changed: [localhost]
2023-02-15 21:20:09,409 p=5745 u=root n=ansible | TASK [openstack.kolla.baremetal : Ensure hostname does not point to 127.0.1.1 in /etc/hosts] ***
2023-02-15 21:20:09,983 p=5745 u=root n=ansible | ok: [localhost]
2023-02-15 21:20:10,097 p=5745 u=root n=ansible | TASK [openstack.kolla.baremetal : Generate /etc/hosts for all of the nodes] ****
2023-02-15 21:20:12,145 p=5745 u=root n=ansible | changed: [localhost]
2023-02-15 21:20:12,304 p=5745 u=root n=ansible | TASK [openstack.kolla.baremetal : Ensure unprivileged users can use ping] ******
2023-02-15 21:20:13,430 p=5745 u=root n=ansible | changed: [localhost]
2023-02-15 21:20:13,572 p=5745 u=root n=ansible | TASK [openstack.kolla.baremetal : Ensure /etc/cloud/cloud.cfg exists] **********
2023-02-15 21:20:14,762 p=5745 u=root n=ansible | ok: [localhost]
2023-02-15 21:20:14,917 p=5745 u=root n=ansible | TASK [openstack.kolla.baremetal : Disable cloud-init manage_etc_hosts] *********
2023-02-15 21:20:16,429 p=5745 u=root n=ansible | changed: [localhost]
2023-02-15 21:20:16,560 p=5745 u=root n=ansible | TASK [openstack.kolla.baremetal : Set firewall default policy] *****************
2023-02-15 21:20:16,630 p=5745 u=root n=ansible | skipping: [localhost]
2023-02-15 21:20:16,744 p=5745 u=root n=ansible | TASK [openstack.kolla.baremetal : Check if firewalld is installed] *************
2023-02-15 21:20:17,726 p=5745 u=root n=ansible | ok: [localhost]
2023-02-15 21:20:17,882 p=5745 u=root n=ansible | TASK [openstack.kolla.baremetal : Disable firewalld] ***************************
2023-02-15 21:20:17,972 p=5745 u=root n=ansible | skipping: [localhost] => (item=firewalld) 
2023-02-15 21:20:18,127 p=5745 u=root n=ansible | TASK [openstack.kolla.docker : Fail if docker_custom_option is defined] ********
2023-02-15 21:20:18,207 p=5745 u=root n=ansible | skipping: [localhost]
2023-02-15 21:20:18,340 p=5745 u=root n=ansible | TASK [openstack.kolla.docker : include_tasks] **********************************
2023-02-15 21:20:18,383 p=5745 u=root n=ansible | skipping: [localhost]
2023-02-15 21:20:18,471 p=5745 u=root n=ansible | TASK [openstack.kolla.docker : Ensure docker config directory exists] **********
2023-02-15 21:20:19,375 p=5745 u=root n=ansible | ok: [localhost]
2023-02-15 21:20:19,457 p=5745 u=root n=ansible | TASK [openstack.kolla.docker : Write docker config] ****************************
2023-02-15 21:20:20,881 p=5745 u=root n=ansible | changed: [localhost]
2023-02-15 21:20:20,993 p=5745 u=root n=ansible | TASK [openstack.kolla.docker : Remove old docker options file] *****************
2023-02-15 21:20:21,630 p=5745 u=root n=ansible | ok: [localhost]
2023-02-15 21:20:21,747 p=5745 u=root n=ansible | TASK [openstack.kolla.docker : Ensure docker service directory exists] *********
2023-02-15 21:20:21,796 p=5745 u=root n=ansible | skipping: [localhost]
2023-02-15 21:20:21,980 p=5745 u=root n=ansible | TASK [openstack.kolla.docker : Configure docker service] ***********************
2023-02-15 21:20:22,058 p=5745 u=root n=ansible | skipping: [localhost]
2023-02-15 21:20:22,207 p=5745 u=root n=ansible | TASK [openstack.kolla.docker : Ensure the path for CA file for private registry exists] ***
2023-02-15 21:20:22,282 p=5745 u=root n=ansible | skipping: [localhost]
2023-02-15 21:20:22,423 p=5745 u=root n=ansible | TASK [openstack.kolla.docker : Ensure the CA file for private registry exists] ***
2023-02-15 21:20:22,496 p=5745 u=root n=ansible | skipping: [localhost]
2023-02-15 21:20:22,640 p=5745 u=root n=ansible | TASK [openstack.kolla.docker : Flush handlers] *********************************
2023-02-15 21:20:22,641 p=5745 u=root n=ansible | RUNNING HANDLER [openstack.kolla.docker : Restart docker] **********************
2023-02-15 21:20:26,555 p=5745 u=root n=ansible | changed: [localhost]
2023-02-15 21:20:26,703 p=5745 u=root n=ansible | TASK [openstack.kolla.docker : Start and enable docker] ************************
2023-02-15 21:20:27,689 p=5745 u=root n=ansible | ok: [localhost]
2023-02-15 21:20:27,815 p=5745 u=root n=ansible | TASK [openstack.kolla.docker : include_tasks] **********************************
2023-02-15 21:20:27,869 p=5745 u=root n=ansible | skipping: [localhost]
2023-02-15 21:20:28,132 p=5745 u=root n=ansible | TASK [openstack.kolla.kolla_user : Ensure groups are present] ******************
2023-02-15 21:20:28,230 p=5745 u=root n=ansible | skipping: [localhost] => (item=docker) 
2023-02-15 21:20:28,251 p=5745 u=root n=ansible | skipping: [localhost] => (item=sudo) 
2023-02-15 21:20:28,264 p=5745 u=root n=ansible | skipping: [localhost] => (item=kolla) 
2023-02-15 21:20:28,412 p=5745 u=root n=ansible | TASK [openstack.kolla.kolla_user : Create kolla user] **************************
2023-02-15 21:20:28,500 p=5745 u=root n=ansible | skipping: [localhost]
2023-02-15 21:20:28,643 p=5745 u=root n=ansible | TASK [openstack.kolla.kolla_user : Add public key to kolla user authorized keys] ***
2023-02-15 21:20:28,708 p=5745 u=root n=ansible | skipping: [localhost]
2023-02-15 21:20:28,846 p=5745 u=root n=ansible | TASK [openstack.kolla.kolla_user : Grant kolla user passwordless sudo] *********
2023-02-15 21:20:28,914 p=5745 u=root n=ansible | skipping: [localhost]
2023-02-15 21:20:29,125 p=5745 u=root n=ansible | TASK [openstack.kolla.docker_sdk : Install latest pip in the virtualenv] *******
2023-02-15 21:20:29,210 p=5745 u=root n=ansible | skipping: [localhost]
2023-02-15 21:20:29,354 p=5745 u=root n=ansible | TASK [openstack.kolla.docker_sdk : Install docker SDK for python] **************
2023-02-15 21:20:39,286 p=5745 u=root n=ansible | ok: [localhost]
2023-02-15 21:20:39,445 p=5745 u=root n=ansible | TASK [openstack.kolla.baremetal : Ensure node_config_directory directory exists] ***
2023-02-15 21:20:39,987 p=5745 u=root n=ansible | ok: [localhost]
2023-02-15 21:20:40,065 p=5745 u=root n=ansible | TASK [openstack.kolla.apparmor_libvirt : include_tasks] ************************
2023-02-15 21:20:40,101 p=5745 u=root n=ansible | skipping: [localhost]
2023-02-15 21:20:40,256 p=5745 u=root n=ansible | TASK [openstack.kolla.baremetal : Change state of selinux] *********************
2023-02-15 21:20:41,566 p=5745 u=root n=ansible | ok: [localhost]
2023-02-15 21:20:41,647 p=5745 u=root n=ansible | TASK [openstack.kolla.baremetal : Set https proxy for git] *********************
2023-02-15 21:20:41,697 p=5745 u=root n=ansible | skipping: [localhost]
2023-02-15 21:20:41,779 p=5745 u=root n=ansible | TASK [openstack.kolla.baremetal : Set http proxy for git] **********************
2023-02-15 21:20:41,816 p=5745 u=root n=ansible | skipping: [localhost]
2023-02-15 21:20:41,896 p=5745 u=root n=ansible | TASK [openstack.kolla.baremetal : include_tasks] *******************************
2023-02-15 21:20:41,931 p=5745 u=root n=ansible | skipping: [localhost]
2023-02-15 21:20:42,162 p=5745 u=root n=ansible | PLAY RECAP *********************************************************************
2023-02-15 21:20:42,163 p=5745 u=root n=ansible | localhost                  : ok=17   changed=6    unreachable=0    failed=0    skipped=18   rescued=0    ignored=0   
