2023-03-03 20:24:25,776 p=5762 u=root n=ansible | [WARNING]: Invalid characters were found in group names but not replaced, use
-vvvv to see details

2023-03-03 20:24:29,143 p=5762 u=root n=ansible | PLAY [Gather facts for all hosts] **********************************************
2023-03-03 20:24:29,553 p=5762 u=root n=ansible | TASK [Gather facts] ************************************************************
2023-03-03 20:24:41,691 p=5762 u=root n=ansible | ok: [localhost]
2023-03-03 20:24:41,831 p=5762 u=root n=ansible | TASK [Group hosts to determine when using --limit] *****************************
2023-03-03 20:24:41,908 p=5762 u=root n=ansible | ok: [localhost]
2023-03-03 20:24:42,076 p=5762 u=root n=ansible | [WARNING]: Could not match supplied host pattern, ignoring:
all_using_limit_True

2023-03-03 20:24:42,085 p=5762 u=root n=ansible | PLAY [Gather facts for all hosts (if using --limit)] ***************************
2023-03-03 20:24:42,085 p=5762 u=root n=ansible | skipping: no hosts matched
2023-03-03 20:24:42,093 p=5762 u=root n=ansible | PLAY [Apply role baremetal] ****************************************************
2023-03-03 20:24:42,351 p=5762 u=root n=ansible | TASK [openstack.kolla.baremetal : Ensure localhost in /etc/hosts] **************
2023-03-03 20:24:43,460 p=5762 u=root n=ansible | changed: [localhost]
2023-03-03 20:24:43,609 p=5762 u=root n=ansible | TASK [openstack.kolla.baremetal : Ensure hostname does not point to 127.0.1.1 in /etc/hosts] ***
2023-03-03 20:24:44,144 p=5762 u=root n=ansible | ok: [localhost]
2023-03-03 20:24:44,293 p=5762 u=root n=ansible | TASK [openstack.kolla.baremetal : Generate /etc/hosts for all of the nodes] ****
2023-03-03 20:24:45,949 p=5762 u=root n=ansible | changed: [localhost]
2023-03-03 20:24:46,065 p=5762 u=root n=ansible | TASK [openstack.kolla.baremetal : Ensure unprivileged users can use ping] ******
2023-03-03 20:24:47,092 p=5762 u=root n=ansible | changed: [localhost]
2023-03-03 20:24:47,191 p=5762 u=root n=ansible | TASK [openstack.kolla.baremetal : Ensure /etc/cloud/cloud.cfg exists] **********
2023-03-03 20:24:48,526 p=5762 u=root n=ansible | ok: [localhost]
2023-03-03 20:24:48,640 p=5762 u=root n=ansible | TASK [openstack.kolla.baremetal : Disable cloud-init manage_etc_hosts] *********
2023-03-03 20:24:50,387 p=5762 u=root n=ansible | changed: [localhost]
2023-03-03 20:24:50,507 p=5762 u=root n=ansible | TASK [openstack.kolla.baremetal : Set firewall default policy] *****************
2023-03-03 20:24:50,566 p=5762 u=root n=ansible | skipping: [localhost]
2023-03-03 20:24:50,727 p=5762 u=root n=ansible | TASK [openstack.kolla.baremetal : Check if firewalld is installed] *************
2023-03-03 20:24:51,834 p=5762 u=root n=ansible | ok: [localhost]
2023-03-03 20:24:51,957 p=5762 u=root n=ansible | TASK [openstack.kolla.baremetal : Disable firewalld] ***************************
2023-03-03 20:24:52,103 p=5762 u=root n=ansible | skipping: [localhost] => (item=firewalld) 
2023-03-03 20:24:52,199 p=5762 u=root n=ansible | TASK [openstack.kolla.docker : Fail if docker_custom_option is defined] ********
2023-03-03 20:24:52,414 p=5762 u=root n=ansible | skipping: [localhost]
2023-03-03 20:24:52,504 p=5762 u=root n=ansible | TASK [openstack.kolla.docker : include_tasks] **********************************
2023-03-03 20:24:52,570 p=5762 u=root n=ansible | skipping: [localhost]
2023-03-03 20:24:52,658 p=5762 u=root n=ansible | TASK [openstack.kolla.docker : Ensure docker config directory exists] **********
2023-03-03 20:24:53,660 p=5762 u=root n=ansible | ok: [localhost]
2023-03-03 20:24:53,771 p=5762 u=root n=ansible | TASK [openstack.kolla.docker : Write docker config] ****************************
2023-03-03 20:24:55,253 p=5762 u=root n=ansible | changed: [localhost]
2023-03-03 20:24:55,352 p=5762 u=root n=ansible | TASK [openstack.kolla.docker : Remove old docker options file] *****************
2023-03-03 20:24:56,013 p=5762 u=root n=ansible | ok: [localhost]
2023-03-03 20:24:56,114 p=5762 u=root n=ansible | TASK [openstack.kolla.docker : Ensure docker service directory exists] *********
2023-03-03 20:24:56,167 p=5762 u=root n=ansible | skipping: [localhost]
2023-03-03 20:24:56,290 p=5762 u=root n=ansible | TASK [openstack.kolla.docker : Configure docker service] ***********************
2023-03-03 20:24:56,353 p=5762 u=root n=ansible | skipping: [localhost]
2023-03-03 20:24:56,465 p=5762 u=root n=ansible | TASK [openstack.kolla.docker : Ensure the path for CA file for private registry exists] ***
2023-03-03 20:24:56,521 p=5762 u=root n=ansible | skipping: [localhost]
2023-03-03 20:24:56,622 p=5762 u=root n=ansible | TASK [openstack.kolla.docker : Ensure the CA file for private registry exists] ***
2023-03-03 20:24:56,690 p=5762 u=root n=ansible | skipping: [localhost]
2023-03-03 20:24:56,795 p=5762 u=root n=ansible | TASK [openstack.kolla.docker : Flush handlers] *********************************
2023-03-03 20:24:56,796 p=5762 u=root n=ansible | RUNNING HANDLER [openstack.kolla.docker : Restart docker] **********************
2023-03-03 20:25:02,458 p=5762 u=root n=ansible | changed: [localhost]
2023-03-03 20:25:02,608 p=5762 u=root n=ansible | TASK [openstack.kolla.docker : Start and enable docker] ************************
2023-03-03 20:25:03,917 p=5762 u=root n=ansible | ok: [localhost]
2023-03-03 20:25:04,093 p=5762 u=root n=ansible | TASK [openstack.kolla.docker : include_tasks] **********************************
2023-03-03 20:25:04,168 p=5762 u=root n=ansible | skipping: [localhost]
2023-03-03 20:25:04,464 p=5762 u=root n=ansible | TASK [openstack.kolla.kolla_user : Ensure groups are present] ******************
2023-03-03 20:25:04,526 p=5762 u=root n=ansible | skipping: [localhost] => (item=docker) 
2023-03-03 20:25:04,541 p=5762 u=root n=ansible | skipping: [localhost] => (item=sudo) 
2023-03-03 20:25:04,562 p=5762 u=root n=ansible | skipping: [localhost] => (item=kolla) 
2023-03-03 20:25:04,697 p=5762 u=root n=ansible | TASK [openstack.kolla.kolla_user : Create kolla user] **************************
2023-03-03 20:25:04,773 p=5762 u=root n=ansible | skipping: [localhost]
2023-03-03 20:25:04,944 p=5762 u=root n=ansible | TASK [openstack.kolla.kolla_user : Add public key to kolla user authorized keys] ***
2023-03-03 20:25:05,019 p=5762 u=root n=ansible | skipping: [localhost]
2023-03-03 20:25:05,124 p=5762 u=root n=ansible | TASK [openstack.kolla.kolla_user : Grant kolla user passwordless sudo] *********
2023-03-03 20:25:05,179 p=5762 u=root n=ansible | skipping: [localhost]
2023-03-03 20:25:05,364 p=5762 u=root n=ansible | TASK [openstack.kolla.docker_sdk : Install latest pip in the virtualenv] *******
2023-03-03 20:25:05,437 p=5762 u=root n=ansible | skipping: [localhost]
2023-03-03 20:25:05,543 p=5762 u=root n=ansible | TASK [openstack.kolla.docker_sdk : Install docker SDK for python] **************
2023-03-03 20:25:12,387 p=5762 u=root n=ansible | ok: [localhost]
2023-03-03 20:25:12,579 p=5762 u=root n=ansible | TASK [openstack.kolla.baremetal : Ensure node_config_directory directory exists] ***
2023-03-03 20:25:13,183 p=5762 u=root n=ansible | ok: [localhost]
2023-03-03 20:25:13,284 p=5762 u=root n=ansible | TASK [openstack.kolla.apparmor_libvirt : include_tasks] ************************
2023-03-03 20:25:13,420 p=5762 u=root n=ansible | skipping: [localhost]
2023-03-03 20:25:13,594 p=5762 u=root n=ansible | TASK [openstack.kolla.baremetal : Change state of selinux] *********************
2023-03-03 20:25:15,223 p=5762 u=root n=ansible | ok: [localhost]
2023-03-03 20:25:15,342 p=5762 u=root n=ansible | TASK [openstack.kolla.baremetal : Set https proxy for git] *********************
2023-03-03 20:25:15,391 p=5762 u=root n=ansible | skipping: [localhost]
2023-03-03 20:25:15,507 p=5762 u=root n=ansible | TASK [openstack.kolla.baremetal : Set http proxy for git] **********************
2023-03-03 20:25:15,558 p=5762 u=root n=ansible | skipping: [localhost]
2023-03-03 20:25:15,662 p=5762 u=root n=ansible | TASK [openstack.kolla.baremetal : include_tasks] *******************************
2023-03-03 20:25:15,714 p=5762 u=root n=ansible | skipping: [localhost]
2023-03-03 20:25:15,982 p=5762 u=root n=ansible | PLAY RECAP *********************************************************************
2023-03-03 20:25:15,982 p=5762 u=root n=ansible | localhost                  : ok=17   changed=6    unreachable=0    failed=0    skipped=18   rescued=0    ignored=0   
