2023-03-07 20:59:03,431 p=5746 u=root n=ansible | [WARNING]: Invalid characters were found in group names but not replaced, use
-vvvv to see details

2023-03-07 20:59:05,189 p=5746 u=root n=ansible | PLAY [Gather facts for all hosts] **********************************************
2023-03-07 20:59:05,556 p=5746 u=root n=ansible | TASK [Gather facts] ************************************************************
2023-03-07 20:59:14,547 p=5746 u=root n=ansible | ok: [localhost]
2023-03-07 20:59:14,634 p=5746 u=root n=ansible | TASK [Group hosts to determine when using --limit] *****************************
2023-03-07 20:59:14,696 p=5746 u=root n=ansible | ok: [localhost]
2023-03-07 20:59:14,854 p=5746 u=root n=ansible | [WARNING]: Could not match supplied host pattern, ignoring:
all_using_limit_True

2023-03-07 20:59:14,863 p=5746 u=root n=ansible | PLAY [Gather facts for all hosts (if using --limit)] ***************************
2023-03-07 20:59:14,863 p=5746 u=root n=ansible | skipping: no hosts matched
2023-03-07 20:59:14,871 p=5746 u=root n=ansible | PLAY [Apply role baremetal] ****************************************************
2023-03-07 20:59:15,068 p=5746 u=root n=ansible | TASK [openstack.kolla.baremetal : Ensure localhost in /etc/hosts] **************
2023-03-07 20:59:15,878 p=5746 u=root n=ansible | changed: [localhost]
2023-03-07 20:59:15,959 p=5746 u=root n=ansible | TASK [openstack.kolla.baremetal : Ensure hostname does not point to 127.0.1.1 in /etc/hosts] ***
2023-03-07 20:59:16,427 p=5746 u=root n=ansible | ok: [localhost]
2023-03-07 20:59:16,508 p=5746 u=root n=ansible | TASK [openstack.kolla.baremetal : Generate /etc/hosts for all of the nodes] ****
2023-03-07 20:59:17,904 p=5746 u=root n=ansible | changed: [localhost]
2023-03-07 20:59:17,989 p=5746 u=root n=ansible | TASK [openstack.kolla.baremetal : Ensure unprivileged users can use ping] ******
2023-03-07 20:59:18,900 p=5746 u=root n=ansible | changed: [localhost]
2023-03-07 20:59:18,989 p=5746 u=root n=ansible | TASK [openstack.kolla.baremetal : Ensure /etc/cloud/cloud.cfg exists] **********
2023-03-07 20:59:20,051 p=5746 u=root n=ansible | ok: [localhost]
2023-03-07 20:59:20,142 p=5746 u=root n=ansible | TASK [openstack.kolla.baremetal : Disable cloud-init manage_etc_hosts] *********
2023-03-07 20:59:21,503 p=5746 u=root n=ansible | changed: [localhost]
2023-03-07 20:59:21,586 p=5746 u=root n=ansible | TASK [openstack.kolla.baremetal : Set firewall default policy] *****************
2023-03-07 20:59:21,632 p=5746 u=root n=ansible | skipping: [localhost]
2023-03-07 20:59:21,716 p=5746 u=root n=ansible | TASK [openstack.kolla.baremetal : Check if firewalld is installed] *************
2023-03-07 20:59:22,690 p=5746 u=root n=ansible | ok: [localhost]
2023-03-07 20:59:22,802 p=5746 u=root n=ansible | TASK [openstack.kolla.baremetal : Disable firewalld] ***************************
2023-03-07 20:59:22,904 p=5746 u=root n=ansible | skipping: [localhost] => (item=firewalld) 
2023-03-07 20:59:23,053 p=5746 u=root n=ansible | TASK [openstack.kolla.docker : Fail if docker_custom_option is defined] ********
2023-03-07 20:59:23,144 p=5746 u=root n=ansible | skipping: [localhost]
2023-03-07 20:59:23,227 p=5746 u=root n=ansible | TASK [openstack.kolla.docker : include_tasks] **********************************
2023-03-07 20:59:23,265 p=5746 u=root n=ansible | skipping: [localhost]
2023-03-07 20:59:23,347 p=5746 u=root n=ansible | TASK [openstack.kolla.docker : Ensure docker config directory exists] **********
2023-03-07 20:59:24,246 p=5746 u=root n=ansible | ok: [localhost]
2023-03-07 20:59:24,330 p=5746 u=root n=ansible | TASK [openstack.kolla.docker : Write docker config] ****************************
2023-03-07 20:59:25,548 p=5746 u=root n=ansible | changed: [localhost]
2023-03-07 20:59:25,632 p=5746 u=root n=ansible | TASK [openstack.kolla.docker : Remove old docker options file] *****************
2023-03-07 20:59:26,099 p=5746 u=root n=ansible | ok: [localhost]
2023-03-07 20:59:26,184 p=5746 u=root n=ansible | TASK [openstack.kolla.docker : Ensure docker service directory exists] *********
2023-03-07 20:59:26,248 p=5746 u=root n=ansible | skipping: [localhost]
2023-03-07 20:59:26,334 p=5746 u=root n=ansible | TASK [openstack.kolla.docker : Configure docker service] ***********************
2023-03-07 20:59:26,378 p=5746 u=root n=ansible | skipping: [localhost]
2023-03-07 20:59:26,465 p=5746 u=root n=ansible | TASK [openstack.kolla.docker : Ensure the path for CA file for private registry exists] ***
2023-03-07 20:59:26,509 p=5746 u=root n=ansible | skipping: [localhost]
2023-03-07 20:59:26,593 p=5746 u=root n=ansible | TASK [openstack.kolla.docker : Ensure the CA file for private registry exists] ***
2023-03-07 20:59:26,639 p=5746 u=root n=ansible | skipping: [localhost]
2023-03-07 20:59:26,721 p=5746 u=root n=ansible | TASK [openstack.kolla.docker : Flush handlers] *********************************
2023-03-07 20:59:26,722 p=5746 u=root n=ansible | RUNNING HANDLER [openstack.kolla.docker : Restart docker] **********************
2023-03-07 20:59:30,054 p=5746 u=root n=ansible | changed: [localhost]
2023-03-07 20:59:30,145 p=5746 u=root n=ansible | TASK [openstack.kolla.docker : Start and enable docker] ************************
2023-03-07 20:59:30,948 p=5746 u=root n=ansible | ok: [localhost]
2023-03-07 20:59:31,034 p=5746 u=root n=ansible | TASK [openstack.kolla.docker : include_tasks] **********************************
2023-03-07 20:59:31,073 p=5746 u=root n=ansible | skipping: [localhost]
2023-03-07 20:59:31,232 p=5746 u=root n=ansible | TASK [openstack.kolla.kolla_user : Ensure groups are present] ******************
2023-03-07 20:59:31,278 p=5746 u=root n=ansible | skipping: [localhost] => (item=docker) 
2023-03-07 20:59:31,285 p=5746 u=root n=ansible | skipping: [localhost] => (item=sudo) 
2023-03-07 20:59:31,290 p=5746 u=root n=ansible | skipping: [localhost] => (item=kolla) 
2023-03-07 20:59:31,378 p=5746 u=root n=ansible | TASK [openstack.kolla.kolla_user : Create kolla user] **************************
2023-03-07 20:59:31,416 p=5746 u=root n=ansible | skipping: [localhost]
2023-03-07 20:59:31,514 p=5746 u=root n=ansible | TASK [openstack.kolla.kolla_user : Add public key to kolla user authorized keys] ***
2023-03-07 20:59:31,562 p=5746 u=root n=ansible | skipping: [localhost]
2023-03-07 20:59:31,649 p=5746 u=root n=ansible | TASK [openstack.kolla.kolla_user : Grant kolla user passwordless sudo] *********
2023-03-07 20:59:31,688 p=5746 u=root n=ansible | skipping: [localhost]
2023-03-07 20:59:31,883 p=5746 u=root n=ansible | TASK [openstack.kolla.docker_sdk : Install latest pip in the virtualenv] *******
2023-03-07 20:59:31,945 p=5746 u=root n=ansible | skipping: [localhost]
2023-03-07 20:59:32,029 p=5746 u=root n=ansible | TASK [openstack.kolla.docker_sdk : Install docker SDK for python] **************
2023-03-07 20:59:57,706 p=5746 u=root n=ansible | ok: [localhost]
2023-03-07 20:59:57,873 p=5746 u=root n=ansible | TASK [openstack.kolla.baremetal : Ensure node_config_directory directory exists] ***
2023-03-07 20:59:58,385 p=5746 u=root n=ansible | ok: [localhost]
2023-03-07 20:59:58,466 p=5746 u=root n=ansible | TASK [openstack.kolla.apparmor_libvirt : include_tasks] ************************
2023-03-07 20:59:58,502 p=5746 u=root n=ansible | skipping: [localhost]
2023-03-07 20:59:58,665 p=5746 u=root n=ansible | TASK [openstack.kolla.baremetal : Change state of selinux] *********************
2023-03-07 21:00:00,230 p=5746 u=root n=ansible | ok: [localhost]
2023-03-07 21:00:00,339 p=5746 u=root n=ansible | TASK [openstack.kolla.baremetal : Set https proxy for git] *********************
2023-03-07 21:00:00,378 p=5746 u=root n=ansible | skipping: [localhost]
2023-03-07 21:00:00,457 p=5746 u=root n=ansible | TASK [openstack.kolla.baremetal : Set http proxy for git] **********************
2023-03-07 21:00:00,497 p=5746 u=root n=ansible | skipping: [localhost]
2023-03-07 21:00:00,581 p=5746 u=root n=ansible | TASK [openstack.kolla.baremetal : include_tasks] *******************************
2023-03-07 21:00:00,617 p=5746 u=root n=ansible | skipping: [localhost]
2023-03-07 21:00:00,848 p=5746 u=root n=ansible | PLAY RECAP *********************************************************************
2023-03-07 21:00:00,848 p=5746 u=root n=ansible | localhost                  : ok=17   changed=6    unreachable=0    failed=0    skipped=18   rescued=0    ignored=0   
