2023-02-13 21:30:37,325 p=5540 u=root n=ansible | [WARNING]: Invalid characters were found in group names but not replaced, use
-vvvv to see details

2023-02-13 21:30:47,815 p=5540 u=root n=ansible | PLAY [Gather facts for all hosts] **********************************************
2023-02-13 21:30:48,483 p=5540 u=root n=ansible | TASK [Gather facts] ************************************************************
2023-02-13 21:30:54,052 p=5540 u=root n=ansible | ok: [localhost]
2023-02-13 21:30:54,175 p=5540 u=root n=ansible | TASK [Group hosts to determine when using --limit] *****************************
2023-02-13 21:30:54,244 p=5540 u=root n=ansible | ok: [localhost]
2023-02-13 21:30:54,425 p=5540 u=root n=ansible | [WARNING]: Could not match supplied host pattern, ignoring:
all_using_limit_True

2023-02-13 21:30:54,434 p=5540 u=root n=ansible | PLAY [Gather facts for all hosts (if using --limit)] ***************************
2023-02-13 21:30:54,434 p=5540 u=root n=ansible | skipping: no hosts matched
2023-02-13 21:30:54,444 p=5540 u=root n=ansible | PLAY [Apply role baremetal] ****************************************************
2023-02-13 21:30:54,652 p=5540 u=root n=ansible | TASK [openstack.kolla.baremetal : Ensure localhost in /etc/hosts] **************
2023-02-13 21:30:55,620 p=5540 u=root n=ansible | changed: [localhost]
2023-02-13 21:30:55,724 p=5540 u=root n=ansible | TASK [openstack.kolla.baremetal : Ensure hostname does not point to 127.0.1.1 in /etc/hosts] ***
2023-02-13 21:30:56,200 p=5540 u=root n=ansible | ok: [localhost]
2023-02-13 21:30:56,283 p=5540 u=root n=ansible | TASK [openstack.kolla.baremetal : Generate /etc/hosts for all of the nodes] ****
2023-02-13 21:30:57,764 p=5540 u=root n=ansible | changed: [localhost]
2023-02-13 21:30:57,854 p=5540 u=root n=ansible | TASK [openstack.kolla.baremetal : Ensure unprivileged users can use ping] ******
2023-02-13 21:30:58,763 p=5540 u=root n=ansible | changed: [localhost]
2023-02-13 21:30:58,850 p=5540 u=root n=ansible | TASK [openstack.kolla.baremetal : Ensure /etc/cloud/cloud.cfg exists] **********
2023-02-13 21:31:00,095 p=5540 u=root n=ansible | ok: [localhost]
2023-02-13 21:31:00,214 p=5540 u=root n=ansible | TASK [openstack.kolla.baremetal : Disable cloud-init manage_etc_hosts] *********
2023-02-13 21:31:01,839 p=5540 u=root n=ansible | changed: [localhost]
2023-02-13 21:31:01,962 p=5540 u=root n=ansible | TASK [openstack.kolla.baremetal : Set firewall default policy] *****************
2023-02-13 21:31:02,023 p=5540 u=root n=ansible | skipping: [localhost]
2023-02-13 21:31:02,140 p=5540 u=root n=ansible | TASK [openstack.kolla.baremetal : Check if firewalld is installed] *************
2023-02-13 21:31:03,026 p=5540 u=root n=ansible | ok: [localhost]
2023-02-13 21:31:03,203 p=5540 u=root n=ansible | TASK [openstack.kolla.baremetal : Disable firewalld] ***************************
2023-02-13 21:31:03,317 p=5540 u=root n=ansible | skipping: [localhost] => (item=firewalld) 
2023-02-13 21:31:03,489 p=5540 u=root n=ansible | TASK [openstack.kolla.docker : Fail if docker_custom_option is defined] ********
2023-02-13 21:31:03,823 p=5540 u=root n=ansible | skipping: [localhost]
2023-02-13 21:31:03,908 p=5540 u=root n=ansible | TASK [openstack.kolla.docker : include_tasks] **********************************
2023-02-13 21:31:03,953 p=5540 u=root n=ansible | skipping: [localhost]
2023-02-13 21:31:04,042 p=5540 u=root n=ansible | TASK [openstack.kolla.docker : Ensure docker config directory exists] **********
2023-02-13 21:31:05,058 p=5540 u=root n=ansible | changed: [localhost]
2023-02-13 21:31:05,158 p=5540 u=root n=ansible | TASK [openstack.kolla.docker : Write docker config] ****************************
2023-02-13 21:31:06,539 p=5540 u=root n=ansible | changed: [localhost]
2023-02-13 21:31:06,636 p=5540 u=root n=ansible | TASK [openstack.kolla.docker : Remove old docker options file] *****************
2023-02-13 21:31:07,200 p=5540 u=root n=ansible | ok: [localhost]
2023-02-13 21:31:07,288 p=5540 u=root n=ansible | TASK [openstack.kolla.docker : Ensure docker service directory exists] *********
2023-02-13 21:31:07,348 p=5540 u=root n=ansible | skipping: [localhost]
2023-02-13 21:31:07,502 p=5540 u=root n=ansible | TASK [openstack.kolla.docker : Configure docker service] ***********************
2023-02-13 21:31:07,560 p=5540 u=root n=ansible | skipping: [localhost]
2023-02-13 21:31:07,658 p=5540 u=root n=ansible | TASK [openstack.kolla.docker : Ensure the path for CA file for private registry exists] ***
2023-02-13 21:31:07,714 p=5540 u=root n=ansible | skipping: [localhost]
2023-02-13 21:31:07,803 p=5540 u=root n=ansible | TASK [openstack.kolla.docker : Ensure the CA file for private registry exists] ***
2023-02-13 21:31:07,859 p=5540 u=root n=ansible | skipping: [localhost]
2023-02-13 21:31:07,952 p=5540 u=root n=ansible | TASK [openstack.kolla.docker : Flush handlers] *********************************
2023-02-13 21:31:07,953 p=5540 u=root n=ansible | RUNNING HANDLER [openstack.kolla.docker : Restart docker] **********************
2023-02-13 21:31:11,012 p=5540 u=root n=ansible | changed: [localhost]
2023-02-13 21:31:11,103 p=5540 u=root n=ansible | TASK [openstack.kolla.docker : Start and enable docker] ************************
2023-02-13 21:31:12,087 p=5540 u=root n=ansible | ok: [localhost]
2023-02-13 21:31:12,206 p=5540 u=root n=ansible | TASK [openstack.kolla.docker : include_tasks] **********************************
2023-02-13 21:31:12,269 p=5540 u=root n=ansible | skipping: [localhost]
2023-02-13 21:31:12,438 p=5540 u=root n=ansible | TASK [openstack.kolla.kolla_user : Ensure groups are present] ******************
2023-02-13 21:31:12,496 p=5540 u=root n=ansible | skipping: [localhost] => (item=docker) 
2023-02-13 21:31:12,506 p=5540 u=root n=ansible | skipping: [localhost] => (item=sudo) 
2023-02-13 21:31:12,512 p=5540 u=root n=ansible | skipping: [localhost] => (item=kolla) 
2023-02-13 21:31:12,596 p=5540 u=root n=ansible | TASK [openstack.kolla.kolla_user : Create kolla user] **************************
2023-02-13 21:31:12,651 p=5540 u=root n=ansible | skipping: [localhost]
2023-02-13 21:31:12,742 p=5540 u=root n=ansible | TASK [openstack.kolla.kolla_user : Add public key to kolla user authorized keys] ***
2023-02-13 21:31:12,791 p=5540 u=root n=ansible | skipping: [localhost]
2023-02-13 21:31:12,880 p=5540 u=root n=ansible | TASK [openstack.kolla.kolla_user : Grant kolla user passwordless sudo] *********
2023-02-13 21:31:12,929 p=5540 u=root n=ansible | skipping: [localhost]
2023-02-13 21:31:13,100 p=5540 u=root n=ansible | TASK [openstack.kolla.docker_sdk : Install latest pip in the virtualenv] *******
2023-02-13 21:31:13,168 p=5540 u=root n=ansible | skipping: [localhost]
2023-02-13 21:31:13,256 p=5540 u=root n=ansible | TASK [openstack.kolla.docker_sdk : Install docker SDK for python] **************
2023-02-13 21:31:44,489 p=5540 u=root n=ansible | ok: [localhost]
2023-02-13 21:31:44,646 p=5540 u=root n=ansible | TASK [openstack.kolla.baremetal : Ensure node_config_directory directory exists] ***
2023-02-13 21:31:45,197 p=5540 u=root n=ansible | ok: [localhost]
2023-02-13 21:31:45,280 p=5540 u=root n=ansible | TASK [openstack.kolla.apparmor_libvirt : include_tasks] ************************
2023-02-13 21:31:45,316 p=5540 u=root n=ansible | skipping: [localhost]
2023-02-13 21:31:45,475 p=5540 u=root n=ansible | TASK [openstack.kolla.baremetal : Change state of selinux] *********************
2023-02-13 21:31:46,994 p=5540 u=root n=ansible | ok: [localhost]
2023-02-13 21:31:47,077 p=5540 u=root n=ansible | TASK [openstack.kolla.baremetal : Set https proxy for git] *********************
2023-02-13 21:31:47,116 p=5540 u=root n=ansible | skipping: [localhost]
2023-02-13 21:31:47,199 p=5540 u=root n=ansible | TASK [openstack.kolla.baremetal : Set http proxy for git] **********************
2023-02-13 21:31:47,236 p=5540 u=root n=ansible | skipping: [localhost]
2023-02-13 21:31:47,318 p=5540 u=root n=ansible | TASK [openstack.kolla.baremetal : include_tasks] *******************************
2023-02-13 21:31:47,360 p=5540 u=root n=ansible | skipping: [localhost]
2023-02-13 21:31:47,591 p=5540 u=root n=ansible | PLAY RECAP *********************************************************************
2023-02-13 21:31:47,591 p=5540 u=root n=ansible | localhost                  : ok=17   changed=7    unreachable=0    failed=0    skipped=18   rescued=0    ignored=0   
