2023-02-09 12:50:54,771 p=26 u=ansible n=ansible | {
    "custom_stats": {},
    "global_custom_stats": {},
    "plays": [
        {
            "play": {
                "duration": {
                    "end": "2023-02-09T17:50:54.742608Z",
                    "start": "2023-02-09T17:50:53.139928Z"
                },
                "id": "fa163e07-f861-ce88-f184-000000000007",
                "name": "Ansible Ad-Hoc"
            },
            "tasks": [
                {
                    "hosts": {
                        "localhost": {
                            "_ansible_no_log": null,
                            "action": "mysql_db",
                            "changed": true,
                            "db": "keystone",
                            "db_list": [
                                "keystone"
                            ],
                            "executed_commands": [
                                "CREATE DATABASE `keystone`"
                            ],
                            "invocation": {
                                "module_args": {
                                    "ca_cert": null,
                                    "check_hostname": null,
                                    "check_implicit_admin": false,
                                    "client_cert": null,
                                    "client_key": null,
                                    "collation": "",
                                    "config_file": "/var/lib/ansible/.my.cnf",
                                    "config_overrides_defaults": false,
                                    "connect_timeout": 30,
                                    "dump_extra_args": null,
                                    "encoding": "",
                                    "force": false,
                                    "hex_blob": false,
                                    "ignore_tables": [],
                                    "login_host": "169.16.1.169",
                                    "login_password": "VALUE_SPECIFIED_IN_NO_LOG_PARAMETER",
                                    "login_port": 3306,
                                    "login_unix_socket": null,
                                    "login_user": "root",
                                    "master_data": 0,
                                    "name": [
                                        "keystone"
                                    ],
                                    "quick": true,
                                    "restrict_config_file": false,
                                    "single_transaction": false,
                                    "skip_lock_tables": false,
                                    "state": "present",
                                    "target": null,
                                    "unsafe_login_password": false,
                                    "use_shell": false
                                }
                            }
                        }
                    },
                    "task": {
                        "duration": {
                            "end": "2023-02-09T17:50:54.742608Z",
                            "start": "2023-02-09T17:50:53.253903Z"
                        },
                        "id": "fa163e07-f861-ce88-f184-000000000009",
                        "name": "mysql_db"
                    }
                }
            ]
        }
    ],
    "stats": {
        "localhost": {
            "changed": 1,
            "failures": 0,
            "ignored": 0,
            "ok": 1,
            "rescued": 0,
            "skipped": 0,
            "unreachable": 0
        }
    }
}
2023-02-09 12:50:59,077 p=50 u=ansible n=ansible | {
    "custom_stats": {},
    "global_custom_stats": {},
    "plays": [
        {
            "play": {
                "duration": {
                    "end": "2023-02-09T17:50:59.038846Z",
                    "start": "2023-02-09T17:50:57.743241Z"
                },
                "id": "fa163e07-f861-d0ee-6d83-000000000007",
                "name": "Ansible Ad-Hoc"
            },
            "tasks": [
                {
                    "hosts": {
                        "localhost": {
                            "_ansible_no_log": null,
                            "action": "mysql_user",
                            "changed": true,
                            "invocation": {
                                "module_args": {
                                    "append_privs": true,
                                    "ca_cert": null,
                                    "check_hostname": null,
                                    "check_implicit_admin": false,
                                    "client_cert": null,
                                    "client_key": null,
                                    "config_file": "/var/lib/ansible/.my.cnf",
                                    "connect_timeout": 30,
                                    "encrypted": false,
                                    "host": "%",
                                    "host_all": false,
                                    "login_host": "169.16.1.169",
                                    "login_password": "VALUE_SPECIFIED_IN_NO_LOG_PARAMETER",
                                    "login_port": 3306,
                                    "login_unix_socket": null,
                                    "login_user": "root",
                                    "name": "keystone",
                                    "password": "VALUE_SPECIFIED_IN_NO_LOG_PARAMETER",
                                    "plugin": null,
                                    "plugin_auth_string": null,
                                    "plugin_hash_string": null,
                                    "priv": "keystone.*:ALL",
                                    "resource_limits": null,
                                    "sql_log_bin": true,
                                    "state": "present",
                                    "tls_requires": null,
                                    "update_password": "always",
                                    "user": "keystone"
                                }
                            },
                            "msg": "User added",
                            "user": "keystone"
                        }
                    },
                    "task": {
                        "duration": {
                            "end": "2023-02-09T17:50:59.038846Z",
                            "start": "2023-02-09T17:50:57.870624Z"
                        },
                        "id": "fa163e07-f861-d0ee-6d83-000000000009",
                        "name": "mysql_user"
                    }
                }
            ]
        }
    ],
    "stats": {
        "localhost": {
            "changed": 1,
            "failures": 0,
            "ignored": 0,
            "ok": 1,
            "rescued": 0,
            "skipped": 0,
            "unreachable": 0
        }
    }
}
2023-02-09 12:51:56,318 p=74 u=ansible n=ansible | {
    "custom_stats": {},
    "global_custom_stats": {},
    "plays": [
        {
            "play": {
                "duration": {
                    "end": "2023-02-09T17:51:56.295640Z",
                    "start": "2023-02-09T17:51:40.583054Z"
                },
                "id": "fa163e07-f861-0b2e-3ce2-000000000007",
                "name": "Ansible Ad-Hoc"
            },
            "tasks": [
                {
                    "hosts": {
                        "localhost": {
                            "_ansible_no_log": null,
                            "action": "os_keystone_service",
                            "changed": true,
                            "id": "4176de3540fd425381aa6a5c7b74f82c",
                            "invocation": {
                                "module_args": {
                                    "api_timeout": null,
                                    "auth": {
                                        "auth_url": "http://169.16.1.169:5000",
                                        "password": "I5o2EAAoXCn04ynWjKpzAl747M0hqkZnPhfACGYt",
                                        "system_scope": "all",
                                        "user_domain_name": "Default",
                                        "username": "admin"
                                    },
                                    "auth_type": null,
                                    "availability_zone": null,
                                    "ca_cert": "",
                                    "cacert": "",
                                    "client_cert": null,
                                    "client_key": null,
                                    "description": "Openstack Identity Service",
                                    "enabled": true,
                                    "interface": "internal",
                                    "name": "keystone",
                                    "region_name": "RegionOne",
                                    "sdk_log_level": "INFO",
                                    "sdk_log_path": null,
                                    "service_type": "identity",
                                    "state": "present",
                                    "timeout": 180,
                                    "type": "identity",
                                    "validate_certs": null,
                                    "wait": true
                                }
                            },
                            "service": {
                                "description": "Openstack Identity Service",
                                "enabled": true,
                                "id": "4176de3540fd425381aa6a5c7b74f82c",
                                "name": "keystone",
                                "service_type": "identity",
                                "type": "identity"
                            }
                        }
                    },
                    "task": {
                        "duration": {
                            "end": "2023-02-09T17:51:56.295640Z",
                            "start": "2023-02-09T17:51:40.703711Z"
                        },
                        "id": "fa163e07-f861-0b2e-3ce2-000000000009",
                        "name": "os_keystone_service"
                    }
                }
            ]
        }
    ],
    "stats": {
        "localhost": {
            "changed": 1,
            "failures": 0,
            "ignored": 0,
            "ok": 1,
            "rescued": 0,
            "skipped": 0,
            "unreachable": 0
        }
    }
}
2023-02-09 12:52:03,698 p=98 u=ansible n=ansible | {
    "custom_stats": {},
    "global_custom_stats": {},
    "plays": [
        {
            "play": {
                "duration": {
                    "end": "2023-02-09T17:52:03.674802Z",
                    "start": "2023-02-09T17:51:59.927903Z"
                },
                "id": "fa163e07-f861-be8c-4add-000000000007",
                "name": "Ansible Ad-Hoc"
            },
            "tasks": [
                {
                    "hosts": {
                        "localhost": {
                            "_ansible_no_log": null,
                            "action": "os_keystone_endpoint",
                            "changed": false,
                            "endpoint": {
                                "enabled": true,
                                "id": "c198416ac4a54f9688a7dbac019a1bfc",
                                "interface": "internal",
                                "links": {
                                    "self": "http://169.16.1.169:5000/v3/endpoints/c198416ac4a54f9688a7dbac019a1bfc"
                                },
                                "region": "RegionOne",
                                "region_id": "RegionOne",
                                "service_id": "4176de3540fd425381aa6a5c7b74f82c",
                                "url": "http://169.16.1.169:5000"
                            },
                            "invocation": {
                                "module_args": {
                                    "api_timeout": null,
                                    "auth": {
                                        "auth_url": "http://169.16.1.169:5000",
                                        "password": "I5o2EAAoXCn04ynWjKpzAl747M0hqkZnPhfACGYt",
                                        "system_scope": "all",
                                        "user_domain_name": "Default",
                                        "username": "admin"
                                    },
                                    "auth_type": null,
                                    "availability_zone": null,
                                    "ca_cert": "",
                                    "cacert": "",
                                    "client_cert": null,
                                    "client_key": null,
                                    "enabled": true,
                                    "endpoint_interface": "internal",
                                    "interface": "internal",
                                    "region": "RegionOne",
                                    "region_name": "RegionOne",
                                    "sdk_log_level": "INFO",
                                    "sdk_log_path": null,
                                    "service": "keystone",
                                    "state": "present",
                                    "timeout": 180,
                                    "url": "http://169.16.1.169:5000",
                                    "validate_certs": null,
                                    "wait": true
                                }
                            }
                        }
                    },
                    "task": {
                        "duration": {
                            "end": "2023-02-09T17:52:03.674802Z",
                            "start": "2023-02-09T17:52:00.084931Z"
                        },
                        "id": "fa163e07-f861-be8c-4add-000000000009",
                        "name": "os_keystone_endpoint"
                    }
                }
            ]
        }
    ],
    "stats": {
        "localhost": {
            "changed": 0,
            "failures": 0,
            "ignored": 0,
            "ok": 1,
            "rescued": 0,
            "skipped": 0,
            "unreachable": 0
        }
    }
}
2023-02-09 12:52:10,248 p=122 u=ansible n=ansible | {
    "custom_stats": {},
    "global_custom_stats": {},
    "plays": [
        {
            "play": {
                "duration": {
                    "end": "2023-02-09T17:52:10.224256Z",
                    "start": "2023-02-09T17:52:06.307186Z"
                },
                "id": "fa163e07-f861-b84c-cb42-000000000007",
                "name": "Ansible Ad-Hoc"
            },
            "tasks": [
                {
                    "hosts": {
                        "localhost": {
                            "_ansible_no_log": null,
                            "action": "os_keystone_endpoint",
                            "changed": false,
                            "endpoint": {
                                "enabled": true,
                                "id": "6189028310b34d2a85650899dfd83073",
                                "interface": "public",
                                "links": {
                                    "self": "http://169.16.1.169:5000/v3/endpoints/6189028310b34d2a85650899dfd83073"
                                },
                                "region": "RegionOne",
                                "region_id": "RegionOne",
                                "service_id": "4176de3540fd425381aa6a5c7b74f82c",
                                "url": "http://169.16.1.169:5000"
                            },
                            "invocation": {
                                "module_args": {
                                    "api_timeout": null,
                                    "auth": {
                                        "auth_url": "http://169.16.1.169:5000",
                                        "password": "I5o2EAAoXCn04ynWjKpzAl747M0hqkZnPhfACGYt",
                                        "system_scope": "all",
                                        "user_domain_name": "Default",
                                        "username": "admin"
                                    },
                                    "auth_type": null,
                                    "availability_zone": null,
                                    "ca_cert": "",
                                    "cacert": "",
                                    "client_cert": null,
                                    "client_key": null,
                                    "enabled": true,
                                    "endpoint_interface": "public",
                                    "interface": "internal",
                                    "region": "RegionOne",
                                    "region_name": "RegionOne",
                                    "sdk_log_level": "INFO",
                                    "sdk_log_path": null,
                                    "service": "keystone",
                                    "state": "present",
                                    "timeout": 180,
                                    "url": "http://169.16.1.169:5000",
                                    "validate_certs": null,
                                    "wait": true
                                }
                            }
                        }
                    },
                    "task": {
                        "duration": {
                            "end": "2023-02-09T17:52:10.224256Z",
                            "start": "2023-02-09T17:52:06.413906Z"
                        },
                        "id": "fa163e07-f861-b84c-cb42-000000000009",
                        "name": "os_keystone_endpoint"
                    }
                }
            ]
        }
    ],
    "stats": {
        "localhost": {
            "changed": 0,
            "failures": 0,
            "ignored": 0,
            "ok": 1,
            "rescued": 0,
            "skipped": 0,
            "unreachable": 0
        }
    }
}
2023-02-09 12:52:17,424 p=146 u=ansible n=ansible | {
    "custom_stats": {},
    "global_custom_stats": {},
    "plays": [
        {
            "play": {
                "duration": {
                    "end": "2023-02-09T17:52:17.398744Z",
                    "start": "2023-02-09T17:52:13.723891Z"
                },
                "id": "fa163e07-f861-727a-0b00-000000000007",
                "name": "Ansible Ad-Hoc"
            },
            "tasks": [
                {
                    "hosts": {
                        "localhost": {
                            "_ansible_no_log": null,
                            "action": "os_keystone_role",
                            "changed": true,
                            "invocation": {
                                "module_args": {
                                    "api_timeout": null,
                                    "auth": {
                                        "auth_url": "http://169.16.1.169:5000",
                                        "password": "I5o2EAAoXCn04ynWjKpzAl747M0hqkZnPhfACGYt",
                                        "system_scope": "all",
                                        "user_domain_name": "Default",
                                        "username": "admin"
                                    },
                                    "auth_type": null,
                                    "availability_zone": null,
                                    "ca_cert": "",
                                    "cacert": "",
                                    "client_cert": null,
                                    "client_key": null,
                                    "endpoint_type": "internal",
                                    "interface": "internal",
                                    "name": "_member_",
                                    "region_name": "RegionOne",
                                    "sdk_log_level": "INFO",
                                    "sdk_log_path": null,
                                    "state": "present",
                                    "timeout": 180,
                                    "validate_certs": null,
                                    "wait": true
                                }
                            },
                            "role": {
                                "domain_id": null,
                                "id": "ea6ea35913a141cfa0e946433cf28413",
                                "location": {
                                    "cloud": "defaults",
                                    "project": {
                                        "domain_id": null,
                                        "domain_name": null,
                                        "id": null,
                                        "name": null
                                    },
                                    "region_name": null,
                                    "zone": null
                                },
                                "name": "_member_",
                                "properties": {}
                            }
                        }
                    },
                    "task": {
                        "duration": {
                            "end": "2023-02-09T17:52:17.398744Z",
                            "start": "2023-02-09T17:52:13.833834Z"
                        },
                        "id": "fa163e07-f861-727a-0b00-000000000009",
                        "name": "os_keystone_role"
                    }
                }
            ]
        }
    ],
    "stats": {
        "localhost": {
            "changed": 1,
            "failures": 0,
            "ignored": 0,
            "ok": 1,
            "rescued": 0,
            "skipped": 0,
            "unreachable": 0
        }
    }
}
