2023-04-12 00:53:34,298 p=5753 u=root n=ansible | [WARNING]: Invalid characters were found in group names but not replaced, use
-vvvv to see details

2023-04-12 00:53:38,928 p=5753 u=root n=ansible | PLAY [Gather facts for all hosts] **********************************************
2023-04-12 00:53:39,372 p=5753 u=root n=ansible | TASK [Gather facts] ************************************************************
2023-04-12 00:53:45,451 p=5753 u=root n=ansible | ok: [localhost]
2023-04-12 00:53:45,593 p=5753 u=root n=ansible | TASK [Group hosts to determine when using --limit] *****************************
2023-04-12 00:53:45,667 p=5753 u=root n=ansible | ok: [localhost]
2023-04-12 00:53:45,829 p=5753 u=root n=ansible | [WARNING]: Could not match supplied host pattern, ignoring:
all_using_limit_True

2023-04-12 00:53:45,838 p=5753 u=root n=ansible | PLAY [Gather facts for all hosts (if using --limit)] ***************************
2023-04-12 00:53:45,838 p=5753 u=root n=ansible | skipping: no hosts matched
2023-04-12 00:53:45,846 p=5753 u=root n=ansible | PLAY [Apply role baremetal] ****************************************************
2023-04-12 00:53:46,064 p=5753 u=root n=ansible | TASK [openstack.kolla.baremetal : Ensure localhost in /etc/hosts] **************
2023-04-12 00:53:47,085 p=5753 u=root n=ansible | changed: [localhost]
2023-04-12 00:53:47,184 p=5753 u=root n=ansible | TASK [openstack.kolla.baremetal : Ensure hostname does not point to 127.0.1.1 in /etc/hosts] ***
2023-04-12 00:53:47,650 p=5753 u=root n=ansible | ok: [localhost]
2023-04-12 00:53:47,735 p=5753 u=root n=ansible | TASK [openstack.kolla.baremetal : Generate /etc/hosts for all of the nodes] ****
2023-04-12 00:53:49,539 p=5753 u=root n=ansible | changed: [localhost]
2023-04-12 00:53:49,680 p=5753 u=root n=ansible | TASK [openstack.kolla.baremetal : Ensure unprivileged users can use ping] ******
2023-04-12 00:53:50,692 p=5753 u=root n=ansible | changed: [localhost]
2023-04-12 00:53:50,826 p=5753 u=root n=ansible | TASK [openstack.kolla.baremetal : Ensure /etc/cloud/cloud.cfg exists] **********
2023-04-12 00:53:51,985 p=5753 u=root n=ansible | ok: [localhost]
2023-04-12 00:53:52,087 p=5753 u=root n=ansible | TASK [openstack.kolla.baremetal : Disable cloud-init manage_etc_hosts] *********
2023-04-12 00:53:53,396 p=5753 u=root n=ansible | changed: [localhost]
2023-04-12 00:53:53,481 p=5753 u=root n=ansible | TASK [openstack.kolla.baremetal : Set firewall default policy] *****************
2023-04-12 00:53:53,528 p=5753 u=root n=ansible | skipping: [localhost]
2023-04-12 00:53:53,658 p=5753 u=root n=ansible | TASK [openstack.kolla.baremetal : Check if firewalld is installed] *************
2023-04-12 00:53:54,723 p=5753 u=root n=ansible | ok: [localhost]
2023-04-12 00:53:54,828 p=5753 u=root n=ansible | TASK [openstack.kolla.baremetal : Disable firewalld] ***************************
2023-04-12 00:53:54,889 p=5753 u=root n=ansible | skipping: [localhost] => (item=firewalld) 
2023-04-12 00:53:54,995 p=5753 u=root n=ansible | TASK [openstack.kolla.docker : Fail if docker_custom_option is defined] ********
2023-04-12 00:53:55,057 p=5753 u=root n=ansible | skipping: [localhost]
2023-04-12 00:53:55,217 p=5753 u=root n=ansible | TASK [openstack.kolla.docker : include_tasks] **********************************
2023-04-12 00:53:55,269 p=5753 u=root n=ansible | skipping: [localhost]
2023-04-12 00:53:55,357 p=5753 u=root n=ansible | TASK [openstack.kolla.docker : Ensure docker config directory exists] **********
2023-04-12 00:53:56,227 p=5753 u=root n=ansible | ok: [localhost]
2023-04-12 00:53:56,359 p=5753 u=root n=ansible | TASK [openstack.kolla.docker : Write docker config] ****************************
2023-04-12 00:53:57,707 p=5753 u=root n=ansible | changed: [localhost]
2023-04-12 00:53:57,813 p=5753 u=root n=ansible | TASK [openstack.kolla.docker : Remove old docker options file] *****************
2023-04-12 00:53:58,331 p=5753 u=root n=ansible | ok: [localhost]
2023-04-12 00:53:58,466 p=5753 u=root n=ansible | TASK [openstack.kolla.docker : Ensure docker service directory exists] *********
2023-04-12 00:53:58,522 p=5753 u=root n=ansible | skipping: [localhost]
2023-04-12 00:53:58,644 p=5753 u=root n=ansible | TASK [openstack.kolla.docker : Configure docker service] ***********************
2023-04-12 00:53:58,705 p=5753 u=root n=ansible | skipping: [localhost]
2023-04-12 00:53:58,839 p=5753 u=root n=ansible | TASK [openstack.kolla.docker : Ensure the path for CA file for private registry exists] ***
2023-04-12 00:53:58,901 p=5753 u=root n=ansible | skipping: [localhost]
2023-04-12 00:53:59,027 p=5753 u=root n=ansible | TASK [openstack.kolla.docker : Ensure the CA file for private registry exists] ***
2023-04-12 00:53:59,104 p=5753 u=root n=ansible | skipping: [localhost]
2023-04-12 00:53:59,254 p=5753 u=root n=ansible | TASK [openstack.kolla.docker : Flush handlers] *********************************
2023-04-12 00:53:59,255 p=5753 u=root n=ansible | RUNNING HANDLER [openstack.kolla.docker : Restart docker] **********************
2023-04-12 00:54:04,284 p=5753 u=root n=ansible | changed: [localhost]
2023-04-12 00:54:04,372 p=5753 u=root n=ansible | TASK [openstack.kolla.docker : Start and enable docker] ************************
2023-04-12 00:54:05,301 p=5753 u=root n=ansible | ok: [localhost]
2023-04-12 00:54:05,428 p=5753 u=root n=ansible | TASK [openstack.kolla.docker : include_tasks] **********************************
2023-04-12 00:54:05,481 p=5753 u=root n=ansible | skipping: [localhost]
2023-04-12 00:54:05,707 p=5753 u=root n=ansible | TASK [openstack.kolla.kolla_user : Ensure groups are present] ******************
2023-04-12 00:54:05,772 p=5753 u=root n=ansible | skipping: [localhost] => (item=docker) 
2023-04-12 00:54:05,779 p=5753 u=root n=ansible | skipping: [localhost] => (item=sudo) 
2023-04-12 00:54:05,787 p=5753 u=root n=ansible | skipping: [localhost] => (item=kolla) 
2023-04-12 00:54:05,905 p=5753 u=root n=ansible | TASK [openstack.kolla.kolla_user : Create kolla user] **************************
2023-04-12 00:54:05,955 p=5753 u=root n=ansible | skipping: [localhost]
2023-04-12 00:54:06,046 p=5753 u=root n=ansible | TASK [openstack.kolla.kolla_user : Add public key to kolla user authorized keys] ***
2023-04-12 00:54:06,089 p=5753 u=root n=ansible | skipping: [localhost]
2023-04-12 00:54:06,180 p=5753 u=root n=ansible | TASK [openstack.kolla.kolla_user : Grant kolla user passwordless sudo] *********
2023-04-12 00:54:06,226 p=5753 u=root n=ansible | skipping: [localhost]
2023-04-12 00:54:06,428 p=5753 u=root n=ansible | TASK [openstack.kolla.docker_sdk : Install latest pip in the virtualenv] *******
2023-04-12 00:54:06,514 p=5753 u=root n=ansible | skipping: [localhost]
2023-04-12 00:54:06,634 p=5753 u=root n=ansible | TASK [openstack.kolla.docker_sdk : Install docker SDK for python] **************
2023-04-12 00:54:33,474 p=5753 u=root n=ansible | ok: [localhost]
2023-04-12 00:54:33,695 p=5753 u=root n=ansible | TASK [openstack.kolla.baremetal : Ensure node_config_directory directory exists] ***
2023-04-12 00:54:34,248 p=5753 u=root n=ansible | ok: [localhost]
2023-04-12 00:54:34,368 p=5753 u=root n=ansible | TASK [openstack.kolla.apparmor_libvirt : include_tasks] ************************
2023-04-12 00:54:34,405 p=5753 u=root n=ansible | skipping: [localhost]
2023-04-12 00:54:34,662 p=5753 u=root n=ansible | TASK [openstack.kolla.baremetal : Change state of selinux] *********************
2023-04-12 00:54:36,268 p=5753 u=root n=ansible | ok: [localhost]
2023-04-12 00:54:36,369 p=5753 u=root n=ansible | TASK [openstack.kolla.baremetal : Set https proxy for git] *********************
2023-04-12 00:54:36,411 p=5753 u=root n=ansible | skipping: [localhost]
2023-04-12 00:54:36,498 p=5753 u=root n=ansible | TASK [openstack.kolla.baremetal : Set http proxy for git] **********************
2023-04-12 00:54:36,539 p=5753 u=root n=ansible | skipping: [localhost]
2023-04-12 00:54:36,630 p=5753 u=root n=ansible | TASK [openstack.kolla.baremetal : include_tasks] *******************************
2023-04-12 00:54:36,678 p=5753 u=root n=ansible | skipping: [localhost]
2023-04-12 00:54:36,943 p=5753 u=root n=ansible | PLAY RECAP *********************************************************************
2023-04-12 00:54:36,944 p=5753 u=root n=ansible | localhost                  : ok=17   changed=6    unreachable=0    failed=0    skipped=18   rescued=0    ignored=0   
