2023-02-24 11:09:48,032 p=5740 u=root n=ansible | [WARNING]: Invalid characters were found in group names but not replaced, use
-vvvv to see details

2023-02-24 11:09:49,737 p=5740 u=root n=ansible | PLAY [Gather facts for all hosts] **********************************************
2023-02-24 11:09:49,996 p=5740 u=root n=ansible | TASK [Gather facts] ************************************************************
2023-02-24 11:09:53,481 p=5740 u=root n=ansible | ok: [localhost]
2023-02-24 11:09:53,566 p=5740 u=root n=ansible | TASK [Group hosts to determine when using --limit] *****************************
2023-02-24 11:09:53,627 p=5740 u=root n=ansible | ok: [localhost]
2023-02-24 11:09:53,783 p=5740 u=root n=ansible | [WARNING]: Could not match supplied host pattern, ignoring:
all_using_limit_True

2023-02-24 11:09:53,791 p=5740 u=root n=ansible | PLAY [Gather facts for all hosts (if using --limit)] ***************************
2023-02-24 11:09:53,792 p=5740 u=root n=ansible | skipping: no hosts matched
2023-02-24 11:09:53,799 p=5740 u=root n=ansible | PLAY [Apply role baremetal] ****************************************************
2023-02-24 11:09:53,998 p=5740 u=root n=ansible | TASK [openstack.kolla.baremetal : Ensure localhost in /etc/hosts] **************
2023-02-24 11:09:54,808 p=5740 u=root n=ansible | changed: [localhost]
2023-02-24 11:09:54,888 p=5740 u=root n=ansible | TASK [openstack.kolla.baremetal : Ensure hostname does not point to 127.0.1.1 in /etc/hosts] ***
2023-02-24 11:09:55,375 p=5740 u=root n=ansible | ok: [localhost]
2023-02-24 11:09:55,459 p=5740 u=root n=ansible | TASK [openstack.kolla.baremetal : Generate /etc/hosts for all of the nodes] ****
2023-02-24 11:09:56,892 p=5740 u=root n=ansible | changed: [localhost]
2023-02-24 11:09:56,976 p=5740 u=root n=ansible | TASK [openstack.kolla.baremetal : Ensure unprivileged users can use ping] ******
2023-02-24 11:09:57,853 p=5740 u=root n=ansible | changed: [localhost]
2023-02-24 11:09:57,935 p=5740 u=root n=ansible | TASK [openstack.kolla.baremetal : Ensure /etc/cloud/cloud.cfg exists] **********
2023-02-24 11:09:58,851 p=5740 u=root n=ansible | ok: [localhost]
2023-02-24 11:09:58,944 p=5740 u=root n=ansible | TASK [openstack.kolla.baremetal : Disable cloud-init manage_etc_hosts] *********
2023-02-24 11:10:00,280 p=5740 u=root n=ansible | changed: [localhost]
2023-02-24 11:10:00,364 p=5740 u=root n=ansible | TASK [openstack.kolla.baremetal : Set firewall default policy] *****************
2023-02-24 11:10:00,419 p=5740 u=root n=ansible | skipping: [localhost]
2023-02-24 11:10:00,515 p=5740 u=root n=ansible | TASK [openstack.kolla.baremetal : Check if firewalld is installed] *************
2023-02-24 11:10:01,343 p=5740 u=root n=ansible | ok: [localhost]
2023-02-24 11:10:01,456 p=5740 u=root n=ansible | TASK [openstack.kolla.baremetal : Disable firewalld] ***************************
2023-02-24 11:10:01,517 p=5740 u=root n=ansible | skipping: [localhost] => (item=firewalld) 
2023-02-24 11:10:01,624 p=5740 u=root n=ansible | TASK [openstack.kolla.docker : Fail if docker_custom_option is defined] ********
2023-02-24 11:10:01,833 p=5740 u=root n=ansible | skipping: [localhost]
2023-02-24 11:10:01,914 p=5740 u=root n=ansible | TASK [openstack.kolla.docker : include_tasks] **********************************
2023-02-24 11:10:01,951 p=5740 u=root n=ansible | skipping: [localhost]
2023-02-24 11:10:02,031 p=5740 u=root n=ansible | TASK [openstack.kolla.docker : Ensure docker config directory exists] **********
2023-02-24 11:10:02,861 p=5740 u=root n=ansible | ok: [localhost]
2023-02-24 11:10:02,942 p=5740 u=root n=ansible | TASK [openstack.kolla.docker : Write docker config] ****************************
2023-02-24 11:10:04,364 p=5740 u=root n=ansible | changed: [localhost]
2023-02-24 11:10:04,451 p=5740 u=root n=ansible | TASK [openstack.kolla.docker : Remove old docker options file] *****************
2023-02-24 11:10:04,912 p=5740 u=root n=ansible | ok: [localhost]
2023-02-24 11:10:04,993 p=5740 u=root n=ansible | TASK [openstack.kolla.docker : Ensure docker service directory exists] *********
2023-02-24 11:10:05,059 p=5740 u=root n=ansible | skipping: [localhost]
2023-02-24 11:10:05,140 p=5740 u=root n=ansible | TASK [openstack.kolla.docker : Configure docker service] ***********************
2023-02-24 11:10:05,183 p=5740 u=root n=ansible | skipping: [localhost]
2023-02-24 11:10:05,266 p=5740 u=root n=ansible | TASK [openstack.kolla.docker : Ensure the path for CA file for private registry exists] ***
2023-02-24 11:10:05,355 p=5740 u=root n=ansible | skipping: [localhost]
2023-02-24 11:10:05,437 p=5740 u=root n=ansible | TASK [openstack.kolla.docker : Ensure the CA file for private registry exists] ***
2023-02-24 11:10:05,494 p=5740 u=root n=ansible | skipping: [localhost]
2023-02-24 11:10:05,577 p=5740 u=root n=ansible | TASK [openstack.kolla.docker : Flush handlers] *********************************
2023-02-24 11:10:05,578 p=5740 u=root n=ansible | RUNNING HANDLER [openstack.kolla.docker : Restart docker] **********************
2023-02-24 11:10:10,269 p=5740 u=root n=ansible | changed: [localhost]
2023-02-24 11:10:10,374 p=5740 u=root n=ansible | TASK [openstack.kolla.docker : Start and enable docker] ************************
2023-02-24 11:10:11,236 p=5740 u=root n=ansible | ok: [localhost]
2023-02-24 11:10:11,330 p=5740 u=root n=ansible | TASK [openstack.kolla.docker : include_tasks] **********************************
2023-02-24 11:10:11,394 p=5740 u=root n=ansible | skipping: [localhost]
2023-02-24 11:10:11,565 p=5740 u=root n=ansible | TASK [openstack.kolla.kolla_user : Ensure groups are present] ******************
2023-02-24 11:10:11,639 p=5740 u=root n=ansible | skipping: [localhost] => (item=docker) 
2023-02-24 11:10:11,649 p=5740 u=root n=ansible | skipping: [localhost] => (item=sudo) 
2023-02-24 11:10:11,663 p=5740 u=root n=ansible | skipping: [localhost] => (item=kolla) 
2023-02-24 11:10:11,746 p=5740 u=root n=ansible | TASK [openstack.kolla.kolla_user : Create kolla user] **************************
2023-02-24 11:10:11,785 p=5740 u=root n=ansible | skipping: [localhost]
2023-02-24 11:10:11,871 p=5740 u=root n=ansible | TASK [openstack.kolla.kolla_user : Add public key to kolla user authorized keys] ***
2023-02-24 11:10:11,912 p=5740 u=root n=ansible | skipping: [localhost]
2023-02-24 11:10:11,995 p=5740 u=root n=ansible | TASK [openstack.kolla.kolla_user : Grant kolla user passwordless sudo] *********
2023-02-24 11:10:12,037 p=5740 u=root n=ansible | skipping: [localhost]
2023-02-24 11:10:12,207 p=5740 u=root n=ansible | TASK [openstack.kolla.docker_sdk : Install latest pip in the virtualenv] *******
2023-02-24 11:10:12,263 p=5740 u=root n=ansible | skipping: [localhost]
2023-02-24 11:10:12,347 p=5740 u=root n=ansible | TASK [openstack.kolla.docker_sdk : Install docker SDK for python] **************
2023-02-24 11:10:38,012 p=5740 u=root n=ansible | ok: [localhost]
2023-02-24 11:10:38,169 p=5740 u=root n=ansible | TASK [openstack.kolla.baremetal : Ensure node_config_directory directory exists] ***
2023-02-24 11:10:38,730 p=5740 u=root n=ansible | ok: [localhost]
2023-02-24 11:10:38,842 p=5740 u=root n=ansible | TASK [openstack.kolla.apparmor_libvirt : include_tasks] ************************
2023-02-24 11:10:38,897 p=5740 u=root n=ansible | skipping: [localhost]
2023-02-24 11:10:39,058 p=5740 u=root n=ansible | TASK [openstack.kolla.baremetal : Change state of selinux] *********************
2023-02-24 11:10:40,535 p=5740 u=root n=ansible | ok: [localhost]
2023-02-24 11:10:40,643 p=5740 u=root n=ansible | TASK [openstack.kolla.baremetal : Set https proxy for git] *********************
2023-02-24 11:10:40,683 p=5740 u=root n=ansible | skipping: [localhost]
2023-02-24 11:10:40,767 p=5740 u=root n=ansible | TASK [openstack.kolla.baremetal : Set http proxy for git] **********************
2023-02-24 11:10:40,810 p=5740 u=root n=ansible | skipping: [localhost]
2023-02-24 11:10:40,890 p=5740 u=root n=ansible | TASK [openstack.kolla.baremetal : include_tasks] *******************************
2023-02-24 11:10:40,929 p=5740 u=root n=ansible | skipping: [localhost]
2023-02-24 11:10:41,170 p=5740 u=root n=ansible | PLAY RECAP *********************************************************************
2023-02-24 11:10:41,171 p=5740 u=root n=ansible | localhost                  : ok=17   changed=6    unreachable=0    failed=0    skipped=18   rescued=0    ignored=0   
