2023-03-06 16:25:00,852 p=5760 u=root n=ansible | [WARNING]: Invalid characters were found in group names but not replaced, use
-vvvv to see details

2023-03-06 16:25:02,604 p=5760 u=root n=ansible | PLAY [Gather facts for all hosts] **********************************************
2023-03-06 16:25:02,881 p=5760 u=root n=ansible | TASK [Gather facts] ************************************************************
2023-03-06 16:25:11,577 p=5760 u=root n=ansible | ok: [localhost]
2023-03-06 16:25:11,665 p=5760 u=root n=ansible | TASK [Group hosts to determine when using --limit] *****************************
2023-03-06 16:25:11,742 p=5760 u=root n=ansible | ok: [localhost]
2023-03-06 16:25:11,909 p=5760 u=root n=ansible | [WARNING]: Could not match supplied host pattern, ignoring:
all_using_limit_True

2023-03-06 16:25:11,918 p=5760 u=root n=ansible | PLAY [Gather facts for all hosts (if using --limit)] ***************************
2023-03-06 16:25:11,918 p=5760 u=root n=ansible | skipping: no hosts matched
2023-03-06 16:25:11,926 p=5760 u=root n=ansible | PLAY [Apply role baremetal] ****************************************************
2023-03-06 16:25:12,132 p=5760 u=root n=ansible | TASK [openstack.kolla.baremetal : Ensure localhost in /etc/hosts] **************
2023-03-06 16:25:12,995 p=5760 u=root n=ansible | changed: [localhost]
2023-03-06 16:25:13,081 p=5760 u=root n=ansible | TASK [openstack.kolla.baremetal : Ensure hostname does not point to 127.0.1.1 in /etc/hosts] ***
2023-03-06 16:25:13,586 p=5760 u=root n=ansible | ok: [localhost]
2023-03-06 16:25:13,689 p=5760 u=root n=ansible | TASK [openstack.kolla.baremetal : Generate /etc/hosts for all of the nodes] ****
2023-03-06 16:25:15,180 p=5760 u=root n=ansible | changed: [localhost]
2023-03-06 16:25:15,268 p=5760 u=root n=ansible | TASK [openstack.kolla.baremetal : Ensure unprivileged users can use ping] ******
2023-03-06 16:25:16,149 p=5760 u=root n=ansible | changed: [localhost]
2023-03-06 16:25:16,239 p=5760 u=root n=ansible | TASK [openstack.kolla.baremetal : Ensure /etc/cloud/cloud.cfg exists] **********
2023-03-06 16:25:17,174 p=5760 u=root n=ansible | ok: [localhost]
2023-03-06 16:25:17,280 p=5760 u=root n=ansible | TASK [openstack.kolla.baremetal : Disable cloud-init manage_etc_hosts] *********
2023-03-06 16:25:18,687 p=5760 u=root n=ansible | changed: [localhost]
2023-03-06 16:25:18,774 p=5760 u=root n=ansible | TASK [openstack.kolla.baremetal : Set firewall default policy] *****************
2023-03-06 16:25:18,817 p=5760 u=root n=ansible | skipping: [localhost]
2023-03-06 16:25:18,904 p=5760 u=root n=ansible | TASK [openstack.kolla.baremetal : Check if firewalld is installed] *************
2023-03-06 16:25:19,834 p=5760 u=root n=ansible | ok: [localhost]
2023-03-06 16:25:19,932 p=5760 u=root n=ansible | TASK [openstack.kolla.baremetal : Disable firewalld] ***************************
2023-03-06 16:25:19,993 p=5760 u=root n=ansible | skipping: [localhost] => (item=firewalld) 
2023-03-06 16:25:20,093 p=5760 u=root n=ansible | TASK [openstack.kolla.docker : Fail if docker_custom_option is defined] ********
2023-03-06 16:25:20,284 p=5760 u=root n=ansible | skipping: [localhost]
2023-03-06 16:25:20,377 p=5760 u=root n=ansible | TASK [openstack.kolla.docker : include_tasks] **********************************
2023-03-06 16:25:20,418 p=5760 u=root n=ansible | skipping: [localhost]
2023-03-06 16:25:20,526 p=5760 u=root n=ansible | TASK [openstack.kolla.docker : Ensure docker config directory exists] **********
2023-03-06 16:25:21,408 p=5760 u=root n=ansible | ok: [localhost]
2023-03-06 16:25:21,492 p=5760 u=root n=ansible | TASK [openstack.kolla.docker : Write docker config] ****************************
2023-03-06 16:25:22,690 p=5760 u=root n=ansible | changed: [localhost]
2023-03-06 16:25:22,793 p=5760 u=root n=ansible | TASK [openstack.kolla.docker : Remove old docker options file] *****************
2023-03-06 16:25:23,504 p=5760 u=root n=ansible | ok: [localhost]
2023-03-06 16:25:23,656 p=5760 u=root n=ansible | TASK [openstack.kolla.docker : Ensure docker service directory exists] *********
2023-03-06 16:25:23,704 p=5760 u=root n=ansible | skipping: [localhost]
2023-03-06 16:25:23,789 p=5760 u=root n=ansible | TASK [openstack.kolla.docker : Configure docker service] ***********************
2023-03-06 16:25:23,836 p=5760 u=root n=ansible | skipping: [localhost]
2023-03-06 16:25:23,935 p=5760 u=root n=ansible | TASK [openstack.kolla.docker : Ensure the path for CA file for private registry exists] ***
2023-03-06 16:25:23,984 p=5760 u=root n=ansible | skipping: [localhost]
2023-03-06 16:25:24,077 p=5760 u=root n=ansible | TASK [openstack.kolla.docker : Ensure the CA file for private registry exists] ***
2023-03-06 16:25:24,128 p=5760 u=root n=ansible | skipping: [localhost]
2023-03-06 16:25:24,226 p=5760 u=root n=ansible | TASK [openstack.kolla.docker : Flush handlers] *********************************
2023-03-06 16:25:24,227 p=5760 u=root n=ansible | RUNNING HANDLER [openstack.kolla.docker : Restart docker] **********************
2023-03-06 16:25:28,090 p=5760 u=root n=ansible | changed: [localhost]
2023-03-06 16:25:28,197 p=5760 u=root n=ansible | TASK [openstack.kolla.docker : Start and enable docker] ************************
2023-03-06 16:25:29,065 p=5760 u=root n=ansible | ok: [localhost]
2023-03-06 16:25:29,151 p=5760 u=root n=ansible | TASK [openstack.kolla.docker : include_tasks] **********************************
2023-03-06 16:25:29,197 p=5760 u=root n=ansible | skipping: [localhost]
2023-03-06 16:25:29,362 p=5760 u=root n=ansible | TASK [openstack.kolla.kolla_user : Ensure groups are present] ******************
2023-03-06 16:25:29,414 p=5760 u=root n=ansible | skipping: [localhost] => (item=docker) 
2023-03-06 16:25:29,417 p=5760 u=root n=ansible | skipping: [localhost] => (item=sudo) 
2023-03-06 16:25:29,430 p=5760 u=root n=ansible | skipping: [localhost] => (item=kolla) 
2023-03-06 16:25:29,518 p=5760 u=root n=ansible | TASK [openstack.kolla.kolla_user : Create kolla user] **************************
2023-03-06 16:25:29,565 p=5760 u=root n=ansible | skipping: [localhost]
2023-03-06 16:25:29,656 p=5760 u=root n=ansible | TASK [openstack.kolla.kolla_user : Add public key to kolla user authorized keys] ***
2023-03-06 16:25:29,701 p=5760 u=root n=ansible | skipping: [localhost]
2023-03-06 16:25:29,788 p=5760 u=root n=ansible | TASK [openstack.kolla.kolla_user : Grant kolla user passwordless sudo] *********
2023-03-06 16:25:29,835 p=5760 u=root n=ansible | skipping: [localhost]
2023-03-06 16:25:30,003 p=5760 u=root n=ansible | TASK [openstack.kolla.docker_sdk : Install latest pip in the virtualenv] *******
2023-03-06 16:25:30,059 p=5760 u=root n=ansible | skipping: [localhost]
2023-03-06 16:25:30,144 p=5760 u=root n=ansible | TASK [openstack.kolla.docker_sdk : Install docker SDK for python] **************
2023-03-06 16:25:56,400 p=5760 u=root n=ansible | ok: [localhost]
2023-03-06 16:25:56,601 p=5760 u=root n=ansible | TASK [openstack.kolla.baremetal : Ensure node_config_directory directory exists] ***
2023-03-06 16:25:57,150 p=5760 u=root n=ansible | ok: [localhost]
2023-03-06 16:25:57,240 p=5760 u=root n=ansible | TASK [openstack.kolla.apparmor_libvirt : include_tasks] ************************
2023-03-06 16:25:57,276 p=5760 u=root n=ansible | skipping: [localhost]
2023-03-06 16:25:57,440 p=5760 u=root n=ansible | TASK [openstack.kolla.baremetal : Change state of selinux] *********************
2023-03-06 16:25:58,936 p=5760 u=root n=ansible | ok: [localhost]
2023-03-06 16:25:59,025 p=5760 u=root n=ansible | TASK [openstack.kolla.baremetal : Set https proxy for git] *********************
2023-03-06 16:25:59,069 p=5760 u=root n=ansible | skipping: [localhost]
2023-03-06 16:25:59,159 p=5760 u=root n=ansible | TASK [openstack.kolla.baremetal : Set http proxy for git] **********************
2023-03-06 16:25:59,208 p=5760 u=root n=ansible | skipping: [localhost]
2023-03-06 16:25:59,294 p=5760 u=root n=ansible | TASK [openstack.kolla.baremetal : include_tasks] *******************************
2023-03-06 16:25:59,342 p=5760 u=root n=ansible | skipping: [localhost]
2023-03-06 16:25:59,588 p=5760 u=root n=ansible | PLAY RECAP *********************************************************************
2023-03-06 16:25:59,588 p=5760 u=root n=ansible | localhost                  : ok=17   changed=6    unreachable=0    failed=0    skipped=18   rescued=0    ignored=0   
