2023-03-15 13:19:00,301 p=6143 u=root n=ansible | [WARNING]: Invalid characters were found in group names but not replaced, use
-vvvv to see details

2023-03-15 13:19:17,452 p=6143 u=root n=ansible | PLAY [Gather facts for all hosts] **********************************************
2023-03-15 13:19:18,327 p=6143 u=root n=ansible | TASK [Gather facts] ************************************************************
2023-03-15 13:19:26,429 p=6143 u=root n=ansible | ok: [localhost]
2023-03-15 13:19:26,553 p=6143 u=root n=ansible | TASK [Group hosts to determine when using --limit] *****************************
2023-03-15 13:19:26,648 p=6143 u=root n=ansible | ok: [localhost]
2023-03-15 13:19:26,913 p=6143 u=root n=ansible | [WARNING]: Could not match supplied host pattern, ignoring:
all_using_limit_True

2023-03-15 13:19:26,926 p=6143 u=root n=ansible | PLAY [Gather facts for all hosts (if using --limit)] ***************************
2023-03-15 13:19:26,927 p=6143 u=root n=ansible | skipping: no hosts matched
2023-03-15 13:19:26,939 p=6143 u=root n=ansible | PLAY [Apply role baremetal] ****************************************************
2023-03-15 13:19:27,242 p=6143 u=root n=ansible | TASK [openstack.kolla.baremetal : Ensure localhost in /etc/hosts] **************
2023-03-15 13:19:28,440 p=6143 u=root n=ansible | changed: [localhost]
2023-03-15 13:19:28,616 p=6143 u=root n=ansible | TASK [openstack.kolla.baremetal : Ensure hostname does not point to 127.0.1.1 in /etc/hosts] ***
2023-03-15 13:19:29,219 p=6143 u=root n=ansible | ok: [localhost]
2023-03-15 13:19:29,404 p=6143 u=root n=ansible | TASK [openstack.kolla.baremetal : Generate /etc/hosts for all of the nodes] ****
2023-03-15 13:19:31,035 p=6143 u=root n=ansible | changed: [localhost]
2023-03-15 13:19:31,134 p=6143 u=root n=ansible | TASK [openstack.kolla.baremetal : Ensure unprivileged users can use ping] ******
2023-03-15 13:19:32,310 p=6143 u=root n=ansible | changed: [localhost]
2023-03-15 13:19:32,500 p=6143 u=root n=ansible | TASK [openstack.kolla.baremetal : Ensure /etc/cloud/cloud.cfg exists] **********
2023-03-15 13:19:33,939 p=6143 u=root n=ansible | ok: [localhost]
2023-03-15 13:19:34,034 p=6143 u=root n=ansible | TASK [openstack.kolla.baremetal : Disable cloud-init manage_etc_hosts] *********
2023-03-15 13:19:35,792 p=6143 u=root n=ansible | changed: [localhost]
2023-03-15 13:19:35,880 p=6143 u=root n=ansible | TASK [openstack.kolla.baremetal : Set firewall default policy] *****************
2023-03-15 13:19:35,928 p=6143 u=root n=ansible | skipping: [localhost]
2023-03-15 13:19:36,033 p=6143 u=root n=ansible | TASK [openstack.kolla.baremetal : Check if firewalld is installed] *************
2023-03-15 13:19:37,114 p=6143 u=root n=ansible | ok: [localhost]
2023-03-15 13:19:37,277 p=6143 u=root n=ansible | TASK [openstack.kolla.baremetal : Disable firewalld] ***************************
2023-03-15 13:19:37,406 p=6143 u=root n=ansible | skipping: [localhost] => (item=firewalld) 
2023-03-15 13:19:37,560 p=6143 u=root n=ansible | TASK [openstack.kolla.docker : Fail if docker_custom_option is defined] ********
2023-03-15 13:19:37,693 p=6143 u=root n=ansible | skipping: [localhost]
2023-03-15 13:19:37,839 p=6143 u=root n=ansible | TASK [openstack.kolla.docker : include_tasks] **********************************
2023-03-15 13:19:37,923 p=6143 u=root n=ansible | skipping: [localhost]
2023-03-15 13:19:38,071 p=6143 u=root n=ansible | TASK [openstack.kolla.docker : Ensure docker config directory exists] **********
2023-03-15 13:19:39,136 p=6143 u=root n=ansible | ok: [localhost]
2023-03-15 13:19:39,239 p=6143 u=root n=ansible | TASK [openstack.kolla.docker : Write docker config] ****************************
2023-03-15 13:19:40,466 p=6143 u=root n=ansible | changed: [localhost]
2023-03-15 13:19:40,564 p=6143 u=root n=ansible | TASK [openstack.kolla.docker : Remove old docker options file] *****************
2023-03-15 13:19:41,133 p=6143 u=root n=ansible | ok: [localhost]
2023-03-15 13:19:41,230 p=6143 u=root n=ansible | TASK [openstack.kolla.docker : Ensure docker service directory exists] *********
2023-03-15 13:19:41,283 p=6143 u=root n=ansible | skipping: [localhost]
2023-03-15 13:19:41,415 p=6143 u=root n=ansible | TASK [openstack.kolla.docker : Configure docker service] ***********************
2023-03-15 13:19:41,483 p=6143 u=root n=ansible | skipping: [localhost]
2023-03-15 13:19:41,573 p=6143 u=root n=ansible | TASK [openstack.kolla.docker : Ensure the path for CA file for private registry exists] ***
2023-03-15 13:19:41,624 p=6143 u=root n=ansible | skipping: [localhost]
2023-03-15 13:19:41,717 p=6143 u=root n=ansible | TASK [openstack.kolla.docker : Ensure the CA file for private registry exists] ***
2023-03-15 13:19:41,771 p=6143 u=root n=ansible | skipping: [localhost]
2023-03-15 13:19:41,872 p=6143 u=root n=ansible | TASK [openstack.kolla.docker : Flush handlers] *********************************
2023-03-15 13:19:41,873 p=6143 u=root n=ansible | RUNNING HANDLER [openstack.kolla.docker : Restart docker] **********************
2023-03-15 13:19:51,824 p=6143 u=root n=ansible | changed: [localhost]
2023-03-15 13:19:51,933 p=6143 u=root n=ansible | TASK [openstack.kolla.docker : Start and enable docker] ************************
2023-03-15 13:19:53,015 p=6143 u=root n=ansible | ok: [localhost]
2023-03-15 13:19:53,172 p=6143 u=root n=ansible | TASK [openstack.kolla.docker : include_tasks] **********************************
2023-03-15 13:19:53,221 p=6143 u=root n=ansible | skipping: [localhost]
2023-03-15 13:19:53,464 p=6143 u=root n=ansible | TASK [openstack.kolla.kolla_user : Ensure groups are present] ******************
2023-03-15 13:19:53,526 p=6143 u=root n=ansible | skipping: [localhost] => (item=docker) 
2023-03-15 13:19:53,540 p=6143 u=root n=ansible | skipping: [localhost] => (item=sudo) 
2023-03-15 13:19:53,545 p=6143 u=root n=ansible | skipping: [localhost] => (item=kolla) 
2023-03-15 13:19:53,675 p=6143 u=root n=ansible | TASK [openstack.kolla.kolla_user : Create kolla user] **************************
2023-03-15 13:19:53,747 p=6143 u=root n=ansible | skipping: [localhost]
2023-03-15 13:19:53,860 p=6143 u=root n=ansible | TASK [openstack.kolla.kolla_user : Add public key to kolla user authorized keys] ***
2023-03-15 13:19:53,906 p=6143 u=root n=ansible | skipping: [localhost]
2023-03-15 13:19:54,010 p=6143 u=root n=ansible | TASK [openstack.kolla.kolla_user : Grant kolla user passwordless sudo] *********
2023-03-15 13:19:54,071 p=6143 u=root n=ansible | skipping: [localhost]
2023-03-15 13:19:54,262 p=6143 u=root n=ansible | TASK [openstack.kolla.docker_sdk : Install latest pip in the virtualenv] *******
2023-03-15 13:19:54,327 p=6143 u=root n=ansible | skipping: [localhost]
2023-03-15 13:19:54,439 p=6143 u=root n=ansible | TASK [openstack.kolla.docker_sdk : Install docker SDK for python] **************
2023-03-15 13:20:47,238 p=6143 u=root n=ansible | ok: [localhost]
2023-03-15 13:20:47,432 p=6143 u=root n=ansible | TASK [openstack.kolla.baremetal : Ensure node_config_directory directory exists] ***
2023-03-15 13:20:48,193 p=6143 u=root n=ansible | ok: [localhost]
2023-03-15 13:20:48,311 p=6143 u=root n=ansible | TASK [openstack.kolla.apparmor_libvirt : include_tasks] ************************
2023-03-15 13:20:48,377 p=6143 u=root n=ansible | skipping: [localhost]
2023-03-15 13:20:48,586 p=6143 u=root n=ansible | TASK [openstack.kolla.baremetal : Change state of selinux] *********************
2023-03-15 13:20:50,989 p=6143 u=root n=ansible | ok: [localhost]
2023-03-15 13:20:51,091 p=6143 u=root n=ansible | TASK [openstack.kolla.baremetal : Set https proxy for git] *********************
2023-03-15 13:20:51,145 p=6143 u=root n=ansible | skipping: [localhost]
2023-03-15 13:20:51,233 p=6143 u=root n=ansible | TASK [openstack.kolla.baremetal : Set http proxy for git] **********************
2023-03-15 13:20:51,277 p=6143 u=root n=ansible | skipping: [localhost]
2023-03-15 13:20:51,367 p=6143 u=root n=ansible | TASK [openstack.kolla.baremetal : include_tasks] *******************************
2023-03-15 13:20:51,410 p=6143 u=root n=ansible | skipping: [localhost]
2023-03-15 13:20:51,674 p=6143 u=root n=ansible | PLAY RECAP *********************************************************************
2023-03-15 13:20:51,674 p=6143 u=root n=ansible | localhost                  : ok=17   changed=6    unreachable=0    failed=0    skipped=18   rescued=0    ignored=0   
