2023-02-14 00:03:40.057051 mod_wsgi (pid=24): Failed to exec Python script file '/var/lib/kolla/venv/bin/ironic-api-wsgi'.
2023-02-14 00:03:40.057270 mod_wsgi (pid=24): Exception occurred processing WSGI script '/var/lib/kolla/venv/bin/ironic-api-wsgi'.
2023-02-14 00:03:40.059606 Traceback (most recent call last):
2023-02-14 00:03:40.059702   File "/var/lib/kolla/venv/bin/ironic-api-wsgi", line 52, in <module>
2023-02-14 00:03:40.059720     application = initialize_wsgi_app()
2023-02-14 00:03:40.059739   File "/var/lib/kolla/venv/lib/python3.9/site-packages/ironic/api/wsgi.py", line 38, in initialize_wsgi_app
2023-02-14 00:03:40.059751     return app.VersionSelectorApplication()
2023-02-14 00:03:40.059768   File "/var/lib/kolla/venv/lib/python3.9/site-packages/ironic/api/app.py", line 148, in __init__
2023-02-14 00:03:40.059785     self.v1 = setup_app(pecan_config=pc)
2023-02-14 00:03:40.059808   File "/var/lib/kolla/venv/lib/python3.9/site-packages/ironic/api/app.py", line 74, in setup_app
2023-02-14 00:03:40.059821     app = pecan.make_app(
2023-02-14 00:03:40.059836   File "/var/lib/kolla/venv/lib/python3.9/site-packages/pecan/__init__.py", line 86, in make_app
2023-02-14 00:03:40.059848     app = Pecan(root, **kw)
2023-02-14 00:03:40.059864   File "/var/lib/kolla/venv/lib/python3.9/site-packages/pecan/core.py", line 844, in __init__
2023-02-14 00:03:40.059876     super(Pecan, self).__init__(*args, **kw)
2023-02-14 00:03:40.059892   File "/var/lib/kolla/venv/lib/python3.9/site-packages/pecan/core.py", line 240, in __init__
2023-02-14 00:03:40.059904     root = self.__translate_root__(root)
2023-02-14 00:03:40.059919   File "/var/lib/kolla/venv/lib/python3.9/site-packages/pecan/core.py", line 275, in __translate_root__
2023-02-14 00:03:40.059931     module = __import__(name, fromlist=fromlist)
2023-02-14 00:03:40.059947   File "/var/lib/kolla/venv/lib/python3.9/site-packages/ironic/api/controllers/root.py", line 19, in <module>
2023-02-14 00:03:40.059959     from ironic.api.controllers import v1
2023-02-14 00:03:40.059974   File "/var/lib/kolla/venv/lib/python3.9/site-packages/ironic/api/controllers/v1/__init__.py", line 30, in <module>
2023-02-14 00:03:40.059987     from ironic.api.controllers.v1 import chassis
2023-02-14 00:03:40.060002   File "/var/lib/kolla/venv/lib/python3.9/site-packages/ironic/api/controllers/v1/chassis.py", line 25, in <module>
2023-02-14 00:03:40.060015     from ironic.api.controllers.v1 import node
2023-02-14 00:03:40.060047   File "/var/lib/kolla/venv/lib/python3.9/site-packages/ironic/api/controllers/v1/node.py", line 2071
2023-02-14 00:03:40.060078     <<<<<<< HEAD
2023-02-14 00:03:40.060108     ^
2023-02-14 00:03:40.060134 SyntaxError: invalid syntax
2023-02-14 00:03:47.479153 mod_wsgi (pid=25): Failed to exec Python script file '/var/lib/kolla/venv/bin/ironic-api-wsgi'.
2023-02-14 00:03:47.479349 mod_wsgi (pid=25): Exception occurred processing WSGI script '/var/lib/kolla/venv/bin/ironic-api-wsgi'.
2023-02-14 00:03:47.481354 Traceback (most recent call last):
2023-02-14 00:03:47.481448   File "/var/lib/kolla/venv/bin/ironic-api-wsgi", line 52, in <module>
2023-02-14 00:03:47.481466     application = initialize_wsgi_app()
2023-02-14 00:03:47.481485   File "/var/lib/kolla/venv/lib/python3.9/site-packages/ironic/api/wsgi.py", line 38, in initialize_wsgi_app
2023-02-14 00:03:47.481530     return app.VersionSelectorApplication()
2023-02-14 00:03:47.481553   File "/var/lib/kolla/venv/lib/python3.9/site-packages/ironic/api/app.py", line 148, in __init__
2023-02-14 00:03:47.481566     self.v1 = setup_app(pecan_config=pc)
2023-02-14 00:03:47.481583   File "/var/lib/kolla/venv/lib/python3.9/site-packages/ironic/api/app.py", line 74, in setup_app
2023-02-14 00:03:47.481595     app = pecan.make_app(
2023-02-14 00:03:47.481611   File "/var/lib/kolla/venv/lib/python3.9/site-packages/pecan/__init__.py", line 86, in make_app
2023-02-14 00:03:47.481624     app = Pecan(root, **kw)
2023-02-14 00:03:47.481640   File "/var/lib/kolla/venv/lib/python3.9/site-packages/pecan/core.py", line 844, in __init__
2023-02-14 00:03:47.481652     super(Pecan, self).__init__(*args, **kw)
2023-02-14 00:03:47.481725   File "/var/lib/kolla/venv/lib/python3.9/site-packages/pecan/core.py", line 240, in __init__
2023-02-14 00:03:47.481742     root = self.__translate_root__(root)
2023-02-14 00:03:47.481758   File "/var/lib/kolla/venv/lib/python3.9/site-packages/pecan/core.py", line 275, in __translate_root__
2023-02-14 00:03:47.481771     module = __import__(name, fromlist=fromlist)
2023-02-14 00:03:47.481787   File "/var/lib/kolla/venv/lib/python3.9/site-packages/ironic/api/controllers/root.py", line 19, in <module>
2023-02-14 00:03:47.481800     from ironic.api.controllers import v1
2023-02-14 00:03:47.481825   File "/var/lib/kolla/venv/lib/python3.9/site-packages/ironic/api/controllers/v1/__init__.py", line 30, in <module>
2023-02-14 00:03:47.481838     from ironic.api.controllers.v1 import chassis
2023-02-14 00:03:47.481854   File "/var/lib/kolla/venv/lib/python3.9/site-packages/ironic/api/controllers/v1/chassis.py", line 25, in <module>
2023-02-14 00:03:47.481867     from ironic.api.controllers.v1 import node
2023-02-14 00:03:47.481901   File "/var/lib/kolla/venv/lib/python3.9/site-packages/ironic/api/controllers/v1/node.py", line 2071
2023-02-14 00:03:47.481933     <<<<<<< HEAD
2023-02-14 00:03:47.481966     ^
2023-02-14 00:03:47.481993 SyntaxError: invalid syntax
2023-02-14 00:04:31.165789 mod_wsgi (pid=24): Failed to exec Python script file '/var/lib/kolla/venv/bin/ironic-api-wsgi'.
2023-02-14 00:04:31.166161 mod_wsgi (pid=24): Exception occurred processing WSGI script '/var/lib/kolla/venv/bin/ironic-api-wsgi'.
2023-02-14 00:04:31.198694 Traceback (most recent call last):
2023-02-14 00:04:31.198931   File "/var/lib/kolla/venv/bin/ironic-api-wsgi", line 52, in <module>
2023-02-14 00:04:31.198955     application = initialize_wsgi_app()
2023-02-14 00:04:31.199005   File "/var/lib/kolla/venv/lib/python3.9/site-packages/ironic/api/wsgi.py", line 32, in initialize_wsgi_app
2023-02-14 00:04:31.199029     service.prepare_command(argv)
2023-02-14 00:04:31.199048   File "/var/lib/kolla/venv/lib/python3.9/site-packages/ironic/common/service.py", line 42, in prepare_command
2023-02-14 00:04:31.199061     log.register_options(CONF)
2023-02-14 00:04:31.199123   File "/var/lib/kolla/venv/lib/python3.9/site-packages/oslo_log/log.py", line 259, in register_options
2023-02-14 00:04:31.199151     conf.register_cli_opts(_options.common_cli_opts)
2023-02-14 00:04:31.199175   File "/var/lib/kolla/venv/lib/python3.9/site-packages/oslo_config/cfg.py", line 2077, in __inner
2023-02-14 00:04:31.199218     result = f(self, *args, **kwargs)
2023-02-14 00:04:31.199240   File "/var/lib/kolla/venv/lib/python3.9/site-packages/oslo_config/cfg.py", line 2363, in register_cli_opts
2023-02-14 00:04:31.199253     self.register_cli_opt(opt, group, clear_cache=False)
2023-02-14 00:04:31.199270   File "/var/lib/kolla/venv/lib/python3.9/site-packages/oslo_config/cfg.py", line 2081, in __inner
2023-02-14 00:04:31.199283     return f(self, *args, **kwargs)
2023-02-14 00:04:31.199300   File "/var/lib/kolla/venv/lib/python3.9/site-packages/oslo_config/cfg.py", line 2355, in register_cli_opt
2023-02-14 00:04:31.199312     raise ArgsAlreadyParsedError("cannot register CLI option")
2023-02-14 00:04:31.199369 oslo_config.cfg.ArgsAlreadyParsedError: arguments already parsed: cannot register CLI option
2023-02-14 00:04:31.215277 mod_wsgi (pid=25): Failed to exec Python script file '/var/lib/kolla/venv/bin/ironic-api-wsgi'.
2023-02-14 00:04:31.215551 mod_wsgi (pid=25): Exception occurred processing WSGI script '/var/lib/kolla/venv/bin/ironic-api-wsgi'.
2023-02-14 00:04:31.223572 Traceback (most recent call last):
2023-02-14 00:04:31.231265   File "/var/lib/kolla/venv/bin/ironic-api-wsgi", line 52, in <module>
2023-02-14 00:04:31.231297     application = initialize_wsgi_app()
2023-02-14 00:04:31.231355   File "/var/lib/kolla/venv/lib/python3.9/site-packages/ironic/api/wsgi.py", line 32, in initialize_wsgi_app
2023-02-14 00:04:31.231377     service.prepare_command(argv)
2023-02-14 00:04:31.231399   File "/var/lib/kolla/venv/lib/python3.9/site-packages/ironic/common/service.py", line 42, in prepare_command
2023-02-14 00:04:31.231447     log.register_options(CONF)
2023-02-14 00:04:31.231482   File "/var/lib/kolla/venv/lib/python3.9/site-packages/oslo_log/log.py", line 259, in register_options
2023-02-14 00:04:31.231568     conf.register_cli_opts(_options.common_cli_opts)
2023-02-14 00:04:31.231600   File "/var/lib/kolla/venv/lib/python3.9/site-packages/oslo_config/cfg.py", line 2077, in __inner
2023-02-14 00:04:31.231614     result = f(self, *args, **kwargs)
2023-02-14 00:04:31.231631   File "/var/lib/kolla/venv/lib/python3.9/site-packages/oslo_config/cfg.py", line 2363, in register_cli_opts
2023-02-14 00:04:31.231644     self.register_cli_opt(opt, group, clear_cache=False)
2023-02-14 00:04:31.231661   File "/var/lib/kolla/venv/lib/python3.9/site-packages/oslo_config/cfg.py", line 2081, in __inner
2023-02-14 00:04:31.231674     return f(self, *args, **kwargs)
2023-02-14 00:04:31.231691   File "/var/lib/kolla/venv/lib/python3.9/site-packages/oslo_config/cfg.py", line 2355, in register_cli_opt
2023-02-14 00:04:31.231703     raise ArgsAlreadyParsedError("cannot register CLI option")
2023-02-14 00:04:31.231774 oslo_config.cfg.ArgsAlreadyParsedError: arguments already parsed: cannot register CLI option
2023-02-14 00:05:31.166758 mod_wsgi (pid=24): Failed to exec Python script file '/var/lib/kolla/venv/bin/ironic-api-wsgi'.
2023-02-14 00:05:31.167237 mod_wsgi (pid=24): Exception occurred processing WSGI script '/var/lib/kolla/venv/bin/ironic-api-wsgi'.
2023-02-14 00:05:31.171168 Traceback (most recent call last):
2023-02-14 00:05:31.171386   File "/var/lib/kolla/venv/bin/ironic-api-wsgi", line 52, in <module>
2023-02-14 00:05:31.171411     application = initialize_wsgi_app()
2023-02-14 00:05:31.171443   File "/var/lib/kolla/venv/lib/python3.9/site-packages/ironic/api/wsgi.py", line 32, in initialize_wsgi_app
2023-02-14 00:05:31.171460     service.prepare_command(argv)
2023-02-14 00:05:31.171479   File "/var/lib/kolla/venv/lib/python3.9/site-packages/ironic/common/service.py", line 42, in prepare_command
2023-02-14 00:05:31.171492     log.register_options(CONF)
2023-02-14 00:05:31.171540   File "/var/lib/kolla/venv/lib/python3.9/site-packages/oslo_log/log.py", line 259, in register_options
2023-02-14 00:05:31.171565     conf.register_cli_opts(_options.common_cli_opts)
2023-02-14 00:05:31.171587   File "/var/lib/kolla/venv/lib/python3.9/site-packages/oslo_config/cfg.py", line 2077, in __inner
2023-02-14 00:05:31.171600     result = f(self, *args, **kwargs)
2023-02-14 00:05:31.171617   File "/var/lib/kolla/venv/lib/python3.9/site-packages/oslo_config/cfg.py", line 2363, in register_cli_opts
2023-02-14 00:05:31.171630     self.register_cli_opt(opt, group, clear_cache=False)
2023-02-14 00:05:31.171646   File "/var/lib/kolla/venv/lib/python3.9/site-packages/oslo_config/cfg.py", line 2081, in __inner
2023-02-14 00:05:31.171659     return f(self, *args, **kwargs)
2023-02-14 00:05:31.171676   File "/var/lib/kolla/venv/lib/python3.9/site-packages/oslo_config/cfg.py", line 2355, in register_cli_opt
2023-02-14 00:05:31.171689     raise ArgsAlreadyParsedError("cannot register CLI option")
2023-02-14 00:05:31.171743 oslo_config.cfg.ArgsAlreadyParsedError: arguments already parsed: cannot register CLI option
2023-02-14 00:05:31.195734 mod_wsgi (pid=25): Failed to exec Python script file '/var/lib/kolla/venv/bin/ironic-api-wsgi'.
2023-02-14 00:05:31.196016 mod_wsgi (pid=25): Exception occurred processing WSGI script '/var/lib/kolla/venv/bin/ironic-api-wsgi'.
2023-02-14 00:05:31.204158 Traceback (most recent call last):
2023-02-14 00:05:31.204407   File "/var/lib/kolla/venv/bin/ironic-api-wsgi", line 52, in <module>
2023-02-14 00:05:31.204430     application = initialize_wsgi_app()
2023-02-14 00:05:31.204468   File "/var/lib/kolla/venv/lib/python3.9/site-packages/ironic/api/wsgi.py", line 32, in initialize_wsgi_app
2023-02-14 00:05:31.204485     service.prepare_command(argv)
2023-02-14 00:05:31.204531   File "/var/lib/kolla/venv/lib/python3.9/site-packages/ironic/common/service.py", line 42, in prepare_command
2023-02-14 00:05:31.204617     log.register_options(CONF)
2023-02-14 00:05:31.204655   File "/var/lib/kolla/venv/lib/python3.9/site-packages/oslo_log/log.py", line 259, in register_options
2023-02-14 00:05:31.204680     conf.register_cli_opts(_options.common_cli_opts)
2023-02-14 00:05:31.204702   File "/var/lib/kolla/venv/lib/python3.9/site-packages/oslo_config/cfg.py", line 2077, in __inner
2023-02-14 00:05:31.204715     result = f(self, *args, **kwargs)
2023-02-14 00:05:31.204732   File "/var/lib/kolla/venv/lib/python3.9/site-packages/oslo_config/cfg.py", line 2363, in register_cli_opts
2023-02-14 00:05:31.204745     self.register_cli_opt(opt, group, clear_cache=False)
2023-02-14 00:05:31.204762   File "/var/lib/kolla/venv/lib/python3.9/site-packages/oslo_config/cfg.py", line 2081, in __inner
2023-02-14 00:05:31.204774     return f(self, *args, **kwargs)
2023-02-14 00:05:31.204791   File "/var/lib/kolla/venv/lib/python3.9/site-packages/oslo_config/cfg.py", line 2355, in register_cli_opt
2023-02-14 00:05:31.204803     raise ArgsAlreadyParsedError("cannot register CLI option")
2023-02-14 00:05:31.204858 oslo_config.cfg.ArgsAlreadyParsedError: arguments already parsed: cannot register CLI option
2023-02-14 00:06:11.039311 mod_wsgi (pid=24): Failed to exec Python script file '/var/lib/kolla/venv/bin/ironic-api-wsgi'.
2023-02-14 00:06:11.039722 mod_wsgi (pid=24): Exception occurred processing WSGI script '/var/lib/kolla/venv/bin/ironic-api-wsgi'.
2023-02-14 00:06:11.041088 Traceback (most recent call last):
2023-02-14 00:06:11.041343   File "/var/lib/kolla/venv/bin/ironic-api-wsgi", line 52, in <module>
2023-02-14 00:06:11.041381     application = initialize_wsgi_app()
2023-02-14 00:06:11.041442   File "/var/lib/kolla/venv/lib/python3.9/site-packages/ironic/api/wsgi.py", line 32, in initialize_wsgi_app
2023-02-14 00:06:11.041473     service.prepare_command(argv)
2023-02-14 00:06:11.041531   File "/var/lib/kolla/venv/lib/python3.9/site-packages/ironic/common/service.py", line 42, in prepare_command
2023-02-14 00:06:11.041546     log.register_options(CONF)
2023-02-14 00:06:11.041575   File "/var/lib/kolla/venv/lib/python3.9/site-packages/oslo_log/log.py", line 259, in register_options
2023-02-14 00:06:11.041600     conf.register_cli_opts(_options.common_cli_opts)
2023-02-14 00:06:11.041621   File "/var/lib/kolla/venv/lib/python3.9/site-packages/oslo_config/cfg.py", line 2077, in __inner
2023-02-14 00:06:11.041633     result = f(self, *args, **kwargs)
2023-02-14 00:06:11.041651   File "/var/lib/kolla/venv/lib/python3.9/site-packages/oslo_config/cfg.py", line 2363, in register_cli_opts
2023-02-14 00:06:11.041663     self.register_cli_opt(opt, group, clear_cache=False)
2023-02-14 00:06:11.041680   File "/var/lib/kolla/venv/lib/python3.9/site-packages/oslo_config/cfg.py", line 2081, in __inner
2023-02-14 00:06:11.041692     return f(self, *args, **kwargs)
2023-02-14 00:06:11.041709   File "/var/lib/kolla/venv/lib/python3.9/site-packages/oslo_config/cfg.py", line 2355, in register_cli_opt
2023-02-14 00:06:11.041721     raise ArgsAlreadyParsedError("cannot register CLI option")
2023-02-14 00:06:11.041807 oslo_config.cfg.ArgsAlreadyParsedError: arguments already parsed: cannot register CLI option
2023-02-14 00:06:31.248793 mod_wsgi (pid=25): Failed to exec Python script file '/var/lib/kolla/venv/bin/ironic-api-wsgi'.
2023-02-14 00:06:31.258506 mod_wsgi (pid=25): Exception occurred processing WSGI script '/var/lib/kolla/venv/bin/ironic-api-wsgi'.
2023-02-14 00:06:31.260699 Traceback (most recent call last):
2023-02-14 00:06:31.268455   File "/var/lib/kolla/venv/bin/ironic-api-wsgi", line 52, in <module>
2023-02-14 00:06:31.268588     application = initialize_wsgi_app()
2023-02-14 00:06:31.268660   File "/var/lib/kolla/venv/lib/python3.9/site-packages/ironic/api/wsgi.py", line 32, in initialize_wsgi_app
2023-02-14 00:06:31.268681     service.prepare_command(argv)
2023-02-14 00:06:31.268702   File "/var/lib/kolla/venv/lib/python3.9/site-packages/ironic/common/service.py", line 42, in prepare_command
2023-02-14 00:06:31.268794     log.register_options(CONF)
2023-02-14 00:06:31.268843   File "/var/lib/kolla/venv/lib/python3.9/site-packages/oslo_log/log.py", line 259, in register_options
2023-02-14 00:06:31.268883     conf.register_cli_opts(_options.common_cli_opts)
2023-02-14 00:06:31.268908   File "/var/lib/kolla/venv/lib/python3.9/site-packages/oslo_config/cfg.py", line 2077, in __inner
2023-02-14 00:06:31.268921     result = f(self, *args, **kwargs)
2023-02-14 00:06:31.268939   File "/var/lib/kolla/venv/lib/python3.9/site-packages/oslo_config/cfg.py", line 2363, in register_cli_opts
2023-02-14 00:06:31.268955     self.register_cli_opt(opt, group, clear_cache=False)
2023-02-14 00:06:31.268991   File "/var/lib/kolla/venv/lib/python3.9/site-packages/oslo_config/cfg.py", line 2081, in __inner
2023-02-14 00:06:31.269020     return f(self, *args, **kwargs)
2023-02-14 00:06:31.269050   File "/var/lib/kolla/venv/lib/python3.9/site-packages/oslo_config/cfg.py", line 2355, in register_cli_opt
2023-02-14 00:06:31.269074     raise ArgsAlreadyParsedError("cannot register CLI option")
2023-02-14 00:06:31.269165 oslo_config.cfg.ArgsAlreadyParsedError: arguments already parsed: cannot register CLI option
2023-02-14 00:06:31.301633 mod_wsgi (pid=24): Failed to exec Python script file '/var/lib/kolla/venv/bin/ironic-api-wsgi'.
2023-02-14 00:06:31.301835 mod_wsgi (pid=24): Exception occurred processing WSGI script '/var/lib/kolla/venv/bin/ironic-api-wsgi'.
2023-02-14 00:06:31.302405 Traceback (most recent call last):
2023-02-14 00:06:31.302586   File "/var/lib/kolla/venv/bin/ironic-api-wsgi", line 52, in <module>
2023-02-14 00:06:31.302608     application = initialize_wsgi_app()
2023-02-14 00:06:31.302629   File "/var/lib/kolla/venv/lib/python3.9/site-packages/ironic/api/wsgi.py", line 32, in initialize_wsgi_app
2023-02-14 00:06:31.302641     service.prepare_command(argv)
2023-02-14 00:06:31.302658   File "/var/lib/kolla/venv/lib/python3.9/site-packages/ironic/common/service.py", line 42, in prepare_command
2023-02-14 00:06:31.302670     log.register_options(CONF)
2023-02-14 00:06:31.302687   File "/var/lib/kolla/venv/lib/python3.9/site-packages/oslo_log/log.py", line 259, in register_options
2023-02-14 00:06:31.302701     conf.register_cli_opts(_options.common_cli_opts)
2023-02-14 00:06:31.302717   File "/var/lib/kolla/venv/lib/python3.9/site-packages/oslo_config/cfg.py", line 2077, in __inner
2023-02-14 00:06:31.302729     result = f(self, *args, **kwargs)
2023-02-14 00:06:31.302758   File "/var/lib/kolla/venv/lib/python3.9/site-packages/oslo_config/cfg.py", line 2363, in register_cli_opts
2023-02-14 00:06:31.302770     self.register_cli_opt(opt, group, clear_cache=False)
2023-02-14 00:06:31.302803   File "/var/lib/kolla/venv/lib/python3.9/site-packages/oslo_config/cfg.py", line 2081, in __inner
2023-02-14 00:06:31.302815     return f(self, *args, **kwargs)
2023-02-14 00:06:31.302831   File "/var/lib/kolla/venv/lib/python3.9/site-packages/oslo_config/cfg.py", line 2355, in register_cli_opt
2023-02-14 00:06:31.302843     raise ArgsAlreadyParsedError("cannot register CLI option")
2023-02-14 00:06:31.302883 oslo_config.cfg.ArgsAlreadyParsedError: arguments already parsed: cannot register CLI option
