2023-02-27 02:00:58,719 p=6076 u=root n=ansible | [WARNING]: Invalid characters were found in group names but not replaced, use
-vvvv to see details

2023-02-27 02:01:00,664 p=6076 u=root n=ansible | PLAY [Gather facts for all hosts] **********************************************
2023-02-27 02:01:00,951 p=6076 u=root n=ansible | TASK [Gather facts] ************************************************************
2023-02-27 02:01:04,504 p=6076 u=root n=ansible | ok: [localhost]
2023-02-27 02:01:04,606 p=6076 u=root n=ansible | TASK [Group hosts to determine when using --limit] *****************************
2023-02-27 02:01:04,674 p=6076 u=root n=ansible | ok: [localhost]
2023-02-27 02:01:04,849 p=6076 u=root n=ansible | [WARNING]: Could not match supplied host pattern, ignoring:
all_using_limit_True

2023-02-27 02:01:04,864 p=6076 u=root n=ansible | PLAY [Gather facts for all hosts (if using --limit)] ***************************
2023-02-27 02:01:04,864 p=6076 u=root n=ansible | skipping: no hosts matched
2023-02-27 02:01:04,879 p=6076 u=root n=ansible | PLAY [Apply role baremetal] ****************************************************
2023-02-27 02:01:05,133 p=6076 u=root n=ansible | TASK [openstack.kolla.baremetal : Ensure localhost in /etc/hosts] **************
2023-02-27 02:01:06,111 p=6076 u=root n=ansible | changed: [localhost]
2023-02-27 02:01:06,205 p=6076 u=root n=ansible | TASK [openstack.kolla.baremetal : Ensure hostname does not point to 127.0.1.1 in /etc/hosts] ***
2023-02-27 02:01:06,722 p=6076 u=root n=ansible | ok: [localhost]
2023-02-27 02:01:06,842 p=6076 u=root n=ansible | TASK [openstack.kolla.baremetal : Generate /etc/hosts for all of the nodes] ****
2023-02-27 02:01:08,332 p=6076 u=root n=ansible | changed: [localhost]
2023-02-27 02:01:08,434 p=6076 u=root n=ansible | TASK [openstack.kolla.baremetal : Ensure unprivileged users can use ping] ******
2023-02-27 02:01:09,444 p=6076 u=root n=ansible | changed: [localhost]
2023-02-27 02:01:09,536 p=6076 u=root n=ansible | TASK [openstack.kolla.baremetal : Ensure /etc/cloud/cloud.cfg exists] **********
2023-02-27 02:01:10,624 p=6076 u=root n=ansible | ok: [localhost]
2023-02-27 02:01:10,733 p=6076 u=root n=ansible | TASK [openstack.kolla.baremetal : Disable cloud-init manage_etc_hosts] *********
2023-02-27 02:01:12,458 p=6076 u=root n=ansible | changed: [localhost]
2023-02-27 02:01:12,548 p=6076 u=root n=ansible | TASK [openstack.kolla.baremetal : Set firewall default policy] *****************
2023-02-27 02:01:12,625 p=6076 u=root n=ansible | skipping: [localhost]
2023-02-27 02:01:12,727 p=6076 u=root n=ansible | TASK [openstack.kolla.baremetal : Check if firewalld is installed] *************
2023-02-27 02:01:13,645 p=6076 u=root n=ansible | ok: [localhost]
2023-02-27 02:01:13,744 p=6076 u=root n=ansible | TASK [openstack.kolla.baremetal : Disable firewalld] ***************************
2023-02-27 02:01:13,816 p=6076 u=root n=ansible | skipping: [localhost] => (item=firewalld) 
2023-02-27 02:01:13,907 p=6076 u=root n=ansible | TASK [openstack.kolla.docker : Fail if docker_custom_option is defined] ********
2023-02-27 02:01:14,005 p=6076 u=root n=ansible | skipping: [localhost]
2023-02-27 02:01:14,092 p=6076 u=root n=ansible | TASK [openstack.kolla.docker : include_tasks] **********************************
2023-02-27 02:01:14,145 p=6076 u=root n=ansible | skipping: [localhost]
2023-02-27 02:01:14,243 p=6076 u=root n=ansible | TASK [openstack.kolla.docker : Ensure docker config directory exists] **********
2023-02-27 02:01:15,254 p=6076 u=root n=ansible | ok: [localhost]
2023-02-27 02:01:15,344 p=6076 u=root n=ansible | TASK [openstack.kolla.docker : Write docker config] ****************************
2023-02-27 02:01:16,618 p=6076 u=root n=ansible | changed: [localhost]
2023-02-27 02:01:16,702 p=6076 u=root n=ansible | TASK [openstack.kolla.docker : Remove old docker options file] *****************
2023-02-27 02:01:17,197 p=6076 u=root n=ansible | ok: [localhost]
2023-02-27 02:01:17,283 p=6076 u=root n=ansible | TASK [openstack.kolla.docker : Ensure docker service directory exists] *********
2023-02-27 02:01:17,332 p=6076 u=root n=ansible | skipping: [localhost]
2023-02-27 02:01:17,436 p=6076 u=root n=ansible | TASK [openstack.kolla.docker : Configure docker service] ***********************
2023-02-27 02:01:17,487 p=6076 u=root n=ansible | skipping: [localhost]
2023-02-27 02:01:17,577 p=6076 u=root n=ansible | TASK [openstack.kolla.docker : Ensure the path for CA file for private registry exists] ***
2023-02-27 02:01:17,627 p=6076 u=root n=ansible | skipping: [localhost]
2023-02-27 02:01:17,717 p=6076 u=root n=ansible | TASK [openstack.kolla.docker : Ensure the CA file for private registry exists] ***
2023-02-27 02:01:17,766 p=6076 u=root n=ansible | skipping: [localhost]
2023-02-27 02:01:17,859 p=6076 u=root n=ansible | TASK [openstack.kolla.docker : Flush handlers] *********************************
2023-02-27 02:01:17,860 p=6076 u=root n=ansible | RUNNING HANDLER [openstack.kolla.docker : Restart docker] **********************
2023-02-27 02:01:22,657 p=6076 u=root n=ansible | changed: [localhost]
2023-02-27 02:01:22,782 p=6076 u=root n=ansible | TASK [openstack.kolla.docker : Start and enable docker] ************************
2023-02-27 02:01:23,718 p=6076 u=root n=ansible | ok: [localhost]
2023-02-27 02:01:23,853 p=6076 u=root n=ansible | TASK [openstack.kolla.docker : include_tasks] **********************************
2023-02-27 02:01:23,915 p=6076 u=root n=ansible | skipping: [localhost]
2023-02-27 02:01:24,083 p=6076 u=root n=ansible | TASK [openstack.kolla.kolla_user : Ensure groups are present] ******************
2023-02-27 02:01:24,169 p=6076 u=root n=ansible | skipping: [localhost] => (item=docker) 
2023-02-27 02:01:24,181 p=6076 u=root n=ansible | skipping: [localhost] => (item=sudo) 
2023-02-27 02:01:24,193 p=6076 u=root n=ansible | skipping: [localhost] => (item=kolla) 
2023-02-27 02:01:24,308 p=6076 u=root n=ansible | TASK [openstack.kolla.kolla_user : Create kolla user] **************************
2023-02-27 02:01:24,371 p=6076 u=root n=ansible | skipping: [localhost]
2023-02-27 02:01:24,495 p=6076 u=root n=ansible | TASK [openstack.kolla.kolla_user : Add public key to kolla user authorized keys] ***
2023-02-27 02:01:24,560 p=6076 u=root n=ansible | skipping: [localhost]
2023-02-27 02:01:24,711 p=6076 u=root n=ansible | TASK [openstack.kolla.kolla_user : Grant kolla user passwordless sudo] *********
2023-02-27 02:01:24,806 p=6076 u=root n=ansible | skipping: [localhost]
2023-02-27 02:01:25,112 p=6076 u=root n=ansible | TASK [openstack.kolla.docker_sdk : Install latest pip in the virtualenv] *******
2023-02-27 02:01:25,228 p=6076 u=root n=ansible | skipping: [localhost]
2023-02-27 02:01:25,400 p=6076 u=root n=ansible | TASK [openstack.kolla.docker_sdk : Install docker SDK for python] **************
2023-02-27 02:02:01,285 p=6076 u=root n=ansible | ok: [localhost]
2023-02-27 02:02:01,585 p=6076 u=root n=ansible | TASK [openstack.kolla.baremetal : Ensure node_config_directory directory exists] ***
2023-02-27 02:02:02,322 p=6076 u=root n=ansible | ok: [localhost]
2023-02-27 02:02:02,417 p=6076 u=root n=ansible | TASK [openstack.kolla.apparmor_libvirt : include_tasks] ************************
2023-02-27 02:02:02,472 p=6076 u=root n=ansible | skipping: [localhost]
2023-02-27 02:02:02,688 p=6076 u=root n=ansible | TASK [openstack.kolla.baremetal : Change state of selinux] *********************
2023-02-27 02:02:04,698 p=6076 u=root n=ansible | ok: [localhost]
2023-02-27 02:02:04,856 p=6076 u=root n=ansible | TASK [openstack.kolla.baremetal : Set https proxy for git] *********************
2023-02-27 02:02:04,914 p=6076 u=root n=ansible | skipping: [localhost]
2023-02-27 02:02:05,059 p=6076 u=root n=ansible | TASK [openstack.kolla.baremetal : Set http proxy for git] **********************
2023-02-27 02:02:05,114 p=6076 u=root n=ansible | skipping: [localhost]
2023-02-27 02:02:05,213 p=6076 u=root n=ansible | TASK [openstack.kolla.baremetal : include_tasks] *******************************
2023-02-27 02:02:05,261 p=6076 u=root n=ansible | skipping: [localhost]
2023-02-27 02:02:05,533 p=6076 u=root n=ansible | PLAY RECAP *********************************************************************
2023-02-27 02:02:05,534 p=6076 u=root n=ansible | localhost                  : ok=17   changed=6    unreachable=0    failed=0    skipped=18   rescued=0    ignored=0   
