2023-04-04 21:13:37,427 p=5770 u=root n=ansible | [WARNING]: Invalid characters were found in group names but not replaced, use
-vvvv to see details

2023-04-04 21:13:39,241 p=5770 u=root n=ansible | PLAY [Gather facts for all hosts] **********************************************
2023-04-04 21:13:39,516 p=5770 u=root n=ansible | TASK [Gather facts] ************************************************************
2023-04-04 21:13:43,802 p=5770 u=root n=ansible | ok: [localhost]
2023-04-04 21:13:43,897 p=5770 u=root n=ansible | TASK [Group hosts to determine when using --limit] *****************************
2023-04-04 21:13:43,962 p=5770 u=root n=ansible | ok: [localhost]
2023-04-04 21:13:44,147 p=5770 u=root n=ansible | [WARNING]: Could not match supplied host pattern, ignoring:
all_using_limit_True

2023-04-04 21:13:44,156 p=5770 u=root n=ansible | PLAY [Gather facts for all hosts (if using --limit)] ***************************
2023-04-04 21:13:44,156 p=5770 u=root n=ansible | skipping: no hosts matched
2023-04-04 21:13:44,165 p=5770 u=root n=ansible | PLAY [Apply role baremetal] ****************************************************
2023-04-04 21:13:44,396 p=5770 u=root n=ansible | TASK [openstack.kolla.baremetal : Ensure localhost in /etc/hosts] **************
2023-04-04 21:13:45,307 p=5770 u=root n=ansible | changed: [localhost]
2023-04-04 21:13:45,398 p=5770 u=root n=ansible | TASK [openstack.kolla.baremetal : Ensure hostname does not point to 127.0.1.1 in /etc/hosts] ***
2023-04-04 21:13:46,130 p=5770 u=root n=ansible | ok: [localhost]
2023-04-04 21:13:46,219 p=5770 u=root n=ansible | TASK [openstack.kolla.baremetal : Generate /etc/hosts for all of the nodes] ****
2023-04-04 21:13:47,632 p=5770 u=root n=ansible | changed: [localhost]
2023-04-04 21:13:47,734 p=5770 u=root n=ansible | TASK [openstack.kolla.baremetal : Ensure unprivileged users can use ping] ******
2023-04-04 21:13:48,574 p=5770 u=root n=ansible | changed: [localhost]
2023-04-04 21:13:48,740 p=5770 u=root n=ansible | TASK [openstack.kolla.baremetal : Ensure /etc/cloud/cloud.cfg exists] **********
2023-04-04 21:13:49,775 p=5770 u=root n=ansible | ok: [localhost]
2023-04-04 21:13:49,943 p=5770 u=root n=ansible | TASK [openstack.kolla.baremetal : Disable cloud-init manage_etc_hosts] *********
2023-04-04 21:13:51,607 p=5770 u=root n=ansible | changed: [localhost]
2023-04-04 21:13:51,706 p=5770 u=root n=ansible | TASK [openstack.kolla.baremetal : Set firewall default policy] *****************
2023-04-04 21:13:51,785 p=5770 u=root n=ansible | skipping: [localhost]
2023-04-04 21:13:51,882 p=5770 u=root n=ansible | TASK [openstack.kolla.baremetal : Check if firewalld is installed] *************
2023-04-04 21:13:53,013 p=5770 u=root n=ansible | ok: [localhost]
2023-04-04 21:13:53,101 p=5770 u=root n=ansible | TASK [openstack.kolla.baremetal : Disable firewalld] ***************************
2023-04-04 21:13:53,163 p=5770 u=root n=ansible | skipping: [localhost] => (item=firewalld) 
2023-04-04 21:13:53,251 p=5770 u=root n=ansible | TASK [openstack.kolla.docker : Fail if docker_custom_option is defined] ********
2023-04-04 21:13:53,327 p=5770 u=root n=ansible | skipping: [localhost]
2023-04-04 21:13:53,425 p=5770 u=root n=ansible | TASK [openstack.kolla.docker : include_tasks] **********************************
2023-04-04 21:13:53,471 p=5770 u=root n=ansible | skipping: [localhost]
2023-04-04 21:13:53,566 p=5770 u=root n=ansible | TASK [openstack.kolla.docker : Ensure docker config directory exists] **********
2023-04-04 21:13:54,457 p=5770 u=root n=ansible | ok: [localhost]
2023-04-04 21:13:54,557 p=5770 u=root n=ansible | TASK [openstack.kolla.docker : Write docker config] ****************************
2023-04-04 21:13:55,816 p=5770 u=root n=ansible | changed: [localhost]
2023-04-04 21:13:55,932 p=5770 u=root n=ansible | TASK [openstack.kolla.docker : Remove old docker options file] *****************
2023-04-04 21:13:56,592 p=5770 u=root n=ansible | ok: [localhost]
2023-04-04 21:13:56,696 p=5770 u=root n=ansible | TASK [openstack.kolla.docker : Ensure docker service directory exists] *********
2023-04-04 21:13:56,798 p=5770 u=root n=ansible | skipping: [localhost]
2023-04-04 21:13:56,935 p=5770 u=root n=ansible | TASK [openstack.kolla.docker : Configure docker service] ***********************
2023-04-04 21:13:57,009 p=5770 u=root n=ansible | skipping: [localhost]
2023-04-04 21:13:57,135 p=5770 u=root n=ansible | TASK [openstack.kolla.docker : Ensure the path for CA file for private registry exists] ***
2023-04-04 21:13:57,189 p=5770 u=root n=ansible | skipping: [localhost]
2023-04-04 21:13:57,279 p=5770 u=root n=ansible | TASK [openstack.kolla.docker : Ensure the CA file for private registry exists] ***
2023-04-04 21:13:57,348 p=5770 u=root n=ansible | skipping: [localhost]
2023-04-04 21:13:57,440 p=5770 u=root n=ansible | TASK [openstack.kolla.docker : Flush handlers] *********************************
2023-04-04 21:13:57,441 p=5770 u=root n=ansible | RUNNING HANDLER [openstack.kolla.docker : Restart docker] **********************
2023-04-04 21:14:02,414 p=5770 u=root n=ansible | changed: [localhost]
2023-04-04 21:14:02,504 p=5770 u=root n=ansible | TASK [openstack.kolla.docker : Start and enable docker] ************************
2023-04-04 21:14:03,422 p=5770 u=root n=ansible | ok: [localhost]
2023-04-04 21:14:03,594 p=5770 u=root n=ansible | TASK [openstack.kolla.docker : include_tasks] **********************************
2023-04-04 21:14:03,668 p=5770 u=root n=ansible | skipping: [localhost]
2023-04-04 21:14:03,843 p=5770 u=root n=ansible | TASK [openstack.kolla.kolla_user : Ensure groups are present] ******************
2023-04-04 21:14:03,933 p=5770 u=root n=ansible | skipping: [localhost] => (item=docker) 
2023-04-04 21:14:03,939 p=5770 u=root n=ansible | skipping: [localhost] => (item=sudo) 
2023-04-04 21:14:03,946 p=5770 u=root n=ansible | skipping: [localhost] => (item=kolla) 
2023-04-04 21:14:04,043 p=5770 u=root n=ansible | TASK [openstack.kolla.kolla_user : Create kolla user] **************************
2023-04-04 21:14:04,110 p=5770 u=root n=ansible | skipping: [localhost]
2023-04-04 21:14:04,212 p=5770 u=root n=ansible | TASK [openstack.kolla.kolla_user : Add public key to kolla user authorized keys] ***
2023-04-04 21:14:04,257 p=5770 u=root n=ansible | skipping: [localhost]
2023-04-04 21:14:04,349 p=5770 u=root n=ansible | TASK [openstack.kolla.kolla_user : Grant kolla user passwordless sudo] *********
2023-04-04 21:14:04,397 p=5770 u=root n=ansible | skipping: [localhost]
2023-04-04 21:14:04,601 p=5770 u=root n=ansible | TASK [openstack.kolla.docker_sdk : Install latest pip in the virtualenv] *******
2023-04-04 21:14:04,662 p=5770 u=root n=ansible | skipping: [localhost]
2023-04-04 21:14:04,752 p=5770 u=root n=ansible | TASK [openstack.kolla.docker_sdk : Install docker SDK for python] **************
2023-04-04 21:14:32,027 p=5770 u=root n=ansible | ok: [localhost]
2023-04-04 21:14:32,197 p=5770 u=root n=ansible | TASK [openstack.kolla.baremetal : Ensure node_config_directory directory exists] ***
2023-04-04 21:14:32,707 p=5770 u=root n=ansible | ok: [localhost]
2023-04-04 21:14:32,797 p=5770 u=root n=ansible | TASK [openstack.kolla.apparmor_libvirt : include_tasks] ************************
2023-04-04 21:14:32,846 p=5770 u=root n=ansible | skipping: [localhost]
2023-04-04 21:14:33,050 p=5770 u=root n=ansible | TASK [openstack.kolla.baremetal : Change state of selinux] *********************
2023-04-04 21:14:34,640 p=5770 u=root n=ansible | ok: [localhost]
2023-04-04 21:14:34,748 p=5770 u=root n=ansible | TASK [openstack.kolla.baremetal : Set https proxy for git] *********************
2023-04-04 21:14:34,794 p=5770 u=root n=ansible | skipping: [localhost]
2023-04-04 21:14:34,885 p=5770 u=root n=ansible | TASK [openstack.kolla.baremetal : Set http proxy for git] **********************
2023-04-04 21:14:34,927 p=5770 u=root n=ansible | skipping: [localhost]
2023-04-04 21:14:35,016 p=5770 u=root n=ansible | TASK [openstack.kolla.baremetal : include_tasks] *******************************
2023-04-04 21:14:35,057 p=5770 u=root n=ansible | skipping: [localhost]
2023-04-04 21:14:35,301 p=5770 u=root n=ansible | PLAY RECAP *********************************************************************
2023-04-04 21:14:35,302 p=5770 u=root n=ansible | localhost                  : ok=17   changed=6    unreachable=0    failed=0    skipped=18   rescued=0    ignored=0   
