2023-02-15 15:39:40.245140 2023-02-15 15:39:40.243 40 WARNING keystone.common.rbac_enforcer.enforcer [None req-83344ab6-30ac-4dd4-8971-48ad8db40a55 48644757905049b594a1283025d13a7e - - all default -] Deprecated policy rules found. Use oslopolicy-policy-generator and oslopolicy-policy-upgrade to detect and resolve deprecated policies in your configuration.\x1b[00m
2023-02-15 15:39:41.124714 2023-02-15 15:39:41.122 38 WARNING keystone.common.rbac_enforcer.enforcer [None req-2be35c40-ce15-4f36-a200-e2f15addfb6f 48644757905049b594a1283025d13a7e - - all default -] Deprecated policy rules found. Use oslopolicy-policy-generator and oslopolicy-policy-upgrade to detect and resolve deprecated policies in your configuration.\x1b[00m
2023-02-15 15:39:48.686719 2023-02-15 15:39:48.684 39 WARNING keystone.common.rbac_enforcer.enforcer [None req-06299d0d-a2fb-4c24-a43d-df976a77d2e0 48644757905049b594a1283025d13a7e - - all default -] Deprecated policy rules found. Use oslopolicy-policy-generator and oslopolicy-policy-upgrade to detect and resolve deprecated policies in your configuration.\x1b[00m
2023-02-15 15:41:06.173157 2023-02-15 15:41:06.128 39 ERROR keystone.server.flask.application [None req-4be4b764-d819-40cb-b2ab-1fa72286e666 48644757905049b594a1283025d13a7e - - all default -] Could not find project: service.: keystone.exception.ProjectNotFound: Could not find project: service.
2023-02-15 15:41:06.173209 2023-02-15 15:41:06.128 39 ERROR keystone.server.flask.application Traceback (most recent call last):
2023-02-15 15:41:06.173232 2023-02-15 15:41:06.128 39 ERROR keystone.server.flask.application   File "/var/lib/kolla/venv/lib/python3.9/site-packages/flask/app.py", line 1820, in full_dispatch_request
2023-02-15 15:41:06.173247 2023-02-15 15:41:06.128 39 ERROR keystone.server.flask.application     rv = self.dispatch_request()
2023-02-15 15:41:06.173274 2023-02-15 15:41:06.128 39 ERROR keystone.server.flask.application   File "/var/lib/kolla/venv/lib/python3.9/site-packages/flask/app.py", line 1796, in dispatch_request
2023-02-15 15:41:06.173289 2023-02-15 15:41:06.128 39 ERROR keystone.server.flask.application     return self.ensure_sync(self.view_functions[rule.endpoint])(**view_args)
2023-02-15 15:41:06.173299 2023-02-15 15:41:06.128 39 ERROR keystone.server.flask.application   File "/var/lib/kolla/venv/lib/python3.9/site-packages/flask_restful/__init__.py", line 467, in wrapper
2023-02-15 15:41:06.173309 2023-02-15 15:41:06.128 39 ERROR keystone.server.flask.application     resp = resource(*args, **kwargs)
2023-02-15 15:41:06.173325 2023-02-15 15:41:06.128 39 ERROR keystone.server.flask.application   File "/var/lib/kolla/venv/lib/python3.9/site-packages/flask/views.py", line 107, in view
2023-02-15 15:41:06.173338 2023-02-15 15:41:06.128 39 ERROR keystone.server.flask.application     return current_app.ensure_sync(self.dispatch_request)(**kwargs)
2023-02-15 15:41:06.173348 2023-02-15 15:41:06.128 39 ERROR keystone.server.flask.application   File "/var/lib/kolla/venv/lib/python3.9/site-packages/flask_restful/__init__.py", line 582, in dispatch_request
2023-02-15 15:41:06.173358 2023-02-15 15:41:06.128 39 ERROR keystone.server.flask.application     resp = meth(*args, **kwargs)
2023-02-15 15:41:06.173368 2023-02-15 15:41:06.128 39 ERROR keystone.server.flask.application   File "/var/lib/kolla/venv/lib/python3.9/site-packages/keystone/api/projects.py", line 151, in get
2023-02-15 15:41:06.173379 2023-02-15 15:41:06.128 39 ERROR keystone.server.flask.application     return self._get_project(project_id)
2023-02-15 15:41:06.173388 2023-02-15 15:41:06.128 39 ERROR keystone.server.flask.application   File "/var/lib/kolla/venv/lib/python3.9/site-packages/keystone/api/projects.py", line 107, in _get_project
2023-02-15 15:41:06.173399 2023-02-15 15:41:06.128 39 ERROR keystone.server.flask.application     project = PROVIDERS.resource_api.get_project(project_id)
2023-02-15 15:41:06.173409 2023-02-15 15:41:06.128 39 ERROR keystone.server.flask.application   File "/var/lib/kolla/venv/lib/python3.9/site-packages/keystone/common/manager.py", line 115, in wrapped
2023-02-15 15:41:06.173437 2023-02-15 15:41:06.128 39 ERROR keystone.server.flask.application     __ret_val = __f(*args, **kwargs)
2023-02-15 15:41:06.173450 2023-02-15 15:41:06.128 39 ERROR keystone.server.flask.application   File "/var/lib/kolla/venv/lib/python3.9/site-packages/decorator.py", line 232, in fun
2023-02-15 15:41:06.173460 2023-02-15 15:41:06.128 39 ERROR keystone.server.flask.application     return caller(func, *(extras + args), **kw)
2023-02-15 15:41:06.173471 2023-02-15 15:41:06.128 39 ERROR keystone.server.flask.application   File "/var/lib/kolla/venv/lib/python3.9/site-packages/dogpile/cache/region.py", line 1577, in get_or_create_for_user_func
2023-02-15 15:41:06.173481 2023-02-15 15:41:06.128 39 ERROR keystone.server.flask.application     return self.get_or_create(
2023-02-15 15:41:06.173491 2023-02-15 15:41:06.128 39 ERROR keystone.server.flask.application   File "/var/lib/kolla/venv/lib/python3.9/site-packages/dogpile/cache/region.py", line 1042, in get_or_create
2023-02-15 15:41:06.173536 2023-02-15 15:41:06.128 39 ERROR keystone.server.flask.application     with Lock(
2023-02-15 15:41:06.173558 2023-02-15 15:41:06.128 39 ERROR keystone.server.flask.application   File "/var/lib/kolla/venv/lib/python3.9/site-packages/dogpile/lock.py", line 185, in __enter__
2023-02-15 15:41:06.173569 2023-02-15 15:41:06.128 39 ERROR keystone.server.flask.application     return self._enter()
2023-02-15 15:41:06.173579 2023-02-15 15:41:06.128 39 ERROR keystone.server.flask.application   File "/var/lib/kolla/venv/lib/python3.9/site-packages/dogpile/lock.py", line 94, in _enter
2023-02-15 15:41:06.173589 2023-02-15 15:41:06.128 39 ERROR keystone.server.flask.application     generated = self._enter_create(value, createdtime)
2023-02-15 15:41:06.173599 2023-02-15 15:41:06.128 39 ERROR keystone.server.flask.application   File "/var/lib/kolla/venv/lib/python3.9/site-packages/dogpile/lock.py", line 178, in _enter_create
2023-02-15 15:41:06.173609 2023-02-15 15:41:06.128 39 ERROR keystone.server.flask.application     return self.creator()
2023-02-15 15:41:06.173619 2023-02-15 15:41:06.128 39 ERROR keystone.server.flask.application   File "/var/lib/kolla/venv/lib/python3.9/site-packages/dogpile/cache/region.py", line 995, in gen_value
2023-02-15 15:41:06.173629 2023-02-15 15:41:06.128 39 ERROR keystone.server.flask.application     created_value = creator(
2023-02-15 15:41:06.173639 2023-02-15 15:41:06.128 39 ERROR keystone.server.flask.application   File "/var/lib/kolla/venv/lib/python3.9/site-packages/keystone/resource/core.py", line 903, in get_project
2023-02-15 15:41:06.173650 2023-02-15 15:41:06.128 39 ERROR keystone.server.flask.application     return self.driver.get_project(project_id)
2023-02-15 15:41:06.173660 2023-02-15 15:41:06.128 39 ERROR keystone.server.flask.application   File "/var/lib/kolla/venv/lib/python3.9/site-packages/keystone/resource/backends/sql.py", line 49, in get_project
2023-02-15 15:41:06.173670 2023-02-15 15:41:06.128 39 ERROR keystone.server.flask.application     return self._get_project(session, project_id).to_dict()
2023-02-15 15:41:06.173683 2023-02-15 15:41:06.128 39 ERROR keystone.server.flask.application   File "/var/lib/kolla/venv/lib/python3.9/site-packages/keystone/resource/backends/sql.py", line 44, in _get_project
2023-02-15 15:41:06.173693 2023-02-15 15:41:06.128 39 ERROR keystone.server.flask.application     raise exception.ProjectNotFound(project_id=project_id)
2023-02-15 15:41:06.173705 2023-02-15 15:41:06.128 39 ERROR keystone.server.flask.application keystone.exception.ProjectNotFound: Could not find project: service.
2023-02-15 15:41:06.173715 2023-02-15 15:41:06.128 39 ERROR keystone.server.flask.application \x1b[00m
2023-02-15 15:41:15.141617 2023-02-15 15:41:15.131 38 ERROR keystone.server.flask.application [None req-0bc69b74-6798-4df7-a45f-0d7c2814d44f 48644757905049b594a1283025d13a7e - - all default -] Could not find project: service.: keystone.exception.ProjectNotFound: Could not find project: service.
2023-02-15 15:41:15.141663 2023-02-15 15:41:15.131 38 ERROR keystone.server.flask.application Traceback (most recent call last):
2023-02-15 15:41:15.141708 2023-02-15 15:41:15.131 38 ERROR keystone.server.flask.application   File "/var/lib/kolla/venv/lib/python3.9/site-packages/flask/app.py", line 1820, in full_dispatch_request
2023-02-15 15:41:15.141721 2023-02-15 15:41:15.131 38 ERROR keystone.server.flask.application     rv = self.dispatch_request()
2023-02-15 15:41:15.141731 2023-02-15 15:41:15.131 38 ERROR keystone.server.flask.application   File "/var/lib/kolla/venv/lib/python3.9/site-packages/flask/app.py", line 1796, in dispatch_request
2023-02-15 15:41:15.141741 2023-02-15 15:41:15.131 38 ERROR keystone.server.flask.application     return self.ensure_sync(self.view_functions[rule.endpoint])(**view_args)
2023-02-15 15:41:15.141752 2023-02-15 15:41:15.131 38 ERROR keystone.server.flask.application   File "/var/lib/kolla/venv/lib/python3.9/site-packages/flask_restful/__init__.py", line 467, in wrapper
2023-02-15 15:41:15.141764 2023-02-15 15:41:15.131 38 ERROR keystone.server.flask.application     resp = resource(*args, **kwargs)
2023-02-15 15:41:15.141795 2023-02-15 15:41:15.131 38 ERROR keystone.server.flask.application   File "/var/lib/kolla/venv/lib/python3.9/site-packages/flask/views.py", line 107, in view
2023-02-15 15:41:15.141818 2023-02-15 15:41:15.131 38 ERROR keystone.server.flask.application     return current_app.ensure_sync(self.dispatch_request)(**kwargs)
2023-02-15 15:41:15.141841 2023-02-15 15:41:15.131 38 ERROR keystone.server.flask.application   File "/var/lib/kolla/venv/lib/python3.9/site-packages/flask_restful/__init__.py", line 582, in dispatch_request
2023-02-15 15:41:15.141867 2023-02-15 15:41:15.131 38 ERROR keystone.server.flask.application     resp = meth(*args, **kwargs)
2023-02-15 15:41:15.141886 2023-02-15 15:41:15.131 38 ERROR keystone.server.flask.application   File "/var/lib/kolla/venv/lib/python3.9/site-packages/keystone/api/projects.py", line 151, in get
2023-02-15 15:41:15.141908 2023-02-15 15:41:15.131 38 ERROR keystone.server.flask.application     return self._get_project(project_id)
2023-02-15 15:41:15.141929 2023-02-15 15:41:15.131 38 ERROR keystone.server.flask.application   File "/var/lib/kolla/venv/lib/python3.9/site-packages/keystone/api/projects.py", line 107, in _get_project
2023-02-15 15:41:15.141949 2023-02-15 15:41:15.131 38 ERROR keystone.server.flask.application     project = PROVIDERS.resource_api.get_project(project_id)
2023-02-15 15:41:15.141968 2023-02-15 15:41:15.131 38 ERROR keystone.server.flask.application   File "/var/lib/kolla/venv/lib/python3.9/site-packages/keystone/common/manager.py", line 115, in wrapped
2023-02-15 15:41:15.142010 2023-02-15 15:41:15.131 38 ERROR keystone.server.flask.application     __ret_val = __f(*args, **kwargs)
2023-02-15 15:41:15.142034 2023-02-15 15:41:15.131 38 ERROR keystone.server.flask.application   File "/var/lib/kolla/venv/lib/python3.9/site-packages/decorator.py", line 232, in fun
2023-02-15 15:41:15.142053 2023-02-15 15:41:15.131 38 ERROR keystone.server.flask.application     return caller(func, *(extras + args), **kw)
2023-02-15 15:41:15.142067 2023-02-15 15:41:15.131 38 ERROR keystone.server.flask.application   File "/var/lib/kolla/venv/lib/python3.9/site-packages/dogpile/cache/region.py", line 1577, in get_or_create_for_user_func
2023-02-15 15:41:15.142078 2023-02-15 15:41:15.131 38 ERROR keystone.server.flask.application     return self.get_or_create(
2023-02-15 15:41:15.142088 2023-02-15 15:41:15.131 38 ERROR keystone.server.flask.application   File "/var/lib/kolla/venv/lib/python3.9/site-packages/dogpile/cache/region.py", line 1042, in get_or_create
2023-02-15 15:41:15.142098 2023-02-15 15:41:15.131 38 ERROR keystone.server.flask.application     with Lock(
2023-02-15 15:41:15.142107 2023-02-15 15:41:15.131 38 ERROR keystone.server.flask.application   File "/var/lib/kolla/venv/lib/python3.9/site-packages/dogpile/lock.py", line 185, in __enter__
2023-02-15 15:41:15.142117 2023-02-15 15:41:15.131 38 ERROR keystone.server.flask.application     return self._enter()
2023-02-15 15:41:15.142142 2023-02-15 15:41:15.131 38 ERROR keystone.server.flask.application   File "/var/lib/kolla/venv/lib/python3.9/site-packages/dogpile/lock.py", line 94, in _enter
2023-02-15 15:41:15.142153 2023-02-15 15:41:15.131 38 ERROR keystone.server.flask.application     generated = self._enter_create(value, createdtime)
2023-02-15 15:41:15.142163 2023-02-15 15:41:15.131 38 ERROR keystone.server.flask.application   File "/var/lib/kolla/venv/lib/python3.9/site-packages/dogpile/lock.py", line 178, in _enter_create
2023-02-15 15:41:15.142173 2023-02-15 15:41:15.131 38 ERROR keystone.server.flask.application     return self.creator()
2023-02-15 15:41:15.142183 2023-02-15 15:41:15.131 38 ERROR keystone.server.flask.application   File "/var/lib/kolla/venv/lib/python3.9/site-packages/dogpile/cache/region.py", line 995, in gen_value
2023-02-15 15:41:15.142193 2023-02-15 15:41:15.131 38 ERROR keystone.server.flask.application     created_value = creator(
2023-02-15 15:41:15.142203 2023-02-15 15:41:15.131 38 ERROR keystone.server.flask.application   File "/var/lib/kolla/venv/lib/python3.9/site-packages/keystone/resource/core.py", line 903, in get_project
2023-02-15 15:41:15.142213 2023-02-15 15:41:15.131 38 ERROR keystone.server.flask.application     return self.driver.get_project(project_id)
2023-02-15 15:41:15.142223 2023-02-15 15:41:15.131 38 ERROR keystone.server.flask.application   File "/var/lib/kolla/venv/lib/python3.9/site-packages/keystone/resource/backends/sql.py", line 49, in get_project
2023-02-15 15:41:15.142234 2023-02-15 15:41:15.131 38 ERROR keystone.server.flask.application     return self._get_project(session, project_id).to_dict()
2023-02-15 15:41:15.142248 2023-02-15 15:41:15.131 38 ERROR keystone.server.flask.application   File "/var/lib/kolla/venv/lib/python3.9/site-packages/keystone/resource/backends/sql.py", line 44, in _get_project
2023-02-15 15:41:15.142258 2023-02-15 15:41:15.131 38 ERROR keystone.server.flask.application     raise exception.ProjectNotFound(project_id=project_id)
2023-02-15 15:41:15.142268 2023-02-15 15:41:15.131 38 ERROR keystone.server.flask.application keystone.exception.ProjectNotFound: Could not find project: service.
2023-02-15 15:41:15.142278 2023-02-15 15:41:15.131 38 ERROR keystone.server.flask.application \x1b[00m
2023-02-15 15:41:30.523286 2023-02-15 15:41:30.516 38 ERROR keystone.server.flask.application [None req-05ab4166-8bf4-47af-94a7-4c4ae51fb7c3 48644757905049b594a1283025d13a7e - - all default -] Could not find role: admin.: keystone.exception.RoleNotFound: Could not find role: admin.
2023-02-15 15:41:30.523375 2023-02-15 15:41:30.516 38 ERROR keystone.server.flask.application Traceback (most recent call last):
2023-02-15 15:41:30.523390 2023-02-15 15:41:30.516 38 ERROR keystone.server.flask.application   File "/var/lib/kolla/venv/lib/python3.9/site-packages/flask/app.py", line 1820, in full_dispatch_request
2023-02-15 15:41:30.523401 2023-02-15 15:41:30.516 38 ERROR keystone.server.flask.application     rv = self.dispatch_request()
2023-02-15 15:41:30.523411 2023-02-15 15:41:30.516 38 ERROR keystone.server.flask.application   File "/var/lib/kolla/venv/lib/python3.9/site-packages/flask/app.py", line 1796, in dispatch_request
2023-02-15 15:41:30.523422 2023-02-15 15:41:30.516 38 ERROR keystone.server.flask.application     return self.ensure_sync(self.view_functions[rule.endpoint])(**view_args)
2023-02-15 15:41:30.523432 2023-02-15 15:41:30.516 38 ERROR keystone.server.flask.application   File "/var/lib/kolla/venv/lib/python3.9/site-packages/flask_restful/__init__.py", line 467, in wrapper
2023-02-15 15:41:30.523443 2023-02-15 15:41:30.516 38 ERROR keystone.server.flask.application     resp = resource(*args, **kwargs)
2023-02-15 15:41:30.523489 2023-02-15 15:41:30.516 38 ERROR keystone.server.flask.application   File "/var/lib/kolla/venv/lib/python3.9/site-packages/flask/views.py", line 107, in view
2023-02-15 15:41:30.523525 2023-02-15 15:41:30.516 38 ERROR keystone.server.flask.application     return current_app.ensure_sync(self.dispatch_request)(**kwargs)
2023-02-15 15:41:30.523541 2023-02-15 15:41:30.516 38 ERROR keystone.server.flask.application   File "/var/lib/kolla/venv/lib/python3.9/site-packages/flask_restful/__init__.py", line 582, in dispatch_request
2023-02-15 15:41:30.523574 2023-02-15 15:41:30.516 38 ERROR keystone.server.flask.application     resp = meth(*args, **kwargs)
2023-02-15 15:41:30.523586 2023-02-15 15:41:30.516 38 ERROR keystone.server.flask.application   File "/var/lib/kolla/venv/lib/python3.9/site-packages/keystone/api/roles.py", line 50, in get
2023-02-15 15:41:30.523597 2023-02-15 15:41:30.516 38 ERROR keystone.server.flask.application     return self._get_role(role_id)
2023-02-15 15:41:30.523607 2023-02-15 15:41:30.516 38 ERROR keystone.server.flask.application   File "/var/lib/kolla/venv/lib/python3.9/site-packages/keystone/api/roles.py", line 70, in _get_role
2023-02-15 15:41:30.523617 2023-02-15 15:41:30.516 38 ERROR keystone.server.flask.application     ENFORCER.enforce_call(action='identity:get_role')
2023-02-15 15:41:30.523628 2023-02-15 15:41:30.516 38 ERROR keystone.server.flask.application   File "/var/lib/kolla/venv/lib/python3.9/site-packages/keystone/common/rbac_enforcer/enforcer.py", line 402, in enforce_call
2023-02-15 15:41:30.523638 2023-02-15 15:41:30.516 38 ERROR keystone.server.flask.application     policy_dict.update(cls._extract_member_target_data(
2023-02-15 15:41:30.523657 2023-02-15 15:41:30.516 38 ERROR keystone.server.flask.application   File "/var/lib/kolla/venv/lib/python3.9/site-packages/keystone/common/rbac_enforcer/enforcer.py", line 234, in _extract_member_target_data
2023-02-15 15:41:30.523671 2023-02-15 15:41:30.516 38 ERROR keystone.server.flask.application     member_name: func(flask.request.view_args[key])
2023-02-15 15:41:30.523681 2023-02-15 15:41:30.516 38 ERROR keystone.server.flask.application   File "/var/lib/kolla/venv/lib/python3.9/site-packages/keystone/common/manager.py", line 115, in wrapped
2023-02-15 15:41:30.523691 2023-02-15 15:41:30.516 38 ERROR keystone.server.flask.application     __ret_val = __f(*args, **kwargs)
2023-02-15 15:41:30.523701 2023-02-15 15:41:30.516 38 ERROR keystone.server.flask.application   File "/var/lib/kolla/venv/lib/python3.9/site-packages/decorator.py", line 232, in fun
2023-02-15 15:41:30.523711 2023-02-15 15:41:30.516 38 ERROR keystone.server.flask.application     return caller(func, *(extras + args), **kw)
2023-02-15 15:41:30.523721 2023-02-15 15:41:30.516 38 ERROR keystone.server.flask.application   File "/var/lib/kolla/venv/lib/python3.9/site-packages/dogpile/cache/region.py", line 1577, in get_or_create_for_user_func
2023-02-15 15:41:30.523731 2023-02-15 15:41:30.516 38 ERROR keystone.server.flask.application     return self.get_or_create(
2023-02-15 15:41:30.523741 2023-02-15 15:41:30.516 38 ERROR keystone.server.flask.application   File "/var/lib/kolla/venv/lib/python3.9/site-packages/dogpile/cache/region.py", line 1042, in get_or_create
2023-02-15 15:41:30.523751 2023-02-15 15:41:30.516 38 ERROR keystone.server.flask.application     with Lock(
2023-02-15 15:41:30.523761 2023-02-15 15:41:30.516 38 ERROR keystone.server.flask.application   File "/var/lib/kolla/venv/lib/python3.9/site-packages/dogpile/lock.py", line 185, in __enter__
2023-02-15 15:41:30.523771 2023-02-15 15:41:30.516 38 ERROR keystone.server.flask.application     return self._enter()
2023-02-15 15:41:30.523781 2023-02-15 15:41:30.516 38 ERROR keystone.server.flask.application   File "/var/lib/kolla/venv/lib/python3.9/site-packages/dogpile/lock.py", line 94, in _enter
2023-02-15 15:41:30.523791 2023-02-15 15:41:30.516 38 ERROR keystone.server.flask.application     generated = self._enter_create(value, createdtime)
2023-02-15 15:41:30.523801 2023-02-15 15:41:30.516 38 ERROR keystone.server.flask.application   File "/var/lib/kolla/venv/lib/python3.9/site-packages/dogpile/lock.py", line 178, in _enter_create
2023-02-15 15:41:30.523811 2023-02-15 15:41:30.516 38 ERROR keystone.server.flask.application     return self.creator()
2023-02-15 15:41:30.523821 2023-02-15 15:41:30.516 38 ERROR keystone.server.flask.application   File "/var/lib/kolla/venv/lib/python3.9/site-packages/dogpile/cache/region.py", line 995, in gen_value
2023-02-15 15:41:30.523854 2023-02-15 15:41:30.516 38 ERROR keystone.server.flask.application     created_value = creator(
2023-02-15 15:41:30.523866 2023-02-15 15:41:30.516 38 ERROR keystone.server.flask.application   File "/var/lib/kolla/venv/lib/python3.9/site-packages/keystone/assignment/core.py", line 1276, in get_role
2023-02-15 15:41:30.523877 2023-02-15 15:41:30.516 38 ERROR keystone.server.flask.application     return self.driver.get_role(role_id)
2023-02-15 15:41:30.523887 2023-02-15 15:41:30.516 38 ERROR keystone.server.flask.application   File "/var/lib/kolla/venv/lib/python3.9/site-packages/keystone/assignment/role_backends/sql.py", line 70, in get_role
2023-02-15 15:41:30.523897 2023-02-15 15:41:30.516 38 ERROR keystone.server.flask.application     return self._get_role(session, role_id).to_dict()
2023-02-15 15:41:30.523907 2023-02-15 15:41:30.516 38 ERROR keystone.server.flask.application   File "/var/lib/kolla/venv/lib/python3.9/site-packages/keystone/assignment/role_backends/sql.py", line 65, in _get_role
2023-02-15 15:41:30.523918 2023-02-15 15:41:30.516 38 ERROR keystone.server.flask.application     raise exception.RoleNotFound(role_id=role_id)
2023-02-15 15:41:30.523928 2023-02-15 15:41:30.516 38 ERROR keystone.server.flask.application keystone.exception.RoleNotFound: Could not find role: admin.
2023-02-15 15:41:30.523938 2023-02-15 15:41:30.516 38 ERROR keystone.server.flask.application \x1b[00m
2023-02-15 15:41:32.114348 2023-02-15 15:41:32.107 38 ERROR keystone.server.flask.application [None req-2b6fede6-35c3-49a3-8316-e4c11cdf8211 48644757905049b594a1283025d13a7e - - all default -] Could not find user: ironic.: keystone.exception.UserNotFound: Could not find user: ironic.
2023-02-15 15:41:32.114389 2023-02-15 15:41:32.107 38 ERROR keystone.server.flask.application Traceback (most recent call last):
2023-02-15 15:41:32.114401 2023-02-15 15:41:32.107 38 ERROR keystone.server.flask.application   File "/var/lib/kolla/venv/lib/python3.9/site-packages/flask/app.py", line 1820, in full_dispatch_request
2023-02-15 15:41:32.114412 2023-02-15 15:41:32.107 38 ERROR keystone.server.flask.application     rv = self.dispatch_request()
2023-02-15 15:41:32.114422 2023-02-15 15:41:32.107 38 ERROR keystone.server.flask.application   File "/var/lib/kolla/venv/lib/python3.9/site-packages/flask/app.py", line 1796, in dispatch_request
2023-02-15 15:41:32.114432 2023-02-15 15:41:32.107 38 ERROR keystone.server.flask.application     return self.ensure_sync(self.view_functions[rule.endpoint])(**view_args)
2023-02-15 15:41:32.114443 2023-02-15 15:41:32.107 38 ERROR keystone.server.flask.application   File "/var/lib/kolla/venv/lib/python3.9/site-packages/flask_restful/__init__.py", line 467, in wrapper
2023-02-15 15:41:32.114453 2023-02-15 15:41:32.107 38 ERROR keystone.server.flask.application     resp = resource(*args, **kwargs)
2023-02-15 15:41:32.114463 2023-02-15 15:41:32.107 38 ERROR keystone.server.flask.application   File "/var/lib/kolla/venv/lib/python3.9/site-packages/flask/views.py", line 107, in view
2023-02-15 15:41:32.114474 2023-02-15 15:41:32.107 38 ERROR keystone.server.flask.application     return current_app.ensure_sync(self.dispatch_request)(**kwargs)
2023-02-15 15:41:32.114484 2023-02-15 15:41:32.107 38 ERROR keystone.server.flask.application   File "/var/lib/kolla/venv/lib/python3.9/site-packages/flask_restful/__init__.py", line 582, in dispatch_request
2023-02-15 15:41:32.114494 2023-02-15 15:41:32.107 38 ERROR keystone.server.flask.application     resp = meth(*args, **kwargs)
2023-02-15 15:41:32.114546 2023-02-15 15:41:32.107 38 ERROR keystone.server.flask.application   File "/var/lib/kolla/venv/lib/python3.9/site-packages/keystone/api/users.py", line 182, in get
2023-02-15 15:41:32.114641 2023-02-15 15:41:32.107 38 ERROR keystone.server.flask.application     return self._get_user(user_id)
2023-02-15 15:41:32.114653 2023-02-15 15:41:32.107 38 ERROR keystone.server.flask.application   File "/var/lib/kolla/venv/lib/python3.9/site-packages/keystone/api/users.py", line 194, in _get_user
2023-02-15 15:41:32.114688 2023-02-15 15:41:32.107 38 ERROR keystone.server.flask.application     ref = PROVIDERS.identity_api.get_user(user_id)
2023-02-15 15:41:32.114700 2023-02-15 15:41:32.107 38 ERROR keystone.server.flask.application   File "/var/lib/kolla/venv/lib/python3.9/site-packages/keystone/common/manager.py", line 115, in wrapped
2023-02-15 15:41:32.114711 2023-02-15 15:41:32.107 38 ERROR keystone.server.flask.application     __ret_val = __f(*args, **kwargs)
2023-02-15 15:41:32.114721 2023-02-15 15:41:32.107 38 ERROR keystone.server.flask.application   File "/var/lib/kolla/venv/lib/python3.9/site-packages/keystone/identity/core.py", line 414, in wrapper
2023-02-15 15:41:32.114731 2023-02-15 15:41:32.107 38 ERROR keystone.server.flask.application     return f(self, *args, **kwargs)
2023-02-15 15:41:32.114741 2023-02-15 15:41:32.107 38 ERROR keystone.server.flask.application   File "/var/lib/kolla/venv/lib/python3.9/site-packages/keystone/identity/core.py", line 424, in wrapper
2023-02-15 15:41:32.114758 2023-02-15 15:41:32.107 38 ERROR keystone.server.flask.application     return f(self, *args, **kwargs)
2023-02-15 15:41:32.114771 2023-02-15 15:41:32.107 38 ERROR keystone.server.flask.application   File "/var/lib/kolla/venv/lib/python3.9/site-packages/decorator.py", line 232, in fun
2023-02-15 15:41:32.114790 2023-02-15 15:41:32.107 38 ERROR keystone.server.flask.application     return caller(func, *(extras + args), **kw)
2023-02-15 15:41:32.114819 2023-02-15 15:41:32.107 38 ERROR keystone.server.flask.application   File "/var/lib/kolla/venv/lib/python3.9/site-packages/dogpile/cache/region.py", line 1577, in get_or_create_for_user_func
2023-02-15 15:41:32.114830 2023-02-15 15:41:32.107 38 ERROR keystone.server.flask.application     return self.get_or_create(
2023-02-15 15:41:32.114840 2023-02-15 15:41:32.107 38 ERROR keystone.server.flask.application   File "/var/lib/kolla/venv/lib/python3.9/site-packages/dogpile/cache/region.py", line 1042, in get_or_create
2023-02-15 15:41:32.114850 2023-02-15 15:41:32.107 38 ERROR keystone.server.flask.application     with Lock(
2023-02-15 15:41:32.114860 2023-02-15 15:41:32.107 38 ERROR keystone.server.flask.application   File "/var/lib/kolla/venv/lib/python3.9/site-packages/dogpile/lock.py", line 185, in __enter__
2023-02-15 15:41:32.114870 2023-02-15 15:41:32.107 38 ERROR keystone.server.flask.application     return self._enter()
2023-02-15 15:41:32.114880 2023-02-15 15:41:32.107 38 ERROR keystone.server.flask.application   File "/var/lib/kolla/venv/lib/python3.9/site-packages/dogpile/lock.py", line 94, in _enter
2023-02-15 15:41:32.114890 2023-02-15 15:41:32.107 38 ERROR keystone.server.flask.application     generated = self._enter_create(value, createdtime)
2023-02-15 15:41:32.114900 2023-02-15 15:41:32.107 38 ERROR keystone.server.flask.application   File "/var/lib/kolla/venv/lib/python3.9/site-packages/dogpile/lock.py", line 178, in _enter_create
2023-02-15 15:41:32.114910 2023-02-15 15:41:32.107 38 ERROR keystone.server.flask.application     return self.creator()
2023-02-15 15:41:32.114921 2023-02-15 15:41:32.107 38 ERROR keystone.server.flask.application   File "/var/lib/kolla/venv/lib/python3.9/site-packages/dogpile/cache/region.py", line 995, in gen_value
2023-02-15 15:41:32.114932 2023-02-15 15:41:32.107 38 ERROR keystone.server.flask.application     created_value = creator(
2023-02-15 15:41:32.114945 2023-02-15 15:41:32.107 38 ERROR keystone.server.flask.application   File "/var/lib/kolla/venv/lib/python3.9/site-packages/keystone/identity/core.py", line 1011, in get_user
2023-02-15 15:41:32.114956 2023-02-15 15:41:32.107 38 ERROR keystone.server.flask.application     ref = driver.get_user(entity_id)
2023-02-15 15:41:32.114966 2023-02-15 15:41:32.107 38 ERROR keystone.server.flask.application   File "/var/lib/kolla/venv/lib/python3.9/site-packages/keystone/identity/backends/sql.py", line 200, in get_user
2023-02-15 15:41:32.114980 2023-02-15 15:41:32.107 38 ERROR keystone.server.flask.application     self._get_user(session, user_id).to_dict())
2023-02-15 15:41:32.115057 2023-02-15 15:41:32.107 38 ERROR keystone.server.flask.application   File "/var/lib/kolla/venv/lib/python3.9/site-packages/keystone/identity/backends/sql.py", line 194, in _get_user
2023-02-15 15:41:32.115070 2023-02-15 15:41:32.107 38 ERROR keystone.server.flask.application     raise exception.UserNotFound(user_id=user_id)
2023-02-15 15:41:32.115080 2023-02-15 15:41:32.107 38 ERROR keystone.server.flask.application keystone.exception.UserNotFound: Could not find user: ironic.
2023-02-15 15:41:32.115090 2023-02-15 15:41:32.107 38 ERROR keystone.server.flask.application \x1b[00m
2023-02-15 15:41:32.947940 2023-02-15 15:41:32.936 40 ERROR keystone.server.flask.application [None req-8fef49d1-e09d-4855-a033-4ddb63ea410b 48644757905049b594a1283025d13a7e - - all default -] Could not find project: service.: keystone.exception.ProjectNotFound: Could not find project: service.
2023-02-15 15:41:32.948074 2023-02-15 15:41:32.936 40 ERROR keystone.server.flask.application Traceback (most recent call last):
2023-02-15 15:41:32.948088 2023-02-15 15:41:32.936 40 ERROR keystone.server.flask.application   File "/var/lib/kolla/venv/lib/python3.9/site-packages/flask/app.py", line 1820, in full_dispatch_request
2023-02-15 15:41:32.948099 2023-02-15 15:41:32.936 40 ERROR keystone.server.flask.application     rv = self.dispatch_request()
2023-02-15 15:41:32.948109 2023-02-15 15:41:32.936 40 ERROR keystone.server.flask.application   File "/var/lib/kolla/venv/lib/python3.9/site-packages/flask/app.py", line 1796, in dispatch_request
2023-02-15 15:41:32.948119 2023-02-15 15:41:32.936 40 ERROR keystone.server.flask.application     return self.ensure_sync(self.view_functions[rule.endpoint])(**view_args)
2023-02-15 15:41:32.948129 2023-02-15 15:41:32.936 40 ERROR keystone.server.flask.application   File "/var/lib/kolla/venv/lib/python3.9/site-packages/flask_restful/__init__.py", line 467, in wrapper
2023-02-15 15:41:32.948139 2023-02-15 15:41:32.936 40 ERROR keystone.server.flask.application     resp = resource(*args, **kwargs)
2023-02-15 15:41:32.948156 2023-02-15 15:41:32.936 40 ERROR keystone.server.flask.application   File "/var/lib/kolla/venv/lib/python3.9/site-packages/flask/views.py", line 107, in view
2023-02-15 15:41:32.948169 2023-02-15 15:41:32.936 40 ERROR keystone.server.flask.application     return current_app.ensure_sync(self.dispatch_request)(**kwargs)
2023-02-15 15:41:32.948179 2023-02-15 15:41:32.936 40 ERROR keystone.server.flask.application   File "/var/lib/kolla/venv/lib/python3.9/site-packages/flask_restful/__init__.py", line 582, in dispatch_request
2023-02-15 15:41:32.948189 2023-02-15 15:41:32.936 40 ERROR keystone.server.flask.application     resp = meth(*args, **kwargs)
2023-02-15 15:41:32.948199 2023-02-15 15:41:32.936 40 ERROR keystone.server.flask.application   File "/var/lib/kolla/venv/lib/python3.9/site-packages/keystone/api/projects.py", line 151, in get
2023-02-15 15:41:32.948209 2023-02-15 15:41:32.936 40 ERROR keystone.server.flask.application     return self._get_project(project_id)
2023-02-15 15:41:32.948219 2023-02-15 15:41:32.936 40 ERROR keystone.server.flask.application   File "/var/lib/kolla/venv/lib/python3.9/site-packages/keystone/api/projects.py", line 107, in _get_project
2023-02-15 15:41:32.948229 2023-02-15 15:41:32.936 40 ERROR keystone.server.flask.application     project = PROVIDERS.resource_api.get_project(project_id)
2023-02-15 15:41:32.948239 2023-02-15 15:41:32.936 40 ERROR keystone.server.flask.application   File "/var/lib/kolla/venv/lib/python3.9/site-packages/keystone/common/manager.py", line 115, in wrapped
2023-02-15 15:41:32.948249 2023-02-15 15:41:32.936 40 ERROR keystone.server.flask.application     __ret_val = __f(*args, **kwargs)
2023-02-15 15:41:32.948259 2023-02-15 15:41:32.936 40 ERROR keystone.server.flask.application   File "/var/lib/kolla/venv/lib/python3.9/site-packages/decorator.py", line 232, in fun
2023-02-15 15:41:32.948269 2023-02-15 15:41:32.936 40 ERROR keystone.server.flask.application     return caller(func, *(extras + args), **kw)
2023-02-15 15:41:32.948322 2023-02-15 15:41:32.936 40 ERROR keystone.server.flask.application   File "/var/lib/kolla/venv/lib/python3.9/site-packages/dogpile/cache/region.py", line 1577, in get_or_create_for_user_func
2023-02-15 15:41:32.948336 2023-02-15 15:41:32.936 40 ERROR keystone.server.flask.application     return self.get_or_create(
2023-02-15 15:41:32.948346 2023-02-15 15:41:32.936 40 ERROR keystone.server.flask.application   File "/var/lib/kolla/venv/lib/python3.9/site-packages/dogpile/cache/region.py", line 1042, in get_or_create
2023-02-15 15:41:32.948357 2023-02-15 15:41:32.936 40 ERROR keystone.server.flask.application     with Lock(
2023-02-15 15:41:32.948366 2023-02-15 15:41:32.936 40 ERROR keystone.server.flask.application   File "/var/lib/kolla/venv/lib/python3.9/site-packages/dogpile/lock.py", line 185, in __enter__
2023-02-15 15:41:32.948376 2023-02-15 15:41:32.936 40 ERROR keystone.server.flask.application     return self._enter()
2023-02-15 15:41:32.948386 2023-02-15 15:41:32.936 40 ERROR keystone.server.flask.application   File "/var/lib/kolla/venv/lib/python3.9/site-packages/dogpile/lock.py", line 94, in _enter
2023-02-15 15:41:32.948396 2023-02-15 15:41:32.936 40 ERROR keystone.server.flask.application     generated = self._enter_create(value, createdtime)
2023-02-15 15:41:32.948406 2023-02-15 15:41:32.936 40 ERROR keystone.server.flask.application   File "/var/lib/kolla/venv/lib/python3.9/site-packages/dogpile/lock.py", line 178, in _enter_create
2023-02-15 15:41:32.948416 2023-02-15 15:41:32.936 40 ERROR keystone.server.flask.application     return self.creator()
2023-02-15 15:41:32.948426 2023-02-15 15:41:32.936 40 ERROR keystone.server.flask.application   File "/var/lib/kolla/venv/lib/python3.9/site-packages/dogpile/cache/region.py", line 995, in gen_value
2023-02-15 15:41:32.948436 2023-02-15 15:41:32.936 40 ERROR keystone.server.flask.application     created_value = creator(
2023-02-15 15:41:32.948445 2023-02-15 15:41:32.936 40 ERROR keystone.server.flask.application   File "/var/lib/kolla/venv/lib/python3.9/site-packages/keystone/resource/core.py", line 903, in get_project
2023-02-15 15:41:32.948455 2023-02-15 15:41:32.936 40 ERROR keystone.server.flask.application     return self.driver.get_project(project_id)
2023-02-15 15:41:32.948465 2023-02-15 15:41:32.936 40 ERROR keystone.server.flask.application   File "/var/lib/kolla/venv/lib/python3.9/site-packages/keystone/resource/backends/sql.py", line 49, in get_project
2023-02-15 15:41:32.948483 2023-02-15 15:41:32.936 40 ERROR keystone.server.flask.application     return self._get_project(session, project_id).to_dict()
2023-02-15 15:41:32.948592 2023-02-15 15:41:32.936 40 ERROR keystone.server.flask.application   File "/var/lib/kolla/venv/lib/python3.9/site-packages/keystone/resource/backends/sql.py", line 44, in _get_project
2023-02-15 15:41:32.948613 2023-02-15 15:41:32.936 40 ERROR keystone.server.flask.application     raise exception.ProjectNotFound(project_id=project_id)
2023-02-15 15:41:32.948629 2023-02-15 15:41:32.936 40 ERROR keystone.server.flask.application keystone.exception.ProjectNotFound: Could not find project: service.
2023-02-15 15:41:32.948659 2023-02-15 15:41:32.936 40 ERROR keystone.server.flask.application \x1b[00m
2023-02-15 15:41:43.228864 2023-02-15 15:41:43.220 39 ERROR keystone.server.flask.application [None req-ae671eba-5683-4655-b31a-96249ae864fd 48644757905049b594a1283025d13a7e - - all default -] Could not find role: admin.: keystone.exception.RoleNotFound: Could not find role: admin.
2023-02-15 15:41:43.228981 2023-02-15 15:41:43.220 39 ERROR keystone.server.flask.application Traceback (most recent call last):
2023-02-15 15:41:43.229024 2023-02-15 15:41:43.220 39 ERROR keystone.server.flask.application   File "/var/lib/kolla/venv/lib/python3.9/site-packages/flask/app.py", line 1820, in full_dispatch_request
2023-02-15 15:41:43.229054 2023-02-15 15:41:43.220 39 ERROR keystone.server.flask.application     rv = self.dispatch_request()
2023-02-15 15:41:43.229065 2023-02-15 15:41:43.220 39 ERROR keystone.server.flask.application   File "/var/lib/kolla/venv/lib/python3.9/site-packages/flask/app.py", line 1796, in dispatch_request
2023-02-15 15:41:43.229110 2023-02-15 15:41:43.220 39 ERROR keystone.server.flask.application     return self.ensure_sync(self.view_functions[rule.endpoint])(**view_args)
2023-02-15 15:41:43.229122 2023-02-15 15:41:43.220 39 ERROR keystone.server.flask.application   File "/var/lib/kolla/venv/lib/python3.9/site-packages/flask_restful/__init__.py", line 467, in wrapper
2023-02-15 15:41:43.229132 2023-02-15 15:41:43.220 39 ERROR keystone.server.flask.application     resp = resource(*args, **kwargs)
2023-02-15 15:41:43.229150 2023-02-15 15:41:43.220 39 ERROR keystone.server.flask.application   File "/var/lib/kolla/venv/lib/python3.9/site-packages/flask/views.py", line 107, in view
2023-02-15 15:41:43.229164 2023-02-15 15:41:43.220 39 ERROR keystone.server.flask.application     return current_app.ensure_sync(self.dispatch_request)(**kwargs)
2023-02-15 15:41:43.229175 2023-02-15 15:41:43.220 39 ERROR keystone.server.flask.application   File "/var/lib/kolla/venv/lib/python3.9/site-packages/flask_restful/__init__.py", line 582, in dispatch_request
2023-02-15 15:41:43.229185 2023-02-15 15:41:43.220 39 ERROR keystone.server.flask.application     resp = meth(*args, **kwargs)
2023-02-15 15:41:43.229194 2023-02-15 15:41:43.220 39 ERROR keystone.server.flask.application   File "/var/lib/kolla/venv/lib/python3.9/site-packages/keystone/api/roles.py", line 50, in get
2023-02-15 15:41:43.229204 2023-02-15 15:41:43.220 39 ERROR keystone.server.flask.application     return self._get_role(role_id)
2023-02-15 15:41:43.229214 2023-02-15 15:41:43.220 39 ERROR keystone.server.flask.application   File "/var/lib/kolla/venv/lib/python3.9/site-packages/keystone/api/roles.py", line 70, in _get_role
2023-02-15 15:41:43.229226 2023-02-15 15:41:43.220 39 ERROR keystone.server.flask.application     ENFORCER.enforce_call(action='identity:get_role')
2023-02-15 15:41:43.229247 2023-02-15 15:41:43.220 39 ERROR keystone.server.flask.application   File "/var/lib/kolla/venv/lib/python3.9/site-packages/keystone/common/rbac_enforcer/enforcer.py", line 402, in enforce_call
2023-02-15 15:41:43.229257 2023-02-15 15:41:43.220 39 ERROR keystone.server.flask.application     policy_dict.update(cls._extract_member_target_data(
2023-02-15 15:41:43.229274 2023-02-15 15:41:43.220 39 ERROR keystone.server.flask.application   File "/var/lib/kolla/venv/lib/python3.9/site-packages/keystone/common/rbac_enforcer/enforcer.py", line 234, in _extract_member_target_data
2023-02-15 15:41:43.229288 2023-02-15 15:41:43.220 39 ERROR keystone.server.flask.application     member_name: func(flask.request.view_args[key])
2023-02-15 15:41:43.229297 2023-02-15 15:41:43.220 39 ERROR keystone.server.flask.application   File "/var/lib/kolla/venv/lib/python3.9/site-packages/keystone/common/manager.py", line 115, in wrapped
2023-02-15 15:41:43.229307 2023-02-15 15:41:43.220 39 ERROR keystone.server.flask.application     __ret_val = __f(*args, **kwargs)
2023-02-15 15:41:43.229317 2023-02-15 15:41:43.220 39 ERROR keystone.server.flask.application   File "/var/lib/kolla/venv/lib/python3.9/site-packages/decorator.py", line 232, in fun
2023-02-15 15:41:43.229327 2023-02-15 15:41:43.220 39 ERROR keystone.server.flask.application     return caller(func, *(extras + args), **kw)
2023-02-15 15:41:43.229337 2023-02-15 15:41:43.220 39 ERROR keystone.server.flask.application   File "/var/lib/kolla/venv/lib/python3.9/site-packages/dogpile/cache/region.py", line 1577, in get_or_create_for_user_func
2023-02-15 15:41:43.229347 2023-02-15 15:41:43.220 39 ERROR keystone.server.flask.application     return self.get_or_create(
2023-02-15 15:41:43.229357 2023-02-15 15:41:43.220 39 ERROR keystone.server.flask.application   File "/var/lib/kolla/venv/lib/python3.9/site-packages/dogpile/cache/region.py", line 1042, in get_or_create
2023-02-15 15:41:43.229375 2023-02-15 15:41:43.220 39 ERROR keystone.server.flask.application     with Lock(
2023-02-15 15:41:43.229408 2023-02-15 15:41:43.220 39 ERROR keystone.server.flask.application   File "/var/lib/kolla/venv/lib/python3.9/site-packages/dogpile/lock.py", line 185, in __enter__
2023-02-15 15:41:43.229419 2023-02-15 15:41:43.220 39 ERROR keystone.server.flask.application     return self._enter()
2023-02-15 15:41:43.229429 2023-02-15 15:41:43.220 39 ERROR keystone.server.flask.application   File "/var/lib/kolla/venv/lib/python3.9/site-packages/dogpile/lock.py", line 94, in _enter
2023-02-15 15:41:43.229439 2023-02-15 15:41:43.220 39 ERROR keystone.server.flask.application     generated = self._enter_create(value, createdtime)
2023-02-15 15:41:43.229449 2023-02-15 15:41:43.220 39 ERROR keystone.server.flask.application   File "/var/lib/kolla/venv/lib/python3.9/site-packages/dogpile/lock.py", line 178, in _enter_create
2023-02-15 15:41:43.229459 2023-02-15 15:41:43.220 39 ERROR keystone.server.flask.application     return self.creator()
2023-02-15 15:41:43.229469 2023-02-15 15:41:43.220 39 ERROR keystone.server.flask.application   File "/var/lib/kolla/venv/lib/python3.9/site-packages/dogpile/cache/region.py", line 995, in gen_value
2023-02-15 15:41:43.229479 2023-02-15 15:41:43.220 39 ERROR keystone.server.flask.application     created_value = creator(
2023-02-15 15:41:43.229489 2023-02-15 15:41:43.220 39 ERROR keystone.server.flask.application   File "/var/lib/kolla/venv/lib/python3.9/site-packages/keystone/assignment/core.py", line 1276, in get_role
2023-02-15 15:41:43.229499 2023-02-15 15:41:43.220 39 ERROR keystone.server.flask.application     return self.driver.get_role(role_id)
2023-02-15 15:41:43.229547 2023-02-15 15:41:43.220 39 ERROR keystone.server.flask.application   File "/var/lib/kolla/venv/lib/python3.9/site-packages/keystone/assignment/role_backends/sql.py", line 70, in get_role
2023-02-15 15:41:43.229558 2023-02-15 15:41:43.220 39 ERROR keystone.server.flask.application     return self._get_role(session, role_id).to_dict()
2023-02-15 15:41:43.229568 2023-02-15 15:41:43.220 39 ERROR keystone.server.flask.application   File "/var/lib/kolla/venv/lib/python3.9/site-packages/keystone/assignment/role_backends/sql.py", line 65, in _get_role
2023-02-15 15:41:43.229578 2023-02-15 15:41:43.220 39 ERROR keystone.server.flask.application     raise exception.RoleNotFound(role_id=role_id)
2023-02-15 15:41:43.229588 2023-02-15 15:41:43.220 39 ERROR keystone.server.flask.application keystone.exception.RoleNotFound: Could not find role: admin.
2023-02-15 15:41:43.229598 2023-02-15 15:41:43.220 39 ERROR keystone.server.flask.application \x1b[00m
2023-02-15 15:41:44.485314 2023-02-15 15:41:44.479 39 ERROR keystone.server.flask.application [None req-0ae278b8-ab1f-4b8a-b959-70b1670d72e7 48644757905049b594a1283025d13a7e - - all default -] Could not find user: ironic-inspector.: keystone.exception.UserNotFound: Could not find user: ironic-inspector.
2023-02-15 15:41:44.485401 2023-02-15 15:41:44.479 39 ERROR keystone.server.flask.application Traceback (most recent call last):
2023-02-15 15:41:44.485413 2023-02-15 15:41:44.479 39 ERROR keystone.server.flask.application   File "/var/lib/kolla/venv/lib/python3.9/site-packages/flask/app.py", line 1820, in full_dispatch_request
2023-02-15 15:41:44.485424 2023-02-15 15:41:44.479 39 ERROR keystone.server.flask.application     rv = self.dispatch_request()
2023-02-15 15:41:44.485434 2023-02-15 15:41:44.479 39 ERROR keystone.server.flask.application   File "/var/lib/kolla/venv/lib/python3.9/site-packages/flask/app.py", line 1796, in dispatch_request
2023-02-15 15:41:44.485445 2023-02-15 15:41:44.479 39 ERROR keystone.server.flask.application     return self.ensure_sync(self.view_functions[rule.endpoint])(**view_args)
2023-02-15 15:41:44.485455 2023-02-15 15:41:44.479 39 ERROR keystone.server.flask.application   File "/var/lib/kolla/venv/lib/python3.9/site-packages/flask_restful/__init__.py", line 467, in wrapper
2023-02-15 15:41:44.485465 2023-02-15 15:41:44.479 39 ERROR keystone.server.flask.application     resp = resource(*args, **kwargs)
2023-02-15 15:41:44.485475 2023-02-15 15:41:44.479 39 ERROR keystone.server.flask.application   File "/var/lib/kolla/venv/lib/python3.9/site-packages/flask/views.py", line 107, in view
2023-02-15 15:41:44.485561 2023-02-15 15:41:44.479 39 ERROR keystone.server.flask.application     return current_app.ensure_sync(self.dispatch_request)(**kwargs)
2023-02-15 15:41:44.485590 2023-02-15 15:41:44.479 39 ERROR keystone.server.flask.application   File "/var/lib/kolla/venv/lib/python3.9/site-packages/flask_restful/__init__.py", line 582, in dispatch_request
2023-02-15 15:41:44.485601 2023-02-15 15:41:44.479 39 ERROR keystone.server.flask.application     resp = meth(*args, **kwargs)
2023-02-15 15:41:44.485611 2023-02-15 15:41:44.479 39 ERROR keystone.server.flask.application   File "/var/lib/kolla/venv/lib/python3.9/site-packages/keystone/api/users.py", line 182, in get
2023-02-15 15:41:44.485621 2023-02-15 15:41:44.479 39 ERROR keystone.server.flask.application     return self._get_user(user_id)
2023-02-15 15:41:44.485630 2023-02-15 15:41:44.479 39 ERROR keystone.server.flask.application   File "/var/lib/kolla/venv/lib/python3.9/site-packages/keystone/api/users.py", line 194, in _get_user
2023-02-15 15:41:44.485641 2023-02-15 15:41:44.479 39 ERROR keystone.server.flask.application     ref = PROVIDERS.identity_api.get_user(user_id)
2023-02-15 15:41:44.485651 2023-02-15 15:41:44.479 39 ERROR keystone.server.flask.application   File "/var/lib/kolla/venv/lib/python3.9/site-packages/keystone/common/manager.py", line 115, in wrapped
2023-02-15 15:41:44.485661 2023-02-15 15:41:44.479 39 ERROR keystone.server.flask.application     __ret_val = __f(*args, **kwargs)
2023-02-15 15:41:44.485670 2023-02-15 15:41:44.479 39 ERROR keystone.server.flask.application   File "/var/lib/kolla/venv/lib/python3.9/site-packages/keystone/identity/core.py", line 414, in wrapper
2023-02-15 15:41:44.485681 2023-02-15 15:41:44.479 39 ERROR keystone.server.flask.application     return f(self, *args, **kwargs)
2023-02-15 15:41:44.485690 2023-02-15 15:41:44.479 39 ERROR keystone.server.flask.application   File "/var/lib/kolla/venv/lib/python3.9/site-packages/keystone/identity/core.py", line 424, in wrapper
2023-02-15 15:41:44.485700 2023-02-15 15:41:44.479 39 ERROR keystone.server.flask.application     return f(self, *args, **kwargs)
2023-02-15 15:41:44.485710 2023-02-15 15:41:44.479 39 ERROR keystone.server.flask.application   File "/var/lib/kolla/venv/lib/python3.9/site-packages/decorator.py", line 232, in fun
2023-02-15 15:41:44.485720 2023-02-15 15:41:44.479 39 ERROR keystone.server.flask.application     return caller(func, *(extras + args), **kw)
2023-02-15 15:41:44.485730 2023-02-15 15:41:44.479 39 ERROR keystone.server.flask.application   File "/var/lib/kolla/venv/lib/python3.9/site-packages/dogpile/cache/region.py", line 1577, in get_or_create_for_user_func
2023-02-15 15:41:44.485740 2023-02-15 15:41:44.479 39 ERROR keystone.server.flask.application     return self.get_or_create(
2023-02-15 15:41:44.485750 2023-02-15 15:41:44.479 39 ERROR keystone.server.flask.application   File "/var/lib/kolla/venv/lib/python3.9/site-packages/dogpile/cache/region.py", line 1042, in get_or_create
2023-02-15 15:41:44.485761 2023-02-15 15:41:44.479 39 ERROR keystone.server.flask.application     with Lock(
2023-02-15 15:41:44.485770 2023-02-15 15:41:44.479 39 ERROR keystone.server.flask.application   File "/var/lib/kolla/venv/lib/python3.9/site-packages/dogpile/lock.py", line 185, in __enter__
2023-02-15 15:41:44.485780 2023-02-15 15:41:44.479 39 ERROR keystone.server.flask.application     return self._enter()
2023-02-15 15:41:44.485790 2023-02-15 15:41:44.479 39 ERROR keystone.server.flask.application   File "/var/lib/kolla/venv/lib/python3.9/site-packages/dogpile/lock.py", line 94, in _enter
2023-02-15 15:41:44.485800 2023-02-15 15:41:44.479 39 ERROR keystone.server.flask.application     generated = self._enter_create(value, createdtime)
2023-02-15 15:41:44.485810 2023-02-15 15:41:44.479 39 ERROR keystone.server.flask.application   File "/var/lib/kolla/venv/lib/python3.9/site-packages/dogpile/lock.py", line 178, in _enter_create
2023-02-15 15:41:44.485841 2023-02-15 15:41:44.479 39 ERROR keystone.server.flask.application     return self.creator()
2023-02-15 15:41:44.485853 2023-02-15 15:41:44.479 39 ERROR keystone.server.flask.application   File "/var/lib/kolla/venv/lib/python3.9/site-packages/dogpile/cache/region.py", line 995, in gen_value
2023-02-15 15:41:44.485863 2023-02-15 15:41:44.479 39 ERROR keystone.server.flask.application     created_value = creator(
2023-02-15 15:41:44.485873 2023-02-15 15:41:44.479 39 ERROR keystone.server.flask.application   File "/var/lib/kolla/venv/lib/python3.9/site-packages/keystone/identity/core.py", line 1011, in get_user
2023-02-15 15:41:44.485883 2023-02-15 15:41:44.479 39 ERROR keystone.server.flask.application     ref = driver.get_user(entity_id)
2023-02-15 15:41:44.485893 2023-02-15 15:41:44.479 39 ERROR keystone.server.flask.application   File "/var/lib/kolla/venv/lib/python3.9/site-packages/keystone/identity/backends/sql.py", line 200, in get_user
2023-02-15 15:41:44.485903 2023-02-15 15:41:44.479 39 ERROR keystone.server.flask.application     self._get_user(session, user_id).to_dict())
2023-02-15 15:41:44.485913 2023-02-15 15:41:44.479 39 ERROR keystone.server.flask.application   File "/var/lib/kolla/venv/lib/python3.9/site-packages/keystone/identity/backends/sql.py", line 194, in _get_user
2023-02-15 15:41:44.485923 2023-02-15 15:41:44.479 39 ERROR keystone.server.flask.application     raise exception.UserNotFound(user_id=user_id)
2023-02-15 15:41:44.485933 2023-02-15 15:41:44.479 39 ERROR keystone.server.flask.application keystone.exception.UserNotFound: Could not find user: ironic-inspector.
2023-02-15 15:41:44.485943 2023-02-15 15:41:44.479 39 ERROR keystone.server.flask.application \x1b[00m
2023-02-15 15:41:45.475103 2023-02-15 15:41:45.471 38 ERROR keystone.server.flask.application [None req-5655494a-e728-4a57-aff8-27f372c2bbc9 48644757905049b594a1283025d13a7e - - all default -] Could not find project: service.: keystone.exception.ProjectNotFound: Could not find project: service.
2023-02-15 15:41:45.475147 2023-02-15 15:41:45.471 38 ERROR keystone.server.flask.application Traceback (most recent call last):
2023-02-15 15:41:45.475159 2023-02-15 15:41:45.471 38 ERROR keystone.server.flask.application   File "/var/lib/kolla/venv/lib/python3.9/site-packages/flask/app.py", line 1820, in full_dispatch_request
2023-02-15 15:41:45.475170 2023-02-15 15:41:45.471 38 ERROR keystone.server.flask.application     rv = self.dispatch_request()
2023-02-15 15:41:45.475180 2023-02-15 15:41:45.471 38 ERROR keystone.server.flask.application   File "/var/lib/kolla/venv/lib/python3.9/site-packages/flask/app.py", line 1796, in dispatch_request
2023-02-15 15:41:45.475190 2023-02-15 15:41:45.471 38 ERROR keystone.server.flask.application     return self.ensure_sync(self.view_functions[rule.endpoint])(**view_args)
2023-02-15 15:41:45.475201 2023-02-15 15:41:45.471 38 ERROR keystone.server.flask.application   File "/var/lib/kolla/venv/lib/python3.9/site-packages/flask_restful/__init__.py", line 467, in wrapper
2023-02-15 15:41:45.475211 2023-02-15 15:41:45.471 38 ERROR keystone.server.flask.application     resp = resource(*args, **kwargs)
2023-02-15 15:41:45.475230 2023-02-15 15:41:45.471 38 ERROR keystone.server.flask.application   File "/var/lib/kolla/venv/lib/python3.9/site-packages/flask/views.py", line 107, in view
2023-02-15 15:41:45.475249 2023-02-15 15:41:45.471 38 ERROR keystone.server.flask.application     return current_app.ensure_sync(self.dispatch_request)(**kwargs)
2023-02-15 15:41:45.475268 2023-02-15 15:41:45.471 38 ERROR keystone.server.flask.application   File "/var/lib/kolla/venv/lib/python3.9/site-packages/flask_restful/__init__.py", line 582, in dispatch_request
2023-02-15 15:41:45.475286 2023-02-15 15:41:45.471 38 ERROR keystone.server.flask.application     resp = meth(*args, **kwargs)
2023-02-15 15:41:45.475296 2023-02-15 15:41:45.471 38 ERROR keystone.server.flask.application   File "/var/lib/kolla/venv/lib/python3.9/site-packages/keystone/api/projects.py", line 151, in get
2023-02-15 15:41:45.475324 2023-02-15 15:41:45.471 38 ERROR keystone.server.flask.application     return self._get_project(project_id)
2023-02-15 15:41:45.475336 2023-02-15 15:41:45.471 38 ERROR keystone.server.flask.application   File "/var/lib/kolla/venv/lib/python3.9/site-packages/keystone/api/projects.py", line 107, in _get_project
2023-02-15 15:41:45.475346 2023-02-15 15:41:45.471 38 ERROR keystone.server.flask.application     project = PROVIDERS.resource_api.get_project(project_id)
2023-02-15 15:41:45.475356 2023-02-15 15:41:45.471 38 ERROR keystone.server.flask.application   File "/var/lib/kolla/venv/lib/python3.9/site-packages/keystone/common/manager.py", line 115, in wrapped
2023-02-15 15:41:45.475367 2023-02-15 15:41:45.471 38 ERROR keystone.server.flask.application     __ret_val = __f(*args, **kwargs)
2023-02-15 15:41:45.475377 2023-02-15 15:41:45.471 38 ERROR keystone.server.flask.application   File "/var/lib/kolla/venv/lib/python3.9/site-packages/decorator.py", line 232, in fun
2023-02-15 15:41:45.475387 2023-02-15 15:41:45.471 38 ERROR keystone.server.flask.application     return caller(func, *(extras + args), **kw)
2023-02-15 15:41:45.475397 2023-02-15 15:41:45.471 38 ERROR keystone.server.flask.application   File "/var/lib/kolla/venv/lib/python3.9/site-packages/dogpile/cache/region.py", line 1577, in get_or_create_for_user_func
2023-02-15 15:41:45.475407 2023-02-15 15:41:45.471 38 ERROR keystone.server.flask.application     return self.get_or_create(
2023-02-15 15:41:45.475417 2023-02-15 15:41:45.471 38 ERROR keystone.server.flask.application   File "/var/lib/kolla/venv/lib/python3.9/site-packages/dogpile/cache/region.py", line 1042, in get_or_create
2023-02-15 15:41:45.475430 2023-02-15 15:41:45.471 38 ERROR keystone.server.flask.application     with Lock(
2023-02-15 15:41:45.475440 2023-02-15 15:41:45.471 38 ERROR keystone.server.flask.application   File "/var/lib/kolla/venv/lib/python3.9/site-packages/dogpile/lock.py", line 185, in __enter__
2023-02-15 15:41:45.475450 2023-02-15 15:41:45.471 38 ERROR keystone.server.flask.application     return self._enter()
2023-02-15 15:41:45.475460 2023-02-15 15:41:45.471 38 ERROR keystone.server.flask.application   File "/var/lib/kolla/venv/lib/python3.9/site-packages/dogpile/lock.py", line 94, in _enter
2023-02-15 15:41:45.475470 2023-02-15 15:41:45.471 38 ERROR keystone.server.flask.application     generated = self._enter_create(value, createdtime)
2023-02-15 15:41:45.475480 2023-02-15 15:41:45.471 38 ERROR keystone.server.flask.application   File "/var/lib/kolla/venv/lib/python3.9/site-packages/dogpile/lock.py", line 178, in _enter_create
2023-02-15 15:41:45.475490 2023-02-15 15:41:45.471 38 ERROR keystone.server.flask.application     return self.creator()
2023-02-15 15:41:45.475500 2023-02-15 15:41:45.471 38 ERROR keystone.server.flask.application   File "/var/lib/kolla/venv/lib/python3.9/site-packages/dogpile/cache/region.py", line 995, in gen_value
2023-02-15 15:41:45.475540 2023-02-15 15:41:45.471 38 ERROR keystone.server.flask.application     created_value = creator(
2023-02-15 15:41:45.475551 2023-02-15 15:41:45.471 38 ERROR keystone.server.flask.application   File "/var/lib/kolla/venv/lib/python3.9/site-packages/keystone/resource/core.py", line 903, in get_project
2023-02-15 15:41:45.475561 2023-02-15 15:41:45.471 38 ERROR keystone.server.flask.application     return self.driver.get_project(project_id)
2023-02-15 15:41:45.475571 2023-02-15 15:41:45.471 38 ERROR keystone.server.flask.application   File "/var/lib/kolla/venv/lib/python3.9/site-packages/keystone/resource/backends/sql.py", line 49, in get_project
2023-02-15 15:41:45.475581 2023-02-15 15:41:45.471 38 ERROR keystone.server.flask.application     return self._get_project(session, project_id).to_dict()
2023-02-15 15:41:45.475591 2023-02-15 15:41:45.471 38 ERROR keystone.server.flask.application   File "/var/lib/kolla/venv/lib/python3.9/site-packages/keystone/resource/backends/sql.py", line 44, in _get_project
2023-02-15 15:41:45.475601 2023-02-15 15:41:45.471 38 ERROR keystone.server.flask.application     raise exception.ProjectNotFound(project_id=project_id)
2023-02-15 15:41:45.475625 2023-02-15 15:41:45.471 38 ERROR keystone.server.flask.application keystone.exception.ProjectNotFound: Could not find project: service.
2023-02-15 15:41:45.475636 2023-02-15 15:41:45.471 38 ERROR keystone.server.flask.application \x1b[00m
