2023-02-15 21:00:40,157 p=5736 u=root n=ansible | [WARNING]: Invalid characters were found in group names but not replaced, use
-vvvv to see details

2023-02-15 21:00:45,102 p=5736 u=root n=ansible | PLAY [Gather facts for all hosts] **********************************************
2023-02-15 21:00:45,602 p=5736 u=root n=ansible | TASK [Gather facts] ************************************************************
2023-02-15 21:00:51,463 p=5736 u=root n=ansible | ok: [localhost]
2023-02-15 21:00:51,727 p=5736 u=root n=ansible | TASK [Group hosts to determine when using --limit] *****************************
2023-02-15 21:00:51,811 p=5736 u=root n=ansible | ok: [localhost]
2023-02-15 21:00:52,141 p=5736 u=root n=ansible | [WARNING]: Could not match supplied host pattern, ignoring:
all_using_limit_True

2023-02-15 21:00:52,150 p=5736 u=root n=ansible | PLAY [Gather facts for all hosts (if using --limit)] ***************************
2023-02-15 21:00:52,150 p=5736 u=root n=ansible | skipping: no hosts matched
2023-02-15 21:00:52,158 p=5736 u=root n=ansible | PLAY [Apply role baremetal] ****************************************************
2023-02-15 21:00:52,362 p=5736 u=root n=ansible | TASK [openstack.kolla.baremetal : Ensure localhost in /etc/hosts] **************
2023-02-15 21:00:53,435 p=5736 u=root n=ansible | changed: [localhost]
2023-02-15 21:00:53,555 p=5736 u=root n=ansible | TASK [openstack.kolla.baremetal : Ensure hostname does not point to 127.0.1.1 in /etc/hosts] ***
2023-02-15 21:00:54,095 p=5736 u=root n=ansible | ok: [localhost]
2023-02-15 21:00:54,182 p=5736 u=root n=ansible | TASK [openstack.kolla.baremetal : Generate /etc/hosts for all of the nodes] ****
2023-02-15 21:00:56,130 p=5736 u=root n=ansible | changed: [localhost]
2023-02-15 21:00:56,229 p=5736 u=root n=ansible | TASK [openstack.kolla.baremetal : Ensure unprivileged users can use ping] ******
2023-02-15 21:00:57,726 p=5736 u=root n=ansible | changed: [localhost]
2023-02-15 21:00:57,894 p=5736 u=root n=ansible | TASK [openstack.kolla.baremetal : Ensure /etc/cloud/cloud.cfg exists] **********
2023-02-15 21:01:00,202 p=5736 u=root n=ansible | ok: [localhost]
2023-02-15 21:01:00,645 p=5736 u=root n=ansible | TASK [openstack.kolla.baremetal : Disable cloud-init manage_etc_hosts] *********
2023-02-15 21:01:02,620 p=5736 u=root n=ansible | changed: [localhost]
2023-02-15 21:01:02,777 p=5736 u=root n=ansible | TASK [openstack.kolla.baremetal : Set firewall default policy] *****************
2023-02-15 21:01:02,857 p=5736 u=root n=ansible | skipping: [localhost]
2023-02-15 21:01:02,973 p=5736 u=root n=ansible | TASK [openstack.kolla.baremetal : Check if firewalld is installed] *************
2023-02-15 21:01:04,096 p=5736 u=root n=ansible | ok: [localhost]
2023-02-15 21:01:04,277 p=5736 u=root n=ansible | TASK [openstack.kolla.baremetal : Disable firewalld] ***************************
2023-02-15 21:01:04,442 p=5736 u=root n=ansible | skipping: [localhost] => (item=firewalld) 
2023-02-15 21:01:04,648 p=5736 u=root n=ansible | TASK [openstack.kolla.docker : Fail if docker_custom_option is defined] ********
2023-02-15 21:01:05,081 p=5736 u=root n=ansible | skipping: [localhost]
2023-02-15 21:01:05,247 p=5736 u=root n=ansible | TASK [openstack.kolla.docker : include_tasks] **********************************
2023-02-15 21:01:05,307 p=5736 u=root n=ansible | skipping: [localhost]
2023-02-15 21:01:05,415 p=5736 u=root n=ansible | TASK [openstack.kolla.docker : Ensure docker config directory exists] **********
2023-02-15 21:01:06,356 p=5736 u=root n=ansible | ok: [localhost]
2023-02-15 21:01:06,470 p=5736 u=root n=ansible | TASK [openstack.kolla.docker : Write docker config] ****************************
2023-02-15 21:01:08,058 p=5736 u=root n=ansible | changed: [localhost]
2023-02-15 21:01:08,249 p=5736 u=root n=ansible | TASK [openstack.kolla.docker : Remove old docker options file] *****************
2023-02-15 21:01:08,859 p=5736 u=root n=ansible | ok: [localhost]
2023-02-15 21:01:09,033 p=5736 u=root n=ansible | TASK [openstack.kolla.docker : Ensure docker service directory exists] *********
2023-02-15 21:01:09,114 p=5736 u=root n=ansible | skipping: [localhost]
2023-02-15 21:01:09,329 p=5736 u=root n=ansible | TASK [openstack.kolla.docker : Configure docker service] ***********************
2023-02-15 21:01:09,398 p=5736 u=root n=ansible | skipping: [localhost]
2023-02-15 21:01:09,513 p=5736 u=root n=ansible | TASK [openstack.kolla.docker : Ensure the path for CA file for private registry exists] ***
2023-02-15 21:01:09,581 p=5736 u=root n=ansible | skipping: [localhost]
2023-02-15 21:01:09,706 p=5736 u=root n=ansible | TASK [openstack.kolla.docker : Ensure the CA file for private registry exists] ***
2023-02-15 21:01:09,770 p=5736 u=root n=ansible | skipping: [localhost]
2023-02-15 21:01:09,934 p=5736 u=root n=ansible | TASK [openstack.kolla.docker : Flush handlers] *********************************
2023-02-15 21:01:09,935 p=5736 u=root n=ansible | RUNNING HANDLER [openstack.kolla.docker : Restart docker] **********************
2023-02-15 21:01:21,469 p=5736 u=root n=ansible | changed: [localhost]
2023-02-15 21:01:21,581 p=5736 u=root n=ansible | TASK [openstack.kolla.docker : Start and enable docker] ************************
2023-02-15 21:01:22,827 p=5736 u=root n=ansible | ok: [localhost]
2023-02-15 21:01:23,012 p=5736 u=root n=ansible | TASK [openstack.kolla.docker : include_tasks] **********************************
2023-02-15 21:01:23,084 p=5736 u=root n=ansible | skipping: [localhost]
2023-02-15 21:01:23,319 p=5736 u=root n=ansible | TASK [openstack.kolla.kolla_user : Ensure groups are present] ******************
2023-02-15 21:01:23,409 p=5736 u=root n=ansible | skipping: [localhost] => (item=docker) 
2023-02-15 21:01:23,427 p=5736 u=root n=ansible | skipping: [localhost] => (item=sudo) 
2023-02-15 21:01:23,438 p=5736 u=root n=ansible | skipping: [localhost] => (item=kolla) 
2023-02-15 21:01:23,597 p=5736 u=root n=ansible | TASK [openstack.kolla.kolla_user : Create kolla user] **************************
2023-02-15 21:01:23,644 p=5736 u=root n=ansible | skipping: [localhost]
2023-02-15 21:01:23,792 p=5736 u=root n=ansible | TASK [openstack.kolla.kolla_user : Add public key to kolla user authorized keys] ***
2023-02-15 21:01:23,857 p=5736 u=root n=ansible | skipping: [localhost]
2023-02-15 21:01:24,011 p=5736 u=root n=ansible | TASK [openstack.kolla.kolla_user : Grant kolla user passwordless sudo] *********
2023-02-15 21:01:24,074 p=5736 u=root n=ansible | skipping: [localhost]
2023-02-15 21:01:24,284 p=5736 u=root n=ansible | TASK [openstack.kolla.docker_sdk : Install latest pip in the virtualenv] *******
2023-02-15 21:01:24,368 p=5736 u=root n=ansible | skipping: [localhost]
2023-02-15 21:01:24,504 p=5736 u=root n=ansible | TASK [openstack.kolla.docker_sdk : Install docker SDK for python] **************
2023-02-15 21:02:01,635 p=5736 u=root n=ansible | ok: [localhost]
2023-02-15 21:02:01,920 p=5736 u=root n=ansible | TASK [openstack.kolla.baremetal : Ensure node_config_directory directory exists] ***
2023-02-15 21:02:02,625 p=5736 u=root n=ansible | ok: [localhost]
2023-02-15 21:02:02,741 p=5736 u=root n=ansible | TASK [openstack.kolla.apparmor_libvirt : include_tasks] ************************
2023-02-15 21:02:02,807 p=5736 u=root n=ansible | skipping: [localhost]
2023-02-15 21:02:03,166 p=5736 u=root n=ansible | TASK [openstack.kolla.baremetal : Change state of selinux] *********************
2023-02-15 21:02:04,955 p=5736 u=root n=ansible | ok: [localhost]
2023-02-15 21:02:05,082 p=5736 u=root n=ansible | TASK [openstack.kolla.baremetal : Set https proxy for git] *********************
2023-02-15 21:02:05,157 p=5736 u=root n=ansible | skipping: [localhost]
2023-02-15 21:02:05,272 p=5736 u=root n=ansible | TASK [openstack.kolla.baremetal : Set http proxy for git] **********************
2023-02-15 21:02:05,336 p=5736 u=root n=ansible | skipping: [localhost]
2023-02-15 21:02:05,432 p=5736 u=root n=ansible | TASK [openstack.kolla.baremetal : include_tasks] *******************************
2023-02-15 21:02:05,474 p=5736 u=root n=ansible | skipping: [localhost]
2023-02-15 21:02:05,800 p=5736 u=root n=ansible | PLAY RECAP *********************************************************************
2023-02-15 21:02:05,801 p=5736 u=root n=ansible | localhost                  : ok=17   changed=6    unreachable=0    failed=0    skipped=18   rescued=0    ignored=0   
