2023-03-16 15:37:31,784 p=5751 u=root n=ansible | [WARNING]: Invalid characters were found in group names but not replaced, use
-vvvv to see details

2023-03-16 15:37:33,768 p=5751 u=root n=ansible | PLAY [Gather facts for all hosts] **********************************************
2023-03-16 15:37:34,077 p=5751 u=root n=ansible | TASK [Gather facts] ************************************************************
2023-03-16 15:37:38,405 p=5751 u=root n=ansible | ok: [localhost]
2023-03-16 15:37:38,490 p=5751 u=root n=ansible | TASK [Group hosts to determine when using --limit] *****************************
2023-03-16 15:37:38,555 p=5751 u=root n=ansible | ok: [localhost]
2023-03-16 15:37:38,734 p=5751 u=root n=ansible | [WARNING]: Could not match supplied host pattern, ignoring:
all_using_limit_True

2023-03-16 15:37:38,744 p=5751 u=root n=ansible | PLAY [Gather facts for all hosts (if using --limit)] ***************************
2023-03-16 15:37:38,745 p=5751 u=root n=ansible | skipping: no hosts matched
2023-03-16 15:37:38,753 p=5751 u=root n=ansible | PLAY [Apply role baremetal] ****************************************************
2023-03-16 15:37:38,986 p=5751 u=root n=ansible | TASK [openstack.kolla.baremetal : Ensure localhost in /etc/hosts] **************
2023-03-16 15:37:39,907 p=5751 u=root n=ansible | changed: [localhost]
2023-03-16 15:37:39,992 p=5751 u=root n=ansible | TASK [openstack.kolla.baremetal : Ensure hostname does not point to 127.0.1.1 in /etc/hosts] ***
2023-03-16 15:37:40,518 p=5751 u=root n=ansible | ok: [localhost]
2023-03-16 15:37:40,611 p=5751 u=root n=ansible | TASK [openstack.kolla.baremetal : Generate /etc/hosts for all of the nodes] ****
2023-03-16 15:37:42,082 p=5751 u=root n=ansible | changed: [localhost]
2023-03-16 15:37:42,176 p=5751 u=root n=ansible | TASK [openstack.kolla.baremetal : Ensure unprivileged users can use ping] ******
2023-03-16 15:37:43,556 p=5751 u=root n=ansible | changed: [localhost]
2023-03-16 15:37:43,663 p=5751 u=root n=ansible | TASK [openstack.kolla.baremetal : Ensure /etc/cloud/cloud.cfg exists] **********
2023-03-16 15:37:45,063 p=5751 u=root n=ansible | ok: [localhost]
2023-03-16 15:37:45,239 p=5751 u=root n=ansible | TASK [openstack.kolla.baremetal : Disable cloud-init manage_etc_hosts] *********
2023-03-16 15:37:46,647 p=5751 u=root n=ansible | changed: [localhost]
2023-03-16 15:37:46,739 p=5751 u=root n=ansible | TASK [openstack.kolla.baremetal : Set firewall default policy] *****************
2023-03-16 15:37:46,810 p=5751 u=root n=ansible | skipping: [localhost]
2023-03-16 15:37:46,968 p=5751 u=root n=ansible | TASK [openstack.kolla.baremetal : Check if firewalld is installed] *************
2023-03-16 15:37:47,874 p=5751 u=root n=ansible | ok: [localhost]
2023-03-16 15:37:48,002 p=5751 u=root n=ansible | TASK [openstack.kolla.baremetal : Disable firewalld] ***************************
2023-03-16 15:37:48,103 p=5751 u=root n=ansible | skipping: [localhost] => (item=firewalld) 
2023-03-16 15:37:48,225 p=5751 u=root n=ansible | TASK [openstack.kolla.docker : Fail if docker_custom_option is defined] ********
2023-03-16 15:37:48,525 p=5751 u=root n=ansible | skipping: [localhost]
2023-03-16 15:37:48,612 p=5751 u=root n=ansible | TASK [openstack.kolla.docker : include_tasks] **********************************
2023-03-16 15:37:48,654 p=5751 u=root n=ansible | skipping: [localhost]
2023-03-16 15:37:48,740 p=5751 u=root n=ansible | TASK [openstack.kolla.docker : Ensure docker config directory exists] **********
2023-03-16 15:37:49,622 p=5751 u=root n=ansible | ok: [localhost]
2023-03-16 15:37:49,764 p=5751 u=root n=ansible | TASK [openstack.kolla.docker : Write docker config] ****************************
2023-03-16 15:37:50,936 p=5751 u=root n=ansible | changed: [localhost]
2023-03-16 15:37:51,050 p=5751 u=root n=ansible | TASK [openstack.kolla.docker : Remove old docker options file] *****************
2023-03-16 15:37:51,586 p=5751 u=root n=ansible | ok: [localhost]
2023-03-16 15:37:51,674 p=5751 u=root n=ansible | TASK [openstack.kolla.docker : Ensure docker service directory exists] *********
2023-03-16 15:37:51,720 p=5751 u=root n=ansible | skipping: [localhost]
2023-03-16 15:37:51,814 p=5751 u=root n=ansible | TASK [openstack.kolla.docker : Configure docker service] ***********************
2023-03-16 15:37:51,867 p=5751 u=root n=ansible | skipping: [localhost]
2023-03-16 15:37:51,954 p=5751 u=root n=ansible | TASK [openstack.kolla.docker : Ensure the path for CA file for private registry exists] ***
2023-03-16 15:37:52,001 p=5751 u=root n=ansible | skipping: [localhost]
2023-03-16 15:37:52,092 p=5751 u=root n=ansible | TASK [openstack.kolla.docker : Ensure the CA file for private registry exists] ***
2023-03-16 15:37:52,139 p=5751 u=root n=ansible | skipping: [localhost]
2023-03-16 15:37:52,266 p=5751 u=root n=ansible | TASK [openstack.kolla.docker : Flush handlers] *********************************
2023-03-16 15:37:52,267 p=5751 u=root n=ansible | RUNNING HANDLER [openstack.kolla.docker : Restart docker] **********************
2023-03-16 15:37:56,697 p=5751 u=root n=ansible | changed: [localhost]
2023-03-16 15:37:56,816 p=5751 u=root n=ansible | TASK [openstack.kolla.docker : Start and enable docker] ************************
2023-03-16 15:37:57,764 p=5751 u=root n=ansible | ok: [localhost]
2023-03-16 15:37:57,864 p=5751 u=root n=ansible | TASK [openstack.kolla.docker : include_tasks] **********************************
2023-03-16 15:37:57,917 p=5751 u=root n=ansible | skipping: [localhost]
2023-03-16 15:37:58,097 p=5751 u=root n=ansible | TASK [openstack.kolla.kolla_user : Ensure groups are present] ******************
2023-03-16 15:37:58,153 p=5751 u=root n=ansible | skipping: [localhost] => (item=docker) 
2023-03-16 15:37:58,161 p=5751 u=root n=ansible | skipping: [localhost] => (item=sudo) 
2023-03-16 15:37:58,167 p=5751 u=root n=ansible | skipping: [localhost] => (item=kolla) 
2023-03-16 15:37:58,284 p=5751 u=root n=ansible | TASK [openstack.kolla.kolla_user : Create kolla user] **************************
2023-03-16 15:37:58,333 p=5751 u=root n=ansible | skipping: [localhost]
2023-03-16 15:37:58,427 p=5751 u=root n=ansible | TASK [openstack.kolla.kolla_user : Add public key to kolla user authorized keys] ***
2023-03-16 15:37:58,468 p=5751 u=root n=ansible | skipping: [localhost]
2023-03-16 15:37:58,566 p=5751 u=root n=ansible | TASK [openstack.kolla.kolla_user : Grant kolla user passwordless sudo] *********
2023-03-16 15:37:58,611 p=5751 u=root n=ansible | skipping: [localhost]
2023-03-16 15:37:58,795 p=5751 u=root n=ansible | TASK [openstack.kolla.docker_sdk : Install latest pip in the virtualenv] *******
2023-03-16 15:37:58,861 p=5751 u=root n=ansible | skipping: [localhost]
2023-03-16 15:37:58,962 p=5751 u=root n=ansible | TASK [openstack.kolla.docker_sdk : Install docker SDK for python] **************
2023-03-16 15:38:25,923 p=5751 u=root n=ansible | ok: [localhost]
2023-03-16 15:38:26,084 p=5751 u=root n=ansible | TASK [openstack.kolla.baremetal : Ensure node_config_directory directory exists] ***
2023-03-16 15:38:26,688 p=5751 u=root n=ansible | ok: [localhost]
2023-03-16 15:38:26,774 p=5751 u=root n=ansible | TASK [openstack.kolla.apparmor_libvirt : include_tasks] ************************
2023-03-16 15:38:26,812 p=5751 u=root n=ansible | skipping: [localhost]
2023-03-16 15:38:26,977 p=5751 u=root n=ansible | TASK [openstack.kolla.baremetal : Change state of selinux] *********************
2023-03-16 15:38:28,538 p=5751 u=root n=ansible | ok: [localhost]
2023-03-16 15:38:28,655 p=5751 u=root n=ansible | TASK [openstack.kolla.baremetal : Set https proxy for git] *********************
2023-03-16 15:38:28,699 p=5751 u=root n=ansible | skipping: [localhost]
2023-03-16 15:38:28,783 p=5751 u=root n=ansible | TASK [openstack.kolla.baremetal : Set http proxy for git] **********************
2023-03-16 15:38:28,824 p=5751 u=root n=ansible | skipping: [localhost]
2023-03-16 15:38:28,907 p=5751 u=root n=ansible | TASK [openstack.kolla.baremetal : include_tasks] *******************************
2023-03-16 15:38:28,956 p=5751 u=root n=ansible | skipping: [localhost]
2023-03-16 15:38:29,243 p=5751 u=root n=ansible | PLAY RECAP *********************************************************************
2023-03-16 15:38:29,244 p=5751 u=root n=ansible | localhost                  : ok=17   changed=6    unreachable=0    failed=0    skipped=18   rescued=0    ignored=0   
