2023-02-15 15:38:53.699 24 INFO alembic.runtime.migration [-] Context impl MySQLImpl.
2023-02-15 15:38:53.701 24 INFO alembic.runtime.migration [-] Will assume non-transactional DDL.
2023-02-15 15:38:53.737 24 INFO alembic.runtime.migration [-] Context impl MySQLImpl.
2023-02-15 15:38:53.738 24 INFO alembic.runtime.migration [-] Will assume non-transactional DDL.
2023-02-15 15:38:53.781 24 INFO alembic.runtime.migration [-] Running upgrade  -> 27e647c0fad4, Initial version.
2023-02-15 15:38:54.864 24 INFO alembic.runtime.migration [-] Running upgrade 27e647c0fad4 -> e25ffa003242, Initial no-op Yoga contract migration.
2023-02-15 15:38:54.869 24 INFO alembic.runtime.migration [-] Running upgrade 27e647c0fad4 -> 29e87d24a316, Initial no-op Yoga expand migration.
2023-02-15 15:39:03.412 7 INFO keystone.common.fernet_utils [-] Created a new temporary key: /etc/keystone/fernet-keys/0.tmp
2023-02-15 15:39:03.418 7 INFO keystone.common.fernet_utils [-] Become a valid new key: /etc/keystone/fernet-keys/0
2023-02-15 15:39:03.419 7 INFO keystone.common.fernet_utils [-] Starting key rotation with 1 key files: ['/etc/keystone/fernet-keys/0']
2023-02-15 15:39:03.421 7 INFO keystone.common.fernet_utils [-] Created a new temporary key: /etc/keystone/fernet-keys/0.tmp
2023-02-15 15:39:03.421 7 INFO keystone.common.fernet_utils [-] Current primary key is: 0
2023-02-15 15:39:03.422 7 INFO keystone.common.fernet_utils [-] Next primary key will be: 1
2023-02-15 15:39:03.423 7 INFO keystone.common.fernet_utils [-] Promoted key 0 to be the primary: 1
2023-02-15 15:39:03.424 7 INFO keystone.common.fernet_utils [-] Become a valid new key: /etc/keystone/fernet-keys/0
2023-02-15 15:39:22.358 32 INFO keystone.cmd.bootstrap [None req-b86ba575-a009-4ee4-b8dd-76316672d3d2 - - - - - -] Created domain default
2023-02-15 15:39:22.436 32 INFO keystone.cmd.bootstrap [None req-b86ba575-a009-4ee4-b8dd-76316672d3d2 - - - - - -] Created project admin
2023-02-15 15:39:23.060 32 INFO keystone.cmd.bootstrap [None req-b86ba575-a009-4ee4-b8dd-76316672d3d2 - - - - - -] Created user admin
2023-02-15 15:39:23.081 32 INFO keystone.cmd.bootstrap [None req-b86ba575-a009-4ee4-b8dd-76316672d3d2 - - - - - -] Created role reader
2023-02-15 15:39:23.102 32 INFO keystone.cmd.bootstrap [None req-b86ba575-a009-4ee4-b8dd-76316672d3d2 - - - - - -] Created role member
2023-02-15 15:39:23.151 32 INFO keystone.cmd.bootstrap [None req-b86ba575-a009-4ee4-b8dd-76316672d3d2 - - - - - -] Created implied role where 8e4e987e449a438b973ef72b58a71340 implies 2ccd4dbcac264966a6206ab48499c3ac
2023-02-15 15:39:23.172 32 INFO keystone.cmd.bootstrap [None req-b86ba575-a009-4ee4-b8dd-76316672d3d2 - - - - - -] Created role admin
2023-02-15 15:39:23.203 32 INFO keystone.cmd.bootstrap [None req-b86ba575-a009-4ee4-b8dd-76316672d3d2 - - - - - -] Created implied role where 0cc564815dd0434fa9d1a6724a6ec240 implies 8e4e987e449a438b973ef72b58a71340
2023-02-15 15:39:23.225 32 INFO keystone.cmd.bootstrap [None req-b86ba575-a009-4ee4-b8dd-76316672d3d2 - - - - - -] Granted role admin on project admin to user admin.
2023-02-15 15:39:23.237 32 INFO keystone.cmd.bootstrap [None req-b86ba575-a009-4ee4-b8dd-76316672d3d2 - - - - - -] Granted role admin on the system to user admin.
2023-02-15 15:39:23.277 32 WARNING py.warnings [None req-b86ba575-a009-4ee4-b8dd-76316672d3d2 - - - - - -] /var/lib/kolla/venv/lib/python3.9/site-packages/pycadf/identifier.py:71: UserWarning: Invalid uuid: RegionOne. To ensure interoperability, identifiers should be a valid uuid.
  warnings.warn(('Invalid uuid: %s. To ensure interoperability, '

2023-02-15 15:39:23.286 32 INFO keystone.cmd.bootstrap [None req-b86ba575-a009-4ee4-b8dd-76316672d3d2 - - - - - -] Created region RegionOne
2023-02-15 15:39:23.345 32 INFO keystone.cmd.bootstrap [None req-b86ba575-a009-4ee4-b8dd-76316672d3d2 - - - - - -] Created public endpoint http://169.16.1.172:5000
2023-02-15 15:39:23.363 32 INFO keystone.cmd.bootstrap [None req-b86ba575-a009-4ee4-b8dd-76316672d3d2 - - - - - -] Created internal endpoint http://169.16.1.172:5000
2023-02-15 15:39:49.898 38 WARNING keystone.common.rbac_enforcer.enforcer [None req-3964de10-6a3c-49f0-bfd5-eca610cbae89 5675be69996f457ca8ebda0f7855abe5 - - all default -] Deprecated policy rules found. Use oslopolicy-policy-generator and oslopolicy-policy-upgrade to detect and resolve deprecated policies in your configuration.
2023-02-15 15:39:50.667 39 WARNING keystone.common.rbac_enforcer.enforcer [None req-133d6e6c-63d6-4af0-b4f3-340b94a1805e 5675be69996f457ca8ebda0f7855abe5 - - all default -] Deprecated policy rules found. Use oslopolicy-policy-generator and oslopolicy-policy-upgrade to detect and resolve deprecated policies in your configuration.
2023-02-15 15:39:58.355 37 WARNING keystone.common.rbac_enforcer.enforcer [None req-2468304a-7cad-4e8d-ace4-2c0c4b62583d 5675be69996f457ca8ebda0f7855abe5 - - all default -] Deprecated policy rules found. Use oslopolicy-policy-generator and oslopolicy-policy-upgrade to detect and resolve deprecated policies in your configuration.
2023-02-15 15:41:20.833 38 ERROR keystone.server.flask.application [None req-33ee4c41-359b-4b58-abcf-46ed2c2f0de3 5675be69996f457ca8ebda0f7855abe5 - - all default -] Could not find project: service.: keystone.exception.ProjectNotFound: Could not find project: service.
2023-02-15 15:41:20.833 38 ERROR keystone.server.flask.application Traceback (most recent call last):
2023-02-15 15:41:20.833 38 ERROR keystone.server.flask.application   File "/var/lib/kolla/venv/lib/python3.9/site-packages/flask/app.py", line 1820, in full_dispatch_request
2023-02-15 15:41:20.833 38 ERROR keystone.server.flask.application     rv = self.dispatch_request()
2023-02-15 15:41:20.833 38 ERROR keystone.server.flask.application   File "/var/lib/kolla/venv/lib/python3.9/site-packages/flask/app.py", line 1796, in dispatch_request
2023-02-15 15:41:20.833 38 ERROR keystone.server.flask.application     return self.ensure_sync(self.view_functions[rule.endpoint])(**view_args)
2023-02-15 15:41:20.833 38 ERROR keystone.server.flask.application   File "/var/lib/kolla/venv/lib/python3.9/site-packages/flask_restful/__init__.py", line 467, in wrapper
2023-02-15 15:41:20.833 38 ERROR keystone.server.flask.application     resp = resource(*args, **kwargs)
2023-02-15 15:41:20.833 38 ERROR keystone.server.flask.application   File "/var/lib/kolla/venv/lib/python3.9/site-packages/flask/views.py", line 107, in view
2023-02-15 15:41:20.833 38 ERROR keystone.server.flask.application     return current_app.ensure_sync(self.dispatch_request)(**kwargs)
2023-02-15 15:41:20.833 38 ERROR keystone.server.flask.application   File "/var/lib/kolla/venv/lib/python3.9/site-packages/flask_restful/__init__.py", line 582, in dispatch_request
2023-02-15 15:41:20.833 38 ERROR keystone.server.flask.application     resp = meth(*args, **kwargs)
2023-02-15 15:41:20.833 38 ERROR keystone.server.flask.application   File "/var/lib/kolla/venv/lib/python3.9/site-packages/keystone/api/projects.py", line 151, in get
2023-02-15 15:41:20.833 38 ERROR keystone.server.flask.application     return self._get_project(project_id)
2023-02-15 15:41:20.833 38 ERROR keystone.server.flask.application   File "/var/lib/kolla/venv/lib/python3.9/site-packages/keystone/api/projects.py", line 107, in _get_project
2023-02-15 15:41:20.833 38 ERROR keystone.server.flask.application     project = PROVIDERS.resource_api.get_project(project_id)
2023-02-15 15:41:20.833 38 ERROR keystone.server.flask.application   File "/var/lib/kolla/venv/lib/python3.9/site-packages/keystone/common/manager.py", line 115, in wrapped
2023-02-15 15:41:20.833 38 ERROR keystone.server.flask.application     __ret_val = __f(*args, **kwargs)
2023-02-15 15:41:20.833 38 ERROR keystone.server.flask.application   File "/var/lib/kolla/venv/lib/python3.9/site-packages/decorator.py", line 232, in fun
2023-02-15 15:41:20.833 38 ERROR keystone.server.flask.application     return caller(func, *(extras + args), **kw)
2023-02-15 15:41:20.833 38 ERROR keystone.server.flask.application   File "/var/lib/kolla/venv/lib/python3.9/site-packages/dogpile/cache/region.py", line 1577, in get_or_create_for_user_func
2023-02-15 15:41:20.833 38 ERROR keystone.server.flask.application     return self.get_or_create(
2023-02-15 15:41:20.833 38 ERROR keystone.server.flask.application   File "/var/lib/kolla/venv/lib/python3.9/site-packages/dogpile/cache/region.py", line 1042, in get_or_create
2023-02-15 15:41:20.833 38 ERROR keystone.server.flask.application     with Lock(
2023-02-15 15:41:20.833 38 ERROR keystone.server.flask.application   File "/var/lib/kolla/venv/lib/python3.9/site-packages/dogpile/lock.py", line 185, in __enter__
2023-02-15 15:41:20.833 38 ERROR keystone.server.flask.application     return self._enter()
2023-02-15 15:41:20.833 38 ERROR keystone.server.flask.application   File "/var/lib/kolla/venv/lib/python3.9/site-packages/dogpile/lock.py", line 94, in _enter
2023-02-15 15:41:20.833 38 ERROR keystone.server.flask.application     generated = self._enter_create(value, createdtime)
2023-02-15 15:41:20.833 38 ERROR keystone.server.flask.application   File "/var/lib/kolla/venv/lib/python3.9/site-packages/dogpile/lock.py", line 178, in _enter_create
2023-02-15 15:41:20.833 38 ERROR keystone.server.flask.application     return self.creator()
2023-02-15 15:41:20.833 38 ERROR keystone.server.flask.application   File "/var/lib/kolla/venv/lib/python3.9/site-packages/dogpile/cache/region.py", line 995, in gen_value
2023-02-15 15:41:20.833 38 ERROR keystone.server.flask.application     created_value = creator(
2023-02-15 15:41:20.833 38 ERROR keystone.server.flask.application   File "/var/lib/kolla/venv/lib/python3.9/site-packages/keystone/resource/core.py", line 903, in get_project
2023-02-15 15:41:20.833 38 ERROR keystone.server.flask.application     return self.driver.get_project(project_id)
2023-02-15 15:41:20.833 38 ERROR keystone.server.flask.application   File "/var/lib/kolla/venv/lib/python3.9/site-packages/keystone/resource/backends/sql.py", line 49, in get_project
2023-02-15 15:41:20.833 38 ERROR keystone.server.flask.application     return self._get_project(session, project_id).to_dict()
2023-02-15 15:41:20.833 38 ERROR keystone.server.flask.application   File "/var/lib/kolla/venv/lib/python3.9/site-packages/keystone/resource/backends/sql.py", line 44, in _get_project
2023-02-15 15:41:20.833 38 ERROR keystone.server.flask.application     raise exception.ProjectNotFound(project_id=project_id)
2023-02-15 15:41:20.833 38 ERROR keystone.server.flask.application keystone.exception.ProjectNotFound: Could not find project: service.
2023-02-15 15:41:20.833 38 ERROR keystone.server.flask.application 
2023-02-15 15:41:30.477 37 ERROR keystone.server.flask.application [None req-c3d4e765-8ac4-480b-9282-6326fee4a378 5675be69996f457ca8ebda0f7855abe5 - - all default -] Could not find project: service.: keystone.exception.ProjectNotFound: Could not find project: service.
2023-02-15 15:41:30.477 37 ERROR keystone.server.flask.application Traceback (most recent call last):
2023-02-15 15:41:30.477 37 ERROR keystone.server.flask.application   File "/var/lib/kolla/venv/lib/python3.9/site-packages/flask/app.py", line 1820, in full_dispatch_request
2023-02-15 15:41:30.477 37 ERROR keystone.server.flask.application     rv = self.dispatch_request()
2023-02-15 15:41:30.477 37 ERROR keystone.server.flask.application   File "/var/lib/kolla/venv/lib/python3.9/site-packages/flask/app.py", line 1796, in dispatch_request
2023-02-15 15:41:30.477 37 ERROR keystone.server.flask.application     return self.ensure_sync(self.view_functions[rule.endpoint])(**view_args)
2023-02-15 15:41:30.477 37 ERROR keystone.server.flask.application   File "/var/lib/kolla/venv/lib/python3.9/site-packages/flask_restful/__init__.py", line 467, in wrapper
2023-02-15 15:41:30.477 37 ERROR keystone.server.flask.application     resp = resource(*args, **kwargs)
2023-02-15 15:41:30.477 37 ERROR keystone.server.flask.application   File "/var/lib/kolla/venv/lib/python3.9/site-packages/flask/views.py", line 107, in view
2023-02-15 15:41:30.477 37 ERROR keystone.server.flask.application     return current_app.ensure_sync(self.dispatch_request)(**kwargs)
2023-02-15 15:41:30.477 37 ERROR keystone.server.flask.application   File "/var/lib/kolla/venv/lib/python3.9/site-packages/flask_restful/__init__.py", line 582, in dispatch_request
2023-02-15 15:41:30.477 37 ERROR keystone.server.flask.application     resp = meth(*args, **kwargs)
2023-02-15 15:41:30.477 37 ERROR keystone.server.flask.application   File "/var/lib/kolla/venv/lib/python3.9/site-packages/keystone/api/projects.py", line 151, in get
2023-02-15 15:41:30.477 37 ERROR keystone.server.flask.application     return self._get_project(project_id)
2023-02-15 15:41:30.477 37 ERROR keystone.server.flask.application   File "/var/lib/kolla/venv/lib/python3.9/site-packages/keystone/api/projects.py", line 107, in _get_project
2023-02-15 15:41:30.477 37 ERROR keystone.server.flask.application     project = PROVIDERS.resource_api.get_project(project_id)
2023-02-15 15:41:30.477 37 ERROR keystone.server.flask.application   File "/var/lib/kolla/venv/lib/python3.9/site-packages/keystone/common/manager.py", line 115, in wrapped
2023-02-15 15:41:30.477 37 ERROR keystone.server.flask.application     __ret_val = __f(*args, **kwargs)
2023-02-15 15:41:30.477 37 ERROR keystone.server.flask.application   File "/var/lib/kolla/venv/lib/python3.9/site-packages/decorator.py", line 232, in fun
2023-02-15 15:41:30.477 37 ERROR keystone.server.flask.application     return caller(func, *(extras + args), **kw)
2023-02-15 15:41:30.477 37 ERROR keystone.server.flask.application   File "/var/lib/kolla/venv/lib/python3.9/site-packages/dogpile/cache/region.py", line 1577, in get_or_create_for_user_func
2023-02-15 15:41:30.477 37 ERROR keystone.server.flask.application     return self.get_or_create(
2023-02-15 15:41:30.477 37 ERROR keystone.server.flask.application   File "/var/lib/kolla/venv/lib/python3.9/site-packages/dogpile/cache/region.py", line 1042, in get_or_create
2023-02-15 15:41:30.477 37 ERROR keystone.server.flask.application     with Lock(
2023-02-15 15:41:30.477 37 ERROR keystone.server.flask.application   File "/var/lib/kolla/venv/lib/python3.9/site-packages/dogpile/lock.py", line 185, in __enter__
2023-02-15 15:41:30.477 37 ERROR keystone.server.flask.application     return self._enter()
2023-02-15 15:41:30.477 37 ERROR keystone.server.flask.application   File "/var/lib/kolla/venv/lib/python3.9/site-packages/dogpile/lock.py", line 94, in _enter
2023-02-15 15:41:30.477 37 ERROR keystone.server.flask.application     generated = self._enter_create(value, createdtime)
2023-02-15 15:41:30.477 37 ERROR keystone.server.flask.application   File "/var/lib/kolla/venv/lib/python3.9/site-packages/dogpile/lock.py", line 178, in _enter_create
2023-02-15 15:41:30.477 37 ERROR keystone.server.flask.application     return self.creator()
2023-02-15 15:41:30.477 37 ERROR keystone.server.flask.application   File "/var/lib/kolla/venv/lib/python3.9/site-packages/dogpile/cache/region.py", line 995, in gen_value
2023-02-15 15:41:30.477 37 ERROR keystone.server.flask.application     created_value = creator(
2023-02-15 15:41:30.477 37 ERROR keystone.server.flask.application   File "/var/lib/kolla/venv/lib/python3.9/site-packages/keystone/resource/core.py", line 903, in get_project
2023-02-15 15:41:30.477 37 ERROR keystone.server.flask.application     return self.driver.get_project(project_id)
2023-02-15 15:41:30.477 37 ERROR keystone.server.flask.application   File "/var/lib/kolla/venv/lib/python3.9/site-packages/keystone/resource/backends/sql.py", line 49, in get_project
2023-02-15 15:41:30.477 37 ERROR keystone.server.flask.application     return self._get_project(session, project_id).to_dict()
2023-02-15 15:41:30.477 37 ERROR keystone.server.flask.application   File "/var/lib/kolla/venv/lib/python3.9/site-packages/keystone/resource/backends/sql.py", line 44, in _get_project
2023-02-15 15:41:30.477 37 ERROR keystone.server.flask.application     raise exception.ProjectNotFound(project_id=project_id)
2023-02-15 15:41:30.477 37 ERROR keystone.server.flask.application keystone.exception.ProjectNotFound: Could not find project: service.
2023-02-15 15:41:30.477 37 ERROR keystone.server.flask.application 
2023-02-15 15:41:47.461 37 ERROR keystone.server.flask.application [None req-d2a57277-2e50-4eab-b719-a458a59c6f4c 5675be69996f457ca8ebda0f7855abe5 - - all default -] Could not find role: admin.: keystone.exception.RoleNotFound: Could not find role: admin.
2023-02-15 15:41:47.461 37 ERROR keystone.server.flask.application Traceback (most recent call last):
2023-02-15 15:41:47.461 37 ERROR keystone.server.flask.application   File "/var/lib/kolla/venv/lib/python3.9/site-packages/flask/app.py", line 1820, in full_dispatch_request
2023-02-15 15:41:47.461 37 ERROR keystone.server.flask.application     rv = self.dispatch_request()
2023-02-15 15:41:47.461 37 ERROR keystone.server.flask.application   File "/var/lib/kolla/venv/lib/python3.9/site-packages/flask/app.py", line 1796, in dispatch_request
2023-02-15 15:41:47.461 37 ERROR keystone.server.flask.application     return self.ensure_sync(self.view_functions[rule.endpoint])(**view_args)
2023-02-15 15:41:47.461 37 ERROR keystone.server.flask.application   File "/var/lib/kolla/venv/lib/python3.9/site-packages/flask_restful/__init__.py", line 467, in wrapper
2023-02-15 15:41:47.461 37 ERROR keystone.server.flask.application     resp = resource(*args, **kwargs)
2023-02-15 15:41:47.461 37 ERROR keystone.server.flask.application   File "/var/lib/kolla/venv/lib/python3.9/site-packages/flask/views.py", line 107, in view
2023-02-15 15:41:47.461 37 ERROR keystone.server.flask.application     return current_app.ensure_sync(self.dispatch_request)(**kwargs)
2023-02-15 15:41:47.461 37 ERROR keystone.server.flask.application   File "/var/lib/kolla/venv/lib/python3.9/site-packages/flask_restful/__init__.py", line 582, in dispatch_request
2023-02-15 15:41:47.461 37 ERROR keystone.server.flask.application     resp = meth(*args, **kwargs)
2023-02-15 15:41:47.461 37 ERROR keystone.server.flask.application   File "/var/lib/kolla/venv/lib/python3.9/site-packages/keystone/api/roles.py", line 50, in get
2023-02-15 15:41:47.461 37 ERROR keystone.server.flask.application     return self._get_role(role_id)
2023-02-15 15:41:47.461 37 ERROR keystone.server.flask.application   File "/var/lib/kolla/venv/lib/python3.9/site-packages/keystone/api/roles.py", line 70, in _get_role
2023-02-15 15:41:47.461 37 ERROR keystone.server.flask.application     ENFORCER.enforce_call(action='identity:get_role')
2023-02-15 15:41:47.461 37 ERROR keystone.server.flask.application   File "/var/lib/kolla/venv/lib/python3.9/site-packages/keystone/common/rbac_enforcer/enforcer.py", line 402, in enforce_call
2023-02-15 15:41:47.461 37 ERROR keystone.server.flask.application     policy_dict.update(cls._extract_member_target_data(
2023-02-15 15:41:47.461 37 ERROR keystone.server.flask.application   File "/var/lib/kolla/venv/lib/python3.9/site-packages/keystone/common/rbac_enforcer/enforcer.py", line 234, in _extract_member_target_data
2023-02-15 15:41:47.461 37 ERROR keystone.server.flask.application     member_name: func(flask.request.view_args[key])
2023-02-15 15:41:47.461 37 ERROR keystone.server.flask.application   File "/var/lib/kolla/venv/lib/python3.9/site-packages/keystone/common/manager.py", line 115, in wrapped
2023-02-15 15:41:47.461 37 ERROR keystone.server.flask.application     __ret_val = __f(*args, **kwargs)
2023-02-15 15:41:47.461 37 ERROR keystone.server.flask.application   File "/var/lib/kolla/venv/lib/python3.9/site-packages/decorator.py", line 232, in fun
2023-02-15 15:41:47.461 37 ERROR keystone.server.flask.application     return caller(func, *(extras + args), **kw)
2023-02-15 15:41:47.461 37 ERROR keystone.server.flask.application   File "/var/lib/kolla/venv/lib/python3.9/site-packages/dogpile/cache/region.py", line 1577, in get_or_create_for_user_func
2023-02-15 15:41:47.461 37 ERROR keystone.server.flask.application     return self.get_or_create(
2023-02-15 15:41:47.461 37 ERROR keystone.server.flask.application   File "/var/lib/kolla/venv/lib/python3.9/site-packages/dogpile/cache/region.py", line 1042, in get_or_create
2023-02-15 15:41:47.461 37 ERROR keystone.server.flask.application     with Lock(
2023-02-15 15:41:47.461 37 ERROR keystone.server.flask.application   File "/var/lib/kolla/venv/lib/python3.9/site-packages/dogpile/lock.py", line 185, in __enter__
2023-02-15 15:41:47.461 37 ERROR keystone.server.flask.application     return self._enter()
2023-02-15 15:41:47.461 37 ERROR keystone.server.flask.application   File "/var/lib/kolla/venv/lib/python3.9/site-packages/dogpile/lock.py", line 94, in _enter
2023-02-15 15:41:47.461 37 ERROR keystone.server.flask.application     generated = self._enter_create(value, createdtime)
2023-02-15 15:41:47.461 37 ERROR keystone.server.flask.application   File "/var/lib/kolla/venv/lib/python3.9/site-packages/dogpile/lock.py", line 178, in _enter_create
2023-02-15 15:41:47.461 37 ERROR keystone.server.flask.application     return self.creator()
2023-02-15 15:41:47.461 37 ERROR keystone.server.flask.application   File "/var/lib/kolla/venv/lib/python3.9/site-packages/dogpile/cache/region.py", line 995, in gen_value
2023-02-15 15:41:47.461 37 ERROR keystone.server.flask.application     created_value = creator(
2023-02-15 15:41:47.461 37 ERROR keystone.server.flask.application   File "/var/lib/kolla/venv/lib/python3.9/site-packages/keystone/assignment/core.py", line 1276, in get_role
2023-02-15 15:41:47.461 37 ERROR keystone.server.flask.application     return self.driver.get_role(role_id)
2023-02-15 15:41:47.461 37 ERROR keystone.server.flask.application   File "/var/lib/kolla/venv/lib/python3.9/site-packages/keystone/assignment/role_backends/sql.py", line 70, in get_role
2023-02-15 15:41:47.461 37 ERROR keystone.server.flask.application     return self._get_role(session, role_id).to_dict()
2023-02-15 15:41:47.461 37 ERROR keystone.server.flask.application   File "/var/lib/kolla/venv/lib/python3.9/site-packages/keystone/assignment/role_backends/sql.py", line 65, in _get_role
2023-02-15 15:41:47.461 37 ERROR keystone.server.flask.application     raise exception.RoleNotFound(role_id=role_id)
2023-02-15 15:41:47.461 37 ERROR keystone.server.flask.application keystone.exception.RoleNotFound: Could not find role: admin.
2023-02-15 15:41:47.461 37 ERROR keystone.server.flask.application 
2023-02-15 15:41:48.889 37 ERROR keystone.server.flask.application [None req-fab15e2a-3171-4bd5-b126-8720d76e62c2 5675be69996f457ca8ebda0f7855abe5 - - all default -] Could not find user: ironic.: keystone.exception.UserNotFound: Could not find user: ironic.
2023-02-15 15:41:48.889 37 ERROR keystone.server.flask.application Traceback (most recent call last):
2023-02-15 15:41:48.889 37 ERROR keystone.server.flask.application   File "/var/lib/kolla/venv/lib/python3.9/site-packages/flask/app.py", line 1820, in full_dispatch_request
2023-02-15 15:41:48.889 37 ERROR keystone.server.flask.application     rv = self.dispatch_request()
2023-02-15 15:41:48.889 37 ERROR keystone.server.flask.application   File "/var/lib/kolla/venv/lib/python3.9/site-packages/flask/app.py", line 1796, in dispatch_request
2023-02-15 15:41:48.889 37 ERROR keystone.server.flask.application     return self.ensure_sync(self.view_functions[rule.endpoint])(**view_args)
2023-02-15 15:41:48.889 37 ERROR keystone.server.flask.application   File "/var/lib/kolla/venv/lib/python3.9/site-packages/flask_restful/__init__.py", line 467, in wrapper
2023-02-15 15:41:48.889 37 ERROR keystone.server.flask.application     resp = resource(*args, **kwargs)
2023-02-15 15:41:48.889 37 ERROR keystone.server.flask.application   File "/var/lib/kolla/venv/lib/python3.9/site-packages/flask/views.py", line 107, in view
2023-02-15 15:41:48.889 37 ERROR keystone.server.flask.application     return current_app.ensure_sync(self.dispatch_request)(**kwargs)
2023-02-15 15:41:48.889 37 ERROR keystone.server.flask.application   File "/var/lib/kolla/venv/lib/python3.9/site-packages/flask_restful/__init__.py", line 582, in dispatch_request
2023-02-15 15:41:48.889 37 ERROR keystone.server.flask.application     resp = meth(*args, **kwargs)
2023-02-15 15:41:48.889 37 ERROR keystone.server.flask.application   File "/var/lib/kolla/venv/lib/python3.9/site-packages/keystone/api/users.py", line 182, in get
2023-02-15 15:41:48.889 37 ERROR keystone.server.flask.application     return self._get_user(user_id)
2023-02-15 15:41:48.889 37 ERROR keystone.server.flask.application   File "/var/lib/kolla/venv/lib/python3.9/site-packages/keystone/api/users.py", line 194, in _get_user
2023-02-15 15:41:48.889 37 ERROR keystone.server.flask.application     ref = PROVIDERS.identity_api.get_user(user_id)
2023-02-15 15:41:48.889 37 ERROR keystone.server.flask.application   File "/var/lib/kolla/venv/lib/python3.9/site-packages/keystone/common/manager.py", line 115, in wrapped
2023-02-15 15:41:48.889 37 ERROR keystone.server.flask.application     __ret_val = __f(*args, **kwargs)
2023-02-15 15:41:48.889 37 ERROR keystone.server.flask.application   File "/var/lib/kolla/venv/lib/python3.9/site-packages/keystone/identity/core.py", line 414, in wrapper
2023-02-15 15:41:48.889 37 ERROR keystone.server.flask.application     return f(self, *args, **kwargs)
2023-02-15 15:41:48.889 37 ERROR keystone.server.flask.application   File "/var/lib/kolla/venv/lib/python3.9/site-packages/keystone/identity/core.py", line 424, in wrapper
2023-02-15 15:41:48.889 37 ERROR keystone.server.flask.application     return f(self, *args, **kwargs)
2023-02-15 15:41:48.889 37 ERROR keystone.server.flask.application   File "/var/lib/kolla/venv/lib/python3.9/site-packages/decorator.py", line 232, in fun
2023-02-15 15:41:48.889 37 ERROR keystone.server.flask.application     return caller(func, *(extras + args), **kw)
2023-02-15 15:41:48.889 37 ERROR keystone.server.flask.application   File "/var/lib/kolla/venv/lib/python3.9/site-packages/dogpile/cache/region.py", line 1577, in get_or_create_for_user_func
2023-02-15 15:41:48.889 37 ERROR keystone.server.flask.application     return self.get_or_create(
2023-02-15 15:41:48.889 37 ERROR keystone.server.flask.application   File "/var/lib/kolla/venv/lib/python3.9/site-packages/dogpile/cache/region.py", line 1042, in get_or_create
2023-02-15 15:41:48.889 37 ERROR keystone.server.flask.application     with Lock(
2023-02-15 15:41:48.889 37 ERROR keystone.server.flask.application   File "/var/lib/kolla/venv/lib/python3.9/site-packages/dogpile/lock.py", line 185, in __enter__
2023-02-15 15:41:48.889 37 ERROR keystone.server.flask.application     return self._enter()
2023-02-15 15:41:48.889 37 ERROR keystone.server.flask.application   File "/var/lib/kolla/venv/lib/python3.9/site-packages/dogpile/lock.py", line 94, in _enter
2023-02-15 15:41:48.889 37 ERROR keystone.server.flask.application     generated = self._enter_create(value, createdtime)
2023-02-15 15:41:48.889 37 ERROR keystone.server.flask.application   File "/var/lib/kolla/venv/lib/python3.9/site-packages/dogpile/lock.py", line 178, in _enter_create
2023-02-15 15:41:48.889 37 ERROR keystone.server.flask.application     return self.creator()
2023-02-15 15:41:48.889 37 ERROR keystone.server.flask.application   File "/var/lib/kolla/venv/lib/python3.9/site-packages/dogpile/cache/region.py", line 995, in gen_value
2023-02-15 15:41:48.889 37 ERROR keystone.server.flask.application     created_value = creator(
2023-02-15 15:41:48.889 37 ERROR keystone.server.flask.application   File "/var/lib/kolla/venv/lib/python3.9/site-packages/keystone/identity/core.py", line 1011, in get_user
2023-02-15 15:41:48.889 37 ERROR keystone.server.flask.application     ref = driver.get_user(entity_id)
2023-02-15 15:41:48.889 37 ERROR keystone.server.flask.application   File "/var/lib/kolla/venv/lib/python3.9/site-packages/keystone/identity/backends/sql.py", line 200, in get_user
2023-02-15 15:41:48.889 37 ERROR keystone.server.flask.application     self._get_user(session, user_id).to_dict())
2023-02-15 15:41:48.889 37 ERROR keystone.server.flask.application   File "/var/lib/kolla/venv/lib/python3.9/site-packages/keystone/identity/backends/sql.py", line 194, in _get_user
2023-02-15 15:41:48.889 37 ERROR keystone.server.flask.application     raise exception.UserNotFound(user_id=user_id)
2023-02-15 15:41:48.889 37 ERROR keystone.server.flask.application keystone.exception.UserNotFound: Could not find user: ironic.
2023-02-15 15:41:48.889 37 ERROR keystone.server.flask.application 
2023-02-15 15:41:50.018 39 ERROR keystone.server.flask.application [None req-08d01308-c0d2-46d6-8d8e-ab780a3006d6 5675be69996f457ca8ebda0f7855abe5 - - all default -] Could not find project: service.: keystone.exception.ProjectNotFound: Could not find project: service.
2023-02-15 15:41:50.018 39 ERROR keystone.server.flask.application Traceback (most recent call last):
2023-02-15 15:41:50.018 39 ERROR keystone.server.flask.application   File "/var/lib/kolla/venv/lib/python3.9/site-packages/flask/app.py", line 1820, in full_dispatch_request
2023-02-15 15:41:50.018 39 ERROR keystone.server.flask.application     rv = self.dispatch_request()
2023-02-15 15:41:50.018 39 ERROR keystone.server.flask.application   File "/var/lib/kolla/venv/lib/python3.9/site-packages/flask/app.py", line 1796, in dispatch_request
2023-02-15 15:41:50.018 39 ERROR keystone.server.flask.application     return self.ensure_sync(self.view_functions[rule.endpoint])(**view_args)
2023-02-15 15:41:50.018 39 ERROR keystone.server.flask.application   File "/var/lib/kolla/venv/lib/python3.9/site-packages/flask_restful/__init__.py", line 467, in wrapper
2023-02-15 15:41:50.018 39 ERROR keystone.server.flask.application     resp = resource(*args, **kwargs)
2023-02-15 15:41:50.018 39 ERROR keystone.server.flask.application   File "/var/lib/kolla/venv/lib/python3.9/site-packages/flask/views.py", line 107, in view
2023-02-15 15:41:50.018 39 ERROR keystone.server.flask.application     return current_app.ensure_sync(self.dispatch_request)(**kwargs)
2023-02-15 15:41:50.018 39 ERROR keystone.server.flask.application   File "/var/lib/kolla/venv/lib/python3.9/site-packages/flask_restful/__init__.py", line 582, in dispatch_request
2023-02-15 15:41:50.018 39 ERROR keystone.server.flask.application     resp = meth(*args, **kwargs)
2023-02-15 15:41:50.018 39 ERROR keystone.server.flask.application   File "/var/lib/kolla/venv/lib/python3.9/site-packages/keystone/api/projects.py", line 151, in get
2023-02-15 15:41:50.018 39 ERROR keystone.server.flask.application     return self._get_project(project_id)
2023-02-15 15:41:50.018 39 ERROR keystone.server.flask.application   File "/var/lib/kolla/venv/lib/python3.9/site-packages/keystone/api/projects.py", line 107, in _get_project
2023-02-15 15:41:50.018 39 ERROR keystone.server.flask.application     project = PROVIDERS.resource_api.get_project(project_id)
2023-02-15 15:41:50.018 39 ERROR keystone.server.flask.application   File "/var/lib/kolla/venv/lib/python3.9/site-packages/keystone/common/manager.py", line 115, in wrapped
2023-02-15 15:41:50.018 39 ERROR keystone.server.flask.application     __ret_val = __f(*args, **kwargs)
2023-02-15 15:41:50.018 39 ERROR keystone.server.flask.application   File "/var/lib/kolla/venv/lib/python3.9/site-packages/decorator.py", line 232, in fun
2023-02-15 15:41:50.018 39 ERROR keystone.server.flask.application     return caller(func, *(extras + args), **kw)
2023-02-15 15:41:50.018 39 ERROR keystone.server.flask.application   File "/var/lib/kolla/venv/lib/python3.9/site-packages/dogpile/cache/region.py", line 1577, in get_or_create_for_user_func
2023-02-15 15:41:50.018 39 ERROR keystone.server.flask.application     return self.get_or_create(
2023-02-15 15:41:50.018 39 ERROR keystone.server.flask.application   File "/var/lib/kolla/venv/lib/python3.9/site-packages/dogpile/cache/region.py", line 1042, in get_or_create
2023-02-15 15:41:50.018 39 ERROR keystone.server.flask.application     with Lock(
2023-02-15 15:41:50.018 39 ERROR keystone.server.flask.application   File "/var/lib/kolla/venv/lib/python3.9/site-packages/dogpile/lock.py", line 185, in __enter__
2023-02-15 15:41:50.018 39 ERROR keystone.server.flask.application     return self._enter()
2023-02-15 15:41:50.018 39 ERROR keystone.server.flask.application   File "/var/lib/kolla/venv/lib/python3.9/site-packages/dogpile/lock.py", line 94, in _enter
2023-02-15 15:41:50.018 39 ERROR keystone.server.flask.application     generated = self._enter_create(value, createdtime)
2023-02-15 15:41:50.018 39 ERROR keystone.server.flask.application   File "/var/lib/kolla/venv/lib/python3.9/site-packages/dogpile/lock.py", line 178, in _enter_create
2023-02-15 15:41:50.018 39 ERROR keystone.server.flask.application     return self.creator()
2023-02-15 15:41:50.018 39 ERROR keystone.server.flask.application   File "/var/lib/kolla/venv/lib/python3.9/site-packages/dogpile/cache/region.py", line 995, in gen_value
2023-02-15 15:41:50.018 39 ERROR keystone.server.flask.application     created_value = creator(
2023-02-15 15:41:50.018 39 ERROR keystone.server.flask.application   File "/var/lib/kolla/venv/lib/python3.9/site-packages/keystone/resource/core.py", line 903, in get_project
2023-02-15 15:41:50.018 39 ERROR keystone.server.flask.application     return self.driver.get_project(project_id)
2023-02-15 15:41:50.018 39 ERROR keystone.server.flask.application   File "/var/lib/kolla/venv/lib/python3.9/site-packages/keystone/resource/backends/sql.py", line 49, in get_project
2023-02-15 15:41:50.018 39 ERROR keystone.server.flask.application     return self._get_project(session, project_id).to_dict()
2023-02-15 15:41:50.018 39 ERROR keystone.server.flask.application   File "/var/lib/kolla/venv/lib/python3.9/site-packages/keystone/resource/backends/sql.py", line 44, in _get_project
2023-02-15 15:41:50.018 39 ERROR keystone.server.flask.application     raise exception.ProjectNotFound(project_id=project_id)
2023-02-15 15:41:50.018 39 ERROR keystone.server.flask.application keystone.exception.ProjectNotFound: Could not find project: service.
2023-02-15 15:41:50.018 39 ERROR keystone.server.flask.application 
2023-02-15 15:42:01.066 38 ERROR keystone.server.flask.application [None req-22e58739-cb46-4e7d-a663-ea564ed10661 5675be69996f457ca8ebda0f7855abe5 - - all default -] Could not find role: admin.: keystone.exception.RoleNotFound: Could not find role: admin.
2023-02-15 15:42:01.066 38 ERROR keystone.server.flask.application Traceback (most recent call last):
2023-02-15 15:42:01.066 38 ERROR keystone.server.flask.application   File "/var/lib/kolla/venv/lib/python3.9/site-packages/flask/app.py", line 1820, in full_dispatch_request
2023-02-15 15:42:01.066 38 ERROR keystone.server.flask.application     rv = self.dispatch_request()
2023-02-15 15:42:01.066 38 ERROR keystone.server.flask.application   File "/var/lib/kolla/venv/lib/python3.9/site-packages/flask/app.py", line 1796, in dispatch_request
2023-02-15 15:42:01.066 38 ERROR keystone.server.flask.application     return self.ensure_sync(self.view_functions[rule.endpoint])(**view_args)
2023-02-15 15:42:01.066 38 ERROR keystone.server.flask.application   File "/var/lib/kolla/venv/lib/python3.9/site-packages/flask_restful/__init__.py", line 467, in wrapper
2023-02-15 15:42:01.066 38 ERROR keystone.server.flask.application     resp = resource(*args, **kwargs)
2023-02-15 15:42:01.066 38 ERROR keystone.server.flask.application   File "/var/lib/kolla/venv/lib/python3.9/site-packages/flask/views.py", line 107, in view
2023-02-15 15:42:01.066 38 ERROR keystone.server.flask.application     return current_app.ensure_sync(self.dispatch_request)(**kwargs)
2023-02-15 15:42:01.066 38 ERROR keystone.server.flask.application   File "/var/lib/kolla/venv/lib/python3.9/site-packages/flask_restful/__init__.py", line 582, in dispatch_request
2023-02-15 15:42:01.066 38 ERROR keystone.server.flask.application     resp = meth(*args, **kwargs)
2023-02-15 15:42:01.066 38 ERROR keystone.server.flask.application   File "/var/lib/kolla/venv/lib/python3.9/site-packages/keystone/api/roles.py", line 50, in get
2023-02-15 15:42:01.066 38 ERROR keystone.server.flask.application     return self._get_role(role_id)
2023-02-15 15:42:01.066 38 ERROR keystone.server.flask.application   File "/var/lib/kolla/venv/lib/python3.9/site-packages/keystone/api/roles.py", line 70, in _get_role
2023-02-15 15:42:01.066 38 ERROR keystone.server.flask.application     ENFORCER.enforce_call(action='identity:get_role')
2023-02-15 15:42:01.066 38 ERROR keystone.server.flask.application   File "/var/lib/kolla/venv/lib/python3.9/site-packages/keystone/common/rbac_enforcer/enforcer.py", line 402, in enforce_call
2023-02-15 15:42:01.066 38 ERROR keystone.server.flask.application     policy_dict.update(cls._extract_member_target_data(
2023-02-15 15:42:01.066 38 ERROR keystone.server.flask.application   File "/var/lib/kolla/venv/lib/python3.9/site-packages/keystone/common/rbac_enforcer/enforcer.py", line 234, in _extract_member_target_data
2023-02-15 15:42:01.066 38 ERROR keystone.server.flask.application     member_name: func(flask.request.view_args[key])
2023-02-15 15:42:01.066 38 ERROR keystone.server.flask.application   File "/var/lib/kolla/venv/lib/python3.9/site-packages/keystone/common/manager.py", line 115, in wrapped
2023-02-15 15:42:01.066 38 ERROR keystone.server.flask.application     __ret_val = __f(*args, **kwargs)
2023-02-15 15:42:01.066 38 ERROR keystone.server.flask.application   File "/var/lib/kolla/venv/lib/python3.9/site-packages/decorator.py", line 232, in fun
2023-02-15 15:42:01.066 38 ERROR keystone.server.flask.application     return caller(func, *(extras + args), **kw)
2023-02-15 15:42:01.066 38 ERROR keystone.server.flask.application   File "/var/lib/kolla/venv/lib/python3.9/site-packages/dogpile/cache/region.py", line 1577, in get_or_create_for_user_func
2023-02-15 15:42:01.066 38 ERROR keystone.server.flask.application     return self.get_or_create(
2023-02-15 15:42:01.066 38 ERROR keystone.server.flask.application   File "/var/lib/kolla/venv/lib/python3.9/site-packages/dogpile/cache/region.py", line 1042, in get_or_create
2023-02-15 15:42:01.066 38 ERROR keystone.server.flask.application     with Lock(
2023-02-15 15:42:01.066 38 ERROR keystone.server.flask.application   File "/var/lib/kolla/venv/lib/python3.9/site-packages/dogpile/lock.py", line 185, in __enter__
2023-02-15 15:42:01.066 38 ERROR keystone.server.flask.application     return self._enter()
2023-02-15 15:42:01.066 38 ERROR keystone.server.flask.application   File "/var/lib/kolla/venv/lib/python3.9/site-packages/dogpile/lock.py", line 94, in _enter
2023-02-15 15:42:01.066 38 ERROR keystone.server.flask.application     generated = self._enter_create(value, createdtime)
2023-02-15 15:42:01.066 38 ERROR keystone.server.flask.application   File "/var/lib/kolla/venv/lib/python3.9/site-packages/dogpile/lock.py", line 178, in _enter_create
2023-02-15 15:42:01.066 38 ERROR keystone.server.flask.application     return self.creator()
2023-02-15 15:42:01.066 38 ERROR keystone.server.flask.application   File "/var/lib/kolla/venv/lib/python3.9/site-packages/dogpile/cache/region.py", line 995, in gen_value
2023-02-15 15:42:01.066 38 ERROR keystone.server.flask.application     created_value = creator(
2023-02-15 15:42:01.066 38 ERROR keystone.server.flask.application   File "/var/lib/kolla/venv/lib/python3.9/site-packages/keystone/assignment/core.py", line 1276, in get_role
2023-02-15 15:42:01.066 38 ERROR keystone.server.flask.application     return self.driver.get_role(role_id)
2023-02-15 15:42:01.066 38 ERROR keystone.server.flask.application   File "/var/lib/kolla/venv/lib/python3.9/site-packages/keystone/assignment/role_backends/sql.py", line 70, in get_role
2023-02-15 15:42:01.066 38 ERROR keystone.server.flask.application     return self._get_role(session, role_id).to_dict()
2023-02-15 15:42:01.066 38 ERROR keystone.server.flask.application   File "/var/lib/kolla/venv/lib/python3.9/site-packages/keystone/assignment/role_backends/sql.py", line 65, in _get_role
2023-02-15 15:42:01.066 38 ERROR keystone.server.flask.application     raise exception.RoleNotFound(role_id=role_id)
2023-02-15 15:42:01.066 38 ERROR keystone.server.flask.application keystone.exception.RoleNotFound: Could not find role: admin.
2023-02-15 15:42:01.066 38 ERROR keystone.server.flask.application 
2023-02-15 15:42:02.404 38 ERROR keystone.server.flask.application [None req-f09c9fda-4ab4-4b42-9715-3580fc2cfe53 5675be69996f457ca8ebda0f7855abe5 - - all default -] Could not find user: ironic-inspector.: keystone.exception.UserNotFound: Could not find user: ironic-inspector.
2023-02-15 15:42:02.404 38 ERROR keystone.server.flask.application Traceback (most recent call last):
2023-02-15 15:42:02.404 38 ERROR keystone.server.flask.application   File "/var/lib/kolla/venv/lib/python3.9/site-packages/flask/app.py", line 1820, in full_dispatch_request
2023-02-15 15:42:02.404 38 ERROR keystone.server.flask.application     rv = self.dispatch_request()
2023-02-15 15:42:02.404 38 ERROR keystone.server.flask.application   File "/var/lib/kolla/venv/lib/python3.9/site-packages/flask/app.py", line 1796, in dispatch_request
2023-02-15 15:42:02.404 38 ERROR keystone.server.flask.application     return self.ensure_sync(self.view_functions[rule.endpoint])(**view_args)
2023-02-15 15:42:02.404 38 ERROR keystone.server.flask.application   File "/var/lib/kolla/venv/lib/python3.9/site-packages/flask_restful/__init__.py", line 467, in wrapper
2023-02-15 15:42:02.404 38 ERROR keystone.server.flask.application     resp = resource(*args, **kwargs)
2023-02-15 15:42:02.404 38 ERROR keystone.server.flask.application   File "/var/lib/kolla/venv/lib/python3.9/site-packages/flask/views.py", line 107, in view
2023-02-15 15:42:02.404 38 ERROR keystone.server.flask.application     return current_app.ensure_sync(self.dispatch_request)(**kwargs)
2023-02-15 15:42:02.404 38 ERROR keystone.server.flask.application   File "/var/lib/kolla/venv/lib/python3.9/site-packages/flask_restful/__init__.py", line 582, in dispatch_request
2023-02-15 15:42:02.404 38 ERROR keystone.server.flask.application     resp = meth(*args, **kwargs)
2023-02-15 15:42:02.404 38 ERROR keystone.server.flask.application   File "/var/lib/kolla/venv/lib/python3.9/site-packages/keystone/api/users.py", line 182, in get
2023-02-15 15:42:02.404 38 ERROR keystone.server.flask.application     return self._get_user(user_id)
2023-02-15 15:42:02.404 38 ERROR keystone.server.flask.application   File "/var/lib/kolla/venv/lib/python3.9/site-packages/keystone/api/users.py", line 194, in _get_user
2023-02-15 15:42:02.404 38 ERROR keystone.server.flask.application     ref = PROVIDERS.identity_api.get_user(user_id)
2023-02-15 15:42:02.404 38 ERROR keystone.server.flask.application   File "/var/lib/kolla/venv/lib/python3.9/site-packages/keystone/common/manager.py", line 115, in wrapped
2023-02-15 15:42:02.404 38 ERROR keystone.server.flask.application     __ret_val = __f(*args, **kwargs)
2023-02-15 15:42:02.404 38 ERROR keystone.server.flask.application   File "/var/lib/kolla/venv/lib/python3.9/site-packages/keystone/identity/core.py", line 414, in wrapper
2023-02-15 15:42:02.404 38 ERROR keystone.server.flask.application     return f(self, *args, **kwargs)
2023-02-15 15:42:02.404 38 ERROR keystone.server.flask.application   File "/var/lib/kolla/venv/lib/python3.9/site-packages/keystone/identity/core.py", line 424, in wrapper
2023-02-15 15:42:02.404 38 ERROR keystone.server.flask.application     return f(self, *args, **kwargs)
2023-02-15 15:42:02.404 38 ERROR keystone.server.flask.application   File "/var/lib/kolla/venv/lib/python3.9/site-packages/decorator.py", line 232, in fun
2023-02-15 15:42:02.404 38 ERROR keystone.server.flask.application     return caller(func, *(extras + args), **kw)
2023-02-15 15:42:02.404 38 ERROR keystone.server.flask.application   File "/var/lib/kolla/venv/lib/python3.9/site-packages/dogpile/cache/region.py", line 1577, in get_or_create_for_user_func
2023-02-15 15:42:02.404 38 ERROR keystone.server.flask.application     return self.get_or_create(
2023-02-15 15:42:02.404 38 ERROR keystone.server.flask.application   File "/var/lib/kolla/venv/lib/python3.9/site-packages/dogpile/cache/region.py", line 1042, in get_or_create
2023-02-15 15:42:02.404 38 ERROR keystone.server.flask.application     with Lock(
2023-02-15 15:42:02.404 38 ERROR keystone.server.flask.application   File "/var/lib/kolla/venv/lib/python3.9/site-packages/dogpile/lock.py", line 185, in __enter__
2023-02-15 15:42:02.404 38 ERROR keystone.server.flask.application     return self._enter()
2023-02-15 15:42:02.404 38 ERROR keystone.server.flask.application   File "/var/lib/kolla/venv/lib/python3.9/site-packages/dogpile/lock.py", line 94, in _enter
2023-02-15 15:42:02.404 38 ERROR keystone.server.flask.application     generated = self._enter_create(value, createdtime)
2023-02-15 15:42:02.404 38 ERROR keystone.server.flask.application   File "/var/lib/kolla/venv/lib/python3.9/site-packages/dogpile/lock.py", line 178, in _enter_create
2023-02-15 15:42:02.404 38 ERROR keystone.server.flask.application     return self.creator()
2023-02-15 15:42:02.404 38 ERROR keystone.server.flask.application   File "/var/lib/kolla/venv/lib/python3.9/site-packages/dogpile/cache/region.py", line 995, in gen_value
2023-02-15 15:42:02.404 38 ERROR keystone.server.flask.application     created_value = creator(
2023-02-15 15:42:02.404 38 ERROR keystone.server.flask.application   File "/var/lib/kolla/venv/lib/python3.9/site-packages/keystone/identity/core.py", line 1011, in get_user
2023-02-15 15:42:02.404 38 ERROR keystone.server.flask.application     ref = driver.get_user(entity_id)
2023-02-15 15:42:02.404 38 ERROR keystone.server.flask.application   File "/var/lib/kolla/venv/lib/python3.9/site-packages/keystone/identity/backends/sql.py", line 200, in get_user
2023-02-15 15:42:02.404 38 ERROR keystone.server.flask.application     self._get_user(session, user_id).to_dict())
2023-02-15 15:42:02.404 38 ERROR keystone.server.flask.application   File "/var/lib/kolla/venv/lib/python3.9/site-packages/keystone/identity/backends/sql.py", line 194, in _get_user
2023-02-15 15:42:02.404 38 ERROR keystone.server.flask.application     raise exception.UserNotFound(user_id=user_id)
2023-02-15 15:42:02.404 38 ERROR keystone.server.flask.application keystone.exception.UserNotFound: Could not find user: ironic-inspector.
2023-02-15 15:42:02.404 38 ERROR keystone.server.flask.application 
2023-02-15 15:42:03.265 37 ERROR keystone.server.flask.application [None req-d7e4daf5-cc5d-4dec-b779-231d108870fc 5675be69996f457ca8ebda0f7855abe5 - - all default -] Could not find project: service.: keystone.exception.ProjectNotFound: Could not find project: service.
2023-02-15 15:42:03.265 37 ERROR keystone.server.flask.application Traceback (most recent call last):
2023-02-15 15:42:03.265 37 ERROR keystone.server.flask.application   File "/var/lib/kolla/venv/lib/python3.9/site-packages/flask/app.py", line 1820, in full_dispatch_request
2023-02-15 15:42:03.265 37 ERROR keystone.server.flask.application     rv = self.dispatch_request()
2023-02-15 15:42:03.265 37 ERROR keystone.server.flask.application   File "/var/lib/kolla/venv/lib/python3.9/site-packages/flask/app.py", line 1796, in dispatch_request
2023-02-15 15:42:03.265 37 ERROR keystone.server.flask.application     return self.ensure_sync(self.view_functions[rule.endpoint])(**view_args)
2023-02-15 15:42:03.265 37 ERROR keystone.server.flask.application   File "/var/lib/kolla/venv/lib/python3.9/site-packages/flask_restful/__init__.py", line 467, in wrapper
2023-02-15 15:42:03.265 37 ERROR keystone.server.flask.application     resp = resource(*args, **kwargs)
2023-02-15 15:42:03.265 37 ERROR keystone.server.flask.application   File "/var/lib/kolla/venv/lib/python3.9/site-packages/flask/views.py", line 107, in view
2023-02-15 15:42:03.265 37 ERROR keystone.server.flask.application     return current_app.ensure_sync(self.dispatch_request)(**kwargs)
2023-02-15 15:42:03.265 37 ERROR keystone.server.flask.application   File "/var/lib/kolla/venv/lib/python3.9/site-packages/flask_restful/__init__.py", line 582, in dispatch_request
2023-02-15 15:42:03.265 37 ERROR keystone.server.flask.application     resp = meth(*args, **kwargs)
2023-02-15 15:42:03.265 37 ERROR keystone.server.flask.application   File "/var/lib/kolla/venv/lib/python3.9/site-packages/keystone/api/projects.py", line 151, in get
2023-02-15 15:42:03.265 37 ERROR keystone.server.flask.application     return self._get_project(project_id)
2023-02-15 15:42:03.265 37 ERROR keystone.server.flask.application   File "/var/lib/kolla/venv/lib/python3.9/site-packages/keystone/api/projects.py", line 107, in _get_project
2023-02-15 15:42:03.265 37 ERROR keystone.server.flask.application     project = PROVIDERS.resource_api.get_project(project_id)
2023-02-15 15:42:03.265 37 ERROR keystone.server.flask.application   File "/var/lib/kolla/venv/lib/python3.9/site-packages/keystone/common/manager.py", line 115, in wrapped
2023-02-15 15:42:03.265 37 ERROR keystone.server.flask.application     __ret_val = __f(*args, **kwargs)
2023-02-15 15:42:03.265 37 ERROR keystone.server.flask.application   File "/var/lib/kolla/venv/lib/python3.9/site-packages/decorator.py", line 232, in fun
2023-02-15 15:42:03.265 37 ERROR keystone.server.flask.application     return caller(func, *(extras + args), **kw)
2023-02-15 15:42:03.265 37 ERROR keystone.server.flask.application   File "/var/lib/kolla/venv/lib/python3.9/site-packages/dogpile/cache/region.py", line 1577, in get_or_create_for_user_func
2023-02-15 15:42:03.265 37 ERROR keystone.server.flask.application     return self.get_or_create(
2023-02-15 15:42:03.265 37 ERROR keystone.server.flask.application   File "/var/lib/kolla/venv/lib/python3.9/site-packages/dogpile/cache/region.py", line 1042, in get_or_create
2023-02-15 15:42:03.265 37 ERROR keystone.server.flask.application     with Lock(
2023-02-15 15:42:03.265 37 ERROR keystone.server.flask.application   File "/var/lib/kolla/venv/lib/python3.9/site-packages/dogpile/lock.py", line 185, in __enter__
2023-02-15 15:42:03.265 37 ERROR keystone.server.flask.application     return self._enter()
2023-02-15 15:42:03.265 37 ERROR keystone.server.flask.application   File "/var/lib/kolla/venv/lib/python3.9/site-packages/dogpile/lock.py", line 94, in _enter
2023-02-15 15:42:03.265 37 ERROR keystone.server.flask.application     generated = self._enter_create(value, createdtime)
2023-02-15 15:42:03.265 37 ERROR keystone.server.flask.application   File "/var/lib/kolla/venv/lib/python3.9/site-packages/dogpile/lock.py", line 178, in _enter_create
2023-02-15 15:42:03.265 37 ERROR keystone.server.flask.application     return self.creator()
2023-02-15 15:42:03.265 37 ERROR keystone.server.flask.application   File "/var/lib/kolla/venv/lib/python3.9/site-packages/dogpile/cache/region.py", line 995, in gen_value
2023-02-15 15:42:03.265 37 ERROR keystone.server.flask.application     created_value = creator(
2023-02-15 15:42:03.265 37 ERROR keystone.server.flask.application   File "/var/lib/kolla/venv/lib/python3.9/site-packages/keystone/resource/core.py", line 903, in get_project
2023-02-15 15:42:03.265 37 ERROR keystone.server.flask.application     return self.driver.get_project(project_id)
2023-02-15 15:42:03.265 37 ERROR keystone.server.flask.application   File "/var/lib/kolla/venv/lib/python3.9/site-packages/keystone/resource/backends/sql.py", line 49, in get_project
2023-02-15 15:42:03.265 37 ERROR keystone.server.flask.application     return self._get_project(session, project_id).to_dict()
2023-02-15 15:42:03.265 37 ERROR keystone.server.flask.application   File "/var/lib/kolla/venv/lib/python3.9/site-packages/keystone/resource/backends/sql.py", line 44, in _get_project
2023-02-15 15:42:03.265 37 ERROR keystone.server.flask.application     raise exception.ProjectNotFound(project_id=project_id)
2023-02-15 15:42:03.265 37 ERROR keystone.server.flask.application keystone.exception.ProjectNotFound: Could not find project: service.
2023-02-15 15:42:03.265 37 ERROR keystone.server.flask.application 
