- - - [01/Mar/2023:17:04:04 -0500] "GET / HTTP/1.1" 200 468 7765187 "-" "ironic-inspector keystoneauth1/5.1.0 python-requests/2.28.1 CPython/3.9.14"
- - - [01/Mar/2023:17:04:12 -0500] "GET /v1/ports?fields=address%2Cextra HTTP/1.1" 200 13 7239361 "-" "ironic-inspector keystoneauth1/5.1.0 python-requests/2.28.1 CPython/3.9.14"
- - - [01/Mar/2023:17:04:19 -0500] "GET /v1/ports?fields=address%2Cextra HTTP/1.1" 200 13 8136687 "-" "ironic-inspector keystoneauth1/5.1.0 python-requests/2.28.1 CPython/3.9.14"
- - - [01/Mar/2023:17:04:43 -0500] "GET /v1/ports?fields=address%2Cextra HTTP/1.1" 200 13 1673742 "-" "ironic-inspector keystoneauth1/5.1.0 python-requests/2.28.1 CPython/3.9.14"
- - - [01/Mar/2023:17:04:44 -0500] "GET /v1/ports?fields=address%2Cextra HTTP/1.1" 200 13 394469 "-" "ironic-inspector keystoneauth1/5.1.0 python-requests/2.28.1 CPython/3.9.14"
- - - [01/Mar/2023:17:04:58 -0500] "GET /v1/ports?fields=address%2Cextra HTTP/1.1" 200 13 546912 "-" "ironic-inspector keystoneauth1/5.1.0 python-requests/2.28.1 CPython/3.9.14"
- - - [01/Mar/2023:17:04:58 -0500] "GET /v1/ports?fields=address%2Cextra HTTP/1.1" 200 13 529576 "-" "ironic-inspector keystoneauth1/5.1.0 python-requests/2.28.1 CPython/3.9.14"
- - - [01/Mar/2023:17:05:13 -0500] "GET /v1/ports?fields=address%2Cextra HTTP/1.1" 200 13 515921 "-" "ironic-inspector keystoneauth1/5.1.0 python-requests/2.28.1 CPython/3.9.14"
- - - [01/Mar/2023:17:05:13 -0500] "GET /v1/ports?fields=address%2Cextra HTTP/1.1" 200 13 453663 "-" "ironic-inspector keystoneauth1/5.1.0 python-requests/2.28.1 CPython/3.9.14"
- - - [01/Mar/2023:17:05:28 -0500] "GET /v1/ports?fields=address%2Cextra HTTP/1.1" 200 13 529892 "-" "ironic-inspector keystoneauth1/5.1.0 python-requests/2.28.1 CPython/3.9.14"
- - - [01/Mar/2023:17:05:28 -0500] "GET /v1/nodes?fields=uuid HTTP/1.1" 200 13 793573 "-" "ironic-inspector keystoneauth1/5.1.0 python-requests/2.28.1 CPython/3.9.14"
- - - [01/Mar/2023:17:05:28 -0500] "GET /v1/ports?fields=address%2Cextra HTTP/1.1" 200 13 342652 "-" "ironic-inspector keystoneauth1/5.1.0 python-requests/2.28.1 CPython/3.9.14"
- - - [01/Mar/2023:17:05:43 -0500] "GET /v1/ports?fields=address%2Cextra HTTP/1.1" 200 13 514178 "-" "ironic-inspector keystoneauth1/5.1.0 python-requests/2.28.1 CPython/3.9.14"
- - - [01/Mar/2023:17:05:43 -0500] "GET /v1/ports?fields=address%2Cextra HTTP/1.1" 200 13 402742 "-" "ironic-inspector keystoneauth1/5.1.0 python-requests/2.28.1 CPython/3.9.14"
- - - [01/Mar/2023:17:05:58 -0500] "GET /v1/ports?fields=address%2Cextra HTTP/1.1" 200 13 479854 "-" "ironic-inspector keystoneauth1/5.1.0 python-requests/2.28.1 CPython/3.9.14"
- - - [01/Mar/2023:17:05:58 -0500] "GET /v1/ports?fields=address%2Cextra HTTP/1.1" 200 13 414554 "-" "ironic-inspector keystoneauth1/5.1.0 python-requests/2.28.1 CPython/3.9.14"
- - - [01/Mar/2023:17:06:13 -0500] "GET /v1/ports?fields=address%2Cextra HTTP/1.1" 200 13 360077 "-" "ironic-inspector keystoneauth1/5.1.0 python-requests/2.28.1 CPython/3.9.14"
- - - [01/Mar/2023:17:06:13 -0500] "GET /v1/ports?fields=address%2Cextra HTTP/1.1" 200 13 421975 "-" "ironic-inspector keystoneauth1/5.1.0 python-requests/2.28.1 CPython/3.9.14"
- - - [01/Mar/2023:17:06:28 -0500] "GET /v1/ports?fields=address%2Cextra HTTP/1.1" 200 13 393626 "-" "ironic-inspector keystoneauth1/5.1.0 python-requests/2.28.1 CPython/3.9.14"
- - - [01/Mar/2023:17:06:28 -0500] "GET /v1/nodes?fields=uuid HTTP/1.1" 200 13 434703 "-" "ironic-inspector keystoneauth1/5.1.0 python-requests/2.28.1 CPython/3.9.14"
- - - [01/Mar/2023:17:06:28 -0500] "GET /v1/ports?fields=address%2Cextra HTTP/1.1" 200 13 404361 "-" "ironic-inspector keystoneauth1/5.1.0 python-requests/2.28.1 CPython/3.9.14"
- - - [01/Mar/2023:17:06:43 -0500] "GET /v1/ports?fields=address%2Cextra HTTP/1.1" 200 13 576746 "-" "ironic-inspector keystoneauth1/5.1.0 python-requests/2.28.1 CPython/3.9.14"
- - - [01/Mar/2023:17:06:43 -0500] "GET /v1/ports?fields=address%2Cextra HTTP/1.1" 200 13 490343 "-" "ironic-inspector keystoneauth1/5.1.0 python-requests/2.28.1 CPython/3.9.14"
- - - [01/Mar/2023:17:06:58 -0500] "GET /v1/ports?fields=address%2Cextra HTTP/1.1" 200 13 582839 "-" "ironic-inspector keystoneauth1/5.1.0 python-requests/2.28.1 CPython/3.9.14"
- - - [01/Mar/2023:17:06:58 -0500] "GET /v1/ports?fields=address%2Cextra HTTP/1.1" 200 13 605409 "-" "ironic-inspector keystoneauth1/5.1.0 python-requests/2.28.1 CPython/3.9.14"
- - - [01/Mar/2023:17:07:13 -0500] "GET /v1/ports?fields=address%2Cextra HTTP/1.1" 200 13 459064 "-" "ironic-inspector keystoneauth1/5.1.0 python-requests/2.28.1 CPython/3.9.14"
- - - [01/Mar/2023:17:07:13 -0500] "GET /v1/ports?fields=address%2Cextra HTTP/1.1" 200 13 569069 "-" "ironic-inspector keystoneauth1/5.1.0 python-requests/2.28.1 CPython/3.9.14"
- - - [01/Mar/2023:17:07:28 -0500] "GET /v1/ports?fields=address%2Cextra HTTP/1.1" 200 13 1158420 "-" "ironic-inspector keystoneauth1/5.1.0 python-requests/2.28.1 CPython/3.9.14"
- - - [01/Mar/2023:17:07:28 -0500] "GET /v1/nodes?fields=uuid HTTP/1.1" 200 13 1300888 "-" "ironic-inspector keystoneauth1/5.1.0 python-requests/2.28.1 CPython/3.9.14"
- - - [01/Mar/2023:17:07:29 -0500] "GET /v1/ports?fields=address%2Cextra HTTP/1.1" 200 13 663335 "-" "ironic-inspector keystoneauth1/5.1.0 python-requests/2.28.1 CPython/3.9.14"
- - - [01/Mar/2023:17:07:43 -0500] "GET /v1/ports?fields=address%2Cextra HTTP/1.1" 200 13 377437 "-" "ironic-inspector keystoneauth1/5.1.0 python-requests/2.28.1 CPython/3.9.14"
- - - [01/Mar/2023:17:07:43 -0500] "GET /v1/ports?fields=address%2Cextra HTTP/1.1" 200 13 376902 "-" "ironic-inspector keystoneauth1/5.1.0 python-requests/2.28.1 CPython/3.9.14"
- - - [01/Mar/2023:17:07:58 -0500] "GET /v1/ports?fields=address%2Cextra HTTP/1.1" 200 13 391415 "-" "ironic-inspector keystoneauth1/5.1.0 python-requests/2.28.1 CPython/3.9.14"
- - - [01/Mar/2023:17:07:58 -0500] "GET /v1/ports?fields=address%2Cextra HTTP/1.1" 200 13 373832 "-" "ironic-inspector keystoneauth1/5.1.0 python-requests/2.28.1 CPython/3.9.14"
- - - [01/Mar/2023:17:08:13 -0500] "GET /v1/ports?fields=address%2Cextra HTTP/1.1" 200 13 351059 "-" "ironic-inspector keystoneauth1/5.1.0 python-requests/2.28.1 CPython/3.9.14"
- - - [01/Mar/2023:17:08:13 -0500] "GET /v1/ports?fields=address%2Cextra HTTP/1.1" 200 13 376865 "-" "ironic-inspector keystoneauth1/5.1.0 python-requests/2.28.1 CPython/3.9.14"
- - - [01/Mar/2023:17:08:28 -0500] "GET /v1/nodes?fields=uuid HTTP/1.1" 200 13 445393 "-" "ironic-inspector keystoneauth1/5.1.0 python-requests/2.28.1 CPython/3.9.14"
- - - [01/Mar/2023:17:08:28 -0500] "GET /v1/ports?fields=address%2Cextra HTTP/1.1" 200 13 533002 "-" "ironic-inspector keystoneauth1/5.1.0 python-requests/2.28.1 CPython/3.9.14"
- - - [01/Mar/2023:17:08:28 -0500] "GET /v1/ports?fields=address%2Cextra HTTP/1.1" 200 13 404889 "-" "ironic-inspector keystoneauth1/5.1.0 python-requests/2.28.1 CPython/3.9.14"
- - - [01/Mar/2023:17:08:43 -0500] "GET /v1/ports?fields=address%2Cextra HTTP/1.1" 200 13 423128 "-" "ironic-inspector keystoneauth1/5.1.0 python-requests/2.28.1 CPython/3.9.14"
- - - [01/Mar/2023:17:08:43 -0500] "GET /v1/ports?fields=address%2Cextra HTTP/1.1" 200 13 381588 "-" "ironic-inspector keystoneauth1/5.1.0 python-requests/2.28.1 CPython/3.9.14"
- - - [01/Mar/2023:17:08:58 -0500] "GET /v1/ports?fields=address%2Cextra HTTP/1.1" 200 13 466535 "-" "ironic-inspector keystoneauth1/5.1.0 python-requests/2.28.1 CPython/3.9.14"
- - - [01/Mar/2023:17:08:58 -0500] "GET /v1/ports?fields=address%2Cextra HTTP/1.1" 200 13 396998 "-" "ironic-inspector keystoneauth1/5.1.0 python-requests/2.28.1 CPython/3.9.14"
- - - [01/Mar/2023:17:09:13 -0500] "GET /v1/ports?fields=address%2Cextra HTTP/1.1" 200 13 425139 "-" "ironic-inspector keystoneauth1/5.1.0 python-requests/2.28.1 CPython/3.9.14"
- - - [01/Mar/2023:17:09:13 -0500] "GET /v1/ports?fields=address%2Cextra HTTP/1.1" 200 13 331244 "-" "ironic-inspector keystoneauth1/5.1.0 python-requests/2.28.1 CPython/3.9.14"
- - - [01/Mar/2023:17:09:28 -0500] "GET /v1/nodes?fields=uuid HTTP/1.1" 200 13 396066 "-" "ironic-inspector keystoneauth1/5.1.0 python-requests/2.28.1 CPython/3.9.14"
- - - [01/Mar/2023:17:09:28 -0500] "GET /v1/ports?fields=address%2Cextra HTTP/1.1" 200 13 406574 "-" "ironic-inspector keystoneauth1/5.1.0 python-requests/2.28.1 CPython/3.9.14"
- - - [01/Mar/2023:17:09:28 -0500] "GET /v1/ports?fields=address%2Cextra HTTP/1.1" 200 13 371317 "-" "ironic-inspector keystoneauth1/5.1.0 python-requests/2.28.1 CPython/3.9.14"
- - - [01/Mar/2023:17:09:43 -0500] "GET /v1/ports?fields=address%2Cextra HTTP/1.1" 200 13 382679 "-" "ironic-inspector keystoneauth1/5.1.0 python-requests/2.28.1 CPython/3.9.14"
- - - [01/Mar/2023:17:09:43 -0500] "GET /v1/ports?fields=address%2Cextra HTTP/1.1" 200 13 383830 "-" "ironic-inspector keystoneauth1/5.1.0 python-requests/2.28.1 CPython/3.9.14"
- - - [01/Mar/2023:17:09:58 -0500] "GET /v1/ports?fields=address%2Cextra HTTP/1.1" 200 13 440656 "-" "ironic-inspector keystoneauth1/5.1.0 python-requests/2.28.1 CPython/3.9.14"
- - - [01/Mar/2023:17:09:58 -0500] "GET /v1/ports?fields=address%2Cextra HTTP/1.1" 200 13 464591 "-" "ironic-inspector keystoneauth1/5.1.0 python-requests/2.28.1 CPython/3.9.14"
- - - [01/Mar/2023:17:10:13 -0500] "GET /v1/ports?fields=address%2Cextra HTTP/1.1" 200 13 410349 "-" "ironic-inspector keystoneauth1/5.1.0 python-requests/2.28.1 CPython/3.9.14"
- - - [01/Mar/2023:17:10:13 -0500] "GET /v1/ports?fields=address%2Cextra HTTP/1.1" 200 13 409951 "-" "ironic-inspector keystoneauth1/5.1.0 python-requests/2.28.1 CPython/3.9.14"
- - - [01/Mar/2023:17:10:28 -0500] "GET /v1/nodes?fields=uuid HTTP/1.1" 200 13 373508 "-" "ironic-inspector keystoneauth1/5.1.0 python-requests/2.28.1 CPython/3.9.14"
- - - [01/Mar/2023:17:10:28 -0500] "GET /v1/ports?fields=address%2Cextra HTTP/1.1" 200 13 386009 "-" "ironic-inspector keystoneauth1/5.1.0 python-requests/2.28.1 CPython/3.9.14"
- - - [01/Mar/2023:17:10:28 -0500] "GET /v1/ports?fields=address%2Cextra HTTP/1.1" 200 13 372000 "-" "ironic-inspector keystoneauth1/5.1.0 python-requests/2.28.1 CPython/3.9.14"
- - - [01/Mar/2023:17:10:43 -0500] "GET /v1/ports?fields=address%2Cextra HTTP/1.1" 200 13 421365 "-" "ironic-inspector keystoneauth1/5.1.0 python-requests/2.28.1 CPython/3.9.14"
- - - [01/Mar/2023:17:10:43 -0500] "GET /v1/ports?fields=address%2Cextra HTTP/1.1" 200 13 533166 "-" "ironic-inspector keystoneauth1/5.1.0 python-requests/2.28.1 CPython/3.9.14"
- - - [01/Mar/2023:17:10:58 -0500] "GET /v1/ports?fields=address%2Cextra HTTP/1.1" 200 13 437319 "-" "ironic-inspector keystoneauth1/5.1.0 python-requests/2.28.1 CPython/3.9.14"
- - - [01/Mar/2023:17:10:58 -0500] "GET /v1/ports?fields=address%2Cextra HTTP/1.1" 200 13 376248 "-" "ironic-inspector keystoneauth1/5.1.0 python-requests/2.28.1 CPython/3.9.14"
- - - [01/Mar/2023:17:11:13 -0500] "GET /v1/ports?fields=address%2Cextra HTTP/1.1" 200 13 405189 "-" "ironic-inspector keystoneauth1/5.1.0 python-requests/2.28.1 CPython/3.9.14"
- - - [01/Mar/2023:17:11:13 -0500] "GET /v1/ports?fields=address%2Cextra HTTP/1.1" 200 13 346348 "-" "ironic-inspector keystoneauth1/5.1.0 python-requests/2.28.1 CPython/3.9.14"
- - - [01/Mar/2023:17:11:28 -0500] "GET /v1/nodes?fields=uuid HTTP/1.1" 200 13 389103 "-" "ironic-inspector keystoneauth1/5.1.0 python-requests/2.28.1 CPython/3.9.14"
- - - [01/Mar/2023:17:11:28 -0500] "GET /v1/ports?fields=address%2Cextra HTTP/1.1" 200 13 396571 "-" "ironic-inspector keystoneauth1/5.1.0 python-requests/2.28.1 CPython/3.9.14"
- - - [01/Mar/2023:17:11:28 -0500] "GET /v1/ports?fields=address%2Cextra HTTP/1.1" 200 13 407266 "-" "ironic-inspector keystoneauth1/5.1.0 python-requests/2.28.1 CPython/3.9.14"
- - - [01/Mar/2023:17:11:43 -0500] "GET /v1/ports?fields=address%2Cextra HTTP/1.1" 200 13 431894 "-" "ironic-inspector keystoneauth1/5.1.0 python-requests/2.28.1 CPython/3.9.14"
- - - [01/Mar/2023:17:11:43 -0500] "GET /v1/ports?fields=address%2Cextra HTTP/1.1" 200 13 389633 "-" "ironic-inspector keystoneauth1/5.1.0 python-requests/2.28.1 CPython/3.9.14"
- - - [01/Mar/2023:17:11:58 -0500] "GET /v1/ports?fields=address%2Cextra HTTP/1.1" 200 13 525007 "-" "ironic-inspector keystoneauth1/5.1.0 python-requests/2.28.1 CPython/3.9.14"
- - - [01/Mar/2023:17:11:58 -0500] "GET /v1/ports?fields=address%2Cextra HTTP/1.1" 200 13 398518 "-" "ironic-inspector keystoneauth1/5.1.0 python-requests/2.28.1 CPython/3.9.14"
- - - [01/Mar/2023:17:12:13 -0500] "GET /v1/ports?fields=address%2Cextra HTTP/1.1" 200 13 538948 "-" "ironic-inspector keystoneauth1/5.1.0 python-requests/2.28.1 CPython/3.9.14"
- - - [01/Mar/2023:17:12:13 -0500] "GET /v1/ports?fields=address%2Cextra HTTP/1.1" 200 13 503413 "-" "ironic-inspector keystoneauth1/5.1.0 python-requests/2.28.1 CPython/3.9.14"
- - - [01/Mar/2023:17:12:28 -0500] "GET /v1/nodes?fields=uuid HTTP/1.1" 200 13 488844 "-" "ironic-inspector keystoneauth1/5.1.0 python-requests/2.28.1 CPython/3.9.14"
- - - [01/Mar/2023:17:12:28 -0500] "GET /v1/ports?fields=address%2Cextra HTTP/1.1" 200 13 452705 "-" "ironic-inspector keystoneauth1/5.1.0 python-requests/2.28.1 CPython/3.9.14"
- - - [01/Mar/2023:17:12:28 -0500] "GET /v1/ports?fields=address%2Cextra HTTP/1.1" 200 13 338028 "-" "ironic-inspector keystoneauth1/5.1.0 python-requests/2.28.1 CPython/3.9.14"
- - - [01/Mar/2023:17:12:43 -0500] "GET /v1/ports?fields=address%2Cextra HTTP/1.1" 200 13 478257 "-" "ironic-inspector keystoneauth1/5.1.0 python-requests/2.28.1 CPython/3.9.14"
- - - [01/Mar/2023:17:12:43 -0500] "GET /v1/ports?fields=address%2Cextra HTTP/1.1" 200 13 407511 "-" "ironic-inspector keystoneauth1/5.1.0 python-requests/2.28.1 CPython/3.9.14"
- - - [01/Mar/2023:17:12:58 -0500] "GET /v1/ports?fields=address%2Cextra HTTP/1.1" 200 13 420906 "-" "ironic-inspector keystoneauth1/5.1.0 python-requests/2.28.1 CPython/3.9.14"
- - - [01/Mar/2023:17:12:58 -0500] "GET /v1/ports?fields=address%2Cextra HTTP/1.1" 200 13 463773 "-" "ironic-inspector keystoneauth1/5.1.0 python-requests/2.28.1 CPython/3.9.14"
- - - [01/Mar/2023:17:13:13 -0500] "GET /v1/ports?fields=address%2Cextra HTTP/1.1" 200 13 419913 "-" "ironic-inspector keystoneauth1/5.1.0 python-requests/2.28.1 CPython/3.9.14"
- - - [01/Mar/2023:17:13:13 -0500] "GET /v1/ports?fields=address%2Cextra HTTP/1.1" 200 13 401473 "-" "ironic-inspector keystoneauth1/5.1.0 python-requests/2.28.1 CPython/3.9.14"
- - - [01/Mar/2023:17:13:28 -0500] "GET /v1/nodes?fields=uuid HTTP/1.1" 200 13 494647 "-" "ironic-inspector keystoneauth1/5.1.0 python-requests/2.28.1 CPython/3.9.14"
- - - [01/Mar/2023:17:13:28 -0500] "GET /v1/ports?fields=address%2Cextra HTTP/1.1" 200 13 469163 "-" "ironic-inspector keystoneauth1/5.1.0 python-requests/2.28.1 CPython/3.9.14"
- - - [01/Mar/2023:17:13:28 -0500] "GET /v1/ports?fields=address%2Cextra HTTP/1.1" 200 13 520088 "-" "ironic-inspector keystoneauth1/5.1.0 python-requests/2.28.1 CPython/3.9.14"
- - - [01/Mar/2023:17:13:43 -0500] "GET /v1/ports?fields=address%2Cextra HTTP/1.1" 200 13 420603 "-" "ironic-inspector keystoneauth1/5.1.0 python-requests/2.28.1 CPython/3.9.14"
- - - [01/Mar/2023:17:13:43 -0500] "GET /v1/ports?fields=address%2Cextra HTTP/1.1" 200 13 431476 "-" "ironic-inspector keystoneauth1/5.1.0 python-requests/2.28.1 CPython/3.9.14"
- - - [01/Mar/2023:17:13:58 -0500] "GET /v1/ports?fields=address%2Cextra HTTP/1.1" 200 13 436932 "-" "ironic-inspector keystoneauth1/5.1.0 python-requests/2.28.1 CPython/3.9.14"
- - - [01/Mar/2023:17:13:58 -0500] "GET /v1/ports?fields=address%2Cextra HTTP/1.1" 200 13 403443 "-" "ironic-inspector keystoneauth1/5.1.0 python-requests/2.28.1 CPython/3.9.14"
- - - [01/Mar/2023:17:14:13 -0500] "GET /v1/ports?fields=address%2Cextra HTTP/1.1" 200 13 425395 "-" "ironic-inspector keystoneauth1/5.1.0 python-requests/2.28.1 CPython/3.9.14"
- - - [01/Mar/2023:17:14:13 -0500] "GET /v1/ports?fields=address%2Cextra HTTP/1.1" 200 13 416905 "-" "ironic-inspector keystoneauth1/5.1.0 python-requests/2.28.1 CPython/3.9.14"
- - - [01/Mar/2023:17:14:28 -0500] "GET /v1/nodes?fields=uuid HTTP/1.1" 200 13 676928 "-" "ironic-inspector keystoneauth1/5.1.0 python-requests/2.28.1 CPython/3.9.14"
- - - [01/Mar/2023:17:14:28 -0500] "GET /v1/ports?fields=address%2Cextra HTTP/1.1" 200 13 655354 "-" "ironic-inspector keystoneauth1/5.1.0 python-requests/2.28.1 CPython/3.9.14"
- - - [01/Mar/2023:17:14:28 -0500] "GET /v1/ports?fields=address%2Cextra HTTP/1.1" 200 13 423083 "-" "ironic-inspector keystoneauth1/5.1.0 python-requests/2.28.1 CPython/3.9.14"
- - - [01/Mar/2023:17:14:43 -0500] "GET /v1/ports?fields=address%2Cextra HTTP/1.1" 200 13 413344 "-" "ironic-inspector keystoneauth1/5.1.0 python-requests/2.28.1 CPython/3.9.14"
- - - [01/Mar/2023:17:14:43 -0500] "GET /v1/ports?fields=address%2Cextra HTTP/1.1" 200 13 441206 "-" "ironic-inspector keystoneauth1/5.1.0 python-requests/2.28.1 CPython/3.9.14"
- - - [01/Mar/2023:17:14:58 -0500] "GET /v1/ports?fields=address%2Cextra HTTP/1.1" 200 13 425148 "-" "ironic-inspector keystoneauth1/5.1.0 python-requests/2.28.1 CPython/3.9.14"
- - - [01/Mar/2023:17:14:58 -0500] "GET /v1/ports?fields=address%2Cextra HTTP/1.1" 200 13 437395 "-" "ironic-inspector keystoneauth1/5.1.0 python-requests/2.28.1 CPython/3.9.14"
- - - [01/Mar/2023:17:15:13 -0500] "GET /v1/ports?fields=address%2Cextra HTTP/1.1" 200 13 462969 "-" "ironic-inspector keystoneauth1/5.1.0 python-requests/2.28.1 CPython/3.9.14"
- - - [01/Mar/2023:17:15:13 -0500] "GET /v1/ports?fields=address%2Cextra HTTP/1.1" 200 13 590582 "-" "ironic-inspector keystoneauth1/5.1.0 python-requests/2.28.1 CPython/3.9.14"
- - - [01/Mar/2023:17:15:28 -0500] "GET /v1/nodes?fields=uuid HTTP/1.1" 200 13 594131 "-" "ironic-inspector keystoneauth1/5.1.0 python-requests/2.28.1 CPython/3.9.14"
- - - [01/Mar/2023:17:15:28 -0500] "GET /v1/ports?fields=address%2Cextra HTTP/1.1" 200 13 579068 "-" "ironic-inspector keystoneauth1/5.1.0 python-requests/2.28.1 CPython/3.9.14"
- - - [01/Mar/2023:17:15:28 -0500] "GET /v1/ports?fields=address%2Cextra HTTP/1.1" 200 13 346090 "-" "ironic-inspector keystoneauth1/5.1.0 python-requests/2.28.1 CPython/3.9.14"
- - - [01/Mar/2023:17:15:43 -0500] "GET /v1/ports?fields=address%2Cextra HTTP/1.1" 200 13 482039 "-" "ironic-inspector keystoneauth1/5.1.0 python-requests/2.28.1 CPython/3.9.14"
- - - [01/Mar/2023:17:15:43 -0500] "GET /v1/ports?fields=address%2Cextra HTTP/1.1" 200 13 428738 "-" "ironic-inspector keystoneauth1/5.1.0 python-requests/2.28.1 CPython/3.9.14"
- - - [01/Mar/2023:17:15:58 -0500] "GET /v1/ports?fields=address%2Cextra HTTP/1.1" 200 13 736076 "-" "ironic-inspector keystoneauth1/5.1.0 python-requests/2.28.1 CPython/3.9.14"
- - - [01/Mar/2023:17:15:59 -0500] "GET /v1/ports?fields=address%2Cextra HTTP/1.1" 200 13 345941 "-" "ironic-inspector keystoneauth1/5.1.0 python-requests/2.28.1 CPython/3.9.14"
- - - [01/Mar/2023:17:16:28 -0500] "GET /v1/ports?fields=address%2Cextra HTTP/1.1" 200 13 10148330 "-" "ironic-inspector keystoneauth1/5.1.0 python-requests/2.28.1 CPython/3.9.14"
- - - [01/Mar/2023:17:16:28 -0500] "GET /v1/nodes?fields=uuid HTTP/1.1" 200 13 10375130 "-" "ironic-inspector keystoneauth1/5.1.0 python-requests/2.28.1 CPython/3.9.14"
- - - [01/Mar/2023:17:16:38 -0500] "GET /v1/ports?fields=address%2Cextra HTTP/1.1" 200 13 6439996 "-" "ironic-inspector keystoneauth1/5.1.0 python-requests/2.28.1 CPython/3.9.14"
- - - [01/Mar/2023:17:16:44 -0500] "GET /v1/ports?fields=address%2Cextra HTTP/1.1" 200 13 608348 "-" "ironic-inspector keystoneauth1/5.1.0 python-requests/2.28.1 CPython/3.9.14"
- - - [01/Mar/2023:17:16:45 -0500] "GET /v1/ports?fields=address%2Cextra HTTP/1.1" 200 13 511941 "-" "ironic-inspector keystoneauth1/5.1.0 python-requests/2.28.1 CPython/3.9.14"
- - - [01/Mar/2023:17:16:59 -0500] "GET /v1/ports?fields=address%2Cextra HTTP/1.1" 200 13 562283 "-" "ironic-inspector keystoneauth1/5.1.0 python-requests/2.28.1 CPython/3.9.14"
- - - [01/Mar/2023:17:17:00 -0500] "GET /v1/ports?fields=address%2Cextra HTTP/1.1" 200 13 585795 "-" "ironic-inspector keystoneauth1/5.1.0 python-requests/2.28.1 CPython/3.9.14"
- - - [01/Mar/2023:17:17:07 -0500] "POST /v1/nodes HTTP/1.1" 201 2664 820989 "-" "python-ironicclient"
- - - [01/Mar/2023:17:17:11 -0500] "GET /v1/nodes HTTP/1.1" 200 380 443880 "-" "python-ironicclient"
- - - [01/Mar/2023:17:17:14 -0500] "GET /v1/ports?fields=address%2Cextra HTTP/1.1" 200 13 672605 "-" "ironic-inspector keystoneauth1/5.1.0 python-requests/2.28.1 CPython/3.9.14"
- - - [01/Mar/2023:17:17:14 -0500] "PATCH /v1/nodes/b4c2e082-290a-4fd1-ac56-eddbb6924fe7 HTTP/1.1" 200 3138 1070336 "-" "python-ironicclient"
- - - [01/Mar/2023:17:17:15 -0500] "GET /v1/ports?fields=address%2Cextra HTTP/1.1" 200 13 603386 "-" "ironic-inspector keystoneauth1/5.1.0 python-requests/2.28.1 CPython/3.9.14"
- - - [01/Mar/2023:17:17:19 -0500] "POST /v1/ports HTTP/1.1" 201 562 724387 "-" "python-ironicclient"
- - - [01/Mar/2023:17:17:23 -0500] "PUT /v1/nodes/b4c2e082-290a-4fd1-ac56-eddbb6924fe7/states/provision HTTP/1.1" 202 - 566123 "-" "python-ironicclient"
- - - [01/Mar/2023:17:17:28 -0500] "GET /v1/nodes?fields=uuid HTTP/1.1" 200 271 617829 "-" "ironic-inspector keystoneauth1/5.1.0 python-requests/2.28.1 CPython/3.9.14"
- - - [01/Mar/2023:17:17:29 -0500] "GET /v1/ports?fields=address%2Cextra HTTP/1.1" 200 268 714917 "-" "ironic-inspector keystoneauth1/5.1.0 python-requests/2.28.1 CPython/3.9.14"
- - - [01/Mar/2023:17:17:30 -0500] "GET /v1/ports?fields=address%2Cextra HTTP/1.1" 200 268 516935 "-" "ironic-inspector keystoneauth1/5.1.0 python-requests/2.28.1 CPython/3.9.14"
- - - [01/Mar/2023:17:17:37 -0500] "PUT /v1/nodes/b4c2e082-290a-4fd1-ac56-eddbb6924fe7/states/provision HTTP/1.1" 202 - 963959 "-" "python-ironicclient"
- - - [01/Mar/2023:17:17:41 -0500] "PUT /v1/nodes/b4c2e082-290a-4fd1-ac56-eddbb6924fe7/states/power HTTP/1.1" 202 - 1140485 "-" "python-ironicclient"
- - - [01/Mar/2023:17:17:44 -0500] "GET /v1/ports?fields=address%2Cextra HTTP/1.1" 200 268 726519 "-" "ironic-inspector keystoneauth1/5.1.0 python-requests/2.28.1 CPython/3.9.14"
- - - [01/Mar/2023:17:17:45 -0500] "GET /v1/ports?fields=address%2Cextra HTTP/1.1" 200 268 823638 "-" "ironic-inspector keystoneauth1/5.1.0 python-requests/2.28.1 CPython/3.9.14"
- - - [01/Mar/2023:17:17:59 -0500] "GET /v1/ports?fields=address%2Cextra HTTP/1.1" 200 268 1059570 "-" "ironic-inspector keystoneauth1/5.1.0 python-requests/2.28.1 CPython/3.9.14"
- - - [01/Mar/2023:17:18:01 -0500] "GET /v1/ports?fields=address%2Cextra HTTP/1.1" 200 268 608033 "-" "ironic-inspector keystoneauth1/5.1.0 python-requests/2.28.1 CPython/3.9.14"
- - - [01/Mar/2023:17:18:10 -0500] "GET /v1/nodes HTTP/1.1" 200 369 748724 "-" "python-urllib3/1.26.5"
- - - [01/Mar/2023:17:18:11 -0500] "GET /v1/nodes?provision_state=available&associated=False&maintenance=False&fields=uuid%2Cdriver%2Cinstance_uuid%2Cprovision_state%2Cname%2Cmaintenance HTTP/1.1" 200 379 664737 "-" "python-urllib3/1.26.5"
- - - [01/Mar/2023:17:18:12 -0500] "PATCH /v1/nodes/b4c2e082-290a-4fd1-ac56-eddbb6924fe7 HTTP/1.1" 200 2563 970747 "-" "python-urllib3/1.26.5"
- - - [01/Mar/2023:17:18:13 -0500] "PATCH /v1/nodes/b4c2e082-290a-4fd1-ac56-eddbb6924fe7 HTTP/1.1" 200 2563 912385 "-" "python-urllib3/1.26.5"
- - - [01/Mar/2023:17:18:14 -0500] "GET /v1/ports?fields=address%2Cextra HTTP/1.1" 200 268 482964 "-" "ironic-inspector keystoneauth1/5.1.0 python-requests/2.28.1 CPython/3.9.14"
- - - [01/Mar/2023:17:18:15 -0500] "GET /v1/ports?fields=address%2Cextra HTTP/1.1" 200 268 611993 "-" "ironic-inspector keystoneauth1/5.1.0 python-requests/2.28.1 CPython/3.9.14"
- - - [01/Mar/2023:17:18:19 -0500] "POST /v1/nodes/b4c2e082-290a-4fd1-ac56-eddbb6924fe7/vifs HTTP/1.1" 204 - 626141 "-" "python-urllib3/1.26.5"
- - - [01/Mar/2023:17:18:20 -0500] "PATCH /v1/nodes/b4c2e082-290a-4fd1-ac56-eddbb6924fe7 HTTP/1.1" 200 2563 836787 "-" "python-urllib3/1.26.5"
- - - [01/Mar/2023:17:18:21 -0500] "PUT /v1/nodes/b4c2e082-290a-4fd1-ac56-eddbb6924fe7/states/provision HTTP/1.1" 202 - 825620 "-" "python-urllib3/1.26.5"
- - - [01/Mar/2023:17:18:22 -0500] "GET /v1/nodes/b4c2e082-290a-4fd1-ac56-eddbb6924fe7 HTTP/1.1" 200 2624 507398 "-" "python-urllib3/1.26.5"
- - - [01/Mar/2023:17:18:23 -0500] "GET /v1/nodes/b4c2e082-290a-4fd1-ac56-eddbb6924fe7 HTTP/1.1" 200 2669 554481 "-" "python-urllib3/1.26.5"
- - - [01/Mar/2023:17:18:25 -0500] "GET /v1/nodes/b4c2e082-290a-4fd1-ac56-eddbb6924fe7 HTTP/1.1" 200 2669 782484 "-" "python-urllib3/1.26.5"
- - - [01/Mar/2023:17:18:26 -0500] "GET /v1/nodes/b4c2e082-290a-4fd1-ac56-eddbb6924fe7 HTTP/1.1" 200 2669 437384 "-" "python-urllib3/1.26.5"
- - - [01/Mar/2023:17:18:28 -0500] "GET /v1/nodes?fields=uuid HTTP/1.1" 200 271 506924 "-" "ironic-inspector keystoneauth1/5.1.0 python-requests/2.28.1 CPython/3.9.14"
- - - [01/Mar/2023:17:18:28 -0500] "GET /v1/nodes/b4c2e082-290a-4fd1-ac56-eddbb6924fe7 HTTP/1.1" 200 2669 624453 "-" "python-urllib3/1.26.5"
- - - [01/Mar/2023:17:18:29 -0500] "GET /v1/ports?fields=address%2Cextra HTTP/1.1" 200 268 494322 "-" "ironic-inspector keystoneauth1/5.1.0 python-requests/2.28.1 CPython/3.9.14"
- - - [01/Mar/2023:17:18:30 -0500] "GET /v1/nodes/b4c2e082-290a-4fd1-ac56-eddbb6924fe7 HTTP/1.1" 200 2742 985508 "-" "python-urllib3/1.26.5"
- - - [01/Mar/2023:17:18:30 -0500] "GET /v1/ports?fields=address%2Cextra HTTP/1.1" 200 268 990481 "-" "ironic-inspector keystoneauth1/5.1.0 python-requests/2.28.1 CPython/3.9.14"
- - - [01/Mar/2023:17:18:32 -0500] "GET /v1/nodes/b4c2e082-290a-4fd1-ac56-eddbb6924fe7 HTTP/1.1" 200 2742 710075 "-" "python-urllib3/1.26.5"
- - - [01/Mar/2023:17:18:33 -0500] "GET /v1/nodes/b4c2e082-290a-4fd1-ac56-eddbb6924fe7 HTTP/1.1" 200 2742 652618 "-" "python-urllib3/1.26.5"
- - - [01/Mar/2023:17:18:35 -0500] "GET /v1/nodes/b4c2e082-290a-4fd1-ac56-eddbb6924fe7 HTTP/1.1" 200 2742 1253526 "-" "python-urllib3/1.26.5"
- - - [01/Mar/2023:17:18:37 -0500] "GET /v1/nodes/b4c2e082-290a-4fd1-ac56-eddbb6924fe7 HTTP/1.1" 200 2742 1592996 "-" "python-urllib3/1.26.5"
- - - [01/Mar/2023:17:18:40 -0500] "GET /v1/nodes/b4c2e082-290a-4fd1-ac56-eddbb6924fe7 HTTP/1.1" 200 2742 801722 "-" "python-urllib3/1.26.5"
- - - [01/Mar/2023:17:18:42 -0500] "GET /v1/nodes/b4c2e082-290a-4fd1-ac56-eddbb6924fe7 HTTP/1.1" 200 2742 542503 "-" "python-urllib3/1.26.5"
- - - [01/Mar/2023:17:18:43 -0500] "GET /v1/nodes/b4c2e082-290a-4fd1-ac56-eddbb6924fe7 HTTP/1.1" 200 2742 583461 "-" "python-urllib3/1.26.5"
- - - [01/Mar/2023:17:18:44 -0500] "GET /v1/ports?fields=address%2Cextra HTTP/1.1" 200 268 450653 "-" "ironic-inspector keystoneauth1/5.1.0 python-requests/2.28.1 CPython/3.9.14"
- - - [01/Mar/2023:17:18:45 -0500] "GET /v1/nodes/b4c2e082-290a-4fd1-ac56-eddbb6924fe7 HTTP/1.1" 200 2742 635779 "-" "python-urllib3/1.26.5"
- - - [01/Mar/2023:17:18:45 -0500] "GET /v1/ports?fields=address%2Cextra HTTP/1.1" 200 268 714719 "-" "ironic-inspector keystoneauth1/5.1.0 python-requests/2.28.1 CPython/3.9.14"
- - - [01/Mar/2023:17:18:46 -0500] "GET /v1/nodes/b4c2e082-290a-4fd1-ac56-eddbb6924fe7 HTTP/1.1" 200 2742 605174 "-" "python-urllib3/1.26.5"
- - - [01/Mar/2023:17:18:48 -0500] "GET /v1/nodes/b4c2e082-290a-4fd1-ac56-eddbb6924fe7 HTTP/1.1" 200 2742 735573 "-" "python-urllib3/1.26.5"
- - - [01/Mar/2023:17:18:50 -0500] "GET /v1/nodes/b4c2e082-290a-4fd1-ac56-eddbb6924fe7 HTTP/1.1" 200 3285 1008739 "-" "python-urllib3/1.26.5"
- - - [01/Mar/2023:17:18:52 -0500] "GET /v1/nodes/b4c2e082-290a-4fd1-ac56-eddbb6924fe7 HTTP/1.1" 200 3285 744160 "-" "python-urllib3/1.26.5"
- - - [01/Mar/2023:17:18:54 -0500] "GET /v1/nodes/b4c2e082-290a-4fd1-ac56-eddbb6924fe7 HTTP/1.1" 200 3285 741701 "-" "python-urllib3/1.26.5"
- - - [01/Mar/2023:17:18:55 -0500] "GET /v1/nodes/b4c2e082-290a-4fd1-ac56-eddbb6924fe7 HTTP/1.1" 200 3285 544827 "-" "python-urllib3/1.26.5"
- - - [01/Mar/2023:17:18:57 -0500] "GET /v1/nodes/b4c2e082-290a-4fd1-ac56-eddbb6924fe7 HTTP/1.1" 200 3285 610476 "-" "python-urllib3/1.26.5"
- - - [01/Mar/2023:17:18:58 -0500] "GET /v1/nodes/b4c2e082-290a-4fd1-ac56-eddbb6924fe7 HTTP/1.1" 200 3285 682038 "-" "python-urllib3/1.26.5"
- - - [01/Mar/2023:17:18:59 -0500] "GET /v1/ports?fields=address%2Cextra HTTP/1.1" 200 268 602160 "-" "ironic-inspector keystoneauth1/5.1.0 python-requests/2.28.1 CPython/3.9.14"
- - - [01/Mar/2023:17:19:00 -0500] "GET /v1/ports?fields=address%2Cextra HTTP/1.1" 200 268 447523 "-" "ironic-inspector keystoneauth1/5.1.0 python-requests/2.28.1 CPython/3.9.14"
- - - [01/Mar/2023:17:19:00 -0500] "GET /v1/nodes/b4c2e082-290a-4fd1-ac56-eddbb6924fe7 HTTP/1.1" 200 3268 448822 "-" "python-urllib3/1.26.5"
- - - [01/Mar/2023:17:19:01 -0500] "GET /v1/nodes/b4c2e082-290a-4fd1-ac56-eddbb6924fe7 HTTP/1.1" 200 3268 463210 "-" "python-urllib3/1.26.5"
- - - [01/Mar/2023:17:19:14 -0500] "GET /v1/ports?fields=address%2Cextra HTTP/1.1" 200 268 615370 "-" "ironic-inspector keystoneauth1/5.1.0 python-requests/2.28.1 CPython/3.9.14"
- - - [01/Mar/2023:17:19:15 -0500] "GET /v1/ports?fields=address%2Cextra HTTP/1.1" 200 268 669540 "-" "ironic-inspector keystoneauth1/5.1.0 python-requests/2.28.1 CPython/3.9.14"
- - - [01/Mar/2023:17:19:28 -0500] "GET /v1/nodes?fields=uuid HTTP/1.1" 200 271 778651 "-" "ironic-inspector keystoneauth1/5.1.0 python-requests/2.28.1 CPython/3.9.14"
- - - [01/Mar/2023:17:19:29 -0500] "GET /v1/ports?fields=address%2Cextra HTTP/1.1" 200 268 600686 "-" "ironic-inspector keystoneauth1/5.1.0 python-requests/2.28.1 CPython/3.9.14"
- - - [01/Mar/2023:17:19:30 -0500] "GET /v1/ports?fields=address%2Cextra HTTP/1.1" 200 268 660297 "-" "ironic-inspector keystoneauth1/5.1.0 python-requests/2.28.1 CPython/3.9.14"
- - - [01/Mar/2023:17:19:31 -0500] "GET /v1/nodes/b4c2e082-290a-4fd1-ac56-eddbb6924fe7 HTTP/1.1" 200 3268 562491 "-" "python-urllib3/1.26.5"
- - - [01/Mar/2023:17:19:44 -0500] "GET /v1/ports?fields=address%2Cextra HTTP/1.1" 200 268 957485 "-" "ironic-inspector keystoneauth1/5.1.0 python-requests/2.28.1 CPython/3.9.14"
- - - [01/Mar/2023:17:19:45 -0500] "GET /v1/ports?fields=address%2Cextra HTTP/1.1" 200 268 602899 "-" "ironic-inspector keystoneauth1/5.1.0 python-requests/2.28.1 CPython/3.9.14"
- - - [01/Mar/2023:17:19:59 -0500] "GET /v1/ports?fields=address%2Cextra HTTP/1.1" 200 268 612924 "-" "ironic-inspector keystoneauth1/5.1.0 python-requests/2.28.1 CPython/3.9.14"
- - - [01/Mar/2023:17:20:00 -0500] "GET /v1/ports?fields=address%2Cextra HTTP/1.1" 200 268 554609 "-" "ironic-inspector keystoneauth1/5.1.0 python-requests/2.28.1 CPython/3.9.14"
- - - [01/Mar/2023:17:20:02 -0500] "GET /v1/nodes/b4c2e082-290a-4fd1-ac56-eddbb6924fe7 HTTP/1.1" 200 3268 581915 "-" "python-urllib3/1.26.5"
- - - [01/Mar/2023:17:20:14 -0500] "GET /v1/ports?fields=address%2Cextra HTTP/1.1" 200 268 432507 "-" "ironic-inspector keystoneauth1/5.1.0 python-requests/2.28.1 CPython/3.9.14"
- - - [01/Mar/2023:17:20:15 -0500] "GET /v1/ports?fields=address%2Cextra HTTP/1.1" 200 268 491297 "-" "ironic-inspector keystoneauth1/5.1.0 python-requests/2.28.1 CPython/3.9.14"
- - - [01/Mar/2023:17:20:28 -0500] "GET /v1/nodes?fields=uuid HTTP/1.1" 200 271 1021605 "-" "ironic-inspector keystoneauth1/5.1.0 python-requests/2.28.1 CPython/3.9.14"
- - - [01/Mar/2023:17:20:29 -0500] "GET /v1/ports?fields=address%2Cextra HTTP/1.1" 200 268 509321 "-" "ironic-inspector keystoneauth1/5.1.0 python-requests/2.28.1 CPython/3.9.14"
- - - [01/Mar/2023:17:20:30 -0500] "GET /v1/ports?fields=address%2Cextra HTTP/1.1" 200 268 606951 "-" "ironic-inspector keystoneauth1/5.1.0 python-requests/2.28.1 CPython/3.9.14"
- - - [01/Mar/2023:17:20:32 -0500] "GET /v1/nodes/b4c2e082-290a-4fd1-ac56-eddbb6924fe7 HTTP/1.1" 200 3268 562461 "-" "python-urllib3/1.26.5"
- - - [01/Mar/2023:17:20:44 -0500] "GET /v1/ports?fields=address%2Cextra HTTP/1.1" 200 268 1039278 "-" "ironic-inspector keystoneauth1/5.1.0 python-requests/2.28.1 CPython/3.9.14"
- - - [01/Mar/2023:17:20:46 -0500] "GET /v1/ports?fields=address%2Cextra HTTP/1.1" 200 268 568953 "-" "ironic-inspector keystoneauth1/5.1.0 python-requests/2.28.1 CPython/3.9.14"
- - - [01/Mar/2023:17:20:59 -0500] "GET /v1/ports?fields=address%2Cextra HTTP/1.1" 200 268 665501 "-" "ironic-inspector keystoneauth1/5.1.0 python-requests/2.28.1 CPython/3.9.14"
- - - [01/Mar/2023:17:21:00 -0500] "GET /v1/ports?fields=address%2Cextra HTTP/1.1" 200 268 593949 "-" "ironic-inspector keystoneauth1/5.1.0 python-requests/2.28.1 CPython/3.9.14"
- - - [01/Mar/2023:17:21:03 -0500] "GET /v1/nodes/b4c2e082-290a-4fd1-ac56-eddbb6924fe7 HTTP/1.1" 200 3268 683053 "-" "python-urllib3/1.26.5"
- - - [01/Mar/2023:17:21:14 -0500] "GET /v1/ports?fields=address%2Cextra HTTP/1.1" 200 268 559309 "-" "ironic-inspector keystoneauth1/5.1.0 python-requests/2.28.1 CPython/3.9.14"
- - - [01/Mar/2023:17:21:15 -0500] "GET /v1/ports?fields=address%2Cextra HTTP/1.1" 200 268 487131 "-" "ironic-inspector keystoneauth1/5.1.0 python-requests/2.28.1 CPython/3.9.14"
- - - [01/Mar/2023:17:21:28 -0500] "GET /v1/nodes?fields=uuid HTTP/1.1" 200 271 551601 "-" "ironic-inspector keystoneauth1/5.1.0 python-requests/2.28.1 CPython/3.9.14"
- - - [01/Mar/2023:17:21:29 -0500] "GET /v1/ports?fields=address%2Cextra HTTP/1.1" 200 268 743165 "-" "ironic-inspector keystoneauth1/5.1.0 python-requests/2.28.1 CPython/3.9.14"
- - - [01/Mar/2023:17:21:30 -0500] "GET /v1/ports?fields=address%2Cextra HTTP/1.1" 200 268 694452 "-" "ironic-inspector keystoneauth1/5.1.0 python-requests/2.28.1 CPython/3.9.14"
- - - [01/Mar/2023:17:21:34 -0500] "GET /v1/nodes/b4c2e082-290a-4fd1-ac56-eddbb6924fe7 HTTP/1.1" 200 3268 810906 "-" "python-urllib3/1.26.5"
- - - [01/Mar/2023:17:21:44 -0500] "GET /v1/ports?fields=address%2Cextra HTTP/1.1" 200 268 531073 "-" "ironic-inspector keystoneauth1/5.1.0 python-requests/2.28.1 CPython/3.9.14"
- - - [01/Mar/2023:17:21:45 -0500] "GET /v1/ports?fields=address%2Cextra HTTP/1.1" 200 268 697817 "-" "ironic-inspector keystoneauth1/5.1.0 python-requests/2.28.1 CPython/3.9.14"
- - - [01/Mar/2023:17:21:59 -0500] "GET /v1/ports?fields=address%2Cextra HTTP/1.1" 200 268 663292 "-" "ironic-inspector keystoneauth1/5.1.0 python-requests/2.28.1 CPython/3.9.14"
- - - [01/Mar/2023:17:22:00 -0500] "GET /v1/ports?fields=address%2Cextra HTTP/1.1" 200 268 559319 "-" "ironic-inspector keystoneauth1/5.1.0 python-requests/2.28.1 CPython/3.9.14"
- - - [01/Mar/2023:17:22:05 -0500] "GET /v1/nodes/b4c2e082-290a-4fd1-ac56-eddbb6924fe7 HTTP/1.1" 200 3268 612361 "-" "python-urllib3/1.26.5"
- - - [01/Mar/2023:17:22:14 -0500] "GET /v1/ports?fields=address%2Cextra HTTP/1.1" 200 268 595076 "-" "ironic-inspector keystoneauth1/5.1.0 python-requests/2.28.1 CPython/3.9.14"
- - - [01/Mar/2023:17:22:15 -0500] "GET /v1/ports?fields=address%2Cextra HTTP/1.1" 200 268 612660 "-" "ironic-inspector keystoneauth1/5.1.0 python-requests/2.28.1 CPython/3.9.14"
- - - [01/Mar/2023:17:22:27 -0500] "GET / HTTP/1.1" 200 468 47889 "-" "python-requests/2.28.1"
- - - [01/Mar/2023:17:22:27 -0500] "GET /v1/lookup?addresses=98%3Af2%3Ab3%3A12%3A51%3Aab%2C98%3Af2%3Ab3%3A12%3A51%3Aa9%2C94%3A40%3Ac9%3A21%3Aa0%3A0a%2Ce2%3Af1%3Aaf%3A61%3Ad4%3A5f%2C94%3A40%3Ac9%3A21%3Aa0%3A08%2C98%3Af2%3Ab3%3A12%3A51%3Aaa%2C94%3A40%3Ac9%3A21%3Aa0%3A0b%2C98%3Af2%3Ab3%3A12%3A51%3Aa8%2C94%3A40%3Ac9%3A21%3Aa0%3A09 HTTP/1.1" 200 1010 441331 "-" "python-requests/2.28.1"
- - - [01/Mar/2023:17:22:28 -0500] "POST /v1/heartbeat/b4c2e082-290a-4fd1-ac56-eddbb6924fe7 HTTP/1.1" 202 - 196416 "-" "python-requests/2.28.1"
- - - [01/Mar/2023:17:22:28 -0500] "GET /v1/nodes?fields=uuid HTTP/1.1" 200 271 642468 "-" "ironic-inspector keystoneauth1/5.1.0 python-requests/2.28.1 CPython/3.9.14"
- - - [01/Mar/2023:17:22:29 -0500] "GET /v1/lookup?addresses=98%3Af2%3Ab3%3A12%3A51%3Aab%2C98%3Af2%3Ab3%3A12%3A51%3Aa9%2C94%3A40%3Ac9%3A21%3Aa0%3A0a%2Ce2%3Af1%3Aaf%3A61%3Ad4%3A5f%2C94%3A40%3Ac9%3A21%3Aa0%3A08%2C98%3Af2%3Ab3%3A12%3A51%3Aaa%2C94%3A40%3Ac9%3A21%3Aa0%3A0b%2C98%3Af2%3Ab3%3A12%3A51%3Aa8%2C94%3A40%3Ac9%3A21%3Aa0%3A09&node_uuid=b4c2e082-290a-4fd1-ac56-eddbb6924fe7 HTTP/1.1" 200 1010 144020 "-" "python-requests/2.28.1"
- - - [01/Mar/2023:17:22:29 -0500] "GET /v1/ports?fields=address%2Cextra HTTP/1.1" 200 268 704227 "-" "ironic-inspector keystoneauth1/5.1.0 python-requests/2.28.1 CPython/3.9.14"
- - - [01/Mar/2023:17:22:30 -0500] "GET /v1/ports?fields=address%2Cextra HTTP/1.1" 200 268 520812 "-" "ironic-inspector keystoneauth1/5.1.0 python-requests/2.28.1 CPython/3.9.14"
- - - [01/Mar/2023:17:22:35 -0500] "GET /v1/nodes/b4c2e082-290a-4fd1-ac56-eddbb6924fe7 HTTP/1.1" 200 4761 580053 "-" "python-urllib3/1.26.5"
- - - [01/Mar/2023:17:22:45 -0500] "GET /v1/ports?fields=address%2Cextra HTTP/1.1" 200 268 865634 "-" "ironic-inspector keystoneauth1/5.1.0 python-requests/2.28.1 CPython/3.9.14"
- - - [01/Mar/2023:17:22:45 -0500] "GET /v1/ports?fields=address%2Cextra HTTP/1.1" 200 268 479772 "-" "ironic-inspector keystoneauth1/5.1.0 python-requests/2.28.1 CPython/3.9.14"
- - - [01/Mar/2023:17:22:53 -0500] "POST /v1/heartbeat/b4c2e082-290a-4fd1-ac56-eddbb6924fe7 HTTP/1.1" 202 - 212567 "-" "python-requests/2.28.1"
- - - [01/Mar/2023:17:23:00 -0500] "GET /v1/ports?fields=address%2Cextra HTTP/1.1" 200 268 834641 "-" "ironic-inspector keystoneauth1/5.1.0 python-requests/2.28.1 CPython/3.9.14"
- - - [01/Mar/2023:17:23:00 -0500] "GET /v1/ports?fields=address%2Cextra HTTP/1.1" 200 268 705085 "-" "ironic-inspector keystoneauth1/5.1.0 python-requests/2.28.1 CPython/3.9.14"
- - - [01/Mar/2023:17:23:03 -0500] "POST /v1/heartbeat/b4c2e082-290a-4fd1-ac56-eddbb6924fe7 HTTP/1.1" 202 - 87321 "-" "python-requests/2.28.1"
- - - [01/Mar/2023:17:23:06 -0500] "GET /v1/nodes/b4c2e082-290a-4fd1-ac56-eddbb6924fe7 HTTP/1.1" 200 4809 612623 "-" "python-urllib3/1.26.5"
- - - [01/Mar/2023:17:23:15 -0500] "GET /v1/ports?fields=address%2Cextra HTTP/1.1" 200 268 607920 "-" "ironic-inspector keystoneauth1/5.1.0 python-requests/2.28.1 CPython/3.9.14"
- - - [01/Mar/2023:17:23:15 -0500] "GET /v1/ports?fields=address%2Cextra HTTP/1.1" 200 268 893187 "-" "ironic-inspector keystoneauth1/5.1.0 python-requests/2.28.1 CPython/3.9.14"
- - - [01/Mar/2023:17:23:28 -0500] "GET /v1/nodes?fields=uuid HTTP/1.1" 200 271 429584 "-" "ironic-inspector keystoneauth1/5.1.0 python-requests/2.28.1 CPython/3.9.14"
- - - [01/Mar/2023:17:23:30 -0500] "GET /v1/ports?fields=address%2Cextra HTTP/1.1" 200 268 445965 "-" "ironic-inspector keystoneauth1/5.1.0 python-requests/2.28.1 CPython/3.9.14"
- - - [01/Mar/2023:17:23:30 -0500] "GET /v1/ports?fields=address%2Cextra HTTP/1.1" 200 268 569632 "-" "ironic-inspector keystoneauth1/5.1.0 python-requests/2.28.1 CPython/3.9.14"
- - - [01/Mar/2023:17:23:37 -0500] "GET /v1/nodes/b4c2e082-290a-4fd1-ac56-eddbb6924fe7 HTTP/1.1" 200 2903 574079 "-" "python-urllib3/1.26.5"
- - - [01/Mar/2023:17:23:45 -0500] "GET /v1/ports?fields=address%2Cextra HTTP/1.1" 200 268 547215 "-" "ironic-inspector keystoneauth1/5.1.0 python-requests/2.28.1 CPython/3.9.14"
- - - [01/Mar/2023:17:23:45 -0500] "GET /v1/ports?fields=address%2Cextra HTTP/1.1" 200 268 533938 "-" "ironic-inspector keystoneauth1/5.1.0 python-requests/2.28.1 CPython/3.9.14"
- - - [01/Mar/2023:17:24:00 -0500] "GET /v1/ports?fields=address%2Cextra HTTP/1.1" 200 268 877415 "-" "ironic-inspector keystoneauth1/5.1.0 python-requests/2.28.1 CPython/3.9.14"
- - - [01/Mar/2023:17:24:00 -0500] "GET /v1/ports?fields=address%2Cextra HTTP/1.1" 200 268 544462 "-" "ironic-inspector keystoneauth1/5.1.0 python-requests/2.28.1 CPython/3.9.14"
- - - [01/Mar/2023:17:24:15 -0500] "GET /v1/ports?fields=address%2Cextra HTTP/1.1" 200 268 619724 "-" "ironic-inspector keystoneauth1/5.1.0 python-requests/2.28.1 CPython/3.9.14"
- - - [01/Mar/2023:17:24:15 -0500] "GET /v1/ports?fields=address%2Cextra HTTP/1.1" 200 268 484665 "-" "ironic-inspector keystoneauth1/5.1.0 python-requests/2.28.1 CPython/3.9.14"
- - - [01/Mar/2023:17:24:28 -0500] "GET /v1/nodes?fields=uuid HTTP/1.1" 200 271 700475 "-" "ironic-inspector keystoneauth1/5.1.0 python-requests/2.28.1 CPython/3.9.14"
- - - [01/Mar/2023:17:24:30 -0500] "GET /v1/ports?fields=address%2Cextra HTTP/1.1" 200 268 565116 "-" "ironic-inspector keystoneauth1/5.1.0 python-requests/2.28.1 CPython/3.9.14"
- - - [01/Mar/2023:17:24:30 -0500] "GET /v1/ports?fields=address%2Cextra HTTP/1.1" 200 268 585600 "-" "ironic-inspector keystoneauth1/5.1.0 python-requests/2.28.1 CPython/3.9.14"
- - - [01/Mar/2023:17:24:45 -0500] "GET /v1/ports?fields=address%2Cextra HTTP/1.1" 200 268 540220 "-" "ironic-inspector keystoneauth1/5.1.0 python-requests/2.28.1 CPython/3.9.14"
- - - [01/Mar/2023:17:24:45 -0500] "GET /v1/ports?fields=address%2Cextra HTTP/1.1" 200 268 520154 "-" "ironic-inspector keystoneauth1/5.1.0 python-requests/2.28.1 CPython/3.9.14"
- - - [01/Mar/2023:17:25:00 -0500] "GET /v1/ports?fields=address%2Cextra HTTP/1.1" 200 268 644130 "-" "ironic-inspector keystoneauth1/5.1.0 python-requests/2.28.1 CPython/3.9.14"
- - - [01/Mar/2023:17:25:00 -0500] "GET /v1/ports?fields=address%2Cextra HTTP/1.1" 200 268 442780 "-" "ironic-inspector keystoneauth1/5.1.0 python-requests/2.28.1 CPython/3.9.14"
- - - [01/Mar/2023:17:25:15 -0500] "GET /v1/ports?fields=address%2Cextra HTTP/1.1" 200 268 553034 "-" "ironic-inspector keystoneauth1/5.1.0 python-requests/2.28.1 CPython/3.9.14"
- - - [01/Mar/2023:17:25:15 -0500] "GET /v1/ports?fields=address%2Cextra HTTP/1.1" 200 268 509009 "-" "ironic-inspector keystoneauth1/5.1.0 python-requests/2.28.1 CPython/3.9.14"
- - - [01/Mar/2023:17:25:28 -0500] "GET /v1/nodes?fields=uuid HTTP/1.1" 200 271 566392 "-" "ironic-inspector keystoneauth1/5.1.0 python-requests/2.28.1 CPython/3.9.14"
- - - [01/Mar/2023:17:25:30 -0500] "GET /v1/ports?fields=address%2Cextra HTTP/1.1" 200 268 540810 "-" "ironic-inspector keystoneauth1/5.1.0 python-requests/2.28.1 CPython/3.9.14"
- - - [01/Mar/2023:17:25:30 -0500] "GET /v1/ports?fields=address%2Cextra HTTP/1.1" 200 268 473067 "-" "ironic-inspector keystoneauth1/5.1.0 python-requests/2.28.1 CPython/3.9.14"
- - - [01/Mar/2023:17:25:42 -0500] "GET /v1/nodes/b4c2e082-290a-4fd1-ac56-eddbb6924fe7/vifs HTTP/1.1" 200 12 603368 "-" "python-urllib3/1.26.5"
- - - [01/Mar/2023:17:25:45 -0500] "GET /v1/ports?fields=address%2Cextra HTTP/1.1" 200 268 521804 "-" "ironic-inspector keystoneauth1/5.1.0 python-requests/2.28.1 CPython/3.9.14"
- - - [01/Mar/2023:17:25:45 -0500] "GET /v1/ports?fields=address%2Cextra HTTP/1.1" 200 268 548712 "-" "ironic-inspector keystoneauth1/5.1.0 python-requests/2.28.1 CPython/3.9.14"
- - - [01/Mar/2023:17:25:47 -0500] "GET /v1/nodes HTTP/1.1" 200 420 429382 "-" "python-ironicclient"
- - - [01/Mar/2023:17:26:00 -0500] "GET /v1/ports?fields=address%2Cextra HTTP/1.1" 200 268 834654 "-" "ironic-inspector keystoneauth1/5.1.0 python-requests/2.28.1 CPython/3.9.14"
- - - [01/Mar/2023:17:26:00 -0500] "GET /v1/ports?fields=address%2Cextra HTTP/1.1" 200 268 621394 "-" "ironic-inspector keystoneauth1/5.1.0 python-requests/2.28.1 CPython/3.9.14"
- - - [01/Mar/2023:17:26:15 -0500] "GET /v1/ports?fields=address%2Cextra HTTP/1.1" 200 268 510859 "-" "ironic-inspector keystoneauth1/5.1.0 python-requests/2.28.1 CPython/3.9.14"
- - - [01/Mar/2023:17:26:15 -0500] "GET /v1/ports?fields=address%2Cextra HTTP/1.1" 200 268 498586 "-" "ironic-inspector keystoneauth1/5.1.0 python-requests/2.28.1 CPython/3.9.14"
- - - [01/Mar/2023:17:26:28 -0500] "GET /v1/nodes?fields=uuid HTTP/1.1" 200 271 633144 "-" "ironic-inspector keystoneauth1/5.1.0 python-requests/2.28.1 CPython/3.9.14"
- - - [01/Mar/2023:17:26:30 -0500] "GET /v1/ports?fields=address%2Cextra HTTP/1.1" 200 268 422161 "-" "ironic-inspector keystoneauth1/5.1.0 python-requests/2.28.1 CPython/3.9.14"
- - - [01/Mar/2023:17:26:30 -0500] "GET /v1/ports?fields=address%2Cextra HTTP/1.1" 200 268 488149 "-" "ironic-inspector keystoneauth1/5.1.0 python-requests/2.28.1 CPython/3.9.14"
- - - [01/Mar/2023:17:26:45 -0500] "GET /v1/ports?fields=address%2Cextra HTTP/1.1" 200 268 548926 "-" "ironic-inspector keystoneauth1/5.1.0 python-requests/2.28.1 CPython/3.9.14"
- - - [01/Mar/2023:17:26:45 -0500] "GET /v1/ports?fields=address%2Cextra HTTP/1.1" 200 268 527040 "-" "ironic-inspector keystoneauth1/5.1.0 python-requests/2.28.1 CPython/3.9.14"
- - - [01/Mar/2023:17:27:00 -0500] "GET /v1/ports?fields=address%2Cextra HTTP/1.1" 200 268 542869 "-" "ironic-inspector keystoneauth1/5.1.0 python-requests/2.28.1 CPython/3.9.14"
- - - [01/Mar/2023:17:27:00 -0500] "GET /v1/ports?fields=address%2Cextra HTTP/1.1" 200 268 451282 "-" "ironic-inspector keystoneauth1/5.1.0 python-requests/2.28.1 CPython/3.9.14"
- - - [01/Mar/2023:17:27:15 -0500] "GET /v1/ports?fields=address%2Cextra HTTP/1.1" 200 268 612123 "-" "ironic-inspector keystoneauth1/5.1.0 python-requests/2.28.1 CPython/3.9.14"
- - - [01/Mar/2023:17:27:15 -0500] "GET /v1/ports?fields=address%2Cextra HTTP/1.1" 200 268 533820 "-" "ironic-inspector keystoneauth1/5.1.0 python-requests/2.28.1 CPython/3.9.14"
- - - [01/Mar/2023:17:27:28 -0500] "GET /v1/nodes?fields=uuid HTTP/1.1" 200 271 641262 "-" "ironic-inspector keystoneauth1/5.1.0 python-requests/2.28.1 CPython/3.9.14"
