2023-03-15 19:11:40,181 p=5755 u=root n=ansible | [WARNING]: Invalid characters were found in group names but not replaced, use
-vvvv to see details

2023-03-15 19:11:56,083 p=5755 u=root n=ansible | PLAY [Gather facts for all hosts] **********************************************
2023-03-15 19:11:57,478 p=5755 u=root n=ansible | TASK [Gather facts] ************************************************************
2023-03-15 19:12:06,916 p=5755 u=root n=ansible | ok: [localhost]
2023-03-15 19:12:07,089 p=5755 u=root n=ansible | TASK [Group hosts to determine when using --limit] *****************************
2023-03-15 19:12:07,199 p=5755 u=root n=ansible | ok: [localhost]
2023-03-15 19:12:07,456 p=5755 u=root n=ansible | [WARNING]: Could not match supplied host pattern, ignoring:
all_using_limit_True

2023-03-15 19:12:07,465 p=5755 u=root n=ansible | PLAY [Gather facts for all hosts (if using --limit)] ***************************
2023-03-15 19:12:07,465 p=5755 u=root n=ansible | skipping: no hosts matched
2023-03-15 19:12:07,473 p=5755 u=root n=ansible | PLAY [Apply role baremetal] ****************************************************
2023-03-15 19:12:07,687 p=5755 u=root n=ansible | TASK [openstack.kolla.baremetal : Ensure localhost in /etc/hosts] **************
2023-03-15 19:12:08,860 p=5755 u=root n=ansible | changed: [localhost]
2023-03-15 19:12:08,951 p=5755 u=root n=ansible | TASK [openstack.kolla.baremetal : Ensure hostname does not point to 127.0.1.1 in /etc/hosts] ***
2023-03-15 19:12:09,407 p=5755 u=root n=ansible | ok: [localhost]
2023-03-15 19:12:09,611 p=5755 u=root n=ansible | TASK [openstack.kolla.baremetal : Generate /etc/hosts for all of the nodes] ****
2023-03-15 19:12:11,207 p=5755 u=root n=ansible | changed: [localhost]
2023-03-15 19:12:11,338 p=5755 u=root n=ansible | TASK [openstack.kolla.baremetal : Ensure unprivileged users can use ping] ******
2023-03-15 19:12:12,636 p=5755 u=root n=ansible | changed: [localhost]
2023-03-15 19:12:12,737 p=5755 u=root n=ansible | TASK [openstack.kolla.baremetal : Ensure /etc/cloud/cloud.cfg exists] **********
2023-03-15 19:12:15,140 p=5755 u=root n=ansible | ok: [localhost]
2023-03-15 19:12:15,308 p=5755 u=root n=ansible | TASK [openstack.kolla.baremetal : Disable cloud-init manage_etc_hosts] *********
2023-03-15 19:12:17,457 p=5755 u=root n=ansible | changed: [localhost]
2023-03-15 19:12:17,651 p=5755 u=root n=ansible | TASK [openstack.kolla.baremetal : Set firewall default policy] *****************
2023-03-15 19:12:17,751 p=5755 u=root n=ansible | skipping: [localhost]
2023-03-15 19:12:17,936 p=5755 u=root n=ansible | TASK [openstack.kolla.baremetal : Check if firewalld is installed] *************
2023-03-15 19:12:19,186 p=5755 u=root n=ansible | ok: [localhost]
2023-03-15 19:12:19,353 p=5755 u=root n=ansible | TASK [openstack.kolla.baremetal : Disable firewalld] ***************************
2023-03-15 19:12:19,465 p=5755 u=root n=ansible | skipping: [localhost] => (item=firewalld) 
2023-03-15 19:12:19,628 p=5755 u=root n=ansible | TASK [openstack.kolla.docker : Fail if docker_custom_option is defined] ********
2023-03-15 19:12:19,885 p=5755 u=root n=ansible | skipping: [localhost]
2023-03-15 19:12:20,030 p=5755 u=root n=ansible | TASK [openstack.kolla.docker : include_tasks] **********************************
2023-03-15 19:12:20,111 p=5755 u=root n=ansible | skipping: [localhost]
2023-03-15 19:12:20,312 p=5755 u=root n=ansible | TASK [openstack.kolla.docker : Ensure docker config directory exists] **********
2023-03-15 19:12:21,533 p=5755 u=root n=ansible | ok: [localhost]
2023-03-15 19:12:21,683 p=5755 u=root n=ansible | TASK [openstack.kolla.docker : Write docker config] ****************************
2023-03-15 19:12:23,229 p=5755 u=root n=ansible | changed: [localhost]
2023-03-15 19:12:23,374 p=5755 u=root n=ansible | TASK [openstack.kolla.docker : Remove old docker options file] *****************
2023-03-15 19:12:24,044 p=5755 u=root n=ansible | ok: [localhost]
2023-03-15 19:12:24,139 p=5755 u=root n=ansible | TASK [openstack.kolla.docker : Ensure docker service directory exists] *********
2023-03-15 19:12:24,191 p=5755 u=root n=ansible | skipping: [localhost]
2023-03-15 19:12:24,411 p=5755 u=root n=ansible | TASK [openstack.kolla.docker : Configure docker service] ***********************
2023-03-15 19:12:24,487 p=5755 u=root n=ansible | skipping: [localhost]
2023-03-15 19:12:24,652 p=5755 u=root n=ansible | TASK [openstack.kolla.docker : Ensure the path for CA file for private registry exists] ***
2023-03-15 19:12:24,749 p=5755 u=root n=ansible | skipping: [localhost]
2023-03-15 19:12:24,905 p=5755 u=root n=ansible | TASK [openstack.kolla.docker : Ensure the CA file for private registry exists] ***
2023-03-15 19:12:24,985 p=5755 u=root n=ansible | skipping: [localhost]
2023-03-15 19:12:25,128 p=5755 u=root n=ansible | TASK [openstack.kolla.docker : Flush handlers] *********************************
2023-03-15 19:12:25,129 p=5755 u=root n=ansible | RUNNING HANDLER [openstack.kolla.docker : Restart docker] **********************
2023-03-15 19:12:33,695 p=5755 u=root n=ansible | changed: [localhost]
2023-03-15 19:12:33,868 p=5755 u=root n=ansible | TASK [openstack.kolla.docker : Start and enable docker] ************************
2023-03-15 19:12:35,034 p=5755 u=root n=ansible | ok: [localhost]
2023-03-15 19:12:35,165 p=5755 u=root n=ansible | TASK [openstack.kolla.docker : include_tasks] **********************************
2023-03-15 19:12:35,207 p=5755 u=root n=ansible | skipping: [localhost]
2023-03-15 19:12:35,399 p=5755 u=root n=ansible | TASK [openstack.kolla.kolla_user : Ensure groups are present] ******************
2023-03-15 19:12:35,457 p=5755 u=root n=ansible | skipping: [localhost] => (item=docker) 
2023-03-15 19:12:35,465 p=5755 u=root n=ansible | skipping: [localhost] => (item=sudo) 
2023-03-15 19:12:35,471 p=5755 u=root n=ansible | skipping: [localhost] => (item=kolla) 
2023-03-15 19:12:35,576 p=5755 u=root n=ansible | TASK [openstack.kolla.kolla_user : Create kolla user] **************************
2023-03-15 19:12:35,632 p=5755 u=root n=ansible | skipping: [localhost]
2023-03-15 19:12:35,812 p=5755 u=root n=ansible | TASK [openstack.kolla.kolla_user : Add public key to kolla user authorized keys] ***
2023-03-15 19:12:35,886 p=5755 u=root n=ansible | skipping: [localhost]
2023-03-15 19:12:35,984 p=5755 u=root n=ansible | TASK [openstack.kolla.kolla_user : Grant kolla user passwordless sudo] *********
2023-03-15 19:12:36,034 p=5755 u=root n=ansible | skipping: [localhost]
2023-03-15 19:12:36,210 p=5755 u=root n=ansible | TASK [openstack.kolla.docker_sdk : Install latest pip in the virtualenv] *******
2023-03-15 19:12:36,271 p=5755 u=root n=ansible | skipping: [localhost]
2023-03-15 19:12:36,359 p=5755 u=root n=ansible | TASK [openstack.kolla.docker_sdk : Install docker SDK for python] **************
2023-03-15 19:13:09,534 p=5755 u=root n=ansible | ok: [localhost]
2023-03-15 19:13:09,793 p=5755 u=root n=ansible | TASK [openstack.kolla.baremetal : Ensure node_config_directory directory exists] ***
2023-03-15 19:13:10,525 p=5755 u=root n=ansible | ok: [localhost]
2023-03-15 19:13:10,651 p=5755 u=root n=ansible | TASK [openstack.kolla.apparmor_libvirt : include_tasks] ************************
2023-03-15 19:13:10,690 p=5755 u=root n=ansible | skipping: [localhost]
2023-03-15 19:13:10,862 p=5755 u=root n=ansible | TASK [openstack.kolla.baremetal : Change state of selinux] *********************
2023-03-15 19:13:12,398 p=5755 u=root n=ansible | ok: [localhost]
2023-03-15 19:13:12,491 p=5755 u=root n=ansible | TASK [openstack.kolla.baremetal : Set https proxy for git] *********************
2023-03-15 19:13:12,559 p=5755 u=root n=ansible | skipping: [localhost]
2023-03-15 19:13:12,679 p=5755 u=root n=ansible | TASK [openstack.kolla.baremetal : Set http proxy for git] **********************
2023-03-15 19:13:12,726 p=5755 u=root n=ansible | skipping: [localhost]
2023-03-15 19:13:12,862 p=5755 u=root n=ansible | TASK [openstack.kolla.baremetal : include_tasks] *******************************
2023-03-15 19:13:12,924 p=5755 u=root n=ansible | skipping: [localhost]
2023-03-15 19:13:13,194 p=5755 u=root n=ansible | PLAY RECAP *********************************************************************
2023-03-15 19:13:13,195 p=5755 u=root n=ansible | localhost                  : ok=17   changed=6    unreachable=0    failed=0    skipped=18   rescued=0    ignored=0   
