2023-02-14 08:14:18,209 p=5312 u=root n=ansible | [WARNING]: Invalid characters were found in group names but not replaced, use
-vvvv to see details

2023-02-14 08:14:19,854 p=5312 u=root n=ansible | PLAY [Gather facts for all hosts] **********************************************
2023-02-14 08:14:20,237 p=5312 u=root n=ansible | TASK [Gather facts] ************************************************************
2023-02-14 08:14:23,300 p=5312 u=root n=ansible | ok: [localhost]
2023-02-14 08:14:23,375 p=5312 u=root n=ansible | TASK [Group hosts to determine when using --limit] *****************************
2023-02-14 08:14:23,436 p=5312 u=root n=ansible | ok: [localhost]
2023-02-14 08:14:23,586 p=5312 u=root n=ansible | [WARNING]: Could not match supplied host pattern, ignoring:
all_using_limit_True

2023-02-14 08:14:23,595 p=5312 u=root n=ansible | PLAY [Gather facts for all hosts (if using --limit)] ***************************
2023-02-14 08:14:23,595 p=5312 u=root n=ansible | skipping: no hosts matched
2023-02-14 08:14:23,602 p=5312 u=root n=ansible | PLAY [Apply role baremetal] ****************************************************
2023-02-14 08:14:23,802 p=5312 u=root n=ansible | TASK [openstack.kolla.baremetal : Ensure localhost in /etc/hosts] **************
2023-02-14 08:14:24,573 p=5312 u=root n=ansible | changed: [localhost]
2023-02-14 08:14:24,650 p=5312 u=root n=ansible | TASK [openstack.kolla.baremetal : Ensure hostname does not point to 127.0.1.1 in /etc/hosts] ***
2023-02-14 08:14:25,116 p=5312 u=root n=ansible | ok: [localhost]
2023-02-14 08:14:25,196 p=5312 u=root n=ansible | TASK [openstack.kolla.baremetal : Generate /etc/hosts for all of the nodes] ****
2023-02-14 08:14:26,707 p=5312 u=root n=ansible | changed: [localhost]
2023-02-14 08:14:26,810 p=5312 u=root n=ansible | TASK [openstack.kolla.baremetal : Ensure unprivileged users can use ping] ******
2023-02-14 08:14:27,894 p=5312 u=root n=ansible | changed: [localhost]
2023-02-14 08:14:27,974 p=5312 u=root n=ansible | TASK [openstack.kolla.baremetal : Ensure /etc/cloud/cloud.cfg exists] **********
2023-02-14 08:14:28,908 p=5312 u=root n=ansible | ok: [localhost]
2023-02-14 08:14:28,993 p=5312 u=root n=ansible | TASK [openstack.kolla.baremetal : Disable cloud-init manage_etc_hosts] *********
2023-02-14 08:14:30,475 p=5312 u=root n=ansible | changed: [localhost]
2023-02-14 08:14:30,552 p=5312 u=root n=ansible | TASK [openstack.kolla.baremetal : Set firewall default policy] *****************
2023-02-14 08:14:30,596 p=5312 u=root n=ansible | skipping: [localhost]
2023-02-14 08:14:30,676 p=5312 u=root n=ansible | TASK [openstack.kolla.baremetal : Check if firewalld is installed] *************
2023-02-14 08:14:31,460 p=5312 u=root n=ansible | ok: [localhost]
2023-02-14 08:14:31,544 p=5312 u=root n=ansible | TASK [openstack.kolla.baremetal : Disable firewalld] ***************************
2023-02-14 08:14:31,605 p=5312 u=root n=ansible | skipping: [localhost] => (item=firewalld) 
2023-02-14 08:14:31,689 p=5312 u=root n=ansible | TASK [openstack.kolla.docker : Fail if docker_custom_option is defined] ********
2023-02-14 08:14:31,758 p=5312 u=root n=ansible | skipping: [localhost]
2023-02-14 08:14:31,838 p=5312 u=root n=ansible | TASK [openstack.kolla.docker : include_tasks] **********************************
2023-02-14 08:14:31,877 p=5312 u=root n=ansible | skipping: [localhost]
2023-02-14 08:14:31,960 p=5312 u=root n=ansible | TASK [openstack.kolla.docker : Ensure docker config directory exists] **********
2023-02-14 08:14:32,734 p=5312 u=root n=ansible | changed: [localhost]
2023-02-14 08:14:32,811 p=5312 u=root n=ansible | TASK [openstack.kolla.docker : Write docker config] ****************************
2023-02-14 08:14:33,936 p=5312 u=root n=ansible | changed: [localhost]
2023-02-14 08:14:34,015 p=5312 u=root n=ansible | TASK [openstack.kolla.docker : Remove old docker options file] *****************
2023-02-14 08:14:34,473 p=5312 u=root n=ansible | ok: [localhost]
2023-02-14 08:14:34,553 p=5312 u=root n=ansible | TASK [openstack.kolla.docker : Ensure docker service directory exists] *********
2023-02-14 08:14:34,596 p=5312 u=root n=ansible | skipping: [localhost]
2023-02-14 08:14:34,676 p=5312 u=root n=ansible | TASK [openstack.kolla.docker : Configure docker service] ***********************
2023-02-14 08:14:34,722 p=5312 u=root n=ansible | skipping: [localhost]
2023-02-14 08:14:34,800 p=5312 u=root n=ansible | TASK [openstack.kolla.docker : Ensure the path for CA file for private registry exists] ***
2023-02-14 08:14:34,844 p=5312 u=root n=ansible | skipping: [localhost]
2023-02-14 08:14:34,925 p=5312 u=root n=ansible | TASK [openstack.kolla.docker : Ensure the CA file for private registry exists] ***
2023-02-14 08:14:34,974 p=5312 u=root n=ansible | skipping: [localhost]
2023-02-14 08:14:35,054 p=5312 u=root n=ansible | TASK [openstack.kolla.docker : Flush handlers] *********************************
2023-02-14 08:14:35,055 p=5312 u=root n=ansible | RUNNING HANDLER [openstack.kolla.docker : Restart docker] **********************
2023-02-14 08:14:38,061 p=5312 u=root n=ansible | changed: [localhost]
2023-02-14 08:14:38,150 p=5312 u=root n=ansible | TASK [openstack.kolla.docker : Start and enable docker] ************************
2023-02-14 08:14:38,981 p=5312 u=root n=ansible | ok: [localhost]
2023-02-14 08:14:39,065 p=5312 u=root n=ansible | TASK [openstack.kolla.docker : include_tasks] **********************************
2023-02-14 08:14:39,104 p=5312 u=root n=ansible | skipping: [localhost]
2023-02-14 08:14:39,264 p=5312 u=root n=ansible | TASK [openstack.kolla.kolla_user : Ensure groups are present] ******************
2023-02-14 08:14:39,309 p=5312 u=root n=ansible | skipping: [localhost] => (item=docker) 
2023-02-14 08:14:39,314 p=5312 u=root n=ansible | skipping: [localhost] => (item=sudo) 
2023-02-14 08:14:39,319 p=5312 u=root n=ansible | skipping: [localhost] => (item=kolla) 
2023-02-14 08:14:39,404 p=5312 u=root n=ansible | TASK [openstack.kolla.kolla_user : Create kolla user] **************************
2023-02-14 08:14:39,442 p=5312 u=root n=ansible | skipping: [localhost]
2023-02-14 08:14:39,532 p=5312 u=root n=ansible | TASK [openstack.kolla.kolla_user : Add public key to kolla user authorized keys] ***
2023-02-14 08:14:39,573 p=5312 u=root n=ansible | skipping: [localhost]
2023-02-14 08:14:39,658 p=5312 u=root n=ansible | TASK [openstack.kolla.kolla_user : Grant kolla user passwordless sudo] *********
2023-02-14 08:14:39,698 p=5312 u=root n=ansible | skipping: [localhost]
2023-02-14 08:14:39,863 p=5312 u=root n=ansible | TASK [openstack.kolla.docker_sdk : Install latest pip in the virtualenv] *******
2023-02-14 08:14:39,921 p=5312 u=root n=ansible | skipping: [localhost]
2023-02-14 08:14:40,005 p=5312 u=root n=ansible | TASK [openstack.kolla.docker_sdk : Install docker SDK for python] **************
2023-02-14 08:15:08,928 p=5312 u=root n=ansible | ok: [localhost]
2023-02-14 08:15:09,083 p=5312 u=root n=ansible | TASK [openstack.kolla.baremetal : Ensure node_config_directory directory exists] ***
2023-02-14 08:15:09,563 p=5312 u=root n=ansible | ok: [localhost]
2023-02-14 08:15:09,648 p=5312 u=root n=ansible | TASK [openstack.kolla.apparmor_libvirt : include_tasks] ************************
2023-02-14 08:15:09,684 p=5312 u=root n=ansible | skipping: [localhost]
2023-02-14 08:15:09,844 p=5312 u=root n=ansible | TASK [openstack.kolla.baremetal : Change state of selinux] *********************
2023-02-14 08:15:11,512 p=5312 u=root n=ansible | ok: [localhost]
2023-02-14 08:15:11,601 p=5312 u=root n=ansible | TASK [openstack.kolla.baremetal : Set https proxy for git] *********************
2023-02-14 08:15:11,643 p=5312 u=root n=ansible | skipping: [localhost]
2023-02-14 08:15:11,726 p=5312 u=root n=ansible | TASK [openstack.kolla.baremetal : Set http proxy for git] **********************
2023-02-14 08:15:11,765 p=5312 u=root n=ansible | skipping: [localhost]
2023-02-14 08:15:11,849 p=5312 u=root n=ansible | TASK [openstack.kolla.baremetal : include_tasks] *******************************
2023-02-14 08:15:11,887 p=5312 u=root n=ansible | skipping: [localhost]
2023-02-14 08:15:12,126 p=5312 u=root n=ansible | PLAY RECAP *********************************************************************
2023-02-14 08:15:12,127 p=5312 u=root n=ansible | localhost                  : ok=17   changed=7    unreachable=0    failed=0    skipped=18   rescued=0    ignored=0   
