2023-03-06 15:37:15,444 p=5773 u=root n=ansible | [WARNING]: Invalid characters were found in group names but not replaced, use
-vvvv to see details

2023-03-06 15:37:17,329 p=5773 u=root n=ansible | PLAY [Gather facts for all hosts] **********************************************
2023-03-06 15:37:17,608 p=5773 u=root n=ansible | TASK [Gather facts] ************************************************************
2023-03-06 15:37:26,757 p=5773 u=root n=ansible | ok: [localhost]
2023-03-06 15:37:26,848 p=5773 u=root n=ansible | TASK [Group hosts to determine when using --limit] *****************************
2023-03-06 15:37:26,925 p=5773 u=root n=ansible | ok: [localhost]
2023-03-06 15:37:27,095 p=5773 u=root n=ansible | [WARNING]: Could not match supplied host pattern, ignoring:
all_using_limit_True

2023-03-06 15:37:27,104 p=5773 u=root n=ansible | PLAY [Gather facts for all hosts (if using --limit)] ***************************
2023-03-06 15:37:27,104 p=5773 u=root n=ansible | skipping: no hosts matched
2023-03-06 15:37:27,113 p=5773 u=root n=ansible | PLAY [Apply role baremetal] ****************************************************
2023-03-06 15:37:27,321 p=5773 u=root n=ansible | TASK [openstack.kolla.baremetal : Ensure localhost in /etc/hosts] **************
2023-03-06 15:37:28,276 p=5773 u=root n=ansible | changed: [localhost]
2023-03-06 15:37:28,364 p=5773 u=root n=ansible | TASK [openstack.kolla.baremetal : Ensure hostname does not point to 127.0.1.1 in /etc/hosts] ***
2023-03-06 15:37:28,866 p=5773 u=root n=ansible | ok: [localhost]
2023-03-06 15:37:28,949 p=5773 u=root n=ansible | TASK [openstack.kolla.baremetal : Generate /etc/hosts for all of the nodes] ****
2023-03-06 15:37:30,469 p=5773 u=root n=ansible | changed: [localhost]
2023-03-06 15:37:30,566 p=5773 u=root n=ansible | TASK [openstack.kolla.baremetal : Ensure unprivileged users can use ping] ******
2023-03-06 15:37:31,583 p=5773 u=root n=ansible | changed: [localhost]
2023-03-06 15:37:31,667 p=5773 u=root n=ansible | TASK [openstack.kolla.baremetal : Ensure /etc/cloud/cloud.cfg exists] **********
2023-03-06 15:37:32,692 p=5773 u=root n=ansible | ok: [localhost]
2023-03-06 15:37:32,786 p=5773 u=root n=ansible | TASK [openstack.kolla.baremetal : Disable cloud-init manage_etc_hosts] *********
2023-03-06 15:37:34,245 p=5773 u=root n=ansible | changed: [localhost]
2023-03-06 15:37:34,346 p=5773 u=root n=ansible | TASK [openstack.kolla.baremetal : Set firewall default policy] *****************
2023-03-06 15:37:34,412 p=5773 u=root n=ansible | skipping: [localhost]
2023-03-06 15:37:34,507 p=5773 u=root n=ansible | TASK [openstack.kolla.baremetal : Check if firewalld is installed] *************
2023-03-06 15:37:35,470 p=5773 u=root n=ansible | ok: [localhost]
2023-03-06 15:37:35,565 p=5773 u=root n=ansible | TASK [openstack.kolla.baremetal : Disable firewalld] ***************************
2023-03-06 15:37:35,639 p=5773 u=root n=ansible | skipping: [localhost] => (item=firewalld) 
2023-03-06 15:37:35,731 p=5773 u=root n=ansible | TASK [openstack.kolla.docker : Fail if docker_custom_option is defined] ********
2023-03-06 15:37:35,810 p=5773 u=root n=ansible | skipping: [localhost]
2023-03-06 15:37:35,898 p=5773 u=root n=ansible | TASK [openstack.kolla.docker : include_tasks] **********************************
2023-03-06 15:37:35,941 p=5773 u=root n=ansible | skipping: [localhost]
2023-03-06 15:37:36,028 p=5773 u=root n=ansible | TASK [openstack.kolla.docker : Ensure docker config directory exists] **********
2023-03-06 15:37:37,047 p=5773 u=root n=ansible | ok: [localhost]
2023-03-06 15:37:37,145 p=5773 u=root n=ansible | TASK [openstack.kolla.docker : Write docker config] ****************************
2023-03-06 15:37:38,373 p=5773 u=root n=ansible | changed: [localhost]
2023-03-06 15:37:38,468 p=5773 u=root n=ansible | TASK [openstack.kolla.docker : Remove old docker options file] *****************
2023-03-06 15:37:38,990 p=5773 u=root n=ansible | ok: [localhost]
2023-03-06 15:37:39,077 p=5773 u=root n=ansible | TASK [openstack.kolla.docker : Ensure docker service directory exists] *********
2023-03-06 15:37:39,134 p=5773 u=root n=ansible | skipping: [localhost]
2023-03-06 15:37:39,224 p=5773 u=root n=ansible | TASK [openstack.kolla.docker : Configure docker service] ***********************
2023-03-06 15:37:39,279 p=5773 u=root n=ansible | skipping: [localhost]
2023-03-06 15:37:39,375 p=5773 u=root n=ansible | TASK [openstack.kolla.docker : Ensure the path for CA file for private registry exists] ***
2023-03-06 15:37:39,446 p=5773 u=root n=ansible | skipping: [localhost]
2023-03-06 15:37:39,562 p=5773 u=root n=ansible | TASK [openstack.kolla.docker : Ensure the CA file for private registry exists] ***
2023-03-06 15:37:39,628 p=5773 u=root n=ansible | skipping: [localhost]
2023-03-06 15:37:39,740 p=5773 u=root n=ansible | TASK [openstack.kolla.docker : Flush handlers] *********************************
2023-03-06 15:37:39,741 p=5773 u=root n=ansible | RUNNING HANDLER [openstack.kolla.docker : Restart docker] **********************
2023-03-06 15:37:43,650 p=5773 u=root n=ansible | changed: [localhost]
2023-03-06 15:37:43,772 p=5773 u=root n=ansible | TASK [openstack.kolla.docker : Start and enable docker] ************************
2023-03-06 15:37:44,784 p=5773 u=root n=ansible | ok: [localhost]
2023-03-06 15:37:44,871 p=5773 u=root n=ansible | TASK [openstack.kolla.docker : include_tasks] **********************************
2023-03-06 15:37:44,917 p=5773 u=root n=ansible | skipping: [localhost]
2023-03-06 15:37:45,112 p=5773 u=root n=ansible | TASK [openstack.kolla.kolla_user : Ensure groups are present] ******************
2023-03-06 15:37:45,168 p=5773 u=root n=ansible | skipping: [localhost] => (item=docker) 
2023-03-06 15:37:45,176 p=5773 u=root n=ansible | skipping: [localhost] => (item=sudo) 
2023-03-06 15:37:45,182 p=5773 u=root n=ansible | skipping: [localhost] => (item=kolla) 
2023-03-06 15:37:45,276 p=5773 u=root n=ansible | TASK [openstack.kolla.kolla_user : Create kolla user] **************************
2023-03-06 15:37:45,325 p=5773 u=root n=ansible | skipping: [localhost]
2023-03-06 15:37:45,419 p=5773 u=root n=ansible | TASK [openstack.kolla.kolla_user : Add public key to kolla user authorized keys] ***
2023-03-06 15:37:45,467 p=5773 u=root n=ansible | skipping: [localhost]
2023-03-06 15:37:45,583 p=5773 u=root n=ansible | TASK [openstack.kolla.kolla_user : Grant kolla user passwordless sudo] *********
2023-03-06 15:37:45,625 p=5773 u=root n=ansible | skipping: [localhost]
2023-03-06 15:37:45,804 p=5773 u=root n=ansible | TASK [openstack.kolla.docker_sdk : Install latest pip in the virtualenv] *******
2023-03-06 15:37:45,872 p=5773 u=root n=ansible | skipping: [localhost]
2023-03-06 15:37:45,962 p=5773 u=root n=ansible | TASK [openstack.kolla.docker_sdk : Install docker SDK for python] **************
2023-03-06 15:38:12,224 p=5773 u=root n=ansible | ok: [localhost]
2023-03-06 15:38:12,416 p=5773 u=root n=ansible | TASK [openstack.kolla.baremetal : Ensure node_config_directory directory exists] ***
2023-03-06 15:38:13,178 p=5773 u=root n=ansible | ok: [localhost]
2023-03-06 15:38:13,266 p=5773 u=root n=ansible | TASK [openstack.kolla.apparmor_libvirt : include_tasks] ************************
2023-03-06 15:38:13,313 p=5773 u=root n=ansible | skipping: [localhost]
2023-03-06 15:38:13,482 p=5773 u=root n=ansible | TASK [openstack.kolla.baremetal : Change state of selinux] *********************
2023-03-06 15:38:15,234 p=5773 u=root n=ansible | ok: [localhost]
2023-03-06 15:38:15,318 p=5773 u=root n=ansible | TASK [openstack.kolla.baremetal : Set https proxy for git] *********************
2023-03-06 15:38:15,363 p=5773 u=root n=ansible | skipping: [localhost]
2023-03-06 15:38:15,450 p=5773 u=root n=ansible | TASK [openstack.kolla.baremetal : Set http proxy for git] **********************
2023-03-06 15:38:15,494 p=5773 u=root n=ansible | skipping: [localhost]
2023-03-06 15:38:15,580 p=5773 u=root n=ansible | TASK [openstack.kolla.baremetal : include_tasks] *******************************
2023-03-06 15:38:15,625 p=5773 u=root n=ansible | skipping: [localhost]
2023-03-06 15:38:15,892 p=5773 u=root n=ansible | PLAY RECAP *********************************************************************
2023-03-06 15:38:15,893 p=5773 u=root n=ansible | localhost                  : ok=17   changed=6    unreachable=0    failed=0    skipped=18   rescued=0    ignored=0   
