2023-03-07 14:46:47,783 p=5745 u=root n=ansible | [WARNING]: Invalid characters were found in group names but not replaced, use
-vvvv to see details

2023-03-07 14:46:49,545 p=5745 u=root n=ansible | PLAY [Gather facts for all hosts] **********************************************
2023-03-07 14:46:49,826 p=5745 u=root n=ansible | TASK [Gather facts] ************************************************************
2023-03-07 14:46:59,142 p=5745 u=root n=ansible | ok: [localhost]
2023-03-07 14:46:59,228 p=5745 u=root n=ansible | TASK [Group hosts to determine when using --limit] *****************************
2023-03-07 14:46:59,293 p=5745 u=root n=ansible | ok: [localhost]
2023-03-07 14:46:59,458 p=5745 u=root n=ansible | [WARNING]: Could not match supplied host pattern, ignoring:
all_using_limit_True

2023-03-07 14:46:59,468 p=5745 u=root n=ansible | PLAY [Gather facts for all hosts (if using --limit)] ***************************
2023-03-07 14:46:59,469 p=5745 u=root n=ansible | skipping: no hosts matched
2023-03-07 14:46:59,487 p=5745 u=root n=ansible | PLAY [Apply role baremetal] ****************************************************
2023-03-07 14:46:59,695 p=5745 u=root n=ansible | TASK [openstack.kolla.baremetal : Ensure localhost in /etc/hosts] **************
2023-03-07 14:47:00,687 p=5745 u=root n=ansible | changed: [localhost]
2023-03-07 14:47:00,773 p=5745 u=root n=ansible | TASK [openstack.kolla.baremetal : Ensure hostname does not point to 127.0.1.1 in /etc/hosts] ***
2023-03-07 14:47:01,325 p=5745 u=root n=ansible | ok: [localhost]
2023-03-07 14:47:01,433 p=5745 u=root n=ansible | TASK [openstack.kolla.baremetal : Generate /etc/hosts for all of the nodes] ****
2023-03-07 14:47:03,068 p=5745 u=root n=ansible | changed: [localhost]
2023-03-07 14:47:03,163 p=5745 u=root n=ansible | TASK [openstack.kolla.baremetal : Ensure unprivileged users can use ping] ******
2023-03-07 14:47:04,149 p=5745 u=root n=ansible | changed: [localhost]
2023-03-07 14:47:04,253 p=5745 u=root n=ansible | TASK [openstack.kolla.baremetal : Ensure /etc/cloud/cloud.cfg exists] **********
2023-03-07 14:47:05,394 p=5745 u=root n=ansible | ok: [localhost]
2023-03-07 14:47:05,490 p=5745 u=root n=ansible | TASK [openstack.kolla.baremetal : Disable cloud-init manage_etc_hosts] *********
2023-03-07 14:47:06,988 p=5745 u=root n=ansible | changed: [localhost]
2023-03-07 14:47:07,076 p=5745 u=root n=ansible | TASK [openstack.kolla.baremetal : Set firewall default policy] *****************
2023-03-07 14:47:07,134 p=5745 u=root n=ansible | skipping: [localhost]
2023-03-07 14:47:07,267 p=5745 u=root n=ansible | TASK [openstack.kolla.baremetal : Check if firewalld is installed] *************
2023-03-07 14:47:08,149 p=5745 u=root n=ansible | ok: [localhost]
2023-03-07 14:47:08,274 p=5745 u=root n=ansible | TASK [openstack.kolla.baremetal : Disable firewalld] ***************************
2023-03-07 14:47:08,344 p=5745 u=root n=ansible | skipping: [localhost] => (item=firewalld) 
2023-03-07 14:47:08,432 p=5745 u=root n=ansible | TASK [openstack.kolla.docker : Fail if docker_custom_option is defined] ********
2023-03-07 14:47:08,520 p=5745 u=root n=ansible | skipping: [localhost]
2023-03-07 14:47:08,611 p=5745 u=root n=ansible | TASK [openstack.kolla.docker : include_tasks] **********************************
2023-03-07 14:47:08,660 p=5745 u=root n=ansible | skipping: [localhost]
2023-03-07 14:47:08,764 p=5745 u=root n=ansible | TASK [openstack.kolla.docker : Ensure docker config directory exists] **********
2023-03-07 14:47:09,860 p=5745 u=root n=ansible | ok: [localhost]
2023-03-07 14:47:09,971 p=5745 u=root n=ansible | TASK [openstack.kolla.docker : Write docker config] ****************************
2023-03-07 14:47:11,313 p=5745 u=root n=ansible | changed: [localhost]
2023-03-07 14:47:11,402 p=5745 u=root n=ansible | TASK [openstack.kolla.docker : Remove old docker options file] *****************
2023-03-07 14:47:12,076 p=5745 u=root n=ansible | ok: [localhost]
2023-03-07 14:47:12,173 p=5745 u=root n=ansible | TASK [openstack.kolla.docker : Ensure docker service directory exists] *********
2023-03-07 14:47:12,228 p=5745 u=root n=ansible | skipping: [localhost]
2023-03-07 14:47:12,391 p=5745 u=root n=ansible | TASK [openstack.kolla.docker : Configure docker service] ***********************
2023-03-07 14:47:12,459 p=5745 u=root n=ansible | skipping: [localhost]
2023-03-07 14:47:12,595 p=5745 u=root n=ansible | TASK [openstack.kolla.docker : Ensure the path for CA file for private registry exists] ***
2023-03-07 14:47:12,658 p=5745 u=root n=ansible | skipping: [localhost]
2023-03-07 14:47:12,776 p=5745 u=root n=ansible | TASK [openstack.kolla.docker : Ensure the CA file for private registry exists] ***
2023-03-07 14:47:12,831 p=5745 u=root n=ansible | skipping: [localhost]
2023-03-07 14:47:12,926 p=5745 u=root n=ansible | TASK [openstack.kolla.docker : Flush handlers] *********************************
2023-03-07 14:47:12,927 p=5745 u=root n=ansible | RUNNING HANDLER [openstack.kolla.docker : Restart docker] **********************
2023-03-07 14:47:18,430 p=5745 u=root n=ansible | changed: [localhost]
2023-03-07 14:47:18,519 p=5745 u=root n=ansible | TASK [openstack.kolla.docker : Start and enable docker] ************************
2023-03-07 14:47:19,465 p=5745 u=root n=ansible | ok: [localhost]
2023-03-07 14:47:19,553 p=5745 u=root n=ansible | TASK [openstack.kolla.docker : include_tasks] **********************************
2023-03-07 14:47:19,600 p=5745 u=root n=ansible | skipping: [localhost]
2023-03-07 14:47:19,771 p=5745 u=root n=ansible | TASK [openstack.kolla.kolla_user : Ensure groups are present] ******************
2023-03-07 14:47:19,823 p=5745 u=root n=ansible | skipping: [localhost] => (item=docker) 
2023-03-07 14:47:19,825 p=5745 u=root n=ansible | skipping: [localhost] => (item=sudo) 
2023-03-07 14:47:19,834 p=5745 u=root n=ansible | skipping: [localhost] => (item=kolla) 
2023-03-07 14:47:19,922 p=5745 u=root n=ansible | TASK [openstack.kolla.kolla_user : Create kolla user] **************************
2023-03-07 14:47:19,977 p=5745 u=root n=ansible | skipping: [localhost]
2023-03-07 14:47:20,068 p=5745 u=root n=ansible | TASK [openstack.kolla.kolla_user : Add public key to kolla user authorized keys] ***
2023-03-07 14:47:20,120 p=5745 u=root n=ansible | skipping: [localhost]
2023-03-07 14:47:20,209 p=5745 u=root n=ansible | TASK [openstack.kolla.kolla_user : Grant kolla user passwordless sudo] *********
2023-03-07 14:47:20,254 p=5745 u=root n=ansible | skipping: [localhost]
2023-03-07 14:47:20,427 p=5745 u=root n=ansible | TASK [openstack.kolla.docker_sdk : Install latest pip in the virtualenv] *******
2023-03-07 14:47:20,486 p=5745 u=root n=ansible | skipping: [localhost]
2023-03-07 14:47:20,574 p=5745 u=root n=ansible | TASK [openstack.kolla.docker_sdk : Install docker SDK for python] **************
2023-03-07 14:47:48,703 p=5745 u=root n=ansible | ok: [localhost]
2023-03-07 14:47:48,900 p=5745 u=root n=ansible | TASK [openstack.kolla.baremetal : Ensure node_config_directory directory exists] ***
2023-03-07 14:47:49,473 p=5745 u=root n=ansible | ok: [localhost]
2023-03-07 14:47:49,558 p=5745 u=root n=ansible | TASK [openstack.kolla.apparmor_libvirt : include_tasks] ************************
2023-03-07 14:47:49,601 p=5745 u=root n=ansible | skipping: [localhost]
2023-03-07 14:47:49,803 p=5745 u=root n=ansible | TASK [openstack.kolla.baremetal : Change state of selinux] *********************
2023-03-07 14:47:51,544 p=5745 u=root n=ansible | ok: [localhost]
2023-03-07 14:47:51,638 p=5745 u=root n=ansible | TASK [openstack.kolla.baremetal : Set https proxy for git] *********************
2023-03-07 14:47:51,694 p=5745 u=root n=ansible | skipping: [localhost]
2023-03-07 14:47:51,786 p=5745 u=root n=ansible | TASK [openstack.kolla.baremetal : Set http proxy for git] **********************
2023-03-07 14:47:51,835 p=5745 u=root n=ansible | skipping: [localhost]
2023-03-07 14:47:51,923 p=5745 u=root n=ansible | TASK [openstack.kolla.baremetal : include_tasks] *******************************
2023-03-07 14:47:51,972 p=5745 u=root n=ansible | skipping: [localhost]
2023-03-07 14:47:52,216 p=5745 u=root n=ansible | PLAY RECAP *********************************************************************
2023-03-07 14:47:52,217 p=5745 u=root n=ansible | localhost                  : ok=17   changed=6    unreachable=0    failed=0    skipped=18   rescued=0    ignored=0   
