2023-04-24 21:23:59,172 p=5753 u=root n=ansible | [WARNING]: Invalid characters were found in group names but not replaced, use
-vvvv to see details

2023-04-24 21:24:00,987 p=5753 u=root n=ansible | PLAY [Gather facts for all hosts] **********************************************
2023-04-24 21:24:01,261 p=5753 u=root n=ansible | TASK [Gather facts] ************************************************************
2023-04-24 21:24:05,006 p=5753 u=root n=ansible | ok: [localhost]
2023-04-24 21:24:05,131 p=5753 u=root n=ansible | TASK [Group hosts to determine when using --limit] *****************************
2023-04-24 21:24:05,208 p=5753 u=root n=ansible | ok: [localhost]
2023-04-24 21:24:05,423 p=5753 u=root n=ansible | [WARNING]: Could not match supplied host pattern, ignoring:
all_using_limit_True

2023-04-24 21:24:05,432 p=5753 u=root n=ansible | PLAY [Gather facts for all hosts (if using --limit)] ***************************
2023-04-24 21:24:05,432 p=5753 u=root n=ansible | skipping: no hosts matched
2023-04-24 21:24:05,442 p=5753 u=root n=ansible | PLAY [Apply role baremetal] ****************************************************
2023-04-24 21:24:05,663 p=5753 u=root n=ansible | TASK [openstack.kolla.baremetal : Ensure localhost in /etc/hosts] **************
2023-04-24 21:24:06,572 p=5753 u=root n=ansible | changed: [localhost]
2023-04-24 21:24:06,663 p=5753 u=root n=ansible | TASK [openstack.kolla.baremetal : Ensure hostname does not point to 127.0.1.1 in /etc/hosts] ***
2023-04-24 21:24:07,223 p=5753 u=root n=ansible | ok: [localhost]
2023-04-24 21:24:07,325 p=5753 u=root n=ansible | TASK [openstack.kolla.baremetal : Generate /etc/hosts for all of the nodes] ****
2023-04-24 21:24:08,859 p=5753 u=root n=ansible | changed: [localhost]
2023-04-24 21:24:08,949 p=5753 u=root n=ansible | TASK [openstack.kolla.baremetal : Ensure unprivileged users can use ping] ******
2023-04-24 21:24:09,862 p=5753 u=root n=ansible | changed: [localhost]
2023-04-24 21:24:09,951 p=5753 u=root n=ansible | TASK [openstack.kolla.baremetal : Ensure /etc/cloud/cloud.cfg exists] **********
2023-04-24 21:24:10,873 p=5753 u=root n=ansible | ok: [localhost]
2023-04-24 21:24:10,961 p=5753 u=root n=ansible | TASK [openstack.kolla.baremetal : Disable cloud-init manage_etc_hosts] *********
2023-04-24 21:24:12,502 p=5753 u=root n=ansible | changed: [localhost]
2023-04-24 21:24:12,588 p=5753 u=root n=ansible | TASK [openstack.kolla.baremetal : Set firewall default policy] *****************
2023-04-24 21:24:12,657 p=5753 u=root n=ansible | skipping: [localhost]
2023-04-24 21:24:12,759 p=5753 u=root n=ansible | TASK [openstack.kolla.baremetal : Check if firewalld is installed] *************
2023-04-24 21:24:13,804 p=5753 u=root n=ansible | ok: [localhost]
2023-04-24 21:24:13,893 p=5753 u=root n=ansible | TASK [openstack.kolla.baremetal : Disable firewalld] ***************************
2023-04-24 21:24:13,949 p=5753 u=root n=ansible | skipping: [localhost] => (item=firewalld) 
2023-04-24 21:24:14,071 p=5753 u=root n=ansible | TASK [openstack.kolla.docker : Fail if docker_custom_option is defined] ********
2023-04-24 21:24:14,126 p=5753 u=root n=ansible | skipping: [localhost]
2023-04-24 21:24:14,218 p=5753 u=root n=ansible | TASK [openstack.kolla.docker : include_tasks] **********************************
2023-04-24 21:24:14,259 p=5753 u=root n=ansible | skipping: [localhost]
2023-04-24 21:24:14,348 p=5753 u=root n=ansible | TASK [openstack.kolla.docker : Ensure docker config directory exists] **********
2023-04-24 21:24:15,217 p=5753 u=root n=ansible | ok: [localhost]
2023-04-24 21:24:15,335 p=5753 u=root n=ansible | TASK [openstack.kolla.docker : Write docker config] ****************************
2023-04-24 21:24:16,636 p=5753 u=root n=ansible | changed: [localhost]
2023-04-24 21:24:16,749 p=5753 u=root n=ansible | TASK [openstack.kolla.docker : Remove old docker options file] *****************
2023-04-24 21:24:17,298 p=5753 u=root n=ansible | ok: [localhost]
2023-04-24 21:24:17,411 p=5753 u=root n=ansible | TASK [openstack.kolla.docker : Ensure docker service directory exists] *********
2023-04-24 21:24:17,461 p=5753 u=root n=ansible | skipping: [localhost]
2023-04-24 21:24:17,561 p=5753 u=root n=ansible | TASK [openstack.kolla.docker : Configure docker service] ***********************
2023-04-24 21:24:17,607 p=5753 u=root n=ansible | skipping: [localhost]
2023-04-24 21:24:17,691 p=5753 u=root n=ansible | TASK [openstack.kolla.docker : Ensure the path for CA file for private registry exists] ***
2023-04-24 21:24:17,737 p=5753 u=root n=ansible | skipping: [localhost]
2023-04-24 21:24:17,820 p=5753 u=root n=ansible | TASK [openstack.kolla.docker : Ensure the CA file for private registry exists] ***
2023-04-24 21:24:17,871 p=5753 u=root n=ansible | skipping: [localhost]
2023-04-24 21:24:17,997 p=5753 u=root n=ansible | TASK [openstack.kolla.docker : Flush handlers] *********************************
2023-04-24 21:24:17,998 p=5753 u=root n=ansible | RUNNING HANDLER [openstack.kolla.docker : Restart docker] **********************
2023-04-24 21:24:22,769 p=5753 u=root n=ansible | changed: [localhost]
2023-04-24 21:24:22,864 p=5753 u=root n=ansible | TASK [openstack.kolla.docker : Start and enable docker] ************************
2023-04-24 21:24:23,764 p=5753 u=root n=ansible | ok: [localhost]
2023-04-24 21:24:23,850 p=5753 u=root n=ansible | TASK [openstack.kolla.docker : include_tasks] **********************************
2023-04-24 21:24:23,894 p=5753 u=root n=ansible | skipping: [localhost]
2023-04-24 21:24:24,068 p=5753 u=root n=ansible | TASK [openstack.kolla.kolla_user : Ensure groups are present] ******************
2023-04-24 21:24:24,123 p=5753 u=root n=ansible | skipping: [localhost] => (item=docker) 
2023-04-24 21:24:24,129 p=5753 u=root n=ansible | skipping: [localhost] => (item=sudo) 
2023-04-24 21:24:24,134 p=5753 u=root n=ansible | skipping: [localhost] => (item=kolla) 
2023-04-24 21:24:24,223 p=5753 u=root n=ansible | TASK [openstack.kolla.kolla_user : Create kolla user] **************************
2023-04-24 21:24:24,268 p=5753 u=root n=ansible | skipping: [localhost]
2023-04-24 21:24:24,358 p=5753 u=root n=ansible | TASK [openstack.kolla.kolla_user : Add public key to kolla user authorized keys] ***
2023-04-24 21:24:24,403 p=5753 u=root n=ansible | skipping: [localhost]
2023-04-24 21:24:24,504 p=5753 u=root n=ansible | TASK [openstack.kolla.kolla_user : Grant kolla user passwordless sudo] *********
2023-04-24 21:24:24,561 p=5753 u=root n=ansible | skipping: [localhost]
2023-04-24 21:24:24,828 p=5753 u=root n=ansible | TASK [openstack.kolla.docker_sdk : Install latest pip in the virtualenv] *******
2023-04-24 21:24:24,938 p=5753 u=root n=ansible | skipping: [localhost]
2023-04-24 21:24:25,042 p=5753 u=root n=ansible | TASK [openstack.kolla.docker_sdk : Install docker SDK for python] **************
2023-04-24 21:24:51,452 p=5753 u=root n=ansible | ok: [localhost]
2023-04-24 21:24:51,614 p=5753 u=root n=ansible | TASK [openstack.kolla.baremetal : Ensure node_config_directory directory exists] ***
2023-04-24 21:24:52,155 p=5753 u=root n=ansible | ok: [localhost]
2023-04-24 21:24:52,236 p=5753 u=root n=ansible | TASK [openstack.kolla.apparmor_libvirt : include_tasks] ************************
2023-04-24 21:24:52,275 p=5753 u=root n=ansible | skipping: [localhost]
2023-04-24 21:24:52,466 p=5753 u=root n=ansible | TASK [openstack.kolla.baremetal : Change state of selinux] *********************
2023-04-24 21:24:54,009 p=5753 u=root n=ansible | ok: [localhost]
2023-04-24 21:24:54,102 p=5753 u=root n=ansible | TASK [openstack.kolla.baremetal : Set https proxy for git] *********************
2023-04-24 21:24:54,153 p=5753 u=root n=ansible | skipping: [localhost]
2023-04-24 21:24:54,245 p=5753 u=root n=ansible | TASK [openstack.kolla.baremetal : Set http proxy for git] **********************
2023-04-24 21:24:54,297 p=5753 u=root n=ansible | skipping: [localhost]
2023-04-24 21:24:54,401 p=5753 u=root n=ansible | TASK [openstack.kolla.baremetal : include_tasks] *******************************
2023-04-24 21:24:54,446 p=5753 u=root n=ansible | skipping: [localhost]
2023-04-24 21:24:54,753 p=5753 u=root n=ansible | PLAY RECAP *********************************************************************
2023-04-24 21:24:54,754 p=5753 u=root n=ansible | localhost                  : ok=17   changed=6    unreachable=0    failed=0    skipped=18   rescued=0    ignored=0   
