2023-03-14 21:53:02,708 p=5833 u=root n=ansible | [WARNING]: Invalid characters were found in group names but not replaced, use
-vvvv to see details

2023-03-14 21:53:04,527 p=5833 u=root n=ansible | PLAY [Gather facts for all hosts] **********************************************
2023-03-14 21:53:04,837 p=5833 u=root n=ansible | TASK [Gather facts] ************************************************************
2023-03-14 21:53:08,220 p=5833 u=root n=ansible | ok: [localhost]
2023-03-14 21:53:08,303 p=5833 u=root n=ansible | TASK [Group hosts to determine when using --limit] *****************************
2023-03-14 21:53:08,371 p=5833 u=root n=ansible | ok: [localhost]
2023-03-14 21:53:08,537 p=5833 u=root n=ansible | [WARNING]: Could not match supplied host pattern, ignoring:
all_using_limit_True

2023-03-14 21:53:08,544 p=5833 u=root n=ansible | PLAY [Gather facts for all hosts (if using --limit)] ***************************
2023-03-14 21:53:08,545 p=5833 u=root n=ansible | skipping: no hosts matched
2023-03-14 21:53:08,552 p=5833 u=root n=ansible | PLAY [Apply role baremetal] ****************************************************
2023-03-14 21:53:08,765 p=5833 u=root n=ansible | TASK [openstack.kolla.baremetal : Ensure localhost in /etc/hosts] **************
2023-03-14 21:53:09,626 p=5833 u=root n=ansible | changed: [localhost]
2023-03-14 21:53:09,713 p=5833 u=root n=ansible | TASK [openstack.kolla.baremetal : Ensure hostname does not point to 127.0.1.1 in /etc/hosts] ***
2023-03-14 21:53:10,235 p=5833 u=root n=ansible | ok: [localhost]
2023-03-14 21:53:10,324 p=5833 u=root n=ansible | TASK [openstack.kolla.baremetal : Generate /etc/hosts for all of the nodes] ****
2023-03-14 21:53:11,930 p=5833 u=root n=ansible | changed: [localhost]
2023-03-14 21:53:12,044 p=5833 u=root n=ansible | TASK [openstack.kolla.baremetal : Ensure unprivileged users can use ping] ******
2023-03-14 21:53:12,953 p=5833 u=root n=ansible | changed: [localhost]
2023-03-14 21:53:13,063 p=5833 u=root n=ansible | TASK [openstack.kolla.baremetal : Ensure /etc/cloud/cloud.cfg exists] **********
2023-03-14 21:53:14,129 p=5833 u=root n=ansible | ok: [localhost]
2023-03-14 21:53:14,258 p=5833 u=root n=ansible | TASK [openstack.kolla.baremetal : Disable cloud-init manage_etc_hosts] *********
2023-03-14 21:53:15,876 p=5833 u=root n=ansible | changed: [localhost]
2023-03-14 21:53:16,019 p=5833 u=root n=ansible | TASK [openstack.kolla.baremetal : Set firewall default policy] *****************
2023-03-14 21:53:16,081 p=5833 u=root n=ansible | skipping: [localhost]
2023-03-14 21:53:16,181 p=5833 u=root n=ansible | TASK [openstack.kolla.baremetal : Check if firewalld is installed] *************
2023-03-14 21:53:17,140 p=5833 u=root n=ansible | ok: [localhost]
2023-03-14 21:53:17,230 p=5833 u=root n=ansible | TASK [openstack.kolla.baremetal : Disable firewalld] ***************************
2023-03-14 21:53:17,318 p=5833 u=root n=ansible | skipping: [localhost] => (item=firewalld) 
2023-03-14 21:53:17,440 p=5833 u=root n=ansible | TASK [openstack.kolla.docker : Fail if docker_custom_option is defined] ********
2023-03-14 21:53:17,564 p=5833 u=root n=ansible | skipping: [localhost]
2023-03-14 21:53:17,649 p=5833 u=root n=ansible | TASK [openstack.kolla.docker : include_tasks] **********************************
2023-03-14 21:53:17,688 p=5833 u=root n=ansible | skipping: [localhost]
2023-03-14 21:53:17,777 p=5833 u=root n=ansible | TASK [openstack.kolla.docker : Ensure docker config directory exists] **********
2023-03-14 21:53:18,759 p=5833 u=root n=ansible | ok: [localhost]
2023-03-14 21:53:18,865 p=5833 u=root n=ansible | TASK [openstack.kolla.docker : Write docker config] ****************************
2023-03-14 21:53:20,058 p=5833 u=root n=ansible | changed: [localhost]
2023-03-14 21:53:20,231 p=5833 u=root n=ansible | TASK [openstack.kolla.docker : Remove old docker options file] *****************
2023-03-14 21:53:20,881 p=5833 u=root n=ansible | ok: [localhost]
2023-03-14 21:53:21,000 p=5833 u=root n=ansible | TASK [openstack.kolla.docker : Ensure docker service directory exists] *********
2023-03-14 21:53:21,064 p=5833 u=root n=ansible | skipping: [localhost]
2023-03-14 21:53:21,182 p=5833 u=root n=ansible | TASK [openstack.kolla.docker : Configure docker service] ***********************
2023-03-14 21:53:21,244 p=5833 u=root n=ansible | skipping: [localhost]
2023-03-14 21:53:21,341 p=5833 u=root n=ansible | TASK [openstack.kolla.docker : Ensure the path for CA file for private registry exists] ***
2023-03-14 21:53:21,401 p=5833 u=root n=ansible | skipping: [localhost]
2023-03-14 21:53:21,512 p=5833 u=root n=ansible | TASK [openstack.kolla.docker : Ensure the CA file for private registry exists] ***
2023-03-14 21:53:21,630 p=5833 u=root n=ansible | skipping: [localhost]
2023-03-14 21:53:21,717 p=5833 u=root n=ansible | TASK [openstack.kolla.docker : Flush handlers] *********************************
2023-03-14 21:53:21,717 p=5833 u=root n=ansible | RUNNING HANDLER [openstack.kolla.docker : Restart docker] **********************
2023-03-14 21:53:27,431 p=5833 u=root n=ansible | changed: [localhost]
2023-03-14 21:53:27,521 p=5833 u=root n=ansible | TASK [openstack.kolla.docker : Start and enable docker] ************************
2023-03-14 21:53:28,422 p=5833 u=root n=ansible | ok: [localhost]
2023-03-14 21:53:28,515 p=5833 u=root n=ansible | TASK [openstack.kolla.docker : include_tasks] **********************************
2023-03-14 21:53:28,569 p=5833 u=root n=ansible | skipping: [localhost]
2023-03-14 21:53:28,745 p=5833 u=root n=ansible | TASK [openstack.kolla.kolla_user : Ensure groups are present] ******************
2023-03-14 21:53:28,821 p=5833 u=root n=ansible | skipping: [localhost] => (item=docker) 
2023-03-14 21:53:28,832 p=5833 u=root n=ansible | skipping: [localhost] => (item=sudo) 
2023-03-14 21:53:28,848 p=5833 u=root n=ansible | skipping: [localhost] => (item=kolla) 
2023-03-14 21:53:28,950 p=5833 u=root n=ansible | TASK [openstack.kolla.kolla_user : Create kolla user] **************************
2023-03-14 21:53:29,003 p=5833 u=root n=ansible | skipping: [localhost]
2023-03-14 21:53:29,162 p=5833 u=root n=ansible | TASK [openstack.kolla.kolla_user : Add public key to kolla user authorized keys] ***
2023-03-14 21:53:29,226 p=5833 u=root n=ansible | skipping: [localhost]
2023-03-14 21:53:29,360 p=5833 u=root n=ansible | TASK [openstack.kolla.kolla_user : Grant kolla user passwordless sudo] *********
2023-03-14 21:53:29,402 p=5833 u=root n=ansible | skipping: [localhost]
2023-03-14 21:53:29,578 p=5833 u=root n=ansible | TASK [openstack.kolla.docker_sdk : Install latest pip in the virtualenv] *******
2023-03-14 21:53:29,634 p=5833 u=root n=ansible | skipping: [localhost]
2023-03-14 21:53:29,750 p=5833 u=root n=ansible | TASK [openstack.kolla.docker_sdk : Install docker SDK for python] **************
2023-03-14 21:53:56,387 p=5833 u=root n=ansible | ok: [localhost]
2023-03-14 21:53:56,553 p=5833 u=root n=ansible | TASK [openstack.kolla.baremetal : Ensure node_config_directory directory exists] ***
2023-03-14 21:53:57,083 p=5833 u=root n=ansible | ok: [localhost]
2023-03-14 21:53:57,166 p=5833 u=root n=ansible | TASK [openstack.kolla.apparmor_libvirt : include_tasks] ************************
2023-03-14 21:53:57,209 p=5833 u=root n=ansible | skipping: [localhost]
2023-03-14 21:53:57,470 p=5833 u=root n=ansible | TASK [openstack.kolla.baremetal : Change state of selinux] *********************
2023-03-14 21:53:59,066 p=5833 u=root n=ansible | ok: [localhost]
2023-03-14 21:53:59,156 p=5833 u=root n=ansible | TASK [openstack.kolla.baremetal : Set https proxy for git] *********************
2023-03-14 21:53:59,203 p=5833 u=root n=ansible | skipping: [localhost]
2023-03-14 21:53:59,287 p=5833 u=root n=ansible | TASK [openstack.kolla.baremetal : Set http proxy for git] **********************
2023-03-14 21:53:59,333 p=5833 u=root n=ansible | skipping: [localhost]
2023-03-14 21:53:59,417 p=5833 u=root n=ansible | TASK [openstack.kolla.baremetal : include_tasks] *******************************
2023-03-14 21:53:59,456 p=5833 u=root n=ansible | skipping: [localhost]
2023-03-14 21:53:59,692 p=5833 u=root n=ansible | PLAY RECAP *********************************************************************
2023-03-14 21:53:59,693 p=5833 u=root n=ansible | localhost                  : ok=17   changed=6    unreachable=0    failed=0    skipped=18   rescued=0    ignored=0   
