2023-04-26 18:10:19,164 p=5757 u=root n=ansible | [WARNING]: Invalid characters were found in group names but not replaced, use
-vvvv to see details

2023-04-26 18:10:21,100 p=5757 u=root n=ansible | PLAY [Gather facts for all hosts] **********************************************
2023-04-26 18:10:21,454 p=5757 u=root n=ansible | TASK [Gather facts] ************************************************************
2023-04-26 18:10:25,572 p=5757 u=root n=ansible | ok: [localhost]
2023-04-26 18:10:25,656 p=5757 u=root n=ansible | TASK [Group hosts to determine when using --limit] *****************************
2023-04-26 18:10:25,731 p=5757 u=root n=ansible | ok: [localhost]
2023-04-26 18:10:25,934 p=5757 u=root n=ansible | [WARNING]: Could not match supplied host pattern, ignoring:
all_using_limit_True

2023-04-26 18:10:25,943 p=5757 u=root n=ansible | PLAY [Gather facts for all hosts (if using --limit)] ***************************
2023-04-26 18:10:25,944 p=5757 u=root n=ansible | skipping: no hosts matched
2023-04-26 18:10:25,953 p=5757 u=root n=ansible | PLAY [Apply role baremetal] ****************************************************
2023-04-26 18:10:26,162 p=5757 u=root n=ansible | TASK [openstack.kolla.baremetal : Ensure localhost in /etc/hosts] **************
2023-04-26 18:10:27,162 p=5757 u=root n=ansible | changed: [localhost]
2023-04-26 18:10:27,299 p=5757 u=root n=ansible | TASK [openstack.kolla.baremetal : Ensure hostname does not point to 127.0.1.1 in /etc/hosts] ***
2023-04-26 18:10:27,783 p=5757 u=root n=ansible | ok: [localhost]
2023-04-26 18:10:27,907 p=5757 u=root n=ansible | TASK [openstack.kolla.baremetal : Generate /etc/hosts for all of the nodes] ****
2023-04-26 18:10:29,354 p=5757 u=root n=ansible | changed: [localhost]
2023-04-26 18:10:29,444 p=5757 u=root n=ansible | TASK [openstack.kolla.baremetal : Ensure unprivileged users can use ping] ******
2023-04-26 18:10:30,322 p=5757 u=root n=ansible | changed: [localhost]
2023-04-26 18:10:30,408 p=5757 u=root n=ansible | TASK [openstack.kolla.baremetal : Ensure /etc/cloud/cloud.cfg exists] **********
2023-04-26 18:10:31,349 p=5757 u=root n=ansible | ok: [localhost]
2023-04-26 18:10:31,464 p=5757 u=root n=ansible | TASK [openstack.kolla.baremetal : Disable cloud-init manage_etc_hosts] *********
2023-04-26 18:10:33,195 p=5757 u=root n=ansible | changed: [localhost]
2023-04-26 18:10:33,282 p=5757 u=root n=ansible | TASK [openstack.kolla.baremetal : Set firewall default policy] *****************
2023-04-26 18:10:33,331 p=5757 u=root n=ansible | skipping: [localhost]
2023-04-26 18:10:33,469 p=5757 u=root n=ansible | TASK [openstack.kolla.baremetal : Check if firewalld is installed] *************
2023-04-26 18:10:34,407 p=5757 u=root n=ansible | ok: [localhost]
2023-04-26 18:10:34,501 p=5757 u=root n=ansible | TASK [openstack.kolla.baremetal : Disable firewalld] ***************************
2023-04-26 18:10:34,567 p=5757 u=root n=ansible | skipping: [localhost] => (item=firewalld) 
2023-04-26 18:10:34,669 p=5757 u=root n=ansible | TASK [openstack.kolla.docker : Fail if docker_custom_option is defined] ********
2023-04-26 18:10:34,728 p=5757 u=root n=ansible | skipping: [localhost]
2023-04-26 18:10:34,846 p=5757 u=root n=ansible | TASK [openstack.kolla.docker : include_tasks] **********************************
2023-04-26 18:10:34,897 p=5757 u=root n=ansible | skipping: [localhost]
2023-04-26 18:10:34,984 p=5757 u=root n=ansible | TASK [openstack.kolla.docker : Ensure docker config directory exists] **********
2023-04-26 18:10:35,939 p=5757 u=root n=ansible | ok: [localhost]
2023-04-26 18:10:36,025 p=5757 u=root n=ansible | TASK [openstack.kolla.docker : Write docker config] ****************************
2023-04-26 18:10:37,290 p=5757 u=root n=ansible | changed: [localhost]
2023-04-26 18:10:37,378 p=5757 u=root n=ansible | TASK [openstack.kolla.docker : Remove old docker options file] *****************
2023-04-26 18:10:37,899 p=5757 u=root n=ansible | ok: [localhost]
2023-04-26 18:10:37,989 p=5757 u=root n=ansible | TASK [openstack.kolla.docker : Ensure docker service directory exists] *********
2023-04-26 18:10:38,045 p=5757 u=root n=ansible | skipping: [localhost]
2023-04-26 18:10:38,142 p=5757 u=root n=ansible | TASK [openstack.kolla.docker : Configure docker service] ***********************
2023-04-26 18:10:38,189 p=5757 u=root n=ansible | skipping: [localhost]
2023-04-26 18:10:38,281 p=5757 u=root n=ansible | TASK [openstack.kolla.docker : Ensure the path for CA file for private registry exists] ***
2023-04-26 18:10:38,328 p=5757 u=root n=ansible | skipping: [localhost]
2023-04-26 18:10:38,421 p=5757 u=root n=ansible | TASK [openstack.kolla.docker : Ensure the CA file for private registry exists] ***
2023-04-26 18:10:38,479 p=5757 u=root n=ansible | skipping: [localhost]
2023-04-26 18:10:38,569 p=5757 u=root n=ansible | TASK [openstack.kolla.docker : Flush handlers] *********************************
2023-04-26 18:10:38,569 p=5757 u=root n=ansible | RUNNING HANDLER [openstack.kolla.docker : Restart docker] **********************
2023-04-26 18:10:42,800 p=5757 u=root n=ansible | changed: [localhost]
2023-04-26 18:10:42,902 p=5757 u=root n=ansible | TASK [openstack.kolla.docker : Start and enable docker] ************************
2023-04-26 18:10:43,762 p=5757 u=root n=ansible | ok: [localhost]
2023-04-26 18:10:43,853 p=5757 u=root n=ansible | TASK [openstack.kolla.docker : include_tasks] **********************************
2023-04-26 18:10:43,898 p=5757 u=root n=ansible | skipping: [localhost]
2023-04-26 18:10:44,078 p=5757 u=root n=ansible | TASK [openstack.kolla.kolla_user : Ensure groups are present] ******************
2023-04-26 18:10:44,131 p=5757 u=root n=ansible | skipping: [localhost] => (item=docker) 
2023-04-26 18:10:44,138 p=5757 u=root n=ansible | skipping: [localhost] => (item=sudo) 
2023-04-26 18:10:44,144 p=5757 u=root n=ansible | skipping: [localhost] => (item=kolla) 
2023-04-26 18:10:44,258 p=5757 u=root n=ansible | TASK [openstack.kolla.kolla_user : Create kolla user] **************************
2023-04-26 18:10:44,298 p=5757 u=root n=ansible | skipping: [localhost]
2023-04-26 18:10:44,418 p=5757 u=root n=ansible | TASK [openstack.kolla.kolla_user : Add public key to kolla user authorized keys] ***
2023-04-26 18:10:44,460 p=5757 u=root n=ansible | skipping: [localhost]
2023-04-26 18:10:44,548 p=5757 u=root n=ansible | TASK [openstack.kolla.kolla_user : Grant kolla user passwordless sudo] *********
2023-04-26 18:10:44,589 p=5757 u=root n=ansible | skipping: [localhost]
2023-04-26 18:10:44,761 p=5757 u=root n=ansible | TASK [openstack.kolla.docker_sdk : Install latest pip in the virtualenv] *******
2023-04-26 18:10:44,820 p=5757 u=root n=ansible | skipping: [localhost]
2023-04-26 18:10:44,910 p=5757 u=root n=ansible | TASK [openstack.kolla.docker_sdk : Install docker SDK for python] **************
2023-04-26 18:11:11,965 p=5757 u=root n=ansible | ok: [localhost]
2023-04-26 18:11:12,124 p=5757 u=root n=ansible | TASK [openstack.kolla.baremetal : Ensure node_config_directory directory exists] ***
2023-04-26 18:11:12,629 p=5757 u=root n=ansible | ok: [localhost]
2023-04-26 18:11:12,711 p=5757 u=root n=ansible | TASK [openstack.kolla.apparmor_libvirt : include_tasks] ************************
2023-04-26 18:11:12,749 p=5757 u=root n=ansible | skipping: [localhost]
2023-04-26 18:11:12,918 p=5757 u=root n=ansible | TASK [openstack.kolla.baremetal : Change state of selinux] *********************
2023-04-26 18:11:14,484 p=5757 u=root n=ansible | ok: [localhost]
2023-04-26 18:11:14,565 p=5757 u=root n=ansible | TASK [openstack.kolla.baremetal : Set https proxy for git] *********************
2023-04-26 18:11:14,624 p=5757 u=root n=ansible | skipping: [localhost]
2023-04-26 18:11:14,708 p=5757 u=root n=ansible | TASK [openstack.kolla.baremetal : Set http proxy for git] **********************
2023-04-26 18:11:14,748 p=5757 u=root n=ansible | skipping: [localhost]
2023-04-26 18:11:14,831 p=5757 u=root n=ansible | TASK [openstack.kolla.baremetal : include_tasks] *******************************
2023-04-26 18:11:14,871 p=5757 u=root n=ansible | skipping: [localhost]
2023-04-26 18:11:15,107 p=5757 u=root n=ansible | PLAY RECAP *********************************************************************
2023-04-26 18:11:15,108 p=5757 u=root n=ansible | localhost                  : ok=17   changed=6    unreachable=0    failed=0    skipped=18   rescued=0    ignored=0   
