2023-03-01 16:55:01,787 p=5766 u=root n=ansible | [WARNING]: Invalid characters were found in group names but not replaced, use
-vvvv to see details

2023-03-01 16:55:04,950 p=5766 u=root n=ansible | PLAY [Gather facts for all hosts] **********************************************
2023-03-01 16:55:05,344 p=5766 u=root n=ansible | TASK [Gather facts] ************************************************************
2023-03-01 16:55:11,077 p=5766 u=root n=ansible | ok: [localhost]
2023-03-01 16:55:11,227 p=5766 u=root n=ansible | TASK [Group hosts to determine when using --limit] *****************************
2023-03-01 16:55:11,312 p=5766 u=root n=ansible | ok: [localhost]
2023-03-01 16:55:11,567 p=5766 u=root n=ansible | [WARNING]: Could not match supplied host pattern, ignoring:
all_using_limit_True

2023-03-01 16:55:11,580 p=5766 u=root n=ansible | PLAY [Gather facts for all hosts (if using --limit)] ***************************
2023-03-01 16:55:11,581 p=5766 u=root n=ansible | skipping: no hosts matched
2023-03-01 16:55:11,595 p=5766 u=root n=ansible | PLAY [Apply role baremetal] ****************************************************
2023-03-01 16:55:11,846 p=5766 u=root n=ansible | TASK [openstack.kolla.baremetal : Ensure localhost in /etc/hosts] **************
2023-03-01 16:55:12,870 p=5766 u=root n=ansible | changed: [localhost]
2023-03-01 16:55:12,952 p=5766 u=root n=ansible | TASK [openstack.kolla.baremetal : Ensure hostname does not point to 127.0.1.1 in /etc/hosts] ***
2023-03-01 16:55:13,627 p=5766 u=root n=ansible | ok: [localhost]
2023-03-01 16:55:13,716 p=5766 u=root n=ansible | TASK [openstack.kolla.baremetal : Generate /etc/hosts for all of the nodes] ****
2023-03-01 16:55:15,499 p=5766 u=root n=ansible | changed: [localhost]
2023-03-01 16:55:15,625 p=5766 u=root n=ansible | TASK [openstack.kolla.baremetal : Ensure unprivileged users can use ping] ******
2023-03-01 16:55:16,674 p=5766 u=root n=ansible | changed: [localhost]
2023-03-01 16:55:16,768 p=5766 u=root n=ansible | TASK [openstack.kolla.baremetal : Ensure /etc/cloud/cloud.cfg exists] **********
2023-03-01 16:55:18,336 p=5766 u=root n=ansible | ok: [localhost]
2023-03-01 16:55:18,469 p=5766 u=root n=ansible | TASK [openstack.kolla.baremetal : Disable cloud-init manage_etc_hosts] *********
2023-03-01 16:55:20,333 p=5766 u=root n=ansible | changed: [localhost]
2023-03-01 16:55:20,473 p=5766 u=root n=ansible | TASK [openstack.kolla.baremetal : Set firewall default policy] *****************
2023-03-01 16:55:20,562 p=5766 u=root n=ansible | skipping: [localhost]
2023-03-01 16:55:20,863 p=5766 u=root n=ansible | TASK [openstack.kolla.baremetal : Check if firewalld is installed] *************
2023-03-01 16:55:21,862 p=5766 u=root n=ansible | ok: [localhost]
2023-03-01 16:55:21,965 p=5766 u=root n=ansible | TASK [openstack.kolla.baremetal : Disable firewalld] ***************************
2023-03-01 16:55:22,072 p=5766 u=root n=ansible | skipping: [localhost] => (item=firewalld) 
2023-03-01 16:55:22,205 p=5766 u=root n=ansible | TASK [openstack.kolla.docker : Fail if docker_custom_option is defined] ********
2023-03-01 16:55:22,517 p=5766 u=root n=ansible | skipping: [localhost]
2023-03-01 16:55:22,620 p=5766 u=root n=ansible | TASK [openstack.kolla.docker : include_tasks] **********************************
2023-03-01 16:55:22,669 p=5766 u=root n=ansible | skipping: [localhost]
2023-03-01 16:55:22,753 p=5766 u=root n=ansible | TASK [openstack.kolla.docker : Ensure docker config directory exists] **********
2023-03-01 16:55:23,747 p=5766 u=root n=ansible | ok: [localhost]
2023-03-01 16:55:23,832 p=5766 u=root n=ansible | TASK [openstack.kolla.docker : Write docker config] ****************************
2023-03-01 16:55:25,211 p=5766 u=root n=ansible | changed: [localhost]
2023-03-01 16:55:25,297 p=5766 u=root n=ansible | TASK [openstack.kolla.docker : Remove old docker options file] *****************
2023-03-01 16:55:25,837 p=5766 u=root n=ansible | ok: [localhost]
2023-03-01 16:55:25,963 p=5766 u=root n=ansible | TASK [openstack.kolla.docker : Ensure docker service directory exists] *********
2023-03-01 16:55:26,019 p=5766 u=root n=ansible | skipping: [localhost]
2023-03-01 16:55:26,354 p=5766 u=root n=ansible | TASK [openstack.kolla.docker : Configure docker service] ***********************
2023-03-01 16:55:26,403 p=5766 u=root n=ansible | skipping: [localhost]
2023-03-01 16:55:26,493 p=5766 u=root n=ansible | TASK [openstack.kolla.docker : Ensure the path for CA file for private registry exists] ***
2023-03-01 16:55:26,556 p=5766 u=root n=ansible | skipping: [localhost]
2023-03-01 16:55:26,653 p=5766 u=root n=ansible | TASK [openstack.kolla.docker : Ensure the CA file for private registry exists] ***
2023-03-01 16:55:26,709 p=5766 u=root n=ansible | skipping: [localhost]
2023-03-01 16:55:26,834 p=5766 u=root n=ansible | TASK [openstack.kolla.docker : Flush handlers] *********************************
2023-03-01 16:55:26,835 p=5766 u=root n=ansible | RUNNING HANDLER [openstack.kolla.docker : Restart docker] **********************
2023-03-01 16:55:31,994 p=5766 u=root n=ansible | changed: [localhost]
2023-03-01 16:55:32,163 p=5766 u=root n=ansible | TASK [openstack.kolla.docker : Start and enable docker] ************************
2023-03-01 16:55:33,204 p=5766 u=root n=ansible | ok: [localhost]
2023-03-01 16:55:33,369 p=5766 u=root n=ansible | TASK [openstack.kolla.docker : include_tasks] **********************************
2023-03-01 16:55:33,428 p=5766 u=root n=ansible | skipping: [localhost]
2023-03-01 16:55:33,698 p=5766 u=root n=ansible | TASK [openstack.kolla.kolla_user : Ensure groups are present] ******************
2023-03-01 16:55:33,780 p=5766 u=root n=ansible | skipping: [localhost] => (item=docker) 
2023-03-01 16:55:33,791 p=5766 u=root n=ansible | skipping: [localhost] => (item=sudo) 
2023-03-01 16:55:33,800 p=5766 u=root n=ansible | skipping: [localhost] => (item=kolla) 
2023-03-01 16:55:33,945 p=5766 u=root n=ansible | TASK [openstack.kolla.kolla_user : Create kolla user] **************************
2023-03-01 16:55:34,034 p=5766 u=root n=ansible | skipping: [localhost]
2023-03-01 16:55:34,194 p=5766 u=root n=ansible | TASK [openstack.kolla.kolla_user : Add public key to kolla user authorized keys] ***
2023-03-01 16:55:34,249 p=5766 u=root n=ansible | skipping: [localhost]
2023-03-01 16:55:34,335 p=5766 u=root n=ansible | TASK [openstack.kolla.kolla_user : Grant kolla user passwordless sudo] *********
2023-03-01 16:55:34,377 p=5766 u=root n=ansible | skipping: [localhost]
2023-03-01 16:55:34,540 p=5766 u=root n=ansible | TASK [openstack.kolla.docker_sdk : Install latest pip in the virtualenv] *******
2023-03-01 16:55:34,599 p=5766 u=root n=ansible | skipping: [localhost]
2023-03-01 16:55:34,695 p=5766 u=root n=ansible | TASK [openstack.kolla.docker_sdk : Install docker SDK for python] **************
2023-03-01 16:55:42,972 p=5766 u=root n=ansible | ok: [localhost]
2023-03-01 16:55:43,210 p=5766 u=root n=ansible | TASK [openstack.kolla.baremetal : Ensure node_config_directory directory exists] ***
2023-03-01 16:55:43,840 p=5766 u=root n=ansible | ok: [localhost]
2023-03-01 16:55:43,933 p=5766 u=root n=ansible | TASK [openstack.kolla.apparmor_libvirt : include_tasks] ************************
2023-03-01 16:55:43,987 p=5766 u=root n=ansible | skipping: [localhost]
2023-03-01 16:55:44,211 p=5766 u=root n=ansible | TASK [openstack.kolla.baremetal : Change state of selinux] *********************
2023-03-01 16:55:46,107 p=5766 u=root n=ansible | ok: [localhost]
2023-03-01 16:55:46,247 p=5766 u=root n=ansible | TASK [openstack.kolla.baremetal : Set https proxy for git] *********************
2023-03-01 16:55:46,310 p=5766 u=root n=ansible | skipping: [localhost]
2023-03-01 16:55:46,474 p=5766 u=root n=ansible | TASK [openstack.kolla.baremetal : Set http proxy for git] **********************
2023-03-01 16:55:46,537 p=5766 u=root n=ansible | skipping: [localhost]
2023-03-01 16:55:46,670 p=5766 u=root n=ansible | TASK [openstack.kolla.baremetal : include_tasks] *******************************
2023-03-01 16:55:46,729 p=5766 u=root n=ansible | skipping: [localhost]
2023-03-01 16:55:47,104 p=5766 u=root n=ansible | PLAY RECAP *********************************************************************
2023-03-01 16:55:47,105 p=5766 u=root n=ansible | localhost                  : ok=17   changed=6    unreachable=0    failed=0    skipped=18   rescued=0    ignored=0   
