2023-03-13 17:54:26,061 p=5749 u=root n=ansible | [WARNING]: Invalid characters were found in group names but not replaced, use
-vvvv to see details

2023-03-13 17:54:28,619 p=5749 u=root n=ansible | PLAY [Gather facts for all hosts] **********************************************
2023-03-13 17:54:28,900 p=5749 u=root n=ansible | TASK [Gather facts] ************************************************************
2023-03-13 17:54:32,621 p=5749 u=root n=ansible | ok: [localhost]
2023-03-13 17:54:32,762 p=5749 u=root n=ansible | TASK [Group hosts to determine when using --limit] *****************************
2023-03-13 17:54:32,882 p=5749 u=root n=ansible | ok: [localhost]
2023-03-13 17:54:33,187 p=5749 u=root n=ansible | [WARNING]: Could not match supplied host pattern, ignoring:
all_using_limit_True

2023-03-13 17:54:33,200 p=5749 u=root n=ansible | PLAY [Gather facts for all hosts (if using --limit)] ***************************
2023-03-13 17:54:33,201 p=5749 u=root n=ansible | skipping: no hosts matched
2023-03-13 17:54:33,216 p=5749 u=root n=ansible | PLAY [Apply role baremetal] ****************************************************
2023-03-13 17:54:33,535 p=5749 u=root n=ansible | TASK [openstack.kolla.baremetal : Ensure localhost in /etc/hosts] **************
2023-03-13 17:54:34,311 p=5749 u=root n=ansible | changed: [localhost]
2023-03-13 17:54:34,398 p=5749 u=root n=ansible | TASK [openstack.kolla.baremetal : Ensure hostname does not point to 127.0.1.1 in /etc/hosts] ***
2023-03-13 17:54:34,855 p=5749 u=root n=ansible | ok: [localhost]
2023-03-13 17:54:34,944 p=5749 u=root n=ansible | TASK [openstack.kolla.baremetal : Generate /etc/hosts for all of the nodes] ****
2023-03-13 17:54:36,372 p=5749 u=root n=ansible | changed: [localhost]
2023-03-13 17:54:36,464 p=5749 u=root n=ansible | TASK [openstack.kolla.baremetal : Ensure unprivileged users can use ping] ******
2023-03-13 17:54:37,477 p=5749 u=root n=ansible | changed: [localhost]
2023-03-13 17:54:37,578 p=5749 u=root n=ansible | TASK [openstack.kolla.baremetal : Ensure /etc/cloud/cloud.cfg exists] **********
2023-03-13 17:54:38,752 p=5749 u=root n=ansible | ok: [localhost]
2023-03-13 17:54:38,923 p=5749 u=root n=ansible | TASK [openstack.kolla.baremetal : Disable cloud-init manage_etc_hosts] *********
2023-03-13 17:54:40,508 p=5749 u=root n=ansible | changed: [localhost]
2023-03-13 17:54:40,670 p=5749 u=root n=ansible | TASK [openstack.kolla.baremetal : Set firewall default policy] *****************
2023-03-13 17:54:40,742 p=5749 u=root n=ansible | skipping: [localhost]
2023-03-13 17:54:40,904 p=5749 u=root n=ansible | TASK [openstack.kolla.baremetal : Check if firewalld is installed] *************
2023-03-13 17:54:41,922 p=5749 u=root n=ansible | ok: [localhost]
2023-03-13 17:54:42,031 p=5749 u=root n=ansible | TASK [openstack.kolla.baremetal : Disable firewalld] ***************************
2023-03-13 17:54:42,100 p=5749 u=root n=ansible | skipping: [localhost] => (item=firewalld) 
2023-03-13 17:54:42,201 p=5749 u=root n=ansible | TASK [openstack.kolla.docker : Fail if docker_custom_option is defined] ********
2023-03-13 17:54:42,289 p=5749 u=root n=ansible | skipping: [localhost]
2023-03-13 17:54:42,392 p=5749 u=root n=ansible | TASK [openstack.kolla.docker : include_tasks] **********************************
2023-03-13 17:54:42,493 p=5749 u=root n=ansible | skipping: [localhost]
2023-03-13 17:54:42,638 p=5749 u=root n=ansible | TASK [openstack.kolla.docker : Ensure docker config directory exists] **********
2023-03-13 17:54:43,686 p=5749 u=root n=ansible | ok: [localhost]
2023-03-13 17:54:43,805 p=5749 u=root n=ansible | TASK [openstack.kolla.docker : Write docker config] ****************************
2023-03-13 17:54:45,783 p=5749 u=root n=ansible | changed: [localhost]
2023-03-13 17:54:45,969 p=5749 u=root n=ansible | TASK [openstack.kolla.docker : Remove old docker options file] *****************
2023-03-13 17:54:46,634 p=5749 u=root n=ansible | ok: [localhost]
2023-03-13 17:54:46,811 p=5749 u=root n=ansible | TASK [openstack.kolla.docker : Ensure docker service directory exists] *********
2023-03-13 17:54:46,879 p=5749 u=root n=ansible | skipping: [localhost]
2023-03-13 17:54:47,073 p=5749 u=root n=ansible | TASK [openstack.kolla.docker : Configure docker service] ***********************
2023-03-13 17:54:47,147 p=5749 u=root n=ansible | skipping: [localhost]
2023-03-13 17:54:47,312 p=5749 u=root n=ansible | TASK [openstack.kolla.docker : Ensure the path for CA file for private registry exists] ***
2023-03-13 17:54:47,395 p=5749 u=root n=ansible | skipping: [localhost]
2023-03-13 17:54:47,550 p=5749 u=root n=ansible | TASK [openstack.kolla.docker : Ensure the CA file for private registry exists] ***
2023-03-13 17:54:47,631 p=5749 u=root n=ansible | skipping: [localhost]
2023-03-13 17:54:47,773 p=5749 u=root n=ansible | TASK [openstack.kolla.docker : Flush handlers] *********************************
2023-03-13 17:54:47,775 p=5749 u=root n=ansible | RUNNING HANDLER [openstack.kolla.docker : Restart docker] **********************
2023-03-13 17:54:53,534 p=5749 u=root n=ansible | changed: [localhost]
2023-03-13 17:54:53,705 p=5749 u=root n=ansible | TASK [openstack.kolla.docker : Start and enable docker] ************************
2023-03-13 17:54:54,860 p=5749 u=root n=ansible | ok: [localhost]
2023-03-13 17:54:55,009 p=5749 u=root n=ansible | TASK [openstack.kolla.docker : include_tasks] **********************************
2023-03-13 17:54:55,081 p=5749 u=root n=ansible | skipping: [localhost]
2023-03-13 17:54:55,431 p=5749 u=root n=ansible | TASK [openstack.kolla.kolla_user : Ensure groups are present] ******************
2023-03-13 17:54:55,545 p=5749 u=root n=ansible | skipping: [localhost] => (item=docker) 
2023-03-13 17:54:55,563 p=5749 u=root n=ansible | skipping: [localhost] => (item=sudo) 
2023-03-13 17:54:55,579 p=5749 u=root n=ansible | skipping: [localhost] => (item=kolla) 
2023-03-13 17:54:55,723 p=5749 u=root n=ansible | TASK [openstack.kolla.kolla_user : Create kolla user] **************************
2023-03-13 17:54:55,795 p=5749 u=root n=ansible | skipping: [localhost]
2023-03-13 17:54:55,896 p=5749 u=root n=ansible | TASK [openstack.kolla.kolla_user : Add public key to kolla user authorized keys] ***
2023-03-13 17:54:55,976 p=5749 u=root n=ansible | skipping: [localhost]
2023-03-13 17:54:56,076 p=5749 u=root n=ansible | TASK [openstack.kolla.kolla_user : Grant kolla user passwordless sudo] *********
2023-03-13 17:54:56,149 p=5749 u=root n=ansible | skipping: [localhost]
2023-03-13 17:54:56,415 p=5749 u=root n=ansible | TASK [openstack.kolla.docker_sdk : Install latest pip in the virtualenv] *******
2023-03-13 17:54:56,504 p=5749 u=root n=ansible | skipping: [localhost]
2023-03-13 17:54:56,639 p=5749 u=root n=ansible | TASK [openstack.kolla.docker_sdk : Install docker SDK for python] **************
2023-03-13 17:55:25,371 p=5749 u=root n=ansible | ok: [localhost]
2023-03-13 17:55:25,651 p=5749 u=root n=ansible | TASK [openstack.kolla.baremetal : Ensure node_config_directory directory exists] ***
2023-03-13 17:55:26,396 p=5749 u=root n=ansible | ok: [localhost]
2023-03-13 17:55:26,520 p=5749 u=root n=ansible | TASK [openstack.kolla.apparmor_libvirt : include_tasks] ************************
2023-03-13 17:55:26,574 p=5749 u=root n=ansible | skipping: [localhost]
2023-03-13 17:55:26,816 p=5749 u=root n=ansible | TASK [openstack.kolla.baremetal : Change state of selinux] *********************
2023-03-13 17:55:28,532 p=5749 u=root n=ansible | ok: [localhost]
2023-03-13 17:55:28,664 p=5749 u=root n=ansible | TASK [openstack.kolla.baremetal : Set https proxy for git] *********************
2023-03-13 17:55:28,736 p=5749 u=root n=ansible | skipping: [localhost]
2023-03-13 17:55:28,881 p=5749 u=root n=ansible | TASK [openstack.kolla.baremetal : Set http proxy for git] **********************
2023-03-13 17:55:28,951 p=5749 u=root n=ansible | skipping: [localhost]
2023-03-13 17:55:29,091 p=5749 u=root n=ansible | TASK [openstack.kolla.baremetal : include_tasks] *******************************
2023-03-13 17:55:29,160 p=5749 u=root n=ansible | skipping: [localhost]
2023-03-13 17:55:29,491 p=5749 u=root n=ansible | PLAY RECAP *********************************************************************
2023-03-13 17:55:29,492 p=5749 u=root n=ansible | localhost                  : ok=17   changed=6    unreachable=0    failed=0    skipped=18   rescued=0    ignored=0   
