2023-03-14 22:05:48,235 p=5787 u=root n=ansible | [WARNING]: Invalid characters were found in group names but not replaced, use
-vvvv to see details

2023-03-14 22:05:50,706 p=5787 u=root n=ansible | PLAY [Gather facts for all hosts] **********************************************
2023-03-14 22:05:51,046 p=5787 u=root n=ansible | TASK [Gather facts] ************************************************************
2023-03-14 22:05:55,007 p=5787 u=root n=ansible | ok: [localhost]
2023-03-14 22:05:55,093 p=5787 u=root n=ansible | TASK [Group hosts to determine when using --limit] *****************************
2023-03-14 22:05:55,180 p=5787 u=root n=ansible | ok: [localhost]
2023-03-14 22:05:55,381 p=5787 u=root n=ansible | [WARNING]: Could not match supplied host pattern, ignoring:
all_using_limit_True

2023-03-14 22:05:55,390 p=5787 u=root n=ansible | PLAY [Gather facts for all hosts (if using --limit)] ***************************
2023-03-14 22:05:55,391 p=5787 u=root n=ansible | skipping: no hosts matched
2023-03-14 22:05:55,402 p=5787 u=root n=ansible | PLAY [Apply role baremetal] ****************************************************
2023-03-14 22:05:55,620 p=5787 u=root n=ansible | TASK [openstack.kolla.baremetal : Ensure localhost in /etc/hosts] **************
2023-03-14 22:05:56,572 p=5787 u=root n=ansible | changed: [localhost]
2023-03-14 22:05:56,672 p=5787 u=root n=ansible | TASK [openstack.kolla.baremetal : Ensure hostname does not point to 127.0.1.1 in /etc/hosts] ***
2023-03-14 22:05:57,176 p=5787 u=root n=ansible | ok: [localhost]
2023-03-14 22:05:57,275 p=5787 u=root n=ansible | TASK [openstack.kolla.baremetal : Generate /etc/hosts for all of the nodes] ****
2023-03-14 22:05:58,776 p=5787 u=root n=ansible | changed: [localhost]
2023-03-14 22:05:58,872 p=5787 u=root n=ansible | TASK [openstack.kolla.baremetal : Ensure unprivileged users can use ping] ******
2023-03-14 22:05:59,784 p=5787 u=root n=ansible | changed: [localhost]
2023-03-14 22:05:59,870 p=5787 u=root n=ansible | TASK [openstack.kolla.baremetal : Ensure /etc/cloud/cloud.cfg exists] **********
2023-03-14 22:06:00,870 p=5787 u=root n=ansible | ok: [localhost]
2023-03-14 22:06:00,960 p=5787 u=root n=ansible | TASK [openstack.kolla.baremetal : Disable cloud-init manage_etc_hosts] *********
2023-03-14 22:06:02,519 p=5787 u=root n=ansible | changed: [localhost]
2023-03-14 22:06:02,624 p=5787 u=root n=ansible | TASK [openstack.kolla.baremetal : Set firewall default policy] *****************
2023-03-14 22:06:02,674 p=5787 u=root n=ansible | skipping: [localhost]
2023-03-14 22:06:02,763 p=5787 u=root n=ansible | TASK [openstack.kolla.baremetal : Check if firewalld is installed] *************
2023-03-14 22:06:03,736 p=5787 u=root n=ansible | ok: [localhost]
2023-03-14 22:06:03,830 p=5787 u=root n=ansible | TASK [openstack.kolla.baremetal : Disable firewalld] ***************************
2023-03-14 22:06:03,890 p=5787 u=root n=ansible | skipping: [localhost] => (item=firewalld) 
2023-03-14 22:06:03,981 p=5787 u=root n=ansible | TASK [openstack.kolla.docker : Fail if docker_custom_option is defined] ********
2023-03-14 22:06:04,053 p=5787 u=root n=ansible | skipping: [localhost]
2023-03-14 22:06:04,144 p=5787 u=root n=ansible | TASK [openstack.kolla.docker : include_tasks] **********************************
2023-03-14 22:06:04,186 p=5787 u=root n=ansible | skipping: [localhost]
2023-03-14 22:06:04,320 p=5787 u=root n=ansible | TASK [openstack.kolla.docker : Ensure docker config directory exists] **********
2023-03-14 22:06:05,237 p=5787 u=root n=ansible | ok: [localhost]
2023-03-14 22:06:05,335 p=5787 u=root n=ansible | TASK [openstack.kolla.docker : Write docker config] ****************************
2023-03-14 22:06:06,571 p=5787 u=root n=ansible | changed: [localhost]
2023-03-14 22:06:06,667 p=5787 u=root n=ansible | TASK [openstack.kolla.docker : Remove old docker options file] *****************
2023-03-14 22:06:07,188 p=5787 u=root n=ansible | ok: [localhost]
2023-03-14 22:06:07,273 p=5787 u=root n=ansible | TASK [openstack.kolla.docker : Ensure docker service directory exists] *********
2023-03-14 22:06:07,326 p=5787 u=root n=ansible | skipping: [localhost]
2023-03-14 22:06:07,413 p=5787 u=root n=ansible | TASK [openstack.kolla.docker : Configure docker service] ***********************
2023-03-14 22:06:07,464 p=5787 u=root n=ansible | skipping: [localhost]
2023-03-14 22:06:07,549 p=5787 u=root n=ansible | TASK [openstack.kolla.docker : Ensure the path for CA file for private registry exists] ***
2023-03-14 22:06:07,600 p=5787 u=root n=ansible | skipping: [localhost]
2023-03-14 22:06:07,691 p=5787 u=root n=ansible | TASK [openstack.kolla.docker : Ensure the CA file for private registry exists] ***
2023-03-14 22:06:07,746 p=5787 u=root n=ansible | skipping: [localhost]
2023-03-14 22:06:07,845 p=5787 u=root n=ansible | TASK [openstack.kolla.docker : Flush handlers] *********************************
2023-03-14 22:06:07,846 p=5787 u=root n=ansible | RUNNING HANDLER [openstack.kolla.docker : Restart docker] **********************
2023-03-14 22:06:12,081 p=5787 u=root n=ansible | changed: [localhost]
2023-03-14 22:06:12,211 p=5787 u=root n=ansible | TASK [openstack.kolla.docker : Start and enable docker] ************************
2023-03-14 22:06:13,161 p=5787 u=root n=ansible | ok: [localhost]
2023-03-14 22:06:13,265 p=5787 u=root n=ansible | TASK [openstack.kolla.docker : include_tasks] **********************************
2023-03-14 22:06:13,330 p=5787 u=root n=ansible | skipping: [localhost]
2023-03-14 22:06:13,524 p=5787 u=root n=ansible | TASK [openstack.kolla.kolla_user : Ensure groups are present] ******************
2023-03-14 22:06:13,578 p=5787 u=root n=ansible | skipping: [localhost] => (item=docker) 
2023-03-14 22:06:13,593 p=5787 u=root n=ansible | skipping: [localhost] => (item=sudo) 
2023-03-14 22:06:13,600 p=5787 u=root n=ansible | skipping: [localhost] => (item=kolla) 
2023-03-14 22:06:13,710 p=5787 u=root n=ansible | TASK [openstack.kolla.kolla_user : Create kolla user] **************************
2023-03-14 22:06:13,750 p=5787 u=root n=ansible | skipping: [localhost]
2023-03-14 22:06:13,850 p=5787 u=root n=ansible | TASK [openstack.kolla.kolla_user : Add public key to kolla user authorized keys] ***
2023-03-14 22:06:13,893 p=5787 u=root n=ansible | skipping: [localhost]
2023-03-14 22:06:13,984 p=5787 u=root n=ansible | TASK [openstack.kolla.kolla_user : Grant kolla user passwordless sudo] *********
2023-03-14 22:06:14,024 p=5787 u=root n=ansible | skipping: [localhost]
2023-03-14 22:06:14,199 p=5787 u=root n=ansible | TASK [openstack.kolla.docker_sdk : Install latest pip in the virtualenv] *******
2023-03-14 22:06:14,253 p=5787 u=root n=ansible | skipping: [localhost]
2023-03-14 22:06:14,347 p=5787 u=root n=ansible | TASK [openstack.kolla.docker_sdk : Install docker SDK for python] **************
2023-03-14 22:06:41,413 p=5787 u=root n=ansible | ok: [localhost]
2023-03-14 22:06:41,690 p=5787 u=root n=ansible | TASK [openstack.kolla.baremetal : Ensure node_config_directory directory exists] ***
2023-03-14 22:06:42,287 p=5787 u=root n=ansible | ok: [localhost]
2023-03-14 22:06:42,385 p=5787 u=root n=ansible | TASK [openstack.kolla.apparmor_libvirt : include_tasks] ************************
2023-03-14 22:06:42,427 p=5787 u=root n=ansible | skipping: [localhost]
2023-03-14 22:06:42,625 p=5787 u=root n=ansible | TASK [openstack.kolla.baremetal : Change state of selinux] *********************
2023-03-14 22:06:44,278 p=5787 u=root n=ansible | ok: [localhost]
2023-03-14 22:06:44,382 p=5787 u=root n=ansible | TASK [openstack.kolla.baremetal : Set https proxy for git] *********************
2023-03-14 22:06:44,431 p=5787 u=root n=ansible | skipping: [localhost]
2023-03-14 22:06:44,519 p=5787 u=root n=ansible | TASK [openstack.kolla.baremetal : Set http proxy for git] **********************
2023-03-14 22:06:44,565 p=5787 u=root n=ansible | skipping: [localhost]
2023-03-14 22:06:44,651 p=5787 u=root n=ansible | TASK [openstack.kolla.baremetal : include_tasks] *******************************
2023-03-14 22:06:44,691 p=5787 u=root n=ansible | skipping: [localhost]
2023-03-14 22:06:44,939 p=5787 u=root n=ansible | PLAY RECAP *********************************************************************
2023-03-14 22:06:44,939 p=5787 u=root n=ansible | localhost                  : ok=17   changed=6    unreachable=0    failed=0    skipped=18   rescued=0    ignored=0   
