2023-03-15 13:42:53,289 p=5754 u=root n=ansible | [WARNING]: Invalid characters were found in group names but not replaced, use
-vvvv to see details

2023-03-15 13:42:55,350 p=5754 u=root n=ansible | PLAY [Gather facts for all hosts] **********************************************
2023-03-15 13:42:55,635 p=5754 u=root n=ansible | TASK [Gather facts] ************************************************************
2023-03-15 13:43:00,663 p=5754 u=root n=ansible | ok: [localhost]
2023-03-15 13:43:00,770 p=5754 u=root n=ansible | TASK [Group hosts to determine when using --limit] *****************************
2023-03-15 13:43:00,858 p=5754 u=root n=ansible | ok: [localhost]
2023-03-15 13:43:01,105 p=5754 u=root n=ansible | [WARNING]: Could not match supplied host pattern, ignoring:
all_using_limit_True

2023-03-15 13:43:01,120 p=5754 u=root n=ansible | PLAY [Gather facts for all hosts (if using --limit)] ***************************
2023-03-15 13:43:01,121 p=5754 u=root n=ansible | skipping: no hosts matched
2023-03-15 13:43:01,137 p=5754 u=root n=ansible | PLAY [Apply role baremetal] ****************************************************
2023-03-15 13:43:01,399 p=5754 u=root n=ansible | TASK [openstack.kolla.baremetal : Ensure localhost in /etc/hosts] **************
2023-03-15 13:43:02,441 p=5754 u=root n=ansible | changed: [localhost]
2023-03-15 13:43:02,554 p=5754 u=root n=ansible | TASK [openstack.kolla.baremetal : Ensure hostname does not point to 127.0.1.1 in /etc/hosts] ***
2023-03-15 13:43:03,114 p=5754 u=root n=ansible | ok: [localhost]
2023-03-15 13:43:03,209 p=5754 u=root n=ansible | TASK [openstack.kolla.baremetal : Generate /etc/hosts for all of the nodes] ****
2023-03-15 13:43:05,146 p=5754 u=root n=ansible | changed: [localhost]
2023-03-15 13:43:05,270 p=5754 u=root n=ansible | TASK [openstack.kolla.baremetal : Ensure unprivileged users can use ping] ******
2023-03-15 13:43:06,438 p=5754 u=root n=ansible | changed: [localhost]
2023-03-15 13:43:06,615 p=5754 u=root n=ansible | TASK [openstack.kolla.baremetal : Ensure /etc/cloud/cloud.cfg exists] **********
2023-03-15 13:43:07,655 p=5754 u=root n=ansible | ok: [localhost]
2023-03-15 13:43:07,781 p=5754 u=root n=ansible | TASK [openstack.kolla.baremetal : Disable cloud-init manage_etc_hosts] *********
2023-03-15 13:43:09,227 p=5754 u=root n=ansible | changed: [localhost]
2023-03-15 13:43:09,317 p=5754 u=root n=ansible | TASK [openstack.kolla.baremetal : Set firewall default policy] *****************
2023-03-15 13:43:09,385 p=5754 u=root n=ansible | skipping: [localhost]
2023-03-15 13:43:09,476 p=5754 u=root n=ansible | TASK [openstack.kolla.baremetal : Check if firewalld is installed] *************
2023-03-15 13:43:10,373 p=5754 u=root n=ansible | ok: [localhost]
2023-03-15 13:43:10,461 p=5754 u=root n=ansible | TASK [openstack.kolla.baremetal : Disable firewalld] ***************************
2023-03-15 13:43:10,524 p=5754 u=root n=ansible | skipping: [localhost] => (item=firewalld) 
2023-03-15 13:43:10,617 p=5754 u=root n=ansible | TASK [openstack.kolla.docker : Fail if docker_custom_option is defined] ********
2023-03-15 13:43:10,684 p=5754 u=root n=ansible | skipping: [localhost]
2023-03-15 13:43:10,770 p=5754 u=root n=ansible | TASK [openstack.kolla.docker : include_tasks] **********************************
2023-03-15 13:43:10,812 p=5754 u=root n=ansible | skipping: [localhost]
2023-03-15 13:43:10,900 p=5754 u=root n=ansible | TASK [openstack.kolla.docker : Ensure docker config directory exists] **********
2023-03-15 13:43:11,875 p=5754 u=root n=ansible | ok: [localhost]
2023-03-15 13:43:12,004 p=5754 u=root n=ansible | TASK [openstack.kolla.docker : Write docker config] ****************************
2023-03-15 13:43:13,238 p=5754 u=root n=ansible | changed: [localhost]
2023-03-15 13:43:13,348 p=5754 u=root n=ansible | TASK [openstack.kolla.docker : Remove old docker options file] *****************
2023-03-15 13:43:13,957 p=5754 u=root n=ansible | ok: [localhost]
2023-03-15 13:43:14,072 p=5754 u=root n=ansible | TASK [openstack.kolla.docker : Ensure docker service directory exists] *********
2023-03-15 13:43:14,128 p=5754 u=root n=ansible | skipping: [localhost]
2023-03-15 13:43:14,229 p=5754 u=root n=ansible | TASK [openstack.kolla.docker : Configure docker service] ***********************
2023-03-15 13:43:14,285 p=5754 u=root n=ansible | skipping: [localhost]
2023-03-15 13:43:14,391 p=5754 u=root n=ansible | TASK [openstack.kolla.docker : Ensure the path for CA file for private registry exists] ***
2023-03-15 13:43:14,450 p=5754 u=root n=ansible | skipping: [localhost]
2023-03-15 13:43:14,588 p=5754 u=root n=ansible | TASK [openstack.kolla.docker : Ensure the CA file for private registry exists] ***
2023-03-15 13:43:14,659 p=5754 u=root n=ansible | skipping: [localhost]
2023-03-15 13:43:14,771 p=5754 u=root n=ansible | TASK [openstack.kolla.docker : Flush handlers] *********************************
2023-03-15 13:43:14,772 p=5754 u=root n=ansible | RUNNING HANDLER [openstack.kolla.docker : Restart docker] **********************
2023-03-15 13:43:18,856 p=5754 u=root n=ansible | changed: [localhost]
2023-03-15 13:43:18,959 p=5754 u=root n=ansible | TASK [openstack.kolla.docker : Start and enable docker] ************************
2023-03-15 13:43:19,927 p=5754 u=root n=ansible | ok: [localhost]
2023-03-15 13:43:20,043 p=5754 u=root n=ansible | TASK [openstack.kolla.docker : include_tasks] **********************************
2023-03-15 13:43:20,093 p=5754 u=root n=ansible | skipping: [localhost]
2023-03-15 13:43:20,268 p=5754 u=root n=ansible | TASK [openstack.kolla.kolla_user : Ensure groups are present] ******************
2023-03-15 13:43:20,327 p=5754 u=root n=ansible | skipping: [localhost] => (item=docker) 
2023-03-15 13:43:20,333 p=5754 u=root n=ansible | skipping: [localhost] => (item=sudo) 
2023-03-15 13:43:20,341 p=5754 u=root n=ansible | skipping: [localhost] => (item=kolla) 
2023-03-15 13:43:20,451 p=5754 u=root n=ansible | TASK [openstack.kolla.kolla_user : Create kolla user] **************************
2023-03-15 13:43:20,499 p=5754 u=root n=ansible | skipping: [localhost]
2023-03-15 13:43:20,612 p=5754 u=root n=ansible | TASK [openstack.kolla.kolla_user : Add public key to kolla user authorized keys] ***
2023-03-15 13:43:20,660 p=5754 u=root n=ansible | skipping: [localhost]
2023-03-15 13:43:20,761 p=5754 u=root n=ansible | TASK [openstack.kolla.kolla_user : Grant kolla user passwordless sudo] *********
2023-03-15 13:43:20,812 p=5754 u=root n=ansible | skipping: [localhost]
2023-03-15 13:43:21,015 p=5754 u=root n=ansible | TASK [openstack.kolla.docker_sdk : Install latest pip in the virtualenv] *******
2023-03-15 13:43:21,102 p=5754 u=root n=ansible | skipping: [localhost]
2023-03-15 13:43:21,199 p=5754 u=root n=ansible | TASK [openstack.kolla.docker_sdk : Install docker SDK for python] **************
2023-03-15 13:43:47,969 p=5754 u=root n=ansible | ok: [localhost]
2023-03-15 13:43:48,146 p=5754 u=root n=ansible | TASK [openstack.kolla.baremetal : Ensure node_config_directory directory exists] ***
2023-03-15 13:43:48,737 p=5754 u=root n=ansible | ok: [localhost]
2023-03-15 13:43:48,824 p=5754 u=root n=ansible | TASK [openstack.kolla.apparmor_libvirt : include_tasks] ************************
2023-03-15 13:43:48,867 p=5754 u=root n=ansible | skipping: [localhost]
2023-03-15 13:43:49,046 p=5754 u=root n=ansible | TASK [openstack.kolla.baremetal : Change state of selinux] *********************
2023-03-15 13:43:50,720 p=5754 u=root n=ansible | ok: [localhost]
2023-03-15 13:43:50,823 p=5754 u=root n=ansible | TASK [openstack.kolla.baremetal : Set https proxy for git] *********************
2023-03-15 13:43:50,876 p=5754 u=root n=ansible | skipping: [localhost]
2023-03-15 13:43:50,965 p=5754 u=root n=ansible | TASK [openstack.kolla.baremetal : Set http proxy for git] **********************
2023-03-15 13:43:51,013 p=5754 u=root n=ansible | skipping: [localhost]
2023-03-15 13:43:51,125 p=5754 u=root n=ansible | TASK [openstack.kolla.baremetal : include_tasks] *******************************
2023-03-15 13:43:51,178 p=5754 u=root n=ansible | skipping: [localhost]
2023-03-15 13:43:51,470 p=5754 u=root n=ansible | PLAY RECAP *********************************************************************
2023-03-15 13:43:51,470 p=5754 u=root n=ansible | localhost                  : ok=17   changed=6    unreachable=0    failed=0    skipped=18   rescued=0    ignored=0   
