2023-02-13 23:55:34,961 p=5514 u=root n=ansible | [WARNING]: Invalid characters were found in group names but not replaced, use
-vvvv to see details

2023-02-13 23:55:38,209 p=5514 u=root n=ansible | PLAY [Gather facts for all hosts] **********************************************
2023-02-13 23:55:38,645 p=5514 u=root n=ansible | TASK [Gather facts] ************************************************************
2023-02-13 23:55:47,377 p=5514 u=root n=ansible | ok: [localhost]
2023-02-13 23:55:47,453 p=5514 u=root n=ansible | TASK [Group hosts to determine when using --limit] *****************************
2023-02-13 23:55:47,536 p=5514 u=root n=ansible | ok: [localhost]
2023-02-13 23:55:47,687 p=5514 u=root n=ansible | [WARNING]: Could not match supplied host pattern, ignoring:
all_using_limit_True

2023-02-13 23:55:47,696 p=5514 u=root n=ansible | PLAY [Gather facts for all hosts (if using --limit)] ***************************
2023-02-13 23:55:47,696 p=5514 u=root n=ansible | skipping: no hosts matched
2023-02-13 23:55:47,703 p=5514 u=root n=ansible | PLAY [Apply role baremetal] ****************************************************
2023-02-13 23:55:47,898 p=5514 u=root n=ansible | TASK [openstack.kolla.baremetal : Ensure localhost in /etc/hosts] **************
2023-02-13 23:55:48,714 p=5514 u=root n=ansible | changed: [localhost]
2023-02-13 23:55:48,794 p=5514 u=root n=ansible | TASK [openstack.kolla.baremetal : Ensure hostname does not point to 127.0.1.1 in /etc/hosts] ***
2023-02-13 23:55:49,271 p=5514 u=root n=ansible | ok: [localhost]
2023-02-13 23:55:49,354 p=5514 u=root n=ansible | TASK [openstack.kolla.baremetal : Generate /etc/hosts for all of the nodes] ****
2023-02-13 23:55:50,802 p=5514 u=root n=ansible | changed: [localhost]
2023-02-13 23:55:50,916 p=5514 u=root n=ansible | TASK [openstack.kolla.baremetal : Ensure unprivileged users can use ping] ******
2023-02-13 23:55:51,721 p=5514 u=root n=ansible | changed: [localhost]
2023-02-13 23:55:51,800 p=5514 u=root n=ansible | TASK [openstack.kolla.baremetal : Ensure /etc/cloud/cloud.cfg exists] **********
2023-02-13 23:55:52,793 p=5514 u=root n=ansible | ok: [localhost]
2023-02-13 23:55:53,002 p=5514 u=root n=ansible | TASK [openstack.kolla.baremetal : Disable cloud-init manage_etc_hosts] *********
2023-02-13 23:55:54,340 p=5514 u=root n=ansible | changed: [localhost]
2023-02-13 23:55:54,466 p=5514 u=root n=ansible | TASK [openstack.kolla.baremetal : Set firewall default policy] *****************
2023-02-13 23:55:54,516 p=5514 u=root n=ansible | skipping: [localhost]
2023-02-13 23:55:54,668 p=5514 u=root n=ansible | TASK [openstack.kolla.baremetal : Check if firewalld is installed] *************
2023-02-13 23:55:55,529 p=5514 u=root n=ansible | ok: [localhost]
2023-02-13 23:55:55,615 p=5514 u=root n=ansible | TASK [openstack.kolla.baremetal : Disable firewalld] ***************************
2023-02-13 23:55:55,682 p=5514 u=root n=ansible | skipping: [localhost] => (item=firewalld) 
2023-02-13 23:55:55,764 p=5514 u=root n=ansible | TASK [openstack.kolla.docker : Fail if docker_custom_option is defined] ********
2023-02-13 23:55:55,820 p=5514 u=root n=ansible | skipping: [localhost]
2023-02-13 23:55:55,903 p=5514 u=root n=ansible | TASK [openstack.kolla.docker : include_tasks] **********************************
2023-02-13 23:55:55,940 p=5514 u=root n=ansible | skipping: [localhost]
2023-02-13 23:55:56,025 p=5514 u=root n=ansible | TASK [openstack.kolla.docker : Ensure docker config directory exists] **********
2023-02-13 23:55:56,868 p=5514 u=root n=ansible | changed: [localhost]
2023-02-13 23:55:56,959 p=5514 u=root n=ansible | TASK [openstack.kolla.docker : Write docker config] ****************************
2023-02-13 23:55:58,062 p=5514 u=root n=ansible | changed: [localhost]
2023-02-13 23:55:58,199 p=5514 u=root n=ansible | TASK [openstack.kolla.docker : Remove old docker options file] *****************
2023-02-13 23:55:58,660 p=5514 u=root n=ansible | ok: [localhost]
2023-02-13 23:55:58,739 p=5514 u=root n=ansible | TASK [openstack.kolla.docker : Ensure docker service directory exists] *********
2023-02-13 23:55:58,821 p=5514 u=root n=ansible | skipping: [localhost]
2023-02-13 23:55:58,903 p=5514 u=root n=ansible | TASK [openstack.kolla.docker : Configure docker service] ***********************
2023-02-13 23:55:58,983 p=5514 u=root n=ansible | skipping: [localhost]
2023-02-13 23:55:59,065 p=5514 u=root n=ansible | TASK [openstack.kolla.docker : Ensure the path for CA file for private registry exists] ***
2023-02-13 23:55:59,144 p=5514 u=root n=ansible | skipping: [localhost]
2023-02-13 23:55:59,225 p=5514 u=root n=ansible | TASK [openstack.kolla.docker : Ensure the CA file for private registry exists] ***
2023-02-13 23:55:59,302 p=5514 u=root n=ansible | skipping: [localhost]
2023-02-13 23:55:59,383 p=5514 u=root n=ansible | TASK [openstack.kolla.docker : Flush handlers] *********************************
2023-02-13 23:55:59,384 p=5514 u=root n=ansible | RUNNING HANDLER [openstack.kolla.docker : Restart docker] **********************
2023-02-13 23:56:03,507 p=5514 u=root n=ansible | changed: [localhost]
2023-02-13 23:56:03,590 p=5514 u=root n=ansible | TASK [openstack.kolla.docker : Start and enable docker] ************************
2023-02-13 23:56:04,460 p=5514 u=root n=ansible | ok: [localhost]
2023-02-13 23:56:04,543 p=5514 u=root n=ansible | TASK [openstack.kolla.docker : include_tasks] **********************************
2023-02-13 23:56:04,627 p=5514 u=root n=ansible | skipping: [localhost]
2023-02-13 23:56:04,901 p=5514 u=root n=ansible | TASK [openstack.kolla.kolla_user : Ensure groups are present] ******************
2023-02-13 23:56:04,954 p=5514 u=root n=ansible | skipping: [localhost] => (item=docker) 
2023-02-13 23:56:04,973 p=5514 u=root n=ansible | skipping: [localhost] => (item=sudo) 
2023-02-13 23:56:04,973 p=5514 u=root n=ansible | skipping: [localhost] => (item=kolla) 
2023-02-13 23:56:05,068 p=5514 u=root n=ansible | TASK [openstack.kolla.kolla_user : Create kolla user] **************************
2023-02-13 23:56:05,113 p=5514 u=root n=ansible | skipping: [localhost]
2023-02-13 23:56:05,205 p=5514 u=root n=ansible | TASK [openstack.kolla.kolla_user : Add public key to kolla user authorized keys] ***
2023-02-13 23:56:05,251 p=5514 u=root n=ansible | skipping: [localhost]
2023-02-13 23:56:05,340 p=5514 u=root n=ansible | TASK [openstack.kolla.kolla_user : Grant kolla user passwordless sudo] *********
2023-02-13 23:56:05,392 p=5514 u=root n=ansible | skipping: [localhost]
2023-02-13 23:56:05,568 p=5514 u=root n=ansible | TASK [openstack.kolla.docker_sdk : Install latest pip in the virtualenv] *******
2023-02-13 23:56:05,621 p=5514 u=root n=ansible | skipping: [localhost]
2023-02-13 23:56:05,713 p=5514 u=root n=ansible | TASK [openstack.kolla.docker_sdk : Install docker SDK for python] **************
2023-02-13 23:56:33,267 p=5514 u=root n=ansible | ok: [localhost]
2023-02-13 23:56:33,433 p=5514 u=root n=ansible | TASK [openstack.kolla.baremetal : Ensure node_config_directory directory exists] ***
2023-02-13 23:56:34,303 p=5514 u=root n=ansible | ok: [localhost]
2023-02-13 23:56:34,392 p=5514 u=root n=ansible | TASK [openstack.kolla.apparmor_libvirt : include_tasks] ************************
2023-02-13 23:56:34,436 p=5514 u=root n=ansible | skipping: [localhost]
2023-02-13 23:56:34,601 p=5514 u=root n=ansible | TASK [openstack.kolla.baremetal : Change state of selinux] *********************
2023-02-13 23:56:36,190 p=5514 u=root n=ansible | ok: [localhost]
2023-02-13 23:56:36,272 p=5514 u=root n=ansible | TASK [openstack.kolla.baremetal : Set https proxy for git] *********************
2023-02-13 23:56:36,313 p=5514 u=root n=ansible | skipping: [localhost]
2023-02-13 23:56:36,396 p=5514 u=root n=ansible | TASK [openstack.kolla.baremetal : Set http proxy for git] **********************
2023-02-13 23:56:36,439 p=5514 u=root n=ansible | skipping: [localhost]
2023-02-13 23:56:36,523 p=5514 u=root n=ansible | TASK [openstack.kolla.baremetal : include_tasks] *******************************
2023-02-13 23:56:36,584 p=5514 u=root n=ansible | skipping: [localhost]
2023-02-13 23:56:36,826 p=5514 u=root n=ansible | PLAY RECAP *********************************************************************
2023-02-13 23:56:36,826 p=5514 u=root n=ansible | localhost                  : ok=17   changed=7    unreachable=0    failed=0    skipped=18   rescued=0    ignored=0   
