2023-03-02 18:52:57,054 p=5756 u=root n=ansible | [WARNING]: Invalid characters were found in group names but not replaced, use
-vvvv to see details

2023-03-02 18:52:59,387 p=5756 u=root n=ansible | PLAY [Gather facts for all hosts] **********************************************
2023-03-02 18:52:59,706 p=5756 u=root n=ansible | TASK [Gather facts] ************************************************************
2023-03-02 18:53:04,105 p=5756 u=root n=ansible | ok: [localhost]
2023-03-02 18:53:04,251 p=5756 u=root n=ansible | TASK [Group hosts to determine when using --limit] *****************************
2023-03-02 18:53:04,330 p=5756 u=root n=ansible | ok: [localhost]
2023-03-02 18:53:04,506 p=5756 u=root n=ansible | [WARNING]: Could not match supplied host pattern, ignoring:
all_using_limit_True

2023-03-02 18:53:04,515 p=5756 u=root n=ansible | PLAY [Gather facts for all hosts (if using --limit)] ***************************
2023-03-02 18:53:04,516 p=5756 u=root n=ansible | skipping: no hosts matched
2023-03-02 18:53:04,525 p=5756 u=root n=ansible | PLAY [Apply role baremetal] ****************************************************
2023-03-02 18:53:04,755 p=5756 u=root n=ansible | TASK [openstack.kolla.baremetal : Ensure localhost in /etc/hosts] **************
2023-03-02 18:53:05,660 p=5756 u=root n=ansible | changed: [localhost]
2023-03-02 18:53:05,753 p=5756 u=root n=ansible | TASK [openstack.kolla.baremetal : Ensure hostname does not point to 127.0.1.1 in /etc/hosts] ***
2023-03-02 18:53:06,231 p=5756 u=root n=ansible | ok: [localhost]
2023-03-02 18:53:06,329 p=5756 u=root n=ansible | TASK [openstack.kolla.baremetal : Generate /etc/hosts for all of the nodes] ****
2023-03-02 18:53:08,178 p=5756 u=root n=ansible | changed: [localhost]
2023-03-02 18:53:08,272 p=5756 u=root n=ansible | TASK [openstack.kolla.baremetal : Ensure unprivileged users can use ping] ******
2023-03-02 18:53:09,292 p=5756 u=root n=ansible | changed: [localhost]
2023-03-02 18:53:09,380 p=5756 u=root n=ansible | TASK [openstack.kolla.baremetal : Ensure /etc/cloud/cloud.cfg exists] **********
2023-03-02 18:53:10,539 p=5756 u=root n=ansible | ok: [localhost]
2023-03-02 18:53:10,646 p=5756 u=root n=ansible | TASK [openstack.kolla.baremetal : Disable cloud-init manage_etc_hosts] *********
2023-03-02 18:53:12,235 p=5756 u=root n=ansible | changed: [localhost]
2023-03-02 18:53:12,337 p=5756 u=root n=ansible | TASK [openstack.kolla.baremetal : Set firewall default policy] *****************
2023-03-02 18:53:12,405 p=5756 u=root n=ansible | skipping: [localhost]
2023-03-02 18:53:12,505 p=5756 u=root n=ansible | TASK [openstack.kolla.baremetal : Check if firewalld is installed] *************
2023-03-02 18:53:13,390 p=5756 u=root n=ansible | ok: [localhost]
2023-03-02 18:53:13,519 p=5756 u=root n=ansible | TASK [openstack.kolla.baremetal : Disable firewalld] ***************************
2023-03-02 18:53:13,585 p=5756 u=root n=ansible | skipping: [localhost] => (item=firewalld) 
2023-03-02 18:53:13,686 p=5756 u=root n=ansible | TASK [openstack.kolla.docker : Fail if docker_custom_option is defined] ********
2023-03-02 18:53:13,756 p=5756 u=root n=ansible | skipping: [localhost]
2023-03-02 18:53:13,852 p=5756 u=root n=ansible | TASK [openstack.kolla.docker : include_tasks] **********************************
2023-03-02 18:53:13,911 p=5756 u=root n=ansible | skipping: [localhost]
2023-03-02 18:53:14,002 p=5756 u=root n=ansible | TASK [openstack.kolla.docker : Ensure docker config directory exists] **********
2023-03-02 18:53:15,012 p=5756 u=root n=ansible | ok: [localhost]
2023-03-02 18:53:15,110 p=5756 u=root n=ansible | TASK [openstack.kolla.docker : Write docker config] ****************************
2023-03-02 18:53:16,309 p=5756 u=root n=ansible | changed: [localhost]
2023-03-02 18:53:16,409 p=5756 u=root n=ansible | TASK [openstack.kolla.docker : Remove old docker options file] *****************
2023-03-02 18:53:16,892 p=5756 u=root n=ansible | ok: [localhost]
2023-03-02 18:53:16,982 p=5756 u=root n=ansible | TASK [openstack.kolla.docker : Ensure docker service directory exists] *********
2023-03-02 18:53:17,030 p=5756 u=root n=ansible | skipping: [localhost]
2023-03-02 18:53:17,157 p=5756 u=root n=ansible | TASK [openstack.kolla.docker : Configure docker service] ***********************
2023-03-02 18:53:17,214 p=5756 u=root n=ansible | skipping: [localhost]
2023-03-02 18:53:17,317 p=5756 u=root n=ansible | TASK [openstack.kolla.docker : Ensure the path for CA file for private registry exists] ***
2023-03-02 18:53:17,388 p=5756 u=root n=ansible | skipping: [localhost]
2023-03-02 18:53:17,495 p=5756 u=root n=ansible | TASK [openstack.kolla.docker : Ensure the CA file for private registry exists] ***
2023-03-02 18:53:17,557 p=5756 u=root n=ansible | skipping: [localhost]
2023-03-02 18:53:17,700 p=5756 u=root n=ansible | TASK [openstack.kolla.docker : Flush handlers] *********************************
2023-03-02 18:53:17,701 p=5756 u=root n=ansible | RUNNING HANDLER [openstack.kolla.docker : Restart docker] **********************
2023-03-02 18:53:21,217 p=5756 u=root n=ansible | changed: [localhost]
2023-03-02 18:53:21,310 p=5756 u=root n=ansible | TASK [openstack.kolla.docker : Start and enable docker] ************************
2023-03-02 18:53:22,330 p=5756 u=root n=ansible | ok: [localhost]
2023-03-02 18:53:22,419 p=5756 u=root n=ansible | TASK [openstack.kolla.docker : include_tasks] **********************************
2023-03-02 18:53:22,464 p=5756 u=root n=ansible | skipping: [localhost]
2023-03-02 18:53:22,639 p=5756 u=root n=ansible | TASK [openstack.kolla.kolla_user : Ensure groups are present] ******************
2023-03-02 18:53:22,687 p=5756 u=root n=ansible | skipping: [localhost] => (item=docker) 
2023-03-02 18:53:22,694 p=5756 u=root n=ansible | skipping: [localhost] => (item=sudo) 
2023-03-02 18:53:22,700 p=5756 u=root n=ansible | skipping: [localhost] => (item=kolla) 
2023-03-02 18:53:22,814 p=5756 u=root n=ansible | TASK [openstack.kolla.kolla_user : Create kolla user] **************************
2023-03-02 18:53:22,855 p=5756 u=root n=ansible | skipping: [localhost]
2023-03-02 18:53:22,942 p=5756 u=root n=ansible | TASK [openstack.kolla.kolla_user : Add public key to kolla user authorized keys] ***
2023-03-02 18:53:22,981 p=5756 u=root n=ansible | skipping: [localhost]
2023-03-02 18:53:23,066 p=5756 u=root n=ansible | TASK [openstack.kolla.kolla_user : Grant kolla user passwordless sudo] *********
2023-03-02 18:53:23,108 p=5756 u=root n=ansible | skipping: [localhost]
2023-03-02 18:53:23,286 p=5756 u=root n=ansible | TASK [openstack.kolla.docker_sdk : Install latest pip in the virtualenv] *******
2023-03-02 18:53:23,358 p=5756 u=root n=ansible | skipping: [localhost]
2023-03-02 18:53:23,447 p=5756 u=root n=ansible | TASK [openstack.kolla.docker_sdk : Install docker SDK for python] **************
2023-03-02 18:53:30,476 p=5756 u=root n=ansible | ok: [localhost]
2023-03-02 18:53:30,650 p=5756 u=root n=ansible | TASK [openstack.kolla.baremetal : Ensure node_config_directory directory exists] ***
2023-03-02 18:53:31,246 p=5756 u=root n=ansible | ok: [localhost]
2023-03-02 18:53:31,410 p=5756 u=root n=ansible | TASK [openstack.kolla.apparmor_libvirt : include_tasks] ************************
2023-03-02 18:53:31,486 p=5756 u=root n=ansible | skipping: [localhost]
2023-03-02 18:53:31,766 p=5756 u=root n=ansible | TASK [openstack.kolla.baremetal : Change state of selinux] *********************
2023-03-02 18:53:33,290 p=5756 u=root n=ansible | ok: [localhost]
2023-03-02 18:53:33,378 p=5756 u=root n=ansible | TASK [openstack.kolla.baremetal : Set https proxy for git] *********************
2023-03-02 18:53:33,420 p=5756 u=root n=ansible | skipping: [localhost]
2023-03-02 18:53:33,505 p=5756 u=root n=ansible | TASK [openstack.kolla.baremetal : Set http proxy for git] **********************
2023-03-02 18:53:33,547 p=5756 u=root n=ansible | skipping: [localhost]
2023-03-02 18:53:33,631 p=5756 u=root n=ansible | TASK [openstack.kolla.baremetal : include_tasks] *******************************
2023-03-02 18:53:33,673 p=5756 u=root n=ansible | skipping: [localhost]
2023-03-02 18:53:33,922 p=5756 u=root n=ansible | PLAY RECAP *********************************************************************
2023-03-02 18:53:33,923 p=5756 u=root n=ansible | localhost                  : ok=17   changed=6    unreachable=0    failed=0    skipped=18   rescued=0    ignored=0   
