2023-02-14 00:25:32.784558 mod_wsgi (pid=24): Failed to exec Python script file '/var/lib/kolla/venv/bin/ironic-api-wsgi'.
2023-02-14 00:25:32.784756 mod_wsgi (pid=24): Exception occurred processing WSGI script '/var/lib/kolla/venv/bin/ironic-api-wsgi'.
2023-02-14 00:25:32.786976 Traceback (most recent call last):
2023-02-14 00:25:32.787156   File "/var/lib/kolla/venv/bin/ironic-api-wsgi", line 52, in <module>
2023-02-14 00:25:32.787179     application = initialize_wsgi_app()
2023-02-14 00:25:32.787199   File "/var/lib/kolla/venv/lib/python3.9/site-packages/ironic/api/wsgi.py", line 38, in initialize_wsgi_app
2023-02-14 00:25:32.787212     return app.VersionSelectorApplication()
2023-02-14 00:25:32.787229   File "/var/lib/kolla/venv/lib/python3.9/site-packages/ironic/api/app.py", line 148, in __init__
2023-02-14 00:25:32.787241     self.v1 = setup_app(pecan_config=pc)
2023-02-14 00:25:32.787256   File "/var/lib/kolla/venv/lib/python3.9/site-packages/ironic/api/app.py", line 74, in setup_app
2023-02-14 00:25:32.787268     app = pecan.make_app(
2023-02-14 00:25:32.787289   File "/var/lib/kolla/venv/lib/python3.9/site-packages/pecan/__init__.py", line 86, in make_app
2023-02-14 00:25:32.787300     app = Pecan(root, **kw)
2023-02-14 00:25:32.787316   File "/var/lib/kolla/venv/lib/python3.9/site-packages/pecan/core.py", line 844, in __init__
2023-02-14 00:25:32.787327     super(Pecan, self).__init__(*args, **kw)
2023-02-14 00:25:32.787342   File "/var/lib/kolla/venv/lib/python3.9/site-packages/pecan/core.py", line 240, in __init__
2023-02-14 00:25:32.787354     root = self.__translate_root__(root)
2023-02-14 00:25:32.787369   File "/var/lib/kolla/venv/lib/python3.9/site-packages/pecan/core.py", line 275, in __translate_root__
2023-02-14 00:25:32.787381     module = __import__(name, fromlist=fromlist)
2023-02-14 00:25:32.787396   File "/var/lib/kolla/venv/lib/python3.9/site-packages/ironic/api/controllers/root.py", line 19, in <module>
2023-02-14 00:25:32.787408     from ironic.api.controllers import v1
2023-02-14 00:25:32.787427   File "/var/lib/kolla/venv/lib/python3.9/site-packages/ironic/api/controllers/v1/__init__.py", line 29, in <module>
2023-02-14 00:25:32.787438     from ironic.api.controllers.v1 import allocation
2023-02-14 00:25:32.787455   File "/var/lib/kolla/venv/lib/python3.9/site-packages/ironic/api/controllers/v1/allocation.py", line 25, in <module>
2023-02-14 00:25:32.787467     from ironic.api.controllers.v1 import utils as api_utils
2023-02-14 00:25:32.787501   File "/var/lib/kolla/venv/lib/python3.9/site-packages/ironic/api/controllers/v1/utils.py", line 1068
2023-02-14 00:25:32.787541     <<<<<<< HEAD
2023-02-14 00:25:32.787573     ^
2023-02-14 00:25:32.787598 SyntaxError: invalid syntax
2023-02-14 00:25:37.559523 mod_wsgi (pid=25): Failed to exec Python script file '/var/lib/kolla/venv/bin/ironic-api-wsgi'.
2023-02-14 00:25:37.559654 mod_wsgi (pid=25): Exception occurred processing WSGI script '/var/lib/kolla/venv/bin/ironic-api-wsgi'.
2023-02-14 00:25:37.562000 Traceback (most recent call last):
2023-02-14 00:25:37.562162   File "/var/lib/kolla/venv/bin/ironic-api-wsgi", line 52, in <module>
2023-02-14 00:25:37.562229     application = initialize_wsgi_app()
2023-02-14 00:25:37.562254   File "/var/lib/kolla/venv/lib/python3.9/site-packages/ironic/api/wsgi.py", line 38, in initialize_wsgi_app
2023-02-14 00:25:37.562267     return app.VersionSelectorApplication()
2023-02-14 00:25:37.562284   File "/var/lib/kolla/venv/lib/python3.9/site-packages/ironic/api/app.py", line 148, in __init__
2023-02-14 00:25:37.562296     self.v1 = setup_app(pecan_config=pc)
2023-02-14 00:25:37.562312   File "/var/lib/kolla/venv/lib/python3.9/site-packages/ironic/api/app.py", line 74, in setup_app
2023-02-14 00:25:37.562323     app = pecan.make_app(
2023-02-14 00:25:37.562339   File "/var/lib/kolla/venv/lib/python3.9/site-packages/pecan/__init__.py", line 86, in make_app
2023-02-14 00:25:37.562350     app = Pecan(root, **kw)
2023-02-14 00:25:37.562366   File "/var/lib/kolla/venv/lib/python3.9/site-packages/pecan/core.py", line 844, in __init__
2023-02-14 00:25:37.562399     super(Pecan, self).__init__(*args, **kw)
2023-02-14 00:25:37.562418   File "/var/lib/kolla/venv/lib/python3.9/site-packages/pecan/core.py", line 240, in __init__
2023-02-14 00:25:37.562430     root = self.__translate_root__(root)
2023-02-14 00:25:37.562445   File "/var/lib/kolla/venv/lib/python3.9/site-packages/pecan/core.py", line 275, in __translate_root__
2023-02-14 00:25:37.562457     module = __import__(name, fromlist=fromlist)
2023-02-14 00:25:37.562473   File "/var/lib/kolla/venv/lib/python3.9/site-packages/ironic/api/controllers/root.py", line 19, in <module>
2023-02-14 00:25:37.562484     from ironic.api.controllers import v1
2023-02-14 00:25:37.562500   File "/var/lib/kolla/venv/lib/python3.9/site-packages/ironic/api/controllers/v1/__init__.py", line 29, in <module>
2023-02-14 00:25:37.562512     from ironic.api.controllers.v1 import allocation
2023-02-14 00:25:37.562528   File "/var/lib/kolla/venv/lib/python3.9/site-packages/ironic/api/controllers/v1/allocation.py", line 25, in <module>
2023-02-14 00:25:37.562540     from ironic.api.controllers.v1 import utils as api_utils
2023-02-14 00:25:37.562584   File "/var/lib/kolla/venv/lib/python3.9/site-packages/ironic/api/controllers/v1/utils.py", line 1068
2023-02-14 00:25:37.562615     <<<<<<< HEAD
2023-02-14 00:25:37.562647     ^
2023-02-14 00:25:37.562672 SyntaxError: invalid syntax
2023-02-14 00:26:27.569103 mod_wsgi (pid=24): Failed to exec Python script file '/var/lib/kolla/venv/bin/ironic-api-wsgi'.
2023-02-14 00:26:27.569373 mod_wsgi (pid=24): Exception occurred processing WSGI script '/var/lib/kolla/venv/bin/ironic-api-wsgi'.
2023-02-14 00:26:27.578905 Traceback (most recent call last):
2023-02-14 00:26:27.579083   File "/var/lib/kolla/venv/bin/ironic-api-wsgi", line 52, in <module>
2023-02-14 00:26:27.579122     application = initialize_wsgi_app()
2023-02-14 00:26:27.579168   File "/var/lib/kolla/venv/lib/python3.9/site-packages/ironic/api/wsgi.py", line 32, in initialize_wsgi_app
2023-02-14 00:26:27.579192     service.prepare_command(argv)
2023-02-14 00:26:27.579221   File "/var/lib/kolla/venv/lib/python3.9/site-packages/ironic/common/service.py", line 42, in prepare_command
2023-02-14 00:26:27.579242     log.register_options(CONF)
2023-02-14 00:26:27.579288   File "/var/lib/kolla/venv/lib/python3.9/site-packages/oslo_log/log.py", line 259, in register_options
2023-02-14 00:26:27.579319     conf.register_cli_opts(_options.common_cli_opts)
2023-02-14 00:26:27.579350   File "/var/lib/kolla/venv/lib/python3.9/site-packages/oslo_config/cfg.py", line 2077, in __inner
2023-02-14 00:26:27.579371     result = f(self, *args, **kwargs)
2023-02-14 00:26:27.579399   File "/var/lib/kolla/venv/lib/python3.9/site-packages/oslo_config/cfg.py", line 2363, in register_cli_opts
2023-02-14 00:26:27.579418     self.register_cli_opt(opt, group, clear_cache=False)
2023-02-14 00:26:27.579444   File "/var/lib/kolla/venv/lib/python3.9/site-packages/oslo_config/cfg.py", line 2081, in __inner
2023-02-14 00:26:27.579464     return f(self, *args, **kwargs)
2023-02-14 00:26:27.579491   File "/var/lib/kolla/venv/lib/python3.9/site-packages/oslo_config/cfg.py", line 2355, in register_cli_opt
2023-02-14 00:26:27.579511     raise ArgsAlreadyParsedError("cannot register CLI option")
2023-02-14 00:26:27.579592 oslo_config.cfg.ArgsAlreadyParsedError: arguments already parsed: cannot register CLI option
2023-02-14 00:26:27.590250 mod_wsgi (pid=25): Failed to exec Python script file '/var/lib/kolla/venv/bin/ironic-api-wsgi'.
2023-02-14 00:26:27.590445 mod_wsgi (pid=25): Exception occurred processing WSGI script '/var/lib/kolla/venv/bin/ironic-api-wsgi'.
2023-02-14 00:26:27.595686 Traceback (most recent call last):
2023-02-14 00:26:27.595795   File "/var/lib/kolla/venv/bin/ironic-api-wsgi", line 52, in <module>
2023-02-14 00:26:27.595815     application = initialize_wsgi_app()
2023-02-14 00:26:27.595839   File "/var/lib/kolla/venv/lib/python3.9/site-packages/ironic/api/wsgi.py", line 32, in initialize_wsgi_app
2023-02-14 00:26:27.595852     service.prepare_command(argv)
2023-02-14 00:26:27.595894   File "/var/lib/kolla/venv/lib/python3.9/site-packages/ironic/common/service.py", line 42, in prepare_command
2023-02-14 00:26:27.595907     log.register_options(CONF)
2023-02-14 00:26:27.595923   File "/var/lib/kolla/venv/lib/python3.9/site-packages/oslo_log/log.py", line 259, in register_options
2023-02-14 00:26:27.595943     conf.register_cli_opts(_options.common_cli_opts)
2023-02-14 00:26:27.595963   File "/var/lib/kolla/venv/lib/python3.9/site-packages/oslo_config/cfg.py", line 2077, in __inner
2023-02-14 00:26:27.595974     result = f(self, *args, **kwargs)
2023-02-14 00:26:27.595990   File "/var/lib/kolla/venv/lib/python3.9/site-packages/oslo_config/cfg.py", line 2363, in register_cli_opts
2023-02-14 00:26:27.596002     self.register_cli_opt(opt, group, clear_cache=False)
2023-02-14 00:26:27.596018   File "/var/lib/kolla/venv/lib/python3.9/site-packages/oslo_config/cfg.py", line 2081, in __inner
2023-02-14 00:26:27.596085     return f(self, *args, **kwargs)
2023-02-14 00:26:27.596106   File "/var/lib/kolla/venv/lib/python3.9/site-packages/oslo_config/cfg.py", line 2355, in register_cli_opt
2023-02-14 00:26:27.596119     raise ArgsAlreadyParsedError("cannot register CLI option")
2023-02-14 00:26:27.596162 oslo_config.cfg.ArgsAlreadyParsedError: arguments already parsed: cannot register CLI option
2023-02-14 00:27:27.727424 mod_wsgi (pid=24): Failed to exec Python script file '/var/lib/kolla/venv/bin/ironic-api-wsgi'.
2023-02-14 00:27:27.727721 mod_wsgi (pid=24): Exception occurred processing WSGI script '/var/lib/kolla/venv/bin/ironic-api-wsgi'.
2023-02-14 00:27:27.728482 Traceback (most recent call last):
2023-02-14 00:27:27.728624   File "/var/lib/kolla/venv/bin/ironic-api-wsgi", line 52, in <module>
2023-02-14 00:27:27.728644     application = initialize_wsgi_app()
2023-02-14 00:27:27.728672   File "/var/lib/kolla/venv/lib/python3.9/site-packages/ironic/api/wsgi.py", line 32, in initialize_wsgi_app
2023-02-14 00:27:27.728688     service.prepare_command(argv)
2023-02-14 00:27:27.728705   File "/var/lib/kolla/venv/lib/python3.9/site-packages/ironic/common/service.py", line 42, in prepare_command
2023-02-14 00:27:27.728718     log.register_options(CONF)
2023-02-14 00:27:27.728741   File "/var/lib/kolla/venv/lib/python3.9/site-packages/oslo_log/log.py", line 259, in register_options
2023-02-14 00:27:27.728761     conf.register_cli_opts(_options.common_cli_opts)
2023-02-14 00:27:27.728781   File "/var/lib/kolla/venv/lib/python3.9/site-packages/oslo_config/cfg.py", line 2077, in __inner
2023-02-14 00:27:27.728796     result = f(self, *args, **kwargs)
2023-02-14 00:27:27.728816   File "/var/lib/kolla/venv/lib/python3.9/site-packages/oslo_config/cfg.py", line 2363, in register_cli_opts
2023-02-14 00:27:27.728828     self.register_cli_opt(opt, group, clear_cache=False)
2023-02-14 00:27:27.728844   File "/var/lib/kolla/venv/lib/python3.9/site-packages/oslo_config/cfg.py", line 2081, in __inner
2023-02-14 00:27:27.728856     return f(self, *args, **kwargs)
2023-02-14 00:27:27.728872   File "/var/lib/kolla/venv/lib/python3.9/site-packages/oslo_config/cfg.py", line 2355, in register_cli_opt
2023-02-14 00:27:27.728884     raise ArgsAlreadyParsedError("cannot register CLI option")
2023-02-14 00:27:27.728931 oslo_config.cfg.ArgsAlreadyParsedError: arguments already parsed: cannot register CLI option
2023-02-14 00:27:27.788107 mod_wsgi (pid=25): Failed to exec Python script file '/var/lib/kolla/venv/bin/ironic-api-wsgi'.
2023-02-14 00:27:27.788383 mod_wsgi (pid=25): Exception occurred processing WSGI script '/var/lib/kolla/venv/bin/ironic-api-wsgi'.
2023-02-14 00:27:27.799364 Traceback (most recent call last):
2023-02-14 00:27:27.799561   File "/var/lib/kolla/venv/bin/ironic-api-wsgi", line 52, in <module>
2023-02-14 00:27:27.799582     application = initialize_wsgi_app()
2023-02-14 00:27:27.799603   File "/var/lib/kolla/venv/lib/python3.9/site-packages/ironic/api/wsgi.py", line 32, in initialize_wsgi_app
2023-02-14 00:27:27.799616     service.prepare_command(argv)
2023-02-14 00:27:27.799633   File "/var/lib/kolla/venv/lib/python3.9/site-packages/ironic/common/service.py", line 42, in prepare_command
2023-02-14 00:27:27.799688     log.register_options(CONF)
2023-02-14 00:27:27.799709   File "/var/lib/kolla/venv/lib/python3.9/site-packages/oslo_log/log.py", line 259, in register_options
2023-02-14 00:27:27.799730     conf.register_cli_opts(_options.common_cli_opts)
2023-02-14 00:27:27.799750   File "/var/lib/kolla/venv/lib/python3.9/site-packages/oslo_config/cfg.py", line 2077, in __inner
2023-02-14 00:27:27.799763     result = f(self, *args, **kwargs)
2023-02-14 00:27:27.799780   File "/var/lib/kolla/venv/lib/python3.9/site-packages/oslo_config/cfg.py", line 2363, in register_cli_opts
2023-02-14 00:27:27.799792     self.register_cli_opt(opt, group, clear_cache=False)
2023-02-14 00:27:27.799809   File "/var/lib/kolla/venv/lib/python3.9/site-packages/oslo_config/cfg.py", line 2081, in __inner
2023-02-14 00:27:27.799821     return f(self, *args, **kwargs)
2023-02-14 00:27:27.799837   File "/var/lib/kolla/venv/lib/python3.9/site-packages/oslo_config/cfg.py", line 2355, in register_cli_opt
2023-02-14 00:27:27.799849     raise ArgsAlreadyParsedError("cannot register CLI option")
2023-02-14 00:27:27.799902 oslo_config.cfg.ArgsAlreadyParsedError: arguments already parsed: cannot register CLI option
2023-02-14 00:27:41.925950 mod_wsgi (pid=24): Failed to exec Python script file '/var/lib/kolla/venv/bin/ironic-api-wsgi'.
2023-02-14 00:27:41.926189 mod_wsgi (pid=24): Exception occurred processing WSGI script '/var/lib/kolla/venv/bin/ironic-api-wsgi'.
2023-02-14 00:27:41.926732 Traceback (most recent call last):
2023-02-14 00:27:41.926842   File "/var/lib/kolla/venv/bin/ironic-api-wsgi", line 52, in <module>
2023-02-14 00:27:41.926863     application = initialize_wsgi_app()
2023-02-14 00:27:41.926882   File "/var/lib/kolla/venv/lib/python3.9/site-packages/ironic/api/wsgi.py", line 32, in initialize_wsgi_app
2023-02-14 00:27:41.926895     service.prepare_command(argv)
2023-02-14 00:27:41.926912   File "/var/lib/kolla/venv/lib/python3.9/site-packages/ironic/common/service.py", line 42, in prepare_command
2023-02-14 00:27:41.926924     log.register_options(CONF)
2023-02-14 00:27:41.926949   File "/var/lib/kolla/venv/lib/python3.9/site-packages/oslo_log/log.py", line 259, in register_options
2023-02-14 00:27:41.926965     conf.register_cli_opts(_options.common_cli_opts)
2023-02-14 00:27:41.926983   File "/var/lib/kolla/venv/lib/python3.9/site-packages/oslo_config/cfg.py", line 2077, in __inner
2023-02-14 00:27:41.926995     result = f(self, *args, **kwargs)
2023-02-14 00:27:41.927028   File "/var/lib/kolla/venv/lib/python3.9/site-packages/oslo_config/cfg.py", line 2363, in register_cli_opts
2023-02-14 00:27:41.927074     self.register_cli_opt(opt, group, clear_cache=False)
2023-02-14 00:27:41.927096   File "/var/lib/kolla/venv/lib/python3.9/site-packages/oslo_config/cfg.py", line 2081, in __inner
2023-02-14 00:27:41.927109     return f(self, *args, **kwargs)
2023-02-14 00:27:41.927126   File "/var/lib/kolla/venv/lib/python3.9/site-packages/oslo_config/cfg.py", line 2355, in register_cli_opt
2023-02-14 00:27:41.927139     raise ArgsAlreadyParsedError("cannot register CLI option")
2023-02-14 00:27:41.927185 oslo_config.cfg.ArgsAlreadyParsedError: arguments already parsed: cannot register CLI option
2023-02-14 00:28:27.659199 mod_wsgi (pid=25): Failed to exec Python script file '/var/lib/kolla/venv/bin/ironic-api-wsgi'.
2023-02-14 00:28:27.659499 mod_wsgi (pid=25): Exception occurred processing WSGI script '/var/lib/kolla/venv/bin/ironic-api-wsgi'.
2023-02-14 00:28:27.660273 Traceback (most recent call last):
2023-02-14 00:28:27.660437   File "/var/lib/kolla/venv/bin/ironic-api-wsgi", line 52, in <module>
2023-02-14 00:28:27.660460     application = initialize_wsgi_app()
2023-02-14 00:28:27.660482   File "/var/lib/kolla/venv/lib/python3.9/site-packages/ironic/api/wsgi.py", line 32, in initialize_wsgi_app
2023-02-14 00:28:27.660495     service.prepare_command(argv)
2023-02-14 00:28:27.660511   File "/var/lib/kolla/venv/lib/python3.9/site-packages/ironic/common/service.py", line 42, in prepare_command
2023-02-14 00:28:27.660633     log.register_options(CONF)
2023-02-14 00:28:27.660654   File "/var/lib/kolla/venv/lib/python3.9/site-packages/oslo_log/log.py", line 259, in register_options
2023-02-14 00:28:27.660675     conf.register_cli_opts(_options.common_cli_opts)
2023-02-14 00:28:27.660696   File "/var/lib/kolla/venv/lib/python3.9/site-packages/oslo_config/cfg.py", line 2077, in __inner
2023-02-14 00:28:27.660708     result = f(self, *args, **kwargs)
2023-02-14 00:28:27.660724   File "/var/lib/kolla/venv/lib/python3.9/site-packages/oslo_config/cfg.py", line 2363, in register_cli_opts
2023-02-14 00:28:27.660736     self.register_cli_opt(opt, group, clear_cache=False)
2023-02-14 00:28:27.660760   File "/var/lib/kolla/venv/lib/python3.9/site-packages/oslo_config/cfg.py", line 2081, in __inner
2023-02-14 00:28:27.660772     return f(self, *args, **kwargs)
2023-02-14 00:28:27.660788   File "/var/lib/kolla/venv/lib/python3.9/site-packages/oslo_config/cfg.py", line 2355, in register_cli_opt
2023-02-14 00:28:27.660800     raise ArgsAlreadyParsedError("cannot register CLI option")
2023-02-14 00:28:27.660848 oslo_config.cfg.ArgsAlreadyParsedError: arguments already parsed: cannot register CLI option
2023-02-14 00:28:27.685069 mod_wsgi (pid=24): Failed to exec Python script file '/var/lib/kolla/venv/bin/ironic-api-wsgi'.
2023-02-14 00:28:27.685271 mod_wsgi (pid=24): Exception occurred processing WSGI script '/var/lib/kolla/venv/bin/ironic-api-wsgi'.
2023-02-14 00:28:27.689599 Traceback (most recent call last):
2023-02-14 00:28:27.689736   File "/var/lib/kolla/venv/bin/ironic-api-wsgi", line 52, in <module>
2023-02-14 00:28:27.689756     application = initialize_wsgi_app()
2023-02-14 00:28:27.689784   File "/var/lib/kolla/venv/lib/python3.9/site-packages/ironic/api/wsgi.py", line 32, in initialize_wsgi_app
2023-02-14 00:28:27.689800     service.prepare_command(argv)
2023-02-14 00:28:27.689817   File "/var/lib/kolla/venv/lib/python3.9/site-packages/ironic/common/service.py", line 42, in prepare_command
2023-02-14 00:28:27.689829     log.register_options(CONF)
2023-02-14 00:28:27.689852   File "/var/lib/kolla/venv/lib/python3.9/site-packages/oslo_log/log.py", line 259, in register_options
2023-02-14 00:28:27.689880     conf.register_cli_opts(_options.common_cli_opts)
2023-02-14 00:28:27.689900   File "/var/lib/kolla/venv/lib/python3.9/site-packages/oslo_config/cfg.py", line 2077, in __inner
2023-02-14 00:28:27.689912     result = f(self, *args, **kwargs)
2023-02-14 00:28:27.689929   File "/var/lib/kolla/venv/lib/python3.9/site-packages/oslo_config/cfg.py", line 2363, in register_cli_opts
2023-02-14 00:28:27.689941     self.register_cli_opt(opt, group, clear_cache=False)
2023-02-14 00:28:27.689957   File "/var/lib/kolla/venv/lib/python3.9/site-packages/oslo_config/cfg.py", line 2081, in __inner
2023-02-14 00:28:27.689968     return f(self, *args, **kwargs)
2023-02-14 00:28:27.689985   File "/var/lib/kolla/venv/lib/python3.9/site-packages/oslo_config/cfg.py", line 2355, in register_cli_opt
2023-02-14 00:28:27.689996     raise ArgsAlreadyParsedError("cannot register CLI option")
2023-02-14 00:28:27.690082 oslo_config.cfg.ArgsAlreadyParsedError: arguments already parsed: cannot register CLI option
