2023-03-14 22:04:29,479 p=5775 u=root n=ansible | [WARNING]: Invalid characters were found in group names but not replaced, use
-vvvv to see details

2023-03-14 22:04:31,790 p=5775 u=root n=ansible | PLAY [Gather facts for all hosts] **********************************************
2023-03-14 22:04:32,056 p=5775 u=root n=ansible | TASK [Gather facts] ************************************************************
2023-03-14 22:04:36,264 p=5775 u=root n=ansible | ok: [localhost]
2023-03-14 22:04:36,348 p=5775 u=root n=ansible | TASK [Group hosts to determine when using --limit] *****************************
2023-03-14 22:04:36,410 p=5775 u=root n=ansible | ok: [localhost]
2023-03-14 22:04:36,571 p=5775 u=root n=ansible | [WARNING]: Could not match supplied host pattern, ignoring:
all_using_limit_True

2023-03-14 22:04:36,579 p=5775 u=root n=ansible | PLAY [Gather facts for all hosts (if using --limit)] ***************************
2023-03-14 22:04:36,579 p=5775 u=root n=ansible | skipping: no hosts matched
2023-03-14 22:04:36,587 p=5775 u=root n=ansible | PLAY [Apply role baremetal] ****************************************************
2023-03-14 22:04:36,787 p=5775 u=root n=ansible | TASK [openstack.kolla.baremetal : Ensure localhost in /etc/hosts] **************
2023-03-14 22:04:37,641 p=5775 u=root n=ansible | changed: [localhost]
2023-03-14 22:04:37,735 p=5775 u=root n=ansible | TASK [openstack.kolla.baremetal : Ensure hostname does not point to 127.0.1.1 in /etc/hosts] ***
2023-03-14 22:04:38,211 p=5775 u=root n=ansible | ok: [localhost]
2023-03-14 22:04:38,295 p=5775 u=root n=ansible | TASK [openstack.kolla.baremetal : Generate /etc/hosts for all of the nodes] ****
2023-03-14 22:04:39,989 p=5775 u=root n=ansible | changed: [localhost]
2023-03-14 22:04:40,075 p=5775 u=root n=ansible | TASK [openstack.kolla.baremetal : Ensure unprivileged users can use ping] ******
2023-03-14 22:04:40,961 p=5775 u=root n=ansible | changed: [localhost]
2023-03-14 22:04:41,114 p=5775 u=root n=ansible | TASK [openstack.kolla.baremetal : Ensure /etc/cloud/cloud.cfg exists] **********
2023-03-14 22:04:42,202 p=5775 u=root n=ansible | ok: [localhost]
2023-03-14 22:04:42,312 p=5775 u=root n=ansible | TASK [openstack.kolla.baremetal : Disable cloud-init manage_etc_hosts] *********
2023-03-14 22:04:44,083 p=5775 u=root n=ansible | changed: [localhost]
2023-03-14 22:04:44,184 p=5775 u=root n=ansible | TASK [openstack.kolla.baremetal : Set firewall default policy] *****************
2023-03-14 22:04:44,243 p=5775 u=root n=ansible | skipping: [localhost]
2023-03-14 22:04:44,366 p=5775 u=root n=ansible | TASK [openstack.kolla.baremetal : Check if firewalld is installed] *************
2023-03-14 22:04:45,323 p=5775 u=root n=ansible | ok: [localhost]
2023-03-14 22:04:45,445 p=5775 u=root n=ansible | TASK [openstack.kolla.baremetal : Disable firewalld] ***************************
2023-03-14 22:04:45,519 p=5775 u=root n=ansible | skipping: [localhost] => (item=firewalld) 
2023-03-14 22:04:45,633 p=5775 u=root n=ansible | TASK [openstack.kolla.docker : Fail if docker_custom_option is defined] ********
2023-03-14 22:04:45,714 p=5775 u=root n=ansible | skipping: [localhost]
2023-03-14 22:04:45,806 p=5775 u=root n=ansible | TASK [openstack.kolla.docker : include_tasks] **********************************
2023-03-14 22:04:45,842 p=5775 u=root n=ansible | skipping: [localhost]
2023-03-14 22:04:45,926 p=5775 u=root n=ansible | TASK [openstack.kolla.docker : Ensure docker config directory exists] **********
2023-03-14 22:04:46,761 p=5775 u=root n=ansible | ok: [localhost]
2023-03-14 22:04:46,849 p=5775 u=root n=ansible | TASK [openstack.kolla.docker : Write docker config] ****************************
2023-03-14 22:04:48,136 p=5775 u=root n=ansible | changed: [localhost]
2023-03-14 22:04:48,260 p=5775 u=root n=ansible | TASK [openstack.kolla.docker : Remove old docker options file] *****************
2023-03-14 22:04:48,911 p=5775 u=root n=ansible | ok: [localhost]
2023-03-14 22:04:49,008 p=5775 u=root n=ansible | TASK [openstack.kolla.docker : Ensure docker service directory exists] *********
2023-03-14 22:04:49,054 p=5775 u=root n=ansible | skipping: [localhost]
2023-03-14 22:04:49,142 p=5775 u=root n=ansible | TASK [openstack.kolla.docker : Configure docker service] ***********************
2023-03-14 22:04:49,188 p=5775 u=root n=ansible | skipping: [localhost]
2023-03-14 22:04:49,277 p=5775 u=root n=ansible | TASK [openstack.kolla.docker : Ensure the path for CA file for private registry exists] ***
2023-03-14 22:04:49,321 p=5775 u=root n=ansible | skipping: [localhost]
2023-03-14 22:04:49,403 p=5775 u=root n=ansible | TASK [openstack.kolla.docker : Ensure the CA file for private registry exists] ***
2023-03-14 22:04:49,449 p=5775 u=root n=ansible | skipping: [localhost]
2023-03-14 22:04:49,532 p=5775 u=root n=ansible | TASK [openstack.kolla.docker : Flush handlers] *********************************
2023-03-14 22:04:49,533 p=5775 u=root n=ansible | RUNNING HANDLER [openstack.kolla.docker : Restart docker] **********************
2023-03-14 22:04:53,995 p=5775 u=root n=ansible | changed: [localhost]
2023-03-14 22:04:54,085 p=5775 u=root n=ansible | TASK [openstack.kolla.docker : Start and enable docker] ************************
2023-03-14 22:04:55,101 p=5775 u=root n=ansible | ok: [localhost]
2023-03-14 22:04:55,188 p=5775 u=root n=ansible | TASK [openstack.kolla.docker : include_tasks] **********************************
2023-03-14 22:04:55,232 p=5775 u=root n=ansible | skipping: [localhost]
2023-03-14 22:04:55,440 p=5775 u=root n=ansible | TASK [openstack.kolla.kolla_user : Ensure groups are present] ******************
2023-03-14 22:04:55,505 p=5775 u=root n=ansible | skipping: [localhost] => (item=docker) 
2023-03-14 22:04:55,516 p=5775 u=root n=ansible | skipping: [localhost] => (item=sudo) 
2023-03-14 22:04:55,524 p=5775 u=root n=ansible | skipping: [localhost] => (item=kolla) 
2023-03-14 22:04:55,619 p=5775 u=root n=ansible | TASK [openstack.kolla.kolla_user : Create kolla user] **************************
2023-03-14 22:04:55,664 p=5775 u=root n=ansible | skipping: [localhost]
2023-03-14 22:04:55,763 p=5775 u=root n=ansible | TASK [openstack.kolla.kolla_user : Add public key to kolla user authorized keys] ***
2023-03-14 22:04:55,805 p=5775 u=root n=ansible | skipping: [localhost]
2023-03-14 22:04:55,894 p=5775 u=root n=ansible | TASK [openstack.kolla.kolla_user : Grant kolla user passwordless sudo] *********
2023-03-14 22:04:55,934 p=5775 u=root n=ansible | skipping: [localhost]
2023-03-14 22:04:56,141 p=5775 u=root n=ansible | TASK [openstack.kolla.docker_sdk : Install latest pip in the virtualenv] *******
2023-03-14 22:04:56,198 p=5775 u=root n=ansible | skipping: [localhost]
2023-03-14 22:04:56,285 p=5775 u=root n=ansible | TASK [openstack.kolla.docker_sdk : Install docker SDK for python] **************
2023-03-14 22:05:27,354 p=5775 u=root n=ansible | ok: [localhost]
2023-03-14 22:05:27,508 p=5775 u=root n=ansible | TASK [openstack.kolla.baremetal : Ensure node_config_directory directory exists] ***
2023-03-14 22:05:27,999 p=5775 u=root n=ansible | ok: [localhost]
2023-03-14 22:05:28,082 p=5775 u=root n=ansible | TASK [openstack.kolla.apparmor_libvirt : include_tasks] ************************
2023-03-14 22:05:28,121 p=5775 u=root n=ansible | skipping: [localhost]
2023-03-14 22:05:28,284 p=5775 u=root n=ansible | TASK [openstack.kolla.baremetal : Change state of selinux] *********************
2023-03-14 22:05:29,831 p=5775 u=root n=ansible | ok: [localhost]
2023-03-14 22:05:29,913 p=5775 u=root n=ansible | TASK [openstack.kolla.baremetal : Set https proxy for git] *********************
2023-03-14 22:05:29,967 p=5775 u=root n=ansible | skipping: [localhost]
2023-03-14 22:05:30,055 p=5775 u=root n=ansible | TASK [openstack.kolla.baremetal : Set http proxy for git] **********************
2023-03-14 22:05:30,115 p=5775 u=root n=ansible | skipping: [localhost]
2023-03-14 22:05:30,243 p=5775 u=root n=ansible | TASK [openstack.kolla.baremetal : include_tasks] *******************************
2023-03-14 22:05:30,284 p=5775 u=root n=ansible | skipping: [localhost]
2023-03-14 22:05:30,520 p=5775 u=root n=ansible | PLAY RECAP *********************************************************************
2023-03-14 22:05:30,520 p=5775 u=root n=ansible | localhost                  : ok=17   changed=6    unreachable=0    failed=0    skipped=18   rescued=0    ignored=0   
