2023-04-06 19:53:51,550 p=6026 u=root n=ansible | [WARNING]: Invalid characters were found in group names but not replaced, use
-vvvv to see details

2023-04-06 19:53:53,450 p=6026 u=root n=ansible | PLAY [Gather facts for all hosts] **********************************************
2023-04-06 19:53:53,758 p=6026 u=root n=ansible | TASK [Gather facts] ************************************************************
2023-04-06 19:53:57,202 p=6026 u=root n=ansible | ok: [localhost]
2023-04-06 19:53:57,287 p=6026 u=root n=ansible | TASK [Group hosts to determine when using --limit] *****************************
2023-04-06 19:53:57,350 p=6026 u=root n=ansible | ok: [localhost]
2023-04-06 19:53:57,531 p=6026 u=root n=ansible | [WARNING]: Could not match supplied host pattern, ignoring:
all_using_limit_True

2023-04-06 19:53:57,540 p=6026 u=root n=ansible | PLAY [Gather facts for all hosts (if using --limit)] ***************************
2023-04-06 19:53:57,541 p=6026 u=root n=ansible | skipping: no hosts matched
2023-04-06 19:53:57,549 p=6026 u=root n=ansible | PLAY [Apply role baremetal] ****************************************************
2023-04-06 19:53:57,756 p=6026 u=root n=ansible | TASK [openstack.kolla.baremetal : Ensure localhost in /etc/hosts] **************
2023-04-06 19:53:58,631 p=6026 u=root n=ansible | changed: [localhost]
2023-04-06 19:53:58,731 p=6026 u=root n=ansible | TASK [openstack.kolla.baremetal : Ensure hostname does not point to 127.0.1.1 in /etc/hosts] ***
2023-04-06 19:53:59,217 p=6026 u=root n=ansible | ok: [localhost]
2023-04-06 19:53:59,307 p=6026 u=root n=ansible | TASK [openstack.kolla.baremetal : Generate /etc/hosts for all of the nodes] ****
2023-04-06 19:54:00,897 p=6026 u=root n=ansible | changed: [localhost]
2023-04-06 19:54:00,986 p=6026 u=root n=ansible | TASK [openstack.kolla.baremetal : Ensure unprivileged users can use ping] ******
2023-04-06 19:54:01,926 p=6026 u=root n=ansible | changed: [localhost]
2023-04-06 19:54:02,034 p=6026 u=root n=ansible | TASK [openstack.kolla.baremetal : Ensure /etc/cloud/cloud.cfg exists] **********
2023-04-06 19:54:03,172 p=6026 u=root n=ansible | ok: [localhost]
2023-04-06 19:54:03,306 p=6026 u=root n=ansible | TASK [openstack.kolla.baremetal : Disable cloud-init manage_etc_hosts] *********
2023-04-06 19:54:04,740 p=6026 u=root n=ansible | changed: [localhost]
2023-04-06 19:54:04,841 p=6026 u=root n=ansible | TASK [openstack.kolla.baremetal : Set firewall default policy] *****************
2023-04-06 19:54:04,903 p=6026 u=root n=ansible | skipping: [localhost]
2023-04-06 19:54:05,009 p=6026 u=root n=ansible | TASK [openstack.kolla.baremetal : Check if firewalld is installed] *************
2023-04-06 19:54:06,040 p=6026 u=root n=ansible | ok: [localhost]
2023-04-06 19:54:06,143 p=6026 u=root n=ansible | TASK [openstack.kolla.baremetal : Disable firewalld] ***************************
2023-04-06 19:54:06,226 p=6026 u=root n=ansible | skipping: [localhost] => (item=firewalld) 
2023-04-06 19:54:06,383 p=6026 u=root n=ansible | TASK [openstack.kolla.docker : Fail if docker_custom_option is defined] ********
2023-04-06 19:54:06,473 p=6026 u=root n=ansible | skipping: [localhost]
2023-04-06 19:54:06,584 p=6026 u=root n=ansible | TASK [openstack.kolla.docker : include_tasks] **********************************
2023-04-06 19:54:06,635 p=6026 u=root n=ansible | skipping: [localhost]
2023-04-06 19:54:06,763 p=6026 u=root n=ansible | TASK [openstack.kolla.docker : Ensure docker config directory exists] **********
2023-04-06 19:54:07,782 p=6026 u=root n=ansible | ok: [localhost]
2023-04-06 19:54:07,875 p=6026 u=root n=ansible | TASK [openstack.kolla.docker : Write docker config] ****************************
2023-04-06 19:54:09,085 p=6026 u=root n=ansible | changed: [localhost]
2023-04-06 19:54:09,170 p=6026 u=root n=ansible | TASK [openstack.kolla.docker : Remove old docker options file] *****************
2023-04-06 19:54:09,677 p=6026 u=root n=ansible | ok: [localhost]
2023-04-06 19:54:09,764 p=6026 u=root n=ansible | TASK [openstack.kolla.docker : Ensure docker service directory exists] *********
2023-04-06 19:54:09,821 p=6026 u=root n=ansible | skipping: [localhost]
2023-04-06 19:54:09,912 p=6026 u=root n=ansible | TASK [openstack.kolla.docker : Configure docker service] ***********************
2023-04-06 19:54:09,961 p=6026 u=root n=ansible | skipping: [localhost]
2023-04-06 19:54:10,052 p=6026 u=root n=ansible | TASK [openstack.kolla.docker : Ensure the path for CA file for private registry exists] ***
2023-04-06 19:54:10,100 p=6026 u=root n=ansible | skipping: [localhost]
2023-04-06 19:54:10,197 p=6026 u=root n=ansible | TASK [openstack.kolla.docker : Ensure the CA file for private registry exists] ***
2023-04-06 19:54:10,254 p=6026 u=root n=ansible | skipping: [localhost]
2023-04-06 19:54:10,353 p=6026 u=root n=ansible | TASK [openstack.kolla.docker : Flush handlers] *********************************
2023-04-06 19:54:10,354 p=6026 u=root n=ansible | RUNNING HANDLER [openstack.kolla.docker : Restart docker] **********************
2023-04-06 19:54:14,088 p=6026 u=root n=ansible | changed: [localhost]
2023-04-06 19:54:14,178 p=6026 u=root n=ansible | TASK [openstack.kolla.docker : Start and enable docker] ************************
2023-04-06 19:54:15,060 p=6026 u=root n=ansible | ok: [localhost]
2023-04-06 19:54:15,159 p=6026 u=root n=ansible | TASK [openstack.kolla.docker : include_tasks] **********************************
2023-04-06 19:54:15,212 p=6026 u=root n=ansible | skipping: [localhost]
2023-04-06 19:54:15,401 p=6026 u=root n=ansible | TASK [openstack.kolla.kolla_user : Ensure groups are present] ******************
2023-04-06 19:54:15,469 p=6026 u=root n=ansible | skipping: [localhost] => (item=docker) 
2023-04-06 19:54:15,480 p=6026 u=root n=ansible | skipping: [localhost] => (item=sudo) 
2023-04-06 19:54:15,488 p=6026 u=root n=ansible | skipping: [localhost] => (item=kolla) 
2023-04-06 19:54:15,591 p=6026 u=root n=ansible | TASK [openstack.kolla.kolla_user : Create kolla user] **************************
2023-04-06 19:54:15,650 p=6026 u=root n=ansible | skipping: [localhost]
2023-04-06 19:54:15,757 p=6026 u=root n=ansible | TASK [openstack.kolla.kolla_user : Add public key to kolla user authorized keys] ***
2023-04-06 19:54:15,811 p=6026 u=root n=ansible | skipping: [localhost]
2023-04-06 19:54:15,903 p=6026 u=root n=ansible | TASK [openstack.kolla.kolla_user : Grant kolla user passwordless sudo] *********
2023-04-06 19:54:15,946 p=6026 u=root n=ansible | skipping: [localhost]
2023-04-06 19:54:16,112 p=6026 u=root n=ansible | TASK [openstack.kolla.docker_sdk : Install latest pip in the virtualenv] *******
2023-04-06 19:54:16,176 p=6026 u=root n=ansible | skipping: [localhost]
2023-04-06 19:54:16,263 p=6026 u=root n=ansible | TASK [openstack.kolla.docker_sdk : Install docker SDK for python] **************
2023-04-06 19:54:43,345 p=6026 u=root n=ansible | ok: [localhost]
2023-04-06 19:54:43,506 p=6026 u=root n=ansible | TASK [openstack.kolla.baremetal : Ensure node_config_directory directory exists] ***
2023-04-06 19:54:44,044 p=6026 u=root n=ansible | ok: [localhost]
2023-04-06 19:54:44,128 p=6026 u=root n=ansible | TASK [openstack.kolla.apparmor_libvirt : include_tasks] ************************
2023-04-06 19:54:44,171 p=6026 u=root n=ansible | skipping: [localhost]
2023-04-06 19:54:44,337 p=6026 u=root n=ansible | TASK [openstack.kolla.baremetal : Change state of selinux] *********************
2023-04-06 19:54:46,056 p=6026 u=root n=ansible | ok: [localhost]
2023-04-06 19:54:46,145 p=6026 u=root n=ansible | TASK [openstack.kolla.baremetal : Set https proxy for git] *********************
2023-04-06 19:54:46,193 p=6026 u=root n=ansible | skipping: [localhost]
2023-04-06 19:54:46,281 p=6026 u=root n=ansible | TASK [openstack.kolla.baremetal : Set http proxy for git] **********************
2023-04-06 19:54:46,328 p=6026 u=root n=ansible | skipping: [localhost]
2023-04-06 19:54:46,415 p=6026 u=root n=ansible | TASK [openstack.kolla.baremetal : include_tasks] *******************************
2023-04-06 19:54:46,455 p=6026 u=root n=ansible | skipping: [localhost]
2023-04-06 19:54:46,701 p=6026 u=root n=ansible | PLAY RECAP *********************************************************************
2023-04-06 19:54:46,702 p=6026 u=root n=ansible | localhost                  : ok=17   changed=6    unreachable=0    failed=0    skipped=18   rescued=0    ignored=0   
