2023-03-16 12:00:55,573 p=5751 u=root n=ansible | [WARNING]: Invalid characters were found in group names but not replaced, use
-vvvv to see details

2023-03-16 12:00:57,549 p=5751 u=root n=ansible | PLAY [Gather facts for all hosts] **********************************************
2023-03-16 12:00:57,825 p=5751 u=root n=ansible | TASK [Gather facts] ************************************************************
2023-03-16 12:01:01,317 p=5751 u=root n=ansible | ok: [localhost]
2023-03-16 12:01:01,397 p=5751 u=root n=ansible | TASK [Group hosts to determine when using --limit] *****************************
2023-03-16 12:01:01,463 p=5751 u=root n=ansible | ok: [localhost]
2023-03-16 12:01:01,629 p=5751 u=root n=ansible | [WARNING]: Could not match supplied host pattern, ignoring:
all_using_limit_True

2023-03-16 12:01:01,639 p=5751 u=root n=ansible | PLAY [Gather facts for all hosts (if using --limit)] ***************************
2023-03-16 12:01:01,639 p=5751 u=root n=ansible | skipping: no hosts matched
2023-03-16 12:01:01,648 p=5751 u=root n=ansible | PLAY [Apply role baremetal] ****************************************************
2023-03-16 12:01:01,853 p=5751 u=root n=ansible | TASK [openstack.kolla.baremetal : Ensure localhost in /etc/hosts] **************
2023-03-16 12:01:02,698 p=5751 u=root n=ansible | changed: [localhost]
2023-03-16 12:01:02,783 p=5751 u=root n=ansible | TASK [openstack.kolla.baremetal : Ensure hostname does not point to 127.0.1.1 in /etc/hosts] ***
2023-03-16 12:01:03,318 p=5751 u=root n=ansible | ok: [localhost]
2023-03-16 12:01:03,402 p=5751 u=root n=ansible | TASK [openstack.kolla.baremetal : Generate /etc/hosts for all of the nodes] ****
2023-03-16 12:01:04,816 p=5751 u=root n=ansible | changed: [localhost]
2023-03-16 12:01:04,904 p=5751 u=root n=ansible | TASK [openstack.kolla.baremetal : Ensure unprivileged users can use ping] ******
2023-03-16 12:01:05,836 p=5751 u=root n=ansible | changed: [localhost]
2023-03-16 12:01:05,952 p=5751 u=root n=ansible | TASK [openstack.kolla.baremetal : Ensure /etc/cloud/cloud.cfg exists] **********
2023-03-16 12:01:06,921 p=5751 u=root n=ansible | ok: [localhost]
2023-03-16 12:01:07,038 p=5751 u=root n=ansible | TASK [openstack.kolla.baremetal : Disable cloud-init manage_etc_hosts] *********
2023-03-16 12:01:08,308 p=5751 u=root n=ansible | changed: [localhost]
2023-03-16 12:01:08,405 p=5751 u=root n=ansible | TASK [openstack.kolla.baremetal : Set firewall default policy] *****************
2023-03-16 12:01:08,482 p=5751 u=root n=ansible | skipping: [localhost]
2023-03-16 12:01:08,594 p=5751 u=root n=ansible | TASK [openstack.kolla.baremetal : Check if firewalld is installed] *************
2023-03-16 12:01:09,508 p=5751 u=root n=ansible | ok: [localhost]
2023-03-16 12:01:09,595 p=5751 u=root n=ansible | TASK [openstack.kolla.baremetal : Disable firewalld] ***************************
2023-03-16 12:01:09,651 p=5751 u=root n=ansible | skipping: [localhost] => (item=firewalld) 
2023-03-16 12:01:09,739 p=5751 u=root n=ansible | TASK [openstack.kolla.docker : Fail if docker_custom_option is defined] ********
2023-03-16 12:01:09,789 p=5751 u=root n=ansible | skipping: [localhost]
2023-03-16 12:01:09,874 p=5751 u=root n=ansible | TASK [openstack.kolla.docker : include_tasks] **********************************
2023-03-16 12:01:09,915 p=5751 u=root n=ansible | skipping: [localhost]
2023-03-16 12:01:10,009 p=5751 u=root n=ansible | TASK [openstack.kolla.docker : Ensure docker config directory exists] **********
2023-03-16 12:01:10,852 p=5751 u=root n=ansible | ok: [localhost]
2023-03-16 12:01:10,943 p=5751 u=root n=ansible | TASK [openstack.kolla.docker : Write docker config] ****************************
2023-03-16 12:01:12,071 p=5751 u=root n=ansible | changed: [localhost]
2023-03-16 12:01:12,163 p=5751 u=root n=ansible | TASK [openstack.kolla.docker : Remove old docker options file] *****************
2023-03-16 12:01:12,640 p=5751 u=root n=ansible | ok: [localhost]
2023-03-16 12:01:12,730 p=5751 u=root n=ansible | TASK [openstack.kolla.docker : Ensure docker service directory exists] *********
2023-03-16 12:01:12,782 p=5751 u=root n=ansible | skipping: [localhost]
2023-03-16 12:01:12,887 p=5751 u=root n=ansible | TASK [openstack.kolla.docker : Configure docker service] ***********************
2023-03-16 12:01:12,934 p=5751 u=root n=ansible | skipping: [localhost]
2023-03-16 12:01:13,024 p=5751 u=root n=ansible | TASK [openstack.kolla.docker : Ensure the path for CA file for private registry exists] ***
2023-03-16 12:01:13,070 p=5751 u=root n=ansible | skipping: [localhost]
2023-03-16 12:01:13,156 p=5751 u=root n=ansible | TASK [openstack.kolla.docker : Ensure the CA file for private registry exists] ***
2023-03-16 12:01:13,202 p=5751 u=root n=ansible | skipping: [localhost]
2023-03-16 12:01:13,289 p=5751 u=root n=ansible | TASK [openstack.kolla.docker : Flush handlers] *********************************
2023-03-16 12:01:13,290 p=5751 u=root n=ansible | RUNNING HANDLER [openstack.kolla.docker : Restart docker] **********************
2023-03-16 12:01:18,058 p=5751 u=root n=ansible | changed: [localhost]
2023-03-16 12:01:18,156 p=5751 u=root n=ansible | TASK [openstack.kolla.docker : Start and enable docker] ************************
2023-03-16 12:01:19,174 p=5751 u=root n=ansible | ok: [localhost]
2023-03-16 12:01:19,259 p=5751 u=root n=ansible | TASK [openstack.kolla.docker : include_tasks] **********************************
2023-03-16 12:01:19,305 p=5751 u=root n=ansible | skipping: [localhost]
2023-03-16 12:01:19,479 p=5751 u=root n=ansible | TASK [openstack.kolla.kolla_user : Ensure groups are present] ******************
2023-03-16 12:01:19,538 p=5751 u=root n=ansible | skipping: [localhost] => (item=docker) 
2023-03-16 12:01:19,543 p=5751 u=root n=ansible | skipping: [localhost] => (item=sudo) 
2023-03-16 12:01:19,555 p=5751 u=root n=ansible | skipping: [localhost] => (item=kolla) 
2023-03-16 12:01:19,643 p=5751 u=root n=ansible | TASK [openstack.kolla.kolla_user : Create kolla user] **************************
2023-03-16 12:01:19,690 p=5751 u=root n=ansible | skipping: [localhost]
2023-03-16 12:01:19,778 p=5751 u=root n=ansible | TASK [openstack.kolla.kolla_user : Add public key to kolla user authorized keys] ***
2023-03-16 12:01:19,823 p=5751 u=root n=ansible | skipping: [localhost]
2023-03-16 12:01:19,913 p=5751 u=root n=ansible | TASK [openstack.kolla.kolla_user : Grant kolla user passwordless sudo] *********
2023-03-16 12:01:19,959 p=5751 u=root n=ansible | skipping: [localhost]
2023-03-16 12:01:20,137 p=5751 u=root n=ansible | TASK [openstack.kolla.docker_sdk : Install latest pip in the virtualenv] *******
2023-03-16 12:01:20,191 p=5751 u=root n=ansible | skipping: [localhost]
2023-03-16 12:01:20,277 p=5751 u=root n=ansible | TASK [openstack.kolla.docker_sdk : Install docker SDK for python] **************
2023-03-16 12:01:45,625 p=5751 u=root n=ansible | ok: [localhost]
2023-03-16 12:01:45,836 p=5751 u=root n=ansible | TASK [openstack.kolla.baremetal : Ensure node_config_directory directory exists] ***
2023-03-16 12:01:46,355 p=5751 u=root n=ansible | ok: [localhost]
2023-03-16 12:01:46,449 p=5751 u=root n=ansible | TASK [openstack.kolla.apparmor_libvirt : include_tasks] ************************
2023-03-16 12:01:46,503 p=5751 u=root n=ansible | skipping: [localhost]
2023-03-16 12:01:46,763 p=5751 u=root n=ansible | TASK [openstack.kolla.baremetal : Change state of selinux] *********************
2023-03-16 12:01:48,196 p=5751 u=root n=ansible | ok: [localhost]
2023-03-16 12:01:48,280 p=5751 u=root n=ansible | TASK [openstack.kolla.baremetal : Set https proxy for git] *********************
2023-03-16 12:01:48,320 p=5751 u=root n=ansible | skipping: [localhost]
2023-03-16 12:01:48,405 p=5751 u=root n=ansible | TASK [openstack.kolla.baremetal : Set http proxy for git] **********************
2023-03-16 12:01:48,445 p=5751 u=root n=ansible | skipping: [localhost]
2023-03-16 12:01:48,530 p=5751 u=root n=ansible | TASK [openstack.kolla.baremetal : include_tasks] *******************************
2023-03-16 12:01:48,570 p=5751 u=root n=ansible | skipping: [localhost]
2023-03-16 12:01:48,813 p=5751 u=root n=ansible | PLAY RECAP *********************************************************************
2023-03-16 12:01:48,814 p=5751 u=root n=ansible | localhost                  : ok=17   changed=6    unreachable=0    failed=0    skipped=18   rescued=0    ignored=0   
