2023-02-20 20:21:59,107 p=5733 u=root n=ansible | [WARNING]: Invalid characters were found in group names but not replaced, use
-vvvv to see details

2023-02-20 20:22:00,930 p=5733 u=root n=ansible | PLAY [Gather facts for all hosts] **********************************************
2023-02-20 20:22:01,369 p=5733 u=root n=ansible | TASK [Gather facts] ************************************************************
2023-02-20 20:22:10,664 p=5733 u=root n=ansible | ok: [localhost]
2023-02-20 20:22:10,797 p=5733 u=root n=ansible | TASK [Group hosts to determine when using --limit] *****************************
2023-02-20 20:22:10,882 p=5733 u=root n=ansible | ok: [localhost]
2023-02-20 20:22:11,145 p=5733 u=root n=ansible | [WARNING]: Could not match supplied host pattern, ignoring:
all_using_limit_True

2023-02-20 20:22:11,155 p=5733 u=root n=ansible | PLAY [Gather facts for all hosts (if using --limit)] ***************************
2023-02-20 20:22:11,156 p=5733 u=root n=ansible | skipping: no hosts matched
2023-02-20 20:22:11,165 p=5733 u=root n=ansible | PLAY [Apply role baremetal] ****************************************************
2023-02-20 20:22:11,415 p=5733 u=root n=ansible | TASK [openstack.kolla.baremetal : Ensure localhost in /etc/hosts] **************
2023-02-20 20:22:12,262 p=5733 u=root n=ansible | changed: [localhost]
2023-02-20 20:22:12,350 p=5733 u=root n=ansible | TASK [openstack.kolla.baremetal : Ensure hostname does not point to 127.0.1.1 in /etc/hosts] ***
2023-02-20 20:22:12,989 p=5733 u=root n=ansible | ok: [localhost]
2023-02-20 20:22:13,141 p=5733 u=root n=ansible | TASK [openstack.kolla.baremetal : Generate /etc/hosts for all of the nodes] ****
2023-02-20 20:22:14,627 p=5733 u=root n=ansible | changed: [localhost]
2023-02-20 20:22:14,712 p=5733 u=root n=ansible | TASK [openstack.kolla.baremetal : Ensure unprivileged users can use ping] ******
2023-02-20 20:22:15,768 p=5733 u=root n=ansible | changed: [localhost]
2023-02-20 20:22:15,868 p=5733 u=root n=ansible | TASK [openstack.kolla.baremetal : Ensure /etc/cloud/cloud.cfg exists] **********
2023-02-20 20:22:17,048 p=5733 u=root n=ansible | ok: [localhost]
2023-02-20 20:22:17,216 p=5733 u=root n=ansible | TASK [openstack.kolla.baremetal : Disable cloud-init manage_etc_hosts] *********
2023-02-20 20:22:19,046 p=5733 u=root n=ansible | changed: [localhost]
2023-02-20 20:22:19,132 p=5733 u=root n=ansible | TASK [openstack.kolla.baremetal : Set firewall default policy] *****************
2023-02-20 20:22:19,182 p=5733 u=root n=ansible | skipping: [localhost]
2023-02-20 20:22:19,276 p=5733 u=root n=ansible | TASK [openstack.kolla.baremetal : Check if firewalld is installed] *************
2023-02-20 20:22:20,254 p=5733 u=root n=ansible | ok: [localhost]
2023-02-20 20:22:20,388 p=5733 u=root n=ansible | TASK [openstack.kolla.baremetal : Disable firewalld] ***************************
2023-02-20 20:22:20,498 p=5733 u=root n=ansible | skipping: [localhost] => (item=firewalld) 
2023-02-20 20:22:20,631 p=5733 u=root n=ansible | TASK [openstack.kolla.docker : Fail if docker_custom_option is defined] ********
2023-02-20 20:22:20,736 p=5733 u=root n=ansible | skipping: [localhost]
2023-02-20 20:22:20,861 p=5733 u=root n=ansible | TASK [openstack.kolla.docker : include_tasks] **********************************
2023-02-20 20:22:20,922 p=5733 u=root n=ansible | skipping: [localhost]
2023-02-20 20:22:21,018 p=5733 u=root n=ansible | TASK [openstack.kolla.docker : Ensure docker config directory exists] **********
2023-02-20 20:22:21,929 p=5733 u=root n=ansible | ok: [localhost]
2023-02-20 20:22:22,040 p=5733 u=root n=ansible | TASK [openstack.kolla.docker : Write docker config] ****************************
2023-02-20 20:22:23,340 p=5733 u=root n=ansible | changed: [localhost]
2023-02-20 20:22:23,450 p=5733 u=root n=ansible | TASK [openstack.kolla.docker : Remove old docker options file] *****************
2023-02-20 20:22:24,056 p=5733 u=root n=ansible | ok: [localhost]
2023-02-20 20:22:24,170 p=5733 u=root n=ansible | TASK [openstack.kolla.docker : Ensure docker service directory exists] *********
2023-02-20 20:22:24,232 p=5733 u=root n=ansible | skipping: [localhost]
2023-02-20 20:22:24,366 p=5733 u=root n=ansible | TASK [openstack.kolla.docker : Configure docker service] ***********************
2023-02-20 20:22:24,432 p=5733 u=root n=ansible | skipping: [localhost]
2023-02-20 20:22:24,551 p=5733 u=root n=ansible | TASK [openstack.kolla.docker : Ensure the path for CA file for private registry exists] ***
2023-02-20 20:22:24,611 p=5733 u=root n=ansible | skipping: [localhost]
2023-02-20 20:22:24,718 p=5733 u=root n=ansible | TASK [openstack.kolla.docker : Ensure the CA file for private registry exists] ***
2023-02-20 20:22:24,782 p=5733 u=root n=ansible | skipping: [localhost]
2023-02-20 20:22:24,957 p=5733 u=root n=ansible | TASK [openstack.kolla.docker : Flush handlers] *********************************
2023-02-20 20:22:24,958 p=5733 u=root n=ansible | RUNNING HANDLER [openstack.kolla.docker : Restart docker] **********************
2023-02-20 20:22:29,497 p=5733 u=root n=ansible | changed: [localhost]
2023-02-20 20:22:29,641 p=5733 u=root n=ansible | TASK [openstack.kolla.docker : Start and enable docker] ************************
2023-02-20 20:22:30,688 p=5733 u=root n=ansible | ok: [localhost]
2023-02-20 20:22:30,797 p=5733 u=root n=ansible | TASK [openstack.kolla.docker : include_tasks] **********************************
2023-02-20 20:22:30,840 p=5733 u=root n=ansible | skipping: [localhost]
2023-02-20 20:22:31,014 p=5733 u=root n=ansible | TASK [openstack.kolla.kolla_user : Ensure groups are present] ******************
2023-02-20 20:22:31,061 p=5733 u=root n=ansible | skipping: [localhost] => (item=docker) 
2023-02-20 20:22:31,065 p=5733 u=root n=ansible | skipping: [localhost] => (item=sudo) 
2023-02-20 20:22:31,072 p=5733 u=root n=ansible | skipping: [localhost] => (item=kolla) 
2023-02-20 20:22:31,159 p=5733 u=root n=ansible | TASK [openstack.kolla.kolla_user : Create kolla user] **************************
2023-02-20 20:22:31,200 p=5733 u=root n=ansible | skipping: [localhost]
2023-02-20 20:22:31,286 p=5733 u=root n=ansible | TASK [openstack.kolla.kolla_user : Add public key to kolla user authorized keys] ***
2023-02-20 20:22:31,325 p=5733 u=root n=ansible | skipping: [localhost]
2023-02-20 20:22:31,418 p=5733 u=root n=ansible | TASK [openstack.kolla.kolla_user : Grant kolla user passwordless sudo] *********
2023-02-20 20:22:31,457 p=5733 u=root n=ansible | skipping: [localhost]
2023-02-20 20:22:31,635 p=5733 u=root n=ansible | TASK [openstack.kolla.docker_sdk : Install latest pip in the virtualenv] *******
2023-02-20 20:22:31,693 p=5733 u=root n=ansible | skipping: [localhost]
2023-02-20 20:22:31,788 p=5733 u=root n=ansible | TASK [openstack.kolla.docker_sdk : Install docker SDK for python] **************
2023-02-20 20:22:38,322 p=5733 u=root n=ansible | ok: [localhost]
2023-02-20 20:22:38,515 p=5733 u=root n=ansible | TASK [openstack.kolla.baremetal : Ensure node_config_directory directory exists] ***
2023-02-20 20:22:39,277 p=5733 u=root n=ansible | ok: [localhost]
2023-02-20 20:22:39,402 p=5733 u=root n=ansible | TASK [openstack.kolla.apparmor_libvirt : include_tasks] ************************
2023-02-20 20:22:39,466 p=5733 u=root n=ansible | skipping: [localhost]
2023-02-20 20:22:39,725 p=5733 u=root n=ansible | TASK [openstack.kolla.baremetal : Change state of selinux] *********************
2023-02-20 20:22:41,234 p=5733 u=root n=ansible | ok: [localhost]
2023-02-20 20:22:41,319 p=5733 u=root n=ansible | TASK [openstack.kolla.baremetal : Set https proxy for git] *********************
2023-02-20 20:22:41,379 p=5733 u=root n=ansible | skipping: [localhost]
2023-02-20 20:22:41,501 p=5733 u=root n=ansible | TASK [openstack.kolla.baremetal : Set http proxy for git] **********************
2023-02-20 20:22:41,546 p=5733 u=root n=ansible | skipping: [localhost]
2023-02-20 20:22:41,638 p=5733 u=root n=ansible | TASK [openstack.kolla.baremetal : include_tasks] *******************************
2023-02-20 20:22:41,676 p=5733 u=root n=ansible | skipping: [localhost]
2023-02-20 20:22:41,945 p=5733 u=root n=ansible | PLAY RECAP *********************************************************************
2023-02-20 20:22:41,946 p=5733 u=root n=ansible | localhost                  : ok=17   changed=6    unreachable=0    failed=0    skipped=18   rescued=0    ignored=0   
