2023-02-15 15:38:31.327 24 INFO alembic.runtime.migration [-] Context impl MySQLImpl.
2023-02-15 15:38:31.329 24 INFO alembic.runtime.migration [-] Will assume non-transactional DDL.
2023-02-15 15:38:31.366 24 INFO alembic.runtime.migration [-] Context impl MySQLImpl.
2023-02-15 15:38:31.367 24 INFO alembic.runtime.migration [-] Will assume non-transactional DDL.
2023-02-15 15:38:31.415 24 INFO alembic.runtime.migration [-] Running upgrade  -> 27e647c0fad4, Initial version.
2023-02-15 15:38:32.935 24 INFO alembic.runtime.migration [-] Running upgrade 27e647c0fad4 -> e25ffa003242, Initial no-op Yoga contract migration.
2023-02-15 15:38:32.949 24 INFO alembic.runtime.migration [-] Running upgrade 27e647c0fad4 -> 29e87d24a316, Initial no-op Yoga expand migration.
2023-02-15 15:38:40.787 8 INFO keystone.common.fernet_utils [-] Created a new temporary key: /etc/keystone/fernet-keys/0.tmp
2023-02-15 15:38:40.791 8 INFO keystone.common.fernet_utils [-] Become a valid new key: /etc/keystone/fernet-keys/0
2023-02-15 15:38:40.791 8 INFO keystone.common.fernet_utils [-] Starting key rotation with 1 key files: ['/etc/keystone/fernet-keys/0']
2023-02-15 15:38:40.792 8 INFO keystone.common.fernet_utils [-] Created a new temporary key: /etc/keystone/fernet-keys/0.tmp
2023-02-15 15:38:40.793 8 INFO keystone.common.fernet_utils [-] Current primary key is: 0
2023-02-15 15:38:40.794 8 INFO keystone.common.fernet_utils [-] Next primary key will be: 1
2023-02-15 15:38:40.794 8 INFO keystone.common.fernet_utils [-] Promoted key 0 to be the primary: 1
2023-02-15 15:38:40.795 8 INFO keystone.common.fernet_utils [-] Become a valid new key: /etc/keystone/fernet-keys/0
2023-02-15 15:38:57.941 32 INFO keystone.cmd.bootstrap [None req-88d56d8a-f970-45f7-88b0-7a4511291f7f - - - - - -] Created domain default
2023-02-15 15:38:58.023 32 INFO keystone.cmd.bootstrap [None req-88d56d8a-f970-45f7-88b0-7a4511291f7f - - - - - -] Created project admin
2023-02-15 15:38:58.768 32 INFO keystone.cmd.bootstrap [None req-88d56d8a-f970-45f7-88b0-7a4511291f7f - - - - - -] Created user admin
2023-02-15 15:38:58.796 32 INFO keystone.cmd.bootstrap [None req-88d56d8a-f970-45f7-88b0-7a4511291f7f - - - - - -] Created role reader
2023-02-15 15:38:58.816 32 INFO keystone.cmd.bootstrap [None req-88d56d8a-f970-45f7-88b0-7a4511291f7f - - - - - -] Created role member
2023-02-15 15:38:58.854 32 INFO keystone.cmd.bootstrap [None req-88d56d8a-f970-45f7-88b0-7a4511291f7f - - - - - -] Created implied role where 9f1a49ae611545678dd5690ccc3d78c2 implies 7d61dfbb887d41f8a1e75bc3f99be77a
2023-02-15 15:38:58.876 32 INFO keystone.cmd.bootstrap [None req-88d56d8a-f970-45f7-88b0-7a4511291f7f - - - - - -] Created role admin
2023-02-15 15:38:58.919 32 INFO keystone.cmd.bootstrap [None req-88d56d8a-f970-45f7-88b0-7a4511291f7f - - - - - -] Created implied role where 09b7e2c2474547678ace93d5f5554970 implies 9f1a49ae611545678dd5690ccc3d78c2
2023-02-15 15:38:58.943 32 INFO keystone.cmd.bootstrap [None req-88d56d8a-f970-45f7-88b0-7a4511291f7f - - - - - -] Granted role admin on project admin to user admin.
2023-02-15 15:38:58.958 32 INFO keystone.cmd.bootstrap [None req-88d56d8a-f970-45f7-88b0-7a4511291f7f - - - - - -] Granted role admin on the system to user admin.
2023-02-15 15:38:58.981 32 WARNING py.warnings [None req-88d56d8a-f970-45f7-88b0-7a4511291f7f - - - - - -] /var/lib/kolla/venv/lib/python3.9/site-packages/pycadf/identifier.py:71: UserWarning: Invalid uuid: RegionOne. To ensure interoperability, identifiers should be a valid uuid.
  warnings.warn(('Invalid uuid: %s. To ensure interoperability, '

2023-02-15 15:38:58.988 32 INFO keystone.cmd.bootstrap [None req-88d56d8a-f970-45f7-88b0-7a4511291f7f - - - - - -] Created region RegionOne
2023-02-15 15:38:59.051 32 INFO keystone.cmd.bootstrap [None req-88d56d8a-f970-45f7-88b0-7a4511291f7f - - - - - -] Created public endpoint http://169.16.1.151:5000
2023-02-15 15:38:59.070 32 INFO keystone.cmd.bootstrap [None req-88d56d8a-f970-45f7-88b0-7a4511291f7f - - - - - -] Created internal endpoint http://169.16.1.151:5000
2023-02-15 15:39:23.526 37 WARNING keystone.common.rbac_enforcer.enforcer [None req-b124527e-c7b7-4fe6-9e2c-76007a57eae0 3ecadf5d910148e3a577c7e82ef4a75a - - all default -] Deprecated policy rules found. Use oslopolicy-policy-generator and oslopolicy-policy-upgrade to detect and resolve deprecated policies in your configuration.
2023-02-15 15:39:24.507 38 WARNING keystone.common.rbac_enforcer.enforcer [None req-48af5f92-188a-4c73-80d3-655d68c08adb 3ecadf5d910148e3a577c7e82ef4a75a - - all default -] Deprecated policy rules found. Use oslopolicy-policy-generator and oslopolicy-policy-upgrade to detect and resolve deprecated policies in your configuration.
2023-02-15 15:39:31.991 39 WARNING keystone.common.rbac_enforcer.enforcer [None req-7d58ef30-335b-48c1-bd9d-f3d23d488e8f 3ecadf5d910148e3a577c7e82ef4a75a - - all default -] Deprecated policy rules found. Use oslopolicy-policy-generator and oslopolicy-policy-upgrade to detect and resolve deprecated policies in your configuration.
2023-02-15 15:40:49.233 37 ERROR keystone.server.flask.application [None req-43f80881-29a7-4c8a-b5d2-3695236e3945 3ecadf5d910148e3a577c7e82ef4a75a - - all default -] Could not find project: service.: keystone.exception.ProjectNotFound: Could not find project: service.
2023-02-15 15:40:49.233 37 ERROR keystone.server.flask.application Traceback (most recent call last):
2023-02-15 15:40:49.233 37 ERROR keystone.server.flask.application   File "/var/lib/kolla/venv/lib/python3.9/site-packages/flask/app.py", line 1820, in full_dispatch_request
2023-02-15 15:40:49.233 37 ERROR keystone.server.flask.application     rv = self.dispatch_request()
2023-02-15 15:40:49.233 37 ERROR keystone.server.flask.application   File "/var/lib/kolla/venv/lib/python3.9/site-packages/flask/app.py", line 1796, in dispatch_request
2023-02-15 15:40:49.233 37 ERROR keystone.server.flask.application     return self.ensure_sync(self.view_functions[rule.endpoint])(**view_args)
2023-02-15 15:40:49.233 37 ERROR keystone.server.flask.application   File "/var/lib/kolla/venv/lib/python3.9/site-packages/flask_restful/__init__.py", line 467, in wrapper
2023-02-15 15:40:49.233 37 ERROR keystone.server.flask.application     resp = resource(*args, **kwargs)
2023-02-15 15:40:49.233 37 ERROR keystone.server.flask.application   File "/var/lib/kolla/venv/lib/python3.9/site-packages/flask/views.py", line 107, in view
2023-02-15 15:40:49.233 37 ERROR keystone.server.flask.application     return current_app.ensure_sync(self.dispatch_request)(**kwargs)
2023-02-15 15:40:49.233 37 ERROR keystone.server.flask.application   File "/var/lib/kolla/venv/lib/python3.9/site-packages/flask_restful/__init__.py", line 582, in dispatch_request
2023-02-15 15:40:49.233 37 ERROR keystone.server.flask.application     resp = meth(*args, **kwargs)
2023-02-15 15:40:49.233 37 ERROR keystone.server.flask.application   File "/var/lib/kolla/venv/lib/python3.9/site-packages/keystone/api/projects.py", line 151, in get
2023-02-15 15:40:49.233 37 ERROR keystone.server.flask.application     return self._get_project(project_id)
2023-02-15 15:40:49.233 37 ERROR keystone.server.flask.application   File "/var/lib/kolla/venv/lib/python3.9/site-packages/keystone/api/projects.py", line 107, in _get_project
2023-02-15 15:40:49.233 37 ERROR keystone.server.flask.application     project = PROVIDERS.resource_api.get_project(project_id)
2023-02-15 15:40:49.233 37 ERROR keystone.server.flask.application   File "/var/lib/kolla/venv/lib/python3.9/site-packages/keystone/common/manager.py", line 115, in wrapped
2023-02-15 15:40:49.233 37 ERROR keystone.server.flask.application     __ret_val = __f(*args, **kwargs)
2023-02-15 15:40:49.233 37 ERROR keystone.server.flask.application   File "/var/lib/kolla/venv/lib/python3.9/site-packages/decorator.py", line 232, in fun
2023-02-15 15:40:49.233 37 ERROR keystone.server.flask.application     return caller(func, *(extras + args), **kw)
2023-02-15 15:40:49.233 37 ERROR keystone.server.flask.application   File "/var/lib/kolla/venv/lib/python3.9/site-packages/dogpile/cache/region.py", line 1577, in get_or_create_for_user_func
2023-02-15 15:40:49.233 37 ERROR keystone.server.flask.application     return self.get_or_create(
2023-02-15 15:40:49.233 37 ERROR keystone.server.flask.application   File "/var/lib/kolla/venv/lib/python3.9/site-packages/dogpile/cache/region.py", line 1042, in get_or_create
2023-02-15 15:40:49.233 37 ERROR keystone.server.flask.application     with Lock(
2023-02-15 15:40:49.233 37 ERROR keystone.server.flask.application   File "/var/lib/kolla/venv/lib/python3.9/site-packages/dogpile/lock.py", line 185, in __enter__
2023-02-15 15:40:49.233 37 ERROR keystone.server.flask.application     return self._enter()
2023-02-15 15:40:49.233 37 ERROR keystone.server.flask.application   File "/var/lib/kolla/venv/lib/python3.9/site-packages/dogpile/lock.py", line 94, in _enter
2023-02-15 15:40:49.233 37 ERROR keystone.server.flask.application     generated = self._enter_create(value, createdtime)
2023-02-15 15:40:49.233 37 ERROR keystone.server.flask.application   File "/var/lib/kolla/venv/lib/python3.9/site-packages/dogpile/lock.py", line 178, in _enter_create
2023-02-15 15:40:49.233 37 ERROR keystone.server.flask.application     return self.creator()
2023-02-15 15:40:49.233 37 ERROR keystone.server.flask.application   File "/var/lib/kolla/venv/lib/python3.9/site-packages/dogpile/cache/region.py", line 995, in gen_value
2023-02-15 15:40:49.233 37 ERROR keystone.server.flask.application     created_value = creator(
2023-02-15 15:40:49.233 37 ERROR keystone.server.flask.application   File "/var/lib/kolla/venv/lib/python3.9/site-packages/keystone/resource/core.py", line 903, in get_project
2023-02-15 15:40:49.233 37 ERROR keystone.server.flask.application     return self.driver.get_project(project_id)
2023-02-15 15:40:49.233 37 ERROR keystone.server.flask.application   File "/var/lib/kolla/venv/lib/python3.9/site-packages/keystone/resource/backends/sql.py", line 49, in get_project
2023-02-15 15:40:49.233 37 ERROR keystone.server.flask.application     return self._get_project(session, project_id).to_dict()
2023-02-15 15:40:49.233 37 ERROR keystone.server.flask.application   File "/var/lib/kolla/venv/lib/python3.9/site-packages/keystone/resource/backends/sql.py", line 44, in _get_project
2023-02-15 15:40:49.233 37 ERROR keystone.server.flask.application     raise exception.ProjectNotFound(project_id=project_id)
2023-02-15 15:40:49.233 37 ERROR keystone.server.flask.application keystone.exception.ProjectNotFound: Could not find project: service.
2023-02-15 15:40:49.233 37 ERROR keystone.server.flask.application 
2023-02-15 15:40:58.594 39 ERROR keystone.server.flask.application [None req-236421f9-33e8-40aa-893c-680c1eec0c50 3ecadf5d910148e3a577c7e82ef4a75a - - all default -] Could not find project: service.: keystone.exception.ProjectNotFound: Could not find project: service.
2023-02-15 15:40:58.594 39 ERROR keystone.server.flask.application Traceback (most recent call last):
2023-02-15 15:40:58.594 39 ERROR keystone.server.flask.application   File "/var/lib/kolla/venv/lib/python3.9/site-packages/flask/app.py", line 1820, in full_dispatch_request
2023-02-15 15:40:58.594 39 ERROR keystone.server.flask.application     rv = self.dispatch_request()
2023-02-15 15:40:58.594 39 ERROR keystone.server.flask.application   File "/var/lib/kolla/venv/lib/python3.9/site-packages/flask/app.py", line 1796, in dispatch_request
2023-02-15 15:40:58.594 39 ERROR keystone.server.flask.application     return self.ensure_sync(self.view_functions[rule.endpoint])(**view_args)
2023-02-15 15:40:58.594 39 ERROR keystone.server.flask.application   File "/var/lib/kolla/venv/lib/python3.9/site-packages/flask_restful/__init__.py", line 467, in wrapper
2023-02-15 15:40:58.594 39 ERROR keystone.server.flask.application     resp = resource(*args, **kwargs)
2023-02-15 15:40:58.594 39 ERROR keystone.server.flask.application   File "/var/lib/kolla/venv/lib/python3.9/site-packages/flask/views.py", line 107, in view
2023-02-15 15:40:58.594 39 ERROR keystone.server.flask.application     return current_app.ensure_sync(self.dispatch_request)(**kwargs)
2023-02-15 15:40:58.594 39 ERROR keystone.server.flask.application   File "/var/lib/kolla/venv/lib/python3.9/site-packages/flask_restful/__init__.py", line 582, in dispatch_request
2023-02-15 15:40:58.594 39 ERROR keystone.server.flask.application     resp = meth(*args, **kwargs)
2023-02-15 15:40:58.594 39 ERROR keystone.server.flask.application   File "/var/lib/kolla/venv/lib/python3.9/site-packages/keystone/api/projects.py", line 151, in get
2023-02-15 15:40:58.594 39 ERROR keystone.server.flask.application     return self._get_project(project_id)
2023-02-15 15:40:58.594 39 ERROR keystone.server.flask.application   File "/var/lib/kolla/venv/lib/python3.9/site-packages/keystone/api/projects.py", line 107, in _get_project
2023-02-15 15:40:58.594 39 ERROR keystone.server.flask.application     project = PROVIDERS.resource_api.get_project(project_id)
2023-02-15 15:40:58.594 39 ERROR keystone.server.flask.application   File "/var/lib/kolla/venv/lib/python3.9/site-packages/keystone/common/manager.py", line 115, in wrapped
2023-02-15 15:40:58.594 39 ERROR keystone.server.flask.application     __ret_val = __f(*args, **kwargs)
2023-02-15 15:40:58.594 39 ERROR keystone.server.flask.application   File "/var/lib/kolla/venv/lib/python3.9/site-packages/decorator.py", line 232, in fun
2023-02-15 15:40:58.594 39 ERROR keystone.server.flask.application     return caller(func, *(extras + args), **kw)
2023-02-15 15:40:58.594 39 ERROR keystone.server.flask.application   File "/var/lib/kolla/venv/lib/python3.9/site-packages/dogpile/cache/region.py", line 1577, in get_or_create_for_user_func
2023-02-15 15:40:58.594 39 ERROR keystone.server.flask.application     return self.get_or_create(
2023-02-15 15:40:58.594 39 ERROR keystone.server.flask.application   File "/var/lib/kolla/venv/lib/python3.9/site-packages/dogpile/cache/region.py", line 1042, in get_or_create
2023-02-15 15:40:58.594 39 ERROR keystone.server.flask.application     with Lock(
2023-02-15 15:40:58.594 39 ERROR keystone.server.flask.application   File "/var/lib/kolla/venv/lib/python3.9/site-packages/dogpile/lock.py", line 185, in __enter__
2023-02-15 15:40:58.594 39 ERROR keystone.server.flask.application     return self._enter()
2023-02-15 15:40:58.594 39 ERROR keystone.server.flask.application   File "/var/lib/kolla/venv/lib/python3.9/site-packages/dogpile/lock.py", line 94, in _enter
2023-02-15 15:40:58.594 39 ERROR keystone.server.flask.application     generated = self._enter_create(value, createdtime)
2023-02-15 15:40:58.594 39 ERROR keystone.server.flask.application   File "/var/lib/kolla/venv/lib/python3.9/site-packages/dogpile/lock.py", line 178, in _enter_create
2023-02-15 15:40:58.594 39 ERROR keystone.server.flask.application     return self.creator()
2023-02-15 15:40:58.594 39 ERROR keystone.server.flask.application   File "/var/lib/kolla/venv/lib/python3.9/site-packages/dogpile/cache/region.py", line 995, in gen_value
2023-02-15 15:40:58.594 39 ERROR keystone.server.flask.application     created_value = creator(
2023-02-15 15:40:58.594 39 ERROR keystone.server.flask.application   File "/var/lib/kolla/venv/lib/python3.9/site-packages/keystone/resource/core.py", line 903, in get_project
2023-02-15 15:40:58.594 39 ERROR keystone.server.flask.application     return self.driver.get_project(project_id)
2023-02-15 15:40:58.594 39 ERROR keystone.server.flask.application   File "/var/lib/kolla/venv/lib/python3.9/site-packages/keystone/resource/backends/sql.py", line 49, in get_project
2023-02-15 15:40:58.594 39 ERROR keystone.server.flask.application     return self._get_project(session, project_id).to_dict()
2023-02-15 15:40:58.594 39 ERROR keystone.server.flask.application   File "/var/lib/kolla/venv/lib/python3.9/site-packages/keystone/resource/backends/sql.py", line 44, in _get_project
2023-02-15 15:40:58.594 39 ERROR keystone.server.flask.application     raise exception.ProjectNotFound(project_id=project_id)
2023-02-15 15:40:58.594 39 ERROR keystone.server.flask.application keystone.exception.ProjectNotFound: Could not find project: service.
2023-02-15 15:40:58.594 39 ERROR keystone.server.flask.application 
2023-02-15 15:41:14.461 39 ERROR keystone.server.flask.application [None req-0d40422b-548f-4d09-89f0-8846ef25a455 3ecadf5d910148e3a577c7e82ef4a75a - - all default -] Could not find role: admin.: keystone.exception.RoleNotFound: Could not find role: admin.
2023-02-15 15:41:14.461 39 ERROR keystone.server.flask.application Traceback (most recent call last):
2023-02-15 15:41:14.461 39 ERROR keystone.server.flask.application   File "/var/lib/kolla/venv/lib/python3.9/site-packages/flask/app.py", line 1820, in full_dispatch_request
2023-02-15 15:41:14.461 39 ERROR keystone.server.flask.application     rv = self.dispatch_request()
2023-02-15 15:41:14.461 39 ERROR keystone.server.flask.application   File "/var/lib/kolla/venv/lib/python3.9/site-packages/flask/app.py", line 1796, in dispatch_request
2023-02-15 15:41:14.461 39 ERROR keystone.server.flask.application     return self.ensure_sync(self.view_functions[rule.endpoint])(**view_args)
2023-02-15 15:41:14.461 39 ERROR keystone.server.flask.application   File "/var/lib/kolla/venv/lib/python3.9/site-packages/flask_restful/__init__.py", line 467, in wrapper
2023-02-15 15:41:14.461 39 ERROR keystone.server.flask.application     resp = resource(*args, **kwargs)
2023-02-15 15:41:14.461 39 ERROR keystone.server.flask.application   File "/var/lib/kolla/venv/lib/python3.9/site-packages/flask/views.py", line 107, in view
2023-02-15 15:41:14.461 39 ERROR keystone.server.flask.application     return current_app.ensure_sync(self.dispatch_request)(**kwargs)
2023-02-15 15:41:14.461 39 ERROR keystone.server.flask.application   File "/var/lib/kolla/venv/lib/python3.9/site-packages/flask_restful/__init__.py", line 582, in dispatch_request
2023-02-15 15:41:14.461 39 ERROR keystone.server.flask.application     resp = meth(*args, **kwargs)
2023-02-15 15:41:14.461 39 ERROR keystone.server.flask.application   File "/var/lib/kolla/venv/lib/python3.9/site-packages/keystone/api/roles.py", line 50, in get
2023-02-15 15:41:14.461 39 ERROR keystone.server.flask.application     return self._get_role(role_id)
2023-02-15 15:41:14.461 39 ERROR keystone.server.flask.application   File "/var/lib/kolla/venv/lib/python3.9/site-packages/keystone/api/roles.py", line 70, in _get_role
2023-02-15 15:41:14.461 39 ERROR keystone.server.flask.application     ENFORCER.enforce_call(action='identity:get_role')
2023-02-15 15:41:14.461 39 ERROR keystone.server.flask.application   File "/var/lib/kolla/venv/lib/python3.9/site-packages/keystone/common/rbac_enforcer/enforcer.py", line 402, in enforce_call
2023-02-15 15:41:14.461 39 ERROR keystone.server.flask.application     policy_dict.update(cls._extract_member_target_data(
2023-02-15 15:41:14.461 39 ERROR keystone.server.flask.application   File "/var/lib/kolla/venv/lib/python3.9/site-packages/keystone/common/rbac_enforcer/enforcer.py", line 234, in _extract_member_target_data
2023-02-15 15:41:14.461 39 ERROR keystone.server.flask.application     member_name: func(flask.request.view_args[key])
2023-02-15 15:41:14.461 39 ERROR keystone.server.flask.application   File "/var/lib/kolla/venv/lib/python3.9/site-packages/keystone/common/manager.py", line 115, in wrapped
2023-02-15 15:41:14.461 39 ERROR keystone.server.flask.application     __ret_val = __f(*args, **kwargs)
2023-02-15 15:41:14.461 39 ERROR keystone.server.flask.application   File "/var/lib/kolla/venv/lib/python3.9/site-packages/decorator.py", line 232, in fun
2023-02-15 15:41:14.461 39 ERROR keystone.server.flask.application     return caller(func, *(extras + args), **kw)
2023-02-15 15:41:14.461 39 ERROR keystone.server.flask.application   File "/var/lib/kolla/venv/lib/python3.9/site-packages/dogpile/cache/region.py", line 1577, in get_or_create_for_user_func
2023-02-15 15:41:14.461 39 ERROR keystone.server.flask.application     return self.get_or_create(
2023-02-15 15:41:14.461 39 ERROR keystone.server.flask.application   File "/var/lib/kolla/venv/lib/python3.9/site-packages/dogpile/cache/region.py", line 1042, in get_or_create
2023-02-15 15:41:14.461 39 ERROR keystone.server.flask.application     with Lock(
2023-02-15 15:41:14.461 39 ERROR keystone.server.flask.application   File "/var/lib/kolla/venv/lib/python3.9/site-packages/dogpile/lock.py", line 185, in __enter__
2023-02-15 15:41:14.461 39 ERROR keystone.server.flask.application     return self._enter()
2023-02-15 15:41:14.461 39 ERROR keystone.server.flask.application   File "/var/lib/kolla/venv/lib/python3.9/site-packages/dogpile/lock.py", line 94, in _enter
2023-02-15 15:41:14.461 39 ERROR keystone.server.flask.application     generated = self._enter_create(value, createdtime)
2023-02-15 15:41:14.461 39 ERROR keystone.server.flask.application   File "/var/lib/kolla/venv/lib/python3.9/site-packages/dogpile/lock.py", line 178, in _enter_create
2023-02-15 15:41:14.461 39 ERROR keystone.server.flask.application     return self.creator()
2023-02-15 15:41:14.461 39 ERROR keystone.server.flask.application   File "/var/lib/kolla/venv/lib/python3.9/site-packages/dogpile/cache/region.py", line 995, in gen_value
2023-02-15 15:41:14.461 39 ERROR keystone.server.flask.application     created_value = creator(
2023-02-15 15:41:14.461 39 ERROR keystone.server.flask.application   File "/var/lib/kolla/venv/lib/python3.9/site-packages/keystone/assignment/core.py", line 1276, in get_role
2023-02-15 15:41:14.461 39 ERROR keystone.server.flask.application     return self.driver.get_role(role_id)
2023-02-15 15:41:14.461 39 ERROR keystone.server.flask.application   File "/var/lib/kolla/venv/lib/python3.9/site-packages/keystone/assignment/role_backends/sql.py", line 70, in get_role
2023-02-15 15:41:14.461 39 ERROR keystone.server.flask.application     return self._get_role(session, role_id).to_dict()
2023-02-15 15:41:14.461 39 ERROR keystone.server.flask.application   File "/var/lib/kolla/venv/lib/python3.9/site-packages/keystone/assignment/role_backends/sql.py", line 65, in _get_role
2023-02-15 15:41:14.461 39 ERROR keystone.server.flask.application     raise exception.RoleNotFound(role_id=role_id)
2023-02-15 15:41:14.461 39 ERROR keystone.server.flask.application keystone.exception.RoleNotFound: Could not find role: admin.
2023-02-15 15:41:14.461 39 ERROR keystone.server.flask.application 
2023-02-15 15:41:15.919 39 ERROR keystone.server.flask.application [None req-61fb8585-7e20-4eb3-ae36-5e9fe002ce4c 3ecadf5d910148e3a577c7e82ef4a75a - - all default -] Could not find user: ironic.: keystone.exception.UserNotFound: Could not find user: ironic.
2023-02-15 15:41:15.919 39 ERROR keystone.server.flask.application Traceback (most recent call last):
2023-02-15 15:41:15.919 39 ERROR keystone.server.flask.application   File "/var/lib/kolla/venv/lib/python3.9/site-packages/flask/app.py", line 1820, in full_dispatch_request
2023-02-15 15:41:15.919 39 ERROR keystone.server.flask.application     rv = self.dispatch_request()
2023-02-15 15:41:15.919 39 ERROR keystone.server.flask.application   File "/var/lib/kolla/venv/lib/python3.9/site-packages/flask/app.py", line 1796, in dispatch_request
2023-02-15 15:41:15.919 39 ERROR keystone.server.flask.application     return self.ensure_sync(self.view_functions[rule.endpoint])(**view_args)
2023-02-15 15:41:15.919 39 ERROR keystone.server.flask.application   File "/var/lib/kolla/venv/lib/python3.9/site-packages/flask_restful/__init__.py", line 467, in wrapper
2023-02-15 15:41:15.919 39 ERROR keystone.server.flask.application     resp = resource(*args, **kwargs)
2023-02-15 15:41:15.919 39 ERROR keystone.server.flask.application   File "/var/lib/kolla/venv/lib/python3.9/site-packages/flask/views.py", line 107, in view
2023-02-15 15:41:15.919 39 ERROR keystone.server.flask.application     return current_app.ensure_sync(self.dispatch_request)(**kwargs)
2023-02-15 15:41:15.919 39 ERROR keystone.server.flask.application   File "/var/lib/kolla/venv/lib/python3.9/site-packages/flask_restful/__init__.py", line 582, in dispatch_request
2023-02-15 15:41:15.919 39 ERROR keystone.server.flask.application     resp = meth(*args, **kwargs)
2023-02-15 15:41:15.919 39 ERROR keystone.server.flask.application   File "/var/lib/kolla/venv/lib/python3.9/site-packages/keystone/api/users.py", line 182, in get
2023-02-15 15:41:15.919 39 ERROR keystone.server.flask.application     return self._get_user(user_id)
2023-02-15 15:41:15.919 39 ERROR keystone.server.flask.application   File "/var/lib/kolla/venv/lib/python3.9/site-packages/keystone/api/users.py", line 194, in _get_user
2023-02-15 15:41:15.919 39 ERROR keystone.server.flask.application     ref = PROVIDERS.identity_api.get_user(user_id)
2023-02-15 15:41:15.919 39 ERROR keystone.server.flask.application   File "/var/lib/kolla/venv/lib/python3.9/site-packages/keystone/common/manager.py", line 115, in wrapped
2023-02-15 15:41:15.919 39 ERROR keystone.server.flask.application     __ret_val = __f(*args, **kwargs)
2023-02-15 15:41:15.919 39 ERROR keystone.server.flask.application   File "/var/lib/kolla/venv/lib/python3.9/site-packages/keystone/identity/core.py", line 414, in wrapper
2023-02-15 15:41:15.919 39 ERROR keystone.server.flask.application     return f(self, *args, **kwargs)
2023-02-15 15:41:15.919 39 ERROR keystone.server.flask.application   File "/var/lib/kolla/venv/lib/python3.9/site-packages/keystone/identity/core.py", line 424, in wrapper
2023-02-15 15:41:15.919 39 ERROR keystone.server.flask.application     return f(self, *args, **kwargs)
2023-02-15 15:41:15.919 39 ERROR keystone.server.flask.application   File "/var/lib/kolla/venv/lib/python3.9/site-packages/decorator.py", line 232, in fun
2023-02-15 15:41:15.919 39 ERROR keystone.server.flask.application     return caller(func, *(extras + args), **kw)
2023-02-15 15:41:15.919 39 ERROR keystone.server.flask.application   File "/var/lib/kolla/venv/lib/python3.9/site-packages/dogpile/cache/region.py", line 1577, in get_or_create_for_user_func
2023-02-15 15:41:15.919 39 ERROR keystone.server.flask.application     return self.get_or_create(
2023-02-15 15:41:15.919 39 ERROR keystone.server.flask.application   File "/var/lib/kolla/venv/lib/python3.9/site-packages/dogpile/cache/region.py", line 1042, in get_or_create
2023-02-15 15:41:15.919 39 ERROR keystone.server.flask.application     with Lock(
2023-02-15 15:41:15.919 39 ERROR keystone.server.flask.application   File "/var/lib/kolla/venv/lib/python3.9/site-packages/dogpile/lock.py", line 185, in __enter__
2023-02-15 15:41:15.919 39 ERROR keystone.server.flask.application     return self._enter()
2023-02-15 15:41:15.919 39 ERROR keystone.server.flask.application   File "/var/lib/kolla/venv/lib/python3.9/site-packages/dogpile/lock.py", line 94, in _enter
2023-02-15 15:41:15.919 39 ERROR keystone.server.flask.application     generated = self._enter_create(value, createdtime)
2023-02-15 15:41:15.919 39 ERROR keystone.server.flask.application   File "/var/lib/kolla/venv/lib/python3.9/site-packages/dogpile/lock.py", line 178, in _enter_create
2023-02-15 15:41:15.919 39 ERROR keystone.server.flask.application     return self.creator()
2023-02-15 15:41:15.919 39 ERROR keystone.server.flask.application   File "/var/lib/kolla/venv/lib/python3.9/site-packages/dogpile/cache/region.py", line 995, in gen_value
2023-02-15 15:41:15.919 39 ERROR keystone.server.flask.application     created_value = creator(
2023-02-15 15:41:15.919 39 ERROR keystone.server.flask.application   File "/var/lib/kolla/venv/lib/python3.9/site-packages/keystone/identity/core.py", line 1011, in get_user
2023-02-15 15:41:15.919 39 ERROR keystone.server.flask.application     ref = driver.get_user(entity_id)
2023-02-15 15:41:15.919 39 ERROR keystone.server.flask.application   File "/var/lib/kolla/venv/lib/python3.9/site-packages/keystone/identity/backends/sql.py", line 200, in get_user
2023-02-15 15:41:15.919 39 ERROR keystone.server.flask.application     self._get_user(session, user_id).to_dict())
2023-02-15 15:41:15.919 39 ERROR keystone.server.flask.application   File "/var/lib/kolla/venv/lib/python3.9/site-packages/keystone/identity/backends/sql.py", line 194, in _get_user
2023-02-15 15:41:15.919 39 ERROR keystone.server.flask.application     raise exception.UserNotFound(user_id=user_id)
2023-02-15 15:41:15.919 39 ERROR keystone.server.flask.application keystone.exception.UserNotFound: Could not find user: ironic.
2023-02-15 15:41:15.919 39 ERROR keystone.server.flask.application 
2023-02-15 15:41:17.023 38 ERROR keystone.server.flask.application [None req-55b3f66d-91a7-4193-97ea-fd6e62166100 3ecadf5d910148e3a577c7e82ef4a75a - - all default -] Could not find project: service.: keystone.exception.ProjectNotFound: Could not find project: service.
2023-02-15 15:41:17.023 38 ERROR keystone.server.flask.application Traceback (most recent call last):
2023-02-15 15:41:17.023 38 ERROR keystone.server.flask.application   File "/var/lib/kolla/venv/lib/python3.9/site-packages/flask/app.py", line 1820, in full_dispatch_request
2023-02-15 15:41:17.023 38 ERROR keystone.server.flask.application     rv = self.dispatch_request()
2023-02-15 15:41:17.023 38 ERROR keystone.server.flask.application   File "/var/lib/kolla/venv/lib/python3.9/site-packages/flask/app.py", line 1796, in dispatch_request
2023-02-15 15:41:17.023 38 ERROR keystone.server.flask.application     return self.ensure_sync(self.view_functions[rule.endpoint])(**view_args)
2023-02-15 15:41:17.023 38 ERROR keystone.server.flask.application   File "/var/lib/kolla/venv/lib/python3.9/site-packages/flask_restful/__init__.py", line 467, in wrapper
2023-02-15 15:41:17.023 38 ERROR keystone.server.flask.application     resp = resource(*args, **kwargs)
2023-02-15 15:41:17.023 38 ERROR keystone.server.flask.application   File "/var/lib/kolla/venv/lib/python3.9/site-packages/flask/views.py", line 107, in view
2023-02-15 15:41:17.023 38 ERROR keystone.server.flask.application     return current_app.ensure_sync(self.dispatch_request)(**kwargs)
2023-02-15 15:41:17.023 38 ERROR keystone.server.flask.application   File "/var/lib/kolla/venv/lib/python3.9/site-packages/flask_restful/__init__.py", line 582, in dispatch_request
2023-02-15 15:41:17.023 38 ERROR keystone.server.flask.application     resp = meth(*args, **kwargs)
2023-02-15 15:41:17.023 38 ERROR keystone.server.flask.application   File "/var/lib/kolla/venv/lib/python3.9/site-packages/keystone/api/projects.py", line 151, in get
2023-02-15 15:41:17.023 38 ERROR keystone.server.flask.application     return self._get_project(project_id)
2023-02-15 15:41:17.023 38 ERROR keystone.server.flask.application   File "/var/lib/kolla/venv/lib/python3.9/site-packages/keystone/api/projects.py", line 107, in _get_project
2023-02-15 15:41:17.023 38 ERROR keystone.server.flask.application     project = PROVIDERS.resource_api.get_project(project_id)
2023-02-15 15:41:17.023 38 ERROR keystone.server.flask.application   File "/var/lib/kolla/venv/lib/python3.9/site-packages/keystone/common/manager.py", line 115, in wrapped
2023-02-15 15:41:17.023 38 ERROR keystone.server.flask.application     __ret_val = __f(*args, **kwargs)
2023-02-15 15:41:17.023 38 ERROR keystone.server.flask.application   File "/var/lib/kolla/venv/lib/python3.9/site-packages/decorator.py", line 232, in fun
2023-02-15 15:41:17.023 38 ERROR keystone.server.flask.application     return caller(func, *(extras + args), **kw)
2023-02-15 15:41:17.023 38 ERROR keystone.server.flask.application   File "/var/lib/kolla/venv/lib/python3.9/site-packages/dogpile/cache/region.py", line 1577, in get_or_create_for_user_func
2023-02-15 15:41:17.023 38 ERROR keystone.server.flask.application     return self.get_or_create(
2023-02-15 15:41:17.023 38 ERROR keystone.server.flask.application   File "/var/lib/kolla/venv/lib/python3.9/site-packages/dogpile/cache/region.py", line 1042, in get_or_create
2023-02-15 15:41:17.023 38 ERROR keystone.server.flask.application     with Lock(
2023-02-15 15:41:17.023 38 ERROR keystone.server.flask.application   File "/var/lib/kolla/venv/lib/python3.9/site-packages/dogpile/lock.py", line 185, in __enter__
2023-02-15 15:41:17.023 38 ERROR keystone.server.flask.application     return self._enter()
2023-02-15 15:41:17.023 38 ERROR keystone.server.flask.application   File "/var/lib/kolla/venv/lib/python3.9/site-packages/dogpile/lock.py", line 94, in _enter
2023-02-15 15:41:17.023 38 ERROR keystone.server.flask.application     generated = self._enter_create(value, createdtime)
2023-02-15 15:41:17.023 38 ERROR keystone.server.flask.application   File "/var/lib/kolla/venv/lib/python3.9/site-packages/dogpile/lock.py", line 178, in _enter_create
2023-02-15 15:41:17.023 38 ERROR keystone.server.flask.application     return self.creator()
2023-02-15 15:41:17.023 38 ERROR keystone.server.flask.application   File "/var/lib/kolla/venv/lib/python3.9/site-packages/dogpile/cache/region.py", line 995, in gen_value
2023-02-15 15:41:17.023 38 ERROR keystone.server.flask.application     created_value = creator(
2023-02-15 15:41:17.023 38 ERROR keystone.server.flask.application   File "/var/lib/kolla/venv/lib/python3.9/site-packages/keystone/resource/core.py", line 903, in get_project
2023-02-15 15:41:17.023 38 ERROR keystone.server.flask.application     return self.driver.get_project(project_id)
2023-02-15 15:41:17.023 38 ERROR keystone.server.flask.application   File "/var/lib/kolla/venv/lib/python3.9/site-packages/keystone/resource/backends/sql.py", line 49, in get_project
2023-02-15 15:41:17.023 38 ERROR keystone.server.flask.application     return self._get_project(session, project_id).to_dict()
2023-02-15 15:41:17.023 38 ERROR keystone.server.flask.application   File "/var/lib/kolla/venv/lib/python3.9/site-packages/keystone/resource/backends/sql.py", line 44, in _get_project
2023-02-15 15:41:17.023 38 ERROR keystone.server.flask.application     raise exception.ProjectNotFound(project_id=project_id)
2023-02-15 15:41:17.023 38 ERROR keystone.server.flask.application keystone.exception.ProjectNotFound: Could not find project: service.
2023-02-15 15:41:17.023 38 ERROR keystone.server.flask.application 
2023-02-15 15:41:27.111 37 ERROR keystone.server.flask.application [None req-8e4f01b5-c1b4-43cd-9cac-f655012d9236 3ecadf5d910148e3a577c7e82ef4a75a - - all default -] Could not find role: admin.: keystone.exception.RoleNotFound: Could not find role: admin.
2023-02-15 15:41:27.111 37 ERROR keystone.server.flask.application Traceback (most recent call last):
2023-02-15 15:41:27.111 37 ERROR keystone.server.flask.application   File "/var/lib/kolla/venv/lib/python3.9/site-packages/flask/app.py", line 1820, in full_dispatch_request
2023-02-15 15:41:27.111 37 ERROR keystone.server.flask.application     rv = self.dispatch_request()
2023-02-15 15:41:27.111 37 ERROR keystone.server.flask.application   File "/var/lib/kolla/venv/lib/python3.9/site-packages/flask/app.py", line 1796, in dispatch_request
2023-02-15 15:41:27.111 37 ERROR keystone.server.flask.application     return self.ensure_sync(self.view_functions[rule.endpoint])(**view_args)
2023-02-15 15:41:27.111 37 ERROR keystone.server.flask.application   File "/var/lib/kolla/venv/lib/python3.9/site-packages/flask_restful/__init__.py", line 467, in wrapper
2023-02-15 15:41:27.111 37 ERROR keystone.server.flask.application     resp = resource(*args, **kwargs)
2023-02-15 15:41:27.111 37 ERROR keystone.server.flask.application   File "/var/lib/kolla/venv/lib/python3.9/site-packages/flask/views.py", line 107, in view
2023-02-15 15:41:27.111 37 ERROR keystone.server.flask.application     return current_app.ensure_sync(self.dispatch_request)(**kwargs)
2023-02-15 15:41:27.111 37 ERROR keystone.server.flask.application   File "/var/lib/kolla/venv/lib/python3.9/site-packages/flask_restful/__init__.py", line 582, in dispatch_request
2023-02-15 15:41:27.111 37 ERROR keystone.server.flask.application     resp = meth(*args, **kwargs)
2023-02-15 15:41:27.111 37 ERROR keystone.server.flask.application   File "/var/lib/kolla/venv/lib/python3.9/site-packages/keystone/api/roles.py", line 50, in get
2023-02-15 15:41:27.111 37 ERROR keystone.server.flask.application     return self._get_role(role_id)
2023-02-15 15:41:27.111 37 ERROR keystone.server.flask.application   File "/var/lib/kolla/venv/lib/python3.9/site-packages/keystone/api/roles.py", line 70, in _get_role
2023-02-15 15:41:27.111 37 ERROR keystone.server.flask.application     ENFORCER.enforce_call(action='identity:get_role')
2023-02-15 15:41:27.111 37 ERROR keystone.server.flask.application   File "/var/lib/kolla/venv/lib/python3.9/site-packages/keystone/common/rbac_enforcer/enforcer.py", line 402, in enforce_call
2023-02-15 15:41:27.111 37 ERROR keystone.server.flask.application     policy_dict.update(cls._extract_member_target_data(
2023-02-15 15:41:27.111 37 ERROR keystone.server.flask.application   File "/var/lib/kolla/venv/lib/python3.9/site-packages/keystone/common/rbac_enforcer/enforcer.py", line 234, in _extract_member_target_data
2023-02-15 15:41:27.111 37 ERROR keystone.server.flask.application     member_name: func(flask.request.view_args[key])
2023-02-15 15:41:27.111 37 ERROR keystone.server.flask.application   File "/var/lib/kolla/venv/lib/python3.9/site-packages/keystone/common/manager.py", line 115, in wrapped
2023-02-15 15:41:27.111 37 ERROR keystone.server.flask.application     __ret_val = __f(*args, **kwargs)
2023-02-15 15:41:27.111 37 ERROR keystone.server.flask.application   File "/var/lib/kolla/venv/lib/python3.9/site-packages/decorator.py", line 232, in fun
2023-02-15 15:41:27.111 37 ERROR keystone.server.flask.application     return caller(func, *(extras + args), **kw)
2023-02-15 15:41:27.111 37 ERROR keystone.server.flask.application   File "/var/lib/kolla/venv/lib/python3.9/site-packages/dogpile/cache/region.py", line 1577, in get_or_create_for_user_func
2023-02-15 15:41:27.111 37 ERROR keystone.server.flask.application     return self.get_or_create(
2023-02-15 15:41:27.111 37 ERROR keystone.server.flask.application   File "/var/lib/kolla/venv/lib/python3.9/site-packages/dogpile/cache/region.py", line 1042, in get_or_create
2023-02-15 15:41:27.111 37 ERROR keystone.server.flask.application     with Lock(
2023-02-15 15:41:27.111 37 ERROR keystone.server.flask.application   File "/var/lib/kolla/venv/lib/python3.9/site-packages/dogpile/lock.py", line 185, in __enter__
2023-02-15 15:41:27.111 37 ERROR keystone.server.flask.application     return self._enter()
2023-02-15 15:41:27.111 37 ERROR keystone.server.flask.application   File "/var/lib/kolla/venv/lib/python3.9/site-packages/dogpile/lock.py", line 94, in _enter
2023-02-15 15:41:27.111 37 ERROR keystone.server.flask.application     generated = self._enter_create(value, createdtime)
2023-02-15 15:41:27.111 37 ERROR keystone.server.flask.application   File "/var/lib/kolla/venv/lib/python3.9/site-packages/dogpile/lock.py", line 178, in _enter_create
2023-02-15 15:41:27.111 37 ERROR keystone.server.flask.application     return self.creator()
2023-02-15 15:41:27.111 37 ERROR keystone.server.flask.application   File "/var/lib/kolla/venv/lib/python3.9/site-packages/dogpile/cache/region.py", line 995, in gen_value
2023-02-15 15:41:27.111 37 ERROR keystone.server.flask.application     created_value = creator(
2023-02-15 15:41:27.111 37 ERROR keystone.server.flask.application   File "/var/lib/kolla/venv/lib/python3.9/site-packages/keystone/assignment/core.py", line 1276, in get_role
2023-02-15 15:41:27.111 37 ERROR keystone.server.flask.application     return self.driver.get_role(role_id)
2023-02-15 15:41:27.111 37 ERROR keystone.server.flask.application   File "/var/lib/kolla/venv/lib/python3.9/site-packages/keystone/assignment/role_backends/sql.py", line 70, in get_role
2023-02-15 15:41:27.111 37 ERROR keystone.server.flask.application     return self._get_role(session, role_id).to_dict()
2023-02-15 15:41:27.111 37 ERROR keystone.server.flask.application   File "/var/lib/kolla/venv/lib/python3.9/site-packages/keystone/assignment/role_backends/sql.py", line 65, in _get_role
2023-02-15 15:41:27.111 37 ERROR keystone.server.flask.application     raise exception.RoleNotFound(role_id=role_id)
2023-02-15 15:41:27.111 37 ERROR keystone.server.flask.application keystone.exception.RoleNotFound: Could not find role: admin.
2023-02-15 15:41:27.111 37 ERROR keystone.server.flask.application 
2023-02-15 15:41:28.305 37 ERROR keystone.server.flask.application [None req-e2fa3d1f-4969-4d45-b3b0-8a4bbc1c68fd 3ecadf5d910148e3a577c7e82ef4a75a - - all default -] Could not find user: ironic-inspector.: keystone.exception.UserNotFound: Could not find user: ironic-inspector.
2023-02-15 15:41:28.305 37 ERROR keystone.server.flask.application Traceback (most recent call last):
2023-02-15 15:41:28.305 37 ERROR keystone.server.flask.application   File "/var/lib/kolla/venv/lib/python3.9/site-packages/flask/app.py", line 1820, in full_dispatch_request
2023-02-15 15:41:28.305 37 ERROR keystone.server.flask.application     rv = self.dispatch_request()
2023-02-15 15:41:28.305 37 ERROR keystone.server.flask.application   File "/var/lib/kolla/venv/lib/python3.9/site-packages/flask/app.py", line 1796, in dispatch_request
2023-02-15 15:41:28.305 37 ERROR keystone.server.flask.application     return self.ensure_sync(self.view_functions[rule.endpoint])(**view_args)
2023-02-15 15:41:28.305 37 ERROR keystone.server.flask.application   File "/var/lib/kolla/venv/lib/python3.9/site-packages/flask_restful/__init__.py", line 467, in wrapper
2023-02-15 15:41:28.305 37 ERROR keystone.server.flask.application     resp = resource(*args, **kwargs)
2023-02-15 15:41:28.305 37 ERROR keystone.server.flask.application   File "/var/lib/kolla/venv/lib/python3.9/site-packages/flask/views.py", line 107, in view
2023-02-15 15:41:28.305 37 ERROR keystone.server.flask.application     return current_app.ensure_sync(self.dispatch_request)(**kwargs)
2023-02-15 15:41:28.305 37 ERROR keystone.server.flask.application   File "/var/lib/kolla/venv/lib/python3.9/site-packages/flask_restful/__init__.py", line 582, in dispatch_request
2023-02-15 15:41:28.305 37 ERROR keystone.server.flask.application     resp = meth(*args, **kwargs)
2023-02-15 15:41:28.305 37 ERROR keystone.server.flask.application   File "/var/lib/kolla/venv/lib/python3.9/site-packages/keystone/api/users.py", line 182, in get
2023-02-15 15:41:28.305 37 ERROR keystone.server.flask.application     return self._get_user(user_id)
2023-02-15 15:41:28.305 37 ERROR keystone.server.flask.application   File "/var/lib/kolla/venv/lib/python3.9/site-packages/keystone/api/users.py", line 194, in _get_user
2023-02-15 15:41:28.305 37 ERROR keystone.server.flask.application     ref = PROVIDERS.identity_api.get_user(user_id)
2023-02-15 15:41:28.305 37 ERROR keystone.server.flask.application   File "/var/lib/kolla/venv/lib/python3.9/site-packages/keystone/common/manager.py", line 115, in wrapped
2023-02-15 15:41:28.305 37 ERROR keystone.server.flask.application     __ret_val = __f(*args, **kwargs)
2023-02-15 15:41:28.305 37 ERROR keystone.server.flask.application   File "/var/lib/kolla/venv/lib/python3.9/site-packages/keystone/identity/core.py", line 414, in wrapper
2023-02-15 15:41:28.305 37 ERROR keystone.server.flask.application     return f(self, *args, **kwargs)
2023-02-15 15:41:28.305 37 ERROR keystone.server.flask.application   File "/var/lib/kolla/venv/lib/python3.9/site-packages/keystone/identity/core.py", line 424, in wrapper
2023-02-15 15:41:28.305 37 ERROR keystone.server.flask.application     return f(self, *args, **kwargs)
2023-02-15 15:41:28.305 37 ERROR keystone.server.flask.application   File "/var/lib/kolla/venv/lib/python3.9/site-packages/decorator.py", line 232, in fun
2023-02-15 15:41:28.305 37 ERROR keystone.server.flask.application     return caller(func, *(extras + args), **kw)
2023-02-15 15:41:28.305 37 ERROR keystone.server.flask.application   File "/var/lib/kolla/venv/lib/python3.9/site-packages/dogpile/cache/region.py", line 1577, in get_or_create_for_user_func
2023-02-15 15:41:28.305 37 ERROR keystone.server.flask.application     return self.get_or_create(
2023-02-15 15:41:28.305 37 ERROR keystone.server.flask.application   File "/var/lib/kolla/venv/lib/python3.9/site-packages/dogpile/cache/region.py", line 1042, in get_or_create
2023-02-15 15:41:28.305 37 ERROR keystone.server.flask.application     with Lock(
2023-02-15 15:41:28.305 37 ERROR keystone.server.flask.application   File "/var/lib/kolla/venv/lib/python3.9/site-packages/dogpile/lock.py", line 185, in __enter__
2023-02-15 15:41:28.305 37 ERROR keystone.server.flask.application     return self._enter()
2023-02-15 15:41:28.305 37 ERROR keystone.server.flask.application   File "/var/lib/kolla/venv/lib/python3.9/site-packages/dogpile/lock.py", line 94, in _enter
2023-02-15 15:41:28.305 37 ERROR keystone.server.flask.application     generated = self._enter_create(value, createdtime)
2023-02-15 15:41:28.305 37 ERROR keystone.server.flask.application   File "/var/lib/kolla/venv/lib/python3.9/site-packages/dogpile/lock.py", line 178, in _enter_create
2023-02-15 15:41:28.305 37 ERROR keystone.server.flask.application     return self.creator()
2023-02-15 15:41:28.305 37 ERROR keystone.server.flask.application   File "/var/lib/kolla/venv/lib/python3.9/site-packages/dogpile/cache/region.py", line 995, in gen_value
2023-02-15 15:41:28.305 37 ERROR keystone.server.flask.application     created_value = creator(
2023-02-15 15:41:28.305 37 ERROR keystone.server.flask.application   File "/var/lib/kolla/venv/lib/python3.9/site-packages/keystone/identity/core.py", line 1011, in get_user
2023-02-15 15:41:28.305 37 ERROR keystone.server.flask.application     ref = driver.get_user(entity_id)
2023-02-15 15:41:28.305 37 ERROR keystone.server.flask.application   File "/var/lib/kolla/venv/lib/python3.9/site-packages/keystone/identity/backends/sql.py", line 200, in get_user
2023-02-15 15:41:28.305 37 ERROR keystone.server.flask.application     self._get_user(session, user_id).to_dict())
2023-02-15 15:41:28.305 37 ERROR keystone.server.flask.application   File "/var/lib/kolla/venv/lib/python3.9/site-packages/keystone/identity/backends/sql.py", line 194, in _get_user
2023-02-15 15:41:28.305 37 ERROR keystone.server.flask.application     raise exception.UserNotFound(user_id=user_id)
2023-02-15 15:41:28.305 37 ERROR keystone.server.flask.application keystone.exception.UserNotFound: Could not find user: ironic-inspector.
2023-02-15 15:41:28.305 37 ERROR keystone.server.flask.application 
2023-02-15 15:41:29.171 39 ERROR keystone.server.flask.application [None req-8c48378c-8c24-45bd-b0f7-4e05db958c45 3ecadf5d910148e3a577c7e82ef4a75a - - all default -] Could not find project: service.: keystone.exception.ProjectNotFound: Could not find project: service.
2023-02-15 15:41:29.171 39 ERROR keystone.server.flask.application Traceback (most recent call last):
2023-02-15 15:41:29.171 39 ERROR keystone.server.flask.application   File "/var/lib/kolla/venv/lib/python3.9/site-packages/flask/app.py", line 1820, in full_dispatch_request
2023-02-15 15:41:29.171 39 ERROR keystone.server.flask.application     rv = self.dispatch_request()
2023-02-15 15:41:29.171 39 ERROR keystone.server.flask.application   File "/var/lib/kolla/venv/lib/python3.9/site-packages/flask/app.py", line 1796, in dispatch_request
2023-02-15 15:41:29.171 39 ERROR keystone.server.flask.application     return self.ensure_sync(self.view_functions[rule.endpoint])(**view_args)
2023-02-15 15:41:29.171 39 ERROR keystone.server.flask.application   File "/var/lib/kolla/venv/lib/python3.9/site-packages/flask_restful/__init__.py", line 467, in wrapper
2023-02-15 15:41:29.171 39 ERROR keystone.server.flask.application     resp = resource(*args, **kwargs)
2023-02-15 15:41:29.171 39 ERROR keystone.server.flask.application   File "/var/lib/kolla/venv/lib/python3.9/site-packages/flask/views.py", line 107, in view
2023-02-15 15:41:29.171 39 ERROR keystone.server.flask.application     return current_app.ensure_sync(self.dispatch_request)(**kwargs)
2023-02-15 15:41:29.171 39 ERROR keystone.server.flask.application   File "/var/lib/kolla/venv/lib/python3.9/site-packages/flask_restful/__init__.py", line 582, in dispatch_request
2023-02-15 15:41:29.171 39 ERROR keystone.server.flask.application     resp = meth(*args, **kwargs)
2023-02-15 15:41:29.171 39 ERROR keystone.server.flask.application   File "/var/lib/kolla/venv/lib/python3.9/site-packages/keystone/api/projects.py", line 151, in get
2023-02-15 15:41:29.171 39 ERROR keystone.server.flask.application     return self._get_project(project_id)
2023-02-15 15:41:29.171 39 ERROR keystone.server.flask.application   File "/var/lib/kolla/venv/lib/python3.9/site-packages/keystone/api/projects.py", line 107, in _get_project
2023-02-15 15:41:29.171 39 ERROR keystone.server.flask.application     project = PROVIDERS.resource_api.get_project(project_id)
2023-02-15 15:41:29.171 39 ERROR keystone.server.flask.application   File "/var/lib/kolla/venv/lib/python3.9/site-packages/keystone/common/manager.py", line 115, in wrapped
2023-02-15 15:41:29.171 39 ERROR keystone.server.flask.application     __ret_val = __f(*args, **kwargs)
2023-02-15 15:41:29.171 39 ERROR keystone.server.flask.application   File "/var/lib/kolla/venv/lib/python3.9/site-packages/decorator.py", line 232, in fun
2023-02-15 15:41:29.171 39 ERROR keystone.server.flask.application     return caller(func, *(extras + args), **kw)
2023-02-15 15:41:29.171 39 ERROR keystone.server.flask.application   File "/var/lib/kolla/venv/lib/python3.9/site-packages/dogpile/cache/region.py", line 1577, in get_or_create_for_user_func
2023-02-15 15:41:29.171 39 ERROR keystone.server.flask.application     return self.get_or_create(
2023-02-15 15:41:29.171 39 ERROR keystone.server.flask.application   File "/var/lib/kolla/venv/lib/python3.9/site-packages/dogpile/cache/region.py", line 1042, in get_or_create
2023-02-15 15:41:29.171 39 ERROR keystone.server.flask.application     with Lock(
2023-02-15 15:41:29.171 39 ERROR keystone.server.flask.application   File "/var/lib/kolla/venv/lib/python3.9/site-packages/dogpile/lock.py", line 185, in __enter__
2023-02-15 15:41:29.171 39 ERROR keystone.server.flask.application     return self._enter()
2023-02-15 15:41:29.171 39 ERROR keystone.server.flask.application   File "/var/lib/kolla/venv/lib/python3.9/site-packages/dogpile/lock.py", line 94, in _enter
2023-02-15 15:41:29.171 39 ERROR keystone.server.flask.application     generated = self._enter_create(value, createdtime)
2023-02-15 15:41:29.171 39 ERROR keystone.server.flask.application   File "/var/lib/kolla/venv/lib/python3.9/site-packages/dogpile/lock.py", line 178, in _enter_create
2023-02-15 15:41:29.171 39 ERROR keystone.server.flask.application     return self.creator()
2023-02-15 15:41:29.171 39 ERROR keystone.server.flask.application   File "/var/lib/kolla/venv/lib/python3.9/site-packages/dogpile/cache/region.py", line 995, in gen_value
2023-02-15 15:41:29.171 39 ERROR keystone.server.flask.application     created_value = creator(
2023-02-15 15:41:29.171 39 ERROR keystone.server.flask.application   File "/var/lib/kolla/venv/lib/python3.9/site-packages/keystone/resource/core.py", line 903, in get_project
2023-02-15 15:41:29.171 39 ERROR keystone.server.flask.application     return self.driver.get_project(project_id)
2023-02-15 15:41:29.171 39 ERROR keystone.server.flask.application   File "/var/lib/kolla/venv/lib/python3.9/site-packages/keystone/resource/backends/sql.py", line 49, in get_project
2023-02-15 15:41:29.171 39 ERROR keystone.server.flask.application     return self._get_project(session, project_id).to_dict()
2023-02-15 15:41:29.171 39 ERROR keystone.server.flask.application   File "/var/lib/kolla/venv/lib/python3.9/site-packages/keystone/resource/backends/sql.py", line 44, in _get_project
2023-02-15 15:41:29.171 39 ERROR keystone.server.flask.application     raise exception.ProjectNotFound(project_id=project_id)
2023-02-15 15:41:29.171 39 ERROR keystone.server.flask.application keystone.exception.ProjectNotFound: Could not find project: service.
2023-02-15 15:41:29.171 39 ERROR keystone.server.flask.application 
