- - - [14/Mar/2023:19:54:15 -0400] "GET / HTTP/1.1" 200 468 4814014 "-" "ironic-inspector keystoneauth1/5.1.0 python-requests/2.28.1 CPython/3.9.14"
- - - [14/Mar/2023:19:54:20 -0400] "GET /v1/ports?fields=address%2Cextra HTTP/1.1" 200 13 5907943 "-" "ironic-inspector keystoneauth1/5.1.0 python-requests/2.28.1 CPython/3.9.14"
- - - [14/Mar/2023:19:54:26 -0400] "GET /v1/ports?fields=address%2Cextra HTTP/1.1" 200 13 5822219 "-" "ironic-inspector keystoneauth1/5.1.0 python-requests/2.28.1 CPython/3.9.14"
- - - [14/Mar/2023:19:54:47 -0400] "GET /v1/ports?fields=address%2Cextra HTTP/1.1" 200 13 1569593 "-" "ironic-inspector keystoneauth1/5.1.0 python-requests/2.28.1 CPython/3.9.14"
- - - [14/Mar/2023:19:54:48 -0400] "GET /v1/ports?fields=address%2Cextra HTTP/1.1" 200 13 519147 "-" "ironic-inspector keystoneauth1/5.1.0 python-requests/2.28.1 CPython/3.9.14"
- - - [14/Mar/2023:19:55:02 -0400] "GET /v1/ports?fields=address%2Cextra HTTP/1.1" 200 13 656670 "-" "ironic-inspector keystoneauth1/5.1.0 python-requests/2.28.1 CPython/3.9.14"
- - - [14/Mar/2023:19:55:02 -0400] "GET /v1/ports?fields=address%2Cextra HTTP/1.1" 200 13 525181 "-" "ironic-inspector keystoneauth1/5.1.0 python-requests/2.28.1 CPython/3.9.14"
- - - [14/Mar/2023:19:55:17 -0400] "GET /v1/ports?fields=address%2Cextra HTTP/1.1" 200 13 512633 "-" "ironic-inspector keystoneauth1/5.1.0 python-requests/2.28.1 CPython/3.9.14"
- - - [14/Mar/2023:19:55:17 -0400] "GET /v1/ports?fields=address%2Cextra HTTP/1.1" 200 13 570914 "-" "ironic-inspector keystoneauth1/5.1.0 python-requests/2.28.1 CPython/3.9.14"
- - - [14/Mar/2023:19:55:32 -0400] "GET /v1/nodes?fields=uuid HTTP/1.1" 200 13 626542 "-" "ironic-inspector keystoneauth1/5.1.0 python-requests/2.28.1 CPython/3.9.14"
- - - [14/Mar/2023:19:55:32 -0400] "GET /v1/ports?fields=address%2Cextra HTTP/1.1" 200 13 700689 "-" "ironic-inspector keystoneauth1/5.1.0 python-requests/2.28.1 CPython/3.9.14"
- - - [14/Mar/2023:19:55:32 -0400] "GET /v1/ports?fields=address%2Cextra HTTP/1.1" 200 13 418372 "-" "ironic-inspector keystoneauth1/5.1.0 python-requests/2.28.1 CPython/3.9.14"
- - - [14/Mar/2023:19:55:47 -0400] "GET /v1/ports?fields=address%2Cextra HTTP/1.1" 200 13 379863 "-" "ironic-inspector keystoneauth1/5.1.0 python-requests/2.28.1 CPython/3.9.14"
- - - [14/Mar/2023:19:55:47 -0400] "GET /v1/ports?fields=address%2Cextra HTTP/1.1" 200 13 430505 "-" "ironic-inspector keystoneauth1/5.1.0 python-requests/2.28.1 CPython/3.9.14"
- - - [14/Mar/2023:19:56:02 -0400] "GET /v1/ports?fields=address%2Cextra HTTP/1.1" 200 13 524181 "-" "ironic-inspector keystoneauth1/5.1.0 python-requests/2.28.1 CPython/3.9.14"
- - - [14/Mar/2023:19:56:02 -0400] "GET /v1/ports?fields=address%2Cextra HTTP/1.1" 200 13 430692 "-" "ironic-inspector keystoneauth1/5.1.0 python-requests/2.28.1 CPython/3.9.14"
- - - [14/Mar/2023:19:56:17 -0400] "GET /v1/ports?fields=address%2Cextra HTTP/1.1" 200 13 650469 "-" "ironic-inspector keystoneauth1/5.1.0 python-requests/2.28.1 CPython/3.9.14"
- - - [14/Mar/2023:19:56:17 -0400] "GET /v1/ports?fields=address%2Cextra HTTP/1.1" 200 13 396505 "-" "ironic-inspector keystoneauth1/5.1.0 python-requests/2.28.1 CPython/3.9.14"
- - - [14/Mar/2023:19:56:32 -0400] "GET /v1/ports?fields=address%2Cextra HTTP/1.1" 200 13 463354 "-" "ironic-inspector keystoneauth1/5.1.0 python-requests/2.28.1 CPython/3.9.14"
- - - [14/Mar/2023:19:56:32 -0400] "GET /v1/nodes?fields=uuid HTTP/1.1" 200 13 549190 "-" "ironic-inspector keystoneauth1/5.1.0 python-requests/2.28.1 CPython/3.9.14"
- - - [14/Mar/2023:19:56:32 -0400] "GET /v1/ports?fields=address%2Cextra HTTP/1.1" 200 13 512039 "-" "ironic-inspector keystoneauth1/5.1.0 python-requests/2.28.1 CPython/3.9.14"
- - - [14/Mar/2023:19:56:47 -0400] "GET /v1/ports?fields=address%2Cextra HTTP/1.1" 200 13 452682 "-" "ironic-inspector keystoneauth1/5.1.0 python-requests/2.28.1 CPython/3.9.14"
- - - [14/Mar/2023:19:56:47 -0400] "GET /v1/ports?fields=address%2Cextra HTTP/1.1" 200 13 379568 "-" "ironic-inspector keystoneauth1/5.1.0 python-requests/2.28.1 CPython/3.9.14"
- - - [14/Mar/2023:19:57:02 -0400] "GET /v1/ports?fields=address%2Cextra HTTP/1.1" 200 13 428694 "-" "ironic-inspector keystoneauth1/5.1.0 python-requests/2.28.1 CPython/3.9.14"
- - - [14/Mar/2023:19:57:02 -0400] "GET /v1/ports?fields=address%2Cextra HTTP/1.1" 200 13 398940 "-" "ironic-inspector keystoneauth1/5.1.0 python-requests/2.28.1 CPython/3.9.14"
- - - [14/Mar/2023:19:57:17 -0400] "GET /v1/ports?fields=address%2Cextra HTTP/1.1" 200 13 713465 "-" "ironic-inspector keystoneauth1/5.1.0 python-requests/2.28.1 CPython/3.9.14"
- - - [14/Mar/2023:19:57:17 -0400] "GET /v1/ports?fields=address%2Cextra HTTP/1.1" 200 13 596179 "-" "ironic-inspector keystoneauth1/5.1.0 python-requests/2.28.1 CPython/3.9.14"
- - - [14/Mar/2023:19:57:32 -0400] "GET /v1/ports?fields=address%2Cextra HTTP/1.1" 200 13 983429 "-" "ironic-inspector keystoneauth1/5.1.0 python-requests/2.28.1 CPython/3.9.14"
- - - [14/Mar/2023:19:57:32 -0400] "GET /v1/nodes?fields=uuid HTTP/1.1" 200 13 1324775 "-" "ironic-inspector keystoneauth1/5.1.0 python-requests/2.28.1 CPython/3.9.14"
- - - [14/Mar/2023:19:57:33 -0400] "GET /v1/ports?fields=address%2Cextra HTTP/1.1" 200 13 742758 "-" "ironic-inspector keystoneauth1/5.1.0 python-requests/2.28.1 CPython/3.9.14"
- - - [14/Mar/2023:19:57:47 -0400] "GET /v1/ports?fields=address%2Cextra HTTP/1.1" 200 13 492879 "-" "ironic-inspector keystoneauth1/5.1.0 python-requests/2.28.1 CPython/3.9.14"
- - - [14/Mar/2023:19:57:47 -0400] "GET /v1/ports?fields=address%2Cextra HTTP/1.1" 200 13 575582 "-" "ironic-inspector keystoneauth1/5.1.0 python-requests/2.28.1 CPython/3.9.14"
- - - [14/Mar/2023:19:58:02 -0400] "GET /v1/ports?fields=address%2Cextra HTTP/1.1" 200 13 395411 "-" "ironic-inspector keystoneauth1/5.1.0 python-requests/2.28.1 CPython/3.9.14"
- - - [14/Mar/2023:19:58:02 -0400] "GET /v1/ports?fields=address%2Cextra HTTP/1.1" 200 13 425415 "-" "ironic-inspector keystoneauth1/5.1.0 python-requests/2.28.1 CPython/3.9.14"
- - - [14/Mar/2023:19:58:17 -0400] "GET /v1/ports?fields=address%2Cextra HTTP/1.1" 200 13 438772 "-" "ironic-inspector keystoneauth1/5.1.0 python-requests/2.28.1 CPython/3.9.14"
- - - [14/Mar/2023:19:58:17 -0400] "GET /v1/ports?fields=address%2Cextra HTTP/1.1" 200 13 474108 "-" "ironic-inspector keystoneauth1/5.1.0 python-requests/2.28.1 CPython/3.9.14"
- - - [14/Mar/2023:19:58:32 -0400] "GET /v1/nodes?fields=uuid HTTP/1.1" 200 13 481866 "-" "ironic-inspector keystoneauth1/5.1.0 python-requests/2.28.1 CPython/3.9.14"
- - - [14/Mar/2023:19:58:32 -0400] "GET /v1/ports?fields=address%2Cextra HTTP/1.1" 200 13 446663 "-" "ironic-inspector keystoneauth1/5.1.0 python-requests/2.28.1 CPython/3.9.14"
- - - [14/Mar/2023:19:58:32 -0400] "GET /v1/ports?fields=address%2Cextra HTTP/1.1" 200 13 400463 "-" "ironic-inspector keystoneauth1/5.1.0 python-requests/2.28.1 CPython/3.9.14"
- - - [14/Mar/2023:19:58:47 -0400] "GET /v1/ports?fields=address%2Cextra HTTP/1.1" 200 13 457460 "-" "ironic-inspector keystoneauth1/5.1.0 python-requests/2.28.1 CPython/3.9.14"
- - - [14/Mar/2023:19:58:47 -0400] "GET /v1/ports?fields=address%2Cextra HTTP/1.1" 200 13 442835 "-" "ironic-inspector keystoneauth1/5.1.0 python-requests/2.28.1 CPython/3.9.14"
- - - [14/Mar/2023:19:59:02 -0400] "GET /v1/ports?fields=address%2Cextra HTTP/1.1" 200 13 468811 "-" "ironic-inspector keystoneauth1/5.1.0 python-requests/2.28.1 CPython/3.9.14"
- - - [14/Mar/2023:19:59:02 -0400] "GET /v1/ports?fields=address%2Cextra HTTP/1.1" 200 13 555435 "-" "ironic-inspector keystoneauth1/5.1.0 python-requests/2.28.1 CPython/3.9.14"
- - - [14/Mar/2023:19:59:17 -0400] "GET /v1/ports?fields=address%2Cextra HTTP/1.1" 200 13 493690 "-" "ironic-inspector keystoneauth1/5.1.0 python-requests/2.28.1 CPython/3.9.14"
- - - [14/Mar/2023:19:59:17 -0400] "GET /v1/ports?fields=address%2Cextra HTTP/1.1" 200 13 447636 "-" "ironic-inspector keystoneauth1/5.1.0 python-requests/2.28.1 CPython/3.9.14"
- - - [14/Mar/2023:19:59:32 -0400] "GET /v1/nodes?fields=uuid HTTP/1.1" 200 13 516857 "-" "ironic-inspector keystoneauth1/5.1.0 python-requests/2.28.1 CPython/3.9.14"
- - - [14/Mar/2023:19:59:32 -0400] "GET /v1/ports?fields=address%2Cextra HTTP/1.1" 200 13 479035 "-" "ironic-inspector keystoneauth1/5.1.0 python-requests/2.28.1 CPython/3.9.14"
- - - [14/Mar/2023:19:59:32 -0400] "GET /v1/ports?fields=address%2Cextra HTTP/1.1" 200 13 406653 "-" "ironic-inspector keystoneauth1/5.1.0 python-requests/2.28.1 CPython/3.9.14"
- - - [14/Mar/2023:19:59:47 -0400] "GET /v1/ports?fields=address%2Cextra HTTP/1.1" 200 13 465421 "-" "ironic-inspector keystoneauth1/5.1.0 python-requests/2.28.1 CPython/3.9.14"
- - - [14/Mar/2023:19:59:47 -0400] "GET /v1/ports?fields=address%2Cextra HTTP/1.1" 200 13 615118 "-" "ironic-inspector keystoneauth1/5.1.0 python-requests/2.28.1 CPython/3.9.14"
- - - [14/Mar/2023:20:00:02 -0400] "GET /v1/ports?fields=address%2Cextra HTTP/1.1" 200 13 445648 "-" "ironic-inspector keystoneauth1/5.1.0 python-requests/2.28.1 CPython/3.9.14"
- - - [14/Mar/2023:20:00:02 -0400] "GET /v1/ports?fields=address%2Cextra HTTP/1.1" 200 13 412821 "-" "ironic-inspector keystoneauth1/5.1.0 python-requests/2.28.1 CPython/3.9.14"
- - - [14/Mar/2023:20:00:17 -0400] "GET /v1/ports?fields=address%2Cextra HTTP/1.1" 200 13 415812 "-" "ironic-inspector keystoneauth1/5.1.0 python-requests/2.28.1 CPython/3.9.14"
- - - [14/Mar/2023:20:00:17 -0400] "GET /v1/ports?fields=address%2Cextra HTTP/1.1" 200 13 414540 "-" "ironic-inspector keystoneauth1/5.1.0 python-requests/2.28.1 CPython/3.9.14"
- - - [14/Mar/2023:20:00:32 -0400] "GET /v1/nodes?fields=uuid HTTP/1.1" 200 13 441997 "-" "ironic-inspector keystoneauth1/5.1.0 python-requests/2.28.1 CPython/3.9.14"
- - - [14/Mar/2023:20:00:32 -0400] "GET /v1/ports?fields=address%2Cextra HTTP/1.1" 200 13 410801 "-" "ironic-inspector keystoneauth1/5.1.0 python-requests/2.28.1 CPython/3.9.14"
- - - [14/Mar/2023:20:00:32 -0400] "GET /v1/ports?fields=address%2Cextra HTTP/1.1" 200 13 411409 "-" "ironic-inspector keystoneauth1/5.1.0 python-requests/2.28.1 CPython/3.9.14"
- - - [14/Mar/2023:20:00:47 -0400] "GET /v1/ports?fields=address%2Cextra HTTP/1.1" 200 13 455845 "-" "ironic-inspector keystoneauth1/5.1.0 python-requests/2.28.1 CPython/3.9.14"
- - - [14/Mar/2023:20:00:47 -0400] "GET /v1/ports?fields=address%2Cextra HTTP/1.1" 200 13 584336 "-" "ironic-inspector keystoneauth1/5.1.0 python-requests/2.28.1 CPython/3.9.14"
- - - [14/Mar/2023:20:01:02 -0400] "GET /v1/ports?fields=address%2Cextra HTTP/1.1" 200 13 439465 "-" "ironic-inspector keystoneauth1/5.1.0 python-requests/2.28.1 CPython/3.9.14"
- - - [14/Mar/2023:20:01:02 -0400] "GET /v1/ports?fields=address%2Cextra HTTP/1.1" 200 13 419892 "-" "ironic-inspector keystoneauth1/5.1.0 python-requests/2.28.1 CPython/3.9.14"
- - - [14/Mar/2023:20:01:17 -0400] "GET /v1/ports?fields=address%2Cextra HTTP/1.1" 200 13 461720 "-" "ironic-inspector keystoneauth1/5.1.0 python-requests/2.28.1 CPython/3.9.14"
- - - [14/Mar/2023:20:01:17 -0400] "GET /v1/ports?fields=address%2Cextra HTTP/1.1" 200 13 399189 "-" "ironic-inspector keystoneauth1/5.1.0 python-requests/2.28.1 CPython/3.9.14"
- - - [14/Mar/2023:20:01:32 -0400] "GET /v1/ports?fields=address%2Cextra HTTP/1.1" 200 13 492567 "-" "ironic-inspector keystoneauth1/5.1.0 python-requests/2.28.1 CPython/3.9.14"
- - - [14/Mar/2023:20:01:32 -0400] "GET /v1/nodes?fields=uuid HTTP/1.1" 200 13 601044 "-" "ironic-inspector keystoneauth1/5.1.0 python-requests/2.28.1 CPython/3.9.14"
- - - [14/Mar/2023:20:01:32 -0400] "GET /v1/ports?fields=address%2Cextra HTTP/1.1" 200 13 469752 "-" "ironic-inspector keystoneauth1/5.1.0 python-requests/2.28.1 CPython/3.9.14"
- - - [14/Mar/2023:20:01:47 -0400] "GET /v1/ports?fields=address%2Cextra HTTP/1.1" 200 13 448669 "-" "ironic-inspector keystoneauth1/5.1.0 python-requests/2.28.1 CPython/3.9.14"
- - - [14/Mar/2023:20:01:47 -0400] "GET /v1/ports?fields=address%2Cextra HTTP/1.1" 200 13 528039 "-" "ironic-inspector keystoneauth1/5.1.0 python-requests/2.28.1 CPython/3.9.14"
- - - [14/Mar/2023:20:02:02 -0400] "GET /v1/ports?fields=address%2Cextra HTTP/1.1" 200 13 722616 "-" "ironic-inspector keystoneauth1/5.1.0 python-requests/2.28.1 CPython/3.9.14"
- - - [14/Mar/2023:20:02:03 -0400] "GET /v1/ports?fields=address%2Cextra HTTP/1.1" 200 13 554440 "-" "ironic-inspector keystoneauth1/5.1.0 python-requests/2.28.1 CPython/3.9.14"
- - - [14/Mar/2023:20:02:17 -0400] "GET /v1/ports?fields=address%2Cextra HTTP/1.1" 200 13 477903 "-" "ironic-inspector keystoneauth1/5.1.0 python-requests/2.28.1 CPython/3.9.14"
- - - [14/Mar/2023:20:02:17 -0400] "GET /v1/ports?fields=address%2Cextra HTTP/1.1" 200 13 610692 "-" "ironic-inspector keystoneauth1/5.1.0 python-requests/2.28.1 CPython/3.9.14"
- - - [14/Mar/2023:20:02:32 -0400] "GET /v1/nodes?fields=uuid HTTP/1.1" 200 13 633575 "-" "ironic-inspector keystoneauth1/5.1.0 python-requests/2.28.1 CPython/3.9.14"
- - - [14/Mar/2023:20:02:32 -0400] "GET /v1/ports?fields=address%2Cextra HTTP/1.1" 200 13 667793 "-" "ironic-inspector keystoneauth1/5.1.0 python-requests/2.28.1 CPython/3.9.14"
- - - [14/Mar/2023:20:02:32 -0400] "GET /v1/ports?fields=address%2Cextra HTTP/1.1" 200 13 596918 "-" "ironic-inspector keystoneauth1/5.1.0 python-requests/2.28.1 CPython/3.9.14"
- - - [14/Mar/2023:20:02:47 -0400] "GET /v1/ports?fields=address%2Cextra HTTP/1.1" 200 13 559201 "-" "ironic-inspector keystoneauth1/5.1.0 python-requests/2.28.1 CPython/3.9.14"
- - - [14/Mar/2023:20:02:47 -0400] "GET /v1/ports?fields=address%2Cextra HTTP/1.1" 200 13 428778 "-" "ironic-inspector keystoneauth1/5.1.0 python-requests/2.28.1 CPython/3.9.14"
- - - [14/Mar/2023:20:03:02 -0400] "GET /v1/ports?fields=address%2Cextra HTTP/1.1" 200 13 620910 "-" "ironic-inspector keystoneauth1/5.1.0 python-requests/2.28.1 CPython/3.9.14"
- - - [14/Mar/2023:20:03:02 -0400] "GET /v1/ports?fields=address%2Cextra HTTP/1.1" 200 13 584368 "-" "ironic-inspector keystoneauth1/5.1.0 python-requests/2.28.1 CPython/3.9.14"
- - - [14/Mar/2023:20:03:17 -0400] "GET /v1/ports?fields=address%2Cextra HTTP/1.1" 200 13 618668 "-" "ironic-inspector keystoneauth1/5.1.0 python-requests/2.28.1 CPython/3.9.14"
- - - [14/Mar/2023:20:03:17 -0400] "GET /v1/ports?fields=address%2Cextra HTTP/1.1" 200 13 697596 "-" "ironic-inspector keystoneauth1/5.1.0 python-requests/2.28.1 CPython/3.9.14"
- - - [14/Mar/2023:20:03:32 -0400] "GET /v1/nodes?fields=uuid HTTP/1.1" 200 13 631731 "-" "ironic-inspector keystoneauth1/5.1.0 python-requests/2.28.1 CPython/3.9.14"
- - - [14/Mar/2023:20:03:32 -0400] "GET /v1/ports?fields=address%2Cextra HTTP/1.1" 200 13 607976 "-" "ironic-inspector keystoneauth1/5.1.0 python-requests/2.28.1 CPython/3.9.14"
- - - [14/Mar/2023:20:03:32 -0400] "GET /v1/ports?fields=address%2Cextra HTTP/1.1" 200 13 662364 "-" "ironic-inspector keystoneauth1/5.1.0 python-requests/2.28.1 CPython/3.9.14"
- - - [14/Mar/2023:20:03:47 -0400] "GET /v1/ports?fields=address%2Cextra HTTP/1.1" 200 13 596851 "-" "ironic-inspector keystoneauth1/5.1.0 python-requests/2.28.1 CPython/3.9.14"
- - - [14/Mar/2023:20:03:47 -0400] "GET /v1/ports?fields=address%2Cextra HTTP/1.1" 200 13 520806 "-" "ironic-inspector keystoneauth1/5.1.0 python-requests/2.28.1 CPython/3.9.14"
- - - [14/Mar/2023:20:04:02 -0400] "GET /v1/ports?fields=address%2Cextra HTTP/1.1" 200 13 660116 "-" "ironic-inspector keystoneauth1/5.1.0 python-requests/2.28.1 CPython/3.9.14"
- - - [14/Mar/2023:20:04:03 -0400] "GET /v1/ports?fields=address%2Cextra HTTP/1.1" 200 13 602530 "-" "ironic-inspector keystoneauth1/5.1.0 python-requests/2.28.1 CPython/3.9.14"
- - - [14/Mar/2023:20:04:17 -0400] "GET /v1/ports?fields=address%2Cextra HTTP/1.1" 200 13 595015 "-" "ironic-inspector keystoneauth1/5.1.0 python-requests/2.28.1 CPython/3.9.14"
- - - [14/Mar/2023:20:04:17 -0400] "GET /v1/ports?fields=address%2Cextra HTTP/1.1" 200 13 559645 "-" "ironic-inspector keystoneauth1/5.1.0 python-requests/2.28.1 CPython/3.9.14"
- - - [14/Mar/2023:20:04:32 -0400] "GET /v1/nodes?fields=uuid HTTP/1.1" 200 13 703676 "-" "ironic-inspector keystoneauth1/5.1.0 python-requests/2.28.1 CPython/3.9.14"
- - - [14/Mar/2023:20:04:32 -0400] "GET /v1/ports?fields=address%2Cextra HTTP/1.1" 200 13 716385 "-" "ironic-inspector keystoneauth1/5.1.0 python-requests/2.28.1 CPython/3.9.14"
- - - [14/Mar/2023:20:04:33 -0400] "GET /v1/ports?fields=address%2Cextra HTTP/1.1" 200 13 582115 "-" "ironic-inspector keystoneauth1/5.1.0 python-requests/2.28.1 CPython/3.9.14"
- - - [14/Mar/2023:20:04:47 -0400] "GET /v1/ports?fields=address%2Cextra HTTP/1.1" 200 13 521251 "-" "ironic-inspector keystoneauth1/5.1.0 python-requests/2.28.1 CPython/3.9.14"
- - - [14/Mar/2023:20:04:47 -0400] "GET /v1/ports?fields=address%2Cextra HTTP/1.1" 200 13 493490 "-" "ironic-inspector keystoneauth1/5.1.0 python-requests/2.28.1 CPython/3.9.14"
- - - [14/Mar/2023:20:05:02 -0400] "GET /v1/ports?fields=address%2Cextra HTTP/1.1" 200 13 480319 "-" "ironic-inspector keystoneauth1/5.1.0 python-requests/2.28.1 CPython/3.9.14"
- - - [14/Mar/2023:20:05:02 -0400] "GET /v1/ports?fields=address%2Cextra HTTP/1.1" 200 13 490147 "-" "ironic-inspector keystoneauth1/5.1.0 python-requests/2.28.1 CPython/3.9.14"
- - - [14/Mar/2023:20:05:17 -0400] "GET /v1/ports?fields=address%2Cextra HTTP/1.1" 200 13 543373 "-" "ironic-inspector keystoneauth1/5.1.0 python-requests/2.28.1 CPython/3.9.14"
- - - [14/Mar/2023:20:05:17 -0400] "GET /v1/ports?fields=address%2Cextra HTTP/1.1" 200 13 545125 "-" "ironic-inspector keystoneauth1/5.1.0 python-requests/2.28.1 CPython/3.9.14"
- - - [14/Mar/2023:20:05:32 -0400] "GET /v1/ports?fields=address%2Cextra HTTP/1.1" 200 13 554901 "-" "ironic-inspector keystoneauth1/5.1.0 python-requests/2.28.1 CPython/3.9.14"
- - - [14/Mar/2023:20:05:32 -0400] "GET /v1/nodes?fields=uuid HTTP/1.1" 200 13 646696 "-" "ironic-inspector keystoneauth1/5.1.0 python-requests/2.28.1 CPython/3.9.14"
- - - [14/Mar/2023:20:05:32 -0400] "GET /v1/ports?fields=address%2Cextra HTTP/1.1" 200 13 474612 "-" "ironic-inspector keystoneauth1/5.1.0 python-requests/2.28.1 CPython/3.9.14"
- - - [14/Mar/2023:20:05:47 -0400] "GET /v1/ports?fields=address%2Cextra HTTP/1.1" 200 13 499388 "-" "ironic-inspector keystoneauth1/5.1.0 python-requests/2.28.1 CPython/3.9.14"
- - - [14/Mar/2023:20:05:47 -0400] "GET /v1/ports?fields=address%2Cextra HTTP/1.1" 200 13 429149 "-" "ironic-inspector keystoneauth1/5.1.0 python-requests/2.28.1 CPython/3.9.14"
- - - [14/Mar/2023:20:06:02 -0400] "GET /v1/ports?fields=address%2Cextra HTTP/1.1" 200 13 474836 "-" "ironic-inspector keystoneauth1/5.1.0 python-requests/2.28.1 CPython/3.9.14"
- - - [14/Mar/2023:20:06:02 -0400] "GET /v1/ports?fields=address%2Cextra HTTP/1.1" 200 13 487582 "-" "ironic-inspector keystoneauth1/5.1.0 python-requests/2.28.1 CPython/3.9.14"
- - - [14/Mar/2023:20:06:17 -0400] "GET /v1/ports?fields=address%2Cextra HTTP/1.1" 200 13 476056 "-" "ironic-inspector keystoneauth1/5.1.0 python-requests/2.28.1 CPython/3.9.14"
- - - [14/Mar/2023:20:06:17 -0400] "GET /v1/ports?fields=address%2Cextra HTTP/1.1" 200 13 548059 "-" "ironic-inspector keystoneauth1/5.1.0 python-requests/2.28.1 CPython/3.9.14"
- - - [14/Mar/2023:20:06:32 -0400] "GET /v1/nodes?fields=uuid HTTP/1.1" 200 13 507343 "-" "ironic-inspector keystoneauth1/5.1.0 python-requests/2.28.1 CPython/3.9.14"
- - - [14/Mar/2023:20:06:32 -0400] "GET /v1/ports?fields=address%2Cextra HTTP/1.1" 200 13 453229 "-" "ironic-inspector keystoneauth1/5.1.0 python-requests/2.28.1 CPython/3.9.14"
- - - [14/Mar/2023:20:06:32 -0400] "GET /v1/ports?fields=address%2Cextra HTTP/1.1" 200 13 454203 "-" "ironic-inspector keystoneauth1/5.1.0 python-requests/2.28.1 CPython/3.9.14"
- - - [14/Mar/2023:20:06:47 -0400] "GET /v1/ports?fields=address%2Cextra HTTP/1.1" 200 13 437383 "-" "ironic-inspector keystoneauth1/5.1.0 python-requests/2.28.1 CPython/3.9.14"
- - - [14/Mar/2023:20:06:47 -0400] "GET /v1/ports?fields=address%2Cextra HTTP/1.1" 200 13 470199 "-" "ironic-inspector keystoneauth1/5.1.0 python-requests/2.28.1 CPython/3.9.14"
- - - [14/Mar/2023:20:07:02 -0400] "GET /v1/ports?fields=address%2Cextra HTTP/1.1" 200 13 430783 "-" "ironic-inspector keystoneauth1/5.1.0 python-requests/2.28.1 CPython/3.9.14"
- - - [14/Mar/2023:20:07:02 -0400] "GET /v1/ports?fields=address%2Cextra HTTP/1.1" 200 13 376674 "-" "ironic-inspector keystoneauth1/5.1.0 python-requests/2.28.1 CPython/3.9.14"
- - - [14/Mar/2023:20:07:17 -0400] "GET /v1/ports?fields=address%2Cextra HTTP/1.1" 200 13 12180720 "-" "ironic-inspector keystoneauth1/5.1.0 python-requests/2.28.1 CPython/3.9.14"
- - - [14/Mar/2023:20:07:29 -0400] "GET /v1/ports?fields=address%2Cextra HTTP/1.1" 200 13 6371664 "-" "ironic-inspector keystoneauth1/5.1.0 python-requests/2.28.1 CPython/3.9.14"
- - - [14/Mar/2023:20:07:54 -0400] "GET /v1/ports?fields=address%2Cextra HTTP/1.1" 200 13 6779516 "-" "ironic-inspector keystoneauth1/5.1.0 python-requests/2.28.1 CPython/3.9.14"
- - - [14/Mar/2023:20:08:01 -0400] "GET /v1/ports?fields=address%2Cextra HTTP/1.1" 200 13 6836125 "-" "ironic-inspector keystoneauth1/5.1.0 python-requests/2.28.1 CPython/3.9.14"
- - - [14/Mar/2023:20:08:09 -0400] "GET /v1/ports?fields=address%2Cextra HTTP/1.1" 200 13 7743009 "-" "ironic-inspector keystoneauth1/5.1.0 python-requests/2.28.1 CPython/3.9.14"
- - - [14/Mar/2023:20:08:17 -0400] "GET /v1/ports?fields=address%2Cextra HTTP/1.1" 200 13 648512 "-" "ironic-inspector keystoneauth1/5.1.0 python-requests/2.28.1 CPython/3.9.14"
- - - [14/Mar/2023:20:08:20 -0400] "POST /v1/nodes HTTP/1.1" 201 2655 765151 "-" "python-ironicclient"
- - - [14/Mar/2023:20:08:24 -0400] "GET /v1/ports?fields=address%2Cextra HTTP/1.1" 200 13 517178 "-" "ironic-inspector keystoneauth1/5.1.0 python-requests/2.28.1 CPython/3.9.14"
- - - [14/Mar/2023:20:08:24 -0400] "GET /v1/nodes HTTP/1.1" 200 380 855209 "-" "python-ironicclient"
- - - [14/Mar/2023:20:08:24 -0400] "GET /v1/ports?fields=address%2Cextra HTTP/1.1" 200 13 544923 "-" "ironic-inspector keystoneauth1/5.1.0 python-requests/2.28.1 CPython/3.9.14"
- - - [14/Mar/2023:20:08:28 -0400] "PATCH /v1/nodes/3f208940-baf9-4663-8f9a-06c10073d459 HTTP/1.1" 200 3129 967334 "-" "python-ironicclient"
- - - [14/Mar/2023:20:08:32 -0400] "GET /v1/nodes?fields=uuid HTTP/1.1" 200 271 558794 "-" "ironic-inspector keystoneauth1/5.1.0 python-requests/2.28.1 CPython/3.9.14"
- - - [14/Mar/2023:20:08:32 -0400] "POST /v1/ports HTTP/1.1" 201 562 1003488 "-" "python-ironicclient"
- - - [14/Mar/2023:20:08:36 -0400] "PUT /v1/nodes/3f208940-baf9-4663-8f9a-06c10073d459/states/provision HTTP/1.1" 202 - 615079 "-" "python-ironicclient"
- - - [14/Mar/2023:20:08:39 -0400] "GET /v1/ports?fields=address%2Cextra HTTP/1.1" 200 268 694030 "-" "ironic-inspector keystoneauth1/5.1.0 python-requests/2.28.1 CPython/3.9.14"
- - - [14/Mar/2023:20:08:40 -0400] "GET /v1/ports?fields=address%2Cextra HTTP/1.1" 200 268 556679 "-" "ironic-inspector keystoneauth1/5.1.0 python-requests/2.28.1 CPython/3.9.14"
- - - [14/Mar/2023:20:08:50 -0400] "PUT /v1/nodes/3f208940-baf9-4663-8f9a-06c10073d459/states/provision HTTP/1.1" 202 - 621342 "-" "python-ironicclient"
- - - [14/Mar/2023:20:08:54 -0400] "PUT /v1/nodes/3f208940-baf9-4663-8f9a-06c10073d459/states/power HTTP/1.1" 202 - 944276 "-" "python-ironicclient"
- - - [14/Mar/2023:20:08:54 -0400] "GET /v1/ports?fields=address%2Cextra HTTP/1.1" 200 268 773952 "-" "ironic-inspector keystoneauth1/5.1.0 python-requests/2.28.1 CPython/3.9.14"
- - - [14/Mar/2023:20:08:55 -0400] "GET /v1/ports?fields=address%2Cextra HTTP/1.1" 200 268 564430 "-" "ironic-inspector keystoneauth1/5.1.0 python-requests/2.28.1 CPython/3.9.14"
- - - [14/Mar/2023:20:09:09 -0400] "GET /v1/ports?fields=address%2Cextra HTTP/1.1" 200 268 669082 "-" "ironic-inspector keystoneauth1/5.1.0 python-requests/2.28.1 CPython/3.9.14"
- - - [14/Mar/2023:20:09:10 -0400] "GET /v1/ports?fields=address%2Cextra HTTP/1.1" 200 268 558851 "-" "ironic-inspector keystoneauth1/5.1.0 python-requests/2.28.1 CPython/3.9.14"
- - - [14/Mar/2023:20:09:20 -0400] "GET /v1/nodes HTTP/1.1" 200 369 757744 "-" "python-urllib3/1.26.5"
- - - [14/Mar/2023:20:09:21 -0400] "GET /v1/nodes?provision_state=available&associated=False&maintenance=False&fields=uuid%2Cdriver%2Cinstance_uuid%2Cprovision_state%2Cname%2Cmaintenance HTTP/1.1" 200 379 568561 "-" "python-urllib3/1.26.5"
- - - [14/Mar/2023:20:09:21 -0400] "PATCH /v1/nodes/3f208940-baf9-4663-8f9a-06c10073d459 HTTP/1.1" 200 2554 837606 "-" "python-urllib3/1.26.5"
- - - [14/Mar/2023:20:09:22 -0400] "PATCH /v1/nodes/3f208940-baf9-4663-8f9a-06c10073d459 HTTP/1.1" 200 2554 846156 "-" "python-urllib3/1.26.5"
- - - [14/Mar/2023:20:09:24 -0400] "GET /v1/ports?fields=address%2Cextra HTTP/1.1" 200 268 481490 "-" "ironic-inspector keystoneauth1/5.1.0 python-requests/2.28.1 CPython/3.9.14"
- - - [14/Mar/2023:20:09:24 -0400] "GET /v1/ports?fields=address%2Cextra HTTP/1.1" 200 268 489624 "-" "ironic-inspector keystoneauth1/5.1.0 python-requests/2.28.1 CPython/3.9.14"
- - - [14/Mar/2023:20:09:29 -0400] "POST /v1/nodes/3f208940-baf9-4663-8f9a-06c10073d459/vifs HTTP/1.1" 204 - 1014491 "-" "python-urllib3/1.26.5"
- - - [14/Mar/2023:20:09:30 -0400] "PATCH /v1/nodes/3f208940-baf9-4663-8f9a-06c10073d459 HTTP/1.1" 200 2554 1059505 "-" "python-urllib3/1.26.5"
- - - [14/Mar/2023:20:09:31 -0400] "PUT /v1/nodes/3f208940-baf9-4663-8f9a-06c10073d459/states/provision HTTP/1.1" 202 - 1191575 "-" "python-urllib3/1.26.5"
- - - [14/Mar/2023:20:09:32 -0400] "GET /v1/nodes?fields=uuid HTTP/1.1" 200 271 570276 "-" "ironic-inspector keystoneauth1/5.1.0 python-requests/2.28.1 CPython/3.9.14"
- - - [14/Mar/2023:20:09:32 -0400] "GET /v1/nodes/3f208940-baf9-4663-8f9a-06c10073d459 HTTP/1.1" 200 2615 575395 "-" "python-urllib3/1.26.5"
- - - [14/Mar/2023:20:09:33 -0400] "GET /v1/nodes/3f208940-baf9-4663-8f9a-06c10073d459 HTTP/1.1" 200 2660 498204 "-" "python-urllib3/1.26.5"
- - - [14/Mar/2023:20:09:35 -0400] "GET /v1/nodes/3f208940-baf9-4663-8f9a-06c10073d459 HTTP/1.1" 200 2660 640361 "-" "python-urllib3/1.26.5"
- - - [14/Mar/2023:20:09:37 -0400] "GET /v1/nodes/3f208940-baf9-4663-8f9a-06c10073d459 HTTP/1.1" 200 2660 552687 "-" "python-urllib3/1.26.5"
- - - [14/Mar/2023:20:09:38 -0400] "GET /v1/nodes/3f208940-baf9-4663-8f9a-06c10073d459 HTTP/1.1" 200 2660 546876 "-" "python-urllib3/1.26.5"
- - - [14/Mar/2023:20:09:39 -0400] "GET /v1/ports?fields=address%2Cextra HTTP/1.1" 200 268 489861 "-" "ironic-inspector keystoneauth1/5.1.0 python-requests/2.28.1 CPython/3.9.14"
- - - [14/Mar/2023:20:09:39 -0400] "GET /v1/ports?fields=address%2Cextra HTTP/1.1" 200 268 467041 "-" "ironic-inspector keystoneauth1/5.1.0 python-requests/2.28.1 CPython/3.9.14"
- - - [14/Mar/2023:20:09:40 -0400] "GET /v1/nodes/3f208940-baf9-4663-8f9a-06c10073d459 HTTP/1.1" 200 2660 455924 "-" "python-urllib3/1.26.5"
- - - [14/Mar/2023:20:09:41 -0400] "GET /v1/nodes/3f208940-baf9-4663-8f9a-06c10073d459 HTTP/1.1" 200 2660 567907 "-" "python-urllib3/1.26.5"
- - - [14/Mar/2023:20:09:43 -0400] "GET /v1/nodes/3f208940-baf9-4663-8f9a-06c10073d459 HTTP/1.1" 200 2715 571216 "-" "python-urllib3/1.26.5"
- - - [14/Mar/2023:20:09:44 -0400] "GET /v1/nodes/3f208940-baf9-4663-8f9a-06c10073d459 HTTP/1.1" 200 2715 507681 "-" "python-urllib3/1.26.5"
- - - [14/Mar/2023:20:09:46 -0400] "GET /v1/nodes/3f208940-baf9-4663-8f9a-06c10073d459 HTTP/1.1" 200 2715 518249 "-" "python-urllib3/1.26.5"
- - - [14/Mar/2023:20:09:47 -0400] "GET /v1/nodes/3f208940-baf9-4663-8f9a-06c10073d459 HTTP/1.1" 200 2715 490832 "-" "python-urllib3/1.26.5"
- - - [14/Mar/2023:20:09:49 -0400] "GET /v1/nodes/3f208940-baf9-4663-8f9a-06c10073d459 HTTP/1.1" 200 2715 608895 "-" "python-urllib3/1.26.5"
- - - [14/Mar/2023:20:09:50 -0400] "GET /v1/nodes/3f208940-baf9-4663-8f9a-06c10073d459 HTTP/1.1" 200 2715 454198 "-" "python-urllib3/1.26.5"
- - - [14/Mar/2023:20:09:52 -0400] "GET /v1/nodes/3f208940-baf9-4663-8f9a-06c10073d459 HTTP/1.1" 200 2715 473218 "-" "python-urllib3/1.26.5"
- - - [14/Mar/2023:20:09:53 -0400] "GET /v1/nodes/3f208940-baf9-4663-8f9a-06c10073d459 HTTP/1.1" 200 2715 584676 "-" "python-urllib3/1.26.5"
- - - [14/Mar/2023:20:09:54 -0400] "GET /v1/ports?fields=address%2Cextra HTTP/1.1" 200 268 618209 "-" "ironic-inspector keystoneauth1/5.1.0 python-requests/2.28.1 CPython/3.9.14"
- - - [14/Mar/2023:20:09:55 -0400] "GET /v1/ports?fields=address%2Cextra HTTP/1.1" 200 268 476684 "-" "ironic-inspector keystoneauth1/5.1.0 python-requests/2.28.1 CPython/3.9.14"
- - - [14/Mar/2023:20:09:55 -0400] "GET /v1/nodes/3f208940-baf9-4663-8f9a-06c10073d459 HTTP/1.1" 200 2715 556094 "-" "python-urllib3/1.26.5"
- - - [14/Mar/2023:20:09:57 -0400] "GET /v1/nodes/3f208940-baf9-4663-8f9a-06c10073d459 HTTP/1.1" 200 2715 401663 "-" "python-urllib3/1.26.5"
- - - [14/Mar/2023:20:09:58 -0400] "GET /v1/nodes/3f208940-baf9-4663-8f9a-06c10073d459 HTTP/1.1" 200 3258 479292 "-" "python-urllib3/1.26.5"
- - - [14/Mar/2023:20:10:00 -0400] "GET /v1/nodes/3f208940-baf9-4663-8f9a-06c10073d459 HTTP/1.1" 200 3258 801399 "-" "python-urllib3/1.26.5"
- - - [14/Mar/2023:20:10:01 -0400] "GET /v1/nodes/3f208940-baf9-4663-8f9a-06c10073d459 HTTP/1.1" 200 3258 638164 "-" "python-urllib3/1.26.5"
- - - [14/Mar/2023:20:10:03 -0400] "GET /v1/nodes/3f208940-baf9-4663-8f9a-06c10073d459 HTTP/1.1" 200 3258 534500 "-" "python-urllib3/1.26.5"
- - - [14/Mar/2023:20:10:05 -0400] "GET /v1/nodes/3f208940-baf9-4663-8f9a-06c10073d459 HTTP/1.1" 200 3258 484464 "-" "python-urllib3/1.26.5"
- - - [14/Mar/2023:20:10:06 -0400] "GET /v1/nodes/3f208940-baf9-4663-8f9a-06c10073d459 HTTP/1.1" 200 3258 550025 "-" "python-urllib3/1.26.5"
- - - [14/Mar/2023:20:10:08 -0400] "GET /v1/nodes/3f208940-baf9-4663-8f9a-06c10073d459 HTTP/1.1" 200 3258 574330 "-" "python-urllib3/1.26.5"
- - - [14/Mar/2023:20:10:09 -0400] "GET /v1/ports?fields=address%2Cextra HTTP/1.1" 200 268 556215 "-" "ironic-inspector keystoneauth1/5.1.0 python-requests/2.28.1 CPython/3.9.14"
- - - [14/Mar/2023:20:10:09 -0400] "GET /v1/nodes/3f208940-baf9-4663-8f9a-06c10073d459 HTTP/1.1" 200 3241 677221 "-" "python-urllib3/1.26.5"
- - - [14/Mar/2023:20:10:09 -0400] "GET /v1/ports?fields=address%2Cextra HTTP/1.1" 200 268 548784 "-" "ironic-inspector keystoneauth1/5.1.0 python-requests/2.28.1 CPython/3.9.14"
- - - [14/Mar/2023:20:10:10 -0400] "GET /v1/nodes/3f208940-baf9-4663-8f9a-06c10073d459 HTTP/1.1" 200 3241 545503 "-" "python-urllib3/1.26.5"
- - - [14/Mar/2023:20:10:24 -0400] "GET /v1/ports?fields=address%2Cextra HTTP/1.1" 200 268 530072 "-" "ironic-inspector keystoneauth1/5.1.0 python-requests/2.28.1 CPython/3.9.14"
- - - [14/Mar/2023:20:10:24 -0400] "GET /v1/ports?fields=address%2Cextra HTTP/1.1" 200 268 592441 "-" "ironic-inspector keystoneauth1/5.1.0 python-requests/2.28.1 CPython/3.9.14"
- - - [14/Mar/2023:20:10:32 -0400] "GET /v1/nodes?fields=uuid HTTP/1.1" 200 271 458622 "-" "ironic-inspector keystoneauth1/5.1.0 python-requests/2.28.1 CPython/3.9.14"
- - - [14/Mar/2023:20:10:39 -0400] "GET /v1/ports?fields=address%2Cextra HTTP/1.1" 200 268 472302 "-" "ironic-inspector keystoneauth1/5.1.0 python-requests/2.28.1 CPython/3.9.14"
- - - [14/Mar/2023:20:10:39 -0400] "GET /v1/ports?fields=address%2Cextra HTTP/1.1" 200 268 410328 "-" "ironic-inspector keystoneauth1/5.1.0 python-requests/2.28.1 CPython/3.9.14"
- - - [14/Mar/2023:20:10:40 -0400] "GET /v1/nodes/3f208940-baf9-4663-8f9a-06c10073d459 HTTP/1.1" 200 3241 562725 "-" "python-urllib3/1.26.5"
- - - [14/Mar/2023:20:10:54 -0400] "GET /v1/ports?fields=address%2Cextra HTTP/1.1" 200 268 466235 "-" "ironic-inspector keystoneauth1/5.1.0 python-requests/2.28.1 CPython/3.9.14"
- - - [14/Mar/2023:20:10:54 -0400] "GET /v1/ports?fields=address%2Cextra HTTP/1.1" 200 268 497608 "-" "ironic-inspector keystoneauth1/5.1.0 python-requests/2.28.1 CPython/3.9.14"
- - - [14/Mar/2023:20:11:09 -0400] "GET /v1/ports?fields=address%2Cextra HTTP/1.1" 200 268 458581 "-" "ironic-inspector keystoneauth1/5.1.0 python-requests/2.28.1 CPython/3.9.14"
- - - [14/Mar/2023:20:11:09 -0400] "GET /v1/ports?fields=address%2Cextra HTTP/1.1" 200 268 413692 "-" "ironic-inspector keystoneauth1/5.1.0 python-requests/2.28.1 CPython/3.9.14"
- - - [14/Mar/2023:20:11:11 -0400] "GET /v1/nodes/3f208940-baf9-4663-8f9a-06c10073d459 HTTP/1.1" 200 3241 512667 "-" "python-urllib3/1.26.5"
- - - [14/Mar/2023:20:11:24 -0400] "GET /v1/ports?fields=address%2Cextra HTTP/1.1" 200 268 423818 "-" "ironic-inspector keystoneauth1/5.1.0 python-requests/2.28.1 CPython/3.9.14"
- - - [14/Mar/2023:20:11:24 -0400] "GET /v1/ports?fields=address%2Cextra HTTP/1.1" 200 268 454207 "-" "ironic-inspector keystoneauth1/5.1.0 python-requests/2.28.1 CPython/3.9.14"
- - - [14/Mar/2023:20:11:32 -0400] "GET /v1/nodes?fields=uuid HTTP/1.1" 200 271 457670 "-" "ironic-inspector keystoneauth1/5.1.0 python-requests/2.28.1 CPython/3.9.14"
- - - [14/Mar/2023:20:11:39 -0400] "GET /v1/ports?fields=address%2Cextra HTTP/1.1" 200 268 577642 "-" "ironic-inspector keystoneauth1/5.1.0 python-requests/2.28.1 CPython/3.9.14"
- - - [14/Mar/2023:20:11:39 -0400] "GET /v1/ports?fields=address%2Cextra HTTP/1.1" 200 268 550529 "-" "ironic-inspector keystoneauth1/5.1.0 python-requests/2.28.1 CPython/3.9.14"
- - - [14/Mar/2023:20:11:42 -0400] "GET /v1/nodes/3f208940-baf9-4663-8f9a-06c10073d459 HTTP/1.1" 200 3241 477268 "-" "python-urllib3/1.26.5"
- - - [14/Mar/2023:20:11:54 -0400] "GET /v1/ports?fields=address%2Cextra HTTP/1.1" 200 268 474329 "-" "ironic-inspector keystoneauth1/5.1.0 python-requests/2.28.1 CPython/3.9.14"
- - - [14/Mar/2023:20:11:54 -0400] "GET /v1/ports?fields=address%2Cextra HTTP/1.1" 200 268 485929 "-" "ironic-inspector keystoneauth1/5.1.0 python-requests/2.28.1 CPython/3.9.14"
- - - [14/Mar/2023:20:12:09 -0400] "GET /v1/ports?fields=address%2Cextra HTTP/1.1" 200 268 587950 "-" "ironic-inspector keystoneauth1/5.1.0 python-requests/2.28.1 CPython/3.9.14"
- - - [14/Mar/2023:20:12:10 -0400] "GET /v1/ports?fields=address%2Cextra HTTP/1.1" 200 268 610220 "-" "ironic-inspector keystoneauth1/5.1.0 python-requests/2.28.1 CPython/3.9.14"
- - - [14/Mar/2023:20:12:12 -0400] "GET /v1/nodes/3f208940-baf9-4663-8f9a-06c10073d459 HTTP/1.1" 200 3241 502228 "-" "python-urllib3/1.26.5"
- - - [14/Mar/2023:20:12:24 -0400] "GET /v1/ports?fields=address%2Cextra HTTP/1.1" 200 268 690077 "-" "ironic-inspector keystoneauth1/5.1.0 python-requests/2.28.1 CPython/3.9.14"
- - - [14/Mar/2023:20:12:25 -0400] "GET /v1/ports?fields=address%2Cextra HTTP/1.1" 200 268 567980 "-" "ironic-inspector keystoneauth1/5.1.0 python-requests/2.28.1 CPython/3.9.14"
- - - [14/Mar/2023:20:12:32 -0400] "GET /v1/nodes?fields=uuid HTTP/1.1" 200 271 465533 "-" "ironic-inspector keystoneauth1/5.1.0 python-requests/2.28.1 CPython/3.9.14"
- - - [14/Mar/2023:20:12:39 -0400] "GET /v1/ports?fields=address%2Cextra HTTP/1.1" 200 268 607284 "-" "ironic-inspector keystoneauth1/5.1.0 python-requests/2.28.1 CPython/3.9.14"
- - - [14/Mar/2023:20:12:40 -0400] "GET /v1/ports?fields=address%2Cextra HTTP/1.1" 200 268 510528 "-" "ironic-inspector keystoneauth1/5.1.0 python-requests/2.28.1 CPython/3.9.14"
- - - [14/Mar/2023:20:12:43 -0400] "GET /v1/nodes/3f208940-baf9-4663-8f9a-06c10073d459 HTTP/1.1" 200 3241 509282 "-" "python-urllib3/1.26.5"
- - - [14/Mar/2023:20:12:54 -0400] "GET /v1/ports?fields=address%2Cextra HTTP/1.1" 200 268 497203 "-" "ironic-inspector keystoneauth1/5.1.0 python-requests/2.28.1 CPython/3.9.14"
- - - [14/Mar/2023:20:12:54 -0400] "GET /v1/ports?fields=address%2Cextra HTTP/1.1" 200 268 519129 "-" "ironic-inspector keystoneauth1/5.1.0 python-requests/2.28.1 CPython/3.9.14"
- - - [14/Mar/2023:20:13:09 -0400] "GET /v1/ports?fields=address%2Cextra HTTP/1.1" 200 268 542179 "-" "ironic-inspector keystoneauth1/5.1.0 python-requests/2.28.1 CPython/3.9.14"
- - - [14/Mar/2023:20:13:09 -0400] "GET /v1/ports?fields=address%2Cextra HTTP/1.1" 200 268 503768 "-" "ironic-inspector keystoneauth1/5.1.0 python-requests/2.28.1 CPython/3.9.14"
- - - [14/Mar/2023:20:13:13 -0400] "GET /v1/nodes/3f208940-baf9-4663-8f9a-06c10073d459 HTTP/1.1" 200 3241 546644 "-" "python-urllib3/1.26.5"
- - - [14/Mar/2023:20:13:24 -0400] "GET /v1/ports?fields=address%2Cextra HTTP/1.1" 200 268 472625 "-" "ironic-inspector keystoneauth1/5.1.0 python-requests/2.28.1 CPython/3.9.14"
- - - [14/Mar/2023:20:13:24 -0400] "GET /v1/ports?fields=address%2Cextra HTTP/1.1" 200 268 479815 "-" "ironic-inspector keystoneauth1/5.1.0 python-requests/2.28.1 CPython/3.9.14"
- - - [14/Mar/2023:20:13:28 -0400] "GET / HTTP/1.1" 200 468 9254 "-" "python-requests/2.28.1"
- - - [14/Mar/2023:20:13:28 -0400] "GET /v1/lookup?addresses=ec%3Ab1%3Ad7%3A83%3A74%3A42%2Cec%3Ab1%3Ad7%3A83%3A74%3A40%2Cec%3Ab1%3Ad7%3A83%3A74%3A43%2Cec%3Ab1%3Ad7%3A83%3A74%3A41 HTTP/1.1" 200 1047 278426 "-" "python-requests/2.28.1"
- - - [14/Mar/2023:20:13:28 -0400] "POST /v1/heartbeat/3f208940-baf9-4663-8f9a-06c10073d459 HTTP/1.1" 202 - 95838 "-" "python-requests/2.28.1"
- - - [14/Mar/2023:20:13:29 -0400] "GET /v1/lookup?addresses=ec%3Ab1%3Ad7%3A83%3A74%3A42%2Cec%3Ab1%3Ad7%3A83%3A74%3A40%2Cec%3Ab1%3Ad7%3A83%3A74%3A43%2Cec%3Ab1%3Ad7%3A83%3A74%3A41&node_uuid=3f208940-baf9-4663-8f9a-06c10073d459 HTTP/1.1" 200 1010 132190 "-" "python-requests/2.28.1"
- - - [14/Mar/2023:20:13:32 -0400] "GET /v1/nodes?fields=uuid HTTP/1.1" 200 271 543531 "-" "ironic-inspector keystoneauth1/5.1.0 python-requests/2.28.1 CPython/3.9.14"
- - - [14/Mar/2023:20:13:39 -0400] "GET /v1/ports?fields=address%2Cextra HTTP/1.1" 200 268 561215 "-" "ironic-inspector keystoneauth1/5.1.0 python-requests/2.28.1 CPython/3.9.14"
- - - [14/Mar/2023:20:13:39 -0400] "GET /v1/ports?fields=address%2Cextra HTTP/1.1" 200 268 598238 "-" "ironic-inspector keystoneauth1/5.1.0 python-requests/2.28.1 CPython/3.9.14"
- - - [14/Mar/2023:20:13:44 -0400] "GET /v1/nodes/3f208940-baf9-4663-8f9a-06c10073d459 HTTP/1.1" 200 4766 523509 "-" "python-urllib3/1.26.5"
- - - [14/Mar/2023:20:13:54 -0400] "GET /v1/ports?fields=address%2Cextra HTTP/1.1" 200 268 421825 "-" "ironic-inspector keystoneauth1/5.1.0 python-requests/2.28.1 CPython/3.9.14"
- - - [14/Mar/2023:20:13:54 -0400] "GET /v1/ports?fields=address%2Cextra HTTP/1.1" 200 268 404612 "-" "ironic-inspector keystoneauth1/5.1.0 python-requests/2.28.1 CPython/3.9.14"
- - - [14/Mar/2023:20:14:03 -0400] "POST /v1/heartbeat/3f208940-baf9-4663-8f9a-06c10073d459 HTTP/1.1" 202 - 136423 "-" "python-requests/2.28.1"
- - - [14/Mar/2023:20:14:09 -0400] "GET /v1/ports?fields=address%2Cextra HTTP/1.1" 200 268 520491 "-" "ironic-inspector keystoneauth1/5.1.0 python-requests/2.28.1 CPython/3.9.14"
- - - [14/Mar/2023:20:14:09 -0400] "GET /v1/ports?fields=address%2Cextra HTTP/1.1" 200 268 539993 "-" "ironic-inspector keystoneauth1/5.1.0 python-requests/2.28.1 CPython/3.9.14"
- - - [14/Mar/2023:20:14:13 -0400] "POST /v1/heartbeat/3f208940-baf9-4663-8f9a-06c10073d459 HTTP/1.1" 202 - 165658 "-" "python-requests/2.28.1"
- - - [14/Mar/2023:20:14:14 -0400] "GET /v1/nodes/3f208940-baf9-4663-8f9a-06c10073d459 HTTP/1.1" 200 4814 527879 "-" "python-urllib3/1.26.5"
- - - [14/Mar/2023:20:14:24 -0400] "GET /v1/ports?fields=address%2Cextra HTTP/1.1" 200 268 423384 "-" "ironic-inspector keystoneauth1/5.1.0 python-requests/2.28.1 CPython/3.9.14"
- - - [14/Mar/2023:20:14:24 -0400] "GET /v1/ports?fields=address%2Cextra HTTP/1.1" 200 268 501303 "-" "ironic-inspector keystoneauth1/5.1.0 python-requests/2.28.1 CPython/3.9.14"
- - - [14/Mar/2023:20:14:32 -0400] "GET /v1/nodes?fields=uuid HTTP/1.1" 200 271 566618 "-" "ironic-inspector keystoneauth1/5.1.0 python-requests/2.28.1 CPython/3.9.14"
- - - [14/Mar/2023:20:14:39 -0400] "GET /v1/ports?fields=address%2Cextra HTTP/1.1" 200 268 380080 "-" "ironic-inspector keystoneauth1/5.1.0 python-requests/2.28.1 CPython/3.9.14"
- - - [14/Mar/2023:20:14:39 -0400] "GET /v1/ports?fields=address%2Cextra HTTP/1.1" 200 268 448278 "-" "ironic-inspector keystoneauth1/5.1.0 python-requests/2.28.1 CPython/3.9.14"
- - - [14/Mar/2023:20:14:45 -0400] "GET /v1/nodes/3f208940-baf9-4663-8f9a-06c10073d459 HTTP/1.1" 200 2949 609881 "-" "python-urllib3/1.26.5"
- - - [14/Mar/2023:20:14:54 -0400] "GET /v1/ports?fields=address%2Cextra HTTP/1.1" 200 268 504012 "-" "ironic-inspector keystoneauth1/5.1.0 python-requests/2.28.1 CPython/3.9.14"
- - - [14/Mar/2023:20:14:54 -0400] "GET /v1/ports?fields=address%2Cextra HTTP/1.1" 200 268 449666 "-" "ironic-inspector keystoneauth1/5.1.0 python-requests/2.28.1 CPython/3.9.14"
- - - [14/Mar/2023:20:15:09 -0400] "GET /v1/ports?fields=address%2Cextra HTTP/1.1" 200 268 582288 "-" "ironic-inspector keystoneauth1/5.1.0 python-requests/2.28.1 CPython/3.9.14"
- - - [14/Mar/2023:20:15:10 -0400] "GET /v1/ports?fields=address%2Cextra HTTP/1.1" 200 268 437235 "-" "ironic-inspector keystoneauth1/5.1.0 python-requests/2.28.1 CPython/3.9.14"
- - - [14/Mar/2023:20:15:24 -0400] "GET /v1/ports?fields=address%2Cextra HTTP/1.1" 200 268 593807 "-" "ironic-inspector keystoneauth1/5.1.0 python-requests/2.28.1 CPython/3.9.14"
- - - [14/Mar/2023:20:15:25 -0400] "GET /v1/ports?fields=address%2Cextra HTTP/1.1" 200 268 832573 "-" "ironic-inspector keystoneauth1/5.1.0 python-requests/2.28.1 CPython/3.9.14"
- - - [14/Mar/2023:20:15:32 -0400] "GET /v1/nodes?fields=uuid HTTP/1.1" 200 271 591314 "-" "ironic-inspector keystoneauth1/5.1.0 python-requests/2.28.1 CPython/3.9.14"
- - - [14/Mar/2023:20:15:39 -0400] "GET /v1/ports?fields=address%2Cextra HTTP/1.1" 200 268 674550 "-" "ironic-inspector keystoneauth1/5.1.0 python-requests/2.28.1 CPython/3.9.14"
- - - [14/Mar/2023:20:15:40 -0400] "GET /v1/ports?fields=address%2Cextra HTTP/1.1" 200 268 544351 "-" "ironic-inspector keystoneauth1/5.1.0 python-requests/2.28.1 CPython/3.9.14"
- - - [14/Mar/2023:20:15:54 -0400] "GET /v1/ports?fields=address%2Cextra HTTP/1.1" 200 268 559123 "-" "ironic-inspector keystoneauth1/5.1.0 python-requests/2.28.1 CPython/3.9.14"
- - - [14/Mar/2023:20:15:54 -0400] "GET /v1/ports?fields=address%2Cextra HTTP/1.1" 200 268 471253 "-" "ironic-inspector keystoneauth1/5.1.0 python-requests/2.28.1 CPython/3.9.14"
- - - [14/Mar/2023:20:16:09 -0400] "GET /v1/ports?fields=address%2Cextra HTTP/1.1" 200 268 516430 "-" "ironic-inspector keystoneauth1/5.1.0 python-requests/2.28.1 CPython/3.9.14"
- - - [14/Mar/2023:20:16:09 -0400] "GET /v1/ports?fields=address%2Cextra HTTP/1.1" 200 268 444178 "-" "ironic-inspector keystoneauth1/5.1.0 python-requests/2.28.1 CPython/3.9.14"
- - - [14/Mar/2023:20:16:24 -0400] "GET /v1/ports?fields=address%2Cextra HTTP/1.1" 200 268 510893 "-" "ironic-inspector keystoneauth1/5.1.0 python-requests/2.28.1 CPython/3.9.14"
- - - [14/Mar/2023:20:16:24 -0400] "GET /v1/ports?fields=address%2Cextra HTTP/1.1" 200 268 531065 "-" "ironic-inspector keystoneauth1/5.1.0 python-requests/2.28.1 CPython/3.9.14"
- - - [14/Mar/2023:20:16:32 -0400] "GET /v1/nodes?fields=uuid HTTP/1.1" 200 271 556115 "-" "ironic-inspector keystoneauth1/5.1.0 python-requests/2.28.1 CPython/3.9.14"
- - - [14/Mar/2023:20:16:39 -0400] "GET /v1/ports?fields=address%2Cextra HTTP/1.1" 200 268 498502 "-" "ironic-inspector keystoneauth1/5.1.0 python-requests/2.28.1 CPython/3.9.14"
- - - [14/Mar/2023:20:16:39 -0400] "GET /v1/ports?fields=address%2Cextra HTTP/1.1" 200 268 474722 "-" "ironic-inspector keystoneauth1/5.1.0 python-requests/2.28.1 CPython/3.9.14"
- - - [14/Mar/2023:20:16:54 -0400] "GET /v1/ports?fields=address%2Cextra HTTP/1.1" 200 268 646189 "-" "ironic-inspector keystoneauth1/5.1.0 python-requests/2.28.1 CPython/3.9.14"
- - - [14/Mar/2023:20:16:55 -0400] "GET /v1/ports?fields=address%2Cextra HTTP/1.1" 200 268 585531 "-" "ironic-inspector keystoneauth1/5.1.0 python-requests/2.28.1 CPython/3.9.14"
- - - [14/Mar/2023:20:17:09 -0400] "GET /v1/ports?fields=address%2Cextra HTTP/1.1" 200 268 671521 "-" "ironic-inspector keystoneauth1/5.1.0 python-requests/2.28.1 CPython/3.9.14"
- - - [14/Mar/2023:20:17:10 -0400] "GET /v1/ports?fields=address%2Cextra HTTP/1.1" 200 268 549217 "-" "ironic-inspector keystoneauth1/5.1.0 python-requests/2.28.1 CPython/3.9.14"
- - - [14/Mar/2023:20:17:24 -0400] "GET /v1/ports?fields=address%2Cextra HTTP/1.1" 200 268 661328 "-" "ironic-inspector keystoneauth1/5.1.0 python-requests/2.28.1 CPython/3.9.14"
- - - [14/Mar/2023:20:17:25 -0400] "GET /v1/ports?fields=address%2Cextra HTTP/1.1" 200 268 595511 "-" "ironic-inspector keystoneauth1/5.1.0 python-requests/2.28.1 CPython/3.9.14"
- - - [14/Mar/2023:20:17:32 -0400] "GET /v1/nodes?fields=uuid HTTP/1.1" 200 271 617774 "-" "ironic-inspector keystoneauth1/5.1.0 python-requests/2.28.1 CPython/3.9.14"
- - - [14/Mar/2023:20:17:39 -0400] "GET /v1/ports?fields=address%2Cextra HTTP/1.1" 200 268 573801 "-" "ironic-inspector keystoneauth1/5.1.0 python-requests/2.28.1 CPython/3.9.14"
- - - [14/Mar/2023:20:17:40 -0400] "GET /v1/ports?fields=address%2Cextra HTTP/1.1" 200 268 555081 "-" "ironic-inspector keystoneauth1/5.1.0 python-requests/2.28.1 CPython/3.9.14"
- - - [14/Mar/2023:20:17:41 -0400] "GET /v1/nodes/3f208940-baf9-4663-8f9a-06c10073d459/vifs HTTP/1.1" 200 12 630178 "-" "python-urllib3/1.26.5"
- - - [14/Mar/2023:20:17:46 -0400] "GET /v1/nodes HTTP/1.1" 200 420 446353 "-" "python-ironicclient"
- - - [14/Mar/2023:20:17:54 -0400] "GET /v1/ports?fields=address%2Cextra HTTP/1.1" 200 268 753038 "-" "ironic-inspector keystoneauth1/5.1.0 python-requests/2.28.1 CPython/3.9.14"
- - - [14/Mar/2023:20:17:55 -0400] "GET /v1/ports?fields=address%2Cextra HTTP/1.1" 200 268 593542 "-" "ironic-inspector keystoneauth1/5.1.0 python-requests/2.28.1 CPython/3.9.14"
- - - [14/Mar/2023:20:18:09 -0400] "GET /v1/ports?fields=address%2Cextra HTTP/1.1" 200 268 486415 "-" "ironic-inspector keystoneauth1/5.1.0 python-requests/2.28.1 CPython/3.9.14"
- - - [14/Mar/2023:20:18:09 -0400] "GET /v1/ports?fields=address%2Cextra HTTP/1.1" 200 268 446809 "-" "ironic-inspector keystoneauth1/5.1.0 python-requests/2.28.1 CPython/3.9.14"
- - - [14/Mar/2023:20:18:24 -0400] "GET /v1/ports?fields=address%2Cextra HTTP/1.1" 200 268 564739 "-" "ironic-inspector keystoneauth1/5.1.0 python-requests/2.28.1 CPython/3.9.14"
- - - [14/Mar/2023:20:18:25 -0400] "GET /v1/ports?fields=address%2Cextra HTTP/1.1" 200 268 572433 "-" "ironic-inspector keystoneauth1/5.1.0 python-requests/2.28.1 CPython/3.9.14"
- - - [14/Mar/2023:20:18:32 -0400] "GET /v1/nodes?fields=uuid HTTP/1.1" 200 271 587530 "-" "ironic-inspector keystoneauth1/5.1.0 python-requests/2.28.1 CPython/3.9.14"
- - - [14/Mar/2023:20:18:39 -0400] "GET /v1/ports?fields=address%2Cextra HTTP/1.1" 200 268 532372 "-" "ironic-inspector keystoneauth1/5.1.0 python-requests/2.28.1 CPython/3.9.14"
- - - [14/Mar/2023:20:18:40 -0400] "GET /v1/ports?fields=address%2Cextra HTTP/1.1" 200 268 495939 "-" "ironic-inspector keystoneauth1/5.1.0 python-requests/2.28.1 CPython/3.9.14"
- - - [14/Mar/2023:20:18:54 -0400] "GET /v1/ports?fields=address%2Cextra HTTP/1.1" 200 268 651699 "-" "ironic-inspector keystoneauth1/5.1.0 python-requests/2.28.1 CPython/3.9.14"
- - - [14/Mar/2023:20:18:55 -0400] "GET /v1/ports?fields=address%2Cextra HTTP/1.1" 200 268 554979 "-" "ironic-inspector keystoneauth1/5.1.0 python-requests/2.28.1 CPython/3.9.14"
- - - [14/Mar/2023:20:19:09 -0400] "GET /v1/ports?fields=address%2Cextra HTTP/1.1" 200 268 548046 "-" "ironic-inspector keystoneauth1/5.1.0 python-requests/2.28.1 CPython/3.9.14"
- - - [14/Mar/2023:20:19:10 -0400] "GET /v1/ports?fields=address%2Cextra HTTP/1.1" 200 268 506766 "-" "ironic-inspector keystoneauth1/5.1.0 python-requests/2.28.1 CPython/3.9.14"
- - - [14/Mar/2023:20:19:24 -0400] "GET /v1/ports?fields=address%2Cextra HTTP/1.1" 200 268 654300 "-" "ironic-inspector keystoneauth1/5.1.0 python-requests/2.28.1 CPython/3.9.14"
- - - [14/Mar/2023:20:19:25 -0400] "GET /v1/ports?fields=address%2Cextra HTTP/1.1" 200 268 566294 "-" "ironic-inspector keystoneauth1/5.1.0 python-requests/2.28.1 CPython/3.9.14"
