- - - [13/Feb/2023:09:52:52 -0500] "GET / HTTP/1.1" 200 468 5387569 "-" "ironic-inspector keystoneauth1/5.1.0 python-requests/2.28.1 CPython/3.9.14"
- - - [13/Feb/2023:09:52:57 -0500] "GET /v1/nodes?fields=uuid HTTP/1.1" 200 13 5900445 "-" "ironic-inspector keystoneauth1/5.1.0 python-requests/2.28.1 CPython/3.9.14"
- - - [13/Feb/2023:09:53:51 -0500] "GET /v1/nodes?fields=uuid HTTP/1.1" 200 13 1351876 "-" "ironic-inspector keystoneauth1/5.1.0 python-requests/2.28.1 CPython/3.9.14"
- - - [13/Feb/2023:09:54:51 -0500] "GET /v1/nodes?fields=uuid HTTP/1.1" 200 13 473121 "-" "ironic-inspector keystoneauth1/5.1.0 python-requests/2.28.1 CPython/3.9.14"
- - - [13/Feb/2023:09:55:01 -0500] "POST /v1/nodes HTTP/1.1" 201 2664 1032772 "-" "python-ironicclient"
- - - [13/Feb/2023:09:55:06 -0500] "GET /v1/nodes HTTP/1.1" 200 380 413908 "-" "python-ironicclient"
- - - [13/Feb/2023:09:55:10 -0500] "PATCH /v1/nodes/c72151a1-9382-4b4b-a7a2-29ba861f5d0c HTTP/1.1" 200 3138 769609 "-" "python-ironicclient"
- - - [13/Feb/2023:09:55:14 -0500] "POST /v1/ports HTTP/1.1" 201 562 761976 "-" "python-ironicclient"
- - - [13/Feb/2023:09:55:19 -0500] "PUT /v1/nodes/c72151a1-9382-4b4b-a7a2-29ba861f5d0c/states/provision HTTP/1.1" 202 - 439032 "-" "python-ironicclient"
- - - [13/Feb/2023:09:55:33 -0500] "PUT /v1/nodes/c72151a1-9382-4b4b-a7a2-29ba861f5d0c/states/provision HTTP/1.1" 202 - 603493 "-" "python-ironicclient"
- - - [13/Feb/2023:09:55:37 -0500] "PUT /v1/nodes/c72151a1-9382-4b4b-a7a2-29ba861f5d0c/states/power HTTP/1.1" 202 - 793933 "-" "python-ironicclient"
- - - [13/Feb/2023:09:55:51 -0500] "GET /v1/nodes?fields=uuid HTTP/1.1" 200 271 871356 "-" "ironic-inspector keystoneauth1/5.1.0 python-requests/2.28.1 CPython/3.9.14"
- - - [13/Feb/2023:09:56:01 -0500] "GET /v1/nodes HTTP/1.1" 200 369 399330 "-" "python-urllib3/1.26.5"
- - - [13/Feb/2023:09:56:01 -0500] "GET /v1/nodes?provision_state=available&associated=False&maintenance=False&fields=uuid%2Cdriver%2Cinstance_uuid%2Cprovision_state%2Cname%2Cmaintenance HTTP/1.1" 200 379 416025 "-" "python-urllib3/1.26.5"
- - - [13/Feb/2023:09:56:02 -0500] "PATCH /v1/nodes/c72151a1-9382-4b4b-a7a2-29ba861f5d0c HTTP/1.1" 200 2508 528229 "-" "python-urllib3/1.26.5"
- - - [13/Feb/2023:09:56:02 -0500] "PATCH /v1/nodes/c72151a1-9382-4b4b-a7a2-29ba861f5d0c HTTP/1.1" 200 2508 565208 "-" "python-urllib3/1.26.5"
- - - [13/Feb/2023:09:56:07 -0500] "POST /v1/nodes/c72151a1-9382-4b4b-a7a2-29ba861f5d0c/vifs HTTP/1.1" 204 - 481792 "-" "python-urllib3/1.26.5"
- - - [13/Feb/2023:09:56:07 -0500] "PATCH /v1/nodes/c72151a1-9382-4b4b-a7a2-29ba861f5d0c HTTP/1.1" 200 2508 623466 "-" "python-urllib3/1.26.5"
- - - [13/Feb/2023:09:56:08 -0500] "PUT /v1/nodes/c72151a1-9382-4b4b-a7a2-29ba861f5d0c/states/provision HTTP/1.1" 202 - 514307 "-" "python-urllib3/1.26.5"
- - - [13/Feb/2023:09:56:08 -0500] "GET /v1/nodes/c72151a1-9382-4b4b-a7a2-29ba861f5d0c HTTP/1.1" 200 2567 455870 "-" "python-urllib3/1.26.5"
- - - [13/Feb/2023:09:56:10 -0500] "GET /v1/nodes/c72151a1-9382-4b4b-a7a2-29ba861f5d0c HTTP/1.1" 200 2612 532262 "-" "python-urllib3/1.26.5"
- - - [13/Feb/2023:09:56:11 -0500] "GET /v1/nodes/c72151a1-9382-4b4b-a7a2-29ba861f5d0c HTTP/1.1" 200 2612 463503 "-" "python-urllib3/1.26.5"
- - - [13/Feb/2023:09:56:13 -0500] "GET /v1/nodes/c72151a1-9382-4b4b-a7a2-29ba861f5d0c HTTP/1.1" 200 2612 318048 "-" "python-urllib3/1.26.5"
- - - [13/Feb/2023:09:56:14 -0500] "GET /v1/nodes/c72151a1-9382-4b4b-a7a2-29ba861f5d0c HTTP/1.1" 200 2612 392321 "-" "python-urllib3/1.26.5"
- - - [13/Feb/2023:09:56:15 -0500] "GET /v1/nodes/c72151a1-9382-4b4b-a7a2-29ba861f5d0c HTTP/1.1" 200 2612 336061 "-" "python-urllib3/1.26.5"
- - - [13/Feb/2023:09:56:17 -0500] "GET /v1/nodes/c72151a1-9382-4b4b-a7a2-29ba861f5d0c HTTP/1.1" 200 2612 301038 "-" "python-urllib3/1.26.5"
- - - [13/Feb/2023:09:56:18 -0500] "GET /v1/nodes/c72151a1-9382-4b4b-a7a2-29ba861f5d0c HTTP/1.1" 200 2612 346695 "-" "python-urllib3/1.26.5"
- - - [13/Feb/2023:09:56:19 -0500] "GET /v1/nodes/c72151a1-9382-4b4b-a7a2-29ba861f5d0c HTTP/1.1" 200 2612 329059 "-" "python-urllib3/1.26.5"
- - - [13/Feb/2023:09:56:21 -0500] "GET /v1/nodes/c72151a1-9382-4b4b-a7a2-29ba861f5d0c HTTP/1.1" 200 2612 311592 "-" "python-urllib3/1.26.5"
- - - [13/Feb/2023:09:56:22 -0500] "GET /v1/nodes/c72151a1-9382-4b4b-a7a2-29ba861f5d0c HTTP/1.1" 200 2612 393305 "-" "python-urllib3/1.26.5"
- - - [13/Feb/2023:09:56:24 -0500] "GET /v1/nodes/c72151a1-9382-4b4b-a7a2-29ba861f5d0c HTTP/1.1" 200 2612 339538 "-" "python-urllib3/1.26.5"
- - - [13/Feb/2023:09:56:25 -0500] "GET /v1/nodes/c72151a1-9382-4b4b-a7a2-29ba861f5d0c HTTP/1.1" 200 2612 315951 "-" "python-urllib3/1.26.5"
- - - [13/Feb/2023:09:56:26 -0500] "GET /v1/nodes/c72151a1-9382-4b4b-a7a2-29ba861f5d0c HTTP/1.1" 200 2612 350803 "-" "python-urllib3/1.26.5"
- - - [13/Feb/2023:09:56:28 -0500] "GET /v1/nodes/c72151a1-9382-4b4b-a7a2-29ba861f5d0c HTTP/1.1" 200 2612 337709 "-" "python-urllib3/1.26.5"
- - - [13/Feb/2023:09:56:29 -0500] "GET /v1/nodes/c72151a1-9382-4b4b-a7a2-29ba861f5d0c HTTP/1.1" 200 2612 310625 "-" "python-urllib3/1.26.5"
- - - [13/Feb/2023:09:56:30 -0500] "GET /v1/nodes/c72151a1-9382-4b4b-a7a2-29ba861f5d0c HTTP/1.1" 200 2685 612488 "-" "python-urllib3/1.26.5"
- - - [13/Feb/2023:09:56:32 -0500] "GET /v1/nodes/c72151a1-9382-4b4b-a7a2-29ba861f5d0c HTTP/1.1" 200 2685 502689 "-" "python-urllib3/1.26.5"
- - - [13/Feb/2023:09:56:33 -0500] "GET /v1/nodes/c72151a1-9382-4b4b-a7a2-29ba861f5d0c HTTP/1.1" 200 2685 637783 "-" "python-urllib3/1.26.5"
- - - [13/Feb/2023:09:56:35 -0500] "GET /v1/nodes/c72151a1-9382-4b4b-a7a2-29ba861f5d0c HTTP/1.1" 200 2685 573112 "-" "python-urllib3/1.26.5"
- - - [13/Feb/2023:09:56:37 -0500] "GET /v1/nodes/c72151a1-9382-4b4b-a7a2-29ba861f5d0c HTTP/1.1" 200 2685 437171 "-" "python-urllib3/1.26.5"
- - - [13/Feb/2023:09:56:38 -0500] "GET /v1/nodes/c72151a1-9382-4b4b-a7a2-29ba861f5d0c HTTP/1.1" 200 2685 497252 "-" "python-urllib3/1.26.5"
- - - [13/Feb/2023:09:56:39 -0500] "GET /v1/nodes/c72151a1-9382-4b4b-a7a2-29ba861f5d0c HTTP/1.1" 200 2685 473447 "-" "python-urllib3/1.26.5"
- - - [13/Feb/2023:09:56:41 -0500] "GET /v1/nodes/c72151a1-9382-4b4b-a7a2-29ba861f5d0c HTTP/1.1" 200 2685 495289 "-" "python-urllib3/1.26.5"
- - - [13/Feb/2023:09:56:42 -0500] "GET /v1/nodes/c72151a1-9382-4b4b-a7a2-29ba861f5d0c HTTP/1.1" 200 2685 458843 "-" "python-urllib3/1.26.5"
- - - [13/Feb/2023:09:56:44 -0500] "GET /v1/nodes/c72151a1-9382-4b4b-a7a2-29ba861f5d0c HTTP/1.1" 200 2685 489715 "-" "python-urllib3/1.26.5"
- - - [13/Feb/2023:09:56:45 -0500] "GET /v1/nodes/c72151a1-9382-4b4b-a7a2-29ba861f5d0c HTTP/1.1" 200 2685 330014 "-" "python-urllib3/1.26.5"
- - - [13/Feb/2023:09:56:47 -0500] "GET /v1/nodes/c72151a1-9382-4b4b-a7a2-29ba861f5d0c HTTP/1.1" 200 2685 552336 "-" "python-urllib3/1.26.5"
- - - [13/Feb/2023:09:56:48 -0500] "GET /v1/nodes/c72151a1-9382-4b4b-a7a2-29ba861f5d0c HTTP/1.1" 200 2685 441493 "-" "python-urllib3/1.26.5"
- - - [13/Feb/2023:09:56:50 -0500] "GET /v1/nodes/c72151a1-9382-4b4b-a7a2-29ba861f5d0c HTTP/1.1" 200 2685 594974 "-" "python-urllib3/1.26.5"
- - - [13/Feb/2023:09:56:51 -0500] "GET /v1/nodes/c72151a1-9382-4b4b-a7a2-29ba861f5d0c HTTP/1.1" 200 2685 524238 "-" "python-urllib3/1.26.5"
- - - [13/Feb/2023:09:56:51 -0500] "GET /v1/nodes?fields=uuid HTTP/1.1" 200 271 638561 "-" "ironic-inspector keystoneauth1/5.1.0 python-requests/2.28.1 CPython/3.9.14"
- - - [13/Feb/2023:09:56:53 -0500] "GET /v1/nodes/c72151a1-9382-4b4b-a7a2-29ba861f5d0c HTTP/1.1" 200 2685 534851 "-" "python-urllib3/1.26.5"
- - - [13/Feb/2023:09:56:54 -0500] "GET /v1/nodes/c72151a1-9382-4b4b-a7a2-29ba861f5d0c HTTP/1.1" 200 2685 538146 "-" "python-urllib3/1.26.5"
- - - [13/Feb/2023:09:56:56 -0500] "GET /v1/nodes/c72151a1-9382-4b4b-a7a2-29ba861f5d0c HTTP/1.1" 200 3285 695756 "-" "python-urllib3/1.26.5"
- - - [13/Feb/2023:09:56:58 -0500] "GET /v1/nodes/c72151a1-9382-4b4b-a7a2-29ba861f5d0c HTTP/1.1" 200 3285 404306 "-" "python-urllib3/1.26.5"
- - - [13/Feb/2023:09:56:59 -0500] "GET /v1/nodes/c72151a1-9382-4b4b-a7a2-29ba861f5d0c HTTP/1.1" 200 3285 368495 "-" "python-urllib3/1.26.5"
- - - [13/Feb/2023:09:57:00 -0500] "GET /v1/nodes/c72151a1-9382-4b4b-a7a2-29ba861f5d0c HTTP/1.1" 200 3285 423159 "-" "python-urllib3/1.26.5"
- - - [13/Feb/2023:09:57:02 -0500] "GET /v1/nodes/c72151a1-9382-4b4b-a7a2-29ba861f5d0c HTTP/1.1" 200 3285 326989 "-" "python-urllib3/1.26.5"
- - - [13/Feb/2023:09:57:03 -0500] "GET /v1/nodes/c72151a1-9382-4b4b-a7a2-29ba861f5d0c HTTP/1.1" 200 3285 334521 "-" "python-urllib3/1.26.5"
- - - [13/Feb/2023:09:57:05 -0500] "GET /v1/nodes/c72151a1-9382-4b4b-a7a2-29ba861f5d0c HTTP/1.1" 200 3285 502013 "-" "python-urllib3/1.26.5"
- - - [13/Feb/2023:09:57:06 -0500] "GET /v1/nodes/c72151a1-9382-4b4b-a7a2-29ba861f5d0c HTTP/1.1" 200 3285 310463 "-" "python-urllib3/1.26.5"
- - - [13/Feb/2023:09:57:07 -0500] "GET /v1/nodes/c72151a1-9382-4b4b-a7a2-29ba861f5d0c HTTP/1.1" 200 3285 314597 "-" "python-urllib3/1.26.5"
- - - [13/Feb/2023:09:57:09 -0500] "GET /v1/nodes/c72151a1-9382-4b4b-a7a2-29ba861f5d0c HTTP/1.1" 200 3268 433971 "-" "python-urllib3/1.26.5"
- - - [13/Feb/2023:09:57:09 -0500] "GET /v1/nodes/c72151a1-9382-4b4b-a7a2-29ba861f5d0c HTTP/1.1" 200 3268 330025 "-" "python-urllib3/1.26.5"
- - - [13/Feb/2023:09:57:39 -0500] "GET /v1/nodes/c72151a1-9382-4b4b-a7a2-29ba861f5d0c HTTP/1.1" 200 3268 350630 "-" "python-urllib3/1.26.5"
- - - [13/Feb/2023:09:57:51 -0500] "GET /v1/nodes?fields=uuid HTTP/1.1" 200 271 332770 "-" "ironic-inspector keystoneauth1/5.1.0 python-requests/2.28.1 CPython/3.9.14"
- - - [13/Feb/2023:09:58:10 -0500] "GET /v1/nodes/c72151a1-9382-4b4b-a7a2-29ba861f5d0c HTTP/1.1" 200 3268 378115 "-" "python-urllib3/1.26.5"
- - - [13/Feb/2023:09:58:40 -0500] "GET /v1/nodes/c72151a1-9382-4b4b-a7a2-29ba861f5d0c HTTP/1.1" 200 3268 344249 "-" "python-urllib3/1.26.5"
- - - [13/Feb/2023:09:58:51 -0500] "GET /v1/nodes?fields=uuid HTTP/1.1" 200 271 292667 "-" "ironic-inspector keystoneauth1/5.1.0 python-requests/2.28.1 CPython/3.9.14"
- - - [13/Feb/2023:09:59:11 -0500] "GET /v1/nodes/c72151a1-9382-4b4b-a7a2-29ba861f5d0c HTTP/1.1" 200 3268 367329 "-" "python-urllib3/1.26.5"
- - - [13/Feb/2023:09:59:41 -0500] "GET /v1/nodes/c72151a1-9382-4b4b-a7a2-29ba861f5d0c HTTP/1.1" 200 3268 329909 "-" "python-urllib3/1.26.5"
- - - [13/Feb/2023:09:59:51 -0500] "GET /v1/nodes?fields=uuid HTTP/1.1" 200 271 313832 "-" "ironic-inspector keystoneauth1/5.1.0 python-requests/2.28.1 CPython/3.9.14"
- - - [13/Feb/2023:10:00:11 -0500] "GET /v1/nodes/c72151a1-9382-4b4b-a7a2-29ba861f5d0c HTTP/1.1" 200 3268 359976 "-" "python-urllib3/1.26.5"
- - - [13/Feb/2023:10:00:42 -0500] "GET /v1/nodes/c72151a1-9382-4b4b-a7a2-29ba861f5d0c HTTP/1.1" 200 3268 395972 "-" "python-urllib3/1.26.5"
- - - [13/Feb/2023:10:00:51 -0500] "GET /v1/nodes?fields=uuid HTTP/1.1" 200 271 333587 "-" "ironic-inspector keystoneauth1/5.1.0 python-requests/2.28.1 CPython/3.9.14"
- - - [13/Feb/2023:10:01:12 -0500] "GET /v1/nodes/c72151a1-9382-4b4b-a7a2-29ba861f5d0c HTTP/1.1" 200 3268 421818 "-" "python-urllib3/1.26.5"
- - - [13/Feb/2023:10:01:43 -0500] "GET /v1/nodes/c72151a1-9382-4b4b-a7a2-29ba861f5d0c HTTP/1.1" 200 3268 406253 "-" "python-urllib3/1.26.5"
- - - [13/Feb/2023:10:01:51 -0500] "GET /v1/nodes?fields=uuid HTTP/1.1" 200 271 369465 "-" "ironic-inspector keystoneauth1/5.1.0 python-requests/2.28.1 CPython/3.9.14"
- - - [13/Feb/2023:10:02:13 -0500] "GET /v1/nodes/c72151a1-9382-4b4b-a7a2-29ba861f5d0c HTTP/1.1" 200 3268 342146 "-" "python-urllib3/1.26.5"
- - - [13/Feb/2023:10:02:43 -0500] "GET /v1/nodes/c72151a1-9382-4b4b-a7a2-29ba861f5d0c HTTP/1.1" 200 3268 370146 "-" "python-urllib3/1.26.5"
- - - [13/Feb/2023:10:02:51 -0500] "GET /v1/nodes?fields=uuid HTTP/1.1" 200 271 328526 "-" "ironic-inspector keystoneauth1/5.1.0 python-requests/2.28.1 CPython/3.9.14"
- - - [13/Feb/2023:10:03:14 -0500] "GET /v1/nodes/c72151a1-9382-4b4b-a7a2-29ba861f5d0c HTTP/1.1" 200 3268 587483 "-" "python-urllib3/1.26.5"
- - - [13/Feb/2023:10:03:44 -0500] "GET /v1/nodes/c72151a1-9382-4b4b-a7a2-29ba861f5d0c HTTP/1.1" 200 3268 558432 "-" "python-urllib3/1.26.5"
- - - [13/Feb/2023:10:03:51 -0500] "GET /v1/nodes?fields=uuid HTTP/1.1" 200 271 317901 "-" "ironic-inspector keystoneauth1/5.1.0 python-requests/2.28.1 CPython/3.9.14"
- - - [13/Feb/2023:10:04:15 -0500] "GET /v1/nodes/c72151a1-9382-4b4b-a7a2-29ba861f5d0c HTTP/1.1" 200 3268 379277 "-" "python-urllib3/1.26.5"
- - - [13/Feb/2023:10:04:45 -0500] "GET /v1/nodes/c72151a1-9382-4b4b-a7a2-29ba861f5d0c HTTP/1.1" 200 3268 433992 "-" "python-urllib3/1.26.5"
- - - [13/Feb/2023:10:04:51 -0500] "GET /v1/nodes?fields=uuid HTTP/1.1" 200 271 350870 "-" "ironic-inspector keystoneauth1/5.1.0 python-requests/2.28.1 CPython/3.9.14"
- - - [13/Feb/2023:10:05:16 -0500] "GET /v1/nodes/c72151a1-9382-4b4b-a7a2-29ba861f5d0c HTTP/1.1" 200 3268 346180 "-" "python-urllib3/1.26.5"
- - - [13/Feb/2023:10:05:46 -0500] "GET /v1/nodes/c72151a1-9382-4b4b-a7a2-29ba861f5d0c HTTP/1.1" 200 3268 357242 "-" "python-urllib3/1.26.5"
- - - [13/Feb/2023:10:05:51 -0500] "GET /v1/nodes?fields=uuid HTTP/1.1" 200 271 341962 "-" "ironic-inspector keystoneauth1/5.1.0 python-requests/2.28.1 CPython/3.9.14"
- - - [13/Feb/2023:10:06:17 -0500] "GET /v1/nodes/c72151a1-9382-4b4b-a7a2-29ba861f5d0c HTTP/1.1" 200 3268 376292 "-" "python-urllib3/1.26.5"
- - - [13/Feb/2023:10:06:47 -0500] "GET /v1/nodes/c72151a1-9382-4b4b-a7a2-29ba861f5d0c HTTP/1.1" 200 3268 442797 "-" "python-urllib3/1.26.5"
- - - [13/Feb/2023:10:06:51 -0500] "GET /v1/nodes?fields=uuid HTTP/1.1" 200 271 320621 "-" "ironic-inspector keystoneauth1/5.1.0 python-requests/2.28.1 CPython/3.9.14"
- - - [13/Feb/2023:10:07:18 -0500] "GET /v1/nodes/c72151a1-9382-4b4b-a7a2-29ba861f5d0c HTTP/1.1" 200 3268 344927 "-" "python-urllib3/1.26.5"
- - - [13/Feb/2023:10:07:48 -0500] "GET /v1/nodes/c72151a1-9382-4b4b-a7a2-29ba861f5d0c HTTP/1.1" 200 3268 352222 "-" "python-urllib3/1.26.5"
- - - [13/Feb/2023:10:07:51 -0500] "GET /v1/nodes?fields=uuid HTTP/1.1" 200 271 476908 "-" "ironic-inspector keystoneauth1/5.1.0 python-requests/2.28.1 CPython/3.9.14"
- - - [13/Feb/2023:10:08:18 -0500] "GET /v1/nodes/c72151a1-9382-4b4b-a7a2-29ba861f5d0c HTTP/1.1" 200 3268 409192 "-" "python-urllib3/1.26.5"
- - - [13/Feb/2023:10:08:49 -0500] "GET /v1/nodes/c72151a1-9382-4b4b-a7a2-29ba861f5d0c HTTP/1.1" 200 3268 477018 "-" "python-urllib3/1.26.5"
- - - [13/Feb/2023:10:08:51 -0500] "GET /v1/nodes?fields=uuid HTTP/1.1" 200 271 349013 "-" "ironic-inspector keystoneauth1/5.1.0 python-requests/2.28.1 CPython/3.9.14"
- - - [13/Feb/2023:10:09:19 -0500] "GET /v1/nodes/c72151a1-9382-4b4b-a7a2-29ba861f5d0c HTTP/1.1" 200 3268 649660 "-" "python-urllib3/1.26.5"
- - - [13/Feb/2023:10:09:50 -0500] "GET /v1/nodes/c72151a1-9382-4b4b-a7a2-29ba861f5d0c HTTP/1.1" 200 3268 568877 "-" "python-urllib3/1.26.5"
- - - [13/Feb/2023:10:09:51 -0500] "GET /v1/nodes?fields=uuid HTTP/1.1" 200 271 439836 "-" "ironic-inspector keystoneauth1/5.1.0 python-requests/2.28.1 CPython/3.9.14"
- - - [13/Feb/2023:10:10:21 -0500] "GET /v1/nodes/c72151a1-9382-4b4b-a7a2-29ba861f5d0c HTTP/1.1" 200 3268 339677 "-" "python-urllib3/1.26.5"
- - - [13/Feb/2023:10:10:51 -0500] "GET /v1/nodes/c72151a1-9382-4b4b-a7a2-29ba861f5d0c HTTP/1.1" 200 3268 853553 "-" "python-urllib3/1.26.5"
- - - [13/Feb/2023:10:10:51 -0500] "GET /v1/nodes?fields=uuid HTTP/1.1" 200 271 727695 "-" "ironic-inspector keystoneauth1/5.1.0 python-requests/2.28.1 CPython/3.9.14"
- - - [13/Feb/2023:10:11:22 -0500] "GET /v1/nodes/c72151a1-9382-4b4b-a7a2-29ba861f5d0c HTTP/1.1" 200 3268 754473 "-" "python-urllib3/1.26.5"
- - - [13/Feb/2023:10:11:51 -0500] "GET /v1/nodes?fields=uuid HTTP/1.1" 200 271 748040 "-" "ironic-inspector keystoneauth1/5.1.0 python-requests/2.28.1 CPython/3.9.14"
- - - [13/Feb/2023:10:11:53 -0500] "GET /v1/nodes/c72151a1-9382-4b4b-a7a2-29ba861f5d0c HTTP/1.1" 200 3268 796197 "-" "python-urllib3/1.26.5"
- - - [13/Feb/2023:10:12:24 -0500] "GET /v1/nodes/c72151a1-9382-4b4b-a7a2-29ba861f5d0c HTTP/1.1" 200 3268 396591 "-" "python-urllib3/1.26.5"
- - - [13/Feb/2023:10:12:51 -0500] "GET /v1/nodes?fields=uuid HTTP/1.1" 200 271 496547 "-" "ironic-inspector keystoneauth1/5.1.0 python-requests/2.28.1 CPython/3.9.14"
- - - [13/Feb/2023:10:12:54 -0500] "GET /v1/nodes/c72151a1-9382-4b4b-a7a2-29ba861f5d0c HTTP/1.1" 200 3268 510763 "-" "python-urllib3/1.26.5"
- - - [13/Feb/2023:10:13:25 -0500] "GET /v1/nodes/c72151a1-9382-4b4b-a7a2-29ba861f5d0c HTTP/1.1" 200 3268 553026 "-" "python-urllib3/1.26.5"
- - - [13/Feb/2023:10:13:51 -0500] "GET /v1/nodes?fields=uuid HTTP/1.1" 200 271 736098 "-" "ironic-inspector keystoneauth1/5.1.0 python-requests/2.28.1 CPython/3.9.14"
- - - [13/Feb/2023:10:13:55 -0500] "GET /v1/nodes/c72151a1-9382-4b4b-a7a2-29ba861f5d0c HTTP/1.1" 200 3268 527700 "-" "python-urllib3/1.26.5"
- - - [13/Feb/2023:10:14:26 -0500] "GET /v1/nodes/c72151a1-9382-4b4b-a7a2-29ba861f5d0c HTTP/1.1" 200 3268 439428 "-" "python-urllib3/1.26.5"
- - - [13/Feb/2023:10:14:51 -0500] "GET /v1/nodes?fields=uuid HTTP/1.1" 200 271 423794 "-" "ironic-inspector keystoneauth1/5.1.0 python-requests/2.28.1 CPython/3.9.14"
- - - [13/Feb/2023:10:14:56 -0500] "GET /v1/nodes/c72151a1-9382-4b4b-a7a2-29ba861f5d0c HTTP/1.1" 200 3268 414109 "-" "python-urllib3/1.26.5"
- - - [13/Feb/2023:10:15:27 -0500] "GET /v1/nodes/c72151a1-9382-4b4b-a7a2-29ba861f5d0c HTTP/1.1" 200 3268 654541 "-" "python-urllib3/1.26.5"
- - - [13/Feb/2023:10:15:51 -0500] "GET /v1/nodes?fields=uuid HTTP/1.1" 200 271 608502 "-" "ironic-inspector keystoneauth1/5.1.0 python-requests/2.28.1 CPython/3.9.14"
- - - [13/Feb/2023:10:15:57 -0500] "GET /v1/nodes/c72151a1-9382-4b4b-a7a2-29ba861f5d0c HTTP/1.1" 200 3268 433336 "-" "python-urllib3/1.26.5"
- - - [13/Feb/2023:10:16:28 -0500] "GET /v1/nodes/c72151a1-9382-4b4b-a7a2-29ba861f5d0c HTTP/1.1" 200 3268 628374 "-" "python-urllib3/1.26.5"
- - - [13/Feb/2023:10:16:51 -0500] "GET /v1/nodes?fields=uuid HTTP/1.1" 200 271 403471 "-" "ironic-inspector keystoneauth1/5.1.0 python-requests/2.28.1 CPython/3.9.14"
- - - [13/Feb/2023:10:16:59 -0500] "GET /v1/nodes/c72151a1-9382-4b4b-a7a2-29ba861f5d0c HTTP/1.1" 200 3268 405616 "-" "python-urllib3/1.26.5"
- - - [13/Feb/2023:10:17:29 -0500] "GET /v1/nodes/c72151a1-9382-4b4b-a7a2-29ba861f5d0c HTTP/1.1" 200 3268 559600 "-" "python-urllib3/1.26.5"
- - - [13/Feb/2023:10:17:51 -0500] "GET /v1/nodes?fields=uuid HTTP/1.1" 200 271 448295 "-" "ironic-inspector keystoneauth1/5.1.0 python-requests/2.28.1 CPython/3.9.14"
- - - [13/Feb/2023:10:18:00 -0500] "GET /v1/nodes/c72151a1-9382-4b4b-a7a2-29ba861f5d0c HTTP/1.1" 200 3268 365869 "-" "python-urllib3/1.26.5"
- - - [13/Feb/2023:10:18:30 -0500] "GET /v1/nodes/c72151a1-9382-4b4b-a7a2-29ba861f5d0c HTTP/1.1" 200 3268 398673 "-" "python-urllib3/1.26.5"
- - - [13/Feb/2023:10:18:51 -0500] "GET /v1/nodes?fields=uuid HTTP/1.1" 200 271 374720 "-" "ironic-inspector keystoneauth1/5.1.0 python-requests/2.28.1 CPython/3.9.14"
- - - [13/Feb/2023:10:19:00 -0500] "GET /v1/nodes/c72151a1-9382-4b4b-a7a2-29ba861f5d0c HTTP/1.1" 200 3268 399940 "-" "python-urllib3/1.26.5"
- - - [13/Feb/2023:10:19:31 -0500] "GET /v1/nodes/c72151a1-9382-4b4b-a7a2-29ba861f5d0c HTTP/1.1" 200 3268 461987 "-" "python-urllib3/1.26.5"
- - - [13/Feb/2023:10:19:51 -0500] "GET /v1/nodes?fields=uuid HTTP/1.1" 200 271 610711 "-" "ironic-inspector keystoneauth1/5.1.0 python-requests/2.28.1 CPython/3.9.14"
- - - [13/Feb/2023:10:20:01 -0500] "GET /v1/nodes/c72151a1-9382-4b4b-a7a2-29ba861f5d0c HTTP/1.1" 200 3268 554013 "-" "python-urllib3/1.26.5"
- - - [13/Feb/2023:10:20:32 -0500] "GET /v1/nodes/c72151a1-9382-4b4b-a7a2-29ba861f5d0c HTTP/1.1" 200 3268 663979 "-" "python-urllib3/1.26.5"
- - - [13/Feb/2023:10:20:51 -0500] "GET /v1/nodes?fields=uuid HTTP/1.1" 200 271 432844 "-" "ironic-inspector keystoneauth1/5.1.0 python-requests/2.28.1 CPython/3.9.14"
- - - [13/Feb/2023:10:21:03 -0500] "GET /v1/nodes/c72151a1-9382-4b4b-a7a2-29ba861f5d0c HTTP/1.1" 200 3268 589444 "-" "python-urllib3/1.26.5"
- - - [13/Feb/2023:10:21:33 -0500] "GET /v1/nodes/c72151a1-9382-4b4b-a7a2-29ba861f5d0c HTTP/1.1" 200 3268 444906 "-" "python-urllib3/1.26.5"
- - - [13/Feb/2023:10:21:51 -0500] "GET /v1/nodes?fields=uuid HTTP/1.1" 200 271 401338 "-" "ironic-inspector keystoneauth1/5.1.0 python-requests/2.28.1 CPython/3.9.14"
- - - [13/Feb/2023:10:22:04 -0500] "GET /v1/nodes/c72151a1-9382-4b4b-a7a2-29ba861f5d0c HTTP/1.1" 200 3268 487646 "-" "python-urllib3/1.26.5"
- - - [13/Feb/2023:10:22:34 -0500] "GET /v1/nodes/c72151a1-9382-4b4b-a7a2-29ba861f5d0c HTTP/1.1" 200 3268 388526 "-" "python-urllib3/1.26.5"
- - - [13/Feb/2023:10:22:51 -0500] "GET /v1/nodes?fields=uuid HTTP/1.1" 200 271 389544 "-" "ironic-inspector keystoneauth1/5.1.0 python-requests/2.28.1 CPython/3.9.14"
- - - [13/Feb/2023:10:23:05 -0500] "GET /v1/nodes/c72151a1-9382-4b4b-a7a2-29ba861f5d0c HTTP/1.1" 200 3268 389105 "-" "python-urllib3/1.26.5"
- - - [13/Feb/2023:10:23:35 -0500] "GET /v1/nodes/c72151a1-9382-4b4b-a7a2-29ba861f5d0c HTTP/1.1" 200 3268 372230 "-" "python-urllib3/1.26.5"
- - - [13/Feb/2023:10:23:51 -0500] "GET /v1/nodes?fields=uuid HTTP/1.1" 200 271 375243 "-" "ironic-inspector keystoneauth1/5.1.0 python-requests/2.28.1 CPython/3.9.14"
- - - [13/Feb/2023:10:24:05 -0500] "GET /v1/nodes/c72151a1-9382-4b4b-a7a2-29ba861f5d0c HTTP/1.1" 200 3268 352795 "-" "python-urllib3/1.26.5"
- - - [13/Feb/2023:10:24:36 -0500] "GET /v1/nodes/c72151a1-9382-4b4b-a7a2-29ba861f5d0c HTTP/1.1" 200 3268 375914 "-" "python-urllib3/1.26.5"
- - - [13/Feb/2023:10:24:51 -0500] "GET /v1/nodes?fields=uuid HTTP/1.1" 200 271 339868 "-" "ironic-inspector keystoneauth1/5.1.0 python-requests/2.28.1 CPython/3.9.14"
- - - [13/Feb/2023:10:25:06 -0500] "GET /v1/nodes/c72151a1-9382-4b4b-a7a2-29ba861f5d0c HTTP/1.1" 200 3268 545712 "-" "python-urllib3/1.26.5"
- - - [13/Feb/2023:10:25:37 -0500] "GET /v1/nodes/c72151a1-9382-4b4b-a7a2-29ba861f5d0c HTTP/1.1" 200 3268 526086 "-" "python-urllib3/1.26.5"
- - - [13/Feb/2023:10:25:51 -0500] "GET /v1/nodes?fields=uuid HTTP/1.1" 200 271 312927 "-" "ironic-inspector keystoneauth1/5.1.0 python-requests/2.28.1 CPython/3.9.14"
- - - [13/Feb/2023:10:26:07 -0500] "GET /v1/nodes/c72151a1-9382-4b4b-a7a2-29ba861f5d0c HTTP/1.1" 200 3268 435881 "-" "python-urllib3/1.26.5"
- - - [13/Feb/2023:10:26:38 -0500] "GET /v1/nodes/c72151a1-9382-4b4b-a7a2-29ba861f5d0c HTTP/1.1" 200 3268 375358 "-" "python-urllib3/1.26.5"
- - - [13/Feb/2023:10:26:51 -0500] "GET /v1/nodes?fields=uuid HTTP/1.1" 200 271 312231 "-" "ironic-inspector keystoneauth1/5.1.0 python-requests/2.28.1 CPython/3.9.14"
- - - [13/Feb/2023:10:27:08 -0500] "GET /v1/nodes/c72151a1-9382-4b4b-a7a2-29ba861f5d0c HTTP/1.1" 200 3268 351917 "-" "python-urllib3/1.26.5"
- - - [13/Feb/2023:10:27:39 -0500] "GET /v1/nodes/c72151a1-9382-4b4b-a7a2-29ba861f5d0c HTTP/1.1" 200 3268 367623 "-" "python-urllib3/1.26.5"
- - - [13/Feb/2023:10:27:51 -0500] "GET /v1/nodes?fields=uuid HTTP/1.1" 200 271 372133 "-" "ironic-inspector keystoneauth1/5.1.0 python-requests/2.28.1 CPython/3.9.14"
- - - [13/Feb/2023:10:28:09 -0500] "GET /v1/nodes/c72151a1-9382-4b4b-a7a2-29ba861f5d0c HTTP/1.1" 200 3283 411662 "-" "python-urllib3/1.26.5"
- - - [13/Feb/2023:10:28:10 -0500] "GET /v1/nodes/c72151a1-9382-4b4b-a7a2-29ba861f5d0c/vifs HTTP/1.1" 200 12 715441 "-" "python-urllib3/1.26.5"
- - - [13/Feb/2023:10:28:51 -0500] "GET /v1/nodes?fields=uuid HTTP/1.1" 200 271 488119 "-" "ironic-inspector keystoneauth1/5.1.0 python-requests/2.28.1 CPython/3.9.14"
