2023-02-17 04:07:45,484 p=5723 u=root n=ansible | [WARNING]: Invalid characters were found in group names but not replaced, use
-vvvv to see details

2023-02-17 04:07:47,500 p=5723 u=root n=ansible | PLAY [Gather facts for all hosts] **********************************************
2023-02-17 04:07:47,768 p=5723 u=root n=ansible | TASK [Gather facts] ************************************************************
2023-02-17 04:07:57,153 p=5723 u=root n=ansible | ok: [localhost]
2023-02-17 04:07:57,242 p=5723 u=root n=ansible | TASK [Group hosts to determine when using --limit] *****************************
2023-02-17 04:07:57,308 p=5723 u=root n=ansible | ok: [localhost]
2023-02-17 04:07:57,471 p=5723 u=root n=ansible | [WARNING]: Could not match supplied host pattern, ignoring:
all_using_limit_True

2023-02-17 04:07:57,479 p=5723 u=root n=ansible | PLAY [Gather facts for all hosts (if using --limit)] ***************************
2023-02-17 04:07:57,480 p=5723 u=root n=ansible | skipping: no hosts matched
2023-02-17 04:07:57,487 p=5723 u=root n=ansible | PLAY [Apply role baremetal] ****************************************************
2023-02-17 04:07:57,717 p=5723 u=root n=ansible | TASK [openstack.kolla.baremetal : Ensure localhost in /etc/hosts] **************
2023-02-17 04:07:58,708 p=5723 u=root n=ansible | changed: [localhost]
2023-02-17 04:07:58,794 p=5723 u=root n=ansible | TASK [openstack.kolla.baremetal : Ensure hostname does not point to 127.0.1.1 in /etc/hosts] ***
2023-02-17 04:07:59,374 p=5723 u=root n=ansible | ok: [localhost]
2023-02-17 04:07:59,462 p=5723 u=root n=ansible | TASK [openstack.kolla.baremetal : Generate /etc/hosts for all of the nodes] ****
2023-02-17 04:08:01,034 p=5723 u=root n=ansible | changed: [localhost]
2023-02-17 04:08:01,135 p=5723 u=root n=ansible | TASK [openstack.kolla.baremetal : Ensure unprivileged users can use ping] ******
2023-02-17 04:08:02,169 p=5723 u=root n=ansible | changed: [localhost]
2023-02-17 04:08:02,277 p=5723 u=root n=ansible | TASK [openstack.kolla.baremetal : Ensure /etc/cloud/cloud.cfg exists] **********
2023-02-17 04:08:03,237 p=5723 u=root n=ansible | ok: [localhost]
2023-02-17 04:08:03,347 p=5723 u=root n=ansible | TASK [openstack.kolla.baremetal : Disable cloud-init manage_etc_hosts] *********
2023-02-17 04:08:04,809 p=5723 u=root n=ansible | changed: [localhost]
2023-02-17 04:08:04,907 p=5723 u=root n=ansible | TASK [openstack.kolla.baremetal : Set firewall default policy] *****************
2023-02-17 04:08:04,959 p=5723 u=root n=ansible | skipping: [localhost]
2023-02-17 04:08:05,088 p=5723 u=root n=ansible | TASK [openstack.kolla.baremetal : Check if firewalld is installed] *************
2023-02-17 04:08:06,059 p=5723 u=root n=ansible | ok: [localhost]
2023-02-17 04:08:06,165 p=5723 u=root n=ansible | TASK [openstack.kolla.baremetal : Disable firewalld] ***************************
2023-02-17 04:08:06,226 p=5723 u=root n=ansible | skipping: [localhost] => (item=firewalld) 
2023-02-17 04:08:06,312 p=5723 u=root n=ansible | TASK [openstack.kolla.docker : Fail if docker_custom_option is defined] ********
2023-02-17 04:08:06,399 p=5723 u=root n=ansible | skipping: [localhost]
2023-02-17 04:08:06,481 p=5723 u=root n=ansible | TASK [openstack.kolla.docker : include_tasks] **********************************
2023-02-17 04:08:06,523 p=5723 u=root n=ansible | skipping: [localhost]
2023-02-17 04:08:06,606 p=5723 u=root n=ansible | TASK [openstack.kolla.docker : Ensure docker config directory exists] **********
2023-02-17 04:08:07,475 p=5723 u=root n=ansible | ok: [localhost]
2023-02-17 04:08:07,561 p=5723 u=root n=ansible | TASK [openstack.kolla.docker : Write docker config] ****************************
2023-02-17 04:08:08,855 p=5723 u=root n=ansible | changed: [localhost]
2023-02-17 04:08:08,946 p=5723 u=root n=ansible | TASK [openstack.kolla.docker : Remove old docker options file] *****************
2023-02-17 04:08:09,515 p=5723 u=root n=ansible | ok: [localhost]
2023-02-17 04:08:09,725 p=5723 u=root n=ansible | TASK [openstack.kolla.docker : Ensure docker service directory exists] *********
2023-02-17 04:08:09,838 p=5723 u=root n=ansible | skipping: [localhost]
2023-02-17 04:08:09,981 p=5723 u=root n=ansible | TASK [openstack.kolla.docker : Configure docker service] ***********************
2023-02-17 04:08:10,060 p=5723 u=root n=ansible | skipping: [localhost]
2023-02-17 04:08:10,145 p=5723 u=root n=ansible | TASK [openstack.kolla.docker : Ensure the path for CA file for private registry exists] ***
2023-02-17 04:08:10,200 p=5723 u=root n=ansible | skipping: [localhost]
2023-02-17 04:08:10,287 p=5723 u=root n=ansible | TASK [openstack.kolla.docker : Ensure the CA file for private registry exists] ***
2023-02-17 04:08:10,339 p=5723 u=root n=ansible | skipping: [localhost]
2023-02-17 04:08:10,426 p=5723 u=root n=ansible | TASK [openstack.kolla.docker : Flush handlers] *********************************
2023-02-17 04:08:10,427 p=5723 u=root n=ansible | RUNNING HANDLER [openstack.kolla.docker : Restart docker] **********************
2023-02-17 04:08:13,822 p=5723 u=root n=ansible | changed: [localhost]
2023-02-17 04:08:13,909 p=5723 u=root n=ansible | TASK [openstack.kolla.docker : Start and enable docker] ************************
2023-02-17 04:08:14,845 p=5723 u=root n=ansible | ok: [localhost]
2023-02-17 04:08:14,928 p=5723 u=root n=ansible | TASK [openstack.kolla.docker : include_tasks] **********************************
2023-02-17 04:08:14,978 p=5723 u=root n=ansible | skipping: [localhost]
2023-02-17 04:08:15,145 p=5723 u=root n=ansible | TASK [openstack.kolla.kolla_user : Ensure groups are present] ******************
2023-02-17 04:08:15,207 p=5723 u=root n=ansible | skipping: [localhost] => (item=docker) 
2023-02-17 04:08:15,220 p=5723 u=root n=ansible | skipping: [localhost] => (item=sudo) 
2023-02-17 04:08:15,227 p=5723 u=root n=ansible | skipping: [localhost] => (item=kolla) 
2023-02-17 04:08:15,312 p=5723 u=root n=ansible | TASK [openstack.kolla.kolla_user : Create kolla user] **************************
2023-02-17 04:08:15,360 p=5723 u=root n=ansible | skipping: [localhost]
2023-02-17 04:08:15,450 p=5723 u=root n=ansible | TASK [openstack.kolla.kolla_user : Add public key to kolla user authorized keys] ***
2023-02-17 04:08:15,504 p=5723 u=root n=ansible | skipping: [localhost]
2023-02-17 04:08:15,616 p=5723 u=root n=ansible | TASK [openstack.kolla.kolla_user : Grant kolla user passwordless sudo] *********
2023-02-17 04:08:15,672 p=5723 u=root n=ansible | skipping: [localhost]
2023-02-17 04:08:15,893 p=5723 u=root n=ansible | TASK [openstack.kolla.docker_sdk : Install latest pip in the virtualenv] *******
2023-02-17 04:08:15,967 p=5723 u=root n=ansible | skipping: [localhost]
2023-02-17 04:08:16,117 p=5723 u=root n=ansible | TASK [openstack.kolla.docker_sdk : Install docker SDK for python] **************
2023-02-17 04:08:21,634 p=5723 u=root n=ansible | ok: [localhost]
2023-02-17 04:08:21,801 p=5723 u=root n=ansible | TASK [openstack.kolla.baremetal : Ensure node_config_directory directory exists] ***
2023-02-17 04:08:22,304 p=5723 u=root n=ansible | ok: [localhost]
2023-02-17 04:08:22,384 p=5723 u=root n=ansible | TASK [openstack.kolla.apparmor_libvirt : include_tasks] ************************
2023-02-17 04:08:22,421 p=5723 u=root n=ansible | skipping: [localhost]
2023-02-17 04:08:22,582 p=5723 u=root n=ansible | TASK [openstack.kolla.baremetal : Change state of selinux] *********************
2023-02-17 04:08:23,963 p=5723 u=root n=ansible | ok: [localhost]
2023-02-17 04:08:24,048 p=5723 u=root n=ansible | TASK [openstack.kolla.baremetal : Set https proxy for git] *********************
2023-02-17 04:08:24,093 p=5723 u=root n=ansible | skipping: [localhost]
2023-02-17 04:08:24,181 p=5723 u=root n=ansible | TASK [openstack.kolla.baremetal : Set http proxy for git] **********************
2023-02-17 04:08:24,225 p=5723 u=root n=ansible | skipping: [localhost]
2023-02-17 04:08:24,314 p=5723 u=root n=ansible | TASK [openstack.kolla.baremetal : include_tasks] *******************************
2023-02-17 04:08:24,361 p=5723 u=root n=ansible | skipping: [localhost]
2023-02-17 04:08:24,605 p=5723 u=root n=ansible | PLAY RECAP *********************************************************************
2023-02-17 04:08:24,605 p=5723 u=root n=ansible | localhost                  : ok=17   changed=6    unreachable=0    failed=0    skipped=18   rescued=0    ignored=0   
