2023-03-17 13:36:00,664 p=5753 u=root n=ansible | [WARNING]: Invalid characters were found in group names but not replaced, use
-vvvv to see details

2023-03-17 13:36:02,723 p=5753 u=root n=ansible | PLAY [Gather facts for all hosts] **********************************************
2023-03-17 13:36:03,030 p=5753 u=root n=ansible | TASK [Gather facts] ************************************************************
2023-03-17 13:36:06,532 p=5753 u=root n=ansible | ok: [localhost]
2023-03-17 13:36:06,632 p=5753 u=root n=ansible | TASK [Group hosts to determine when using --limit] *****************************
2023-03-17 13:36:06,703 p=5753 u=root n=ansible | ok: [localhost]
2023-03-17 13:36:06,884 p=5753 u=root n=ansible | [WARNING]: Could not match supplied host pattern, ignoring:
all_using_limit_True

2023-03-17 13:36:06,892 p=5753 u=root n=ansible | PLAY [Gather facts for all hosts (if using --limit)] ***************************
2023-03-17 13:36:06,893 p=5753 u=root n=ansible | skipping: no hosts matched
2023-03-17 13:36:06,901 p=5753 u=root n=ansible | PLAY [Apply role baremetal] ****************************************************
2023-03-17 13:36:07,113 p=5753 u=root n=ansible | TASK [openstack.kolla.baremetal : Ensure localhost in /etc/hosts] **************
2023-03-17 13:36:07,964 p=5753 u=root n=ansible | changed: [localhost]
2023-03-17 13:36:08,057 p=5753 u=root n=ansible | TASK [openstack.kolla.baremetal : Ensure hostname does not point to 127.0.1.1 in /etc/hosts] ***
2023-03-17 13:36:08,602 p=5753 u=root n=ansible | ok: [localhost]
2023-03-17 13:36:08,691 p=5753 u=root n=ansible | TASK [openstack.kolla.baremetal : Generate /etc/hosts for all of the nodes] ****
2023-03-17 13:36:10,132 p=5753 u=root n=ansible | changed: [localhost]
2023-03-17 13:36:10,225 p=5753 u=root n=ansible | TASK [openstack.kolla.baremetal : Ensure unprivileged users can use ping] ******
2023-03-17 13:36:11,197 p=5753 u=root n=ansible | changed: [localhost]
2023-03-17 13:36:11,338 p=5753 u=root n=ansible | TASK [openstack.kolla.baremetal : Ensure /etc/cloud/cloud.cfg exists] **********
2023-03-17 13:36:12,372 p=5753 u=root n=ansible | ok: [localhost]
2023-03-17 13:36:12,469 p=5753 u=root n=ansible | TASK [openstack.kolla.baremetal : Disable cloud-init manage_etc_hosts] *********
2023-03-17 13:36:13,875 p=5753 u=root n=ansible | changed: [localhost]
2023-03-17 13:36:13,971 p=5753 u=root n=ansible | TASK [openstack.kolla.baremetal : Set firewall default policy] *****************
2023-03-17 13:36:14,017 p=5753 u=root n=ansible | skipping: [localhost]
2023-03-17 13:36:14,108 p=5753 u=root n=ansible | TASK [openstack.kolla.baremetal : Check if firewalld is installed] *************
2023-03-17 13:36:14,999 p=5753 u=root n=ansible | ok: [localhost]
2023-03-17 13:36:15,089 p=5753 u=root n=ansible | TASK [openstack.kolla.baremetal : Disable firewalld] ***************************
2023-03-17 13:36:15,144 p=5753 u=root n=ansible | skipping: [localhost] => (item=firewalld) 
2023-03-17 13:36:15,241 p=5753 u=root n=ansible | TASK [openstack.kolla.docker : Fail if docker_custom_option is defined] ********
2023-03-17 13:36:15,290 p=5753 u=root n=ansible | skipping: [localhost]
2023-03-17 13:36:15,398 p=5753 u=root n=ansible | TASK [openstack.kolla.docker : include_tasks] **********************************
2023-03-17 13:36:15,446 p=5753 u=root n=ansible | skipping: [localhost]
2023-03-17 13:36:15,577 p=5753 u=root n=ansible | TASK [openstack.kolla.docker : Ensure docker config directory exists] **********
2023-03-17 13:36:16,751 p=5753 u=root n=ansible | ok: [localhost]
2023-03-17 13:36:16,886 p=5753 u=root n=ansible | TASK [openstack.kolla.docker : Write docker config] ****************************
2023-03-17 13:36:18,405 p=5753 u=root n=ansible | changed: [localhost]
2023-03-17 13:36:18,530 p=5753 u=root n=ansible | TASK [openstack.kolla.docker : Remove old docker options file] *****************
2023-03-17 13:36:19,048 p=5753 u=root n=ansible | ok: [localhost]
2023-03-17 13:36:19,143 p=5753 u=root n=ansible | TASK [openstack.kolla.docker : Ensure docker service directory exists] *********
2023-03-17 13:36:19,190 p=5753 u=root n=ansible | skipping: [localhost]
2023-03-17 13:36:19,306 p=5753 u=root n=ansible | TASK [openstack.kolla.docker : Configure docker service] ***********************
2023-03-17 13:36:19,363 p=5753 u=root n=ansible | skipping: [localhost]
2023-03-17 13:36:19,482 p=5753 u=root n=ansible | TASK [openstack.kolla.docker : Ensure the path for CA file for private registry exists] ***
2023-03-17 13:36:19,563 p=5753 u=root n=ansible | skipping: [localhost]
2023-03-17 13:36:19,654 p=5753 u=root n=ansible | TASK [openstack.kolla.docker : Ensure the CA file for private registry exists] ***
2023-03-17 13:36:19,712 p=5753 u=root n=ansible | skipping: [localhost]
2023-03-17 13:36:19,806 p=5753 u=root n=ansible | TASK [openstack.kolla.docker : Flush handlers] *********************************
2023-03-17 13:36:19,807 p=5753 u=root n=ansible | RUNNING HANDLER [openstack.kolla.docker : Restart docker] **********************
2023-03-17 13:36:24,624 p=5753 u=root n=ansible | changed: [localhost]
2023-03-17 13:36:24,714 p=5753 u=root n=ansible | TASK [openstack.kolla.docker : Start and enable docker] ************************
2023-03-17 13:36:25,578 p=5753 u=root n=ansible | ok: [localhost]
2023-03-17 13:36:25,672 p=5753 u=root n=ansible | TASK [openstack.kolla.docker : include_tasks] **********************************
2023-03-17 13:36:25,714 p=5753 u=root n=ansible | skipping: [localhost]
2023-03-17 13:36:25,899 p=5753 u=root n=ansible | TASK [openstack.kolla.kolla_user : Ensure groups are present] ******************
2023-03-17 13:36:25,952 p=5753 u=root n=ansible | skipping: [localhost] => (item=docker) 
2023-03-17 13:36:25,954 p=5753 u=root n=ansible | skipping: [localhost] => (item=sudo) 
2023-03-17 13:36:25,963 p=5753 u=root n=ansible | skipping: [localhost] => (item=kolla) 
2023-03-17 13:36:26,058 p=5753 u=root n=ansible | TASK [openstack.kolla.kolla_user : Create kolla user] **************************
2023-03-17 13:36:26,103 p=5753 u=root n=ansible | skipping: [localhost]
2023-03-17 13:36:26,198 p=5753 u=root n=ansible | TASK [openstack.kolla.kolla_user : Add public key to kolla user authorized keys] ***
2023-03-17 13:36:26,242 p=5753 u=root n=ansible | skipping: [localhost]
2023-03-17 13:36:26,334 p=5753 u=root n=ansible | TASK [openstack.kolla.kolla_user : Grant kolla user passwordless sudo] *********
2023-03-17 13:36:26,373 p=5753 u=root n=ansible | skipping: [localhost]
2023-03-17 13:36:26,639 p=5753 u=root n=ansible | TASK [openstack.kolla.docker_sdk : Install latest pip in the virtualenv] *******
2023-03-17 13:36:26,712 p=5753 u=root n=ansible | skipping: [localhost]
2023-03-17 13:36:26,884 p=5753 u=root n=ansible | TASK [openstack.kolla.docker_sdk : Install docker SDK for python] **************
2023-03-17 13:36:53,598 p=5753 u=root n=ansible | ok: [localhost]
2023-03-17 13:36:53,763 p=5753 u=root n=ansible | TASK [openstack.kolla.baremetal : Ensure node_config_directory directory exists] ***
2023-03-17 13:36:54,263 p=5753 u=root n=ansible | ok: [localhost]
2023-03-17 13:36:54,349 p=5753 u=root n=ansible | TASK [openstack.kolla.apparmor_libvirt : include_tasks] ************************
2023-03-17 13:36:54,399 p=5753 u=root n=ansible | skipping: [localhost]
2023-03-17 13:36:54,571 p=5753 u=root n=ansible | TASK [openstack.kolla.baremetal : Change state of selinux] *********************
2023-03-17 13:36:56,189 p=5753 u=root n=ansible | ok: [localhost]
2023-03-17 13:36:56,282 p=5753 u=root n=ansible | TASK [openstack.kolla.baremetal : Set https proxy for git] *********************
2023-03-17 13:36:56,326 p=5753 u=root n=ansible | skipping: [localhost]
2023-03-17 13:36:56,412 p=5753 u=root n=ansible | TASK [openstack.kolla.baremetal : Set http proxy for git] **********************
2023-03-17 13:36:56,453 p=5753 u=root n=ansible | skipping: [localhost]
2023-03-17 13:36:56,538 p=5753 u=root n=ansible | TASK [openstack.kolla.baremetal : include_tasks] *******************************
2023-03-17 13:36:56,579 p=5753 u=root n=ansible | skipping: [localhost]
2023-03-17 13:36:56,831 p=5753 u=root n=ansible | PLAY RECAP *********************************************************************
2023-03-17 13:36:56,832 p=5753 u=root n=ansible | localhost                  : ok=17   changed=6    unreachable=0    failed=0    skipped=18   rescued=0    ignored=0   
