2023-02-09 12:48:11,985 p=5305 u=root n=ansible | [WARNING]: Invalid characters were found in group names but not replaced, use
-vvvv to see details

2023-02-09 12:48:16,167 p=5305 u=root n=ansible | PLAY [Gather facts for all hosts] **********************************************
2023-02-09 12:48:16,628 p=5305 u=root n=ansible | TASK [Gather facts] ************************************************************
2023-02-09 12:48:27,568 p=5305 u=root n=ansible | ok: [localhost]
2023-02-09 12:48:27,655 p=5305 u=root n=ansible | TASK [Group hosts to determine when using --limit] *****************************
2023-02-09 12:48:27,724 p=5305 u=root n=ansible | ok: [localhost]
2023-02-09 12:48:27,895 p=5305 u=root n=ansible | [WARNING]: Could not match supplied host pattern, ignoring:
all_using_limit_True

2023-02-09 12:48:27,903 p=5305 u=root n=ansible | PLAY [Gather facts for all hosts (if using --limit)] ***************************
2023-02-09 12:48:27,903 p=5305 u=root n=ansible | skipping: no hosts matched
2023-02-09 12:48:27,911 p=5305 u=root n=ansible | PLAY [Apply role baremetal] ****************************************************
2023-02-09 12:48:28,116 p=5305 u=root n=ansible | TASK [openstack.kolla.baremetal : Ensure localhost in /etc/hosts] **************
2023-02-09 12:48:29,069 p=5305 u=root n=ansible | changed: [localhost]
2023-02-09 12:48:29,151 p=5305 u=root n=ansible | TASK [openstack.kolla.baremetal : Ensure hostname does not point to 127.0.1.1 in /etc/hosts] ***
2023-02-09 12:48:29,693 p=5305 u=root n=ansible | ok: [localhost]
2023-02-09 12:48:29,806 p=5305 u=root n=ansible | TASK [openstack.kolla.baremetal : Generate /etc/hosts for all of the nodes] ****
2023-02-09 12:48:31,366 p=5305 u=root n=ansible | changed: [localhost]
2023-02-09 12:48:31,447 p=5305 u=root n=ansible | TASK [openstack.kolla.baremetal : Ensure unprivileged users can use ping] ******
2023-02-09 12:48:32,439 p=5305 u=root n=ansible | changed: [localhost]
2023-02-09 12:48:32,528 p=5305 u=root n=ansible | TASK [openstack.kolla.baremetal : Ensure /etc/cloud/cloud.cfg exists] **********
2023-02-09 12:48:33,935 p=5305 u=root n=ansible | ok: [localhost]
2023-02-09 12:48:34,028 p=5305 u=root n=ansible | TASK [openstack.kolla.baremetal : Disable cloud-init manage_etc_hosts] *********
2023-02-09 12:48:35,752 p=5305 u=root n=ansible | changed: [localhost]
2023-02-09 12:48:35,839 p=5305 u=root n=ansible | TASK [openstack.kolla.baremetal : Set firewall default policy] *****************
2023-02-09 12:48:35,904 p=5305 u=root n=ansible | skipping: [localhost]
2023-02-09 12:48:35,993 p=5305 u=root n=ansible | TASK [openstack.kolla.baremetal : Check if firewalld is installed] *************
2023-02-09 12:48:36,798 p=5305 u=root n=ansible | ok: [localhost]
2023-02-09 12:48:36,884 p=5305 u=root n=ansible | TASK [openstack.kolla.baremetal : Disable firewalld] ***************************
2023-02-09 12:48:36,939 p=5305 u=root n=ansible | skipping: [localhost] => (item=firewalld) 
2023-02-09 12:48:37,025 p=5305 u=root n=ansible | TASK [openstack.kolla.docker : Fail if docker_custom_option is defined] ********
2023-02-09 12:48:37,073 p=5305 u=root n=ansible | skipping: [localhost]
2023-02-09 12:48:37,154 p=5305 u=root n=ansible | TASK [openstack.kolla.docker : include_tasks] **********************************
2023-02-09 12:48:37,192 p=5305 u=root n=ansible | skipping: [localhost]
2023-02-09 12:48:37,270 p=5305 u=root n=ansible | TASK [openstack.kolla.docker : Ensure docker config directory exists] **********
2023-02-09 12:48:38,067 p=5305 u=root n=ansible | changed: [localhost]
2023-02-09 12:48:38,168 p=5305 u=root n=ansible | TASK [openstack.kolla.docker : Write docker config] ****************************
2023-02-09 12:48:39,268 p=5305 u=root n=ansible | changed: [localhost]
2023-02-09 12:48:39,348 p=5305 u=root n=ansible | TASK [openstack.kolla.docker : Remove old docker options file] *****************
2023-02-09 12:48:39,802 p=5305 u=root n=ansible | ok: [localhost]
2023-02-09 12:48:39,883 p=5305 u=root n=ansible | TASK [openstack.kolla.docker : Ensure docker service directory exists] *********
2023-02-09 12:48:39,929 p=5305 u=root n=ansible | skipping: [localhost]
2023-02-09 12:48:40,023 p=5305 u=root n=ansible | TASK [openstack.kolla.docker : Configure docker service] ***********************
2023-02-09 12:48:40,090 p=5305 u=root n=ansible | skipping: [localhost]
2023-02-09 12:48:40,168 p=5305 u=root n=ansible | TASK [openstack.kolla.docker : Ensure the path for CA file for private registry exists] ***
2023-02-09 12:48:40,213 p=5305 u=root n=ansible | skipping: [localhost]
2023-02-09 12:48:40,294 p=5305 u=root n=ansible | TASK [openstack.kolla.docker : Ensure the CA file for private registry exists] ***
2023-02-09 12:48:40,345 p=5305 u=root n=ansible | skipping: [localhost]
2023-02-09 12:48:40,425 p=5305 u=root n=ansible | TASK [openstack.kolla.docker : Flush handlers] *********************************
2023-02-09 12:48:40,425 p=5305 u=root n=ansible | RUNNING HANDLER [openstack.kolla.docker : Restart docker] **********************
2023-02-09 12:48:42,969 p=5305 u=root n=ansible | changed: [localhost]
2023-02-09 12:48:43,051 p=5305 u=root n=ansible | TASK [openstack.kolla.docker : Start and enable docker] ************************
2023-02-09 12:48:43,909 p=5305 u=root n=ansible | ok: [localhost]
2023-02-09 12:48:43,994 p=5305 u=root n=ansible | TASK [openstack.kolla.docker : include_tasks] **********************************
2023-02-09 12:48:44,032 p=5305 u=root n=ansible | skipping: [localhost]
2023-02-09 12:48:44,187 p=5305 u=root n=ansible | TASK [openstack.kolla.kolla_user : Ensure groups are present] ******************
2023-02-09 12:48:44,232 p=5305 u=root n=ansible | skipping: [localhost] => (item=docker) 
2023-02-09 12:48:44,236 p=5305 u=root n=ansible | skipping: [localhost] => (item=sudo) 
2023-02-09 12:48:44,242 p=5305 u=root n=ansible | skipping: [localhost] => (item=kolla) 
2023-02-09 12:48:44,325 p=5305 u=root n=ansible | TASK [openstack.kolla.kolla_user : Create kolla user] **************************
2023-02-09 12:48:44,362 p=5305 u=root n=ansible | skipping: [localhost]
2023-02-09 12:48:44,441 p=5305 u=root n=ansible | TASK [openstack.kolla.kolla_user : Add public key to kolla user authorized keys] ***
2023-02-09 12:48:44,478 p=5305 u=root n=ansible | skipping: [localhost]
2023-02-09 12:48:44,566 p=5305 u=root n=ansible | TASK [openstack.kolla.kolla_user : Grant kolla user passwordless sudo] *********
2023-02-09 12:48:44,606 p=5305 u=root n=ansible | skipping: [localhost]
2023-02-09 12:48:44,765 p=5305 u=root n=ansible | TASK [openstack.kolla.docker_sdk : Install latest pip in the virtualenv] *******
2023-02-09 12:48:44,816 p=5305 u=root n=ansible | skipping: [localhost]
2023-02-09 12:48:44,897 p=5305 u=root n=ansible | TASK [openstack.kolla.docker_sdk : Install docker SDK for python] **************
2023-02-09 12:48:51,516 p=5305 u=root n=ansible | ok: [localhost]
2023-02-09 12:48:51,682 p=5305 u=root n=ansible | TASK [openstack.kolla.baremetal : Ensure node_config_directory directory exists] ***
2023-02-09 12:48:52,197 p=5305 u=root n=ansible | ok: [localhost]
2023-02-09 12:48:52,284 p=5305 u=root n=ansible | TASK [openstack.kolla.apparmor_libvirt : include_tasks] ************************
2023-02-09 12:48:52,322 p=5305 u=root n=ansible | skipping: [localhost]
2023-02-09 12:48:52,486 p=5305 u=root n=ansible | TASK [openstack.kolla.baremetal : Change state of selinux] *********************
2023-02-09 12:48:54,022 p=5305 u=root n=ansible | ok: [localhost]
2023-02-09 12:48:54,147 p=5305 u=root n=ansible | TASK [openstack.kolla.baremetal : Set https proxy for git] *********************
2023-02-09 12:48:54,200 p=5305 u=root n=ansible | skipping: [localhost]
2023-02-09 12:48:54,303 p=5305 u=root n=ansible | TASK [openstack.kolla.baremetal : Set http proxy for git] **********************
2023-02-09 12:48:54,359 p=5305 u=root n=ansible | skipping: [localhost]
2023-02-09 12:48:54,446 p=5305 u=root n=ansible | TASK [openstack.kolla.baremetal : include_tasks] *******************************
2023-02-09 12:48:54,502 p=5305 u=root n=ansible | skipping: [localhost]
2023-02-09 12:48:54,753 p=5305 u=root n=ansible | PLAY RECAP *********************************************************************
2023-02-09 12:48:54,754 p=5305 u=root n=ansible | localhost                  : ok=17   changed=7    unreachable=0    failed=0    skipped=18   rescued=0    ignored=0   
