2023-02-20 20:22:52,452 p=5739 u=root n=ansible | [WARNING]: Invalid characters were found in group names but not replaced, use
-vvvv to see details

2023-02-20 20:22:58,034 p=5739 u=root n=ansible | PLAY [Gather facts for all hosts] **********************************************
2023-02-20 20:22:58,709 p=5739 u=root n=ansible | TASK [Gather facts] ************************************************************
2023-02-20 20:23:11,318 p=5739 u=root n=ansible | ok: [localhost]
2023-02-20 20:23:11,490 p=5739 u=root n=ansible | TASK [Group hosts to determine when using --limit] *****************************
2023-02-20 20:23:11,599 p=5739 u=root n=ansible | ok: [localhost]
2023-02-20 20:23:11,772 p=5739 u=root n=ansible | [WARNING]: Could not match supplied host pattern, ignoring:
all_using_limit_True

2023-02-20 20:23:11,781 p=5739 u=root n=ansible | PLAY [Gather facts for all hosts (if using --limit)] ***************************
2023-02-20 20:23:11,781 p=5739 u=root n=ansible | skipping: no hosts matched
2023-02-20 20:23:11,790 p=5739 u=root n=ansible | PLAY [Apply role baremetal] ****************************************************
2023-02-20 20:23:12,146 p=5739 u=root n=ansible | TASK [openstack.kolla.baremetal : Ensure localhost in /etc/hosts] **************
2023-02-20 20:23:13,092 p=5739 u=root n=ansible | changed: [localhost]
2023-02-20 20:23:13,217 p=5739 u=root n=ansible | TASK [openstack.kolla.baremetal : Ensure hostname does not point to 127.0.1.1 in /etc/hosts] ***
2023-02-20 20:23:13,918 p=5739 u=root n=ansible | ok: [localhost]
2023-02-20 20:23:14,007 p=5739 u=root n=ansible | TASK [openstack.kolla.baremetal : Generate /etc/hosts for all of the nodes] ****
2023-02-20 20:23:15,544 p=5739 u=root n=ansible | changed: [localhost]
2023-02-20 20:23:15,660 p=5739 u=root n=ansible | TASK [openstack.kolla.baremetal : Ensure unprivileged users can use ping] ******
2023-02-20 20:23:16,647 p=5739 u=root n=ansible | changed: [localhost]
2023-02-20 20:23:16,732 p=5739 u=root n=ansible | TASK [openstack.kolla.baremetal : Ensure /etc/cloud/cloud.cfg exists] **********
2023-02-20 20:23:17,719 p=5739 u=root n=ansible | ok: [localhost]
2023-02-20 20:23:17,815 p=5739 u=root n=ansible | TASK [openstack.kolla.baremetal : Disable cloud-init manage_etc_hosts] *********
2023-02-20 20:23:19,174 p=5739 u=root n=ansible | changed: [localhost]
2023-02-20 20:23:19,294 p=5739 u=root n=ansible | TASK [openstack.kolla.baremetal : Set firewall default policy] *****************
2023-02-20 20:23:19,349 p=5739 u=root n=ansible | skipping: [localhost]
2023-02-20 20:23:19,489 p=5739 u=root n=ansible | TASK [openstack.kolla.baremetal : Check if firewalld is installed] *************
2023-02-20 20:23:20,523 p=5739 u=root n=ansible | ok: [localhost]
2023-02-20 20:23:20,623 p=5739 u=root n=ansible | TASK [openstack.kolla.baremetal : Disable firewalld] ***************************
2023-02-20 20:23:20,696 p=5739 u=root n=ansible | skipping: [localhost] => (item=firewalld) 
2023-02-20 20:23:20,826 p=5739 u=root n=ansible | TASK [openstack.kolla.docker : Fail if docker_custom_option is defined] ********
2023-02-20 20:23:20,991 p=5739 u=root n=ansible | skipping: [localhost]
2023-02-20 20:23:21,082 p=5739 u=root n=ansible | TASK [openstack.kolla.docker : include_tasks] **********************************
2023-02-20 20:23:21,126 p=5739 u=root n=ansible | skipping: [localhost]
2023-02-20 20:23:21,218 p=5739 u=root n=ansible | TASK [openstack.kolla.docker : Ensure docker config directory exists] **********
2023-02-20 20:23:22,121 p=5739 u=root n=ansible | ok: [localhost]
2023-02-20 20:23:22,207 p=5739 u=root n=ansible | TASK [openstack.kolla.docker : Write docker config] ****************************
2023-02-20 20:23:23,366 p=5739 u=root n=ansible | changed: [localhost]
2023-02-20 20:23:23,451 p=5739 u=root n=ansible | TASK [openstack.kolla.docker : Remove old docker options file] *****************
2023-02-20 20:23:23,925 p=5739 u=root n=ansible | ok: [localhost]
2023-02-20 20:23:24,063 p=5739 u=root n=ansible | TASK [openstack.kolla.docker : Ensure docker service directory exists] *********
2023-02-20 20:23:24,138 p=5739 u=root n=ansible | skipping: [localhost]
2023-02-20 20:23:24,284 p=5739 u=root n=ansible | TASK [openstack.kolla.docker : Configure docker service] ***********************
2023-02-20 20:23:24,353 p=5739 u=root n=ansible | skipping: [localhost]
2023-02-20 20:23:24,444 p=5739 u=root n=ansible | TASK [openstack.kolla.docker : Ensure the path for CA file for private registry exists] ***
2023-02-20 20:23:24,494 p=5739 u=root n=ansible | skipping: [localhost]
2023-02-20 20:23:24,588 p=5739 u=root n=ansible | TASK [openstack.kolla.docker : Ensure the CA file for private registry exists] ***
2023-02-20 20:23:24,637 p=5739 u=root n=ansible | skipping: [localhost]
2023-02-20 20:23:24,725 p=5739 u=root n=ansible | TASK [openstack.kolla.docker : Flush handlers] *********************************
2023-02-20 20:23:24,726 p=5739 u=root n=ansible | RUNNING HANDLER [openstack.kolla.docker : Restart docker] **********************
2023-02-20 20:23:28,016 p=5739 u=root n=ansible | changed: [localhost]
2023-02-20 20:23:28,118 p=5739 u=root n=ansible | TASK [openstack.kolla.docker : Start and enable docker] ************************
2023-02-20 20:23:29,141 p=5739 u=root n=ansible | ok: [localhost]
2023-02-20 20:23:29,230 p=5739 u=root n=ansible | TASK [openstack.kolla.docker : include_tasks] **********************************
2023-02-20 20:23:29,327 p=5739 u=root n=ansible | skipping: [localhost]
2023-02-20 20:23:29,523 p=5739 u=root n=ansible | TASK [openstack.kolla.kolla_user : Ensure groups are present] ******************
2023-02-20 20:23:29,590 p=5739 u=root n=ansible | skipping: [localhost] => (item=docker) 
2023-02-20 20:23:29,595 p=5739 u=root n=ansible | skipping: [localhost] => (item=sudo) 
2023-02-20 20:23:29,604 p=5739 u=root n=ansible | skipping: [localhost] => (item=kolla) 
2023-02-20 20:23:29,731 p=5739 u=root n=ansible | TASK [openstack.kolla.kolla_user : Create kolla user] **************************
2023-02-20 20:23:29,804 p=5739 u=root n=ansible | skipping: [localhost]
2023-02-20 20:23:29,910 p=5739 u=root n=ansible | TASK [openstack.kolla.kolla_user : Add public key to kolla user authorized keys] ***
2023-02-20 20:23:29,972 p=5739 u=root n=ansible | skipping: [localhost]
2023-02-20 20:23:30,066 p=5739 u=root n=ansible | TASK [openstack.kolla.kolla_user : Grant kolla user passwordless sudo] *********
2023-02-20 20:23:30,129 p=5739 u=root n=ansible | skipping: [localhost]
2023-02-20 20:23:30,310 p=5739 u=root n=ansible | TASK [openstack.kolla.docker_sdk : Install latest pip in the virtualenv] *******
2023-02-20 20:23:30,376 p=5739 u=root n=ansible | skipping: [localhost]
2023-02-20 20:23:30,465 p=5739 u=root n=ansible | TASK [openstack.kolla.docker_sdk : Install docker SDK for python] **************
2023-02-20 20:23:36,488 p=5739 u=root n=ansible | ok: [localhost]
2023-02-20 20:23:36,735 p=5739 u=root n=ansible | TASK [openstack.kolla.baremetal : Ensure node_config_directory directory exists] ***
2023-02-20 20:23:37,272 p=5739 u=root n=ansible | ok: [localhost]
2023-02-20 20:23:37,386 p=5739 u=root n=ansible | TASK [openstack.kolla.apparmor_libvirt : include_tasks] ************************
2023-02-20 20:23:37,424 p=5739 u=root n=ansible | skipping: [localhost]
2023-02-20 20:23:37,584 p=5739 u=root n=ansible | TASK [openstack.kolla.baremetal : Change state of selinux] *********************
2023-02-20 20:23:39,063 p=5739 u=root n=ansible | ok: [localhost]
2023-02-20 20:23:39,157 p=5739 u=root n=ansible | TASK [openstack.kolla.baremetal : Set https proxy for git] *********************
2023-02-20 20:23:39,208 p=5739 u=root n=ansible | skipping: [localhost]
2023-02-20 20:23:39,296 p=5739 u=root n=ansible | TASK [openstack.kolla.baremetal : Set http proxy for git] **********************
2023-02-20 20:23:39,336 p=5739 u=root n=ansible | skipping: [localhost]
2023-02-20 20:23:39,425 p=5739 u=root n=ansible | TASK [openstack.kolla.baremetal : include_tasks] *******************************
2023-02-20 20:23:39,469 p=5739 u=root n=ansible | skipping: [localhost]
2023-02-20 20:23:39,773 p=5739 u=root n=ansible | PLAY RECAP *********************************************************************
2023-02-20 20:23:39,773 p=5739 u=root n=ansible | localhost                  : ok=17   changed=6    unreachable=0    failed=0    skipped=18   rescued=0    ignored=0   
