2023-04-25 06:49:21,645 p=5754 u=root n=ansible | [WARNING]: Invalid characters were found in group names but not replaced, use
-vvvv to see details

2023-04-25 06:49:24,833 p=5754 u=root n=ansible | PLAY [Gather facts for all hosts] **********************************************
2023-04-25 06:49:25,347 p=5754 u=root n=ansible | TASK [Gather facts] ************************************************************
2023-04-25 06:49:29,546 p=5754 u=root n=ansible | ok: [localhost]
2023-04-25 06:49:29,634 p=5754 u=root n=ansible | TASK [Group hosts to determine when using --limit] *****************************
2023-04-25 06:49:29,733 p=5754 u=root n=ansible | ok: [localhost]
2023-04-25 06:49:29,956 p=5754 u=root n=ansible | [WARNING]: Could not match supplied host pattern, ignoring:
all_using_limit_True

2023-04-25 06:49:29,967 p=5754 u=root n=ansible | PLAY [Gather facts for all hosts (if using --limit)] ***************************
2023-04-25 06:49:29,967 p=5754 u=root n=ansible | skipping: no hosts matched
2023-04-25 06:49:29,977 p=5754 u=root n=ansible | PLAY [Apply role baremetal] ****************************************************
2023-04-25 06:49:30,253 p=5754 u=root n=ansible | TASK [openstack.kolla.baremetal : Ensure localhost in /etc/hosts] **************
2023-04-25 06:49:31,182 p=5754 u=root n=ansible | changed: [localhost]
2023-04-25 06:49:31,275 p=5754 u=root n=ansible | TASK [openstack.kolla.baremetal : Ensure hostname does not point to 127.0.1.1 in /etc/hosts] ***
2023-04-25 06:49:31,774 p=5754 u=root n=ansible | ok: [localhost]
2023-04-25 06:49:31,861 p=5754 u=root n=ansible | TASK [openstack.kolla.baremetal : Generate /etc/hosts for all of the nodes] ****
2023-04-25 06:49:33,340 p=5754 u=root n=ansible | changed: [localhost]
2023-04-25 06:49:33,469 p=5754 u=root n=ansible | TASK [openstack.kolla.baremetal : Ensure unprivileged users can use ping] ******
2023-04-25 06:49:34,492 p=5754 u=root n=ansible | changed: [localhost]
2023-04-25 06:49:34,577 p=5754 u=root n=ansible | TASK [openstack.kolla.baremetal : Ensure /etc/cloud/cloud.cfg exists] **********
2023-04-25 06:49:36,182 p=5754 u=root n=ansible | ok: [localhost]
2023-04-25 06:49:36,316 p=5754 u=root n=ansible | TASK [openstack.kolla.baremetal : Disable cloud-init manage_etc_hosts] *********
2023-04-25 06:49:37,903 p=5754 u=root n=ansible | changed: [localhost]
2023-04-25 06:49:37,990 p=5754 u=root n=ansible | TASK [openstack.kolla.baremetal : Set firewall default policy] *****************
2023-04-25 06:49:38,041 p=5754 u=root n=ansible | skipping: [localhost]
2023-04-25 06:49:38,131 p=5754 u=root n=ansible | TASK [openstack.kolla.baremetal : Check if firewalld is installed] *************
2023-04-25 06:49:39,173 p=5754 u=root n=ansible | ok: [localhost]
2023-04-25 06:49:39,280 p=5754 u=root n=ansible | TASK [openstack.kolla.baremetal : Disable firewalld] ***************************
2023-04-25 06:49:39,386 p=5754 u=root n=ansible | skipping: [localhost] => (item=firewalld) 
2023-04-25 06:49:39,498 p=5754 u=root n=ansible | TASK [openstack.kolla.docker : Fail if docker_custom_option is defined] ********
2023-04-25 06:49:39,586 p=5754 u=root n=ansible | skipping: [localhost]
2023-04-25 06:49:39,680 p=5754 u=root n=ansible | TASK [openstack.kolla.docker : include_tasks] **********************************
2023-04-25 06:49:39,729 p=5754 u=root n=ansible | skipping: [localhost]
2023-04-25 06:49:39,826 p=5754 u=root n=ansible | TASK [openstack.kolla.docker : Ensure docker config directory exists] **********
2023-04-25 06:49:40,799 p=5754 u=root n=ansible | ok: [localhost]
2023-04-25 06:49:40,909 p=5754 u=root n=ansible | TASK [openstack.kolla.docker : Write docker config] ****************************
2023-04-25 06:49:42,257 p=5754 u=root n=ansible | changed: [localhost]
2023-04-25 06:49:42,345 p=5754 u=root n=ansible | TASK [openstack.kolla.docker : Remove old docker options file] *****************
2023-04-25 06:49:42,884 p=5754 u=root n=ansible | ok: [localhost]
2023-04-25 06:49:42,968 p=5754 u=root n=ansible | TASK [openstack.kolla.docker : Ensure docker service directory exists] *********
2023-04-25 06:49:43,016 p=5754 u=root n=ansible | skipping: [localhost]
2023-04-25 06:49:43,206 p=5754 u=root n=ansible | TASK [openstack.kolla.docker : Configure docker service] ***********************
2023-04-25 06:49:43,254 p=5754 u=root n=ansible | skipping: [localhost]
2023-04-25 06:49:43,340 p=5754 u=root n=ansible | TASK [openstack.kolla.docker : Ensure the path for CA file for private registry exists] ***
2023-04-25 06:49:43,404 p=5754 u=root n=ansible | skipping: [localhost]
2023-04-25 06:49:43,491 p=5754 u=root n=ansible | TASK [openstack.kolla.docker : Ensure the CA file for private registry exists] ***
2023-04-25 06:49:43,543 p=5754 u=root n=ansible | skipping: [localhost]
2023-04-25 06:49:43,633 p=5754 u=root n=ansible | TASK [openstack.kolla.docker : Flush handlers] *********************************
2023-04-25 06:49:43,634 p=5754 u=root n=ansible | RUNNING HANDLER [openstack.kolla.docker : Restart docker] **********************
2023-04-25 06:49:52,603 p=5754 u=root n=ansible | changed: [localhost]
2023-04-25 06:49:52,711 p=5754 u=root n=ansible | TASK [openstack.kolla.docker : Start and enable docker] ************************
2023-04-25 06:49:53,625 p=5754 u=root n=ansible | ok: [localhost]
2023-04-25 06:49:53,715 p=5754 u=root n=ansible | TASK [openstack.kolla.docker : include_tasks] **********************************
2023-04-25 06:49:53,770 p=5754 u=root n=ansible | skipping: [localhost]
2023-04-25 06:49:53,966 p=5754 u=root n=ansible | TASK [openstack.kolla.kolla_user : Ensure groups are present] ******************
2023-04-25 06:49:54,023 p=5754 u=root n=ansible | skipping: [localhost] => (item=docker) 
2023-04-25 06:49:54,030 p=5754 u=root n=ansible | skipping: [localhost] => (item=sudo) 
2023-04-25 06:49:54,034 p=5754 u=root n=ansible | skipping: [localhost] => (item=kolla) 
2023-04-25 06:49:54,123 p=5754 u=root n=ansible | TASK [openstack.kolla.kolla_user : Create kolla user] **************************
2023-04-25 06:49:54,180 p=5754 u=root n=ansible | skipping: [localhost]
2023-04-25 06:49:54,277 p=5754 u=root n=ansible | TASK [openstack.kolla.kolla_user : Add public key to kolla user authorized keys] ***
2023-04-25 06:49:54,337 p=5754 u=root n=ansible | skipping: [localhost]
2023-04-25 06:49:54,425 p=5754 u=root n=ansible | TASK [openstack.kolla.kolla_user : Grant kolla user passwordless sudo] *********
2023-04-25 06:49:54,481 p=5754 u=root n=ansible | skipping: [localhost]
2023-04-25 06:49:54,658 p=5754 u=root n=ansible | TASK [openstack.kolla.docker_sdk : Install latest pip in the virtualenv] *******
2023-04-25 06:49:54,732 p=5754 u=root n=ansible | skipping: [localhost]
2023-04-25 06:49:54,833 p=5754 u=root n=ansible | TASK [openstack.kolla.docker_sdk : Install docker SDK for python] **************
2023-04-25 06:50:24,137 p=5754 u=root n=ansible | ok: [localhost]
2023-04-25 06:50:24,317 p=5754 u=root n=ansible | TASK [openstack.kolla.baremetal : Ensure node_config_directory directory exists] ***
2023-04-25 06:50:24,904 p=5754 u=root n=ansible | ok: [localhost]
2023-04-25 06:50:25,003 p=5754 u=root n=ansible | TASK [openstack.kolla.apparmor_libvirt : include_tasks] ************************
2023-04-25 06:50:25,044 p=5754 u=root n=ansible | skipping: [localhost]
2023-04-25 06:50:25,216 p=5754 u=root n=ansible | TASK [openstack.kolla.baremetal : Change state of selinux] *********************
2023-04-25 06:50:26,815 p=5754 u=root n=ansible | ok: [localhost]
2023-04-25 06:50:26,931 p=5754 u=root n=ansible | TASK [openstack.kolla.baremetal : Set https proxy for git] *********************
2023-04-25 06:50:26,983 p=5754 u=root n=ansible | skipping: [localhost]
2023-04-25 06:50:27,126 p=5754 u=root n=ansible | TASK [openstack.kolla.baremetal : Set http proxy for git] **********************
2023-04-25 06:50:27,192 p=5754 u=root n=ansible | skipping: [localhost]
2023-04-25 06:50:27,336 p=5754 u=root n=ansible | TASK [openstack.kolla.baremetal : include_tasks] *******************************
2023-04-25 06:50:27,398 p=5754 u=root n=ansible | skipping: [localhost]
2023-04-25 06:50:27,638 p=5754 u=root n=ansible | PLAY RECAP *********************************************************************
2023-04-25 06:50:27,639 p=5754 u=root n=ansible | localhost                  : ok=17   changed=6    unreachable=0    failed=0    skipped=18   rescued=0    ignored=0   
