2023-02-15 21:05:52.619633 2023-02-15 21:05:52.618 39 WARNING keystone.common.rbac_enforcer.enforcer [None req-96cdd52a-6de6-4024-9acb-e4c5a060f511 cebc531d379749b09b1151968feb9660 - - all default -] Deprecated policy rules found. Use oslopolicy-policy-generator and oslopolicy-policy-upgrade to detect and resolve deprecated policies in your configuration.\x1b[00m
2023-02-15 21:05:53.506403 2023-02-15 21:05:53.504 38 WARNING keystone.common.rbac_enforcer.enforcer [None req-f43488a5-65bd-45d1-84c2-d51835b4e475 cebc531d379749b09b1151968feb9660 - - all default -] Deprecated policy rules found. Use oslopolicy-policy-generator and oslopolicy-policy-upgrade to detect and resolve deprecated policies in your configuration.\x1b[00m
2023-02-15 21:06:01.055802 2023-02-15 21:06:01.053 37 WARNING keystone.common.rbac_enforcer.enforcer [None req-ecd03b90-9bc0-44ef-aed9-f4db4b15e605 cebc531d379749b09b1151968feb9660 - - all default -] Deprecated policy rules found. Use oslopolicy-policy-generator and oslopolicy-policy-upgrade to detect and resolve deprecated policies in your configuration.\x1b[00m
2023-02-15 21:07:17.251901 2023-02-15 21:07:17.230 39 ERROR keystone.server.flask.application [None req-407f1faf-aa29-47e6-8d37-3f3160cefd6a cebc531d379749b09b1151968feb9660 - - all default -] Could not find project: service.: keystone.exception.ProjectNotFound: Could not find project: service.
2023-02-15 21:07:17.251950 2023-02-15 21:07:17.230 39 ERROR keystone.server.flask.application Traceback (most recent call last):
2023-02-15 21:07:17.251975 2023-02-15 21:07:17.230 39 ERROR keystone.server.flask.application   File "/var/lib/kolla/venv/lib/python3.9/site-packages/flask/app.py", line 1820, in full_dispatch_request
2023-02-15 21:07:17.251985 2023-02-15 21:07:17.230 39 ERROR keystone.server.flask.application     rv = self.dispatch_request()
2023-02-15 21:07:17.251995 2023-02-15 21:07:17.230 39 ERROR keystone.server.flask.application   File "/var/lib/kolla/venv/lib/python3.9/site-packages/flask/app.py", line 1796, in dispatch_request
2023-02-15 21:07:17.252005 2023-02-15 21:07:17.230 39 ERROR keystone.server.flask.application     return self.ensure_sync(self.view_functions[rule.endpoint])(**view_args)
2023-02-15 21:07:17.252014 2023-02-15 21:07:17.230 39 ERROR keystone.server.flask.application   File "/var/lib/kolla/venv/lib/python3.9/site-packages/flask_restful/__init__.py", line 467, in wrapper
2023-02-15 21:07:17.252031 2023-02-15 21:07:17.230 39 ERROR keystone.server.flask.application     resp = resource(*args, **kwargs)
2023-02-15 21:07:17.252048 2023-02-15 21:07:17.230 39 ERROR keystone.server.flask.application   File "/var/lib/kolla/venv/lib/python3.9/site-packages/flask/views.py", line 107, in view
2023-02-15 21:07:17.252060 2023-02-15 21:07:17.230 39 ERROR keystone.server.flask.application     return current_app.ensure_sync(self.dispatch_request)(**kwargs)
2023-02-15 21:07:17.252070 2023-02-15 21:07:17.230 39 ERROR keystone.server.flask.application   File "/var/lib/kolla/venv/lib/python3.9/site-packages/flask_restful/__init__.py", line 582, in dispatch_request
2023-02-15 21:07:17.252080 2023-02-15 21:07:17.230 39 ERROR keystone.server.flask.application     resp = meth(*args, **kwargs)
2023-02-15 21:07:17.252089 2023-02-15 21:07:17.230 39 ERROR keystone.server.flask.application   File "/var/lib/kolla/venv/lib/python3.9/site-packages/keystone/api/projects.py", line 151, in get
2023-02-15 21:07:17.252099 2023-02-15 21:07:17.230 39 ERROR keystone.server.flask.application     return self._get_project(project_id)
2023-02-15 21:07:17.252108 2023-02-15 21:07:17.230 39 ERROR keystone.server.flask.application   File "/var/lib/kolla/venv/lib/python3.9/site-packages/keystone/api/projects.py", line 107, in _get_project
2023-02-15 21:07:17.252118 2023-02-15 21:07:17.230 39 ERROR keystone.server.flask.application     project = PROVIDERS.resource_api.get_project(project_id)
2023-02-15 21:07:17.252127 2023-02-15 21:07:17.230 39 ERROR keystone.server.flask.application   File "/var/lib/kolla/venv/lib/python3.9/site-packages/keystone/common/manager.py", line 115, in wrapped
2023-02-15 21:07:17.252157 2023-02-15 21:07:17.230 39 ERROR keystone.server.flask.application     __ret_val = __f(*args, **kwargs)
2023-02-15 21:07:17.252169 2023-02-15 21:07:17.230 39 ERROR keystone.server.flask.application   File "/var/lib/kolla/venv/lib/python3.9/site-packages/decorator.py", line 232, in fun
2023-02-15 21:07:17.252178 2023-02-15 21:07:17.230 39 ERROR keystone.server.flask.application     return caller(func, *(extras + args), **kw)
2023-02-15 21:07:17.252188 2023-02-15 21:07:17.230 39 ERROR keystone.server.flask.application   File "/var/lib/kolla/venv/lib/python3.9/site-packages/dogpile/cache/region.py", line 1577, in get_or_create_for_user_func
2023-02-15 21:07:17.252198 2023-02-15 21:07:17.230 39 ERROR keystone.server.flask.application     return self.get_or_create(
2023-02-15 21:07:17.252207 2023-02-15 21:07:17.230 39 ERROR keystone.server.flask.application   File "/var/lib/kolla/venv/lib/python3.9/site-packages/dogpile/cache/region.py", line 1042, in get_or_create
2023-02-15 21:07:17.252218 2023-02-15 21:07:17.230 39 ERROR keystone.server.flask.application     with Lock(
2023-02-15 21:07:17.252227 2023-02-15 21:07:17.230 39 ERROR keystone.server.flask.application   File "/var/lib/kolla/venv/lib/python3.9/site-packages/dogpile/lock.py", line 185, in __enter__
2023-02-15 21:07:17.252237 2023-02-15 21:07:17.230 39 ERROR keystone.server.flask.application     return self._enter()
2023-02-15 21:07:17.252246 2023-02-15 21:07:17.230 39 ERROR keystone.server.flask.application   File "/var/lib/kolla/venv/lib/python3.9/site-packages/dogpile/lock.py", line 94, in _enter
2023-02-15 21:07:17.252256 2023-02-15 21:07:17.230 39 ERROR keystone.server.flask.application     generated = self._enter_create(value, createdtime)
2023-02-15 21:07:17.252265 2023-02-15 21:07:17.230 39 ERROR keystone.server.flask.application   File "/var/lib/kolla/venv/lib/python3.9/site-packages/dogpile/lock.py", line 178, in _enter_create
2023-02-15 21:07:17.252275 2023-02-15 21:07:17.230 39 ERROR keystone.server.flask.application     return self.creator()
2023-02-15 21:07:17.252284 2023-02-15 21:07:17.230 39 ERROR keystone.server.flask.application   File "/var/lib/kolla/venv/lib/python3.9/site-packages/dogpile/cache/region.py", line 995, in gen_value
2023-02-15 21:07:17.252294 2023-02-15 21:07:17.230 39 ERROR keystone.server.flask.application     created_value = creator(
2023-02-15 21:07:17.252303 2023-02-15 21:07:17.230 39 ERROR keystone.server.flask.application   File "/var/lib/kolla/venv/lib/python3.9/site-packages/keystone/resource/core.py", line 903, in get_project
2023-02-15 21:07:17.252313 2023-02-15 21:07:17.230 39 ERROR keystone.server.flask.application     return self.driver.get_project(project_id)
2023-02-15 21:07:17.252322 2023-02-15 21:07:17.230 39 ERROR keystone.server.flask.application   File "/var/lib/kolla/venv/lib/python3.9/site-packages/keystone/resource/backends/sql.py", line 49, in get_project
2023-02-15 21:07:17.252332 2023-02-15 21:07:17.230 39 ERROR keystone.server.flask.application     return self._get_project(session, project_id).to_dict()
2023-02-15 21:07:17.252341 2023-02-15 21:07:17.230 39 ERROR keystone.server.flask.application   File "/var/lib/kolla/venv/lib/python3.9/site-packages/keystone/resource/backends/sql.py", line 44, in _get_project
2023-02-15 21:07:17.252351 2023-02-15 21:07:17.230 39 ERROR keystone.server.flask.application     raise exception.ProjectNotFound(project_id=project_id)
2023-02-15 21:07:17.252360 2023-02-15 21:07:17.230 39 ERROR keystone.server.flask.application keystone.exception.ProjectNotFound: Could not find project: service.
2023-02-15 21:07:17.252370 2023-02-15 21:07:17.230 39 ERROR keystone.server.flask.application \x1b[00m
2023-02-15 21:07:26.029264 2023-02-15 21:07:26.018 37 ERROR keystone.server.flask.application [None req-5fd71ca0-fd30-43c6-865f-ed320d9ed534 cebc531d379749b09b1151968feb9660 - - all default -] Could not find project: service.: keystone.exception.ProjectNotFound: Could not find project: service.
2023-02-15 21:07:26.029331 2023-02-15 21:07:26.018 37 ERROR keystone.server.flask.application Traceback (most recent call last):
2023-02-15 21:07:26.029437 2023-02-15 21:07:26.018 37 ERROR keystone.server.flask.application   File "/var/lib/kolla/venv/lib/python3.9/site-packages/flask/app.py", line 1820, in full_dispatch_request
2023-02-15 21:07:26.029468 2023-02-15 21:07:26.018 37 ERROR keystone.server.flask.application     rv = self.dispatch_request()
2023-02-15 21:07:26.029489 2023-02-15 21:07:26.018 37 ERROR keystone.server.flask.application   File "/var/lib/kolla/venv/lib/python3.9/site-packages/flask/app.py", line 1796, in dispatch_request
2023-02-15 21:07:26.029511 2023-02-15 21:07:26.018 37 ERROR keystone.server.flask.application     return self.ensure_sync(self.view_functions[rule.endpoint])(**view_args)
2023-02-15 21:07:26.029535 2023-02-15 21:07:26.018 37 ERROR keystone.server.flask.application   File "/var/lib/kolla/venv/lib/python3.9/site-packages/flask_restful/__init__.py", line 467, in wrapper
2023-02-15 21:07:26.029555 2023-02-15 21:07:26.018 37 ERROR keystone.server.flask.application     resp = resource(*args, **kwargs)
2023-02-15 21:07:26.029576 2023-02-15 21:07:26.018 37 ERROR keystone.server.flask.application   File "/var/lib/kolla/venv/lib/python3.9/site-packages/flask/views.py", line 107, in view
2023-02-15 21:07:26.029597 2023-02-15 21:07:26.018 37 ERROR keystone.server.flask.application     return current_app.ensure_sync(self.dispatch_request)(**kwargs)
2023-02-15 21:07:26.029620 2023-02-15 21:07:26.018 37 ERROR keystone.server.flask.application   File "/var/lib/kolla/venv/lib/python3.9/site-packages/flask_restful/__init__.py", line 582, in dispatch_request
2023-02-15 21:07:26.029642 2023-02-15 21:07:26.018 37 ERROR keystone.server.flask.application     resp = meth(*args, **kwargs)
2023-02-15 21:07:26.029662 2023-02-15 21:07:26.018 37 ERROR keystone.server.flask.application   File "/var/lib/kolla/venv/lib/python3.9/site-packages/keystone/api/projects.py", line 151, in get
2023-02-15 21:07:26.029747 2023-02-15 21:07:26.018 37 ERROR keystone.server.flask.application     return self._get_project(project_id)
2023-02-15 21:07:26.029778 2023-02-15 21:07:26.018 37 ERROR keystone.server.flask.application   File "/var/lib/kolla/venv/lib/python3.9/site-packages/keystone/api/projects.py", line 107, in _get_project
2023-02-15 21:07:26.029800 2023-02-15 21:07:26.018 37 ERROR keystone.server.flask.application     project = PROVIDERS.resource_api.get_project(project_id)
2023-02-15 21:07:26.029821 2023-02-15 21:07:26.018 37 ERROR keystone.server.flask.application   File "/var/lib/kolla/venv/lib/python3.9/site-packages/keystone/common/manager.py", line 115, in wrapped
2023-02-15 21:07:26.029840 2023-02-15 21:07:26.018 37 ERROR keystone.server.flask.application     __ret_val = __f(*args, **kwargs)
2023-02-15 21:07:26.029861 2023-02-15 21:07:26.018 37 ERROR keystone.server.flask.application   File "/var/lib/kolla/venv/lib/python3.9/site-packages/decorator.py", line 232, in fun
2023-02-15 21:07:26.029883 2023-02-15 21:07:26.018 37 ERROR keystone.server.flask.application     return caller(func, *(extras + args), **kw)
2023-02-15 21:07:26.029903 2023-02-15 21:07:26.018 37 ERROR keystone.server.flask.application   File "/var/lib/kolla/venv/lib/python3.9/site-packages/dogpile/cache/region.py", line 1577, in get_or_create_for_user_func
2023-02-15 21:07:26.029921 2023-02-15 21:07:26.018 37 ERROR keystone.server.flask.application     return self.get_or_create(
2023-02-15 21:07:26.029939 2023-02-15 21:07:26.018 37 ERROR keystone.server.flask.application   File "/var/lib/kolla/venv/lib/python3.9/site-packages/dogpile/cache/region.py", line 1042, in get_or_create
2023-02-15 21:07:26.029952 2023-02-15 21:07:26.018 37 ERROR keystone.server.flask.application     with Lock(
2023-02-15 21:07:26.029962 2023-02-15 21:07:26.018 37 ERROR keystone.server.flask.application   File "/var/lib/kolla/venv/lib/python3.9/site-packages/dogpile/lock.py", line 185, in __enter__
2023-02-15 21:07:26.029971 2023-02-15 21:07:26.018 37 ERROR keystone.server.flask.application     return self._enter()
2023-02-15 21:07:26.030012 2023-02-15 21:07:26.018 37 ERROR keystone.server.flask.application   File "/var/lib/kolla/venv/lib/python3.9/site-packages/dogpile/lock.py", line 94, in _enter
2023-02-15 21:07:26.030025 2023-02-15 21:07:26.018 37 ERROR keystone.server.flask.application     generated = self._enter_create(value, createdtime)
2023-02-15 21:07:26.030034 2023-02-15 21:07:26.018 37 ERROR keystone.server.flask.application   File "/var/lib/kolla/venv/lib/python3.9/site-packages/dogpile/lock.py", line 178, in _enter_create
2023-02-15 21:07:26.030044 2023-02-15 21:07:26.018 37 ERROR keystone.server.flask.application     return self.creator()
2023-02-15 21:07:26.030054 2023-02-15 21:07:26.018 37 ERROR keystone.server.flask.application   File "/var/lib/kolla/venv/lib/python3.9/site-packages/dogpile/cache/region.py", line 995, in gen_value
2023-02-15 21:07:26.030063 2023-02-15 21:07:26.018 37 ERROR keystone.server.flask.application     created_value = creator(
2023-02-15 21:07:26.030073 2023-02-15 21:07:26.018 37 ERROR keystone.server.flask.application   File "/var/lib/kolla/venv/lib/python3.9/site-packages/keystone/resource/core.py", line 903, in get_project
2023-02-15 21:07:26.030082 2023-02-15 21:07:26.018 37 ERROR keystone.server.flask.application     return self.driver.get_project(project_id)
2023-02-15 21:07:26.030092 2023-02-15 21:07:26.018 37 ERROR keystone.server.flask.application   File "/var/lib/kolla/venv/lib/python3.9/site-packages/keystone/resource/backends/sql.py", line 49, in get_project
2023-02-15 21:07:26.030102 2023-02-15 21:07:26.018 37 ERROR keystone.server.flask.application     return self._get_project(session, project_id).to_dict()
2023-02-15 21:07:26.030111 2023-02-15 21:07:26.018 37 ERROR keystone.server.flask.application   File "/var/lib/kolla/venv/lib/python3.9/site-packages/keystone/resource/backends/sql.py", line 44, in _get_project
2023-02-15 21:07:26.030121 2023-02-15 21:07:26.018 37 ERROR keystone.server.flask.application     raise exception.ProjectNotFound(project_id=project_id)
2023-02-15 21:07:26.030130 2023-02-15 21:07:26.018 37 ERROR keystone.server.flask.application keystone.exception.ProjectNotFound: Could not find project: service.
2023-02-15 21:07:26.030140 2023-02-15 21:07:26.018 37 ERROR keystone.server.flask.application \x1b[00m
2023-02-15 21:07:40.795195 2023-02-15 21:07:40.790 37 ERROR keystone.server.flask.application [None req-ece2159e-209e-44a8-aac0-1e5ac0728d6d cebc531d379749b09b1151968feb9660 - - all default -] Could not find role: admin.: keystone.exception.RoleNotFound: Could not find role: admin.
2023-02-15 21:07:40.795235 2023-02-15 21:07:40.790 37 ERROR keystone.server.flask.application Traceback (most recent call last):
2023-02-15 21:07:40.795246 2023-02-15 21:07:40.790 37 ERROR keystone.server.flask.application   File "/var/lib/kolla/venv/lib/python3.9/site-packages/flask/app.py", line 1820, in full_dispatch_request
2023-02-15 21:07:40.795256 2023-02-15 21:07:40.790 37 ERROR keystone.server.flask.application     rv = self.dispatch_request()
2023-02-15 21:07:40.795265 2023-02-15 21:07:40.790 37 ERROR keystone.server.flask.application   File "/var/lib/kolla/venv/lib/python3.9/site-packages/flask/app.py", line 1796, in dispatch_request
2023-02-15 21:07:40.795275 2023-02-15 21:07:40.790 37 ERROR keystone.server.flask.application     return self.ensure_sync(self.view_functions[rule.endpoint])(**view_args)
2023-02-15 21:07:40.795284 2023-02-15 21:07:40.790 37 ERROR keystone.server.flask.application   File "/var/lib/kolla/venv/lib/python3.9/site-packages/flask_restful/__init__.py", line 467, in wrapper
2023-02-15 21:07:40.795294 2023-02-15 21:07:40.790 37 ERROR keystone.server.flask.application     resp = resource(*args, **kwargs)
2023-02-15 21:07:40.795304 2023-02-15 21:07:40.790 37 ERROR keystone.server.flask.application   File "/var/lib/kolla/venv/lib/python3.9/site-packages/flask/views.py", line 107, in view
2023-02-15 21:07:40.795314 2023-02-15 21:07:40.790 37 ERROR keystone.server.flask.application     return current_app.ensure_sync(self.dispatch_request)(**kwargs)
2023-02-15 21:07:40.795323 2023-02-15 21:07:40.790 37 ERROR keystone.server.flask.application   File "/var/lib/kolla/venv/lib/python3.9/site-packages/flask_restful/__init__.py", line 582, in dispatch_request
2023-02-15 21:07:40.795347 2023-02-15 21:07:40.790 37 ERROR keystone.server.flask.application     resp = meth(*args, **kwargs)
2023-02-15 21:07:40.795357 2023-02-15 21:07:40.790 37 ERROR keystone.server.flask.application   File "/var/lib/kolla/venv/lib/python3.9/site-packages/keystone/api/roles.py", line 50, in get
2023-02-15 21:07:40.795367 2023-02-15 21:07:40.790 37 ERROR keystone.server.flask.application     return self._get_role(role_id)
2023-02-15 21:07:40.795376 2023-02-15 21:07:40.790 37 ERROR keystone.server.flask.application   File "/var/lib/kolla/venv/lib/python3.9/site-packages/keystone/api/roles.py", line 70, in _get_role
2023-02-15 21:07:40.795385 2023-02-15 21:07:40.790 37 ERROR keystone.server.flask.application     ENFORCER.enforce_call(action='identity:get_role')
2023-02-15 21:07:40.795400 2023-02-15 21:07:40.790 37 ERROR keystone.server.flask.application   File "/var/lib/kolla/venv/lib/python3.9/site-packages/keystone/common/rbac_enforcer/enforcer.py", line 402, in enforce_call
2023-02-15 21:07:40.795410 2023-02-15 21:07:40.790 37 ERROR keystone.server.flask.application     policy_dict.update(cls._extract_member_target_data(
2023-02-15 21:07:40.795419 2023-02-15 21:07:40.790 37 ERROR keystone.server.flask.application   File "/var/lib/kolla/venv/lib/python3.9/site-packages/keystone/common/rbac_enforcer/enforcer.py", line 234, in _extract_member_target_data
2023-02-15 21:07:40.795429 2023-02-15 21:07:40.790 37 ERROR keystone.server.flask.application     member_name: func(flask.request.view_args[key])
2023-02-15 21:07:40.795438 2023-02-15 21:07:40.790 37 ERROR keystone.server.flask.application   File "/var/lib/kolla/venv/lib/python3.9/site-packages/keystone/common/manager.py", line 115, in wrapped
2023-02-15 21:07:40.795448 2023-02-15 21:07:40.790 37 ERROR keystone.server.flask.application     __ret_val = __f(*args, **kwargs)
2023-02-15 21:07:40.795457 2023-02-15 21:07:40.790 37 ERROR keystone.server.flask.application   File "/var/lib/kolla/venv/lib/python3.9/site-packages/decorator.py", line 232, in fun
2023-02-15 21:07:40.795467 2023-02-15 21:07:40.790 37 ERROR keystone.server.flask.application     return caller(func, *(extras + args), **kw)
2023-02-15 21:07:40.795476 2023-02-15 21:07:40.790 37 ERROR keystone.server.flask.application   File "/var/lib/kolla/venv/lib/python3.9/site-packages/dogpile/cache/region.py", line 1577, in get_or_create_for_user_func
2023-02-15 21:07:40.795492 2023-02-15 21:07:40.790 37 ERROR keystone.server.flask.application     return self.get_or_create(
2023-02-15 21:07:40.795501 2023-02-15 21:07:40.790 37 ERROR keystone.server.flask.application   File "/var/lib/kolla/venv/lib/python3.9/site-packages/dogpile/cache/region.py", line 1042, in get_or_create
2023-02-15 21:07:40.795510 2023-02-15 21:07:40.790 37 ERROR keystone.server.flask.application     with Lock(
2023-02-15 21:07:40.795520 2023-02-15 21:07:40.790 37 ERROR keystone.server.flask.application   File "/var/lib/kolla/venv/lib/python3.9/site-packages/dogpile/lock.py", line 185, in __enter__
2023-02-15 21:07:40.795529 2023-02-15 21:07:40.790 37 ERROR keystone.server.flask.application     return self._enter()
2023-02-15 21:07:40.795538 2023-02-15 21:07:40.790 37 ERROR keystone.server.flask.application   File "/var/lib/kolla/venv/lib/python3.9/site-packages/dogpile/lock.py", line 94, in _enter
2023-02-15 21:07:40.795547 2023-02-15 21:07:40.790 37 ERROR keystone.server.flask.application     generated = self._enter_create(value, createdtime)
2023-02-15 21:07:40.795557 2023-02-15 21:07:40.790 37 ERROR keystone.server.flask.application   File "/var/lib/kolla/venv/lib/python3.9/site-packages/dogpile/lock.py", line 178, in _enter_create
2023-02-15 21:07:40.795566 2023-02-15 21:07:40.790 37 ERROR keystone.server.flask.application     return self.creator()
2023-02-15 21:07:40.795575 2023-02-15 21:07:40.790 37 ERROR keystone.server.flask.application   File "/var/lib/kolla/venv/lib/python3.9/site-packages/dogpile/cache/region.py", line 995, in gen_value
2023-02-15 21:07:40.795605 2023-02-15 21:07:40.790 37 ERROR keystone.server.flask.application     created_value = creator(
2023-02-15 21:07:40.795617 2023-02-15 21:07:40.790 37 ERROR keystone.server.flask.application   File "/var/lib/kolla/venv/lib/python3.9/site-packages/keystone/assignment/core.py", line 1276, in get_role
2023-02-15 21:07:40.795626 2023-02-15 21:07:40.790 37 ERROR keystone.server.flask.application     return self.driver.get_role(role_id)
2023-02-15 21:07:40.795635 2023-02-15 21:07:40.790 37 ERROR keystone.server.flask.application   File "/var/lib/kolla/venv/lib/python3.9/site-packages/keystone/assignment/role_backends/sql.py", line 70, in get_role
2023-02-15 21:07:40.795648 2023-02-15 21:07:40.790 37 ERROR keystone.server.flask.application     return self._get_role(session, role_id).to_dict()
2023-02-15 21:07:40.795657 2023-02-15 21:07:40.790 37 ERROR keystone.server.flask.application   File "/var/lib/kolla/venv/lib/python3.9/site-packages/keystone/assignment/role_backends/sql.py", line 65, in _get_role
2023-02-15 21:07:40.795666 2023-02-15 21:07:40.790 37 ERROR keystone.server.flask.application     raise exception.RoleNotFound(role_id=role_id)
2023-02-15 21:07:40.795675 2023-02-15 21:07:40.790 37 ERROR keystone.server.flask.application keystone.exception.RoleNotFound: Could not find role: admin.
2023-02-15 21:07:40.795727 2023-02-15 21:07:40.790 37 ERROR keystone.server.flask.application \x1b[00m
2023-02-15 21:07:41.891008 2023-02-15 21:07:41.884 37 ERROR keystone.server.flask.application [None req-2d7f2f88-58a7-424a-8408-a13821b34b4b cebc531d379749b09b1151968feb9660 - - all default -] Could not find user: ironic.: keystone.exception.UserNotFound: Could not find user: ironic.
2023-02-15 21:07:41.891050 2023-02-15 21:07:41.884 37 ERROR keystone.server.flask.application Traceback (most recent call last):
2023-02-15 21:07:41.891061 2023-02-15 21:07:41.884 37 ERROR keystone.server.flask.application   File "/var/lib/kolla/venv/lib/python3.9/site-packages/flask/app.py", line 1820, in full_dispatch_request
2023-02-15 21:07:41.891070 2023-02-15 21:07:41.884 37 ERROR keystone.server.flask.application     rv = self.dispatch_request()
2023-02-15 21:07:41.891079 2023-02-15 21:07:41.884 37 ERROR keystone.server.flask.application   File "/var/lib/kolla/venv/lib/python3.9/site-packages/flask/app.py", line 1796, in dispatch_request
2023-02-15 21:07:41.891089 2023-02-15 21:07:41.884 37 ERROR keystone.server.flask.application     return self.ensure_sync(self.view_functions[rule.endpoint])(**view_args)
2023-02-15 21:07:41.891098 2023-02-15 21:07:41.884 37 ERROR keystone.server.flask.application   File "/var/lib/kolla/venv/lib/python3.9/site-packages/flask_restful/__init__.py", line 467, in wrapper
2023-02-15 21:07:41.891107 2023-02-15 21:07:41.884 37 ERROR keystone.server.flask.application     resp = resource(*args, **kwargs)
2023-02-15 21:07:41.891117 2023-02-15 21:07:41.884 37 ERROR keystone.server.flask.application   File "/var/lib/kolla/venv/lib/python3.9/site-packages/flask/views.py", line 107, in view
2023-02-15 21:07:41.891126 2023-02-15 21:07:41.884 37 ERROR keystone.server.flask.application     return current_app.ensure_sync(self.dispatch_request)(**kwargs)
2023-02-15 21:07:41.891135 2023-02-15 21:07:41.884 37 ERROR keystone.server.flask.application   File "/var/lib/kolla/venv/lib/python3.9/site-packages/flask_restful/__init__.py", line 582, in dispatch_request
2023-02-15 21:07:41.891144 2023-02-15 21:07:41.884 37 ERROR keystone.server.flask.application     resp = meth(*args, **kwargs)
2023-02-15 21:07:41.891153 2023-02-15 21:07:41.884 37 ERROR keystone.server.flask.application   File "/var/lib/kolla/venv/lib/python3.9/site-packages/keystone/api/users.py", line 182, in get
2023-02-15 21:07:41.891163 2023-02-15 21:07:41.884 37 ERROR keystone.server.flask.application     return self._get_user(user_id)
2023-02-15 21:07:41.891172 2023-02-15 21:07:41.884 37 ERROR keystone.server.flask.application   File "/var/lib/kolla/venv/lib/python3.9/site-packages/keystone/api/users.py", line 194, in _get_user
2023-02-15 21:07:41.891209 2023-02-15 21:07:41.884 37 ERROR keystone.server.flask.application     ref = PROVIDERS.identity_api.get_user(user_id)
2023-02-15 21:07:41.891221 2023-02-15 21:07:41.884 37 ERROR keystone.server.flask.application   File "/var/lib/kolla/venv/lib/python3.9/site-packages/keystone/common/manager.py", line 115, in wrapped
2023-02-15 21:07:41.891231 2023-02-15 21:07:41.884 37 ERROR keystone.server.flask.application     __ret_val = __f(*args, **kwargs)
2023-02-15 21:07:41.891240 2023-02-15 21:07:41.884 37 ERROR keystone.server.flask.application   File "/var/lib/kolla/venv/lib/python3.9/site-packages/keystone/identity/core.py", line 414, in wrapper
2023-02-15 21:07:41.891250 2023-02-15 21:07:41.884 37 ERROR keystone.server.flask.application     return f(self, *args, **kwargs)
2023-02-15 21:07:41.891259 2023-02-15 21:07:41.884 37 ERROR keystone.server.flask.application   File "/var/lib/kolla/venv/lib/python3.9/site-packages/keystone/identity/core.py", line 424, in wrapper
2023-02-15 21:07:41.891269 2023-02-15 21:07:41.884 37 ERROR keystone.server.flask.application     return f(self, *args, **kwargs)
2023-02-15 21:07:41.891278 2023-02-15 21:07:41.884 37 ERROR keystone.server.flask.application   File "/var/lib/kolla/venv/lib/python3.9/site-packages/decorator.py", line 232, in fun
2023-02-15 21:07:41.891287 2023-02-15 21:07:41.884 37 ERROR keystone.server.flask.application     return caller(func, *(extras + args), **kw)
2023-02-15 21:07:41.891297 2023-02-15 21:07:41.884 37 ERROR keystone.server.flask.application   File "/var/lib/kolla/venv/lib/python3.9/site-packages/dogpile/cache/region.py", line 1577, in get_or_create_for_user_func
2023-02-15 21:07:41.891306 2023-02-15 21:07:41.884 37 ERROR keystone.server.flask.application     return self.get_or_create(
2023-02-15 21:07:41.891315 2023-02-15 21:07:41.884 37 ERROR keystone.server.flask.application   File "/var/lib/kolla/venv/lib/python3.9/site-packages/dogpile/cache/region.py", line 1042, in get_or_create
2023-02-15 21:07:41.891325 2023-02-15 21:07:41.884 37 ERROR keystone.server.flask.application     with Lock(
2023-02-15 21:07:41.891334 2023-02-15 21:07:41.884 37 ERROR keystone.server.flask.application   File "/var/lib/kolla/venv/lib/python3.9/site-packages/dogpile/lock.py", line 185, in __enter__
2023-02-15 21:07:41.891343 2023-02-15 21:07:41.884 37 ERROR keystone.server.flask.application     return self._enter()
2023-02-15 21:07:41.891353 2023-02-15 21:07:41.884 37 ERROR keystone.server.flask.application   File "/var/lib/kolla/venv/lib/python3.9/site-packages/dogpile/lock.py", line 94, in _enter
2023-02-15 21:07:41.891363 2023-02-15 21:07:41.884 37 ERROR keystone.server.flask.application     generated = self._enter_create(value, createdtime)
2023-02-15 21:07:41.891380 2023-02-15 21:07:41.884 37 ERROR keystone.server.flask.application   File "/var/lib/kolla/venv/lib/python3.9/site-packages/dogpile/lock.py", line 178, in _enter_create
2023-02-15 21:07:41.891399 2023-02-15 21:07:41.884 37 ERROR keystone.server.flask.application     return self.creator()
2023-02-15 21:07:41.891416 2023-02-15 21:07:41.884 37 ERROR keystone.server.flask.application   File "/var/lib/kolla/venv/lib/python3.9/site-packages/dogpile/cache/region.py", line 995, in gen_value
2023-02-15 21:07:41.891436 2023-02-15 21:07:41.884 37 ERROR keystone.server.flask.application     created_value = creator(
2023-02-15 21:07:41.891455 2023-02-15 21:07:41.884 37 ERROR keystone.server.flask.application   File "/var/lib/kolla/venv/lib/python3.9/site-packages/keystone/identity/core.py", line 1011, in get_user
2023-02-15 21:07:41.891473 2023-02-15 21:07:41.884 37 ERROR keystone.server.flask.application     ref = driver.get_user(entity_id)
2023-02-15 21:07:41.891492 2023-02-15 21:07:41.884 37 ERROR keystone.server.flask.application   File "/var/lib/kolla/venv/lib/python3.9/site-packages/keystone/identity/backends/sql.py", line 200, in get_user
2023-02-15 21:07:41.891513 2023-02-15 21:07:41.884 37 ERROR keystone.server.flask.application     self._get_user(session, user_id).to_dict())
2023-02-15 21:07:41.891568 2023-02-15 21:07:41.884 37 ERROR keystone.server.flask.application   File "/var/lib/kolla/venv/lib/python3.9/site-packages/keystone/identity/backends/sql.py", line 194, in _get_user
2023-02-15 21:07:41.891592 2023-02-15 21:07:41.884 37 ERROR keystone.server.flask.application     raise exception.UserNotFound(user_id=user_id)
2023-02-15 21:07:41.891610 2023-02-15 21:07:41.884 37 ERROR keystone.server.flask.application keystone.exception.UserNotFound: Could not find user: ironic.
2023-02-15 21:07:41.891630 2023-02-15 21:07:41.884 37 ERROR keystone.server.flask.application \x1b[00m
2023-02-15 21:07:42.670468 2023-02-15 21:07:42.659 38 ERROR keystone.server.flask.application [None req-ce7d7904-5040-4309-894b-29d78f005a07 cebc531d379749b09b1151968feb9660 - - all default -] Could not find project: service.: keystone.exception.ProjectNotFound: Could not find project: service.
2023-02-15 21:07:42.670530 2023-02-15 21:07:42.659 38 ERROR keystone.server.flask.application Traceback (most recent call last):
2023-02-15 21:07:42.670567 2023-02-15 21:07:42.659 38 ERROR keystone.server.flask.application   File "/var/lib/kolla/venv/lib/python3.9/site-packages/flask/app.py", line 1820, in full_dispatch_request
2023-02-15 21:07:42.670577 2023-02-15 21:07:42.659 38 ERROR keystone.server.flask.application     rv = self.dispatch_request()
2023-02-15 21:07:42.670615 2023-02-15 21:07:42.659 38 ERROR keystone.server.flask.application   File "/var/lib/kolla/venv/lib/python3.9/site-packages/flask/app.py", line 1796, in dispatch_request
2023-02-15 21:07:42.670625 2023-02-15 21:07:42.659 38 ERROR keystone.server.flask.application     return self.ensure_sync(self.view_functions[rule.endpoint])(**view_args)
2023-02-15 21:07:42.670637 2023-02-15 21:07:42.659 38 ERROR keystone.server.flask.application   File "/var/lib/kolla/venv/lib/python3.9/site-packages/flask_restful/__init__.py", line 467, in wrapper
2023-02-15 21:07:42.670646 2023-02-15 21:07:42.659 38 ERROR keystone.server.flask.application     resp = resource(*args, **kwargs)
2023-02-15 21:07:42.670663 2023-02-15 21:07:42.659 38 ERROR keystone.server.flask.application   File "/var/lib/kolla/venv/lib/python3.9/site-packages/flask/views.py", line 107, in view
2023-02-15 21:07:42.670721 2023-02-15 21:07:42.659 38 ERROR keystone.server.flask.application     return current_app.ensure_sync(self.dispatch_request)(**kwargs)
2023-02-15 21:07:42.670740 2023-02-15 21:07:42.659 38 ERROR keystone.server.flask.application   File "/var/lib/kolla/venv/lib/python3.9/site-packages/flask_restful/__init__.py", line 582, in dispatch_request
2023-02-15 21:07:42.670750 2023-02-15 21:07:42.659 38 ERROR keystone.server.flask.application     resp = meth(*args, **kwargs)
2023-02-15 21:07:42.670759 2023-02-15 21:07:42.659 38 ERROR keystone.server.flask.application   File "/var/lib/kolla/venv/lib/python3.9/site-packages/keystone/api/projects.py", line 151, in get
2023-02-15 21:07:42.670770 2023-02-15 21:07:42.659 38 ERROR keystone.server.flask.application     return self._get_project(project_id)
2023-02-15 21:07:42.670779 2023-02-15 21:07:42.659 38 ERROR keystone.server.flask.application   File "/var/lib/kolla/venv/lib/python3.9/site-packages/keystone/api/projects.py", line 107, in _get_project
2023-02-15 21:07:42.670789 2023-02-15 21:07:42.659 38 ERROR keystone.server.flask.application     project = PROVIDERS.resource_api.get_project(project_id)
2023-02-15 21:07:42.670798 2023-02-15 21:07:42.659 38 ERROR keystone.server.flask.application   File "/var/lib/kolla/venv/lib/python3.9/site-packages/keystone/common/manager.py", line 115, in wrapped
2023-02-15 21:07:42.670808 2023-02-15 21:07:42.659 38 ERROR keystone.server.flask.application     __ret_val = __f(*args, **kwargs)
2023-02-15 21:07:42.670817 2023-02-15 21:07:42.659 38 ERROR keystone.server.flask.application   File "/var/lib/kolla/venv/lib/python3.9/site-packages/decorator.py", line 232, in fun
2023-02-15 21:07:42.670827 2023-02-15 21:07:42.659 38 ERROR keystone.server.flask.application     return caller(func, *(extras + args), **kw)
2023-02-15 21:07:42.670868 2023-02-15 21:07:42.659 38 ERROR keystone.server.flask.application   File "/var/lib/kolla/venv/lib/python3.9/site-packages/dogpile/cache/region.py", line 1577, in get_or_create_for_user_func
2023-02-15 21:07:42.670882 2023-02-15 21:07:42.659 38 ERROR keystone.server.flask.application     return self.get_or_create(
2023-02-15 21:07:42.670891 2023-02-15 21:07:42.659 38 ERROR keystone.server.flask.application   File "/var/lib/kolla/venv/lib/python3.9/site-packages/dogpile/cache/region.py", line 1042, in get_or_create
2023-02-15 21:07:42.670901 2023-02-15 21:07:42.659 38 ERROR keystone.server.flask.application     with Lock(
2023-02-15 21:07:42.670911 2023-02-15 21:07:42.659 38 ERROR keystone.server.flask.application   File "/var/lib/kolla/venv/lib/python3.9/site-packages/dogpile/lock.py", line 185, in __enter__
2023-02-15 21:07:42.670920 2023-02-15 21:07:42.659 38 ERROR keystone.server.flask.application     return self._enter()
2023-02-15 21:07:42.670930 2023-02-15 21:07:42.659 38 ERROR keystone.server.flask.application   File "/var/lib/kolla/venv/lib/python3.9/site-packages/dogpile/lock.py", line 94, in _enter
2023-02-15 21:07:42.670939 2023-02-15 21:07:42.659 38 ERROR keystone.server.flask.application     generated = self._enter_create(value, createdtime)
2023-02-15 21:07:42.670949 2023-02-15 21:07:42.659 38 ERROR keystone.server.flask.application   File "/var/lib/kolla/venv/lib/python3.9/site-packages/dogpile/lock.py", line 178, in _enter_create
2023-02-15 21:07:42.670958 2023-02-15 21:07:42.659 38 ERROR keystone.server.flask.application     return self.creator()
2023-02-15 21:07:42.670968 2023-02-15 21:07:42.659 38 ERROR keystone.server.flask.application   File "/var/lib/kolla/venv/lib/python3.9/site-packages/dogpile/cache/region.py", line 995, in gen_value
2023-02-15 21:07:42.670977 2023-02-15 21:07:42.659 38 ERROR keystone.server.flask.application     created_value = creator(
2023-02-15 21:07:42.670987 2023-02-15 21:07:42.659 38 ERROR keystone.server.flask.application   File "/var/lib/kolla/venv/lib/python3.9/site-packages/keystone/resource/core.py", line 903, in get_project
2023-02-15 21:07:42.670997 2023-02-15 21:07:42.659 38 ERROR keystone.server.flask.application     return self.driver.get_project(project_id)
2023-02-15 21:07:42.671006 2023-02-15 21:07:42.659 38 ERROR keystone.server.flask.application   File "/var/lib/kolla/venv/lib/python3.9/site-packages/keystone/resource/backends/sql.py", line 49, in get_project
2023-02-15 21:07:42.671016 2023-02-15 21:07:42.659 38 ERROR keystone.server.flask.application     return self._get_project(session, project_id).to_dict()
2023-02-15 21:07:42.671025 2023-02-15 21:07:42.659 38 ERROR keystone.server.flask.application   File "/var/lib/kolla/venv/lib/python3.9/site-packages/keystone/resource/backends/sql.py", line 44, in _get_project
2023-02-15 21:07:42.671035 2023-02-15 21:07:42.659 38 ERROR keystone.server.flask.application     raise exception.ProjectNotFound(project_id=project_id)
2023-02-15 21:07:42.671044 2023-02-15 21:07:42.659 38 ERROR keystone.server.flask.application keystone.exception.ProjectNotFound: Could not find project: service.
2023-02-15 21:07:42.671054 2023-02-15 21:07:42.659 38 ERROR keystone.server.flask.application \x1b[00m
2023-02-15 21:07:52.143596 2023-02-15 21:07:52.137 39 ERROR keystone.server.flask.application [None req-83bc7939-e6ef-4b25-afd6-3cb62fcc039a cebc531d379749b09b1151968feb9660 - - all default -] Could not find role: admin.: keystone.exception.RoleNotFound: Could not find role: admin.
2023-02-15 21:07:52.143724 2023-02-15 21:07:52.137 39 ERROR keystone.server.flask.application Traceback (most recent call last):
2023-02-15 21:07:52.143744 2023-02-15 21:07:52.137 39 ERROR keystone.server.flask.application   File "/var/lib/kolla/venv/lib/python3.9/site-packages/flask/app.py", line 1820, in full_dispatch_request
2023-02-15 21:07:52.143755 2023-02-15 21:07:52.137 39 ERROR keystone.server.flask.application     rv = self.dispatch_request()
2023-02-15 21:07:52.143765 2023-02-15 21:07:52.137 39 ERROR keystone.server.flask.application   File "/var/lib/kolla/venv/lib/python3.9/site-packages/flask/app.py", line 1796, in dispatch_request
2023-02-15 21:07:52.143790 2023-02-15 21:07:52.137 39 ERROR keystone.server.flask.application     return self.ensure_sync(self.view_functions[rule.endpoint])(**view_args)
2023-02-15 21:07:52.143802 2023-02-15 21:07:52.137 39 ERROR keystone.server.flask.application   File "/var/lib/kolla/venv/lib/python3.9/site-packages/flask_restful/__init__.py", line 467, in wrapper
2023-02-15 21:07:52.143812 2023-02-15 21:07:52.137 39 ERROR keystone.server.flask.application     resp = resource(*args, **kwargs)
2023-02-15 21:07:52.143830 2023-02-15 21:07:52.137 39 ERROR keystone.server.flask.application   File "/var/lib/kolla/venv/lib/python3.9/site-packages/flask/views.py", line 107, in view
2023-02-15 21:07:52.143843 2023-02-15 21:07:52.137 39 ERROR keystone.server.flask.application     return current_app.ensure_sync(self.dispatch_request)(**kwargs)
2023-02-15 21:07:52.143853 2023-02-15 21:07:52.137 39 ERROR keystone.server.flask.application   File "/var/lib/kolla/venv/lib/python3.9/site-packages/flask_restful/__init__.py", line 582, in dispatch_request
2023-02-15 21:07:52.143863 2023-02-15 21:07:52.137 39 ERROR keystone.server.flask.application     resp = meth(*args, **kwargs)
2023-02-15 21:07:52.143873 2023-02-15 21:07:52.137 39 ERROR keystone.server.flask.application   File "/var/lib/kolla/venv/lib/python3.9/site-packages/keystone/api/roles.py", line 50, in get
2023-02-15 21:07:52.143883 2023-02-15 21:07:52.137 39 ERROR keystone.server.flask.application     return self._get_role(role_id)
2023-02-15 21:07:52.143892 2023-02-15 21:07:52.137 39 ERROR keystone.server.flask.application   File "/var/lib/kolla/venv/lib/python3.9/site-packages/keystone/api/roles.py", line 70, in _get_role
2023-02-15 21:07:52.143902 2023-02-15 21:07:52.137 39 ERROR keystone.server.flask.application     ENFORCER.enforce_call(action='identity:get_role')
2023-02-15 21:07:52.143912 2023-02-15 21:07:52.137 39 ERROR keystone.server.flask.application   File "/var/lib/kolla/venv/lib/python3.9/site-packages/keystone/common/rbac_enforcer/enforcer.py", line 402, in enforce_call
2023-02-15 21:07:52.143922 2023-02-15 21:07:52.137 39 ERROR keystone.server.flask.application     policy_dict.update(cls._extract_member_target_data(
2023-02-15 21:07:52.143949 2023-02-15 21:07:52.137 39 ERROR keystone.server.flask.application   File "/var/lib/kolla/venv/lib/python3.9/site-packages/keystone/common/rbac_enforcer/enforcer.py", line 234, in _extract_member_target_data
2023-02-15 21:07:52.143979 2023-02-15 21:07:52.137 39 ERROR keystone.server.flask.application     member_name: func(flask.request.view_args[key])
2023-02-15 21:07:52.143989 2023-02-15 21:07:52.137 39 ERROR keystone.server.flask.application   File "/var/lib/kolla/venv/lib/python3.9/site-packages/keystone/common/manager.py", line 115, in wrapped
2023-02-15 21:07:52.143999 2023-02-15 21:07:52.137 39 ERROR keystone.server.flask.application     __ret_val = __f(*args, **kwargs)
2023-02-15 21:07:52.144009 2023-02-15 21:07:52.137 39 ERROR keystone.server.flask.application   File "/var/lib/kolla/venv/lib/python3.9/site-packages/decorator.py", line 232, in fun
2023-02-15 21:07:52.144018 2023-02-15 21:07:52.137 39 ERROR keystone.server.flask.application     return caller(func, *(extras + args), **kw)
2023-02-15 21:07:52.144028 2023-02-15 21:07:52.137 39 ERROR keystone.server.flask.application   File "/var/lib/kolla/venv/lib/python3.9/site-packages/dogpile/cache/region.py", line 1577, in get_or_create_for_user_func
2023-02-15 21:07:52.144038 2023-02-15 21:07:52.137 39 ERROR keystone.server.flask.application     return self.get_or_create(
2023-02-15 21:07:52.144047 2023-02-15 21:07:52.137 39 ERROR keystone.server.flask.application   File "/var/lib/kolla/venv/lib/python3.9/site-packages/dogpile/cache/region.py", line 1042, in get_or_create
2023-02-15 21:07:52.144071 2023-02-15 21:07:52.137 39 ERROR keystone.server.flask.application     with Lock(
2023-02-15 21:07:52.144092 2023-02-15 21:07:52.137 39 ERROR keystone.server.flask.application   File "/var/lib/kolla/venv/lib/python3.9/site-packages/dogpile/lock.py", line 185, in __enter__
2023-02-15 21:07:52.144103 2023-02-15 21:07:52.137 39 ERROR keystone.server.flask.application     return self._enter()
2023-02-15 21:07:52.144113 2023-02-15 21:07:52.137 39 ERROR keystone.server.flask.application   File "/var/lib/kolla/venv/lib/python3.9/site-packages/dogpile/lock.py", line 94, in _enter
2023-02-15 21:07:52.144123 2023-02-15 21:07:52.137 39 ERROR keystone.server.flask.application     generated = self._enter_create(value, createdtime)
2023-02-15 21:07:52.144133 2023-02-15 21:07:52.137 39 ERROR keystone.server.flask.application   File "/var/lib/kolla/venv/lib/python3.9/site-packages/dogpile/lock.py", line 178, in _enter_create
2023-02-15 21:07:52.144142 2023-02-15 21:07:52.137 39 ERROR keystone.server.flask.application     return self.creator()
2023-02-15 21:07:52.144152 2023-02-15 21:07:52.137 39 ERROR keystone.server.flask.application   File "/var/lib/kolla/venv/lib/python3.9/site-packages/dogpile/cache/region.py", line 995, in gen_value
2023-02-15 21:07:52.144161 2023-02-15 21:07:52.137 39 ERROR keystone.server.flask.application     created_value = creator(
2023-02-15 21:07:52.144171 2023-02-15 21:07:52.137 39 ERROR keystone.server.flask.application   File "/var/lib/kolla/venv/lib/python3.9/site-packages/keystone/assignment/core.py", line 1276, in get_role
2023-02-15 21:07:52.144181 2023-02-15 21:07:52.137 39 ERROR keystone.server.flask.application     return self.driver.get_role(role_id)
2023-02-15 21:07:52.144190 2023-02-15 21:07:52.137 39 ERROR keystone.server.flask.application   File "/var/lib/kolla/venv/lib/python3.9/site-packages/keystone/assignment/role_backends/sql.py", line 70, in get_role
2023-02-15 21:07:52.144200 2023-02-15 21:07:52.137 39 ERROR keystone.server.flask.application     return self._get_role(session, role_id).to_dict()
2023-02-15 21:07:52.144210 2023-02-15 21:07:52.137 39 ERROR keystone.server.flask.application   File "/var/lib/kolla/venv/lib/python3.9/site-packages/keystone/assignment/role_backends/sql.py", line 65, in _get_role
2023-02-15 21:07:52.144219 2023-02-15 21:07:52.137 39 ERROR keystone.server.flask.application     raise exception.RoleNotFound(role_id=role_id)
2023-02-15 21:07:52.144229 2023-02-15 21:07:52.137 39 ERROR keystone.server.flask.application keystone.exception.RoleNotFound: Could not find role: admin.
2023-02-15 21:07:52.144238 2023-02-15 21:07:52.137 39 ERROR keystone.server.flask.application \x1b[00m
2023-02-15 21:07:53.219045 2023-02-15 21:07:53.213 39 ERROR keystone.server.flask.application [None req-b816c9e0-b8e6-45b9-ab04-263adbde0623 cebc531d379749b09b1151968feb9660 - - all default -] Could not find user: ironic-inspector.: keystone.exception.UserNotFound: Could not find user: ironic-inspector.
2023-02-15 21:07:53.219107 2023-02-15 21:07:53.213 39 ERROR keystone.server.flask.application Traceback (most recent call last):
2023-02-15 21:07:53.219118 2023-02-15 21:07:53.213 39 ERROR keystone.server.flask.application   File "/var/lib/kolla/venv/lib/python3.9/site-packages/flask/app.py", line 1820, in full_dispatch_request
2023-02-15 21:07:53.219128 2023-02-15 21:07:53.213 39 ERROR keystone.server.flask.application     rv = self.dispatch_request()
2023-02-15 21:07:53.219138 2023-02-15 21:07:53.213 39 ERROR keystone.server.flask.application   File "/var/lib/kolla/venv/lib/python3.9/site-packages/flask/app.py", line 1796, in dispatch_request
2023-02-15 21:07:53.219148 2023-02-15 21:07:53.213 39 ERROR keystone.server.flask.application     return self.ensure_sync(self.view_functions[rule.endpoint])(**view_args)
2023-02-15 21:07:53.219157 2023-02-15 21:07:53.213 39 ERROR keystone.server.flask.application   File "/var/lib/kolla/venv/lib/python3.9/site-packages/flask_restful/__init__.py", line 467, in wrapper
2023-02-15 21:07:53.219167 2023-02-15 21:07:53.213 39 ERROR keystone.server.flask.application     resp = resource(*args, **kwargs)
2023-02-15 21:07:53.219177 2023-02-15 21:07:53.213 39 ERROR keystone.server.flask.application   File "/var/lib/kolla/venv/lib/python3.9/site-packages/flask/views.py", line 107, in view
2023-02-15 21:07:53.219204 2023-02-15 21:07:53.213 39 ERROR keystone.server.flask.application     return current_app.ensure_sync(self.dispatch_request)(**kwargs)
2023-02-15 21:07:53.219215 2023-02-15 21:07:53.213 39 ERROR keystone.server.flask.application   File "/var/lib/kolla/venv/lib/python3.9/site-packages/flask_restful/__init__.py", line 582, in dispatch_request
2023-02-15 21:07:53.219225 2023-02-15 21:07:53.213 39 ERROR keystone.server.flask.application     resp = meth(*args, **kwargs)
2023-02-15 21:07:53.219235 2023-02-15 21:07:53.213 39 ERROR keystone.server.flask.application   File "/var/lib/kolla/venv/lib/python3.9/site-packages/keystone/api/users.py", line 182, in get
2023-02-15 21:07:53.219245 2023-02-15 21:07:53.213 39 ERROR keystone.server.flask.application     return self._get_user(user_id)
2023-02-15 21:07:53.219254 2023-02-15 21:07:53.213 39 ERROR keystone.server.flask.application   File "/var/lib/kolla/venv/lib/python3.9/site-packages/keystone/api/users.py", line 194, in _get_user
2023-02-15 21:07:53.219264 2023-02-15 21:07:53.213 39 ERROR keystone.server.flask.application     ref = PROVIDERS.identity_api.get_user(user_id)
2023-02-15 21:07:53.219273 2023-02-15 21:07:53.213 39 ERROR keystone.server.flask.application   File "/var/lib/kolla/venv/lib/python3.9/site-packages/keystone/common/manager.py", line 115, in wrapped
2023-02-15 21:07:53.219283 2023-02-15 21:07:53.213 39 ERROR keystone.server.flask.application     __ret_val = __f(*args, **kwargs)
2023-02-15 21:07:53.219292 2023-02-15 21:07:53.213 39 ERROR keystone.server.flask.application   File "/var/lib/kolla/venv/lib/python3.9/site-packages/keystone/identity/core.py", line 414, in wrapper
2023-02-15 21:07:53.219302 2023-02-15 21:07:53.213 39 ERROR keystone.server.flask.application     return f(self, *args, **kwargs)
2023-02-15 21:07:53.219311 2023-02-15 21:07:53.213 39 ERROR keystone.server.flask.application   File "/var/lib/kolla/venv/lib/python3.9/site-packages/keystone/identity/core.py", line 424, in wrapper
2023-02-15 21:07:53.219321 2023-02-15 21:07:53.213 39 ERROR keystone.server.flask.application     return f(self, *args, **kwargs)
2023-02-15 21:07:53.219330 2023-02-15 21:07:53.213 39 ERROR keystone.server.flask.application   File "/var/lib/kolla/venv/lib/python3.9/site-packages/decorator.py", line 232, in fun
2023-02-15 21:07:53.219340 2023-02-15 21:07:53.213 39 ERROR keystone.server.flask.application     return caller(func, *(extras + args), **kw)
2023-02-15 21:07:53.219349 2023-02-15 21:07:53.213 39 ERROR keystone.server.flask.application   File "/var/lib/kolla/venv/lib/python3.9/site-packages/dogpile/cache/region.py", line 1577, in get_or_create_for_user_func
2023-02-15 21:07:53.219359 2023-02-15 21:07:53.213 39 ERROR keystone.server.flask.application     return self.get_or_create(
2023-02-15 21:07:53.219368 2023-02-15 21:07:53.213 39 ERROR keystone.server.flask.application   File "/var/lib/kolla/venv/lib/python3.9/site-packages/dogpile/cache/region.py", line 1042, in get_or_create
2023-02-15 21:07:53.219378 2023-02-15 21:07:53.213 39 ERROR keystone.server.flask.application     with Lock(
2023-02-15 21:07:53.219388 2023-02-15 21:07:53.213 39 ERROR keystone.server.flask.application   File "/var/lib/kolla/venv/lib/python3.9/site-packages/dogpile/lock.py", line 185, in __enter__
2023-02-15 21:07:53.219397 2023-02-15 21:07:53.213 39 ERROR keystone.server.flask.application     return self._enter()
2023-02-15 21:07:53.219406 2023-02-15 21:07:53.213 39 ERROR keystone.server.flask.application   File "/var/lib/kolla/venv/lib/python3.9/site-packages/dogpile/lock.py", line 94, in _enter
2023-02-15 21:07:53.219416 2023-02-15 21:07:53.213 39 ERROR keystone.server.flask.application     generated = self._enter_create(value, createdtime)
2023-02-15 21:07:53.219425 2023-02-15 21:07:53.213 39 ERROR keystone.server.flask.application   File "/var/lib/kolla/venv/lib/python3.9/site-packages/dogpile/lock.py", line 178, in _enter_create
2023-02-15 21:07:53.219444 2023-02-15 21:07:53.213 39 ERROR keystone.server.flask.application     return self.creator()
2023-02-15 21:07:53.219455 2023-02-15 21:07:53.213 39 ERROR keystone.server.flask.application   File "/var/lib/kolla/venv/lib/python3.9/site-packages/dogpile/cache/region.py", line 995, in gen_value
2023-02-15 21:07:53.219465 2023-02-15 21:07:53.213 39 ERROR keystone.server.flask.application     created_value = creator(
2023-02-15 21:07:53.219474 2023-02-15 21:07:53.213 39 ERROR keystone.server.flask.application   File "/var/lib/kolla/venv/lib/python3.9/site-packages/keystone/identity/core.py", line 1011, in get_user
2023-02-15 21:07:53.219484 2023-02-15 21:07:53.213 39 ERROR keystone.server.flask.application     ref = driver.get_user(entity_id)
2023-02-15 21:07:53.219493 2023-02-15 21:07:53.213 39 ERROR keystone.server.flask.application   File "/var/lib/kolla/venv/lib/python3.9/site-packages/keystone/identity/backends/sql.py", line 200, in get_user
2023-02-15 21:07:53.219503 2023-02-15 21:07:53.213 39 ERROR keystone.server.flask.application     self._get_user(session, user_id).to_dict())
2023-02-15 21:07:53.219512 2023-02-15 21:07:53.213 39 ERROR keystone.server.flask.application   File "/var/lib/kolla/venv/lib/python3.9/site-packages/keystone/identity/backends/sql.py", line 194, in _get_user
2023-02-15 21:07:53.219522 2023-02-15 21:07:53.213 39 ERROR keystone.server.flask.application     raise exception.UserNotFound(user_id=user_id)
2023-02-15 21:07:53.219532 2023-02-15 21:07:53.213 39 ERROR keystone.server.flask.application keystone.exception.UserNotFound: Could not find user: ironic-inspector.
2023-02-15 21:07:53.219541 2023-02-15 21:07:53.213 39 ERROR keystone.server.flask.application \x1b[00m
2023-02-15 21:07:53.885739 2023-02-15 21:07:53.882 37 ERROR keystone.server.flask.application [None req-054168bf-503a-4096-a3ef-9831428e3f45 cebc531d379749b09b1151968feb9660 - - all default -] Could not find project: service.: keystone.exception.ProjectNotFound: Could not find project: service.
2023-02-15 21:07:53.885778 2023-02-15 21:07:53.882 37 ERROR keystone.server.flask.application Traceback (most recent call last):
2023-02-15 21:07:53.885790 2023-02-15 21:07:53.882 37 ERROR keystone.server.flask.application   File "/var/lib/kolla/venv/lib/python3.9/site-packages/flask/app.py", line 1820, in full_dispatch_request
2023-02-15 21:07:53.885800 2023-02-15 21:07:53.882 37 ERROR keystone.server.flask.application     rv = self.dispatch_request()
2023-02-15 21:07:53.885810 2023-02-15 21:07:53.882 37 ERROR keystone.server.flask.application   File "/var/lib/kolla/venv/lib/python3.9/site-packages/flask/app.py", line 1796, in dispatch_request
2023-02-15 21:07:53.885820 2023-02-15 21:07:53.882 37 ERROR keystone.server.flask.application     return self.ensure_sync(self.view_functions[rule.endpoint])(**view_args)
2023-02-15 21:07:53.885829 2023-02-15 21:07:53.882 37 ERROR keystone.server.flask.application   File "/var/lib/kolla/venv/lib/python3.9/site-packages/flask_restful/__init__.py", line 467, in wrapper
2023-02-15 21:07:53.885839 2023-02-15 21:07:53.882 37 ERROR keystone.server.flask.application     resp = resource(*args, **kwargs)
2023-02-15 21:07:53.885848 2023-02-15 21:07:53.882 37 ERROR keystone.server.flask.application   File "/var/lib/kolla/venv/lib/python3.9/site-packages/flask/views.py", line 107, in view
2023-02-15 21:07:53.885858 2023-02-15 21:07:53.882 37 ERROR keystone.server.flask.application     return current_app.ensure_sync(self.dispatch_request)(**kwargs)
2023-02-15 21:07:53.885868 2023-02-15 21:07:53.882 37 ERROR keystone.server.flask.application   File "/var/lib/kolla/venv/lib/python3.9/site-packages/flask_restful/__init__.py", line 582, in dispatch_request
2023-02-15 21:07:53.885877 2023-02-15 21:07:53.882 37 ERROR keystone.server.flask.application     resp = meth(*args, **kwargs)
2023-02-15 21:07:53.885886 2023-02-15 21:07:53.882 37 ERROR keystone.server.flask.application   File "/var/lib/kolla/venv/lib/python3.9/site-packages/keystone/api/projects.py", line 151, in get
2023-02-15 21:07:53.885921 2023-02-15 21:07:53.882 37 ERROR keystone.server.flask.application     return self._get_project(project_id)
2023-02-15 21:07:53.885932 2023-02-15 21:07:53.882 37 ERROR keystone.server.flask.application   File "/var/lib/kolla/venv/lib/python3.9/site-packages/keystone/api/projects.py", line 107, in _get_project
2023-02-15 21:07:53.885942 2023-02-15 21:07:53.882 37 ERROR keystone.server.flask.application     project = PROVIDERS.resource_api.get_project(project_id)
2023-02-15 21:07:53.885952 2023-02-15 21:07:53.882 37 ERROR keystone.server.flask.application   File "/var/lib/kolla/venv/lib/python3.9/site-packages/keystone/common/manager.py", line 115, in wrapped
2023-02-15 21:07:53.885961 2023-02-15 21:07:53.882 37 ERROR keystone.server.flask.application     __ret_val = __f(*args, **kwargs)
2023-02-15 21:07:53.885971 2023-02-15 21:07:53.882 37 ERROR keystone.server.flask.application   File "/var/lib/kolla/venv/lib/python3.9/site-packages/decorator.py", line 232, in fun
2023-02-15 21:07:53.885980 2023-02-15 21:07:53.882 37 ERROR keystone.server.flask.application     return caller(func, *(extras + args), **kw)
2023-02-15 21:07:53.885990 2023-02-15 21:07:53.882 37 ERROR keystone.server.flask.application   File "/var/lib/kolla/venv/lib/python3.9/site-packages/dogpile/cache/region.py", line 1577, in get_or_create_for_user_func
2023-02-15 21:07:53.886000 2023-02-15 21:07:53.882 37 ERROR keystone.server.flask.application     return self.get_or_create(
2023-02-15 21:07:53.886009 2023-02-15 21:07:53.882 37 ERROR keystone.server.flask.application   File "/var/lib/kolla/venv/lib/python3.9/site-packages/dogpile/cache/region.py", line 1042, in get_or_create
2023-02-15 21:07:53.886019 2023-02-15 21:07:53.882 37 ERROR keystone.server.flask.application     with Lock(
2023-02-15 21:07:53.886029 2023-02-15 21:07:53.882 37 ERROR keystone.server.flask.application   File "/var/lib/kolla/venv/lib/python3.9/site-packages/dogpile/lock.py", line 185, in __enter__
2023-02-15 21:07:53.886038 2023-02-15 21:07:53.882 37 ERROR keystone.server.flask.application     return self._enter()
2023-02-15 21:07:53.886047 2023-02-15 21:07:53.882 37 ERROR keystone.server.flask.application   File "/var/lib/kolla/venv/lib/python3.9/site-packages/dogpile/lock.py", line 94, in _enter
2023-02-15 21:07:53.886057 2023-02-15 21:07:53.882 37 ERROR keystone.server.flask.application     generated = self._enter_create(value, createdtime)
2023-02-15 21:07:53.886066 2023-02-15 21:07:53.882 37 ERROR keystone.server.flask.application   File "/var/lib/kolla/venv/lib/python3.9/site-packages/dogpile/lock.py", line 178, in _enter_create
2023-02-15 21:07:53.886076 2023-02-15 21:07:53.882 37 ERROR keystone.server.flask.application     return self.creator()
2023-02-15 21:07:53.886085 2023-02-15 21:07:53.882 37 ERROR keystone.server.flask.application   File "/var/lib/kolla/venv/lib/python3.9/site-packages/dogpile/cache/region.py", line 995, in gen_value
2023-02-15 21:07:53.886095 2023-02-15 21:07:53.882 37 ERROR keystone.server.flask.application     created_value = creator(
2023-02-15 21:07:53.886104 2023-02-15 21:07:53.882 37 ERROR keystone.server.flask.application   File "/var/lib/kolla/venv/lib/python3.9/site-packages/keystone/resource/core.py", line 903, in get_project
2023-02-15 21:07:53.886114 2023-02-15 21:07:53.882 37 ERROR keystone.server.flask.application     return self.driver.get_project(project_id)
2023-02-15 21:07:53.886123 2023-02-15 21:07:53.882 37 ERROR keystone.server.flask.application   File "/var/lib/kolla/venv/lib/python3.9/site-packages/keystone/resource/backends/sql.py", line 49, in get_project
2023-02-15 21:07:53.886133 2023-02-15 21:07:53.882 37 ERROR keystone.server.flask.application     return self._get_project(session, project_id).to_dict()
2023-02-15 21:07:53.886142 2023-02-15 21:07:53.882 37 ERROR keystone.server.flask.application   File "/var/lib/kolla/venv/lib/python3.9/site-packages/keystone/resource/backends/sql.py", line 44, in _get_project
2023-02-15 21:07:53.886152 2023-02-15 21:07:53.882 37 ERROR keystone.server.flask.application     raise exception.ProjectNotFound(project_id=project_id)
2023-02-15 21:07:53.886172 2023-02-15 21:07:53.882 37 ERROR keystone.server.flask.application keystone.exception.ProjectNotFound: Could not find project: service.
2023-02-15 21:07:53.886183 2023-02-15 21:07:53.882 37 ERROR keystone.server.flask.application \x1b[00m
