2023-03-15 00:12:23,138 p=5770 u=root n=ansible | [WARNING]: Invalid characters were found in group names but not replaced, use
-vvvv to see details

2023-03-15 00:12:24,910 p=5770 u=root n=ansible | PLAY [Gather facts for all hosts] **********************************************
2023-03-15 00:12:25,180 p=5770 u=root n=ansible | TASK [Gather facts] ************************************************************
2023-03-15 00:12:28,654 p=5770 u=root n=ansible | ok: [localhost]
2023-03-15 00:12:28,743 p=5770 u=root n=ansible | TASK [Group hosts to determine when using --limit] *****************************
2023-03-15 00:12:28,809 p=5770 u=root n=ansible | ok: [localhost]
2023-03-15 00:12:28,980 p=5770 u=root n=ansible | [WARNING]: Could not match supplied host pattern, ignoring:
all_using_limit_True

2023-03-15 00:12:28,989 p=5770 u=root n=ansible | PLAY [Gather facts for all hosts (if using --limit)] ***************************
2023-03-15 00:12:28,989 p=5770 u=root n=ansible | skipping: no hosts matched
2023-03-15 00:12:28,999 p=5770 u=root n=ansible | PLAY [Apply role baremetal] ****************************************************
2023-03-15 00:12:29,218 p=5770 u=root n=ansible | TASK [openstack.kolla.baremetal : Ensure localhost in /etc/hosts] **************
2023-03-15 00:12:30,137 p=5770 u=root n=ansible | changed: [localhost]
2023-03-15 00:12:30,290 p=5770 u=root n=ansible | TASK [openstack.kolla.baremetal : Ensure hostname does not point to 127.0.1.1 in /etc/hosts] ***
2023-03-15 00:12:30,791 p=5770 u=root n=ansible | ok: [localhost]
2023-03-15 00:12:30,898 p=5770 u=root n=ansible | TASK [openstack.kolla.baremetal : Generate /etc/hosts for all of the nodes] ****
2023-03-15 00:12:32,344 p=5770 u=root n=ansible | changed: [localhost]
2023-03-15 00:12:32,430 p=5770 u=root n=ansible | TASK [openstack.kolla.baremetal : Ensure unprivileged users can use ping] ******
2023-03-15 00:12:33,322 p=5770 u=root n=ansible | changed: [localhost]
2023-03-15 00:12:33,413 p=5770 u=root n=ansible | TASK [openstack.kolla.baremetal : Ensure /etc/cloud/cloud.cfg exists] **********
2023-03-15 00:12:34,420 p=5770 u=root n=ansible | ok: [localhost]
2023-03-15 00:12:34,516 p=5770 u=root n=ansible | TASK [openstack.kolla.baremetal : Disable cloud-init manage_etc_hosts] *********
2023-03-15 00:12:35,967 p=5770 u=root n=ansible | changed: [localhost]
2023-03-15 00:12:36,086 p=5770 u=root n=ansible | TASK [openstack.kolla.baremetal : Set firewall default policy] *****************
2023-03-15 00:12:36,140 p=5770 u=root n=ansible | skipping: [localhost]
2023-03-15 00:12:36,236 p=5770 u=root n=ansible | TASK [openstack.kolla.baremetal : Check if firewalld is installed] *************
2023-03-15 00:12:37,072 p=5770 u=root n=ansible | ok: [localhost]
2023-03-15 00:12:37,159 p=5770 u=root n=ansible | TASK [openstack.kolla.baremetal : Disable firewalld] ***************************
2023-03-15 00:12:37,219 p=5770 u=root n=ansible | skipping: [localhost] => (item=firewalld) 
2023-03-15 00:12:37,310 p=5770 u=root n=ansible | TASK [openstack.kolla.docker : Fail if docker_custom_option is defined] ********
2023-03-15 00:12:37,443 p=5770 u=root n=ansible | skipping: [localhost]
2023-03-15 00:12:37,571 p=5770 u=root n=ansible | TASK [openstack.kolla.docker : include_tasks] **********************************
2023-03-15 00:12:37,640 p=5770 u=root n=ansible | skipping: [localhost]
2023-03-15 00:12:37,741 p=5770 u=root n=ansible | TASK [openstack.kolla.docker : Ensure docker config directory exists] **********
2023-03-15 00:12:38,680 p=5770 u=root n=ansible | ok: [localhost]
2023-03-15 00:12:38,771 p=5770 u=root n=ansible | TASK [openstack.kolla.docker : Write docker config] ****************************
2023-03-15 00:12:40,050 p=5770 u=root n=ansible | changed: [localhost]
2023-03-15 00:12:40,166 p=5770 u=root n=ansible | TASK [openstack.kolla.docker : Remove old docker options file] *****************
2023-03-15 00:12:40,834 p=5770 u=root n=ansible | ok: [localhost]
2023-03-15 00:12:40,919 p=5770 u=root n=ansible | TASK [openstack.kolla.docker : Ensure docker service directory exists] *********
2023-03-15 00:12:40,981 p=5770 u=root n=ansible | skipping: [localhost]
2023-03-15 00:12:41,086 p=5770 u=root n=ansible | TASK [openstack.kolla.docker : Configure docker service] ***********************
2023-03-15 00:12:41,142 p=5770 u=root n=ansible | skipping: [localhost]
2023-03-15 00:12:41,243 p=5770 u=root n=ansible | TASK [openstack.kolla.docker : Ensure the path for CA file for private registry exists] ***
2023-03-15 00:12:41,294 p=5770 u=root n=ansible | skipping: [localhost]
2023-03-15 00:12:41,380 p=5770 u=root n=ansible | TASK [openstack.kolla.docker : Ensure the CA file for private registry exists] ***
2023-03-15 00:12:41,429 p=5770 u=root n=ansible | skipping: [localhost]
2023-03-15 00:12:41,516 p=5770 u=root n=ansible | TASK [openstack.kolla.docker : Flush handlers] *********************************
2023-03-15 00:12:41,517 p=5770 u=root n=ansible | RUNNING HANDLER [openstack.kolla.docker : Restart docker] **********************
2023-03-15 00:12:46,481 p=5770 u=root n=ansible | changed: [localhost]
2023-03-15 00:12:46,626 p=5770 u=root n=ansible | TASK [openstack.kolla.docker : Start and enable docker] ************************
2023-03-15 00:12:47,618 p=5770 u=root n=ansible | ok: [localhost]
2023-03-15 00:12:47,794 p=5770 u=root n=ansible | TASK [openstack.kolla.docker : include_tasks] **********************************
2023-03-15 00:12:47,860 p=5770 u=root n=ansible | skipping: [localhost]
2023-03-15 00:12:48,136 p=5770 u=root n=ansible | TASK [openstack.kolla.kolla_user : Ensure groups are present] ******************
2023-03-15 00:12:48,204 p=5770 u=root n=ansible | skipping: [localhost] => (item=docker) 
2023-03-15 00:12:48,213 p=5770 u=root n=ansible | skipping: [localhost] => (item=sudo) 
2023-03-15 00:12:48,221 p=5770 u=root n=ansible | skipping: [localhost] => (item=kolla) 
2023-03-15 00:12:48,364 p=5770 u=root n=ansible | TASK [openstack.kolla.kolla_user : Create kolla user] **************************
2023-03-15 00:12:48,423 p=5770 u=root n=ansible | skipping: [localhost]
2023-03-15 00:12:48,592 p=5770 u=root n=ansible | TASK [openstack.kolla.kolla_user : Add public key to kolla user authorized keys] ***
2023-03-15 00:12:48,661 p=5770 u=root n=ansible | skipping: [localhost]
2023-03-15 00:12:48,826 p=5770 u=root n=ansible | TASK [openstack.kolla.kolla_user : Grant kolla user passwordless sudo] *********
2023-03-15 00:12:48,911 p=5770 u=root n=ansible | skipping: [localhost]
2023-03-15 00:12:49,196 p=5770 u=root n=ansible | TASK [openstack.kolla.docker_sdk : Install latest pip in the virtualenv] *******
2023-03-15 00:12:49,311 p=5770 u=root n=ansible | skipping: [localhost]
2023-03-15 00:12:49,430 p=5770 u=root n=ansible | TASK [openstack.kolla.docker_sdk : Install docker SDK for python] **************
2023-03-15 00:13:19,380 p=5770 u=root n=ansible | ok: [localhost]
2023-03-15 00:13:19,546 p=5770 u=root n=ansible | TASK [openstack.kolla.baremetal : Ensure node_config_directory directory exists] ***
2023-03-15 00:13:20,140 p=5770 u=root n=ansible | ok: [localhost]
2023-03-15 00:13:20,230 p=5770 u=root n=ansible | TASK [openstack.kolla.apparmor_libvirt : include_tasks] ************************
2023-03-15 00:13:20,276 p=5770 u=root n=ansible | skipping: [localhost]
2023-03-15 00:13:20,449 p=5770 u=root n=ansible | TASK [openstack.kolla.baremetal : Change state of selinux] *********************
2023-03-15 00:13:21,987 p=5770 u=root n=ansible | ok: [localhost]
2023-03-15 00:13:22,099 p=5770 u=root n=ansible | TASK [openstack.kolla.baremetal : Set https proxy for git] *********************
2023-03-15 00:13:22,142 p=5770 u=root n=ansible | skipping: [localhost]
2023-03-15 00:13:22,229 p=5770 u=root n=ansible | TASK [openstack.kolla.baremetal : Set http proxy for git] **********************
2023-03-15 00:13:22,273 p=5770 u=root n=ansible | skipping: [localhost]
2023-03-15 00:13:22,359 p=5770 u=root n=ansible | TASK [openstack.kolla.baremetal : include_tasks] *******************************
2023-03-15 00:13:22,400 p=5770 u=root n=ansible | skipping: [localhost]
2023-03-15 00:13:22,683 p=5770 u=root n=ansible | PLAY RECAP *********************************************************************
2023-03-15 00:13:22,684 p=5770 u=root n=ansible | localhost                  : ok=17   changed=6    unreachable=0    failed=0    skipped=18   rescued=0    ignored=0   
