2023-02-28 22:06:27,487 p=5761 u=root n=ansible | [WARNING]: Invalid characters were found in group names but not replaced, use
-vvvv to see details

2023-02-28 22:06:29,501 p=5761 u=root n=ansible | PLAY [Gather facts for all hosts] **********************************************
2023-02-28 22:06:29,777 p=5761 u=root n=ansible | TASK [Gather facts] ************************************************************
2023-02-28 22:06:40,720 p=5761 u=root n=ansible | ok: [localhost]
2023-02-28 22:06:40,847 p=5761 u=root n=ansible | TASK [Group hosts to determine when using --limit] *****************************
2023-02-28 22:06:40,924 p=5761 u=root n=ansible | ok: [localhost]
2023-02-28 22:06:41,112 p=5761 u=root n=ansible | [WARNING]: Could not match supplied host pattern, ignoring:
all_using_limit_True

2023-02-28 22:06:41,120 p=5761 u=root n=ansible | PLAY [Gather facts for all hosts (if using --limit)] ***************************
2023-02-28 22:06:41,120 p=5761 u=root n=ansible | skipping: no hosts matched
2023-02-28 22:06:41,128 p=5761 u=root n=ansible | PLAY [Apply role baremetal] ****************************************************
2023-02-28 22:06:41,330 p=5761 u=root n=ansible | TASK [openstack.kolla.baremetal : Ensure localhost in /etc/hosts] **************
2023-02-28 22:06:42,161 p=5761 u=root n=ansible | changed: [localhost]
2023-02-28 22:06:42,241 p=5761 u=root n=ansible | TASK [openstack.kolla.baremetal : Ensure hostname does not point to 127.0.1.1 in /etc/hosts] ***
2023-02-28 22:06:42,705 p=5761 u=root n=ansible | ok: [localhost]
2023-02-28 22:06:42,808 p=5761 u=root n=ansible | TASK [openstack.kolla.baremetal : Generate /etc/hosts for all of the nodes] ****
2023-02-28 22:06:44,290 p=5761 u=root n=ansible | changed: [localhost]
2023-02-28 22:06:44,392 p=5761 u=root n=ansible | TASK [openstack.kolla.baremetal : Ensure unprivileged users can use ping] ******
2023-02-28 22:06:45,619 p=5761 u=root n=ansible | changed: [localhost]
2023-02-28 22:06:45,714 p=5761 u=root n=ansible | TASK [openstack.kolla.baremetal : Ensure /etc/cloud/cloud.cfg exists] **********
2023-02-28 22:06:47,160 p=5761 u=root n=ansible | ok: [localhost]
2023-02-28 22:06:47,260 p=5761 u=root n=ansible | TASK [openstack.kolla.baremetal : Disable cloud-init manage_etc_hosts] *********
2023-02-28 22:06:49,006 p=5761 u=root n=ansible | changed: [localhost]
2023-02-28 22:06:49,136 p=5761 u=root n=ansible | TASK [openstack.kolla.baremetal : Set firewall default policy] *****************
2023-02-28 22:06:49,196 p=5761 u=root n=ansible | skipping: [localhost]
2023-02-28 22:06:49,306 p=5761 u=root n=ansible | TASK [openstack.kolla.baremetal : Check if firewalld is installed] *************
2023-02-28 22:06:50,257 p=5761 u=root n=ansible | ok: [localhost]
2023-02-28 22:06:50,425 p=5761 u=root n=ansible | TASK [openstack.kolla.baremetal : Disable firewalld] ***************************
2023-02-28 22:06:50,593 p=5761 u=root n=ansible | skipping: [localhost] => (item=firewalld) 
2023-02-28 22:06:50,707 p=5761 u=root n=ansible | TASK [openstack.kolla.docker : Fail if docker_custom_option is defined] ********
2023-02-28 22:06:50,781 p=5761 u=root n=ansible | skipping: [localhost]
2023-02-28 22:06:50,907 p=5761 u=root n=ansible | TASK [openstack.kolla.docker : include_tasks] **********************************
2023-02-28 22:06:50,960 p=5761 u=root n=ansible | skipping: [localhost]
2023-02-28 22:06:51,066 p=5761 u=root n=ansible | TASK [openstack.kolla.docker : Ensure docker config directory exists] **********
2023-02-28 22:06:52,040 p=5761 u=root n=ansible | ok: [localhost]
2023-02-28 22:06:52,155 p=5761 u=root n=ansible | TASK [openstack.kolla.docker : Write docker config] ****************************
2023-02-28 22:06:53,393 p=5761 u=root n=ansible | changed: [localhost]
2023-02-28 22:06:53,564 p=5761 u=root n=ansible | TASK [openstack.kolla.docker : Remove old docker options file] *****************
2023-02-28 22:06:54,279 p=5761 u=root n=ansible | ok: [localhost]
2023-02-28 22:06:54,373 p=5761 u=root n=ansible | TASK [openstack.kolla.docker : Ensure docker service directory exists] *********
2023-02-28 22:06:54,426 p=5761 u=root n=ansible | skipping: [localhost]
2023-02-28 22:06:54,530 p=5761 u=root n=ansible | TASK [openstack.kolla.docker : Configure docker service] ***********************
2023-02-28 22:06:54,582 p=5761 u=root n=ansible | skipping: [localhost]
2023-02-28 22:06:54,677 p=5761 u=root n=ansible | TASK [openstack.kolla.docker : Ensure the path for CA file for private registry exists] ***
2023-02-28 22:06:54,732 p=5761 u=root n=ansible | skipping: [localhost]
2023-02-28 22:06:54,830 p=5761 u=root n=ansible | TASK [openstack.kolla.docker : Ensure the CA file for private registry exists] ***
2023-02-28 22:06:54,911 p=5761 u=root n=ansible | skipping: [localhost]
2023-02-28 22:06:55,026 p=5761 u=root n=ansible | TASK [openstack.kolla.docker : Flush handlers] *********************************
2023-02-28 22:06:55,027 p=5761 u=root n=ansible | RUNNING HANDLER [openstack.kolla.docker : Restart docker] **********************
2023-02-28 22:06:59,096 p=5761 u=root n=ansible | changed: [localhost]
2023-02-28 22:06:59,194 p=5761 u=root n=ansible | TASK [openstack.kolla.docker : Start and enable docker] ************************
2023-02-28 22:07:00,183 p=5761 u=root n=ansible | ok: [localhost]
2023-02-28 22:07:00,269 p=5761 u=root n=ansible | TASK [openstack.kolla.docker : include_tasks] **********************************
2023-02-28 22:07:00,310 p=5761 u=root n=ansible | skipping: [localhost]
2023-02-28 22:07:00,475 p=5761 u=root n=ansible | TASK [openstack.kolla.kolla_user : Ensure groups are present] ******************
2023-02-28 22:07:00,525 p=5761 u=root n=ansible | skipping: [localhost] => (item=docker) 
2023-02-28 22:07:00,528 p=5761 u=root n=ansible | skipping: [localhost] => (item=sudo) 
2023-02-28 22:07:00,536 p=5761 u=root n=ansible | skipping: [localhost] => (item=kolla) 
2023-02-28 22:07:00,651 p=5761 u=root n=ansible | TASK [openstack.kolla.kolla_user : Create kolla user] **************************
2023-02-28 22:07:00,693 p=5761 u=root n=ansible | skipping: [localhost]
2023-02-28 22:07:00,812 p=5761 u=root n=ansible | TASK [openstack.kolla.kolla_user : Add public key to kolla user authorized keys] ***
2023-02-28 22:07:00,869 p=5761 u=root n=ansible | skipping: [localhost]
2023-02-28 22:07:00,988 p=5761 u=root n=ansible | TASK [openstack.kolla.kolla_user : Grant kolla user passwordless sudo] *********
2023-02-28 22:07:01,032 p=5761 u=root n=ansible | skipping: [localhost]
2023-02-28 22:07:01,213 p=5761 u=root n=ansible | TASK [openstack.kolla.docker_sdk : Install latest pip in the virtualenv] *******
2023-02-28 22:07:01,271 p=5761 u=root n=ansible | skipping: [localhost]
2023-02-28 22:07:01,359 p=5761 u=root n=ansible | TASK [openstack.kolla.docker_sdk : Install docker SDK for python] **************
2023-02-28 22:07:11,619 p=5761 u=root n=ansible | ok: [localhost]
2023-02-28 22:07:11,791 p=5761 u=root n=ansible | TASK [openstack.kolla.baremetal : Ensure node_config_directory directory exists] ***
2023-02-28 22:07:12,335 p=5761 u=root n=ansible | ok: [localhost]
2023-02-28 22:07:12,440 p=5761 u=root n=ansible | TASK [openstack.kolla.apparmor_libvirt : include_tasks] ************************
2023-02-28 22:07:12,477 p=5761 u=root n=ansible | skipping: [localhost]
2023-02-28 22:07:12,671 p=5761 u=root n=ansible | TASK [openstack.kolla.baremetal : Change state of selinux] *********************
2023-02-28 22:07:14,346 p=5761 u=root n=ansible | ok: [localhost]
2023-02-28 22:07:14,436 p=5761 u=root n=ansible | TASK [openstack.kolla.baremetal : Set https proxy for git] *********************
2023-02-28 22:07:14,480 p=5761 u=root n=ansible | skipping: [localhost]
2023-02-28 22:07:14,568 p=5761 u=root n=ansible | TASK [openstack.kolla.baremetal : Set http proxy for git] **********************
2023-02-28 22:07:14,607 p=5761 u=root n=ansible | skipping: [localhost]
2023-02-28 22:07:14,700 p=5761 u=root n=ansible | TASK [openstack.kolla.baremetal : include_tasks] *******************************
2023-02-28 22:07:14,738 p=5761 u=root n=ansible | skipping: [localhost]
2023-02-28 22:07:15,001 p=5761 u=root n=ansible | PLAY RECAP *********************************************************************
2023-02-28 22:07:15,002 p=5761 u=root n=ansible | localhost                  : ok=17   changed=6    unreachable=0    failed=0    skipped=18   rescued=0    ignored=0   
