2023-03-01 16:56:26,428 p=5763 u=root n=ansible | [WARNING]: Invalid characters were found in group names but not replaced, use
-vvvv to see details

2023-03-01 16:56:29,220 p=5763 u=root n=ansible | PLAY [Gather facts for all hosts] **********************************************
2023-03-01 16:56:29,487 p=5763 u=root n=ansible | TASK [Gather facts] ************************************************************
2023-03-01 16:56:39,007 p=5763 u=root n=ansible | ok: [localhost]
2023-03-01 16:56:39,107 p=5763 u=root n=ansible | TASK [Group hosts to determine when using --limit] *****************************
2023-03-01 16:56:39,178 p=5763 u=root n=ansible | ok: [localhost]
2023-03-01 16:56:39,347 p=5763 u=root n=ansible | [WARNING]: Could not match supplied host pattern, ignoring:
all_using_limit_True

2023-03-01 16:56:39,356 p=5763 u=root n=ansible | PLAY [Gather facts for all hosts (if using --limit)] ***************************
2023-03-01 16:56:39,357 p=5763 u=root n=ansible | skipping: no hosts matched
2023-03-01 16:56:39,367 p=5763 u=root n=ansible | PLAY [Apply role baremetal] ****************************************************
2023-03-01 16:56:39,581 p=5763 u=root n=ansible | TASK [openstack.kolla.baremetal : Ensure localhost in /etc/hosts] **************
2023-03-01 16:56:40,552 p=5763 u=root n=ansible | changed: [localhost]
2023-03-01 16:56:40,646 p=5763 u=root n=ansible | TASK [openstack.kolla.baremetal : Ensure hostname does not point to 127.0.1.1 in /etc/hosts] ***
2023-03-01 16:56:41,237 p=5763 u=root n=ansible | ok: [localhost]
2023-03-01 16:56:41,332 p=5763 u=root n=ansible | TASK [openstack.kolla.baremetal : Generate /etc/hosts for all of the nodes] ****
2023-03-01 16:56:42,855 p=5763 u=root n=ansible | changed: [localhost]
2023-03-01 16:56:42,970 p=5763 u=root n=ansible | TASK [openstack.kolla.baremetal : Ensure unprivileged users can use ping] ******
2023-03-01 16:56:43,847 p=5763 u=root n=ansible | changed: [localhost]
2023-03-01 16:56:43,933 p=5763 u=root n=ansible | TASK [openstack.kolla.baremetal : Ensure /etc/cloud/cloud.cfg exists] **********
2023-03-01 16:56:45,001 p=5763 u=root n=ansible | ok: [localhost]
2023-03-01 16:56:45,128 p=5763 u=root n=ansible | TASK [openstack.kolla.baremetal : Disable cloud-init manage_etc_hosts] *********
2023-03-01 16:56:46,850 p=5763 u=root n=ansible | changed: [localhost]
2023-03-01 16:56:46,955 p=5763 u=root n=ansible | TASK [openstack.kolla.baremetal : Set firewall default policy] *****************
2023-03-01 16:56:47,032 p=5763 u=root n=ansible | skipping: [localhost]
2023-03-01 16:56:47,192 p=5763 u=root n=ansible | TASK [openstack.kolla.baremetal : Check if firewalld is installed] *************
2023-03-01 16:56:48,151 p=5763 u=root n=ansible | ok: [localhost]
2023-03-01 16:56:48,237 p=5763 u=root n=ansible | TASK [openstack.kolla.baremetal : Disable firewalld] ***************************
2023-03-01 16:56:48,295 p=5763 u=root n=ansible | skipping: [localhost] => (item=firewalld) 
2023-03-01 16:56:48,383 p=5763 u=root n=ansible | TASK [openstack.kolla.docker : Fail if docker_custom_option is defined] ********
2023-03-01 16:56:48,546 p=5763 u=root n=ansible | skipping: [localhost]
2023-03-01 16:56:48,633 p=5763 u=root n=ansible | TASK [openstack.kolla.docker : include_tasks] **********************************
2023-03-01 16:56:48,678 p=5763 u=root n=ansible | skipping: [localhost]
2023-03-01 16:56:48,787 p=5763 u=root n=ansible | TASK [openstack.kolla.docker : Ensure docker config directory exists] **********
2023-03-01 16:56:49,683 p=5763 u=root n=ansible | ok: [localhost]
2023-03-01 16:56:49,772 p=5763 u=root n=ansible | TASK [openstack.kolla.docker : Write docker config] ****************************
2023-03-01 16:56:51,027 p=5763 u=root n=ansible | changed: [localhost]
2023-03-01 16:56:51,126 p=5763 u=root n=ansible | TASK [openstack.kolla.docker : Remove old docker options file] *****************
2023-03-01 16:56:51,675 p=5763 u=root n=ansible | ok: [localhost]
2023-03-01 16:56:51,786 p=5763 u=root n=ansible | TASK [openstack.kolla.docker : Ensure docker service directory exists] *********
2023-03-01 16:56:51,835 p=5763 u=root n=ansible | skipping: [localhost]
2023-03-01 16:56:51,954 p=5763 u=root n=ansible | TASK [openstack.kolla.docker : Configure docker service] ***********************
2023-03-01 16:56:52,029 p=5763 u=root n=ansible | skipping: [localhost]
2023-03-01 16:56:52,122 p=5763 u=root n=ansible | TASK [openstack.kolla.docker : Ensure the path for CA file for private registry exists] ***
2023-03-01 16:56:52,185 p=5763 u=root n=ansible | skipping: [localhost]
2023-03-01 16:56:52,293 p=5763 u=root n=ansible | TASK [openstack.kolla.docker : Ensure the CA file for private registry exists] ***
2023-03-01 16:56:52,347 p=5763 u=root n=ansible | skipping: [localhost]
2023-03-01 16:56:52,442 p=5763 u=root n=ansible | TASK [openstack.kolla.docker : Flush handlers] *********************************
2023-03-01 16:56:52,443 p=5763 u=root n=ansible | RUNNING HANDLER [openstack.kolla.docker : Restart docker] **********************
2023-03-01 16:56:56,457 p=5763 u=root n=ansible | changed: [localhost]
2023-03-01 16:56:56,549 p=5763 u=root n=ansible | TASK [openstack.kolla.docker : Start and enable docker] ************************
2023-03-01 16:56:57,497 p=5763 u=root n=ansible | ok: [localhost]
2023-03-01 16:56:57,585 p=5763 u=root n=ansible | TASK [openstack.kolla.docker : include_tasks] **********************************
2023-03-01 16:56:57,629 p=5763 u=root n=ansible | skipping: [localhost]
2023-03-01 16:56:57,827 p=5763 u=root n=ansible | TASK [openstack.kolla.kolla_user : Ensure groups are present] ******************
2023-03-01 16:56:57,891 p=5763 u=root n=ansible | skipping: [localhost] => (item=docker) 
2023-03-01 16:56:57,895 p=5763 u=root n=ansible | skipping: [localhost] => (item=sudo) 
2023-03-01 16:56:57,905 p=5763 u=root n=ansible | skipping: [localhost] => (item=kolla) 
2023-03-01 16:56:58,010 p=5763 u=root n=ansible | TASK [openstack.kolla.kolla_user : Create kolla user] **************************
2023-03-01 16:56:58,068 p=5763 u=root n=ansible | skipping: [localhost]
2023-03-01 16:56:58,169 p=5763 u=root n=ansible | TASK [openstack.kolla.kolla_user : Add public key to kolla user authorized keys] ***
2023-03-01 16:56:58,218 p=5763 u=root n=ansible | skipping: [localhost]
2023-03-01 16:56:58,315 p=5763 u=root n=ansible | TASK [openstack.kolla.kolla_user : Grant kolla user passwordless sudo] *********
2023-03-01 16:56:58,366 p=5763 u=root n=ansible | skipping: [localhost]
2023-03-01 16:56:58,552 p=5763 u=root n=ansible | TASK [openstack.kolla.docker_sdk : Install latest pip in the virtualenv] *******
2023-03-01 16:56:58,617 p=5763 u=root n=ansible | skipping: [localhost]
2023-03-01 16:56:58,705 p=5763 u=root n=ansible | TASK [openstack.kolla.docker_sdk : Install docker SDK for python] **************
2023-03-01 16:57:05,569 p=5763 u=root n=ansible | ok: [localhost]
2023-03-01 16:57:05,744 p=5763 u=root n=ansible | TASK [openstack.kolla.baremetal : Ensure node_config_directory directory exists] ***
2023-03-01 16:57:06,586 p=5763 u=root n=ansible | ok: [localhost]
2023-03-01 16:57:06,698 p=5763 u=root n=ansible | TASK [openstack.kolla.apparmor_libvirt : include_tasks] ************************
2023-03-01 16:57:06,758 p=5763 u=root n=ansible | skipping: [localhost]
2023-03-01 16:57:06,919 p=5763 u=root n=ansible | TASK [openstack.kolla.baremetal : Change state of selinux] *********************
2023-03-01 16:57:08,534 p=5763 u=root n=ansible | ok: [localhost]
2023-03-01 16:57:08,619 p=5763 u=root n=ansible | TASK [openstack.kolla.baremetal : Set https proxy for git] *********************
2023-03-01 16:57:08,665 p=5763 u=root n=ansible | skipping: [localhost]
2023-03-01 16:57:08,749 p=5763 u=root n=ansible | TASK [openstack.kolla.baremetal : Set http proxy for git] **********************
2023-03-01 16:57:08,795 p=5763 u=root n=ansible | skipping: [localhost]
2023-03-01 16:57:08,879 p=5763 u=root n=ansible | TASK [openstack.kolla.baremetal : include_tasks] *******************************
2023-03-01 16:57:08,936 p=5763 u=root n=ansible | skipping: [localhost]
2023-03-01 16:57:09,179 p=5763 u=root n=ansible | PLAY RECAP *********************************************************************
2023-03-01 16:57:09,179 p=5763 u=root n=ansible | localhost                  : ok=17   changed=6    unreachable=0    failed=0    skipped=18   rescued=0    ignored=0   
