2023-03-15 20:41:25,243 p=6105 u=root n=ansible | [WARNING]: Invalid characters were found in group names but not replaced, use
-vvvv to see details

2023-03-15 20:41:30,063 p=6105 u=root n=ansible | PLAY [Gather facts for all hosts] **********************************************
2023-03-15 20:41:30,563 p=6105 u=root n=ansible | TASK [Gather facts] ************************************************************
2023-03-15 20:41:35,510 p=6105 u=root n=ansible | ok: [localhost]
2023-03-15 20:41:35,689 p=6105 u=root n=ansible | TASK [Group hosts to determine when using --limit] *****************************
2023-03-15 20:41:35,787 p=6105 u=root n=ansible | ok: [localhost]
2023-03-15 20:41:36,038 p=6105 u=root n=ansible | [WARNING]: Could not match supplied host pattern, ignoring:
all_using_limit_True

2023-03-15 20:41:36,050 p=6105 u=root n=ansible | PLAY [Gather facts for all hosts (if using --limit)] ***************************
2023-03-15 20:41:36,050 p=6105 u=root n=ansible | skipping: no hosts matched
2023-03-15 20:41:36,064 p=6105 u=root n=ansible | PLAY [Apply role baremetal] ****************************************************
2023-03-15 20:41:36,377 p=6105 u=root n=ansible | TASK [openstack.kolla.baremetal : Ensure localhost in /etc/hosts] **************
2023-03-15 20:41:37,551 p=6105 u=root n=ansible | changed: [localhost]
2023-03-15 20:41:37,663 p=6105 u=root n=ansible | TASK [openstack.kolla.baremetal : Ensure hostname does not point to 127.0.1.1 in /etc/hosts] ***
2023-03-15 20:41:38,155 p=6105 u=root n=ansible | ok: [localhost]
2023-03-15 20:41:38,289 p=6105 u=root n=ansible | TASK [openstack.kolla.baremetal : Generate /etc/hosts for all of the nodes] ****
2023-03-15 20:41:40,025 p=6105 u=root n=ansible | changed: [localhost]
2023-03-15 20:41:40,187 p=6105 u=root n=ansible | TASK [openstack.kolla.baremetal : Ensure unprivileged users can use ping] ******
2023-03-15 20:41:41,311 p=6105 u=root n=ansible | changed: [localhost]
2023-03-15 20:41:41,444 p=6105 u=root n=ansible | TASK [openstack.kolla.baremetal : Ensure /etc/cloud/cloud.cfg exists] **********
2023-03-15 20:41:42,564 p=6105 u=root n=ansible | ok: [localhost]
2023-03-15 20:41:42,758 p=6105 u=root n=ansible | TASK [openstack.kolla.baremetal : Disable cloud-init manage_etc_hosts] *********
2023-03-15 20:41:44,096 p=6105 u=root n=ansible | changed: [localhost]
2023-03-15 20:41:44,193 p=6105 u=root n=ansible | TASK [openstack.kolla.baremetal : Set firewall default policy] *****************
2023-03-15 20:41:44,254 p=6105 u=root n=ansible | skipping: [localhost]
2023-03-15 20:41:44,375 p=6105 u=root n=ansible | TASK [openstack.kolla.baremetal : Check if firewalld is installed] *************
2023-03-15 20:41:45,280 p=6105 u=root n=ansible | ok: [localhost]
2023-03-15 20:41:45,386 p=6105 u=root n=ansible | TASK [openstack.kolla.baremetal : Disable firewalld] ***************************
2023-03-15 20:41:45,488 p=6105 u=root n=ansible | skipping: [localhost] => (item=firewalld) 
2023-03-15 20:41:45,614 p=6105 u=root n=ansible | TASK [openstack.kolla.docker : Fail if docker_custom_option is defined] ********
2023-03-15 20:41:45,764 p=6105 u=root n=ansible | skipping: [localhost]
2023-03-15 20:41:45,851 p=6105 u=root n=ansible | TASK [openstack.kolla.docker : include_tasks] **********************************
2023-03-15 20:41:45,901 p=6105 u=root n=ansible | skipping: [localhost]
2023-03-15 20:41:45,988 p=6105 u=root n=ansible | TASK [openstack.kolla.docker : Ensure docker config directory exists] **********
2023-03-15 20:41:47,150 p=6105 u=root n=ansible | ok: [localhost]
2023-03-15 20:41:47,270 p=6105 u=root n=ansible | TASK [openstack.kolla.docker : Write docker config] ****************************
2023-03-15 20:41:48,503 p=6105 u=root n=ansible | changed: [localhost]
2023-03-15 20:41:48,588 p=6105 u=root n=ansible | TASK [openstack.kolla.docker : Remove old docker options file] *****************
2023-03-15 20:41:49,297 p=6105 u=root n=ansible | ok: [localhost]
2023-03-15 20:41:49,419 p=6105 u=root n=ansible | TASK [openstack.kolla.docker : Ensure docker service directory exists] *********
2023-03-15 20:41:49,483 p=6105 u=root n=ansible | skipping: [localhost]
2023-03-15 20:41:49,621 p=6105 u=root n=ansible | TASK [openstack.kolla.docker : Configure docker service] ***********************
2023-03-15 20:41:49,727 p=6105 u=root n=ansible | skipping: [localhost]
2023-03-15 20:41:49,863 p=6105 u=root n=ansible | TASK [openstack.kolla.docker : Ensure the path for CA file for private registry exists] ***
2023-03-15 20:41:49,934 p=6105 u=root n=ansible | skipping: [localhost]
2023-03-15 20:41:50,070 p=6105 u=root n=ansible | TASK [openstack.kolla.docker : Ensure the CA file for private registry exists] ***
2023-03-15 20:41:50,144 p=6105 u=root n=ansible | skipping: [localhost]
2023-03-15 20:41:50,281 p=6105 u=root n=ansible | TASK [openstack.kolla.docker : Flush handlers] *********************************
2023-03-15 20:41:50,282 p=6105 u=root n=ansible | RUNNING HANDLER [openstack.kolla.docker : Restart docker] **********************
2023-03-15 20:41:54,504 p=6105 u=root n=ansible | changed: [localhost]
2023-03-15 20:41:54,661 p=6105 u=root n=ansible | TASK [openstack.kolla.docker : Start and enable docker] ************************
2023-03-15 20:41:55,694 p=6105 u=root n=ansible | ok: [localhost]
2023-03-15 20:41:55,822 p=6105 u=root n=ansible | TASK [openstack.kolla.docker : include_tasks] **********************************
2023-03-15 20:41:55,896 p=6105 u=root n=ansible | skipping: [localhost]
2023-03-15 20:41:56,174 p=6105 u=root n=ansible | TASK [openstack.kolla.kolla_user : Ensure groups are present] ******************
2023-03-15 20:41:56,249 p=6105 u=root n=ansible | skipping: [localhost] => (item=docker) 
2023-03-15 20:41:56,264 p=6105 u=root n=ansible | skipping: [localhost] => (item=sudo) 
2023-03-15 20:41:56,270 p=6105 u=root n=ansible | skipping: [localhost] => (item=kolla) 
2023-03-15 20:41:56,448 p=6105 u=root n=ansible | TASK [openstack.kolla.kolla_user : Create kolla user] **************************
2023-03-15 20:41:56,510 p=6105 u=root n=ansible | skipping: [localhost]
2023-03-15 20:41:56,654 p=6105 u=root n=ansible | TASK [openstack.kolla.kolla_user : Add public key to kolla user authorized keys] ***
2023-03-15 20:41:56,704 p=6105 u=root n=ansible | skipping: [localhost]
2023-03-15 20:41:56,851 p=6105 u=root n=ansible | TASK [openstack.kolla.kolla_user : Grant kolla user passwordless sudo] *********
2023-03-15 20:41:56,930 p=6105 u=root n=ansible | skipping: [localhost]
2023-03-15 20:41:57,145 p=6105 u=root n=ansible | TASK [openstack.kolla.docker_sdk : Install latest pip in the virtualenv] *******
2023-03-15 20:41:57,255 p=6105 u=root n=ansible | skipping: [localhost]
2023-03-15 20:41:57,409 p=6105 u=root n=ansible | TASK [openstack.kolla.docker_sdk : Install docker SDK for python] **************
2023-03-15 20:42:25,806 p=6105 u=root n=ansible | ok: [localhost]
2023-03-15 20:42:26,083 p=6105 u=root n=ansible | TASK [openstack.kolla.baremetal : Ensure node_config_directory directory exists] ***
2023-03-15 20:42:26,932 p=6105 u=root n=ansible | ok: [localhost]
2023-03-15 20:42:27,027 p=6105 u=root n=ansible | TASK [openstack.kolla.apparmor_libvirt : include_tasks] ************************
2023-03-15 20:42:27,100 p=6105 u=root n=ansible | skipping: [localhost]
2023-03-15 20:42:27,396 p=6105 u=root n=ansible | TASK [openstack.kolla.baremetal : Change state of selinux] *********************
2023-03-15 20:42:29,469 p=6105 u=root n=ansible | ok: [localhost]
2023-03-15 20:42:29,650 p=6105 u=root n=ansible | TASK [openstack.kolla.baremetal : Set https proxy for git] *********************
2023-03-15 20:42:29,730 p=6105 u=root n=ansible | skipping: [localhost]
2023-03-15 20:42:29,847 p=6105 u=root n=ansible | TASK [openstack.kolla.baremetal : Set http proxy for git] **********************
2023-03-15 20:42:29,923 p=6105 u=root n=ansible | skipping: [localhost]
2023-03-15 20:42:30,125 p=6105 u=root n=ansible | TASK [openstack.kolla.baremetal : include_tasks] *******************************
2023-03-15 20:42:30,194 p=6105 u=root n=ansible | skipping: [localhost]
2023-03-15 20:42:30,657 p=6105 u=root n=ansible | PLAY RECAP *********************************************************************
2023-03-15 20:42:30,659 p=6105 u=root n=ansible | localhost                  : ok=17   changed=6    unreachable=0    failed=0    skipped=18   rescued=0    ignored=0   
