2023-03-14 19:25:18,026 p=6035 u=root n=ansible | [WARNING]: Invalid characters were found in group names but not replaced, use
-vvvv to see details

2023-03-14 19:25:20,171 p=6035 u=root n=ansible | PLAY [Gather facts for all hosts] **********************************************
2023-03-14 19:25:20,451 p=6035 u=root n=ansible | TASK [Gather facts] ************************************************************
2023-03-14 19:25:24,506 p=6035 u=root n=ansible | ok: [localhost]
2023-03-14 19:25:24,606 p=6035 u=root n=ansible | TASK [Group hosts to determine when using --limit] *****************************
2023-03-14 19:25:24,679 p=6035 u=root n=ansible | ok: [localhost]
2023-03-14 19:25:24,868 p=6035 u=root n=ansible | [WARNING]: Could not match supplied host pattern, ignoring:
all_using_limit_True

2023-03-14 19:25:24,877 p=6035 u=root n=ansible | PLAY [Gather facts for all hosts (if using --limit)] ***************************
2023-03-14 19:25:24,877 p=6035 u=root n=ansible | skipping: no hosts matched
2023-03-14 19:25:24,886 p=6035 u=root n=ansible | PLAY [Apply role baremetal] ****************************************************
2023-03-14 19:25:25,088 p=6035 u=root n=ansible | TASK [openstack.kolla.baremetal : Ensure localhost in /etc/hosts] **************
2023-03-14 19:25:26,117 p=6035 u=root n=ansible | changed: [localhost]
2023-03-14 19:25:26,235 p=6035 u=root n=ansible | TASK [openstack.kolla.baremetal : Ensure hostname does not point to 127.0.1.1 in /etc/hosts] ***
2023-03-14 19:25:26,817 p=6035 u=root n=ansible | ok: [localhost]
2023-03-14 19:25:26,939 p=6035 u=root n=ansible | TASK [openstack.kolla.baremetal : Generate /etc/hosts for all of the nodes] ****
2023-03-14 19:25:28,764 p=6035 u=root n=ansible | changed: [localhost]
2023-03-14 19:25:28,877 p=6035 u=root n=ansible | TASK [openstack.kolla.baremetal : Ensure unprivileged users can use ping] ******
2023-03-14 19:25:29,935 p=6035 u=root n=ansible | changed: [localhost]
2023-03-14 19:25:30,026 p=6035 u=root n=ansible | TASK [openstack.kolla.baremetal : Ensure /etc/cloud/cloud.cfg exists] **********
2023-03-14 19:25:31,087 p=6035 u=root n=ansible | ok: [localhost]
2023-03-14 19:25:31,192 p=6035 u=root n=ansible | TASK [openstack.kolla.baremetal : Disable cloud-init manage_etc_hosts] *********
2023-03-14 19:25:32,824 p=6035 u=root n=ansible | changed: [localhost]
2023-03-14 19:25:32,934 p=6035 u=root n=ansible | TASK [openstack.kolla.baremetal : Set firewall default policy] *****************
2023-03-14 19:25:32,987 p=6035 u=root n=ansible | skipping: [localhost]
2023-03-14 19:25:33,131 p=6035 u=root n=ansible | TASK [openstack.kolla.baremetal : Check if firewalld is installed] *************
2023-03-14 19:25:34,329 p=6035 u=root n=ansible | ok: [localhost]
2023-03-14 19:25:34,426 p=6035 u=root n=ansible | TASK [openstack.kolla.baremetal : Disable firewalld] ***************************
2023-03-14 19:25:34,501 p=6035 u=root n=ansible | skipping: [localhost] => (item=firewalld) 
2023-03-14 19:25:34,604 p=6035 u=root n=ansible | TASK [openstack.kolla.docker : Fail if docker_custom_option is defined] ********
2023-03-14 19:25:34,731 p=6035 u=root n=ansible | skipping: [localhost]
2023-03-14 19:25:34,858 p=6035 u=root n=ansible | TASK [openstack.kolla.docker : include_tasks] **********************************
2023-03-14 19:25:34,927 p=6035 u=root n=ansible | skipping: [localhost]
2023-03-14 19:25:35,029 p=6035 u=root n=ansible | TASK [openstack.kolla.docker : Ensure docker config directory exists] **********
2023-03-14 19:25:36,304 p=6035 u=root n=ansible | ok: [localhost]
2023-03-14 19:25:36,417 p=6035 u=root n=ansible | TASK [openstack.kolla.docker : Write docker config] ****************************
2023-03-14 19:25:37,718 p=6035 u=root n=ansible | changed: [localhost]
2023-03-14 19:25:37,805 p=6035 u=root n=ansible | TASK [openstack.kolla.docker : Remove old docker options file] *****************
2023-03-14 19:25:38,363 p=6035 u=root n=ansible | ok: [localhost]
2023-03-14 19:25:38,453 p=6035 u=root n=ansible | TASK [openstack.kolla.docker : Ensure docker service directory exists] *********
2023-03-14 19:25:38,556 p=6035 u=root n=ansible | skipping: [localhost]
2023-03-14 19:25:38,677 p=6035 u=root n=ansible | TASK [openstack.kolla.docker : Configure docker service] ***********************
2023-03-14 19:25:38,755 p=6035 u=root n=ansible | skipping: [localhost]
2023-03-14 19:25:38,843 p=6035 u=root n=ansible | TASK [openstack.kolla.docker : Ensure the path for CA file for private registry exists] ***
2023-03-14 19:25:38,905 p=6035 u=root n=ansible | skipping: [localhost]
2023-03-14 19:25:38,994 p=6035 u=root n=ansible | TASK [openstack.kolla.docker : Ensure the CA file for private registry exists] ***
2023-03-14 19:25:39,047 p=6035 u=root n=ansible | skipping: [localhost]
2023-03-14 19:25:39,136 p=6035 u=root n=ansible | TASK [openstack.kolla.docker : Flush handlers] *********************************
2023-03-14 19:25:39,137 p=6035 u=root n=ansible | RUNNING HANDLER [openstack.kolla.docker : Restart docker] **********************
2023-03-14 19:25:42,964 p=6035 u=root n=ansible | changed: [localhost]
2023-03-14 19:25:43,059 p=6035 u=root n=ansible | TASK [openstack.kolla.docker : Start and enable docker] ************************
2023-03-14 19:25:44,035 p=6035 u=root n=ansible | ok: [localhost]
2023-03-14 19:25:44,188 p=6035 u=root n=ansible | TASK [openstack.kolla.docker : include_tasks] **********************************
2023-03-14 19:25:44,245 p=6035 u=root n=ansible | skipping: [localhost]
2023-03-14 19:25:44,427 p=6035 u=root n=ansible | TASK [openstack.kolla.kolla_user : Ensure groups are present] ******************
2023-03-14 19:25:44,486 p=6035 u=root n=ansible | skipping: [localhost] => (item=docker) 
2023-03-14 19:25:44,503 p=6035 u=root n=ansible | skipping: [localhost] => (item=sudo) 
2023-03-14 19:25:44,510 p=6035 u=root n=ansible | skipping: [localhost] => (item=kolla) 
2023-03-14 19:25:44,614 p=6035 u=root n=ansible | TASK [openstack.kolla.kolla_user : Create kolla user] **************************
2023-03-14 19:25:44,667 p=6035 u=root n=ansible | skipping: [localhost]
2023-03-14 19:25:44,773 p=6035 u=root n=ansible | TASK [openstack.kolla.kolla_user : Add public key to kolla user authorized keys] ***
2023-03-14 19:25:44,820 p=6035 u=root n=ansible | skipping: [localhost]
2023-03-14 19:25:44,927 p=6035 u=root n=ansible | TASK [openstack.kolla.kolla_user : Grant kolla user passwordless sudo] *********
2023-03-14 19:25:44,973 p=6035 u=root n=ansible | skipping: [localhost]
2023-03-14 19:25:45,177 p=6035 u=root n=ansible | TASK [openstack.kolla.docker_sdk : Install latest pip in the virtualenv] *******
2023-03-14 19:25:45,238 p=6035 u=root n=ansible | skipping: [localhost]
2023-03-14 19:25:45,332 p=6035 u=root n=ansible | TASK [openstack.kolla.docker_sdk : Install docker SDK for python] **************
2023-03-14 19:26:11,174 p=6035 u=root n=ansible | ok: [localhost]
2023-03-14 19:26:11,398 p=6035 u=root n=ansible | TASK [openstack.kolla.baremetal : Ensure node_config_directory directory exists] ***
2023-03-14 19:26:12,015 p=6035 u=root n=ansible | ok: [localhost]
2023-03-14 19:26:12,109 p=6035 u=root n=ansible | TASK [openstack.kolla.apparmor_libvirt : include_tasks] ************************
2023-03-14 19:26:12,152 p=6035 u=root n=ansible | skipping: [localhost]
2023-03-14 19:26:12,354 p=6035 u=root n=ansible | TASK [openstack.kolla.baremetal : Change state of selinux] *********************
2023-03-14 19:26:13,976 p=6035 u=root n=ansible | ok: [localhost]
2023-03-14 19:26:14,096 p=6035 u=root n=ansible | TASK [openstack.kolla.baremetal : Set https proxy for git] *********************
2023-03-14 19:26:14,150 p=6035 u=root n=ansible | skipping: [localhost]
2023-03-14 19:26:14,242 p=6035 u=root n=ansible | TASK [openstack.kolla.baremetal : Set http proxy for git] **********************
2023-03-14 19:26:14,294 p=6035 u=root n=ansible | skipping: [localhost]
2023-03-14 19:26:14,399 p=6035 u=root n=ansible | TASK [openstack.kolla.baremetal : include_tasks] *******************************
2023-03-14 19:26:14,443 p=6035 u=root n=ansible | skipping: [localhost]
2023-03-14 19:26:14,726 p=6035 u=root n=ansible | PLAY RECAP *********************************************************************
2023-03-14 19:26:14,727 p=6035 u=root n=ansible | localhost                  : ok=17   changed=6    unreachable=0    failed=0    skipped=18   rescued=0    ignored=0   
