2023-02-13 13:56:57,789 p=5296 u=root n=ansible | [WARNING]: Invalid characters were found in group names but not replaced, use
-vvvv to see details

2023-02-13 13:57:02,012 p=5296 u=root n=ansible | PLAY [Gather facts for all hosts] **********************************************
2023-02-13 13:57:02,373 p=5296 u=root n=ansible | TASK [Gather facts] ************************************************************
2023-02-13 13:57:12,560 p=5296 u=root n=ansible | ok: [localhost]
2023-02-13 13:57:12,647 p=5296 u=root n=ansible | TASK [Group hosts to determine when using --limit] *****************************
2023-02-13 13:57:12,720 p=5296 u=root n=ansible | ok: [localhost]
2023-02-13 13:57:12,903 p=5296 u=root n=ansible | [WARNING]: Could not match supplied host pattern, ignoring:
all_using_limit_True

2023-02-13 13:57:12,911 p=5296 u=root n=ansible | PLAY [Gather facts for all hosts (if using --limit)] ***************************
2023-02-13 13:57:12,911 p=5296 u=root n=ansible | skipping: no hosts matched
2023-02-13 13:57:12,920 p=5296 u=root n=ansible | PLAY [Apply role baremetal] ****************************************************
2023-02-13 13:57:13,154 p=5296 u=root n=ansible | TASK [openstack.kolla.baremetal : Ensure localhost in /etc/hosts] **************
2023-02-13 13:57:14,140 p=5296 u=root n=ansible | changed: [localhost]
2023-02-13 13:57:14,271 p=5296 u=root n=ansible | TASK [openstack.kolla.baremetal : Ensure hostname does not point to 127.0.1.1 in /etc/hosts] ***
2023-02-13 13:57:14,951 p=5296 u=root n=ansible | ok: [localhost]
2023-02-13 13:57:15,039 p=5296 u=root n=ansible | TASK [openstack.kolla.baremetal : Generate /etc/hosts for all of the nodes] ****
2023-02-13 13:57:16,585 p=5296 u=root n=ansible | changed: [localhost]
2023-02-13 13:57:16,679 p=5296 u=root n=ansible | TASK [openstack.kolla.baremetal : Ensure unprivileged users can use ping] ******
2023-02-13 13:57:17,827 p=5296 u=root n=ansible | changed: [localhost]
2023-02-13 13:57:17,919 p=5296 u=root n=ansible | TASK [openstack.kolla.baremetal : Ensure /etc/cloud/cloud.cfg exists] **********
2023-02-13 13:57:19,011 p=5296 u=root n=ansible | ok: [localhost]
2023-02-13 13:57:19,176 p=5296 u=root n=ansible | TASK [openstack.kolla.baremetal : Disable cloud-init manage_etc_hosts] *********
2023-02-13 13:57:20,784 p=5296 u=root n=ansible | changed: [localhost]
2023-02-13 13:57:20,867 p=5296 u=root n=ansible | TASK [openstack.kolla.baremetal : Set firewall default policy] *****************
2023-02-13 13:57:20,913 p=5296 u=root n=ansible | skipping: [localhost]
2023-02-13 13:57:21,078 p=5296 u=root n=ansible | TASK [openstack.kolla.baremetal : Check if firewalld is installed] *************
2023-02-13 13:57:21,942 p=5296 u=root n=ansible | ok: [localhost]
2023-02-13 13:57:22,050 p=5296 u=root n=ansible | TASK [openstack.kolla.baremetal : Disable firewalld] ***************************
2023-02-13 13:57:22,120 p=5296 u=root n=ansible | skipping: [localhost] => (item=firewalld) 
2023-02-13 13:57:22,203 p=5296 u=root n=ansible | TASK [openstack.kolla.docker : Fail if docker_custom_option is defined] ********
2023-02-13 13:57:22,377 p=5296 u=root n=ansible | skipping: [localhost]
2023-02-13 13:57:22,459 p=5296 u=root n=ansible | TASK [openstack.kolla.docker : include_tasks] **********************************
2023-02-13 13:57:22,497 p=5296 u=root n=ansible | skipping: [localhost]
2023-02-13 13:57:22,577 p=5296 u=root n=ansible | TASK [openstack.kolla.docker : Ensure docker config directory exists] **********
2023-02-13 13:57:23,571 p=5296 u=root n=ansible | changed: [localhost]
2023-02-13 13:57:23,664 p=5296 u=root n=ansible | TASK [openstack.kolla.docker : Write docker config] ****************************
2023-02-13 13:57:25,420 p=5296 u=root n=ansible | changed: [localhost]
2023-02-13 13:57:25,583 p=5296 u=root n=ansible | TASK [openstack.kolla.docker : Remove old docker options file] *****************
2023-02-13 13:57:26,254 p=5296 u=root n=ansible | ok: [localhost]
2023-02-13 13:57:26,339 p=5296 u=root n=ansible | TASK [openstack.kolla.docker : Ensure docker service directory exists] *********
2023-02-13 13:57:26,408 p=5296 u=root n=ansible | skipping: [localhost]
2023-02-13 13:57:26,515 p=5296 u=root n=ansible | TASK [openstack.kolla.docker : Configure docker service] ***********************
2023-02-13 13:57:26,589 p=5296 u=root n=ansible | skipping: [localhost]
2023-02-13 13:57:26,687 p=5296 u=root n=ansible | TASK [openstack.kolla.docker : Ensure the path for CA file for private registry exists] ***
2023-02-13 13:57:26,759 p=5296 u=root n=ansible | skipping: [localhost]
2023-02-13 13:57:26,862 p=5296 u=root n=ansible | TASK [openstack.kolla.docker : Ensure the CA file for private registry exists] ***
2023-02-13 13:57:26,939 p=5296 u=root n=ansible | skipping: [localhost]
2023-02-13 13:57:27,082 p=5296 u=root n=ansible | TASK [openstack.kolla.docker : Flush handlers] *********************************
2023-02-13 13:57:27,084 p=5296 u=root n=ansible | RUNNING HANDLER [openstack.kolla.docker : Restart docker] **********************
2023-02-13 13:57:31,834 p=5296 u=root n=ansible | changed: [localhost]
2023-02-13 13:57:31,983 p=5296 u=root n=ansible | TASK [openstack.kolla.docker : Start and enable docker] ************************
2023-02-13 13:57:33,071 p=5296 u=root n=ansible | ok: [localhost]
2023-02-13 13:57:33,154 p=5296 u=root n=ansible | TASK [openstack.kolla.docker : include_tasks] **********************************
2023-02-13 13:57:33,225 p=5296 u=root n=ansible | skipping: [localhost]
2023-02-13 13:57:33,398 p=5296 u=root n=ansible | TASK [openstack.kolla.kolla_user : Ensure groups are present] ******************
2023-02-13 13:57:33,471 p=5296 u=root n=ansible | skipping: [localhost] => (item=docker) 
2023-02-13 13:57:33,488 p=5296 u=root n=ansible | skipping: [localhost] => (item=sudo) 
2023-02-13 13:57:33,496 p=5296 u=root n=ansible | skipping: [localhost] => (item=kolla) 
2023-02-13 13:57:33,624 p=5296 u=root n=ansible | TASK [openstack.kolla.kolla_user : Create kolla user] **************************
2023-02-13 13:57:33,701 p=5296 u=root n=ansible | skipping: [localhost]
2023-02-13 13:57:33,815 p=5296 u=root n=ansible | TASK [openstack.kolla.kolla_user : Add public key to kolla user authorized keys] ***
2023-02-13 13:57:33,872 p=5296 u=root n=ansible | skipping: [localhost]
2023-02-13 13:57:33,985 p=5296 u=root n=ansible | TASK [openstack.kolla.kolla_user : Grant kolla user passwordless sudo] *********
2023-02-13 13:57:34,049 p=5296 u=root n=ansible | skipping: [localhost]
2023-02-13 13:57:34,300 p=5296 u=root n=ansible | TASK [openstack.kolla.docker_sdk : Install latest pip in the virtualenv] *******
2023-02-13 13:57:34,409 p=5296 u=root n=ansible | skipping: [localhost]
2023-02-13 13:57:34,545 p=5296 u=root n=ansible | TASK [openstack.kolla.docker_sdk : Install docker SDK for python] **************
2023-02-13 13:58:14,353 p=5296 u=root n=ansible | ok: [localhost]
2023-02-13 13:58:14,530 p=5296 u=root n=ansible | TASK [openstack.kolla.baremetal : Ensure node_config_directory directory exists] ***
2023-02-13 13:58:15,147 p=5296 u=root n=ansible | ok: [localhost]
2023-02-13 13:58:15,228 p=5296 u=root n=ansible | TASK [openstack.kolla.apparmor_libvirt : include_tasks] ************************
2023-02-13 13:58:15,278 p=5296 u=root n=ansible | skipping: [localhost]
2023-02-13 13:58:15,435 p=5296 u=root n=ansible | TASK [openstack.kolla.baremetal : Change state of selinux] *********************
2023-02-13 13:58:17,201 p=5296 u=root n=ansible | ok: [localhost]
2023-02-13 13:58:17,294 p=5296 u=root n=ansible | TASK [openstack.kolla.baremetal : Set https proxy for git] *********************
2023-02-13 13:58:17,340 p=5296 u=root n=ansible | skipping: [localhost]
2023-02-13 13:58:17,431 p=5296 u=root n=ansible | TASK [openstack.kolla.baremetal : Set http proxy for git] **********************
2023-02-13 13:58:17,474 p=5296 u=root n=ansible | skipping: [localhost]
2023-02-13 13:58:17,562 p=5296 u=root n=ansible | TASK [openstack.kolla.baremetal : include_tasks] *******************************
2023-02-13 13:58:17,632 p=5296 u=root n=ansible | skipping: [localhost]
2023-02-13 13:58:17,883 p=5296 u=root n=ansible | PLAY RECAP *********************************************************************
2023-02-13 13:58:17,883 p=5296 u=root n=ansible | localhost                  : ok=17   changed=7    unreachable=0    failed=0    skipped=18   rescued=0    ignored=0   
