2023-02-09 12:50:02.829630-05:00 [notice] <0.229.0> Logging: configured log handlers are now ACTIVE
2023-02-09 12:50:03.432201-05:00 [info] <0.229.0> ra: starting system quorum_queues
2023-02-09 12:50:03.432630-05:00 [info] <0.229.0> starting Ra system: quorum_queues in directory: /var/lib/rabbitmq/mnesia/rabbit@host-169-16-1-169/quorum/rabbit@host-169-16-1-169
2023-02-09 12:50:03.627781-05:00 [info] <0.306.0> ra system 'quorum_queues' running pre init for 0 registered servers
2023-02-09 12:50:03.660989-05:00 [info] <0.307.0> ra: meta data store initialised for system quorum_queues. 0 record(s) recovered
2023-02-09 12:50:03.704108-05:00 [notice] <0.312.0> WAL: ra_log_wal init, open tbls: ra_log_open_mem_tables, closed tbls: ra_log_closed_mem_tables
2023-02-09 12:50:03.727086-05:00 [info] <0.229.0> ra: starting system coordination
2023-02-09 12:50:03.727270-05:00 [info] <0.229.0> starting Ra system: coordination in directory: /var/lib/rabbitmq/mnesia/rabbit@host-169-16-1-169/coordination/rabbit@host-169-16-1-169
2023-02-09 12:50:03.730458-05:00 [info] <0.320.0> ra system 'coordination' running pre init for 0 registered servers
2023-02-09 12:50:03.732409-05:00 [info] <0.321.0> ra: meta data store initialised for system coordination. 0 record(s) recovered
2023-02-09 12:50:03.732842-05:00 [notice] <0.326.0> WAL: ra_coordination_log_wal init, open tbls: ra_coordination_log_open_mem_tables, closed tbls: ra_coordination_log_closed_mem_tables
2023-02-09 12:50:03.738077-05:00 [info] <0.229.0> 
2023-02-09 12:50:03.738077-05:00 [info] <0.229.0>  Starting RabbitMQ 3.10.12 on Erlang 25.1.1 [jit]
2023-02-09 12:50:03.738077-05:00 [info] <0.229.0>  Copyright (c) 2007-2022 VMware, Inc. or its affiliates.
2023-02-09 12:50:03.738077-05:00 [info] <0.229.0>  Licensed under the MPL 2.0. Website: https://rabbitmq.com
2023-02-09 12:50:03.744337-05:00 [info] <0.229.0> 
2023-02-09 12:50:03.744337-05:00 [info] <0.229.0>  node           : rabbit@host-169-16-1-169
2023-02-09 12:50:03.744337-05:00 [info] <0.229.0>  home dir       : /var/lib/rabbitmq
2023-02-09 12:50:03.744337-05:00 [info] <0.229.0>  config file(s) : /etc/rabbitmq/advanced.config
2023-02-09 12:50:03.744337-05:00 [info] <0.229.0>                 : /etc/rabbitmq/rabbitmq.conf
2023-02-09 12:50:03.744337-05:00 [info] <0.229.0>  cookie hash    : llG6FWwzS3JASYsSD1aAxg==
2023-02-09 12:50:03.744337-05:00 [info] <0.229.0>  log(s)         : /var/log/kolla/rabbitmq/rabbit@host-169-16-1-169.log
2023-02-09 12:50:03.744337-05:00 [info] <0.229.0>                 : /var/log/kolla/rabbitmq/rabbit@host-169-16-1-169_upgrade.log
2023-02-09 12:50:03.744337-05:00 [info] <0.229.0>                 : <stdout>
2023-02-09 12:50:03.744337-05:00 [info] <0.229.0>  database dir   : /var/lib/rabbitmq/mnesia/rabbit@host-169-16-1-169
2023-02-09 12:50:04.593167-05:00 [info] <0.229.0> Feature flags: list of feature flags found:
2023-02-09 12:50:04.593567-05:00 [info] <0.229.0> Feature flags:   [ ] classic_mirrored_queue_version
2023-02-09 12:50:04.593714-05:00 [info] <0.229.0> Feature flags:   [ ] classic_queue_type_delivery_support
2023-02-09 12:50:04.593830-05:00 [info] <0.229.0> Feature flags:   [ ] drop_unroutable_metric
2023-02-09 12:50:04.594159-05:00 [info] <0.229.0> Feature flags:   [ ] empty_basic_get_metric
2023-02-09 12:50:04.594254-05:00 [info] <0.229.0> Feature flags:   [ ] implicit_default_bindings
2023-02-09 12:50:04.594490-05:00 [info] <0.229.0> Feature flags:   [ ] maintenance_mode_status
2023-02-09 12:50:04.594942-05:00 [info] <0.229.0> Feature flags:   [ ] quorum_queue
2023-02-09 12:50:04.595056-05:00 [info] <0.229.0> Feature flags:   [ ] stream_queue
2023-02-09 12:50:04.595145-05:00 [info] <0.229.0> Feature flags:   [ ] user_limits
2023-02-09 12:50:04.595227-05:00 [info] <0.229.0> Feature flags:   [ ] virtual_host_metadata
2023-02-09 12:50:04.595709-05:00 [info] <0.229.0> Feature flags: feature flag states written to disk: yes
2023-02-09 12:50:10.613759-05:00 [info] <0.229.0> Running boot step pre_boot defined by app rabbit
2023-02-09 12:50:10.614479-05:00 [info] <0.229.0> Running boot step rabbit_global_counters defined by app rabbit
2023-02-09 12:50:10.616115-05:00 [info] <0.229.0> Running boot step rabbit_osiris_metrics defined by app rabbit
2023-02-09 12:50:10.616698-05:00 [info] <0.229.0> Running boot step rabbit_core_metrics defined by app rabbit
2023-02-09 12:50:10.618501-05:00 [info] <0.229.0> Running boot step rabbit_alarm defined by app rabbit
2023-02-09 12:50:10.634969-05:00 [info] <0.404.0> Memory high watermark set to 3075 MiB (3224649728 bytes) of 7688 MiB (8061624320 bytes) total
2023-02-09 12:50:10.649399-05:00 [info] <0.406.0> Enabling free disk space monitoring
2023-02-09 12:50:10.649585-05:00 [info] <0.406.0> Disk free limit set to 50MB
2023-02-09 12:50:10.656878-05:00 [info] <0.229.0> Running boot step code_server_cache defined by app rabbit
2023-02-09 12:50:10.657450-05:00 [info] <0.229.0> Running boot step file_handle_cache defined by app rabbit
2023-02-09 12:50:10.658572-05:00 [info] <0.410.0> Limiting to approx 1048479 file handles (943629 sockets)
2023-02-09 12:50:10.659687-05:00 [info] <0.411.0> FHC read buffering: OFF
2023-02-09 12:50:10.659844-05:00 [info] <0.411.0> FHC write buffering: ON
2023-02-09 12:50:10.661431-05:00 [info] <0.229.0> Running boot step worker_pool defined by app rabbit
2023-02-09 12:50:10.661869-05:00 [info] <0.328.0> Will use 2 processes for default worker pool
2023-02-09 12:50:10.661987-05:00 [info] <0.328.0> Starting worker pool 'worker_pool' with 2 processes in it
2023-02-09 12:50:10.663170-05:00 [info] <0.229.0> Running boot step database defined by app rabbit
2023-02-09 12:50:10.664616-05:00 [info] <0.229.0> Node database directory at /var/lib/rabbitmq/mnesia/rabbit@host-169-16-1-169 is empty. Assuming we need to join an existing cluster or initialise from scratch...
2023-02-09 12:50:10.664830-05:00 [info] <0.229.0> Configured peer discovery backend: rabbit_peer_discovery_classic_config
2023-02-09 12:50:10.664989-05:00 [info] <0.229.0> Will try to lock with peer discovery backend rabbit_peer_discovery_classic_config
2023-02-09 12:50:10.665997-05:00 [info] <0.229.0> All discovered existing cluster peers: rabbit@host-169-16-1-169
2023-02-09 12:50:10.666119-05:00 [info] <0.229.0> Discovered no peer nodes to cluster with. Some discovery backends can filter nodes out based on a readiness criteria. Enabling debug logging might help troubleshoot.
2023-02-09 12:50:10.676279-05:00 [notice] <0.44.0> Application mnesia exited with reason: stopped
2023-02-09 12:50:10.889237-05:00 [info] <0.229.0> Waiting for Mnesia tables for 30000 ms, 9 retries left
2023-02-09 12:50:10.889869-05:00 [info] <0.229.0> Successfully synced tables from a peer
2023-02-09 12:50:10.919354-05:00 [info] <0.229.0> Waiting for Mnesia tables for 30000 ms, 9 retries left
2023-02-09 12:50:10.920595-05:00 [info] <0.229.0> Successfully synced tables from a peer
2023-02-09 12:50:10.920850-05:00 [info] <0.229.0> Feature flag `classic_mirrored_queue_version`: supported, attempt to enable...
2023-02-09 12:50:10.921313-05:00 [info] <0.229.0> Feature flag `classic_mirrored_queue_version`: mark as enabled=state_changing
2023-02-09 12:50:10.923223-05:00 [info] <0.229.0> Feature flags: list of feature flags found:
2023-02-09 12:50:10.923615-05:00 [info] <0.229.0> Feature flags:   [~] classic_mirrored_queue_version
2023-02-09 12:50:10.923802-05:00 [info] <0.229.0> Feature flags:   [ ] classic_queue_type_delivery_support
2023-02-09 12:50:10.924143-05:00 [info] <0.229.0> Feature flags:   [ ] drop_unroutable_metric
2023-02-09 12:50:10.924264-05:00 [info] <0.229.0> Feature flags:   [ ] empty_basic_get_metric
2023-02-09 12:50:10.924380-05:00 [info] <0.229.0> Feature flags:   [ ] implicit_default_bindings
2023-02-09 12:50:10.924722-05:00 [info] <0.229.0> Feature flags:   [ ] maintenance_mode_status
2023-02-09 12:50:10.924995-05:00 [info] <0.229.0> Feature flags:   [ ] quorum_queue
2023-02-09 12:50:10.925183-05:00 [info] <0.229.0> Feature flags:   [ ] stream_queue
2023-02-09 12:50:10.925338-05:00 [info] <0.229.0> Feature flags:   [ ] user_limits
2023-02-09 12:50:10.925465-05:00 [info] <0.229.0> Feature flags:   [ ] virtual_host_metadata
2023-02-09 12:50:10.925740-05:00 [info] <0.229.0> Feature flags: feature flag states written to disk: yes
2023-02-09 12:50:10.960539-05:00 [info] <0.229.0> Feature flag `classic_mirrored_queue_version`: mark as enabled=true
2023-02-09 12:50:10.966894-05:00 [info] <0.229.0> Feature flags: list of feature flags found:
2023-02-09 12:50:10.967151-05:00 [info] <0.229.0> Feature flags:   [x] classic_mirrored_queue_version
2023-02-09 12:50:10.967258-05:00 [info] <0.229.0> Feature flags:   [ ] classic_queue_type_delivery_support
2023-02-09 12:50:10.967583-05:00 [info] <0.229.0> Feature flags:   [ ] drop_unroutable_metric
2023-02-09 12:50:10.967902-05:00 [info] <0.229.0> Feature flags:   [ ] empty_basic_get_metric
2023-02-09 12:50:10.968129-05:00 [info] <0.229.0> Feature flags:   [ ] implicit_default_bindings
2023-02-09 12:50:10.968449-05:00 [info] <0.229.0> Feature flags:   [ ] maintenance_mode_status
2023-02-09 12:50:10.969109-05:00 [info] <0.229.0> Feature flags:   [ ] quorum_queue
2023-02-09 12:50:10.969312-05:00 [info] <0.229.0> Feature flags:   [ ] stream_queue
2023-02-09 12:50:10.969537-05:00 [info] <0.229.0> Feature flags:   [ ] user_limits
2023-02-09 12:50:10.969791-05:00 [info] <0.229.0> Feature flags:   [ ] virtual_host_metadata
2023-02-09 12:50:10.970292-05:00 [info] <0.229.0> Feature flags: feature flag states written to disk: yes
2023-02-09 12:50:10.997957-05:00 [info] <0.229.0> Feature flag `classic_queue_type_delivery_support`: supported, attempt to enable...
2023-02-09 12:50:10.998500-05:00 [info] <0.229.0> Feature flag `classic_queue_type_delivery_support`: mark as enabled=state_changing
2023-02-09 12:50:11.001430-05:00 [info] <0.229.0> Feature flags: list of feature flags found:
2023-02-09 12:50:11.001702-05:00 [info] <0.229.0> Feature flags:   [x] classic_mirrored_queue_version
2023-02-09 12:50:11.001821-05:00 [info] <0.229.0> Feature flags:   [~] classic_queue_type_delivery_support
2023-02-09 12:50:11.002056-05:00 [info] <0.229.0> Feature flags:   [ ] drop_unroutable_metric
2023-02-09 12:50:11.002198-05:00 [info] <0.229.0> Feature flags:   [ ] empty_basic_get_metric
2023-02-09 12:50:11.002348-05:00 [info] <0.229.0> Feature flags:   [ ] implicit_default_bindings
2023-02-09 12:50:11.002470-05:00 [info] <0.229.0> Feature flags:   [ ] maintenance_mode_status
2023-02-09 12:50:11.002607-05:00 [info] <0.229.0> Feature flags:   [ ] quorum_queue
2023-02-09 12:50:11.002743-05:00 [info] <0.229.0> Feature flags:   [ ] stream_queue
2023-02-09 12:50:11.002869-05:00 [info] <0.229.0> Feature flags:   [ ] user_limits
2023-02-09 12:50:11.002975-05:00 [info] <0.229.0> Feature flags:   [ ] virtual_host_metadata
2023-02-09 12:50:11.003164-05:00 [info] <0.229.0> Feature flags: feature flag states written to disk: yes
2023-02-09 12:50:11.033172-05:00 [info] <0.229.0> Feature flag `stream_queue`: supported, attempt to enable...
2023-02-09 12:50:11.033774-05:00 [info] <0.229.0> Feature flag `stream_queue`: mark as enabled=state_changing
2023-02-09 12:50:11.036913-05:00 [info] <0.229.0> Feature flags: list of feature flags found:
2023-02-09 12:50:11.037103-05:00 [info] <0.229.0> Feature flags:   [x] classic_mirrored_queue_version
2023-02-09 12:50:11.037210-05:00 [info] <0.229.0> Feature flags:   [~] classic_queue_type_delivery_support
2023-02-09 12:50:11.037453-05:00 [info] <0.229.0> Feature flags:   [ ] drop_unroutable_metric
2023-02-09 12:50:11.037614-05:00 [info] <0.229.0> Feature flags:   [ ] empty_basic_get_metric
2023-02-09 12:50:11.037817-05:00 [info] <0.229.0> Feature flags:   [ ] implicit_default_bindings
2023-02-09 12:50:11.038106-05:00 [info] <0.229.0> Feature flags:   [ ] maintenance_mode_status
2023-02-09 12:50:11.038210-05:00 [info] <0.229.0> Feature flags:   [ ] quorum_queue
2023-02-09 12:50:11.038453-05:00 [info] <0.229.0> Feature flags:   [~] stream_queue
2023-02-09 12:50:11.038865-05:00 [info] <0.229.0> Feature flags:   [ ] user_limits
2023-02-09 12:50:11.038979-05:00 [info] <0.229.0> Feature flags:   [ ] virtual_host_metadata
2023-02-09 12:50:11.039098-05:00 [info] <0.229.0> Feature flags: feature flag states written to disk: yes
2023-02-09 12:50:11.066345-05:00 [info] <0.229.0> Feature flag `quorum_queue`: supported, attempt to enable...
2023-02-09 12:50:11.066877-05:00 [info] <0.229.0> Feature flag `quorum_queue`: mark as enabled=state_changing
2023-02-09 12:50:11.070125-05:00 [info] <0.229.0> Feature flags: list of feature flags found:
2023-02-09 12:50:11.070329-05:00 [info] <0.229.0> Feature flags:   [x] classic_mirrored_queue_version
2023-02-09 12:50:11.070495-05:00 [info] <0.229.0> Feature flags:   [~] classic_queue_type_delivery_support
2023-02-09 12:50:11.070624-05:00 [info] <0.229.0> Feature flags:   [ ] drop_unroutable_metric
2023-02-09 12:50:11.070777-05:00 [info] <0.229.0> Feature flags:   [ ] empty_basic_get_metric
2023-02-09 12:50:11.071030-05:00 [info] <0.229.0> Feature flags:   [ ] implicit_default_bindings
2023-02-09 12:50:11.071291-05:00 [info] <0.229.0> Feature flags:   [ ] maintenance_mode_status
2023-02-09 12:50:11.071857-05:00 [info] <0.229.0> Feature flags:   [~] quorum_queue
2023-02-09 12:50:11.071972-05:00 [info] <0.229.0> Feature flags:   [~] stream_queue
2023-02-09 12:50:11.072232-05:00 [info] <0.229.0> Feature flags:   [ ] user_limits
2023-02-09 12:50:11.072440-05:00 [info] <0.229.0> Feature flags:   [ ] virtual_host_metadata
2023-02-09 12:50:11.072639-05:00 [info] <0.229.0> Feature flags: feature flag states written to disk: yes
2023-02-09 12:50:11.106140-05:00 [info] <0.229.0> Waiting for Mnesia tables for 30000 ms, 9 retries left
2023-02-09 12:50:11.107077-05:00 [info] <0.229.0> Successfully synced tables from a peer
2023-02-09 12:50:11.107221-05:00 [info] <0.229.0> Feature flag `quorum_queue`:   migrating Mnesia table rabbit_queue...
2023-02-09 12:50:11.143869-05:00 [info] <0.229.0> Feature flag `quorum_queue`:   migrating Mnesia table rabbit_durable_queue...
2023-02-09 12:50:11.177000-05:00 [info] <0.229.0> Feature flag `quorum_queue`:   Mnesia tables migration done
2023-02-09 12:50:11.177310-05:00 [info] <0.229.0> Feature flag `quorum_queue`: mark as enabled=true
2023-02-09 12:50:11.187616-05:00 [info] <0.229.0> Feature flags: list of feature flags found:
2023-02-09 12:50:11.187889-05:00 [info] <0.229.0> Feature flags:   [x] classic_mirrored_queue_version
2023-02-09 12:50:11.188024-05:00 [info] <0.229.0> Feature flags:   [~] classic_queue_type_delivery_support
2023-02-09 12:50:11.188179-05:00 [info] <0.229.0> Feature flags:   [ ] drop_unroutable_metric
2023-02-09 12:50:11.188580-05:00 [info] <0.229.0> Feature flags:   [ ] empty_basic_get_metric
2023-02-09 12:50:11.188838-05:00 [info] <0.229.0> Feature flags:   [ ] implicit_default_bindings
2023-02-09 12:50:11.189163-05:00 [info] <0.229.0> Feature flags:   [ ] maintenance_mode_status
2023-02-09 12:50:11.189430-05:00 [info] <0.229.0> Feature flags:   [x] quorum_queue
2023-02-09 12:50:11.189649-05:00 [info] <0.229.0> Feature flags:   [~] stream_queue
2023-02-09 12:50:11.189806-05:00 [info] <0.229.0> Feature flags:   [ ] user_limits
2023-02-09 12:50:11.189916-05:00 [info] <0.229.0> Feature flags:   [ ] virtual_host_metadata
2023-02-09 12:50:11.190109-05:00 [info] <0.229.0> Feature flags: feature flag states written to disk: yes
2023-02-09 12:50:11.221087-05:00 [info] <0.229.0> Feature flag `stream_queue`: mark as enabled=true
2023-02-09 12:50:11.230454-05:00 [info] <0.229.0> Feature flags: list of feature flags found:
2023-02-09 12:50:11.230744-05:00 [info] <0.229.0> Feature flags:   [x] classic_mirrored_queue_version
2023-02-09 12:50:11.230902-05:00 [info] <0.229.0> Feature flags:   [~] classic_queue_type_delivery_support
2023-02-09 12:50:11.231162-05:00 [info] <0.229.0> Feature flags:   [ ] drop_unroutable_metric
2023-02-09 12:50:11.231597-05:00 [info] <0.229.0> Feature flags:   [ ] empty_basic_get_metric
2023-02-09 12:50:11.232561-05:00 [info] <0.229.0> Feature flags:   [ ] implicit_default_bindings
2023-02-09 12:50:11.232994-05:00 [info] <0.229.0> Feature flags:   [ ] maintenance_mode_status
2023-02-09 12:50:11.233226-05:00 [info] <0.229.0> Feature flags:   [x] quorum_queue
2023-02-09 12:50:11.233367-05:00 [info] <0.229.0> Feature flags:   [x] stream_queue
2023-02-09 12:50:11.233831-05:00 [info] <0.229.0> Feature flags:   [ ] user_limits
2023-02-09 12:50:11.234098-05:00 [info] <0.229.0> Feature flags:   [ ] virtual_host_metadata
2023-02-09 12:50:11.234259-05:00 [info] <0.229.0> Feature flags: feature flag states written to disk: yes
2023-02-09 12:50:11.270580-05:00 [info] <0.229.0> Feature flag `classic_queue_type_delivery_support`: mark as enabled=true
2023-02-09 12:50:11.279745-05:00 [info] <0.229.0> Feature flags: list of feature flags found:
2023-02-09 12:50:11.279906-05:00 [info] <0.229.0> Feature flags:   [x] classic_mirrored_queue_version
2023-02-09 12:50:11.280140-05:00 [info] <0.229.0> Feature flags:   [x] classic_queue_type_delivery_support
2023-02-09 12:50:11.280363-05:00 [info] <0.229.0> Feature flags:   [ ] drop_unroutable_metric
2023-02-09 12:50:11.280616-05:00 [info] <0.229.0> Feature flags:   [ ] empty_basic_get_metric
2023-02-09 12:50:11.280809-05:00 [info] <0.229.0> Feature flags:   [ ] implicit_default_bindings
2023-02-09 12:50:11.280944-05:00 [info] <0.229.0> Feature flags:   [ ] maintenance_mode_status
2023-02-09 12:50:11.281366-05:00 [info] <0.229.0> Feature flags:   [x] quorum_queue
2023-02-09 12:50:11.281507-05:00 [info] <0.229.0> Feature flags:   [x] stream_queue
2023-02-09 12:50:11.281632-05:00 [info] <0.229.0> Feature flags:   [ ] user_limits
2023-02-09 12:50:11.281826-05:00 [info] <0.229.0> Feature flags:   [ ] virtual_host_metadata
2023-02-09 12:50:11.282412-05:00 [info] <0.229.0> Feature flags: feature flag states written to disk: yes
2023-02-09 12:50:11.320956-05:00 [info] <0.229.0> Feature flag `drop_unroutable_metric`: supported, attempt to enable...
2023-02-09 12:50:11.321598-05:00 [info] <0.229.0> Feature flag `drop_unroutable_metric`: mark as enabled=state_changing
2023-02-09 12:50:11.324869-05:00 [info] <0.229.0> Feature flags: list of feature flags found:
2023-02-09 12:50:11.325097-05:00 [info] <0.229.0> Feature flags:   [x] classic_mirrored_queue_version
2023-02-09 12:50:11.325252-05:00 [info] <0.229.0> Feature flags:   [x] classic_queue_type_delivery_support
2023-02-09 12:50:11.325577-05:00 [info] <0.229.0> Feature flags:   [~] drop_unroutable_metric
2023-02-09 12:50:11.325814-05:00 [info] <0.229.0> Feature flags:   [ ] empty_basic_get_metric
2023-02-09 12:50:11.325954-05:00 [info] <0.229.0> Feature flags:   [ ] implicit_default_bindings
2023-02-09 12:50:11.326225-05:00 [info] <0.229.0> Feature flags:   [ ] maintenance_mode_status
2023-02-09 12:50:11.326373-05:00 [info] <0.229.0> Feature flags:   [x] quorum_queue
2023-02-09 12:50:11.326584-05:00 [info] <0.229.0> Feature flags:   [x] stream_queue
2023-02-09 12:50:11.326756-05:00 [info] <0.229.0> Feature flags:   [ ] user_limits
2023-02-09 12:50:11.327194-05:00 [info] <0.229.0> Feature flags:   [ ] virtual_host_metadata
2023-02-09 12:50:11.327359-05:00 [info] <0.229.0> Feature flags: feature flag states written to disk: yes
2023-02-09 12:50:11.358802-05:00 [info] <0.229.0> Feature flag `drop_unroutable_metric`: mark as enabled=true
2023-02-09 12:50:11.368179-05:00 [info] <0.229.0> Feature flags: list of feature flags found:
2023-02-09 12:50:11.368562-05:00 [info] <0.229.0> Feature flags:   [x] classic_mirrored_queue_version
2023-02-09 12:50:11.368794-05:00 [info] <0.229.0> Feature flags:   [x] classic_queue_type_delivery_support
2023-02-09 12:50:11.369117-05:00 [info] <0.229.0> Feature flags:   [x] drop_unroutable_metric
2023-02-09 12:50:11.369267-05:00 [info] <0.229.0> Feature flags:   [ ] empty_basic_get_metric
2023-02-09 12:50:11.369447-05:00 [info] <0.229.0> Feature flags:   [ ] implicit_default_bindings
2023-02-09 12:50:11.369611-05:00 [info] <0.229.0> Feature flags:   [ ] maintenance_mode_status
2023-02-09 12:50:11.369905-05:00 [info] <0.229.0> Feature flags:   [x] quorum_queue
2023-02-09 12:50:11.370402-05:00 [info] <0.229.0> Feature flags:   [x] stream_queue
2023-02-09 12:50:11.370532-05:00 [info] <0.229.0> Feature flags:   [ ] user_limits
2023-02-09 12:50:11.370654-05:00 [info] <0.229.0> Feature flags:   [ ] virtual_host_metadata
2023-02-09 12:50:11.370903-05:00 [info] <0.229.0> Feature flags: feature flag states written to disk: yes
2023-02-09 12:50:11.405245-05:00 [info] <0.229.0> Feature flag `empty_basic_get_metric`: supported, attempt to enable...
2023-02-09 12:50:11.405921-05:00 [info] <0.229.0> Feature flag `empty_basic_get_metric`: mark as enabled=state_changing
2023-02-09 12:50:11.409493-05:00 [info] <0.229.0> Feature flags: list of feature flags found:
2023-02-09 12:50:11.409727-05:00 [info] <0.229.0> Feature flags:   [x] classic_mirrored_queue_version
2023-02-09 12:50:11.409886-05:00 [info] <0.229.0> Feature flags:   [x] classic_queue_type_delivery_support
2023-02-09 12:50:11.410292-05:00 [info] <0.229.0> Feature flags:   [x] drop_unroutable_metric
2023-02-09 12:50:11.410463-05:00 [info] <0.229.0> Feature flags:   [~] empty_basic_get_metric
2023-02-09 12:50:11.410616-05:00 [info] <0.229.0> Feature flags:   [ ] implicit_default_bindings
2023-02-09 12:50:11.410985-05:00 [info] <0.229.0> Feature flags:   [ ] maintenance_mode_status
2023-02-09 12:50:11.411254-05:00 [info] <0.229.0> Feature flags:   [x] quorum_queue
2023-02-09 12:50:11.411398-05:00 [info] <0.229.0> Feature flags:   [x] stream_queue
2023-02-09 12:50:11.411570-05:00 [info] <0.229.0> Feature flags:   [ ] user_limits
2023-02-09 12:50:11.411858-05:00 [info] <0.229.0> Feature flags:   [ ] virtual_host_metadata
2023-02-09 12:50:11.412016-05:00 [info] <0.229.0> Feature flags: feature flag states written to disk: yes
2023-02-09 12:50:11.437162-05:00 [info] <0.229.0> Feature flag `empty_basic_get_metric`: mark as enabled=true
2023-02-09 12:50:11.442489-05:00 [info] <0.229.0> Feature flags: list of feature flags found:
2023-02-09 12:50:11.442697-05:00 [info] <0.229.0> Feature flags:   [x] classic_mirrored_queue_version
2023-02-09 12:50:11.442877-05:00 [info] <0.229.0> Feature flags:   [x] classic_queue_type_delivery_support
2023-02-09 12:50:11.443083-05:00 [info] <0.229.0> Feature flags:   [x] drop_unroutable_metric
2023-02-09 12:50:11.443256-05:00 [info] <0.229.0> Feature flags:   [x] empty_basic_get_metric
2023-02-09 12:50:11.443452-05:00 [info] <0.229.0> Feature flags:   [ ] implicit_default_bindings
2023-02-09 12:50:11.443658-05:00 [info] <0.229.0> Feature flags:   [ ] maintenance_mode_status
2023-02-09 12:50:11.443877-05:00 [info] <0.229.0> Feature flags:   [x] quorum_queue
2023-02-09 12:50:11.443983-05:00 [info] <0.229.0> Feature flags:   [x] stream_queue
2023-02-09 12:50:11.444093-05:00 [info] <0.229.0> Feature flags:   [ ] user_limits
2023-02-09 12:50:11.444191-05:00 [info] <0.229.0> Feature flags:   [ ] virtual_host_metadata
2023-02-09 12:50:11.444278-05:00 [info] <0.229.0> Feature flags: feature flag states written to disk: yes
2023-02-09 12:50:11.465974-05:00 [info] <0.229.0> Feature flag `implicit_default_bindings`: supported, attempt to enable...
2023-02-09 12:50:11.466616-05:00 [info] <0.229.0> Feature flag `implicit_default_bindings`: mark as enabled=state_changing
2023-02-09 12:50:11.470297-05:00 [info] <0.229.0> Feature flags: list of feature flags found:
2023-02-09 12:50:11.470470-05:00 [info] <0.229.0> Feature flags:   [x] classic_mirrored_queue_version
2023-02-09 12:50:11.470855-05:00 [info] <0.229.0> Feature flags:   [x] classic_queue_type_delivery_support
2023-02-09 12:50:11.471058-05:00 [info] <0.229.0> Feature flags:   [x] drop_unroutable_metric
2023-02-09 12:50:11.471221-05:00 [info] <0.229.0> Feature flags:   [x] empty_basic_get_metric
2023-02-09 12:50:11.471412-05:00 [info] <0.229.0> Feature flags:   [~] implicit_default_bindings
2023-02-09 12:50:11.471608-05:00 [info] <0.229.0> Feature flags:   [ ] maintenance_mode_status
2023-02-09 12:50:11.471977-05:00 [info] <0.229.0> Feature flags:   [x] quorum_queue
2023-02-09 12:50:11.472150-05:00 [info] <0.229.0> Feature flags:   [x] stream_queue
2023-02-09 12:50:11.472314-05:00 [info] <0.229.0> Feature flags:   [ ] user_limits
2023-02-09 12:50:11.472516-05:00 [info] <0.229.0> Feature flags:   [ ] virtual_host_metadata
2023-02-09 12:50:11.472726-05:00 [info] <0.229.0> Feature flags: feature flag states written to disk: yes
2023-02-09 12:50:11.492946-05:00 [info] <0.229.0> Waiting for Mnesia tables for 30000 ms, 0 retries left
2023-02-09 12:50:11.493853-05:00 [info] <0.229.0> Successfully synced tables from a peer
2023-02-09 12:50:11.494204-05:00 [info] <0.229.0> Feature flag `implicit_default_bindings`: mark as enabled=true
2023-02-09 12:50:11.498401-05:00 [info] <0.229.0> Feature flags: list of feature flags found:
2023-02-09 12:50:11.498766-05:00 [info] <0.229.0> Feature flags:   [x] classic_mirrored_queue_version
2023-02-09 12:50:11.498888-05:00 [info] <0.229.0> Feature flags:   [x] classic_queue_type_delivery_support
2023-02-09 12:50:11.499174-05:00 [info] <0.229.0> Feature flags:   [x] drop_unroutable_metric
2023-02-09 12:50:11.499295-05:00 [info] <0.229.0> Feature flags:   [x] empty_basic_get_metric
2023-02-09 12:50:11.499398-05:00 [info] <0.229.0> Feature flags:   [x] implicit_default_bindings
2023-02-09 12:50:11.499563-05:00 [info] <0.229.0> Feature flags:   [ ] maintenance_mode_status
2023-02-09 12:50:11.499985-05:00 [info] <0.229.0> Feature flags:   [x] quorum_queue
2023-02-09 12:50:11.500091-05:00 [info] <0.229.0> Feature flags:   [x] stream_queue
2023-02-09 12:50:11.500182-05:00 [info] <0.229.0> Feature flags:   [ ] user_limits
2023-02-09 12:50:11.500255-05:00 [info] <0.229.0> Feature flags:   [ ] virtual_host_metadata
2023-02-09 12:50:11.500498-05:00 [info] <0.229.0> Feature flags: feature flag states written to disk: yes
2023-02-09 12:50:11.524140-05:00 [info] <0.229.0> Feature flag `maintenance_mode_status`: supported, attempt to enable...
2023-02-09 12:50:11.524747-05:00 [info] <0.229.0> Feature flag `maintenance_mode_status`: mark as enabled=state_changing
2023-02-09 12:50:11.527626-05:00 [info] <0.229.0> Feature flags: list of feature flags found:
2023-02-09 12:50:11.527868-05:00 [info] <0.229.0> Feature flags:   [x] classic_mirrored_queue_version
2023-02-09 12:50:11.528101-05:00 [info] <0.229.0> Feature flags:   [x] classic_queue_type_delivery_support
2023-02-09 12:50:11.528249-05:00 [info] <0.229.0> Feature flags:   [x] drop_unroutable_metric
2023-02-09 12:50:11.528352-05:00 [info] <0.229.0> Feature flags:   [x] empty_basic_get_metric
2023-02-09 12:50:11.528541-05:00 [info] <0.229.0> Feature flags:   [x] implicit_default_bindings
2023-02-09 12:50:11.528716-05:00 [info] <0.229.0> Feature flags:   [~] maintenance_mode_status
2023-02-09 12:50:11.528953-05:00 [info] <0.229.0> Feature flags:   [x] quorum_queue
2023-02-09 12:50:11.529305-05:00 [info] <0.229.0> Feature flags:   [x] stream_queue
2023-02-09 12:50:11.529432-05:00 [info] <0.229.0> Feature flags:   [ ] user_limits
2023-02-09 12:50:11.529554-05:00 [info] <0.229.0> Feature flags:   [ ] virtual_host_metadata
2023-02-09 12:50:11.529763-05:00 [info] <0.229.0> Feature flags: feature flag states written to disk: yes
2023-02-09 12:50:11.554993-05:00 [info] <0.229.0> Creating table rabbit_node_maintenance_states for feature flag `maintenance_mode_status`
2023-02-09 12:50:11.562454-05:00 [info] <0.229.0> Feature flag `maintenance_mode_status`: mark as enabled=true
2023-02-09 12:50:11.567462-05:00 [info] <0.229.0> Feature flags: list of feature flags found:
2023-02-09 12:50:11.567611-05:00 [info] <0.229.0> Feature flags:   [x] classic_mirrored_queue_version
2023-02-09 12:50:11.567770-05:00 [info] <0.229.0> Feature flags:   [x] classic_queue_type_delivery_support
2023-02-09 12:50:11.568155-05:00 [info] <0.229.0> Feature flags:   [x] drop_unroutable_metric
2023-02-09 12:50:11.568251-05:00 [info] <0.229.0> Feature flags:   [x] empty_basic_get_metric
2023-02-09 12:50:11.568332-05:00 [info] <0.229.0> Feature flags:   [x] implicit_default_bindings
2023-02-09 12:50:11.568427-05:00 [info] <0.229.0> Feature flags:   [x] maintenance_mode_status
2023-02-09 12:50:11.568737-05:00 [info] <0.229.0> Feature flags:   [x] quorum_queue
2023-02-09 12:50:11.568831-05:00 [info] <0.229.0> Feature flags:   [x] stream_queue
2023-02-09 12:50:11.568918-05:00 [info] <0.229.0> Feature flags:   [ ] user_limits
2023-02-09 12:50:11.568994-05:00 [info] <0.229.0> Feature flags:   [ ] virtual_host_metadata
2023-02-09 12:50:11.569300-05:00 [info] <0.229.0> Feature flags: feature flag states written to disk: yes
2023-02-09 12:50:11.592819-05:00 [info] <0.229.0> Feature flag `user_limits`: supported, attempt to enable...
2023-02-09 12:50:11.593231-05:00 [info] <0.229.0> Feature flag `user_limits`: mark as enabled=state_changing
2023-02-09 12:50:11.596264-05:00 [info] <0.229.0> Feature flags: list of feature flags found:
2023-02-09 12:50:11.596696-05:00 [info] <0.229.0> Feature flags:   [x] classic_mirrored_queue_version
2023-02-09 12:50:11.596806-05:00 [info] <0.229.0> Feature flags:   [x] classic_queue_type_delivery_support
2023-02-09 12:50:11.596926-05:00 [info] <0.229.0> Feature flags:   [x] drop_unroutable_metric
2023-02-09 12:50:11.597014-05:00 [info] <0.229.0> Feature flags:   [x] empty_basic_get_metric
2023-02-09 12:50:11.597118-05:00 [info] <0.229.0> Feature flags:   [x] implicit_default_bindings
2023-02-09 12:50:11.597232-05:00 [info] <0.229.0> Feature flags:   [x] maintenance_mode_status
2023-02-09 12:50:11.597316-05:00 [info] <0.229.0> Feature flags:   [x] quorum_queue
2023-02-09 12:50:11.597396-05:00 [info] <0.229.0> Feature flags:   [x] stream_queue
2023-02-09 12:50:11.597496-05:00 [info] <0.229.0> Feature flags:   [~] user_limits
2023-02-09 12:50:11.597584-05:00 [info] <0.229.0> Feature flags:   [ ] virtual_host_metadata
2023-02-09 12:50:11.597893-05:00 [info] <0.229.0> Feature flags: feature flag states written to disk: yes
2023-02-09 12:50:11.621973-05:00 [info] <0.229.0> Waiting for Mnesia tables for 30000 ms, 9 retries left
2023-02-09 12:50:11.622895-05:00 [info] <0.229.0> Successfully synced tables from a peer
2023-02-09 12:50:11.661862-05:00 [info] <0.229.0> Feature flag `user_limits`: mark as enabled=true
2023-02-09 12:50:11.667586-05:00 [info] <0.229.0> Feature flags: list of feature flags found:
2023-02-09 12:50:11.667991-05:00 [info] <0.229.0> Feature flags:   [x] classic_mirrored_queue_version
2023-02-09 12:50:11.668182-05:00 [info] <0.229.0> Feature flags:   [x] classic_queue_type_delivery_support
2023-02-09 12:50:11.668716-05:00 [info] <0.229.0> Feature flags:   [x] drop_unroutable_metric
2023-02-09 12:50:11.669282-05:00 [info] <0.229.0> Feature flags:   [x] empty_basic_get_metric
2023-02-09 12:50:11.669378-05:00 [info] <0.229.0> Feature flags:   [x] implicit_default_bindings
2023-02-09 12:50:11.669463-05:00 [info] <0.229.0> Feature flags:   [x] maintenance_mode_status
2023-02-09 12:50:11.669567-05:00 [info] <0.229.0> Feature flags:   [x] quorum_queue
2023-02-09 12:50:11.669650-05:00 [info] <0.229.0> Feature flags:   [x] stream_queue
2023-02-09 12:50:11.669766-05:00 [info] <0.229.0> Feature flags:   [x] user_limits
2023-02-09 12:50:11.669855-05:00 [info] <0.229.0> Feature flags:   [ ] virtual_host_metadata
2023-02-09 12:50:11.670643-05:00 [info] <0.229.0> Feature flags: feature flag states written to disk: yes
2023-02-09 12:50:11.695758-05:00 [info] <0.229.0> Feature flag `virtual_host_metadata`: supported, attempt to enable...
2023-02-09 12:50:11.696278-05:00 [info] <0.229.0> Feature flag `virtual_host_metadata`: mark as enabled=state_changing
2023-02-09 12:50:11.698840-05:00 [info] <0.229.0> Feature flags: list of feature flags found:
2023-02-09 12:50:11.699002-05:00 [info] <0.229.0> Feature flags:   [x] classic_mirrored_queue_version
2023-02-09 12:50:11.699239-05:00 [info] <0.229.0> Feature flags:   [x] classic_queue_type_delivery_support
2023-02-09 12:50:11.699503-05:00 [info] <0.229.0> Feature flags:   [x] drop_unroutable_metric
2023-02-09 12:50:11.699604-05:00 [info] <0.229.0> Feature flags:   [x] empty_basic_get_metric
2023-02-09 12:50:11.699751-05:00 [info] <0.229.0> Feature flags:   [x] implicit_default_bindings
2023-02-09 12:50:11.699919-05:00 [info] <0.229.0> Feature flags:   [x] maintenance_mode_status
2023-02-09 12:50:11.700152-05:00 [info] <0.229.0> Feature flags:   [x] quorum_queue
2023-02-09 12:50:11.700309-05:00 [info] <0.229.0> Feature flags:   [x] stream_queue
2023-02-09 12:50:11.700464-05:00 [info] <0.229.0> Feature flags:   [x] user_limits
2023-02-09 12:50:11.700798-05:00 [info] <0.229.0> Feature flags:   [~] virtual_host_metadata
2023-02-09 12:50:11.700883-05:00 [info] <0.229.0> Feature flags: feature flag states written to disk: yes
2023-02-09 12:50:11.731455-05:00 [info] <0.229.0> Waiting for Mnesia tables for 30000 ms, 9 retries left
2023-02-09 12:50:11.732451-05:00 [info] <0.229.0> Successfully synced tables from a peer
2023-02-09 12:50:11.758326-05:00 [info] <0.229.0> Feature flag `virtual_host_metadata`: mark as enabled=true
2023-02-09 12:50:11.764019-05:00 [info] <0.229.0> Feature flags: list of feature flags found:
2023-02-09 12:50:11.764179-05:00 [info] <0.229.0> Feature flags:   [x] classic_mirrored_queue_version
2023-02-09 12:50:11.764511-05:00 [info] <0.229.0> Feature flags:   [x] classic_queue_type_delivery_support
2023-02-09 12:50:11.764707-05:00 [info] <0.229.0> Feature flags:   [x] drop_unroutable_metric
2023-02-09 12:50:11.764921-05:00 [info] <0.229.0> Feature flags:   [x] empty_basic_get_metric
2023-02-09 12:50:11.765010-05:00 [info] <0.229.0> Feature flags:   [x] implicit_default_bindings
2023-02-09 12:50:11.765117-05:00 [info] <0.229.0> Feature flags:   [x] maintenance_mode_status
2023-02-09 12:50:11.765422-05:00 [info] <0.229.0> Feature flags:   [x] quorum_queue
2023-02-09 12:50:11.765731-05:00 [info] <0.229.0> Feature flags:   [x] stream_queue
2023-02-09 12:50:11.765816-05:00 [info] <0.229.0> Feature flags:   [x] user_limits
2023-02-09 12:50:11.765903-05:00 [info] <0.229.0> Feature flags:   [x] virtual_host_metadata
2023-02-09 12:50:11.766338-05:00 [info] <0.229.0> Feature flags: feature flag states written to disk: yes
2023-02-09 12:50:11.788018-05:00 [info] <0.229.0> Waiting for Mnesia tables for 30000 ms, 9 retries left
2023-02-09 12:50:11.788481-05:00 [info] <0.229.0> Successfully synced tables from a peer
2023-02-09 12:50:11.807382-05:00 [info] <0.229.0> Waiting for Mnesia tables for 30000 ms, 9 retries left
2023-02-09 12:50:11.807626-05:00 [info] <0.229.0> Successfully synced tables from a peer
2023-02-09 12:50:11.807751-05:00 [info] <0.229.0> Peer discovery backend rabbit_peer_discovery_classic_config does not support registration, skipping registration.
2023-02-09 12:50:11.807992-05:00 [info] <0.229.0> Will try to unlock with peer discovery backend rabbit_peer_discovery_classic_config
2023-02-09 12:50:11.808488-05:00 [info] <0.229.0> Running boot step database_sync defined by app rabbit
2023-02-09 12:50:11.808991-05:00 [info] <0.229.0> Running boot step feature_flags defined by app rabbit
2023-02-09 12:50:11.809487-05:00 [info] <0.229.0> Running boot step codec_correctness_check defined by app rabbit
2023-02-09 12:50:11.809693-05:00 [info] <0.229.0> Running boot step external_infrastructure defined by app rabbit
2023-02-09 12:50:11.809872-05:00 [info] <0.229.0> Running boot step rabbit_event defined by app rabbit
2023-02-09 12:50:11.810750-05:00 [info] <0.229.0> Running boot step rabbit_registry defined by app rabbit
2023-02-09 12:50:11.811391-05:00 [info] <0.229.0> Running boot step rabbit_auth_mechanism_amqplain defined by app rabbit
2023-02-09 12:50:11.811775-05:00 [info] <0.229.0> Running boot step rabbit_auth_mechanism_cr_demo defined by app rabbit
2023-02-09 12:50:11.812058-05:00 [info] <0.229.0> Running boot step rabbit_auth_mechanism_plain defined by app rabbit
2023-02-09 12:50:11.812217-05:00 [info] <0.229.0> Running boot step rabbit_exchange_type_direct defined by app rabbit
2023-02-09 12:50:11.812893-05:00 [info] <0.229.0> Running boot step rabbit_exchange_type_fanout defined by app rabbit
2023-02-09 12:50:11.813108-05:00 [info] <0.229.0> Running boot step rabbit_exchange_type_headers defined by app rabbit
2023-02-09 12:50:11.813274-05:00 [info] <0.229.0> Running boot step rabbit_exchange_type_topic defined by app rabbit
2023-02-09 12:50:11.813441-05:00 [info] <0.229.0> Running boot step rabbit_mirror_queue_mode_all defined by app rabbit
2023-02-09 12:50:11.813579-05:00 [info] <0.229.0> Running boot step rabbit_mirror_queue_mode_exactly defined by app rabbit
2023-02-09 12:50:11.813756-05:00 [info] <0.229.0> Running boot step rabbit_mirror_queue_mode_nodes defined by app rabbit
2023-02-09 12:50:11.813911-05:00 [info] <0.229.0> Running boot step rabbit_priority_queue defined by app rabbit
2023-02-09 12:50:11.814205-05:00 [info] <0.229.0> Priority queues enabled, real BQ is rabbit_variable_queue
2023-02-09 12:50:11.814393-05:00 [info] <0.229.0> Running boot step rabbit_queue_location_client_local defined by app rabbit
2023-02-09 12:50:11.814623-05:00 [info] <0.229.0> Running boot step rabbit_queue_location_min_masters defined by app rabbit
2023-02-09 12:50:11.814831-05:00 [info] <0.229.0> Running boot step rabbit_queue_location_random defined by app rabbit
2023-02-09 12:50:11.814984-05:00 [info] <0.229.0> Running boot step kernel_ready defined by app rabbit
2023-02-09 12:50:11.815116-05:00 [info] <0.229.0> Running boot step rabbit_sysmon_minder defined by app rabbit
2023-02-09 12:50:11.816525-05:00 [info] <0.229.0> Running boot step rabbit_epmd_monitor defined by app rabbit
2023-02-09 12:50:11.820407-05:00 [info] <0.690.0> epmd monitor knows us, inter-node communication (distribution) port: 25672
2023-02-09 12:50:11.820718-05:00 [info] <0.229.0> Running boot step guid_generator defined by app rabbit
2023-02-09 12:50:11.824211-05:00 [info] <0.229.0> Running boot step rabbit_node_monitor defined by app rabbit
2023-02-09 12:50:11.824732-05:00 [info] <0.694.0> Starting rabbit_node_monitor
2023-02-09 12:50:11.825084-05:00 [info] <0.229.0> Running boot step delegate_sup defined by app rabbit
2023-02-09 12:50:11.827336-05:00 [info] <0.229.0> Running boot step rabbit_memory_monitor defined by app rabbit
2023-02-09 12:50:11.827943-05:00 [info] <0.229.0> Running boot step rabbit_fifo_dlx_sup defined by app rabbit
2023-02-09 12:50:11.828343-05:00 [info] <0.229.0> Running boot step core_initialized defined by app rabbit
2023-02-09 12:50:11.828648-05:00 [info] <0.229.0> Running boot step upgrade_queues defined by app rabbit
2023-02-09 12:50:11.843868-05:00 [info] <0.229.0> message_store upgrades: 1 to apply
2023-02-09 12:50:11.844481-05:00 [info] <0.229.0> message_store upgrades: Applying rabbit_variable_queue:move_messages_to_vhost_store
2023-02-09 12:50:11.845099-05:00 [info] <0.229.0> message_store upgrades: No durable queues found. Skipping message store migration
2023-02-09 12:50:11.845255-05:00 [info] <0.229.0> message_store upgrades: Removing the old message store data
2023-02-09 12:50:11.846721-05:00 [info] <0.229.0> message_store upgrades: All upgrades applied successfully
2023-02-09 12:50:11.860622-05:00 [info] <0.229.0> Running boot step channel_tracking defined by app rabbit
2023-02-09 12:50:11.867069-05:00 [info] <0.229.0> Setting up a table for channel tracking on this node: 'tracked_channel_on_node_rabbit@host-169-16-1-169'
2023-02-09 12:50:11.874392-05:00 [info] <0.229.0> Setting up a table for channel tracking on this node: 'tracked_channel_table_per_user_on_node_rabbit@host-169-16-1-169'
2023-02-09 12:50:11.875612-05:00 [info] <0.229.0> Running boot step rabbit_channel_tracking_handler defined by app rabbit
2023-02-09 12:50:11.875954-05:00 [info] <0.229.0> Running boot step connection_tracking defined by app rabbit
2023-02-09 12:50:11.883216-05:00 [info] <0.229.0> Setting up a table for connection tracking on this node: 'tracked_connection_on_node_rabbit@host-169-16-1-169'
2023-02-09 12:50:11.891026-05:00 [info] <0.229.0> Setting up a table for per-vhost connection counting on this node: 'tracked_connection_per_vhost_on_node_rabbit@host-169-16-1-169'
2023-02-09 12:50:11.897185-05:00 [info] <0.229.0> Setting up a table for per-user connection counting on this node: 'tracked_connection_table_per_user_on_node_rabbit@host-169-16-1-169'
2023-02-09 12:50:11.898365-05:00 [info] <0.229.0> Running boot step rabbit_connection_tracking_handler defined by app rabbit
2023-02-09 12:50:11.898866-05:00 [info] <0.229.0> Running boot step rabbit_definitions_hashing defined by app rabbit
2023-02-09 12:50:11.899314-05:00 [info] <0.229.0> Running boot step rabbit_exchange_parameters defined by app rabbit
2023-02-09 12:50:11.899941-05:00 [info] <0.229.0> Running boot step rabbit_mirror_queue_misc defined by app rabbit
2023-02-09 12:50:11.900566-05:00 [info] <0.229.0> Running boot step rabbit_policies defined by app rabbit
2023-02-09 12:50:11.901866-05:00 [info] <0.229.0> Running boot step rabbit_policy defined by app rabbit
2023-02-09 12:50:11.902351-05:00 [info] <0.229.0> Running boot step rabbit_queue_location_validator defined by app rabbit
2023-02-09 12:50:11.902585-05:00 [info] <0.229.0> Running boot step rabbit_quorum_memory_manager defined by app rabbit
2023-02-09 12:50:11.902830-05:00 [info] <0.229.0> Running boot step rabbit_stream_coordinator defined by app rabbit
2023-02-09 12:50:11.903561-05:00 [info] <0.229.0> Running boot step rabbit_vhost_limit defined by app rabbit
2023-02-09 12:50:11.903945-05:00 [info] <0.229.0> Running boot step rabbit_mgmt_reset_handler defined by app rabbitmq_management
2023-02-09 12:50:11.904290-05:00 [info] <0.229.0> Running boot step rabbit_mgmt_db_handler defined by app rabbitmq_management_agent
2023-02-09 12:50:11.904410-05:00 [info] <0.229.0> Management plugin: using rates mode 'basic'
2023-02-09 12:50:11.906319-05:00 [info] <0.229.0> Running boot step recovery defined by app rabbit
2023-02-09 12:50:11.909227-05:00 [info] <0.229.0> Running boot step empty_db_check defined by app rabbit
2023-02-09 12:50:11.909421-05:00 [info] <0.229.0> Will not seed default virtual host and user: have definitions to load...
2023-02-09 12:50:11.909514-05:00 [info] <0.229.0> Running boot step rabbit_observer_cli defined by app rabbit
2023-02-09 12:50:11.910127-05:00 [info] <0.229.0> Running boot step rabbit_looking_glass defined by app rabbit
2023-02-09 12:50:11.910257-05:00 [info] <0.229.0> Running boot step rabbit_core_metrics_gc defined by app rabbit
2023-02-09 12:50:11.911631-05:00 [info] <0.229.0> Running boot step background_gc defined by app rabbit
2023-02-09 12:50:11.912458-05:00 [info] <0.229.0> Running boot step routing_ready defined by app rabbit
2023-02-09 12:50:11.912588-05:00 [info] <0.229.0> Running boot step pre_flight defined by app rabbit
2023-02-09 12:50:11.912760-05:00 [info] <0.229.0> Running boot step notify_cluster defined by app rabbit
2023-02-09 12:50:11.912896-05:00 [info] <0.229.0> Running boot step networking defined by app rabbit
2023-02-09 12:50:11.913029-05:00 [info] <0.229.0> Running boot step definition_import_worker_pool defined by app rabbit
2023-02-09 12:50:11.913289-05:00 [info] <0.328.0> Starting worker pool 'definition_import_pool' with 2 processes in it
2023-02-09 12:50:11.914381-05:00 [info] <0.229.0> Running boot step cluster_name defined by app rabbit
2023-02-09 12:50:11.914950-05:00 [info] <0.229.0> Initialising internal cluster ID to 'rabbitmq-cluster-id-vTulPdZqVOrnJqI-e8AJeg'
2023-02-09 12:50:11.918269-05:00 [info] <0.229.0> Running boot step direct_client defined by app rabbit
2023-02-09 12:50:11.918812-05:00 [info] <0.229.0> Running boot step rabbit_maintenance_mode_state defined by app rabbit
2023-02-09 12:50:11.918930-05:00 [info] <0.229.0> Creating table rabbit_node_maintenance_states for feature flag `maintenance_mode_status`
2023-02-09 12:50:11.919367-05:00 [info] <0.229.0> Running boot step rabbit_management_load_definitions defined by app rabbitmq_management
2023-02-09 12:50:11.921298-05:00 [info] <0.229.0> Applying definitions from file at '/etc/rabbitmq/definitions.json'
2023-02-09 12:50:11.921479-05:00 [info] <0.229.0> Asked to import definitions. Acting user: rmq-internal
2023-02-09 12:50:11.921876-05:00 [info] <0.229.0> Importing concurrently 1 users...
2023-02-09 12:50:11.925597-05:00 [info] <0.753.0> Created user 'openstack'
2023-02-09 12:50:11.925804-05:00 [info] <0.753.0> Successfully set user tags for user 'openstack' to [administrator]
2023-02-09 12:50:11.926225-05:00 [info] <0.229.0> Importing concurrently 1 vhosts...
2023-02-09 12:50:11.926945-05:00 [info] <0.753.0> Adding vhost '/' (description: '', tags: [])
2023-02-09 12:50:11.950385-05:00 [info] <0.763.0> Making sure data directory '/var/lib/rabbitmq/mnesia/rabbit@host-169-16-1-169/msg_stores/vhosts/628WB79CIFDYO9LJI6DKMI09L' for vhost '/' exists
2023-02-09 12:50:11.954510-05:00 [info] <0.763.0> Setting segment_entry_count for vhost '/' with 0 queues to '2048'
2023-02-09 12:50:11.960832-05:00 [info] <0.763.0> Starting message stores for vhost '/'
2023-02-09 12:50:11.961866-05:00 [info] <0.768.0> Message store "628WB79CIFDYO9LJI6DKMI09L/msg_store_transient": using rabbit_msg_store_ets_index to provide index
2023-02-09 12:50:11.967835-05:00 [info] <0.763.0> Started message store of type transient for vhost '/'
2023-02-09 12:50:11.968878-05:00 [info] <0.772.0> Message store "628WB79CIFDYO9LJI6DKMI09L/msg_store_persistent": using rabbit_msg_store_ets_index to provide index
2023-02-09 12:50:11.971636-05:00 [warning] <0.772.0> Message store "628WB79CIFDYO9LJI6DKMI09L/msg_store_persistent": rebuilding indices from scratch
2023-02-09 12:50:11.975339-05:00 [info] <0.763.0> Started message store of type persistent for vhost '/'
2023-02-09 12:50:11.975815-05:00 [info] <0.763.0> Recovering 0 queues of type rabbit_classic_queue took 19ms
2023-02-09 12:50:11.975986-05:00 [info] <0.763.0> Recovering 0 queues of type rabbit_quorum_queue took 0ms
2023-02-09 12:50:11.976156-05:00 [info] <0.763.0> Recovering 0 queues of type rabbit_stream_queue took 0ms
2023-02-09 12:50:11.981827-05:00 [info] <0.229.0> Importing concurrently 1 permissions...
2023-02-09 12:50:11.986553-05:00 [info] <0.753.0> Successfully set permissions for 'openstack' in virtual host '/' to '.*', '.*', '.*'
2023-02-09 12:50:12.008406-05:00 [info] <0.802.0> Resetting node maintenance status
2023-02-09 12:50:12.072316-05:00 [info] <0.861.0> Management plugin: HTTP (non-TLS) listener started on port 15672
2023-02-09 12:50:12.073207-05:00 [info] <0.889.0> Statistics database started.
2023-02-09 12:50:12.073816-05:00 [info] <0.888.0> Starting worker pool 'management_worker_pool' with 3 processes in it
2023-02-09 12:50:12.075563-05:00 [info] <0.802.0> Ready to start client connection listeners
2023-02-09 12:50:12.082591-05:00 [info] <0.914.0> started TCP listener on 169.16.1.169:5672
2023-02-09 12:50:12.459256-05:00 [info] <0.802.0> Server startup complete; 3 plugins started.
2023-02-09 12:50:12.459256-05:00 [info] <0.802.0>  * rabbitmq_management
2023-02-09 12:50:12.459256-05:00 [info] <0.802.0>  * rabbitmq_web_dispatch
2023-02-09 12:50:12.459256-05:00 [info] <0.802.0>  * rabbitmq_management_agent
