2023-02-15 21:04:38,901 p=26 u=ansible n=ansible | {
    "custom_stats": {},
    "global_custom_stats": {},
    "plays": [
        {
            "play": {
                "duration": {
                    "end": "2023-02-16T02:04:38.872302Z",
                    "start": "2023-02-16T02:04:37.222128Z"
                },
                "id": "fa163eb4-7b64-610c-4c1e-000000000007",
                "name": "Ansible Ad-Hoc"
            },
            "tasks": [
                {
                    "hosts": {
                        "localhost": {
                            "_ansible_no_log": null,
                            "action": "mysql_db",
                            "changed": true,
                            "db": "keystone",
                            "db_list": [
                                "keystone"
                            ],
                            "executed_commands": [
                                "CREATE DATABASE `keystone`"
                            ],
                            "invocation": {
                                "module_args": {
                                    "ca_cert": null,
                                    "check_hostname": null,
                                    "check_implicit_admin": false,
                                    "client_cert": null,
                                    "client_key": null,
                                    "collation": "",
                                    "config_file": "/var/lib/ansible/.my.cnf",
                                    "config_overrides_defaults": false,
                                    "connect_timeout": 30,
                                    "dump_extra_args": null,
                                    "encoding": "",
                                    "force": false,
                                    "hex_blob": false,
                                    "ignore_tables": [],
                                    "login_host": "169.16.1.161",
                                    "login_password": "VALUE_SPECIFIED_IN_NO_LOG_PARAMETER",
                                    "login_port": 3306,
                                    "login_unix_socket": null,
                                    "login_user": "root",
                                    "master_data": 0,
                                    "name": [
                                        "keystone"
                                    ],
                                    "quick": true,
                                    "restrict_config_file": false,
                                    "single_transaction": false,
                                    "skip_lock_tables": false,
                                    "state": "present",
                                    "target": null,
                                    "unsafe_login_password": false,
                                    "use_shell": false
                                }
                            }
                        }
                    },
                    "task": {
                        "duration": {
                            "end": "2023-02-16T02:04:38.872302Z",
                            "start": "2023-02-16T02:04:37.589675Z"
                        },
                        "id": "fa163eb4-7b64-610c-4c1e-000000000009",
                        "name": "mysql_db"
                    }
                }
            ]
        }
    ],
    "stats": {
        "localhost": {
            "changed": 1,
            "failures": 0,
            "ignored": 0,
            "ok": 1,
            "rescued": 0,
            "skipped": 0,
            "unreachable": 0
        }
    }
}
2023-02-15 21:04:43,315 p=50 u=ansible n=ansible | {
    "custom_stats": {},
    "global_custom_stats": {},
    "plays": [
        {
            "play": {
                "duration": {
                    "end": "2023-02-16T02:04:43.292205Z",
                    "start": "2023-02-16T02:04:41.980435Z"
                },
                "id": "fa163eb4-7b64-39d4-6e34-000000000007",
                "name": "Ansible Ad-Hoc"
            },
            "tasks": [
                {
                    "hosts": {
                        "localhost": {
                            "_ansible_no_log": null,
                            "action": "mysql_user",
                            "changed": true,
                            "invocation": {
                                "module_args": {
                                    "append_privs": true,
                                    "ca_cert": null,
                                    "check_hostname": null,
                                    "check_implicit_admin": false,
                                    "client_cert": null,
                                    "client_key": null,
                                    "config_file": "/var/lib/ansible/.my.cnf",
                                    "connect_timeout": 30,
                                    "encrypted": false,
                                    "host": "%",
                                    "host_all": false,
                                    "login_host": "169.16.1.161",
                                    "login_password": "VALUE_SPECIFIED_IN_NO_LOG_PARAMETER",
                                    "login_port": 3306,
                                    "login_unix_socket": null,
                                    "login_user": "root",
                                    "name": "keystone",
                                    "password": "VALUE_SPECIFIED_IN_NO_LOG_PARAMETER",
                                    "plugin": null,
                                    "plugin_auth_string": null,
                                    "plugin_hash_string": null,
                                    "priv": "keystone.*:ALL",
                                    "resource_limits": null,
                                    "sql_log_bin": true,
                                    "state": "present",
                                    "tls_requires": null,
                                    "update_password": "always",
                                    "user": "keystone"
                                }
                            },
                            "msg": "User added",
                            "user": "keystone"
                        }
                    },
                    "task": {
                        "duration": {
                            "end": "2023-02-16T02:04:43.292205Z",
                            "start": "2023-02-16T02:04:42.091880Z"
                        },
                        "id": "fa163eb4-7b64-39d4-6e34-000000000009",
                        "name": "mysql_user"
                    }
                }
            ]
        }
    ],
    "stats": {
        "localhost": {
            "changed": 1,
            "failures": 0,
            "ignored": 0,
            "ok": 1,
            "rescued": 0,
            "skipped": 0,
            "unreachable": 0
        }
    }
}
2023-02-15 21:05:54,022 p=74 u=ansible n=ansible | {
    "custom_stats": {},
    "global_custom_stats": {},
    "plays": [
        {
            "play": {
                "duration": {
                    "end": "2023-02-16T02:05:53.992422Z",
                    "start": "2023-02-16T02:05:30.711317Z"
                },
                "id": "fa163eb4-7b64-4ad3-9bd7-000000000007",
                "name": "Ansible Ad-Hoc"
            },
            "tasks": [
                {
                    "hosts": {
                        "localhost": {
                            "_ansible_no_log": null,
                            "action": "os_keystone_service",
                            "changed": true,
                            "id": "840ebf2258cb4b519833ef71bd9e14d7",
                            "invocation": {
                                "module_args": {
                                    "api_timeout": null,
                                    "auth": {
                                        "auth_url": "http://169.16.1.161:5000",
                                        "password": "I5o2EAAoXCn04ynWjKpzAl747M0hqkZnPhfACGYt",
                                        "system_scope": "all",
                                        "user_domain_name": "Default",
                                        "username": "admin"
                                    },
                                    "auth_type": null,
                                    "availability_zone": null,
                                    "ca_cert": "",
                                    "cacert": "",
                                    "client_cert": null,
                                    "client_key": null,
                                    "description": "Openstack Identity Service",
                                    "enabled": true,
                                    "interface": "internal",
                                    "name": "keystone",
                                    "region_name": "RegionOne",
                                    "sdk_log_level": "INFO",
                                    "sdk_log_path": null,
                                    "service_type": "identity",
                                    "state": "present",
                                    "timeout": 180,
                                    "type": "identity",
                                    "validate_certs": null,
                                    "wait": true
                                }
                            },
                            "service": {
                                "description": "Openstack Identity Service",
                                "enabled": true,
                                "id": "840ebf2258cb4b519833ef71bd9e14d7",
                                "name": "keystone",
                                "service_type": "identity",
                                "type": "identity"
                            }
                        }
                    },
                    "task": {
                        "duration": {
                            "end": "2023-02-16T02:05:53.992422Z",
                            "start": "2023-02-16T02:05:30.838631Z"
                        },
                        "id": "fa163eb4-7b64-4ad3-9bd7-000000000009",
                        "name": "os_keystone_service"
                    }
                }
            ]
        }
    ],
    "stats": {
        "localhost": {
            "changed": 1,
            "failures": 0,
            "ignored": 0,
            "ok": 1,
            "rescued": 0,
            "skipped": 0,
            "unreachable": 0
        }
    }
}
2023-02-15 21:06:01,259 p=98 u=ansible n=ansible | {
    "custom_stats": {},
    "global_custom_stats": {},
    "plays": [
        {
            "play": {
                "duration": {
                    "end": "2023-02-16T02:06:01.230948Z",
                    "start": "2023-02-16T02:05:57.216503Z"
                },
                "id": "fa163eb4-7b64-ed8d-62c0-000000000007",
                "name": "Ansible Ad-Hoc"
            },
            "tasks": [
                {
                    "hosts": {
                        "localhost": {
                            "_ansible_no_log": null,
                            "action": "os_keystone_endpoint",
                            "changed": false,
                            "endpoint": {
                                "enabled": true,
                                "id": "14bc3a7031b1442d87bb1aa652af43b1",
                                "interface": "internal",
                                "links": {
                                    "self": "http://169.16.1.161:5000/v3/endpoints/14bc3a7031b1442d87bb1aa652af43b1"
                                },
                                "region": "RegionOne",
                                "region_id": "RegionOne",
                                "service_id": "840ebf2258cb4b519833ef71bd9e14d7",
                                "url": "http://169.16.1.161:5000"
                            },
                            "invocation": {
                                "module_args": {
                                    "api_timeout": null,
                                    "auth": {
                                        "auth_url": "http://169.16.1.161:5000",
                                        "password": "I5o2EAAoXCn04ynWjKpzAl747M0hqkZnPhfACGYt",
                                        "system_scope": "all",
                                        "user_domain_name": "Default",
                                        "username": "admin"
                                    },
                                    "auth_type": null,
                                    "availability_zone": null,
                                    "ca_cert": "",
                                    "cacert": "",
                                    "client_cert": null,
                                    "client_key": null,
                                    "enabled": true,
                                    "endpoint_interface": "internal",
                                    "interface": "internal",
                                    "region": "RegionOne",
                                    "region_name": "RegionOne",
                                    "sdk_log_level": "INFO",
                                    "sdk_log_path": null,
                                    "service": "keystone",
                                    "state": "present",
                                    "timeout": 180,
                                    "url": "http://169.16.1.161:5000",
                                    "validate_certs": null,
                                    "wait": true
                                }
                            }
                        }
                    },
                    "task": {
                        "duration": {
                            "end": "2023-02-16T02:06:01.230948Z",
                            "start": "2023-02-16T02:05:57.328958Z"
                        },
                        "id": "fa163eb4-7b64-ed8d-62c0-000000000009",
                        "name": "os_keystone_endpoint"
                    }
                }
            ]
        }
    ],
    "stats": {
        "localhost": {
            "changed": 0,
            "failures": 0,
            "ignored": 0,
            "ok": 1,
            "rescued": 0,
            "skipped": 0,
            "unreachable": 0
        }
    }
}
2023-02-15 21:06:08,130 p=122 u=ansible n=ansible | {
    "custom_stats": {},
    "global_custom_stats": {},
    "plays": [
        {
            "play": {
                "duration": {
                    "end": "2023-02-16T02:06:08.100969Z",
                    "start": "2023-02-16T02:06:03.716544Z"
                },
                "id": "fa163eb4-7b64-0cfb-9a95-000000000007",
                "name": "Ansible Ad-Hoc"
            },
            "tasks": [
                {
                    "hosts": {
                        "localhost": {
                            "_ansible_no_log": null,
                            "action": "os_keystone_endpoint",
                            "changed": false,
                            "endpoint": {
                                "enabled": true,
                                "id": "370e3244c9184096b5317e496eaa4177",
                                "interface": "public",
                                "links": {
                                    "self": "http://169.16.1.161:5000/v3/endpoints/370e3244c9184096b5317e496eaa4177"
                                },
                                "region": "RegionOne",
                                "region_id": "RegionOne",
                                "service_id": "840ebf2258cb4b519833ef71bd9e14d7",
                                "url": "http://169.16.1.161:5000"
                            },
                            "invocation": {
                                "module_args": {
                                    "api_timeout": null,
                                    "auth": {
                                        "auth_url": "http://169.16.1.161:5000",
                                        "password": "I5o2EAAoXCn04ynWjKpzAl747M0hqkZnPhfACGYt",
                                        "system_scope": "all",
                                        "user_domain_name": "Default",
                                        "username": "admin"
                                    },
                                    "auth_type": null,
                                    "availability_zone": null,
                                    "ca_cert": "",
                                    "cacert": "",
                                    "client_cert": null,
                                    "client_key": null,
                                    "enabled": true,
                                    "endpoint_interface": "public",
                                    "interface": "internal",
                                    "region": "RegionOne",
                                    "region_name": "RegionOne",
                                    "sdk_log_level": "INFO",
                                    "sdk_log_path": null,
                                    "service": "keystone",
                                    "state": "present",
                                    "timeout": 180,
                                    "url": "http://169.16.1.161:5000",
                                    "validate_certs": null,
                                    "wait": true
                                }
                            }
                        }
                    },
                    "task": {
                        "duration": {
                            "end": "2023-02-16T02:06:08.100969Z",
                            "start": "2023-02-16T02:06:03.828397Z"
                        },
                        "id": "fa163eb4-7b64-0cfb-9a95-000000000009",
                        "name": "os_keystone_endpoint"
                    }
                }
            ]
        }
    ],
    "stats": {
        "localhost": {
            "changed": 0,
            "failures": 0,
            "ignored": 0,
            "ok": 1,
            "rescued": 0,
            "skipped": 0,
            "unreachable": 0
        }
    }
}
2023-02-15 21:06:15,571 p=146 u=ansible n=ansible | {
    "custom_stats": {},
    "global_custom_stats": {},
    "plays": [
        {
            "play": {
                "duration": {
                    "end": "2023-02-16T02:06:15.546075Z",
                    "start": "2023-02-16T02:06:11.609933Z"
                },
                "id": "fa163eb4-7b64-a1ed-5261-000000000007",
                "name": "Ansible Ad-Hoc"
            },
            "tasks": [
                {
                    "hosts": {
                        "localhost": {
                            "_ansible_no_log": null,
                            "action": "os_keystone_role",
                            "changed": true,
                            "invocation": {
                                "module_args": {
                                    "api_timeout": null,
                                    "auth": {
                                        "auth_url": "http://169.16.1.161:5000",
                                        "password": "I5o2EAAoXCn04ynWjKpzAl747M0hqkZnPhfACGYt",
                                        "system_scope": "all",
                                        "user_domain_name": "Default",
                                        "username": "admin"
                                    },
                                    "auth_type": null,
                                    "availability_zone": null,
                                    "ca_cert": "",
                                    "cacert": "",
                                    "client_cert": null,
                                    "client_key": null,
                                    "endpoint_type": "internal",
                                    "interface": "internal",
                                    "name": "_member_",
                                    "region_name": "RegionOne",
                                    "sdk_log_level": "INFO",
                                    "sdk_log_path": null,
                                    "state": "present",
                                    "timeout": 180,
                                    "validate_certs": null,
                                    "wait": true
                                }
                            },
                            "role": {
                                "domain_id": null,
                                "id": "76f0fc902911448fbd23efe3ada9058c",
                                "location": {
                                    "cloud": "defaults",
                                    "project": {
                                        "domain_id": null,
                                        "domain_name": null,
                                        "id": null,
                                        "name": null
                                    },
                                    "region_name": null,
                                    "zone": null
                                },
                                "name": "_member_",
                                "properties": {}
                            }
                        }
                    },
                    "task": {
                        "duration": {
                            "end": "2023-02-16T02:06:15.546075Z",
                            "start": "2023-02-16T02:06:11.718314Z"
                        },
                        "id": "fa163eb4-7b64-a1ed-5261-000000000009",
                        "name": "os_keystone_role"
                    }
                }
            ]
        }
    ],
    "stats": {
        "localhost": {
            "changed": 1,
            "failures": 0,
            "ignored": 0,
            "ok": 1,
            "rescued": 0,
            "skipped": 0,
            "unreachable": 0
        }
    }
}
2023-02-15 21:06:23,976 p=170 u=ansible n=ansible | {
    "custom_stats": {},
    "global_custom_stats": {},
    "plays": [
        {
            "play": {
                "duration": {
                    "end": "2023-02-16T02:06:23.952808Z",
                    "start": "2023-02-16T02:06:19.775465Z"
                },
                "id": "fa163eb4-7b64-852a-2f30-000000000007",
                "name": "Ansible Ad-Hoc"
            },
            "tasks": [
                {
                    "hosts": {
                        "localhost": {
                            "_ansible_no_log": null,
                            "action": "os_keystone_service",
                            "changed": true,
                            "id": "47f77af4ce904a6380650953285a0020",
                            "invocation": {
                                "module_args": {
                                    "api_timeout": null,
                                    "auth": {
                                        "auth_url": "http://169.16.1.161:5000",
                                        "password": "I5o2EAAoXCn04ynWjKpzAl747M0hqkZnPhfACGYt",
                                        "system_scope": "all",
                                        "user_domain_name": "Default",
                                        "username": "admin"
                                    },
                                    "auth_type": null,
                                    "availability_zone": null,
                                    "ca_cert": "",
                                    "cacert": "",
                                    "client_cert": null,
                                    "client_key": null,
                                    "description": "Ironic baremetal provisioning service",
                                    "enabled": true,
                                    "interface": "internal",
                                    "name": "ironic",
                                    "region_name": "RegionOne",
                                    "sdk_log_level": "INFO",
                                    "sdk_log_path": null,
                                    "service_type": "baremetal",
                                    "state": "present",
                                    "timeout": 180,
                                    "type": "baremetal",
                                    "validate_certs": null,
                                    "wait": true
                                }
                            },
                            "service": {
                                "description": "Ironic baremetal provisioning service",
                                "enabled": true,
                                "id": "47f77af4ce904a6380650953285a0020",
                                "name": "ironic",
                                "service_type": "baremetal",
                                "type": "baremetal"
                            }
                        }
                    },
                    "task": {
                        "duration": {
                            "end": "2023-02-16T02:06:23.952808Z",
                            "start": "2023-02-16T02:06:19.884533Z"
                        },
                        "id": "fa163eb4-7b64-852a-2f30-000000000009",
                        "name": "os_keystone_service"
                    }
                }
            ]
        }
    ],
    "stats": {
        "localhost": {
            "changed": 1,
            "failures": 0,
            "ignored": 0,
            "ok": 1,
            "rescued": 0,
            "skipped": 0,
            "unreachable": 0
        }
    }
}
2023-02-15 21:06:31,207 p=194 u=ansible n=ansible | {
    "custom_stats": {},
    "global_custom_stats": {},
    "plays": [
        {
            "play": {
                "duration": {
                    "end": "2023-02-16T02:06:31.187031Z",
                    "start": "2023-02-16T02:06:26.668369Z"
                },
                "id": "fa163eb4-7b64-1bc8-12d4-000000000007",
                "name": "Ansible Ad-Hoc"
            },
            "tasks": [
                {
                    "hosts": {
                        "localhost": {
                            "_ansible_no_log": null,
                            "action": "os_keystone_service",
                            "changed": true,
                            "id": "c3b438a714934965bdc60b0c81538d8e",
                            "invocation": {
                                "module_args": {
                                    "api_timeout": null,
                                    "auth": {
                                        "auth_url": "http://169.16.1.161:5000",
                                        "password": "I5o2EAAoXCn04ynWjKpzAl747M0hqkZnPhfACGYt",
                                        "system_scope": "all",
                                        "user_domain_name": "Default",
                                        "username": "admin"
                                    },
                                    "auth_type": null,
                                    "availability_zone": null,
                                    "ca_cert": "",
                                    "cacert": "",
                                    "client_cert": null,
                                    "client_key": null,
                                    "description": "Ironic Inspector baremetal introspection service",
                                    "enabled": true,
                                    "interface": "internal",
                                    "name": "ironic-inspector",
                                    "region_name": "RegionOne",
                                    "sdk_log_level": "INFO",
                                    "sdk_log_path": null,
                                    "service_type": "baremetal-introspection",
                                    "state": "present",
                                    "timeout": 180,
                                    "type": "baremetal-introspection",
                                    "validate_certs": null,
                                    "wait": true
                                }
                            },
                            "service": {
                                "description": "Ironic Inspector baremetal introspection service",
                                "enabled": true,
                                "id": "c3b438a714934965bdc60b0c81538d8e",
                                "name": "ironic-inspector",
                                "service_type": "baremetal-introspection",
                                "type": "baremetal-introspection"
                            }
                        }
                    },
                    "task": {
                        "duration": {
                            "end": "2023-02-16T02:06:31.187031Z",
                            "start": "2023-02-16T02:06:26.787534Z"
                        },
                        "id": "fa163eb4-7b64-1bc8-12d4-000000000009",
                        "name": "os_keystone_service"
                    }
                }
            ]
        }
    ],
    "stats": {
        "localhost": {
            "changed": 1,
            "failures": 0,
            "ignored": 0,
            "ok": 1,
            "rescued": 0,
            "skipped": 0,
            "unreachable": 0
        }
    }
}
2023-02-15 21:06:39,330 p=219 u=ansible n=ansible | {
    "custom_stats": {},
    "global_custom_stats": {},
    "plays": [
        {
            "play": {
                "duration": {
                    "end": "2023-02-16T02:06:39.308969Z",
                    "start": "2023-02-16T02:06:34.138189Z"
                },
                "id": "fa163eb4-7b64-2adf-1179-000000000007",
                "name": "Ansible Ad-Hoc"
            },
            "tasks": [
                {
                    "hosts": {
                        "localhost": {
                            "_ansible_no_log": null,
                            "action": "os_keystone_endpoint",
                            "changed": true,
                            "endpoint": {
                                "enabled": true,
                                "id": "c874496589f14ba6a3e57a41f350d6cf",
                                "interface": "internal",
                                "links": {
                                    "self": "http://169.16.1.161:5000/v3/endpoints/c874496589f14ba6a3e57a41f350d6cf"
                                },
                                "region": "RegionOne",
                                "region_id": "RegionOne",
                                "service_id": "47f77af4ce904a6380650953285a0020",
                                "url": "http://169.16.1.161:6385"
                            },
                            "invocation": {
                                "module_args": {
                                    "api_timeout": null,
                                    "auth": {
                                        "auth_url": "http://169.16.1.161:5000",
                                        "password": "I5o2EAAoXCn04ynWjKpzAl747M0hqkZnPhfACGYt",
                                        "system_scope": "all",
                                        "user_domain_name": "Default",
                                        "username": "admin"
                                    },
                                    "auth_type": null,
                                    "availability_zone": null,
                                    "ca_cert": "",
                                    "cacert": "",
                                    "client_cert": null,
                                    "client_key": null,
                                    "enabled": true,
                                    "endpoint_interface": "internal",
                                    "interface": "internal",
                                    "region": "RegionOne",
                                    "region_name": "RegionOne",
                                    "sdk_log_level": "INFO",
                                    "sdk_log_path": null,
                                    "service": "ironic",
                                    "state": "present",
                                    "timeout": 180,
                                    "url": "http://169.16.1.161:6385",
                                    "validate_certs": null,
                                    "wait": true
                                }
                            }
                        }
                    },
                    "task": {
                        "duration": {
                            "end": "2023-02-16T02:06:39.308969Z",
                            "start": "2023-02-16T02:06:34.247534Z"
                        },
                        "id": "fa163eb4-7b64-2adf-1179-000000000009",
                        "name": "os_keystone_endpoint"
                    }
                }
            ]
        }
    ],
    "stats": {
        "localhost": {
            "changed": 1,
            "failures": 0,
            "ignored": 0,
            "ok": 1,
            "rescued": 0,
            "skipped": 0,
            "unreachable": 0
        }
    }
}
2023-02-15 21:06:46,980 p=243 u=ansible n=ansible | {
    "custom_stats": {},
    "global_custom_stats": {},
    "plays": [
        {
            "play": {
                "duration": {
                    "end": "2023-02-16T02:06:46.960992Z",
                    "start": "2023-02-16T02:06:41.974322Z"
                },
                "id": "fa163eb4-7b64-133a-f9f3-000000000007",
                "name": "Ansible Ad-Hoc"
            },
            "tasks": [
                {
                    "hosts": {
                        "localhost": {
                            "_ansible_no_log": null,
                            "action": "os_keystone_endpoint",
                            "changed": true,
                            "endpoint": {
                                "enabled": true,
                                "id": "2665879df37d4dba8196e8ad35958ac0",
                                "interface": "public",
                                "links": {
                                    "self": "http://169.16.1.161:5000/v3/endpoints/2665879df37d4dba8196e8ad35958ac0"
                                },
                                "region": "RegionOne",
                                "region_id": "RegionOne",
                                "service_id": "47f77af4ce904a6380650953285a0020",
                                "url": "http://169.16.1.161:6385"
                            },
                            "invocation": {
                                "module_args": {
                                    "api_timeout": null,
                                    "auth": {
                                        "auth_url": "http://169.16.1.161:5000",
                                        "password": "I5o2EAAoXCn04ynWjKpzAl747M0hqkZnPhfACGYt",
                                        "system_scope": "all",
                                        "user_domain_name": "Default",
                                        "username": "admin"
                                    },
                                    "auth_type": null,
                                    "availability_zone": null,
                                    "ca_cert": "",
                                    "cacert": "",
                                    "client_cert": null,
                                    "client_key": null,
                                    "enabled": true,
                                    "endpoint_interface": "public",
                                    "interface": "internal",
                                    "region": "RegionOne",
                                    "region_name": "RegionOne",
                                    "sdk_log_level": "INFO",
                                    "sdk_log_path": null,
                                    "service": "ironic",
                                    "state": "present",
                                    "timeout": 180,
                                    "url": "http://169.16.1.161:6385",
                                    "validate_certs": null,
                                    "wait": true
                                }
                            }
                        }
                    },
                    "task": {
                        "duration": {
                            "end": "2023-02-16T02:06:46.960992Z",
                            "start": "2023-02-16T02:06:42.088471Z"
                        },
                        "id": "fa163eb4-7b64-133a-f9f3-000000000009",
                        "name": "os_keystone_endpoint"
                    }
                }
            ]
        }
    ],
    "stats": {
        "localhost": {
            "changed": 1,
            "failures": 0,
            "ignored": 0,
            "ok": 1,
            "rescued": 0,
            "skipped": 0,
            "unreachable": 0
        }
    }
}
2023-02-15 21:06:54,767 p=268 u=ansible n=ansible | {
    "custom_stats": {},
    "global_custom_stats": {},
    "plays": [
        {
            "play": {
                "duration": {
                    "end": "2023-02-16T02:06:54.743742Z",
                    "start": "2023-02-16T02:06:49.826941Z"
                },
                "id": "fa163eb4-7b64-4c53-4f8f-000000000007",
                "name": "Ansible Ad-Hoc"
            },
            "tasks": [
                {
                    "hosts": {
                        "localhost": {
                            "_ansible_no_log": null,
                            "action": "os_keystone_endpoint",
                            "changed": true,
                            "endpoint": {
                                "enabled": true,
                                "id": "22e7142e9ad7467fbb7ba5e06edb7e26",
                                "interface": "internal",
                                "links": {
                                    "self": "http://169.16.1.161:5000/v3/endpoints/22e7142e9ad7467fbb7ba5e06edb7e26"
                                },
                                "region": "RegionOne",
                                "region_id": "RegionOne",
                                "service_id": "c3b438a714934965bdc60b0c81538d8e",
                                "url": "http://169.16.1.161:5050"
                            },
                            "invocation": {
                                "module_args": {
                                    "api_timeout": null,
                                    "auth": {
                                        "auth_url": "http://169.16.1.161:5000",
                                        "password": "I5o2EAAoXCn04ynWjKpzAl747M0hqkZnPhfACGYt",
                                        "system_scope": "all",
                                        "user_domain_name": "Default",
                                        "username": "admin"
                                    },
                                    "auth_type": null,
                                    "availability_zone": null,
                                    "ca_cert": "",
                                    "cacert": "",
                                    "client_cert": null,
                                    "client_key": null,
                                    "enabled": true,
                                    "endpoint_interface": "internal",
                                    "interface": "internal",
                                    "region": "RegionOne",
                                    "region_name": "RegionOne",
                                    "sdk_log_level": "INFO",
                                    "sdk_log_path": null,
                                    "service": "ironic-inspector",
                                    "state": "present",
                                    "timeout": 180,
                                    "url": "http://169.16.1.161:5050",
                                    "validate_certs": null,
                                    "wait": true
                                }
                            }
                        }
                    },
                    "task": {
                        "duration": {
                            "end": "2023-02-16T02:06:54.743742Z",
                            "start": "2023-02-16T02:06:49.980867Z"
                        },
                        "id": "fa163eb4-7b64-4c53-4f8f-000000000009",
                        "name": "os_keystone_endpoint"
                    }
                }
            ]
        }
    ],
    "stats": {
        "localhost": {
            "changed": 1,
            "failures": 0,
            "ignored": 0,
            "ok": 1,
            "rescued": 0,
            "skipped": 0,
            "unreachable": 0
        }
    }
}
2023-02-15 21:07:01,910 p=293 u=ansible n=ansible | {
    "custom_stats": {},
    "global_custom_stats": {},
    "plays": [
        {
            "play": {
                "duration": {
                    "end": "2023-02-16T02:07:01.877497Z",
                    "start": "2023-02-16T02:06:57.254436Z"
                },
                "id": "fa163eb4-7b64-4422-e5df-000000000007",
                "name": "Ansible Ad-Hoc"
            },
            "tasks": [
                {
                    "hosts": {
                        "localhost": {
                            "_ansible_no_log": null,
                            "action": "os_keystone_endpoint",
                            "changed": true,
                            "endpoint": {
                                "enabled": true,
                                "id": "f2329ce316c340de9c3b00aae873bf34",
                                "interface": "public",
                                "links": {
                                    "self": "http://169.16.1.161:5000/v3/endpoints/f2329ce316c340de9c3b00aae873bf34"
                                },
                                "region": "RegionOne",
                                "region_id": "RegionOne",
                                "service_id": "c3b438a714934965bdc60b0c81538d8e",
                                "url": "http://169.16.1.161:5050"
                            },
                            "invocation": {
                                "module_args": {
                                    "api_timeout": null,
                                    "auth": {
                                        "auth_url": "http://169.16.1.161:5000",
                                        "password": "I5o2EAAoXCn04ynWjKpzAl747M0hqkZnPhfACGYt",
                                        "system_scope": "all",
                                        "user_domain_name": "Default",
                                        "username": "admin"
                                    },
                                    "auth_type": null,
                                    "availability_zone": null,
                                    "ca_cert": "",
                                    "cacert": "",
                                    "client_cert": null,
                                    "client_key": null,
                                    "enabled": true,
                                    "endpoint_interface": "public",
                                    "interface": "internal",
                                    "region": "RegionOne",
                                    "region_name": "RegionOne",
                                    "sdk_log_level": "INFO",
                                    "sdk_log_path": null,
                                    "service": "ironic-inspector",
                                    "state": "present",
                                    "timeout": 180,
                                    "url": "http://169.16.1.161:5050",
                                    "validate_certs": null,
                                    "wait": true
                                }
                            }
                        }
                    },
                    "task": {
                        "duration": {
                            "end": "2023-02-16T02:07:01.877497Z",
                            "start": "2023-02-16T02:06:57.363328Z"
                        },
                        "id": "fa163eb4-7b64-4422-e5df-000000000009",
                        "name": "os_keystone_endpoint"
                    }
                }
            ]
        }
    ],
    "stats": {
        "localhost": {
            "changed": 1,
            "failures": 0,
            "ignored": 0,
            "ok": 1,
            "rescued": 0,
            "skipped": 0,
            "unreachable": 0
        }
    }
}
2023-02-15 21:07:10,284 p=318 u=ansible n=ansible | {
    "custom_stats": {},
    "global_custom_stats": {},
    "plays": [
        {
            "play": {
                "duration": {
                    "end": "2023-02-16T02:07:10.258957Z",
                    "start": "2023-02-16T02:07:04.731272Z"
                },
                "id": "fa163eb4-7b64-be8c-0753-000000000007",
                "name": "Ansible Ad-Hoc"
            },
            "tasks": [
                {
                    "hosts": {
                        "localhost": {
                            "_ansible_no_log": null,
                            "action": "os_project",
                            "changed": true,
                            "invocation": {
                                "module_args": {
                                    "api_timeout": null,
                                    "auth": {
                                        "auth_url": "http://169.16.1.161:5000",
                                        "password": "I5o2EAAoXCn04ynWjKpzAl747M0hqkZnPhfACGYt",
                                        "system_scope": "all",
                                        "user_domain_name": "Default",
                                        "username": "admin"
                                    },
                                    "auth_type": null,
                                    "availability_zone": null,
                                    "ca_cert": "",
                                    "cacert": "",
                                    "client_cert": null,
                                    "client_key": null,
                                    "description": null,
                                    "domain": "default",
                                    "domain_id": "default",
                                    "enabled": true,
                                    "interface": "internal",
                                    "name": "service",
                                    "properties": null,
                                    "region_name": "RegionOne",
                                    "sdk_log_level": "INFO",
                                    "sdk_log_path": null,
                                    "state": "present",
                                    "timeout": 180,
                                    "validate_certs": null,
                                    "wait": true
                                }
                            },
                            "project": {
                                "description": null,
                                "domain_id": "default",
                                "enabled": true,
                                "extra": {},
                                "id": "ae16f04331234daeac7fa85200563a78",
                                "is_domain": false,
                                "is_enabled": true,
                                "location": {
                                    "cloud": "defaults",
                                    "project": {
                                        "domain_id": "default",
                                        "domain_name": null,
                                        "id": "default",
                                        "name": null
                                    },
                                    "region_name": null,
                                    "zone": null
                                },
                                "name": "service",
                                "options": {},
                                "parent_id": "default",
                                "properties": {
                                    "extra": {},
                                    "options": {},
                                    "tags": []
                                },
                                "tags": []
                            }
                        }
                    },
                    "task": {
                        "duration": {
                            "end": "2023-02-16T02:07:10.258957Z",
                            "start": "2023-02-16T02:07:04.838751Z"
                        },
                        "id": "fa163eb4-7b64-be8c-0753-000000000009",
                        "name": "os_project"
                    }
                }
            ]
        }
    ],
    "stats": {
        "localhost": {
            "changed": 1,
            "failures": 0,
            "ignored": 0,
            "ok": 1,
            "rescued": 0,
            "skipped": 0,
            "unreachable": 0
        }
    }
}
2023-02-15 21:07:19,195 p=342 u=ansible n=ansible | {
    "custom_stats": {},
    "global_custom_stats": {},
    "plays": [
        {
            "play": {
                "duration": {
                    "end": "2023-02-16T02:07:19.174882Z",
                    "start": "2023-02-16T02:07:13.203879Z"
                },
                "id": "fa163eb4-7b64-1f5b-f7ab-000000000007",
                "name": "Ansible Ad-Hoc"
            },
            "tasks": [
                {
                    "hosts": {
                        "localhost": {
                            "_ansible_no_log": null,
                            "action": "os_user",
                            "changed": true,
                            "invocation": {
                                "module_args": {
                                    "api_timeout": null,
                                    "auth": {
                                        "auth_url": "http://169.16.1.161:5000",
                                        "password": "I5o2EAAoXCn04ynWjKpzAl747M0hqkZnPhfACGYt",
                                        "system_scope": "all",
                                        "user_domain_name": "Default",
                                        "username": "admin"
                                    },
                                    "auth_type": null,
                                    "availability_zone": null,
                                    "ca_cert": "",
                                    "cacert": "",
                                    "client_cert": null,
                                    "client_key": null,
                                    "default_project": "service",
                                    "description": null,
                                    "domain": "default",
                                    "email": null,
                                    "enabled": true,
                                    "interface": "internal",
                                    "name": "ironic",
                                    "password": "VALUE_SPECIFIED_IN_NO_LOG_PARAMETER",
                                    "region_name": "RegionOne",
                                    "sdk_log_level": "INFO",
                                    "sdk_log_path": null,
                                    "state": "present",
                                    "timeout": 180,
                                    "update_password": "on_create",
                                    "validate_certs": null,
                                    "wait": true
                                }
                            },
                            "user": {
                                "default_project_id": "ae16f04331234daeac7fa85200563a78",
                                "description": null,
                                "domain_id": "default",
                                "email": null,
                                "enabled": true,
                                "id": "998f182f68de4bdd9688bd9ba286b430",
                                "name": "ironic",
                                "username": null
                            },
                            "warnings": [
                                "Module did not set no_log for update_password"
                            ]
                        }
                    },
                    "task": {
                        "duration": {
                            "end": "2023-02-16T02:07:19.174882Z",
                            "start": "2023-02-16T02:07:13.322780Z"
                        },
                        "id": "fa163eb4-7b64-1f5b-f7ab-000000000009",
                        "name": "os_user"
                    }
                }
            ]
        }
    ],
    "stats": {
        "localhost": {
            "changed": 1,
            "failures": 0,
            "ignored": 0,
            "ok": 1,
            "rescued": 0,
            "skipped": 0,
            "unreachable": 0
        }
    }
}
2023-02-15 21:07:28,375 p=365 u=ansible n=ansible | {
    "custom_stats": {},
    "global_custom_stats": {},
    "plays": [
        {
            "play": {
                "duration": {
                    "end": "2023-02-16T02:07:28.355276Z",
                    "start": "2023-02-16T02:07:22.011552Z"
                },
                "id": "fa163eb4-7b64-3b7a-110d-000000000007",
                "name": "Ansible Ad-Hoc"
            },
            "tasks": [
                {
                    "hosts": {
                        "localhost": {
                            "_ansible_no_log": null,
                            "action": "os_user",
                            "changed": true,
                            "invocation": {
                                "module_args": {
                                    "api_timeout": null,
                                    "auth": {
                                        "auth_url": "http://169.16.1.161:5000",
                                        "password": "I5o2EAAoXCn04ynWjKpzAl747M0hqkZnPhfACGYt",
                                        "system_scope": "all",
                                        "user_domain_name": "Default",
                                        "username": "admin"
                                    },
                                    "auth_type": null,
                                    "availability_zone": null,
                                    "ca_cert": "",
                                    "cacert": "",
                                    "client_cert": null,
                                    "client_key": null,
                                    "default_project": "service",
                                    "description": null,
                                    "domain": "default",
                                    "email": null,
                                    "enabled": true,
                                    "interface": "internal",
                                    "name": "ironic-inspector",
                                    "password": "VALUE_SPECIFIED_IN_NO_LOG_PARAMETER",
                                    "region_name": "RegionOne",
                                    "sdk_log_level": "INFO",
                                    "sdk_log_path": null,
                                    "state": "present",
                                    "timeout": 180,
                                    "update_password": "on_create",
                                    "validate_certs": null,
                                    "wait": true
                                }
                            },
                            "user": {
                                "default_project_id": "ae16f04331234daeac7fa85200563a78",
                                "description": null,
                                "domain_id": "default",
                                "email": null,
                                "enabled": true,
                                "id": "1febba573ecb4024ace5651be46570ad",
                                "name": "ironic-inspector",
                                "username": null
                            },
                            "warnings": [
                                "Module did not set no_log for update_password"
                            ]
                        }
                    },
                    "task": {
                        "duration": {
                            "end": "2023-02-16T02:07:28.355276Z",
                            "start": "2023-02-16T02:07:22.119442Z"
                        },
                        "id": "fa163eb4-7b64-3b7a-110d-000000000009",
                        "name": "os_user"
                    }
                }
            ]
        }
    ],
    "stats": {
        "localhost": {
            "changed": 1,
            "failures": 0,
            "ignored": 0,
            "ok": 1,
            "rescued": 0,
            "skipped": 0,
            "unreachable": 0
        }
    }
}
2023-02-15 21:07:34,568 p=390 u=ansible n=ansible | {
    "custom_stats": {},
    "global_custom_stats": {},
    "plays": [
        {
            "play": {
                "duration": {
                    "end": "2023-02-16T02:07:34.539734Z",
                    "start": "2023-02-16T02:07:31.172781Z"
                },
                "id": "fa163eb4-7b64-3cb3-f81a-000000000007",
                "name": "Ansible Ad-Hoc"
            },
            "tasks": [
                {
                    "hosts": {
                        "localhost": {
                            "_ansible_no_log": null,
                            "action": "os_keystone_role",
                            "changed": false,
                            "invocation": {
                                "module_args": {
                                    "api_timeout": null,
                                    "auth": {
                                        "auth_url": "http://169.16.1.161:5000",
                                        "password": "I5o2EAAoXCn04ynWjKpzAl747M0hqkZnPhfACGYt",
                                        "system_scope": "all",
                                        "user_domain_name": "Default",
                                        "username": "admin"
                                    },
                                    "auth_type": null,
                                    "availability_zone": null,
                                    "ca_cert": "",
                                    "cacert": "",
                                    "client_cert": null,
                                    "client_key": null,
                                    "interface": "internal",
                                    "name": "admin",
                                    "region_name": "RegionOne",
                                    "sdk_log_level": "INFO",
                                    "sdk_log_path": null,
                                    "state": "present",
                                    "timeout": 180,
                                    "validate_certs": null,
                                    "wait": true
                                }
                            },
                            "role": {
                                "domain_id": null,
                                "id": "336385f91afb43fda7f44f6c15b1d9a8",
                                "location": {
                                    "cloud": "defaults",
                                    "project": {
                                        "domain_id": null,
                                        "domain_name": null,
                                        "id": null,
                                        "name": null
                                    },
                                    "region_name": null,
                                    "zone": null
                                },
                                "name": "admin",
                                "properties": {}
                            }
                        }
                    },
                    "task": {
                        "duration": {
                            "end": "2023-02-16T02:07:34.539734Z",
                            "start": "2023-02-16T02:07:31.280431Z"
                        },
                        "id": "fa163eb4-7b64-3cb3-f81a-000000000009",
                        "name": "os_keystone_role"
                    }
                }
            ]
        }
    ],
    "stats": {
        "localhost": {
            "changed": 0,
            "failures": 0,
            "ignored": 0,
            "ok": 1,
            "rescued": 0,
            "skipped": 0,
            "unreachable": 0
        }
    }
}
2023-02-15 21:07:46,102 p=414 u=ansible n=ansible | {
    "custom_stats": {},
    "global_custom_stats": {},
    "plays": [
        {
            "play": {
                "duration": {
                    "end": "2023-02-16T02:07:46.074893Z",
                    "start": "2023-02-16T02:07:37.356238Z"
                },
                "id": "fa163eb4-7b64-9cee-86f8-000000000007",
                "name": "Ansible Ad-Hoc"
            },
            "tasks": [
                {
                    "hosts": {
                        "localhost": {
                            "_ansible_no_log": null,
                            "action": "os_user_role",
                            "changed": true,
                            "invocation": {
                                "module_args": {
                                    "api_timeout": null,
                                    "auth": {
                                        "auth_url": "http://169.16.1.161:5000",
                                        "password": "I5o2EAAoXCn04ynWjKpzAl747M0hqkZnPhfACGYt",
                                        "system_scope": "all",
                                        "user_domain_name": "Default",
                                        "username": "admin"
                                    },
                                    "auth_type": null,
                                    "availability_zone": null,
                                    "ca_cert": "",
                                    "cacert": "",
                                    "client_cert": null,
                                    "client_key": null,
                                    "domain": "default",
                                    "group": null,
                                    "interface": "internal",
                                    "project": "service",
                                    "region_name": "RegionOne",
                                    "role": "admin",
                                    "sdk_log_level": "INFO",
                                    "sdk_log_path": null,
                                    "state": "present",
                                    "timeout": 180,
                                    "user": "ironic",
                                    "validate_certs": null,
                                    "wait": true
                                }
                            }
                        }
                    },
                    "task": {
                        "duration": {
                            "end": "2023-02-16T02:07:46.074893Z",
                            "start": "2023-02-16T02:07:37.468980Z"
                        },
                        "id": "fa163eb4-7b64-9cee-86f8-000000000009",
                        "name": "os_user_role"
                    }
                }
            ]
        }
    ],
    "stats": {
        "localhost": {
            "changed": 1,
            "failures": 0,
            "ignored": 0,
            "ok": 1,
            "rescued": 0,
            "skipped": 0,
            "unreachable": 0
        }
    }
}
2023-02-15 21:07:57,354 p=438 u=ansible n=ansible | {
    "custom_stats": {},
    "global_custom_stats": {},
    "plays": [
        {
            "play": {
                "duration": {
                    "end": "2023-02-16T02:07:57.334318Z",
                    "start": "2023-02-16T02:07:48.827877Z"
                },
                "id": "fa163eb4-7b64-69ef-7513-000000000007",
                "name": "Ansible Ad-Hoc"
            },
            "tasks": [
                {
                    "hosts": {
                        "localhost": {
                            "_ansible_no_log": null,
                            "action": "os_user_role",
                            "changed": true,
                            "invocation": {
                                "module_args": {
                                    "api_timeout": null,
                                    "auth": {
                                        "auth_url": "http://169.16.1.161:5000",
                                        "password": "I5o2EAAoXCn04ynWjKpzAl747M0hqkZnPhfACGYt",
                                        "system_scope": "all",
                                        "user_domain_name": "Default",
                                        "username": "admin"
                                    },
                                    "auth_type": null,
                                    "availability_zone": null,
                                    "ca_cert": "",
                                    "cacert": "",
                                    "client_cert": null,
                                    "client_key": null,
                                    "domain": "default",
                                    "group": null,
                                    "interface": "internal",
                                    "project": "service",
                                    "region_name": "RegionOne",
                                    "role": "admin",
                                    "sdk_log_level": "INFO",
                                    "sdk_log_path": null,
                                    "state": "present",
                                    "timeout": 180,
                                    "user": "ironic-inspector",
                                    "validate_certs": null,
                                    "wait": true
                                }
                            }
                        }
                    },
                    "task": {
                        "duration": {
                            "end": "2023-02-16T02:07:57.334318Z",
                            "start": "2023-02-16T02:07:48.958743Z"
                        },
                        "id": "fa163eb4-7b64-69ef-7513-000000000009",
                        "name": "os_user_role"
                    }
                }
            ]
        }
    ],
    "stats": {
        "localhost": {
            "changed": 1,
            "failures": 0,
            "ignored": 0,
            "ok": 1,
            "rescued": 0,
            "skipped": 0,
            "unreachable": 0
        }
    }
}
2023-02-15 21:09:07,809 p=462 u=ansible n=ansible | {
    "custom_stats": {},
    "global_custom_stats": {},
    "plays": [
        {
            "play": {
                "duration": {
                    "end": "2023-02-16T02:09:07.783386Z",
                    "start": "2023-02-16T02:09:06.523915Z"
                },
                "id": "fa163eb4-7b64-39e9-e2a3-000000000007",
                "name": "Ansible Ad-Hoc"
            },
            "tasks": [
                {
                    "hosts": {
                        "localhost": {
                            "_ansible_no_log": null,
                            "action": "mysql_db",
                            "changed": true,
                            "db": "ironic",
                            "db_list": [
                                "ironic"
                            ],
                            "executed_commands": [
                                "CREATE DATABASE `ironic`"
                            ],
                            "invocation": {
                                "module_args": {
                                    "ca_cert": null,
                                    "check_hostname": null,
                                    "check_implicit_admin": false,
                                    "client_cert": null,
                                    "client_key": null,
                                    "collation": "",
                                    "config_file": "/var/lib/ansible/.my.cnf",
                                    "config_overrides_defaults": false,
                                    "connect_timeout": 30,
                                    "dump_extra_args": null,
                                    "encoding": "",
                                    "force": false,
                                    "hex_blob": false,
                                    "ignore_tables": [],
                                    "login_host": "169.16.1.161",
                                    "login_password": "VALUE_SPECIFIED_IN_NO_LOG_PARAMETER",
                                    "login_port": 3306,
                                    "login_unix_socket": null,
                                    "login_user": "root",
                                    "master_data": 0,
                                    "name": [
                                        "ironic"
                                    ],
                                    "quick": true,
                                    "restrict_config_file": false,
                                    "single_transaction": false,
                                    "skip_lock_tables": false,
                                    "state": "present",
                                    "target": null,
                                    "unsafe_login_password": false,
                                    "use_shell": false
                                }
                            }
                        }
                    },
                    "task": {
                        "duration": {
                            "end": "2023-02-16T02:09:07.783386Z",
                            "start": "2023-02-16T02:09:06.678889Z"
                        },
                        "id": "fa163eb4-7b64-39e9-e2a3-000000000009",
                        "name": "mysql_db"
                    }
                }
            ]
        }
    ],
    "stats": {
        "localhost": {
            "changed": 1,
            "failures": 0,
            "ignored": 0,
            "ok": 1,
            "rescued": 0,
            "skipped": 0,
            "unreachable": 0
        }
    }
}
2023-02-15 21:09:12,517 p=486 u=ansible n=ansible | {
    "custom_stats": {},
    "global_custom_stats": {},
    "plays": [
        {
            "play": {
                "duration": {
                    "end": "2023-02-16T02:09:12.489345Z",
                    "start": "2023-02-16T02:09:11.269794Z"
                },
                "id": "fa163eb4-7b64-79fe-3f9b-000000000007",
                "name": "Ansible Ad-Hoc"
            },
            "tasks": [
                {
                    "hosts": {
                        "localhost": {
                            "_ansible_no_log": null,
                            "action": "mysql_db",
                            "changed": true,
                            "db": "ironic_inspector",
                            "db_list": [
                                "ironic_inspector"
                            ],
                            "executed_commands": [
                                "CREATE DATABASE `ironic_inspector`"
                            ],
                            "invocation": {
                                "module_args": {
                                    "ca_cert": null,
                                    "check_hostname": null,
                                    "check_implicit_admin": false,
                                    "client_cert": null,
                                    "client_key": null,
                                    "collation": "",
                                    "config_file": "/var/lib/ansible/.my.cnf",
                                    "config_overrides_defaults": false,
                                    "connect_timeout": 30,
                                    "dump_extra_args": null,
                                    "encoding": "",
                                    "force": false,
                                    "hex_blob": false,
                                    "ignore_tables": [],
                                    "login_host": "169.16.1.161",
                                    "login_password": "VALUE_SPECIFIED_IN_NO_LOG_PARAMETER",
                                    "login_port": 3306,
                                    "login_unix_socket": null,
                                    "login_user": "root",
                                    "master_data": 0,
                                    "name": [
                                        "ironic_inspector"
                                    ],
                                    "quick": true,
                                    "restrict_config_file": false,
                                    "single_transaction": false,
                                    "skip_lock_tables": false,
                                    "state": "present",
                                    "target": null,
                                    "unsafe_login_password": false,
                                    "use_shell": false
                                }
                            }
                        }
                    },
                    "task": {
                        "duration": {
                            "end": "2023-02-16T02:09:12.489345Z",
                            "start": "2023-02-16T02:09:11.384208Z"
                        },
                        "id": "fa163eb4-7b64-79fe-3f9b-000000000009",
                        "name": "mysql_db"
                    }
                }
            ]
        }
    ],
    "stats": {
        "localhost": {
            "changed": 1,
            "failures": 0,
            "ignored": 0,
            "ok": 1,
            "rescued": 0,
            "skipped": 0,
            "unreachable": 0
        }
    }
}
2023-02-15 21:09:16,813 p=511 u=ansible n=ansible | {
    "custom_stats": {},
    "global_custom_stats": {},
    "plays": [
        {
            "play": {
                "duration": {
                    "end": "2023-02-16T02:09:16.792648Z",
                    "start": "2023-02-16T02:09:15.475004Z"
                },
                "id": "fa163eb4-7b64-247f-1670-000000000007",
                "name": "Ansible Ad-Hoc"
            },
            "tasks": [
                {
                    "hosts": {
                        "localhost": {
                            "_ansible_no_log": null,
                            "action": "mysql_user",
                            "changed": true,
                            "invocation": {
                                "module_args": {
                                    "append_privs": true,
                                    "ca_cert": null,
                                    "check_hostname": null,
                                    "check_implicit_admin": false,
                                    "client_cert": null,
                                    "client_key": null,
                                    "config_file": "/var/lib/ansible/.my.cnf",
                                    "connect_timeout": 30,
                                    "encrypted": false,
                                    "host": "%",
                                    "host_all": false,
                                    "login_host": "169.16.1.161",
                                    "login_password": "VALUE_SPECIFIED_IN_NO_LOG_PARAMETER",
                                    "login_port": 3306,
                                    "login_unix_socket": null,
                                    "login_user": "root",
                                    "name": "ironic",
                                    "password": "VALUE_SPECIFIED_IN_NO_LOG_PARAMETER",
                                    "plugin": null,
                                    "plugin_auth_string": null,
                                    "plugin_hash_string": null,
                                    "priv": "ironic.*:ALL",
                                    "resource_limits": null,
                                    "sql_log_bin": true,
                                    "state": "present",
                                    "tls_requires": null,
                                    "update_password": "always",
                                    "user": "ironic"
                                }
                            },
                            "msg": "User added",
                            "user": "ironic"
                        }
                    },
                    "task": {
                        "duration": {
                            "end": "2023-02-16T02:09:16.792648Z",
                            "start": "2023-02-16T02:09:15.582952Z"
                        },
                        "id": "fa163eb4-7b64-247f-1670-000000000009",
                        "name": "mysql_user"
                    }
                }
            ]
        }
    ],
    "stats": {
        "localhost": {
            "changed": 1,
            "failures": 0,
            "ignored": 0,
            "ok": 1,
            "rescued": 0,
            "skipped": 0,
            "unreachable": 0
        }
    }
}
2023-02-15 21:09:20,752 p=535 u=ansible n=ansible | {
    "custom_stats": {},
    "global_custom_stats": {},
    "plays": [
        {
            "play": {
                "duration": {
                    "end": "2023-02-16T02:09:20.724561Z",
                    "start": "2023-02-16T02:09:19.404495Z"
                },
                "id": "fa163eb4-7b64-74a7-d591-000000000007",
                "name": "Ansible Ad-Hoc"
            },
            "tasks": [
                {
                    "hosts": {
                        "localhost": {
                            "_ansible_no_log": null,
                            "action": "mysql_user",
                            "changed": true,
                            "invocation": {
                                "module_args": {
                                    "append_privs": true,
                                    "ca_cert": null,
                                    "check_hostname": null,
                                    "check_implicit_admin": false,
                                    "client_cert": null,
                                    "client_key": null,
                                    "config_file": "/var/lib/ansible/.my.cnf",
                                    "connect_timeout": 30,
                                    "encrypted": false,
                                    "host": "%",
                                    "host_all": false,
                                    "login_host": "169.16.1.161",
                                    "login_password": "VALUE_SPECIFIED_IN_NO_LOG_PARAMETER",
                                    "login_port": 3306,
                                    "login_unix_socket": null,
                                    "login_user": "root",
                                    "name": "ironic_inspector",
                                    "password": "VALUE_SPECIFIED_IN_NO_LOG_PARAMETER",
                                    "plugin": null,
                                    "plugin_auth_string": null,
                                    "plugin_hash_string": null,
                                    "priv": "ironic_inspector.*:ALL",
                                    "resource_limits": null,
                                    "sql_log_bin": true,
                                    "state": "present",
                                    "tls_requires": null,
                                    "update_password": "always",
                                    "user": "ironic_inspector"
                                }
                            },
                            "msg": "User added",
                            "user": "ironic_inspector"
                        }
                    },
                    "task": {
                        "duration": {
                            "end": "2023-02-16T02:09:20.724561Z",
                            "start": "2023-02-16T02:09:19.513210Z"
                        },
                        "id": "fa163eb4-7b64-74a7-d591-000000000009",
                        "name": "mysql_user"
                    }
                }
            ]
        }
    ],
    "stats": {
        "localhost": {
            "changed": 1,
            "failures": 0,
            "ignored": 0,
            "ok": 1,
            "rescued": 0,
            "skipped": 0,
            "unreachable": 0
        }
    }
}
