2023-04-04 18:15:14,125 p=6056 u=root n=ansible | [WARNING]: Invalid characters were found in group names but not replaced, use
-vvvv to see details

2023-04-04 18:15:19,307 p=6056 u=root n=ansible | PLAY [Gather facts for all hosts] **********************************************
2023-04-04 18:15:19,585 p=6056 u=root n=ansible | TASK [Gather facts] ************************************************************
2023-04-04 18:15:22,778 p=6056 u=root n=ansible | ok: [localhost]
2023-04-04 18:15:22,864 p=6056 u=root n=ansible | TASK [Group hosts to determine when using --limit] *****************************
2023-04-04 18:15:22,924 p=6056 u=root n=ansible | ok: [localhost]
2023-04-04 18:15:23,089 p=6056 u=root n=ansible | [WARNING]: Could not match supplied host pattern, ignoring:
all_using_limit_True

2023-04-04 18:15:23,102 p=6056 u=root n=ansible | PLAY [Gather facts for all hosts (if using --limit)] ***************************
2023-04-04 18:15:23,102 p=6056 u=root n=ansible | skipping: no hosts matched
2023-04-04 18:15:23,111 p=6056 u=root n=ansible | PLAY [Apply role baremetal] ****************************************************
2023-04-04 18:15:23,321 p=6056 u=root n=ansible | TASK [openstack.kolla.baremetal : Ensure localhost in /etc/hosts] **************
2023-04-04 18:15:24,231 p=6056 u=root n=ansible | changed: [localhost]
2023-04-04 18:15:24,312 p=6056 u=root n=ansible | TASK [openstack.kolla.baremetal : Ensure hostname does not point to 127.0.1.1 in /etc/hosts] ***
2023-04-04 18:15:24,804 p=6056 u=root n=ansible | ok: [localhost]
2023-04-04 18:15:24,891 p=6056 u=root n=ansible | TASK [openstack.kolla.baremetal : Generate /etc/hosts for all of the nodes] ****
2023-04-04 18:15:26,229 p=6056 u=root n=ansible | changed: [localhost]
2023-04-04 18:15:26,317 p=6056 u=root n=ansible | TASK [openstack.kolla.baremetal : Ensure unprivileged users can use ping] ******
2023-04-04 18:15:27,144 p=6056 u=root n=ansible | changed: [localhost]
2023-04-04 18:15:27,228 p=6056 u=root n=ansible | TASK [openstack.kolla.baremetal : Ensure /etc/cloud/cloud.cfg exists] **********
2023-04-04 18:15:28,081 p=6056 u=root n=ansible | ok: [localhost]
2023-04-04 18:15:28,182 p=6056 u=root n=ansible | TASK [openstack.kolla.baremetal : Disable cloud-init manage_etc_hosts] *********
2023-04-04 18:15:29,548 p=6056 u=root n=ansible | changed: [localhost]
2023-04-04 18:15:29,634 p=6056 u=root n=ansible | TASK [openstack.kolla.baremetal : Set firewall default policy] *****************
2023-04-04 18:15:29,681 p=6056 u=root n=ansible | skipping: [localhost]
2023-04-04 18:15:29,767 p=6056 u=root n=ansible | TASK [openstack.kolla.baremetal : Check if firewalld is installed] *************
2023-04-04 18:15:30,640 p=6056 u=root n=ansible | ok: [localhost]
2023-04-04 18:15:30,725 p=6056 u=root n=ansible | TASK [openstack.kolla.baremetal : Disable firewalld] ***************************
2023-04-04 18:15:30,789 p=6056 u=root n=ansible | skipping: [localhost] => (item=firewalld) 
2023-04-04 18:15:30,877 p=6056 u=root n=ansible | TASK [openstack.kolla.docker : Fail if docker_custom_option is defined] ********
2023-04-04 18:15:30,931 p=6056 u=root n=ansible | skipping: [localhost]
2023-04-04 18:15:31,039 p=6056 u=root n=ansible | TASK [openstack.kolla.docker : include_tasks] **********************************
2023-04-04 18:15:31,089 p=6056 u=root n=ansible | skipping: [localhost]
2023-04-04 18:15:31,190 p=6056 u=root n=ansible | TASK [openstack.kolla.docker : Ensure docker config directory exists] **********
2023-04-04 18:15:32,084 p=6056 u=root n=ansible | ok: [localhost]
2023-04-04 18:15:32,169 p=6056 u=root n=ansible | TASK [openstack.kolla.docker : Write docker config] ****************************
2023-04-04 18:15:33,330 p=6056 u=root n=ansible | changed: [localhost]
2023-04-04 18:15:33,432 p=6056 u=root n=ansible | TASK [openstack.kolla.docker : Remove old docker options file] *****************
2023-04-04 18:15:33,942 p=6056 u=root n=ansible | ok: [localhost]
2023-04-04 18:15:34,029 p=6056 u=root n=ansible | TASK [openstack.kolla.docker : Ensure docker service directory exists] *********
2023-04-04 18:15:34,077 p=6056 u=root n=ansible | skipping: [localhost]
2023-04-04 18:15:34,169 p=6056 u=root n=ansible | TASK [openstack.kolla.docker : Configure docker service] ***********************
2023-04-04 18:15:34,224 p=6056 u=root n=ansible | skipping: [localhost]
2023-04-04 18:15:34,316 p=6056 u=root n=ansible | TASK [openstack.kolla.docker : Ensure the path for CA file for private registry exists] ***
2023-04-04 18:15:34,365 p=6056 u=root n=ansible | skipping: [localhost]
2023-04-04 18:15:34,471 p=6056 u=root n=ansible | TASK [openstack.kolla.docker : Ensure the CA file for private registry exists] ***
2023-04-04 18:15:34,519 p=6056 u=root n=ansible | skipping: [localhost]
2023-04-04 18:15:34,603 p=6056 u=root n=ansible | TASK [openstack.kolla.docker : Flush handlers] *********************************
2023-04-04 18:15:34,604 p=6056 u=root n=ansible | RUNNING HANDLER [openstack.kolla.docker : Restart docker] **********************
2023-04-04 18:15:38,282 p=6056 u=root n=ansible | changed: [localhost]
2023-04-04 18:15:38,393 p=6056 u=root n=ansible | TASK [openstack.kolla.docker : Start and enable docker] ************************
2023-04-04 18:15:39,221 p=6056 u=root n=ansible | ok: [localhost]
2023-04-04 18:15:39,306 p=6056 u=root n=ansible | TASK [openstack.kolla.docker : include_tasks] **********************************
2023-04-04 18:15:39,347 p=6056 u=root n=ansible | skipping: [localhost]
2023-04-04 18:15:39,514 p=6056 u=root n=ansible | TASK [openstack.kolla.kolla_user : Ensure groups are present] ******************
2023-04-04 18:15:39,584 p=6056 u=root n=ansible | skipping: [localhost] => (item=docker) 
2023-04-04 18:15:39,595 p=6056 u=root n=ansible | skipping: [localhost] => (item=sudo) 
2023-04-04 18:15:39,600 p=6056 u=root n=ansible | skipping: [localhost] => (item=kolla) 
2023-04-04 18:15:39,687 p=6056 u=root n=ansible | TASK [openstack.kolla.kolla_user : Create kolla user] **************************
2023-04-04 18:15:39,743 p=6056 u=root n=ansible | skipping: [localhost]
2023-04-04 18:15:39,845 p=6056 u=root n=ansible | TASK [openstack.kolla.kolla_user : Add public key to kolla user authorized keys] ***
2023-04-04 18:15:39,895 p=6056 u=root n=ansible | skipping: [localhost]
2023-04-04 18:15:39,984 p=6056 u=root n=ansible | TASK [openstack.kolla.kolla_user : Grant kolla user passwordless sudo] *********
2023-04-04 18:15:40,022 p=6056 u=root n=ansible | skipping: [localhost]
2023-04-04 18:15:40,192 p=6056 u=root n=ansible | TASK [openstack.kolla.docker_sdk : Install latest pip in the virtualenv] *******
2023-04-04 18:15:40,245 p=6056 u=root n=ansible | skipping: [localhost]
2023-04-04 18:15:40,329 p=6056 u=root n=ansible | TASK [openstack.kolla.docker_sdk : Install docker SDK for python] **************
2023-04-04 18:16:05,888 p=6056 u=root n=ansible | ok: [localhost]
2023-04-04 18:16:06,067 p=6056 u=root n=ansible | TASK [openstack.kolla.baremetal : Ensure node_config_directory directory exists] ***
2023-04-04 18:16:06,612 p=6056 u=root n=ansible | ok: [localhost]
2023-04-04 18:16:06,716 p=6056 u=root n=ansible | TASK [openstack.kolla.apparmor_libvirt : include_tasks] ************************
2023-04-04 18:16:06,759 p=6056 u=root n=ansible | skipping: [localhost]
2023-04-04 18:16:06,963 p=6056 u=root n=ansible | TASK [openstack.kolla.baremetal : Change state of selinux] *********************
2023-04-04 18:16:08,454 p=6056 u=root n=ansible | ok: [localhost]
2023-04-04 18:16:08,546 p=6056 u=root n=ansible | TASK [openstack.kolla.baremetal : Set https proxy for git] *********************
2023-04-04 18:16:08,608 p=6056 u=root n=ansible | skipping: [localhost]
2023-04-04 18:16:08,704 p=6056 u=root n=ansible | TASK [openstack.kolla.baremetal : Set http proxy for git] **********************
2023-04-04 18:16:08,751 p=6056 u=root n=ansible | skipping: [localhost]
2023-04-04 18:16:08,860 p=6056 u=root n=ansible | TASK [openstack.kolla.baremetal : include_tasks] *******************************
2023-04-04 18:16:08,928 p=6056 u=root n=ansible | skipping: [localhost]
2023-04-04 18:16:09,218 p=6056 u=root n=ansible | PLAY RECAP *********************************************************************
2023-04-04 18:16:09,219 p=6056 u=root n=ansible | localhost                  : ok=17   changed=6    unreachable=0    failed=0    skipped=18   rescued=0    ignored=0   
