2023-03-16 19:43:33,541 p=5763 u=root n=ansible | [WARNING]: Invalid characters were found in group names but not replaced, use
-vvvv to see details

2023-03-16 19:43:35,400 p=5763 u=root n=ansible | PLAY [Gather facts for all hosts] **********************************************
2023-03-16 19:43:35,736 p=5763 u=root n=ansible | TASK [Gather facts] ************************************************************
2023-03-16 19:43:40,031 p=5763 u=root n=ansible | ok: [localhost]
2023-03-16 19:43:40,189 p=5763 u=root n=ansible | TASK [Group hosts to determine when using --limit] *****************************
2023-03-16 19:43:40,308 p=5763 u=root n=ansible | ok: [localhost]
2023-03-16 19:43:40,498 p=5763 u=root n=ansible | [WARNING]: Could not match supplied host pattern, ignoring:
all_using_limit_True

2023-03-16 19:43:40,507 p=5763 u=root n=ansible | PLAY [Gather facts for all hosts (if using --limit)] ***************************
2023-03-16 19:43:40,507 p=5763 u=root n=ansible | skipping: no hosts matched
2023-03-16 19:43:40,516 p=5763 u=root n=ansible | PLAY [Apply role baremetal] ****************************************************
2023-03-16 19:43:40,729 p=5763 u=root n=ansible | TASK [openstack.kolla.baremetal : Ensure localhost in /etc/hosts] **************
2023-03-16 19:43:41,667 p=5763 u=root n=ansible | changed: [localhost]
2023-03-16 19:43:41,763 p=5763 u=root n=ansible | TASK [openstack.kolla.baremetal : Ensure hostname does not point to 127.0.1.1 in /etc/hosts] ***
2023-03-16 19:43:42,454 p=5763 u=root n=ansible | ok: [localhost]
2023-03-16 19:43:42,539 p=5763 u=root n=ansible | TASK [openstack.kolla.baremetal : Generate /etc/hosts for all of the nodes] ****
2023-03-16 19:43:44,036 p=5763 u=root n=ansible | changed: [localhost]
2023-03-16 19:43:44,124 p=5763 u=root n=ansible | TASK [openstack.kolla.baremetal : Ensure unprivileged users can use ping] ******
2023-03-16 19:43:45,138 p=5763 u=root n=ansible | changed: [localhost]
2023-03-16 19:43:45,258 p=5763 u=root n=ansible | TASK [openstack.kolla.baremetal : Ensure /etc/cloud/cloud.cfg exists] **********
2023-03-16 19:43:46,414 p=5763 u=root n=ansible | ok: [localhost]
2023-03-16 19:43:46,517 p=5763 u=root n=ansible | TASK [openstack.kolla.baremetal : Disable cloud-init manage_etc_hosts] *********
2023-03-16 19:43:48,046 p=5763 u=root n=ansible | changed: [localhost]
2023-03-16 19:43:48,128 p=5763 u=root n=ansible | TASK [openstack.kolla.baremetal : Set firewall default policy] *****************
2023-03-16 19:43:48,176 p=5763 u=root n=ansible | skipping: [localhost]
2023-03-16 19:43:48,260 p=5763 u=root n=ansible | TASK [openstack.kolla.baremetal : Check if firewalld is installed] *************
2023-03-16 19:43:49,234 p=5763 u=root n=ansible | ok: [localhost]
2023-03-16 19:43:49,319 p=5763 u=root n=ansible | TASK [openstack.kolla.baremetal : Disable firewalld] ***************************
2023-03-16 19:43:49,381 p=5763 u=root n=ansible | skipping: [localhost] => (item=firewalld) 
2023-03-16 19:43:49,478 p=5763 u=root n=ansible | TASK [openstack.kolla.docker : Fail if docker_custom_option is defined] ********
2023-03-16 19:43:49,545 p=5763 u=root n=ansible | skipping: [localhost]
2023-03-16 19:43:49,643 p=5763 u=root n=ansible | TASK [openstack.kolla.docker : include_tasks] **********************************
2023-03-16 19:43:49,686 p=5763 u=root n=ansible | skipping: [localhost]
2023-03-16 19:43:49,826 p=5763 u=root n=ansible | TASK [openstack.kolla.docker : Ensure docker config directory exists] **********
2023-03-16 19:43:50,876 p=5763 u=root n=ansible | ok: [localhost]
2023-03-16 19:43:50,956 p=5763 u=root n=ansible | TASK [openstack.kolla.docker : Write docker config] ****************************
2023-03-16 19:43:52,082 p=5763 u=root n=ansible | changed: [localhost]
2023-03-16 19:43:52,180 p=5763 u=root n=ansible | TASK [openstack.kolla.docker : Remove old docker options file] *****************
2023-03-16 19:43:52,695 p=5763 u=root n=ansible | ok: [localhost]
2023-03-16 19:43:52,779 p=5763 u=root n=ansible | TASK [openstack.kolla.docker : Ensure docker service directory exists] *********
2023-03-16 19:43:52,828 p=5763 u=root n=ansible | skipping: [localhost]
2023-03-16 19:43:52,933 p=5763 u=root n=ansible | TASK [openstack.kolla.docker : Configure docker service] ***********************
2023-03-16 19:43:52,984 p=5763 u=root n=ansible | skipping: [localhost]
2023-03-16 19:43:53,068 p=5763 u=root n=ansible | TASK [openstack.kolla.docker : Ensure the path for CA file for private registry exists] ***
2023-03-16 19:43:53,113 p=5763 u=root n=ansible | skipping: [localhost]
2023-03-16 19:43:53,196 p=5763 u=root n=ansible | TASK [openstack.kolla.docker : Ensure the CA file for private registry exists] ***
2023-03-16 19:43:53,246 p=5763 u=root n=ansible | skipping: [localhost]
2023-03-16 19:43:53,327 p=5763 u=root n=ansible | TASK [openstack.kolla.docker : Flush handlers] *********************************
2023-03-16 19:43:53,327 p=5763 u=root n=ansible | RUNNING HANDLER [openstack.kolla.docker : Restart docker] **********************
2023-03-16 19:43:57,937 p=5763 u=root n=ansible | changed: [localhost]
2023-03-16 19:43:58,044 p=5763 u=root n=ansible | TASK [openstack.kolla.docker : Start and enable docker] ************************
2023-03-16 19:43:59,020 p=5763 u=root n=ansible | ok: [localhost]
2023-03-16 19:43:59,107 p=5763 u=root n=ansible | TASK [openstack.kolla.docker : include_tasks] **********************************
2023-03-16 19:43:59,185 p=5763 u=root n=ansible | skipping: [localhost]
2023-03-16 19:43:59,351 p=5763 u=root n=ansible | TASK [openstack.kolla.kolla_user : Ensure groups are present] ******************
2023-03-16 19:43:59,405 p=5763 u=root n=ansible | skipping: [localhost] => (item=docker) 
2023-03-16 19:43:59,408 p=5763 u=root n=ansible | skipping: [localhost] => (item=sudo) 
2023-03-16 19:43:59,412 p=5763 u=root n=ansible | skipping: [localhost] => (item=kolla) 
2023-03-16 19:43:59,499 p=5763 u=root n=ansible | TASK [openstack.kolla.kolla_user : Create kolla user] **************************
2023-03-16 19:43:59,540 p=5763 u=root n=ansible | skipping: [localhost]
2023-03-16 19:43:59,627 p=5763 u=root n=ansible | TASK [openstack.kolla.kolla_user : Add public key to kolla user authorized keys] ***
2023-03-16 19:43:59,667 p=5763 u=root n=ansible | skipping: [localhost]
2023-03-16 19:43:59,769 p=5763 u=root n=ansible | TASK [openstack.kolla.kolla_user : Grant kolla user passwordless sudo] *********
2023-03-16 19:43:59,816 p=5763 u=root n=ansible | skipping: [localhost]
2023-03-16 19:44:00,028 p=5763 u=root n=ansible | TASK [openstack.kolla.docker_sdk : Install latest pip in the virtualenv] *******
2023-03-16 19:44:00,100 p=5763 u=root n=ansible | skipping: [localhost]
2023-03-16 19:44:00,296 p=5763 u=root n=ansible | TASK [openstack.kolla.docker_sdk : Install docker SDK for python] **************
2023-03-16 19:44:26,808 p=5763 u=root n=ansible | ok: [localhost]
2023-03-16 19:44:27,013 p=5763 u=root n=ansible | TASK [openstack.kolla.baremetal : Ensure node_config_directory directory exists] ***
2023-03-16 19:44:27,649 p=5763 u=root n=ansible | ok: [localhost]
2023-03-16 19:44:27,730 p=5763 u=root n=ansible | TASK [openstack.kolla.apparmor_libvirt : include_tasks] ************************
2023-03-16 19:44:27,768 p=5763 u=root n=ansible | skipping: [localhost]
2023-03-16 19:44:27,924 p=5763 u=root n=ansible | TASK [openstack.kolla.baremetal : Change state of selinux] *********************
2023-03-16 19:44:29,404 p=5763 u=root n=ansible | ok: [localhost]
2023-03-16 19:44:29,488 p=5763 u=root n=ansible | TASK [openstack.kolla.baremetal : Set https proxy for git] *********************
2023-03-16 19:44:29,530 p=5763 u=root n=ansible | skipping: [localhost]
2023-03-16 19:44:29,619 p=5763 u=root n=ansible | TASK [openstack.kolla.baremetal : Set http proxy for git] **********************
2023-03-16 19:44:29,658 p=5763 u=root n=ansible | skipping: [localhost]
2023-03-16 19:44:29,756 p=5763 u=root n=ansible | TASK [openstack.kolla.baremetal : include_tasks] *******************************
2023-03-16 19:44:29,794 p=5763 u=root n=ansible | skipping: [localhost]
2023-03-16 19:44:30,087 p=5763 u=root n=ansible | PLAY RECAP *********************************************************************
2023-03-16 19:44:30,088 p=5763 u=root n=ansible | localhost                  : ok=17   changed=6    unreachable=0    failed=0    skipped=18   rescued=0    ignored=0   
