2023-03-06 21:23:24,444 p=5750 u=root n=ansible | [WARNING]: Invalid characters were found in group names but not replaced, use
-vvvv to see details

2023-03-06 21:23:26,240 p=5750 u=root n=ansible | PLAY [Gather facts for all hosts] **********************************************
2023-03-06 21:23:26,563 p=5750 u=root n=ansible | TASK [Gather facts] ************************************************************
2023-03-06 21:23:35,851 p=5750 u=root n=ansible | ok: [localhost]
2023-03-06 21:23:35,979 p=5750 u=root n=ansible | TASK [Group hosts to determine when using --limit] *****************************
2023-03-06 21:23:36,058 p=5750 u=root n=ansible | ok: [localhost]
2023-03-06 21:23:36,221 p=5750 u=root n=ansible | [WARNING]: Could not match supplied host pattern, ignoring:
all_using_limit_True

2023-03-06 21:23:36,229 p=5750 u=root n=ansible | PLAY [Gather facts for all hosts (if using --limit)] ***************************
2023-03-06 21:23:36,230 p=5750 u=root n=ansible | skipping: no hosts matched
2023-03-06 21:23:36,237 p=5750 u=root n=ansible | PLAY [Apply role baremetal] ****************************************************
2023-03-06 21:23:36,446 p=5750 u=root n=ansible | TASK [openstack.kolla.baremetal : Ensure localhost in /etc/hosts] **************
2023-03-06 21:23:37,301 p=5750 u=root n=ansible | changed: [localhost]
2023-03-06 21:23:37,423 p=5750 u=root n=ansible | TASK [openstack.kolla.baremetal : Ensure hostname does not point to 127.0.1.1 in /etc/hosts] ***
2023-03-06 21:23:38,055 p=5750 u=root n=ansible | ok: [localhost]
2023-03-06 21:23:38,145 p=5750 u=root n=ansible | TASK [openstack.kolla.baremetal : Generate /etc/hosts for all of the nodes] ****
2023-03-06 21:23:39,571 p=5750 u=root n=ansible | changed: [localhost]
2023-03-06 21:23:39,689 p=5750 u=root n=ansible | TASK [openstack.kolla.baremetal : Ensure unprivileged users can use ping] ******
2023-03-06 21:23:40,644 p=5750 u=root n=ansible | changed: [localhost]
2023-03-06 21:23:40,728 p=5750 u=root n=ansible | TASK [openstack.kolla.baremetal : Ensure /etc/cloud/cloud.cfg exists] **********
2023-03-06 21:23:41,624 p=5750 u=root n=ansible | ok: [localhost]
2023-03-06 21:23:41,716 p=5750 u=root n=ansible | TASK [openstack.kolla.baremetal : Disable cloud-init manage_etc_hosts] *********
2023-03-06 21:23:43,115 p=5750 u=root n=ansible | changed: [localhost]
2023-03-06 21:23:43,202 p=5750 u=root n=ansible | TASK [openstack.kolla.baremetal : Set firewall default policy] *****************
2023-03-06 21:23:43,253 p=5750 u=root n=ansible | skipping: [localhost]
2023-03-06 21:23:43,339 p=5750 u=root n=ansible | TASK [openstack.kolla.baremetal : Check if firewalld is installed] *************
2023-03-06 21:23:44,287 p=5750 u=root n=ansible | ok: [localhost]
2023-03-06 21:23:44,370 p=5750 u=root n=ansible | TASK [openstack.kolla.baremetal : Disable firewalld] ***************************
2023-03-06 21:23:44,427 p=5750 u=root n=ansible | skipping: [localhost] => (item=firewalld) 
2023-03-06 21:23:44,545 p=5750 u=root n=ansible | TASK [openstack.kolla.docker : Fail if docker_custom_option is defined] ********
2023-03-06 21:23:44,620 p=5750 u=root n=ansible | skipping: [localhost]
2023-03-06 21:23:44,716 p=5750 u=root n=ansible | TASK [openstack.kolla.docker : include_tasks] **********************************
2023-03-06 21:23:44,765 p=5750 u=root n=ansible | skipping: [localhost]
2023-03-06 21:23:44,885 p=5750 u=root n=ansible | TASK [openstack.kolla.docker : Ensure docker config directory exists] **********
2023-03-06 21:23:45,959 p=5750 u=root n=ansible | ok: [localhost]
2023-03-06 21:23:46,054 p=5750 u=root n=ansible | TASK [openstack.kolla.docker : Write docker config] ****************************
2023-03-06 21:23:47,453 p=5750 u=root n=ansible | changed: [localhost]
2023-03-06 21:23:47,541 p=5750 u=root n=ansible | TASK [openstack.kolla.docker : Remove old docker options file] *****************
2023-03-06 21:23:48,120 p=5750 u=root n=ansible | ok: [localhost]
2023-03-06 21:23:48,202 p=5750 u=root n=ansible | TASK [openstack.kolla.docker : Ensure docker service directory exists] *********
2023-03-06 21:23:48,250 p=5750 u=root n=ansible | skipping: [localhost]
2023-03-06 21:23:48,334 p=5750 u=root n=ansible | TASK [openstack.kolla.docker : Configure docker service] ***********************
2023-03-06 21:23:48,380 p=5750 u=root n=ansible | skipping: [localhost]
2023-03-06 21:23:48,520 p=5750 u=root n=ansible | TASK [openstack.kolla.docker : Ensure the path for CA file for private registry exists] ***
2023-03-06 21:23:48,600 p=5750 u=root n=ansible | skipping: [localhost]
2023-03-06 21:23:48,728 p=5750 u=root n=ansible | TASK [openstack.kolla.docker : Ensure the CA file for private registry exists] ***
2023-03-06 21:23:48,815 p=5750 u=root n=ansible | skipping: [localhost]
2023-03-06 21:23:48,984 p=5750 u=root n=ansible | TASK [openstack.kolla.docker : Flush handlers] *********************************
2023-03-06 21:23:48,985 p=5750 u=root n=ansible | RUNNING HANDLER [openstack.kolla.docker : Restart docker] **********************
2023-03-06 21:23:52,752 p=5750 u=root n=ansible | changed: [localhost]
2023-03-06 21:23:52,902 p=5750 u=root n=ansible | TASK [openstack.kolla.docker : Start and enable docker] ************************
2023-03-06 21:23:53,907 p=5750 u=root n=ansible | ok: [localhost]
2023-03-06 21:23:53,995 p=5750 u=root n=ansible | TASK [openstack.kolla.docker : include_tasks] **********************************
2023-03-06 21:23:54,038 p=5750 u=root n=ansible | skipping: [localhost]
2023-03-06 21:23:54,202 p=5750 u=root n=ansible | TASK [openstack.kolla.kolla_user : Ensure groups are present] ******************
2023-03-06 21:23:54,254 p=5750 u=root n=ansible | skipping: [localhost] => (item=docker) 
2023-03-06 21:23:54,260 p=5750 u=root n=ansible | skipping: [localhost] => (item=sudo) 
2023-03-06 21:23:54,265 p=5750 u=root n=ansible | skipping: [localhost] => (item=kolla) 
2023-03-06 21:23:54,358 p=5750 u=root n=ansible | TASK [openstack.kolla.kolla_user : Create kolla user] **************************
2023-03-06 21:23:54,400 p=5750 u=root n=ansible | skipping: [localhost]
2023-03-06 21:23:54,497 p=5750 u=root n=ansible | TASK [openstack.kolla.kolla_user : Add public key to kolla user authorized keys] ***
2023-03-06 21:23:54,542 p=5750 u=root n=ansible | skipping: [localhost]
2023-03-06 21:23:54,638 p=5750 u=root n=ansible | TASK [openstack.kolla.kolla_user : Grant kolla user passwordless sudo] *********
2023-03-06 21:23:54,682 p=5750 u=root n=ansible | skipping: [localhost]
2023-03-06 21:23:54,867 p=5750 u=root n=ansible | TASK [openstack.kolla.docker_sdk : Install latest pip in the virtualenv] *******
2023-03-06 21:23:54,938 p=5750 u=root n=ansible | skipping: [localhost]
2023-03-06 21:23:55,055 p=5750 u=root n=ansible | TASK [openstack.kolla.docker_sdk : Install docker SDK for python] **************
2023-03-06 21:24:21,419 p=5750 u=root n=ansible | ok: [localhost]
2023-03-06 21:24:21,686 p=5750 u=root n=ansible | TASK [openstack.kolla.baremetal : Ensure node_config_directory directory exists] ***
2023-03-06 21:24:22,218 p=5750 u=root n=ansible | ok: [localhost]
2023-03-06 21:24:22,350 p=5750 u=root n=ansible | TASK [openstack.kolla.apparmor_libvirt : include_tasks] ************************
2023-03-06 21:24:22,390 p=5750 u=root n=ansible | skipping: [localhost]
2023-03-06 21:24:22,636 p=5750 u=root n=ansible | TASK [openstack.kolla.baremetal : Change state of selinux] *********************
2023-03-06 21:24:24,127 p=5750 u=root n=ansible | ok: [localhost]
2023-03-06 21:24:24,211 p=5750 u=root n=ansible | TASK [openstack.kolla.baremetal : Set https proxy for git] *********************
2023-03-06 21:24:24,254 p=5750 u=root n=ansible | skipping: [localhost]
2023-03-06 21:24:24,352 p=5750 u=root n=ansible | TASK [openstack.kolla.baremetal : Set http proxy for git] **********************
2023-03-06 21:24:24,396 p=5750 u=root n=ansible | skipping: [localhost]
2023-03-06 21:24:24,508 p=5750 u=root n=ansible | TASK [openstack.kolla.baremetal : include_tasks] *******************************
2023-03-06 21:24:24,554 p=5750 u=root n=ansible | skipping: [localhost]
2023-03-06 21:24:24,817 p=5750 u=root n=ansible | PLAY RECAP *********************************************************************
2023-03-06 21:24:24,818 p=5750 u=root n=ansible | localhost                  : ok=17   changed=6    unreachable=0    failed=0    skipped=18   rescued=0    ignored=0   
