2023-02-15 15:38:33,506 p=26 u=ansible n=ansible | {
    "custom_stats": {},
    "global_custom_stats": {},
    "plays": [
        {
            "play": {
                "duration": {
                    "end": "2023-02-15T20:38:33.466998Z",
                    "start": "2023-02-15T20:38:31.842731Z"
                },
                "id": "fa163ec9-860e-c97e-9b27-000000000007",
                "name": "Ansible Ad-Hoc"
            },
            "tasks": [
                {
                    "hosts": {
                        "localhost": {
                            "_ansible_no_log": null,
                            "action": "mysql_db",
                            "changed": true,
                            "db": "keystone",
                            "db_list": [
                                "keystone"
                            ],
                            "executed_commands": [
                                "CREATE DATABASE `keystone`"
                            ],
                            "invocation": {
                                "module_args": {
                                    "ca_cert": null,
                                    "check_hostname": null,
                                    "check_implicit_admin": false,
                                    "client_cert": null,
                                    "client_key": null,
                                    "collation": "",
                                    "config_file": "/var/lib/ansible/.my.cnf",
                                    "config_overrides_defaults": false,
                                    "connect_timeout": 30,
                                    "dump_extra_args": null,
                                    "encoding": "",
                                    "force": false,
                                    "hex_blob": false,
                                    "ignore_tables": [],
                                    "login_host": "169.16.1.172",
                                    "login_password": "VALUE_SPECIFIED_IN_NO_LOG_PARAMETER",
                                    "login_port": 3306,
                                    "login_unix_socket": null,
                                    "login_user": "root",
                                    "master_data": 0,
                                    "name": [
                                        "keystone"
                                    ],
                                    "quick": true,
                                    "restrict_config_file": false,
                                    "single_transaction": false,
                                    "skip_lock_tables": false,
                                    "state": "present",
                                    "target": null,
                                    "unsafe_login_password": false,
                                    "use_shell": false
                                }
                            }
                        }
                    },
                    "task": {
                        "duration": {
                            "end": "2023-02-15T20:38:33.466998Z",
                            "start": "2023-02-15T20:38:32.062599Z"
                        },
                        "id": "fa163ec9-860e-c97e-9b27-000000000009",
                        "name": "mysql_db"
                    }
                }
            ]
        }
    ],
    "stats": {
        "localhost": {
            "changed": 1,
            "failures": 0,
            "ignored": 0,
            "ok": 1,
            "rescued": 0,
            "skipped": 0,
            "unreachable": 0
        }
    }
}
2023-02-15 15:38:38,297 p=50 u=ansible n=ansible | {
    "custom_stats": {},
    "global_custom_stats": {},
    "plays": [
        {
            "play": {
                "duration": {
                    "end": "2023-02-15T20:38:38.269966Z",
                    "start": "2023-02-15T20:38:36.690141Z"
                },
                "id": "fa163ec9-860e-ffbf-155b-000000000007",
                "name": "Ansible Ad-Hoc"
            },
            "tasks": [
                {
                    "hosts": {
                        "localhost": {
                            "_ansible_no_log": null,
                            "action": "mysql_user",
                            "changed": true,
                            "invocation": {
                                "module_args": {
                                    "append_privs": true,
                                    "ca_cert": null,
                                    "check_hostname": null,
                                    "check_implicit_admin": false,
                                    "client_cert": null,
                                    "client_key": null,
                                    "config_file": "/var/lib/ansible/.my.cnf",
                                    "connect_timeout": 30,
                                    "encrypted": false,
                                    "host": "%",
                                    "host_all": false,
                                    "login_host": "169.16.1.172",
                                    "login_password": "VALUE_SPECIFIED_IN_NO_LOG_PARAMETER",
                                    "login_port": 3306,
                                    "login_unix_socket": null,
                                    "login_user": "root",
                                    "name": "keystone",
                                    "password": "VALUE_SPECIFIED_IN_NO_LOG_PARAMETER",
                                    "plugin": null,
                                    "plugin_auth_string": null,
                                    "plugin_hash_string": null,
                                    "priv": "keystone.*:ALL",
                                    "resource_limits": null,
                                    "sql_log_bin": true,
                                    "state": "present",
                                    "tls_requires": null,
                                    "update_password": "always",
                                    "user": "keystone"
                                }
                            },
                            "msg": "User added",
                            "user": "keystone"
                        }
                    },
                    "task": {
                        "duration": {
                            "end": "2023-02-15T20:38:38.269966Z",
                            "start": "2023-02-15T20:38:36.831276Z"
                        },
                        "id": "fa163ec9-860e-ffbf-155b-000000000009",
                        "name": "mysql_user"
                    }
                }
            ]
        }
    ],
    "stats": {
        "localhost": {
            "changed": 1,
            "failures": 0,
            "ignored": 0,
            "ok": 1,
            "rescued": 0,
            "skipped": 0,
            "unreachable": 0
        }
    }
}
2023-02-15 15:39:51,103 p=75 u=ansible n=ansible | {
    "custom_stats": {},
    "global_custom_stats": {},
    "plays": [
        {
            "play": {
                "duration": {
                    "end": "2023-02-15T20:39:51.078914Z",
                    "start": "2023-02-15T20:39:27.354566Z"
                },
                "id": "fa163ec9-860e-5e35-eaa3-000000000007",
                "name": "Ansible Ad-Hoc"
            },
            "tasks": [
                {
                    "hosts": {
                        "localhost": {
                            "_ansible_no_log": null,
                            "action": "os_keystone_service",
                            "changed": true,
                            "id": "c0a90245b79e45d9a5d0675b942c274c",
                            "invocation": {
                                "module_args": {
                                    "api_timeout": null,
                                    "auth": {
                                        "auth_url": "http://169.16.1.172:5000",
                                        "password": "I5o2EAAoXCn04ynWjKpzAl747M0hqkZnPhfACGYt",
                                        "system_scope": "all",
                                        "user_domain_name": "Default",
                                        "username": "admin"
                                    },
                                    "auth_type": null,
                                    "availability_zone": null,
                                    "ca_cert": "",
                                    "cacert": "",
                                    "client_cert": null,
                                    "client_key": null,
                                    "description": "Openstack Identity Service",
                                    "enabled": true,
                                    "interface": "internal",
                                    "name": "keystone",
                                    "region_name": "RegionOne",
                                    "sdk_log_level": "INFO",
                                    "sdk_log_path": null,
                                    "service_type": "identity",
                                    "state": "present",
                                    "timeout": 180,
                                    "type": "identity",
                                    "validate_certs": null,
                                    "wait": true
                                }
                            },
                            "service": {
                                "description": "Openstack Identity Service",
                                "enabled": true,
                                "id": "c0a90245b79e45d9a5d0675b942c274c",
                                "name": "keystone",
                                "service_type": "identity",
                                "type": "identity"
                            }
                        }
                    },
                    "task": {
                        "duration": {
                            "end": "2023-02-15T20:39:51.078914Z",
                            "start": "2023-02-15T20:39:27.468946Z"
                        },
                        "id": "fa163ec9-860e-5e35-eaa3-000000000009",
                        "name": "os_keystone_service"
                    }
                }
            ]
        }
    ],
    "stats": {
        "localhost": {
            "changed": 1,
            "failures": 0,
            "ignored": 0,
            "ok": 1,
            "rescued": 0,
            "skipped": 0,
            "unreachable": 0
        }
    }
}
2023-02-15 15:39:58,648 p=99 u=ansible n=ansible | {
    "custom_stats": {},
    "global_custom_stats": {},
    "plays": [
        {
            "play": {
                "duration": {
                    "end": "2023-02-15T20:39:58.619204Z",
                    "start": "2023-02-15T20:39:54.175391Z"
                },
                "id": "fa163ec9-860e-e11f-6c94-000000000007",
                "name": "Ansible Ad-Hoc"
            },
            "tasks": [
                {
                    "hosts": {
                        "localhost": {
                            "_ansible_no_log": null,
                            "action": "os_keystone_endpoint",
                            "changed": false,
                            "endpoint": {
                                "enabled": true,
                                "id": "982bfb6c012041f59175798ebdac7b46",
                                "interface": "internal",
                                "links": {
                                    "self": "http://169.16.1.172:5000/v3/endpoints/982bfb6c012041f59175798ebdac7b46"
                                },
                                "region": "RegionOne",
                                "region_id": "RegionOne",
                                "service_id": "c0a90245b79e45d9a5d0675b942c274c",
                                "url": "http://169.16.1.172:5000"
                            },
                            "invocation": {
                                "module_args": {
                                    "api_timeout": null,
                                    "auth": {
                                        "auth_url": "http://169.16.1.172:5000",
                                        "password": "I5o2EAAoXCn04ynWjKpzAl747M0hqkZnPhfACGYt",
                                        "system_scope": "all",
                                        "user_domain_name": "Default",
                                        "username": "admin"
                                    },
                                    "auth_type": null,
                                    "availability_zone": null,
                                    "ca_cert": "",
                                    "cacert": "",
                                    "client_cert": null,
                                    "client_key": null,
                                    "enabled": true,
                                    "endpoint_interface": "internal",
                                    "interface": "internal",
                                    "region": "RegionOne",
                                    "region_name": "RegionOne",
                                    "sdk_log_level": "INFO",
                                    "sdk_log_path": null,
                                    "service": "keystone",
                                    "state": "present",
                                    "timeout": 180,
                                    "url": "http://169.16.1.172:5000",
                                    "validate_certs": null,
                                    "wait": true
                                }
                            }
                        }
                    },
                    "task": {
                        "duration": {
                            "end": "2023-02-15T20:39:58.619204Z",
                            "start": "2023-02-15T20:39:54.294023Z"
                        },
                        "id": "fa163ec9-860e-e11f-6c94-000000000009",
                        "name": "os_keystone_endpoint"
                    }
                }
            ]
        }
    ],
    "stats": {
        "localhost": {
            "changed": 0,
            "failures": 0,
            "ignored": 0,
            "ok": 1,
            "rescued": 0,
            "skipped": 0,
            "unreachable": 0
        }
    }
}
2023-02-15 15:40:05,193 p=123 u=ansible n=ansible | {
    "custom_stats": {},
    "global_custom_stats": {},
    "plays": [
        {
            "play": {
                "duration": {
                    "end": "2023-02-15T20:40:05.166925Z",
                    "start": "2023-02-15T20:40:01.175383Z"
                },
                "id": "fa163ec9-860e-63ba-ed49-000000000007",
                "name": "Ansible Ad-Hoc"
            },
            "tasks": [
                {
                    "hosts": {
                        "localhost": {
                            "_ansible_no_log": null,
                            "action": "os_keystone_endpoint",
                            "changed": false,
                            "endpoint": {
                                "enabled": true,
                                "id": "78a1e821728f4fb888fe5a4b95875452",
                                "interface": "public",
                                "links": {
                                    "self": "http://169.16.1.172:5000/v3/endpoints/78a1e821728f4fb888fe5a4b95875452"
                                },
                                "region": "RegionOne",
                                "region_id": "RegionOne",
                                "service_id": "c0a90245b79e45d9a5d0675b942c274c",
                                "url": "http://169.16.1.172:5000"
                            },
                            "invocation": {
                                "module_args": {
                                    "api_timeout": null,
                                    "auth": {
                                        "auth_url": "http://169.16.1.172:5000",
                                        "password": "I5o2EAAoXCn04ynWjKpzAl747M0hqkZnPhfACGYt",
                                        "system_scope": "all",
                                        "user_domain_name": "Default",
                                        "username": "admin"
                                    },
                                    "auth_type": null,
                                    "availability_zone": null,
                                    "ca_cert": "",
                                    "cacert": "",
                                    "client_cert": null,
                                    "client_key": null,
                                    "enabled": true,
                                    "endpoint_interface": "public",
                                    "interface": "internal",
                                    "region": "RegionOne",
                                    "region_name": "RegionOne",
                                    "sdk_log_level": "INFO",
                                    "sdk_log_path": null,
                                    "service": "keystone",
                                    "state": "present",
                                    "timeout": 180,
                                    "url": "http://169.16.1.172:5000",
                                    "validate_certs": null,
                                    "wait": true
                                }
                            }
                        }
                    },
                    "task": {
                        "duration": {
                            "end": "2023-02-15T20:40:05.166925Z",
                            "start": "2023-02-15T20:40:01.292611Z"
                        },
                        "id": "fa163ec9-860e-63ba-ed49-000000000009",
                        "name": "os_keystone_endpoint"
                    }
                }
            ]
        }
    ],
    "stats": {
        "localhost": {
            "changed": 0,
            "failures": 0,
            "ignored": 0,
            "ok": 1,
            "rescued": 0,
            "skipped": 0,
            "unreachable": 0
        }
    }
}
2023-02-15 15:40:13,313 p=147 u=ansible n=ansible | {
    "custom_stats": {},
    "global_custom_stats": {},
    "plays": [
        {
            "play": {
                "duration": {
                    "end": "2023-02-15T20:40:13.280825Z",
                    "start": "2023-02-15T20:40:08.839193Z"
                },
                "id": "fa163ec9-860e-84ed-0a69-000000000007",
                "name": "Ansible Ad-Hoc"
            },
            "tasks": [
                {
                    "hosts": {
                        "localhost": {
                            "_ansible_no_log": null,
                            "action": "os_keystone_role",
                            "changed": true,
                            "invocation": {
                                "module_args": {
                                    "api_timeout": null,
                                    "auth": {
                                        "auth_url": "http://169.16.1.172:5000",
                                        "password": "I5o2EAAoXCn04ynWjKpzAl747M0hqkZnPhfACGYt",
                                        "system_scope": "all",
                                        "user_domain_name": "Default",
                                        "username": "admin"
                                    },
                                    "auth_type": null,
                                    "availability_zone": null,
                                    "ca_cert": "",
                                    "cacert": "",
                                    "client_cert": null,
                                    "client_key": null,
                                    "endpoint_type": "internal",
                                    "interface": "internal",
                                    "name": "_member_",
                                    "region_name": "RegionOne",
                                    "sdk_log_level": "INFO",
                                    "sdk_log_path": null,
                                    "state": "present",
                                    "timeout": 180,
                                    "validate_certs": null,
                                    "wait": true
                                }
                            },
                            "role": {
                                "domain_id": null,
                                "id": "8da92c9fb2e7468c866cdd65b0cdd82f",
                                "location": {
                                    "cloud": "defaults",
                                    "project": {
                                        "domain_id": null,
                                        "domain_name": null,
                                        "id": null,
                                        "name": null
                                    },
                                    "region_name": null,
                                    "zone": null
                                },
                                "name": "_member_",
                                "properties": {}
                            }
                        }
                    },
                    "task": {
                        "duration": {
                            "end": "2023-02-15T20:40:13.280825Z",
                            "start": "2023-02-15T20:40:08.956004Z"
                        },
                        "id": "fa163ec9-860e-84ed-0a69-000000000009",
                        "name": "os_keystone_role"
                    }
                }
            ]
        }
    ],
    "stats": {
        "localhost": {
            "changed": 1,
            "failures": 0,
            "ignored": 0,
            "ok": 1,
            "rescued": 0,
            "skipped": 0,
            "unreachable": 0
        }
    }
}
2023-02-15 15:40:22,402 p=171 u=ansible n=ansible | {
    "custom_stats": {},
    "global_custom_stats": {},
    "plays": [
        {
            "play": {
                "duration": {
                    "end": "2023-02-15T20:40:22.377213Z",
                    "start": "2023-02-15T20:40:17.659921Z"
                },
                "id": "fa163ec9-860e-d164-01c9-000000000007",
                "name": "Ansible Ad-Hoc"
            },
            "tasks": [
                {
                    "hosts": {
                        "localhost": {
                            "_ansible_no_log": null,
                            "action": "os_keystone_service",
                            "changed": true,
                            "id": "40d9be116ff64732ac1497d39cf71c0e",
                            "invocation": {
                                "module_args": {
                                    "api_timeout": null,
                                    "auth": {
                                        "auth_url": "http://169.16.1.172:5000",
                                        "password": "I5o2EAAoXCn04ynWjKpzAl747M0hqkZnPhfACGYt",
                                        "system_scope": "all",
                                        "user_domain_name": "Default",
                                        "username": "admin"
                                    },
                                    "auth_type": null,
                                    "availability_zone": null,
                                    "ca_cert": "",
                                    "cacert": "",
                                    "client_cert": null,
                                    "client_key": null,
                                    "description": "Ironic baremetal provisioning service",
                                    "enabled": true,
                                    "interface": "internal",
                                    "name": "ironic",
                                    "region_name": "RegionOne",
                                    "sdk_log_level": "INFO",
                                    "sdk_log_path": null,
                                    "service_type": "baremetal",
                                    "state": "present",
                                    "timeout": 180,
                                    "type": "baremetal",
                                    "validate_certs": null,
                                    "wait": true
                                }
                            },
                            "service": {
                                "description": "Ironic baremetal provisioning service",
                                "enabled": true,
                                "id": "40d9be116ff64732ac1497d39cf71c0e",
                                "name": "ironic",
                                "service_type": "baremetal",
                                "type": "baremetal"
                            }
                        }
                    },
                    "task": {
                        "duration": {
                            "end": "2023-02-15T20:40:22.377213Z",
                            "start": "2023-02-15T20:40:17.787524Z"
                        },
                        "id": "fa163ec9-860e-d164-01c9-000000000009",
                        "name": "os_keystone_service"
                    }
                }
            ]
        }
    ],
    "stats": {
        "localhost": {
            "changed": 1,
            "failures": 0,
            "ignored": 0,
            "ok": 1,
            "rescued": 0,
            "skipped": 0,
            "unreachable": 0
        }
    }
}
2023-02-15 15:40:30,471 p=195 u=ansible n=ansible | {
    "custom_stats": {},
    "global_custom_stats": {},
    "plays": [
        {
            "play": {
                "duration": {
                    "end": "2023-02-15T20:40:30.444356Z",
                    "start": "2023-02-15T20:40:25.342552Z"
                },
                "id": "fa163ec9-860e-c2d1-554f-000000000007",
                "name": "Ansible Ad-Hoc"
            },
            "tasks": [
                {
                    "hosts": {
                        "localhost": {
                            "_ansible_no_log": null,
                            "action": "os_keystone_service",
                            "changed": true,
                            "id": "5fbd936569394954aa25a98ff6193630",
                            "invocation": {
                                "module_args": {
                                    "api_timeout": null,
                                    "auth": {
                                        "auth_url": "http://169.16.1.172:5000",
                                        "password": "I5o2EAAoXCn04ynWjKpzAl747M0hqkZnPhfACGYt",
                                        "system_scope": "all",
                                        "user_domain_name": "Default",
                                        "username": "admin"
                                    },
                                    "auth_type": null,
                                    "availability_zone": null,
                                    "ca_cert": "",
                                    "cacert": "",
                                    "client_cert": null,
                                    "client_key": null,
                                    "description": "Ironic Inspector baremetal introspection service",
                                    "enabled": true,
                                    "interface": "internal",
                                    "name": "ironic-inspector",
                                    "region_name": "RegionOne",
                                    "sdk_log_level": "INFO",
                                    "sdk_log_path": null,
                                    "service_type": "baremetal-introspection",
                                    "state": "present",
                                    "timeout": 180,
                                    "type": "baremetal-introspection",
                                    "validate_certs": null,
                                    "wait": true
                                }
                            },
                            "service": {
                                "description": "Ironic Inspector baremetal introspection service",
                                "enabled": true,
                                "id": "5fbd936569394954aa25a98ff6193630",
                                "name": "ironic-inspector",
                                "service_type": "baremetal-introspection",
                                "type": "baremetal-introspection"
                            }
                        }
                    },
                    "task": {
                        "duration": {
                            "end": "2023-02-15T20:40:30.444356Z",
                            "start": "2023-02-15T20:40:25.459976Z"
                        },
                        "id": "fa163ec9-860e-c2d1-554f-000000000009",
                        "name": "os_keystone_service"
                    }
                }
            ]
        }
    ],
    "stats": {
        "localhost": {
            "changed": 1,
            "failures": 0,
            "ignored": 0,
            "ok": 1,
            "rescued": 0,
            "skipped": 0,
            "unreachable": 0
        }
    }
}
2023-02-15 15:40:38,410 p=219 u=ansible n=ansible | {
    "custom_stats": {},
    "global_custom_stats": {},
    "plays": [
        {
            "play": {
                "duration": {
                    "end": "2023-02-15T20:40:38.386818Z",
                    "start": "2023-02-15T20:40:33.531135Z"
                },
                "id": "fa163ec9-860e-628e-0270-000000000007",
                "name": "Ansible Ad-Hoc"
            },
            "tasks": [
                {
                    "hosts": {
                        "localhost": {
                            "_ansible_no_log": null,
                            "action": "os_keystone_endpoint",
                            "changed": true,
                            "endpoint": {
                                "enabled": true,
                                "id": "06b5e53cc11143929b634d933097c4d1",
                                "interface": "internal",
                                "links": {
                                    "self": "http://169.16.1.172:5000/v3/endpoints/06b5e53cc11143929b634d933097c4d1"
                                },
                                "region": "RegionOne",
                                "region_id": "RegionOne",
                                "service_id": "40d9be116ff64732ac1497d39cf71c0e",
                                "url": "http://169.16.1.172:6385"
                            },
                            "invocation": {
                                "module_args": {
                                    "api_timeout": null,
                                    "auth": {
                                        "auth_url": "http://169.16.1.172:5000",
                                        "password": "I5o2EAAoXCn04ynWjKpzAl747M0hqkZnPhfACGYt",
                                        "system_scope": "all",
                                        "user_domain_name": "Default",
                                        "username": "admin"
                                    },
                                    "auth_type": null,
                                    "availability_zone": null,
                                    "ca_cert": "",
                                    "cacert": "",
                                    "client_cert": null,
                                    "client_key": null,
                                    "enabled": true,
                                    "endpoint_interface": "internal",
                                    "interface": "internal",
                                    "region": "RegionOne",
                                    "region_name": "RegionOne",
                                    "sdk_log_level": "INFO",
                                    "sdk_log_path": null,
                                    "service": "ironic",
                                    "state": "present",
                                    "timeout": 180,
                                    "url": "http://169.16.1.172:6385",
                                    "validate_certs": null,
                                    "wait": true
                                }
                            }
                        }
                    },
                    "task": {
                        "duration": {
                            "end": "2023-02-15T20:40:38.386818Z",
                            "start": "2023-02-15T20:40:33.657504Z"
                        },
                        "id": "fa163ec9-860e-628e-0270-000000000009",
                        "name": "os_keystone_endpoint"
                    }
                }
            ]
        }
    ],
    "stats": {
        "localhost": {
            "changed": 1,
            "failures": 0,
            "ignored": 0,
            "ok": 1,
            "rescued": 0,
            "skipped": 0,
            "unreachable": 0
        }
    }
}
2023-02-15 15:40:47,379 p=244 u=ansible n=ansible | {
    "custom_stats": {},
    "global_custom_stats": {},
    "plays": [
        {
            "play": {
                "duration": {
                    "end": "2023-02-15T20:40:47.357351Z",
                    "start": "2023-02-15T20:40:41.789506Z"
                },
                "id": "fa163ec9-860e-7702-95c1-000000000007",
                "name": "Ansible Ad-Hoc"
            },
            "tasks": [
                {
                    "hosts": {
                        "localhost": {
                            "_ansible_no_log": null,
                            "action": "os_keystone_endpoint",
                            "changed": true,
                            "endpoint": {
                                "enabled": true,
                                "id": "600b8fcb63a24c808fea1fb146617889",
                                "interface": "public",
                                "links": {
                                    "self": "http://169.16.1.172:5000/v3/endpoints/600b8fcb63a24c808fea1fb146617889"
                                },
                                "region": "RegionOne",
                                "region_id": "RegionOne",
                                "service_id": "40d9be116ff64732ac1497d39cf71c0e",
                                "url": "http://169.16.1.172:6385"
                            },
                            "invocation": {
                                "module_args": {
                                    "api_timeout": null,
                                    "auth": {
                                        "auth_url": "http://169.16.1.172:5000",
                                        "password": "I5o2EAAoXCn04ynWjKpzAl747M0hqkZnPhfACGYt",
                                        "system_scope": "all",
                                        "user_domain_name": "Default",
                                        "username": "admin"
                                    },
                                    "auth_type": null,
                                    "availability_zone": null,
                                    "ca_cert": "",
                                    "cacert": "",
                                    "client_cert": null,
                                    "client_key": null,
                                    "enabled": true,
                                    "endpoint_interface": "public",
                                    "interface": "internal",
                                    "region": "RegionOne",
                                    "region_name": "RegionOne",
                                    "sdk_log_level": "INFO",
                                    "sdk_log_path": null,
                                    "service": "ironic",
                                    "state": "present",
                                    "timeout": 180,
                                    "url": "http://169.16.1.172:6385",
                                    "validate_certs": null,
                                    "wait": true
                                }
                            }
                        }
                    },
                    "task": {
                        "duration": {
                            "end": "2023-02-15T20:40:47.357351Z",
                            "start": "2023-02-15T20:40:41.914949Z"
                        },
                        "id": "fa163ec9-860e-7702-95c1-000000000009",
                        "name": "os_keystone_endpoint"
                    }
                }
            ]
        }
    ],
    "stats": {
        "localhost": {
            "changed": 1,
            "failures": 0,
            "ignored": 0,
            "ok": 1,
            "rescued": 0,
            "skipped": 0,
            "unreachable": 0
        }
    }
}
2023-02-15 15:40:55,371 p=269 u=ansible n=ansible | {
    "custom_stats": {},
    "global_custom_stats": {},
    "plays": [
        {
            "play": {
                "duration": {
                    "end": "2023-02-15T20:40:55.342379Z",
                    "start": "2023-02-15T20:40:50.439425Z"
                },
                "id": "fa163ec9-860e-d341-3f7c-000000000007",
                "name": "Ansible Ad-Hoc"
            },
            "tasks": [
                {
                    "hosts": {
                        "localhost": {
                            "_ansible_no_log": null,
                            "action": "os_keystone_endpoint",
                            "changed": true,
                            "endpoint": {
                                "enabled": true,
                                "id": "71f2c4ca75a74bfa968fecf35f3b8666",
                                "interface": "internal",
                                "links": {
                                    "self": "http://169.16.1.172:5000/v3/endpoints/71f2c4ca75a74bfa968fecf35f3b8666"
                                },
                                "region": "RegionOne",
                                "region_id": "RegionOne",
                                "service_id": "5fbd936569394954aa25a98ff6193630",
                                "url": "http://169.16.1.172:5050"
                            },
                            "invocation": {
                                "module_args": {
                                    "api_timeout": null,
                                    "auth": {
                                        "auth_url": "http://169.16.1.172:5000",
                                        "password": "I5o2EAAoXCn04ynWjKpzAl747M0hqkZnPhfACGYt",
                                        "system_scope": "all",
                                        "user_domain_name": "Default",
                                        "username": "admin"
                                    },
                                    "auth_type": null,
                                    "availability_zone": null,
                                    "ca_cert": "",
                                    "cacert": "",
                                    "client_cert": null,
                                    "client_key": null,
                                    "enabled": true,
                                    "endpoint_interface": "internal",
                                    "interface": "internal",
                                    "region": "RegionOne",
                                    "region_name": "RegionOne",
                                    "sdk_log_level": "INFO",
                                    "sdk_log_path": null,
                                    "service": "ironic-inspector",
                                    "state": "present",
                                    "timeout": 180,
                                    "url": "http://169.16.1.172:5050",
                                    "validate_certs": null,
                                    "wait": true
                                }
                            }
                        }
                    },
                    "task": {
                        "duration": {
                            "end": "2023-02-15T20:40:55.342379Z",
                            "start": "2023-02-15T20:40:50.554423Z"
                        },
                        "id": "fa163ec9-860e-d341-3f7c-000000000009",
                        "name": "os_keystone_endpoint"
                    }
                }
            ]
        }
    ],
    "stats": {
        "localhost": {
            "changed": 1,
            "failures": 0,
            "ignored": 0,
            "ok": 1,
            "rescued": 0,
            "skipped": 0,
            "unreachable": 0
        }
    }
}
2023-02-15 15:41:03,899 p=293 u=ansible n=ansible | {
    "custom_stats": {},
    "global_custom_stats": {},
    "plays": [
        {
            "play": {
                "duration": {
                    "end": "2023-02-15T20:41:03.876941Z",
                    "start": "2023-02-15T20:40:58.597332Z"
                },
                "id": "fa163ec9-860e-b425-a495-000000000007",
                "name": "Ansible Ad-Hoc"
            },
            "tasks": [
                {
                    "hosts": {
                        "localhost": {
                            "_ansible_no_log": null,
                            "action": "os_keystone_endpoint",
                            "changed": true,
                            "endpoint": {
                                "enabled": true,
                                "id": "c81524d1e65f47b5a49f7f0e7881671f",
                                "interface": "public",
                                "links": {
                                    "self": "http://169.16.1.172:5000/v3/endpoints/c81524d1e65f47b5a49f7f0e7881671f"
                                },
                                "region": "RegionOne",
                                "region_id": "RegionOne",
                                "service_id": "5fbd936569394954aa25a98ff6193630",
                                "url": "http://169.16.1.172:5050"
                            },
                            "invocation": {
                                "module_args": {
                                    "api_timeout": null,
                                    "auth": {
                                        "auth_url": "http://169.16.1.172:5000",
                                        "password": "I5o2EAAoXCn04ynWjKpzAl747M0hqkZnPhfACGYt",
                                        "system_scope": "all",
                                        "user_domain_name": "Default",
                                        "username": "admin"
                                    },
                                    "auth_type": null,
                                    "availability_zone": null,
                                    "ca_cert": "",
                                    "cacert": "",
                                    "client_cert": null,
                                    "client_key": null,
                                    "enabled": true,
                                    "endpoint_interface": "public",
                                    "interface": "internal",
                                    "region": "RegionOne",
                                    "region_name": "RegionOne",
                                    "sdk_log_level": "INFO",
                                    "sdk_log_path": null,
                                    "service": "ironic-inspector",
                                    "state": "present",
                                    "timeout": 180,
                                    "url": "http://169.16.1.172:5050",
                                    "validate_certs": null,
                                    "wait": true
                                }
                            }
                        }
                    },
                    "task": {
                        "duration": {
                            "end": "2023-02-15T20:41:03.876941Z",
                            "start": "2023-02-15T20:40:58.738983Z"
                        },
                        "id": "fa163ec9-860e-b425-a495-000000000009",
                        "name": "os_keystone_endpoint"
                    }
                }
            ]
        }
    ],
    "stats": {
        "localhost": {
            "changed": 1,
            "failures": 0,
            "ignored": 0,
            "ok": 1,
            "rescued": 0,
            "skipped": 0,
            "unreachable": 0
        }
    }
}
2023-02-15 15:41:12,936 p=318 u=ansible n=ansible | {
    "custom_stats": {},
    "global_custom_stats": {},
    "plays": [
        {
            "play": {
                "duration": {
                    "end": "2023-02-15T20:41:12.906515Z",
                    "start": "2023-02-15T20:41:07.092194Z"
                },
                "id": "fa163ec9-860e-ef6b-8980-000000000007",
                "name": "Ansible Ad-Hoc"
            },
            "tasks": [
                {
                    "hosts": {
                        "localhost": {
                            "_ansible_no_log": null,
                            "action": "os_project",
                            "changed": true,
                            "invocation": {
                                "module_args": {
                                    "api_timeout": null,
                                    "auth": {
                                        "auth_url": "http://169.16.1.172:5000",
                                        "password": "I5o2EAAoXCn04ynWjKpzAl747M0hqkZnPhfACGYt",
                                        "system_scope": "all",
                                        "user_domain_name": "Default",
                                        "username": "admin"
                                    },
                                    "auth_type": null,
                                    "availability_zone": null,
                                    "ca_cert": "",
                                    "cacert": "",
                                    "client_cert": null,
                                    "client_key": null,
                                    "description": null,
                                    "domain": "default",
                                    "domain_id": "default",
                                    "enabled": true,
                                    "interface": "internal",
                                    "name": "service",
                                    "properties": null,
                                    "region_name": "RegionOne",
                                    "sdk_log_level": "INFO",
                                    "sdk_log_path": null,
                                    "state": "present",
                                    "timeout": 180,
                                    "validate_certs": null,
                                    "wait": true
                                }
                            },
                            "project": {
                                "description": null,
                                "domain_id": "default",
                                "enabled": true,
                                "extra": {},
                                "id": "08e56b37ab8c46bea53935e48eeb74b2",
                                "is_domain": false,
                                "is_enabled": true,
                                "location": {
                                    "cloud": "defaults",
                                    "project": {
                                        "domain_id": "default",
                                        "domain_name": null,
                                        "id": "default",
                                        "name": null
                                    },
                                    "region_name": null,
                                    "zone": null
                                },
                                "name": "service",
                                "options": {},
                                "parent_id": "default",
                                "properties": {
                                    "extra": {},
                                    "options": {},
                                    "tags": []
                                },
                                "tags": []
                            }
                        }
                    },
                    "task": {
                        "duration": {
                            "end": "2023-02-15T20:41:12.906515Z",
                            "start": "2023-02-15T20:41:07.216047Z"
                        },
                        "id": "fa163ec9-860e-ef6b-8980-000000000009",
                        "name": "os_project"
                    }
                }
            ]
        }
    ],
    "stats": {
        "localhost": {
            "changed": 1,
            "failures": 0,
            "ignored": 0,
            "ok": 1,
            "rescued": 0,
            "skipped": 0,
            "unreachable": 0
        }
    }
}
2023-02-15 15:41:22,965 p=342 u=ansible n=ansible | {
    "custom_stats": {},
    "global_custom_stats": {},
    "plays": [
        {
            "play": {
                "duration": {
                    "end": "2023-02-15T20:41:22.936168Z",
                    "start": "2023-02-15T20:41:16.277704Z"
                },
                "id": "fa163ec9-860e-cb8a-b147-000000000007",
                "name": "Ansible Ad-Hoc"
            },
            "tasks": [
                {
                    "hosts": {
                        "localhost": {
                            "_ansible_no_log": null,
                            "action": "os_user",
                            "changed": true,
                            "invocation": {
                                "module_args": {
                                    "api_timeout": null,
                                    "auth": {
                                        "auth_url": "http://169.16.1.172:5000",
                                        "password": "I5o2EAAoXCn04ynWjKpzAl747M0hqkZnPhfACGYt",
                                        "system_scope": "all",
                                        "user_domain_name": "Default",
                                        "username": "admin"
                                    },
                                    "auth_type": null,
                                    "availability_zone": null,
                                    "ca_cert": "",
                                    "cacert": "",
                                    "client_cert": null,
                                    "client_key": null,
                                    "default_project": "service",
                                    "description": null,
                                    "domain": "default",
                                    "email": null,
                                    "enabled": true,
                                    "interface": "internal",
                                    "name": "ironic",
                                    "password": "VALUE_SPECIFIED_IN_NO_LOG_PARAMETER",
                                    "region_name": "RegionOne",
                                    "sdk_log_level": "INFO",
                                    "sdk_log_path": null,
                                    "state": "present",
                                    "timeout": 180,
                                    "update_password": "on_create",
                                    "validate_certs": null,
                                    "wait": true
                                }
                            },
                            "user": {
                                "default_project_id": "08e56b37ab8c46bea53935e48eeb74b2",
                                "description": null,
                                "domain_id": "default",
                                "email": null,
                                "enabled": true,
                                "id": "9c3305334b1c4697a87900aaec45e84c",
                                "name": "ironic",
                                "username": null
                            },
                            "warnings": [
                                "Module did not set no_log for update_password"
                            ]
                        }
                    },
                    "task": {
                        "duration": {
                            "end": "2023-02-15T20:41:22.936168Z",
                            "start": "2023-02-15T20:41:16.408126Z"
                        },
                        "id": "fa163ec9-860e-cb8a-b147-000000000009",
                        "name": "os_user"
                    }
                }
            ]
        }
    ],
    "stats": {
        "localhost": {
            "changed": 1,
            "failures": 0,
            "ignored": 0,
            "ok": 1,
            "rescued": 0,
            "skipped": 0,
            "unreachable": 0
        }
    }
}
2023-02-15 15:41:33,165 p=366 u=ansible n=ansible | {
    "custom_stats": {},
    "global_custom_stats": {},
    "plays": [
        {
            "play": {
                "duration": {
                    "end": "2023-02-15T20:41:33.136140Z",
                    "start": "2023-02-15T20:41:25.789211Z"
                },
                "id": "fa163ec9-860e-1316-e2b3-000000000007",
                "name": "Ansible Ad-Hoc"
            },
            "tasks": [
                {
                    "hosts": {
                        "localhost": {
                            "_ansible_no_log": null,
                            "action": "os_user",
                            "changed": true,
                            "invocation": {
                                "module_args": {
                                    "api_timeout": null,
                                    "auth": {
                                        "auth_url": "http://169.16.1.172:5000",
                                        "password": "I5o2EAAoXCn04ynWjKpzAl747M0hqkZnPhfACGYt",
                                        "system_scope": "all",
                                        "user_domain_name": "Default",
                                        "username": "admin"
                                    },
                                    "auth_type": null,
                                    "availability_zone": null,
                                    "ca_cert": "",
                                    "cacert": "",
                                    "client_cert": null,
                                    "client_key": null,
                                    "default_project": "service",
                                    "description": null,
                                    "domain": "default",
                                    "email": null,
                                    "enabled": true,
                                    "interface": "internal",
                                    "name": "ironic-inspector",
                                    "password": "VALUE_SPECIFIED_IN_NO_LOG_PARAMETER",
                                    "region_name": "RegionOne",
                                    "sdk_log_level": "INFO",
                                    "sdk_log_path": null,
                                    "state": "present",
                                    "timeout": 180,
                                    "update_password": "on_create",
                                    "validate_certs": null,
                                    "wait": true
                                }
                            },
                            "user": {
                                "default_project_id": "08e56b37ab8c46bea53935e48eeb74b2",
                                "description": null,
                                "domain_id": "default",
                                "email": null,
                                "enabled": true,
                                "id": "5e9e026dbd114bbca327ab33bfb03b5b",
                                "name": "ironic-inspector",
                                "username": null
                            },
                            "warnings": [
                                "Module did not set no_log for update_password"
                            ]
                        }
                    },
                    "task": {
                        "duration": {
                            "end": "2023-02-15T20:41:33.136140Z",
                            "start": "2023-02-15T20:41:25.937849Z"
                        },
                        "id": "fa163ec9-860e-1316-e2b3-000000000009",
                        "name": "os_user"
                    }
                }
            ]
        }
    ],
    "stats": {
        "localhost": {
            "changed": 1,
            "failures": 0,
            "ignored": 0,
            "ok": 1,
            "rescued": 0,
            "skipped": 0,
            "unreachable": 0
        }
    }
}
2023-02-15 15:41:40,671 p=389 u=ansible n=ansible | {
    "custom_stats": {},
    "global_custom_stats": {},
    "plays": [
        {
            "play": {
                "duration": {
                    "end": "2023-02-15T20:41:40.650265Z",
                    "start": "2023-02-15T20:41:36.798355Z"
                },
                "id": "fa163ec9-860e-6b60-662f-000000000007",
                "name": "Ansible Ad-Hoc"
            },
            "tasks": [
                {
                    "hosts": {
                        "localhost": {
                            "_ansible_no_log": null,
                            "action": "os_keystone_role",
                            "changed": false,
                            "invocation": {
                                "module_args": {
                                    "api_timeout": null,
                                    "auth": {
                                        "auth_url": "http://169.16.1.172:5000",
                                        "password": "I5o2EAAoXCn04ynWjKpzAl747M0hqkZnPhfACGYt",
                                        "system_scope": "all",
                                        "user_domain_name": "Default",
                                        "username": "admin"
                                    },
                                    "auth_type": null,
                                    "availability_zone": null,
                                    "ca_cert": "",
                                    "cacert": "",
                                    "client_cert": null,
                                    "client_key": null,
                                    "interface": "internal",
                                    "name": "admin",
                                    "region_name": "RegionOne",
                                    "sdk_log_level": "INFO",
                                    "sdk_log_path": null,
                                    "state": "present",
                                    "timeout": 180,
                                    "validate_certs": null,
                                    "wait": true
                                }
                            },
                            "role": {
                                "domain_id": null,
                                "id": "0cc564815dd0434fa9d1a6724a6ec240",
                                "location": {
                                    "cloud": "defaults",
                                    "project": {
                                        "domain_id": null,
                                        "domain_name": null,
                                        "id": null,
                                        "name": null
                                    },
                                    "region_name": null,
                                    "zone": null
                                },
                                "name": "admin",
                                "properties": {}
                            }
                        }
                    },
                    "task": {
                        "duration": {
                            "end": "2023-02-15T20:41:40.650265Z",
                            "start": "2023-02-15T20:41:36.926044Z"
                        },
                        "id": "fa163ec9-860e-6b60-662f-000000000009",
                        "name": "os_keystone_role"
                    }
                }
            ]
        }
    ],
    "stats": {
        "localhost": {
            "changed": 0,
            "failures": 0,
            "ignored": 0,
            "ok": 1,
            "rescued": 0,
            "skipped": 0,
            "unreachable": 0
        }
    }
}
2023-02-15 15:41:54,559 p=413 u=ansible n=ansible | {
    "custom_stats": {},
    "global_custom_stats": {},
    "plays": [
        {
            "play": {
                "duration": {
                    "end": "2023-02-15T20:41:54.534684Z",
                    "start": "2023-02-15T20:41:43.558288Z"
                },
                "id": "fa163ec9-860e-e127-03ab-000000000007",
                "name": "Ansible Ad-Hoc"
            },
            "tasks": [
                {
                    "hosts": {
                        "localhost": {
                            "_ansible_no_log": null,
                            "action": "os_user_role",
                            "changed": true,
                            "invocation": {
                                "module_args": {
                                    "api_timeout": null,
                                    "auth": {
                                        "auth_url": "http://169.16.1.172:5000",
                                        "password": "I5o2EAAoXCn04ynWjKpzAl747M0hqkZnPhfACGYt",
                                        "system_scope": "all",
                                        "user_domain_name": "Default",
                                        "username": "admin"
                                    },
                                    "auth_type": null,
                                    "availability_zone": null,
                                    "ca_cert": "",
                                    "cacert": "",
                                    "client_cert": null,
                                    "client_key": null,
                                    "domain": "default",
                                    "group": null,
                                    "interface": "internal",
                                    "project": "service",
                                    "region_name": "RegionOne",
                                    "role": "admin",
                                    "sdk_log_level": "INFO",
                                    "sdk_log_path": null,
                                    "state": "present",
                                    "timeout": 180,
                                    "user": "ironic",
                                    "validate_certs": null,
                                    "wait": true
                                }
                            }
                        }
                    },
                    "task": {
                        "duration": {
                            "end": "2023-02-15T20:41:54.534684Z",
                            "start": "2023-02-15T20:41:43.677638Z"
                        },
                        "id": "fa163ec9-860e-e127-03ab-000000000009",
                        "name": "os_user_role"
                    }
                }
            ]
        }
    ],
    "stats": {
        "localhost": {
            "changed": 1,
            "failures": 0,
            "ignored": 0,
            "ok": 1,
            "rescued": 0,
            "skipped": 0,
            "unreachable": 0
        }
    }
}
2023-02-15 15:42:07,436 p=437 u=ansible n=ansible | {
    "custom_stats": {},
    "global_custom_stats": {},
    "plays": [
        {
            "play": {
                "duration": {
                    "end": "2023-02-15T20:42:07.407588Z",
                    "start": "2023-02-15T20:41:57.627977Z"
                },
                "id": "fa163ec9-860e-cf36-c732-000000000007",
                "name": "Ansible Ad-Hoc"
            },
            "tasks": [
                {
                    "hosts": {
                        "localhost": {
                            "_ansible_no_log": null,
                            "action": "os_user_role",
                            "changed": true,
                            "invocation": {
                                "module_args": {
                                    "api_timeout": null,
                                    "auth": {
                                        "auth_url": "http://169.16.1.172:5000",
                                        "password": "I5o2EAAoXCn04ynWjKpzAl747M0hqkZnPhfACGYt",
                                        "system_scope": "all",
                                        "user_domain_name": "Default",
                                        "username": "admin"
                                    },
                                    "auth_type": null,
                                    "availability_zone": null,
                                    "ca_cert": "",
                                    "cacert": "",
                                    "client_cert": null,
                                    "client_key": null,
                                    "domain": "default",
                                    "group": null,
                                    "interface": "internal",
                                    "project": "service",
                                    "region_name": "RegionOne",
                                    "role": "admin",
                                    "sdk_log_level": "INFO",
                                    "sdk_log_path": null,
                                    "state": "present",
                                    "timeout": 180,
                                    "user": "ironic-inspector",
                                    "validate_certs": null,
                                    "wait": true
                                }
                            }
                        }
                    },
                    "task": {
                        "duration": {
                            "end": "2023-02-15T20:42:07.407588Z",
                            "start": "2023-02-15T20:41:57.753049Z"
                        },
                        "id": "fa163ec9-860e-cf36-c732-000000000009",
                        "name": "os_user_role"
                    }
                }
            ]
        }
    ],
    "stats": {
        "localhost": {
            "changed": 1,
            "failures": 0,
            "ignored": 0,
            "ok": 1,
            "rescued": 0,
            "skipped": 0,
            "unreachable": 0
        }
    }
}
2023-02-15 15:43:32,790 p=461 u=ansible n=ansible | {
    "custom_stats": {},
    "global_custom_stats": {},
    "plays": [
        {
            "play": {
                "duration": {
                    "end": "2023-02-15T20:43:32.763816Z",
                    "start": "2023-02-15T20:43:31.500192Z"
                },
                "id": "fa163ec9-860e-53df-b2b2-000000000007",
                "name": "Ansible Ad-Hoc"
            },
            "tasks": [
                {
                    "hosts": {
                        "localhost": {
                            "_ansible_no_log": null,
                            "action": "mysql_db",
                            "changed": true,
                            "db": "ironic",
                            "db_list": [
                                "ironic"
                            ],
                            "executed_commands": [
                                "CREATE DATABASE `ironic`"
                            ],
                            "invocation": {
                                "module_args": {
                                    "ca_cert": null,
                                    "check_hostname": null,
                                    "check_implicit_admin": false,
                                    "client_cert": null,
                                    "client_key": null,
                                    "collation": "",
                                    "config_file": "/var/lib/ansible/.my.cnf",
                                    "config_overrides_defaults": false,
                                    "connect_timeout": 30,
                                    "dump_extra_args": null,
                                    "encoding": "",
                                    "force": false,
                                    "hex_blob": false,
                                    "ignore_tables": [],
                                    "login_host": "169.16.1.172",
                                    "login_password": "VALUE_SPECIFIED_IN_NO_LOG_PARAMETER",
                                    "login_port": 3306,
                                    "login_unix_socket": null,
                                    "login_user": "root",
                                    "master_data": 0,
                                    "name": [
                                        "ironic"
                                    ],
                                    "quick": true,
                                    "restrict_config_file": false,
                                    "single_transaction": false,
                                    "skip_lock_tables": false,
                                    "state": "present",
                                    "target": null,
                                    "unsafe_login_password": false,
                                    "use_shell": false
                                }
                            }
                        }
                    },
                    "task": {
                        "duration": {
                            "end": "2023-02-15T20:43:32.763816Z",
                            "start": "2023-02-15T20:43:31.618524Z"
                        },
                        "id": "fa163ec9-860e-53df-b2b2-000000000009",
                        "name": "mysql_db"
                    }
                }
            ]
        }
    ],
    "stats": {
        "localhost": {
            "changed": 1,
            "failures": 0,
            "ignored": 0,
            "ok": 1,
            "rescued": 0,
            "skipped": 0,
            "unreachable": 0
        }
    }
}
2023-02-15 15:43:36,770 p=485 u=ansible n=ansible | {
    "custom_stats": {},
    "global_custom_stats": {},
    "plays": [
        {
            "play": {
                "duration": {
                    "end": "2023-02-15T20:43:36.743544Z",
                    "start": "2023-02-15T20:43:35.385335Z"
                },
                "id": "fa163ec9-860e-ea00-9627-000000000007",
                "name": "Ansible Ad-Hoc"
            },
            "tasks": [
                {
                    "hosts": {
                        "localhost": {
                            "_ansible_no_log": null,
                            "action": "mysql_db",
                            "changed": true,
                            "db": "ironic_inspector",
                            "db_list": [
                                "ironic_inspector"
                            ],
                            "executed_commands": [
                                "CREATE DATABASE `ironic_inspector`"
                            ],
                            "invocation": {
                                "module_args": {
                                    "ca_cert": null,
                                    "check_hostname": null,
                                    "check_implicit_admin": false,
                                    "client_cert": null,
                                    "client_key": null,
                                    "collation": "",
                                    "config_file": "/var/lib/ansible/.my.cnf",
                                    "config_overrides_defaults": false,
                                    "connect_timeout": 30,
                                    "dump_extra_args": null,
                                    "encoding": "",
                                    "force": false,
                                    "hex_blob": false,
                                    "ignore_tables": [],
                                    "login_host": "169.16.1.172",
                                    "login_password": "VALUE_SPECIFIED_IN_NO_LOG_PARAMETER",
                                    "login_port": 3306,
                                    "login_unix_socket": null,
                                    "login_user": "root",
                                    "master_data": 0,
                                    "name": [
                                        "ironic_inspector"
                                    ],
                                    "quick": true,
                                    "restrict_config_file": false,
                                    "single_transaction": false,
                                    "skip_lock_tables": false,
                                    "state": "present",
                                    "target": null,
                                    "unsafe_login_password": false,
                                    "use_shell": false
                                }
                            }
                        }
                    },
                    "task": {
                        "duration": {
                            "end": "2023-02-15T20:43:36.743544Z",
                            "start": "2023-02-15T20:43:35.506992Z"
                        },
                        "id": "fa163ec9-860e-ea00-9627-000000000009",
                        "name": "mysql_db"
                    }
                }
            ]
        }
    ],
    "stats": {
        "localhost": {
            "changed": 1,
            "failures": 0,
            "ignored": 0,
            "ok": 1,
            "rescued": 0,
            "skipped": 0,
            "unreachable": 0
        }
    }
}
2023-02-15 15:43:41,973 p=509 u=ansible n=ansible | {
    "custom_stats": {},
    "global_custom_stats": {},
    "plays": [
        {
            "play": {
                "duration": {
                    "end": "2023-02-15T20:43:41.946318Z",
                    "start": "2023-02-15T20:43:40.496158Z"
                },
                "id": "fa163ec9-860e-01f1-66d9-000000000007",
                "name": "Ansible Ad-Hoc"
            },
            "tasks": [
                {
                    "hosts": {
                        "localhost": {
                            "_ansible_no_log": null,
                            "action": "mysql_user",
                            "changed": true,
                            "invocation": {
                                "module_args": {
                                    "append_privs": true,
                                    "ca_cert": null,
                                    "check_hostname": null,
                                    "check_implicit_admin": false,
                                    "client_cert": null,
                                    "client_key": null,
                                    "config_file": "/var/lib/ansible/.my.cnf",
                                    "connect_timeout": 30,
                                    "encrypted": false,
                                    "host": "%",
                                    "host_all": false,
                                    "login_host": "169.16.1.172",
                                    "login_password": "VALUE_SPECIFIED_IN_NO_LOG_PARAMETER",
                                    "login_port": 3306,
                                    "login_unix_socket": null,
                                    "login_user": "root",
                                    "name": "ironic",
                                    "password": "VALUE_SPECIFIED_IN_NO_LOG_PARAMETER",
                                    "plugin": null,
                                    "plugin_auth_string": null,
                                    "plugin_hash_string": null,
                                    "priv": "ironic.*:ALL",
                                    "resource_limits": null,
                                    "sql_log_bin": true,
                                    "state": "present",
                                    "tls_requires": null,
                                    "update_password": "always",
                                    "user": "ironic"
                                }
                            },
                            "msg": "User added",
                            "user": "ironic"
                        }
                    },
                    "task": {
                        "duration": {
                            "end": "2023-02-15T20:43:41.946318Z",
                            "start": "2023-02-15T20:43:40.605894Z"
                        },
                        "id": "fa163ec9-860e-01f1-66d9-000000000009",
                        "name": "mysql_user"
                    }
                }
            ]
        }
    ],
    "stats": {
        "localhost": {
            "changed": 1,
            "failures": 0,
            "ignored": 0,
            "ok": 1,
            "rescued": 0,
            "skipped": 0,
            "unreachable": 0
        }
    }
}
2023-02-15 15:43:46,319 p=533 u=ansible n=ansible | {
    "custom_stats": {},
    "global_custom_stats": {},
    "plays": [
        {
            "play": {
                "duration": {
                    "end": "2023-02-15T20:43:46.294383Z",
                    "start": "2023-02-15T20:43:44.877852Z"
                },
                "id": "fa163ec9-860e-f00a-62c5-000000000007",
                "name": "Ansible Ad-Hoc"
            },
            "tasks": [
                {
                    "hosts": {
                        "localhost": {
                            "_ansible_no_log": null,
                            "action": "mysql_user",
                            "changed": true,
                            "invocation": {
                                "module_args": {
                                    "append_privs": true,
                                    "ca_cert": null,
                                    "check_hostname": null,
                                    "check_implicit_admin": false,
                                    "client_cert": null,
                                    "client_key": null,
                                    "config_file": "/var/lib/ansible/.my.cnf",
                                    "connect_timeout": 30,
                                    "encrypted": false,
                                    "host": "%",
                                    "host_all": false,
                                    "login_host": "169.16.1.172",
                                    "login_password": "VALUE_SPECIFIED_IN_NO_LOG_PARAMETER",
                                    "login_port": 3306,
                                    "login_unix_socket": null,
                                    "login_user": "root",
                                    "name": "ironic_inspector",
                                    "password": "VALUE_SPECIFIED_IN_NO_LOG_PARAMETER",
                                    "plugin": null,
                                    "plugin_auth_string": null,
                                    "plugin_hash_string": null,
                                    "priv": "ironic_inspector.*:ALL",
                                    "resource_limits": null,
                                    "sql_log_bin": true,
                                    "state": "present",
                                    "tls_requires": null,
                                    "update_password": "always",
                                    "user": "ironic_inspector"
                                }
                            },
                            "msg": "User added",
                            "user": "ironic_inspector"
                        }
                    },
                    "task": {
                        "duration": {
                            "end": "2023-02-15T20:43:46.294383Z",
                            "start": "2023-02-15T20:43:44.990468Z"
                        },
                        "id": "fa163ec9-860e-f00a-62c5-000000000009",
                        "name": "mysql_user"
                    }
                }
            ]
        }
    ],
    "stats": {
        "localhost": {
            "changed": 1,
            "failures": 0,
            "ignored": 0,
            "ok": 1,
            "rescued": 0,
            "skipped": 0,
            "unreachable": 0
        }
    }
}
