2023-04-06 05:27:26,932 p=5759 u=root n=ansible | [WARNING]: Invalid characters were found in group names but not replaced, use
-vvvv to see details

2023-04-06 05:27:28,778 p=5759 u=root n=ansible | PLAY [Gather facts for all hosts] **********************************************
2023-04-06 05:27:29,136 p=5759 u=root n=ansible | TASK [Gather facts] ************************************************************
2023-04-06 05:27:33,244 p=5759 u=root n=ansible | ok: [localhost]
2023-04-06 05:27:33,342 p=5759 u=root n=ansible | TASK [Group hosts to determine when using --limit] *****************************
2023-04-06 05:27:33,408 p=5759 u=root n=ansible | ok: [localhost]
2023-04-06 05:27:33,577 p=5759 u=root n=ansible | [WARNING]: Could not match supplied host pattern, ignoring:
all_using_limit_True

2023-04-06 05:27:33,587 p=5759 u=root n=ansible | PLAY [Gather facts for all hosts (if using --limit)] ***************************
2023-04-06 05:27:33,588 p=5759 u=root n=ansible | skipping: no hosts matched
2023-04-06 05:27:33,599 p=5759 u=root n=ansible | PLAY [Apply role baremetal] ****************************************************
2023-04-06 05:27:33,812 p=5759 u=root n=ansible | TASK [openstack.kolla.baremetal : Ensure localhost in /etc/hosts] **************
2023-04-06 05:27:34,716 p=5759 u=root n=ansible | changed: [localhost]
2023-04-06 05:27:34,798 p=5759 u=root n=ansible | TASK [openstack.kolla.baremetal : Ensure hostname does not point to 127.0.1.1 in /etc/hosts] ***
2023-04-06 05:27:35,293 p=5759 u=root n=ansible | ok: [localhost]
2023-04-06 05:27:35,383 p=5759 u=root n=ansible | TASK [openstack.kolla.baremetal : Generate /etc/hosts for all of the nodes] ****
2023-04-06 05:27:36,901 p=5759 u=root n=ansible | changed: [localhost]
2023-04-06 05:27:37,017 p=5759 u=root n=ansible | TASK [openstack.kolla.baremetal : Ensure unprivileged users can use ping] ******
2023-04-06 05:27:37,901 p=5759 u=root n=ansible | changed: [localhost]
2023-04-06 05:27:37,986 p=5759 u=root n=ansible | TASK [openstack.kolla.baremetal : Ensure /etc/cloud/cloud.cfg exists] **********
2023-04-06 05:27:38,951 p=5759 u=root n=ansible | ok: [localhost]
2023-04-06 05:27:39,037 p=5759 u=root n=ansible | TASK [openstack.kolla.baremetal : Disable cloud-init manage_etc_hosts] *********
2023-04-06 05:27:40,540 p=5759 u=root n=ansible | changed: [localhost]
2023-04-06 05:27:40,626 p=5759 u=root n=ansible | TASK [openstack.kolla.baremetal : Set firewall default policy] *****************
2023-04-06 05:27:40,678 p=5759 u=root n=ansible | skipping: [localhost]
2023-04-06 05:27:40,768 p=5759 u=root n=ansible | TASK [openstack.kolla.baremetal : Check if firewalld is installed] *************
2023-04-06 05:27:41,711 p=5759 u=root n=ansible | ok: [localhost]
2023-04-06 05:27:41,830 p=5759 u=root n=ansible | TASK [openstack.kolla.baremetal : Disable firewalld] ***************************
2023-04-06 05:27:41,902 p=5759 u=root n=ansible | skipping: [localhost] => (item=firewalld) 
2023-04-06 05:27:41,994 p=5759 u=root n=ansible | TASK [openstack.kolla.docker : Fail if docker_custom_option is defined] ********
2023-04-06 05:27:42,061 p=5759 u=root n=ansible | skipping: [localhost]
2023-04-06 05:27:42,145 p=5759 u=root n=ansible | TASK [openstack.kolla.docker : include_tasks] **********************************
2023-04-06 05:27:42,192 p=5759 u=root n=ansible | skipping: [localhost]
2023-04-06 05:27:42,303 p=5759 u=root n=ansible | TASK [openstack.kolla.docker : Ensure docker config directory exists] **********
2023-04-06 05:27:43,280 p=5759 u=root n=ansible | ok: [localhost]
2023-04-06 05:27:43,390 p=5759 u=root n=ansible | TASK [openstack.kolla.docker : Write docker config] ****************************
2023-04-06 05:27:44,762 p=5759 u=root n=ansible | changed: [localhost]
2023-04-06 05:27:44,859 p=5759 u=root n=ansible | TASK [openstack.kolla.docker : Remove old docker options file] *****************
2023-04-06 05:27:45,400 p=5759 u=root n=ansible | ok: [localhost]
2023-04-06 05:27:45,480 p=5759 u=root n=ansible | TASK [openstack.kolla.docker : Ensure docker service directory exists] *********
2023-04-06 05:27:45,529 p=5759 u=root n=ansible | skipping: [localhost]
2023-04-06 05:27:45,619 p=5759 u=root n=ansible | TASK [openstack.kolla.docker : Configure docker service] ***********************
2023-04-06 05:27:45,670 p=5759 u=root n=ansible | skipping: [localhost]
2023-04-06 05:27:45,755 p=5759 u=root n=ansible | TASK [openstack.kolla.docker : Ensure the path for CA file for private registry exists] ***
2023-04-06 05:27:45,807 p=5759 u=root n=ansible | skipping: [localhost]
2023-04-06 05:27:45,893 p=5759 u=root n=ansible | TASK [openstack.kolla.docker : Ensure the CA file for private registry exists] ***
2023-04-06 05:27:45,946 p=5759 u=root n=ansible | skipping: [localhost]
2023-04-06 05:27:46,085 p=5759 u=root n=ansible | TASK [openstack.kolla.docker : Flush handlers] *********************************
2023-04-06 05:27:46,086 p=5759 u=root n=ansible | RUNNING HANDLER [openstack.kolla.docker : Restart docker] **********************
2023-04-06 05:27:52,016 p=5759 u=root n=ansible | changed: [localhost]
2023-04-06 05:27:52,115 p=5759 u=root n=ansible | TASK [openstack.kolla.docker : Start and enable docker] ************************
2023-04-06 05:27:53,126 p=5759 u=root n=ansible | ok: [localhost]
2023-04-06 05:27:53,215 p=5759 u=root n=ansible | TASK [openstack.kolla.docker : include_tasks] **********************************
2023-04-06 05:27:53,258 p=5759 u=root n=ansible | skipping: [localhost]
2023-04-06 05:27:53,422 p=5759 u=root n=ansible | TASK [openstack.kolla.kolla_user : Ensure groups are present] ******************
2023-04-06 05:27:53,474 p=5759 u=root n=ansible | skipping: [localhost] => (item=docker) 
2023-04-06 05:27:53,481 p=5759 u=root n=ansible | skipping: [localhost] => (item=sudo) 
2023-04-06 05:27:53,487 p=5759 u=root n=ansible | skipping: [localhost] => (item=kolla) 
2023-04-06 05:27:53,574 p=5759 u=root n=ansible | TASK [openstack.kolla.kolla_user : Create kolla user] **************************
2023-04-06 05:27:53,617 p=5759 u=root n=ansible | skipping: [localhost]
2023-04-06 05:27:53,701 p=5759 u=root n=ansible | TASK [openstack.kolla.kolla_user : Add public key to kolla user authorized keys] ***
2023-04-06 05:27:53,762 p=5759 u=root n=ansible | skipping: [localhost]
2023-04-06 05:27:53,846 p=5759 u=root n=ansible | TASK [openstack.kolla.kolla_user : Grant kolla user passwordless sudo] *********
2023-04-06 05:27:53,885 p=5759 u=root n=ansible | skipping: [localhost]
2023-04-06 05:27:54,047 p=5759 u=root n=ansible | TASK [openstack.kolla.docker_sdk : Install latest pip in the virtualenv] *******
2023-04-06 05:27:54,112 p=5759 u=root n=ansible | skipping: [localhost]
2023-04-06 05:27:54,199 p=5759 u=root n=ansible | TASK [openstack.kolla.docker_sdk : Install docker SDK for python] **************
2023-04-06 05:28:20,530 p=5759 u=root n=ansible | ok: [localhost]
2023-04-06 05:28:20,693 p=5759 u=root n=ansible | TASK [openstack.kolla.baremetal : Ensure node_config_directory directory exists] ***
2023-04-06 05:28:21,217 p=5759 u=root n=ansible | ok: [localhost]
2023-04-06 05:28:21,309 p=5759 u=root n=ansible | TASK [openstack.kolla.apparmor_libvirt : include_tasks] ************************
2023-04-06 05:28:21,364 p=5759 u=root n=ansible | skipping: [localhost]
2023-04-06 05:28:21,553 p=5759 u=root n=ansible | TASK [openstack.kolla.baremetal : Change state of selinux] *********************
2023-04-06 05:28:23,347 p=5759 u=root n=ansible | ok: [localhost]
2023-04-06 05:28:23,447 p=5759 u=root n=ansible | TASK [openstack.kolla.baremetal : Set https proxy for git] *********************
2023-04-06 05:28:23,519 p=5759 u=root n=ansible | skipping: [localhost]
2023-04-06 05:28:23,626 p=5759 u=root n=ansible | TASK [openstack.kolla.baremetal : Set http proxy for git] **********************
2023-04-06 05:28:23,677 p=5759 u=root n=ansible | skipping: [localhost]
2023-04-06 05:28:23,809 p=5759 u=root n=ansible | TASK [openstack.kolla.baremetal : include_tasks] *******************************
2023-04-06 05:28:23,857 p=5759 u=root n=ansible | skipping: [localhost]
2023-04-06 05:28:24,152 p=5759 u=root n=ansible | PLAY RECAP *********************************************************************
2023-04-06 05:28:24,152 p=5759 u=root n=ansible | localhost                  : ok=17   changed=6    unreachable=0    failed=0    skipped=18   rescued=0    ignored=0   
