2023-03-15 11:56:53,160 p=5761 u=root n=ansible | [WARNING]: Invalid characters were found in group names but not replaced, use
-vvvv to see details

2023-03-15 11:56:54,881 p=5761 u=root n=ansible | PLAY [Gather facts for all hosts] **********************************************
2023-03-15 11:56:55,149 p=5761 u=root n=ansible | TASK [Gather facts] ************************************************************
2023-03-15 11:56:58,748 p=5761 u=root n=ansible | ok: [localhost]
2023-03-15 11:56:58,837 p=5761 u=root n=ansible | TASK [Group hosts to determine when using --limit] *****************************
2023-03-15 11:56:58,911 p=5761 u=root n=ansible | ok: [localhost]
2023-03-15 11:56:59,102 p=5761 u=root n=ansible | [WARNING]: Could not match supplied host pattern, ignoring:
all_using_limit_True

2023-03-15 11:56:59,111 p=5761 u=root n=ansible | PLAY [Gather facts for all hosts (if using --limit)] ***************************
2023-03-15 11:56:59,111 p=5761 u=root n=ansible | skipping: no hosts matched
2023-03-15 11:56:59,121 p=5761 u=root n=ansible | PLAY [Apply role baremetal] ****************************************************
2023-03-15 11:56:59,347 p=5761 u=root n=ansible | TASK [openstack.kolla.baremetal : Ensure localhost in /etc/hosts] **************
2023-03-15 11:57:00,215 p=5761 u=root n=ansible | changed: [localhost]
2023-03-15 11:57:00,304 p=5761 u=root n=ansible | TASK [openstack.kolla.baremetal : Ensure hostname does not point to 127.0.1.1 in /etc/hosts] ***
2023-03-15 11:57:00,826 p=5761 u=root n=ansible | ok: [localhost]
2023-03-15 11:57:00,916 p=5761 u=root n=ansible | TASK [openstack.kolla.baremetal : Generate /etc/hosts for all of the nodes] ****
2023-03-15 11:57:02,340 p=5761 u=root n=ansible | changed: [localhost]
2023-03-15 11:57:02,460 p=5761 u=root n=ansible | TASK [openstack.kolla.baremetal : Ensure unprivileged users can use ping] ******
2023-03-15 11:57:03,370 p=5761 u=root n=ansible | changed: [localhost]
2023-03-15 11:57:03,459 p=5761 u=root n=ansible | TASK [openstack.kolla.baremetal : Ensure /etc/cloud/cloud.cfg exists] **********
2023-03-15 11:57:04,591 p=5761 u=root n=ansible | ok: [localhost]
2023-03-15 11:57:04,717 p=5761 u=root n=ansible | TASK [openstack.kolla.baremetal : Disable cloud-init manage_etc_hosts] *********
2023-03-15 11:57:06,266 p=5761 u=root n=ansible | changed: [localhost]
2023-03-15 11:57:06,359 p=5761 u=root n=ansible | TASK [openstack.kolla.baremetal : Set firewall default policy] *****************
2023-03-15 11:57:06,432 p=5761 u=root n=ansible | skipping: [localhost]
2023-03-15 11:57:06,522 p=5761 u=root n=ansible | TASK [openstack.kolla.baremetal : Check if firewalld is installed] *************
2023-03-15 11:57:07,475 p=5761 u=root n=ansible | ok: [localhost]
2023-03-15 11:57:07,583 p=5761 u=root n=ansible | TASK [openstack.kolla.baremetal : Disable firewalld] ***************************
2023-03-15 11:57:07,643 p=5761 u=root n=ansible | skipping: [localhost] => (item=firewalld) 
2023-03-15 11:57:07,753 p=5761 u=root n=ansible | TASK [openstack.kolla.docker : Fail if docker_custom_option is defined] ********
2023-03-15 11:57:07,804 p=5761 u=root n=ansible | skipping: [localhost]
2023-03-15 11:57:07,909 p=5761 u=root n=ansible | TASK [openstack.kolla.docker : include_tasks] **********************************
2023-03-15 11:57:07,949 p=5761 u=root n=ansible | skipping: [localhost]
2023-03-15 11:57:08,039 p=5761 u=root n=ansible | TASK [openstack.kolla.docker : Ensure docker config directory exists] **********
2023-03-15 11:57:08,918 p=5761 u=root n=ansible | ok: [localhost]
2023-03-15 11:57:09,000 p=5761 u=root n=ansible | TASK [openstack.kolla.docker : Write docker config] ****************************
2023-03-15 11:57:10,208 p=5761 u=root n=ansible | changed: [localhost]
2023-03-15 11:57:10,292 p=5761 u=root n=ansible | TASK [openstack.kolla.docker : Remove old docker options file] *****************
2023-03-15 11:57:10,770 p=5761 u=root n=ansible | ok: [localhost]
2023-03-15 11:57:10,854 p=5761 u=root n=ansible | TASK [openstack.kolla.docker : Ensure docker service directory exists] *********
2023-03-15 11:57:10,898 p=5761 u=root n=ansible | skipping: [localhost]
2023-03-15 11:57:10,980 p=5761 u=root n=ansible | TASK [openstack.kolla.docker : Configure docker service] ***********************
2023-03-15 11:57:11,024 p=5761 u=root n=ansible | skipping: [localhost]
2023-03-15 11:57:11,107 p=5761 u=root n=ansible | TASK [openstack.kolla.docker : Ensure the path for CA file for private registry exists] ***
2023-03-15 11:57:11,152 p=5761 u=root n=ansible | skipping: [localhost]
2023-03-15 11:57:11,238 p=5761 u=root n=ansible | TASK [openstack.kolla.docker : Ensure the CA file for private registry exists] ***
2023-03-15 11:57:11,283 p=5761 u=root n=ansible | skipping: [localhost]
2023-03-15 11:57:11,364 p=5761 u=root n=ansible | TASK [openstack.kolla.docker : Flush handlers] *********************************
2023-03-15 11:57:11,364 p=5761 u=root n=ansible | RUNNING HANDLER [openstack.kolla.docker : Restart docker] **********************
2023-03-15 11:57:16,152 p=5761 u=root n=ansible | changed: [localhost]
2023-03-15 11:57:16,249 p=5761 u=root n=ansible | TASK [openstack.kolla.docker : Start and enable docker] ************************
2023-03-15 11:57:17,130 p=5761 u=root n=ansible | ok: [localhost]
2023-03-15 11:57:17,214 p=5761 u=root n=ansible | TASK [openstack.kolla.docker : include_tasks] **********************************
2023-03-15 11:57:17,259 p=5761 u=root n=ansible | skipping: [localhost]
2023-03-15 11:57:17,421 p=5761 u=root n=ansible | TASK [openstack.kolla.kolla_user : Ensure groups are present] ******************
2023-03-15 11:57:17,473 p=5761 u=root n=ansible | skipping: [localhost] => (item=docker) 
2023-03-15 11:57:17,475 p=5761 u=root n=ansible | skipping: [localhost] => (item=sudo) 
2023-03-15 11:57:17,484 p=5761 u=root n=ansible | skipping: [localhost] => (item=kolla) 
2023-03-15 11:57:17,571 p=5761 u=root n=ansible | TASK [openstack.kolla.kolla_user : Create kolla user] **************************
2023-03-15 11:57:17,610 p=5761 u=root n=ansible | skipping: [localhost]
2023-03-15 11:57:17,694 p=5761 u=root n=ansible | TASK [openstack.kolla.kolla_user : Add public key to kolla user authorized keys] ***
2023-03-15 11:57:17,732 p=5761 u=root n=ansible | skipping: [localhost]
2023-03-15 11:57:17,818 p=5761 u=root n=ansible | TASK [openstack.kolla.kolla_user : Grant kolla user passwordless sudo] *********
2023-03-15 11:57:17,857 p=5761 u=root n=ansible | skipping: [localhost]
2023-03-15 11:57:18,029 p=5761 u=root n=ansible | TASK [openstack.kolla.docker_sdk : Install latest pip in the virtualenv] *******
2023-03-15 11:57:18,088 p=5761 u=root n=ansible | skipping: [localhost]
2023-03-15 11:57:18,178 p=5761 u=root n=ansible | TASK [openstack.kolla.docker_sdk : Install docker SDK for python] **************
2023-03-15 11:57:44,265 p=5761 u=root n=ansible | ok: [localhost]
2023-03-15 11:57:44,429 p=5761 u=root n=ansible | TASK [openstack.kolla.baremetal : Ensure node_config_directory directory exists] ***
2023-03-15 11:57:44,928 p=5761 u=root n=ansible | ok: [localhost]
2023-03-15 11:57:45,018 p=5761 u=root n=ansible | TASK [openstack.kolla.apparmor_libvirt : include_tasks] ************************
2023-03-15 11:57:45,055 p=5761 u=root n=ansible | skipping: [localhost]
2023-03-15 11:57:45,226 p=5761 u=root n=ansible | TASK [openstack.kolla.baremetal : Change state of selinux] *********************
2023-03-15 11:57:46,692 p=5761 u=root n=ansible | ok: [localhost]
2023-03-15 11:57:46,809 p=5761 u=root n=ansible | TASK [openstack.kolla.baremetal : Set https proxy for git] *********************
2023-03-15 11:57:46,849 p=5761 u=root n=ansible | skipping: [localhost]
2023-03-15 11:57:46,954 p=5761 u=root n=ansible | TASK [openstack.kolla.baremetal : Set http proxy for git] **********************
2023-03-15 11:57:47,010 p=5761 u=root n=ansible | skipping: [localhost]
2023-03-15 11:57:47,094 p=5761 u=root n=ansible | TASK [openstack.kolla.baremetal : include_tasks] *******************************
2023-03-15 11:57:47,141 p=5761 u=root n=ansible | skipping: [localhost]
2023-03-15 11:57:47,396 p=5761 u=root n=ansible | PLAY RECAP *********************************************************************
2023-03-15 11:57:47,397 p=5761 u=root n=ansible | localhost                  : ok=17   changed=6    unreachable=0    failed=0    skipped=18   rescued=0    ignored=0   
