- - - [14/Mar/2023:19:59:47 -0400] "GET / HTTP/1.1" 200 468 6945885 "-" "ironic-inspector keystoneauth1/5.1.0 python-requests/2.28.1 CPython/3.9.14"
- - - [14/Mar/2023:19:59:54 -0400] "GET /v1/ports?fields=address%2Cextra HTTP/1.1" 200 13 6943660 "-" "ironic-inspector keystoneauth1/5.1.0 python-requests/2.28.1 CPython/3.9.14"
- - - [14/Mar/2023:20:00:01 -0400] "GET /v1/ports?fields=address%2Cextra HTTP/1.1" 200 13 6091072 "-" "ironic-inspector keystoneauth1/5.1.0 python-requests/2.28.1 CPython/3.9.14"
- - - [14/Mar/2023:20:00:22 -0400] "GET /v1/ports?fields=address%2Cextra HTTP/1.1" 200 13 1535632 "-" "ironic-inspector keystoneauth1/5.1.0 python-requests/2.28.1 CPython/3.9.14"
- - - [14/Mar/2023:20:00:23 -0400] "GET /v1/ports?fields=address%2Cextra HTTP/1.1" 200 13 808729 "-" "ironic-inspector keystoneauth1/5.1.0 python-requests/2.28.1 CPython/3.9.14"
- - - [14/Mar/2023:20:00:37 -0400] "GET /v1/ports?fields=address%2Cextra HTTP/1.1" 200 13 589669 "-" "ironic-inspector keystoneauth1/5.1.0 python-requests/2.28.1 CPython/3.9.14"
- - - [14/Mar/2023:20:00:37 -0400] "GET /v1/ports?fields=address%2Cextra HTTP/1.1" 200 13 483453 "-" "ironic-inspector keystoneauth1/5.1.0 python-requests/2.28.1 CPython/3.9.14"
- - - [14/Mar/2023:20:00:52 -0400] "GET /v1/ports?fields=address%2Cextra HTTP/1.1" 200 13 442514 "-" "ironic-inspector keystoneauth1/5.1.0 python-requests/2.28.1 CPython/3.9.14"
- - - [14/Mar/2023:20:00:52 -0400] "GET /v1/ports?fields=address%2Cextra HTTP/1.1" 200 13 426519 "-" "ironic-inspector keystoneauth1/5.1.0 python-requests/2.28.1 CPython/3.9.14"
- - - [14/Mar/2023:20:01:07 -0400] "GET /v1/nodes?fields=uuid HTTP/1.1" 200 13 554058 "-" "ironic-inspector keystoneauth1/5.1.0 python-requests/2.28.1 CPython/3.9.14"
- - - [14/Mar/2023:20:01:07 -0400] "GET /v1/ports?fields=address%2Cextra HTTP/1.1" 200 13 662174 "-" "ironic-inspector keystoneauth1/5.1.0 python-requests/2.28.1 CPython/3.9.14"
- - - [14/Mar/2023:20:01:07 -0400] "GET /v1/ports?fields=address%2Cextra HTTP/1.1" 200 13 458680 "-" "ironic-inspector keystoneauth1/5.1.0 python-requests/2.28.1 CPython/3.9.14"
- - - [14/Mar/2023:20:01:22 -0400] "GET /v1/ports?fields=address%2Cextra HTTP/1.1" 200 13 422396 "-" "ironic-inspector keystoneauth1/5.1.0 python-requests/2.28.1 CPython/3.9.14"
- - - [14/Mar/2023:20:01:22 -0400] "GET /v1/ports?fields=address%2Cextra HTTP/1.1" 200 13 508644 "-" "ironic-inspector keystoneauth1/5.1.0 python-requests/2.28.1 CPython/3.9.14"
- - - [14/Mar/2023:20:01:37 -0400] "GET /v1/ports?fields=address%2Cextra HTTP/1.1" 200 13 488050 "-" "ironic-inspector keystoneauth1/5.1.0 python-requests/2.28.1 CPython/3.9.14"
- - - [14/Mar/2023:20:01:37 -0400] "GET /v1/ports?fields=address%2Cextra HTTP/1.1" 200 13 438745 "-" "ironic-inspector keystoneauth1/5.1.0 python-requests/2.28.1 CPython/3.9.14"
- - - [14/Mar/2023:20:01:52 -0400] "GET /v1/ports?fields=address%2Cextra HTTP/1.1" 200 13 432501 "-" "ironic-inspector keystoneauth1/5.1.0 python-requests/2.28.1 CPython/3.9.14"
- - - [14/Mar/2023:20:01:52 -0400] "GET /v1/ports?fields=address%2Cextra HTTP/1.1" 200 13 500594 "-" "ironic-inspector keystoneauth1/5.1.0 python-requests/2.28.1 CPython/3.9.14"
- - - [14/Mar/2023:20:02:07 -0400] "GET /v1/ports?fields=address%2Cextra HTTP/1.1" 200 13 479616 "-" "ironic-inspector keystoneauth1/5.1.0 python-requests/2.28.1 CPython/3.9.14"
- - - [14/Mar/2023:20:02:07 -0400] "GET /v1/nodes?fields=uuid HTTP/1.1" 200 13 540385 "-" "ironic-inspector keystoneauth1/5.1.0 python-requests/2.28.1 CPython/3.9.14"
- - - [14/Mar/2023:20:02:07 -0400] "GET /v1/ports?fields=address%2Cextra HTTP/1.1" 200 13 506353 "-" "ironic-inspector keystoneauth1/5.1.0 python-requests/2.28.1 CPython/3.9.14"
- - - [14/Mar/2023:20:02:22 -0400] "GET /v1/ports?fields=address%2Cextra HTTP/1.1" 200 13 395845 "-" "ironic-inspector keystoneauth1/5.1.0 python-requests/2.28.1 CPython/3.9.14"
- - - [14/Mar/2023:20:02:22 -0400] "GET /v1/ports?fields=address%2Cextra HTTP/1.1" 200 13 420525 "-" "ironic-inspector keystoneauth1/5.1.0 python-requests/2.28.1 CPython/3.9.14"
- - - [14/Mar/2023:20:02:37 -0400] "GET /v1/ports?fields=address%2Cextra HTTP/1.1" 200 13 801331 "-" "ironic-inspector keystoneauth1/5.1.0 python-requests/2.28.1 CPython/3.9.14"
- - - [14/Mar/2023:20:02:38 -0400] "GET /v1/ports?fields=address%2Cextra HTTP/1.1" 200 13 646662 "-" "ironic-inspector keystoneauth1/5.1.0 python-requests/2.28.1 CPython/3.9.14"
- - - [14/Mar/2023:20:02:52 -0400] "GET /v1/ports?fields=address%2Cextra HTTP/1.1" 200 13 441611 "-" "ironic-inspector keystoneauth1/5.1.0 python-requests/2.28.1 CPython/3.9.14"
- - - [14/Mar/2023:20:02:52 -0400] "GET /v1/ports?fields=address%2Cextra HTTP/1.1" 200 13 517392 "-" "ironic-inspector keystoneauth1/5.1.0 python-requests/2.28.1 CPython/3.9.14"
- - - [14/Mar/2023:20:03:07 -0400] "GET /v1/nodes?fields=uuid HTTP/1.1" 200 13 997700 "-" "ironic-inspector keystoneauth1/5.1.0 python-requests/2.28.1 CPython/3.9.14"
- - - [14/Mar/2023:20:03:07 -0400] "GET /v1/ports?fields=address%2Cextra HTTP/1.1" 200 13 1279337 "-" "ironic-inspector keystoneauth1/5.1.0 python-requests/2.28.1 CPython/3.9.14"
- - - [14/Mar/2023:20:03:08 -0400] "GET /v1/ports?fields=address%2Cextra HTTP/1.1" 200 13 780481 "-" "ironic-inspector keystoneauth1/5.1.0 python-requests/2.28.1 CPython/3.9.14"
- - - [14/Mar/2023:20:03:22 -0400] "GET /v1/ports?fields=address%2Cextra HTTP/1.1" 200 13 413920 "-" "ironic-inspector keystoneauth1/5.1.0 python-requests/2.28.1 CPython/3.9.14"
- - - [14/Mar/2023:20:03:22 -0400] "GET /v1/ports?fields=address%2Cextra HTTP/1.1" 200 13 423370 "-" "ironic-inspector keystoneauth1/5.1.0 python-requests/2.28.1 CPython/3.9.14"
- - - [14/Mar/2023:20:03:37 -0400] "GET /v1/ports?fields=address%2Cextra HTTP/1.1" 200 13 546109 "-" "ironic-inspector keystoneauth1/5.1.0 python-requests/2.28.1 CPython/3.9.14"
- - - [14/Mar/2023:20:03:37 -0400] "GET /v1/ports?fields=address%2Cextra HTTP/1.1" 200 13 450203 "-" "ironic-inspector keystoneauth1/5.1.0 python-requests/2.28.1 CPython/3.9.14"
- - - [14/Mar/2023:20:03:52 -0400] "GET /v1/ports?fields=address%2Cextra HTTP/1.1" 200 13 532477 "-" "ironic-inspector keystoneauth1/5.1.0 python-requests/2.28.1 CPython/3.9.14"
- - - [14/Mar/2023:20:03:52 -0400] "GET /v1/ports?fields=address%2Cextra HTTP/1.1" 200 13 550833 "-" "ironic-inspector keystoneauth1/5.1.0 python-requests/2.28.1 CPython/3.9.14"
- - - [14/Mar/2023:20:04:07 -0400] "GET /v1/ports?fields=address%2Cextra HTTP/1.1" 200 13 511345 "-" "ironic-inspector keystoneauth1/5.1.0 python-requests/2.28.1 CPython/3.9.14"
- - - [14/Mar/2023:20:04:07 -0400] "GET /v1/nodes?fields=uuid HTTP/1.1" 200 13 698498 "-" "ironic-inspector keystoneauth1/5.1.0 python-requests/2.28.1 CPython/3.9.14"
- - - [14/Mar/2023:20:04:07 -0400] "GET /v1/ports?fields=address%2Cextra HTTP/1.1" 200 13 432271 "-" "ironic-inspector keystoneauth1/5.1.0 python-requests/2.28.1 CPython/3.9.14"
- - - [14/Mar/2023:20:04:22 -0400] "GET /v1/ports?fields=address%2Cextra HTTP/1.1" 200 13 559516 "-" "ironic-inspector keystoneauth1/5.1.0 python-requests/2.28.1 CPython/3.9.14"
- - - [14/Mar/2023:20:04:22 -0400] "GET /v1/ports?fields=address%2Cextra HTTP/1.1" 200 13 515789 "-" "ironic-inspector keystoneauth1/5.1.0 python-requests/2.28.1 CPython/3.9.14"
- - - [14/Mar/2023:20:04:37 -0400] "GET /v1/ports?fields=address%2Cextra HTTP/1.1" 200 13 579492 "-" "ironic-inspector keystoneauth1/5.1.0 python-requests/2.28.1 CPython/3.9.14"
- - - [14/Mar/2023:20:04:38 -0400] "GET /v1/ports?fields=address%2Cextra HTTP/1.1" 200 13 438850 "-" "ironic-inspector keystoneauth1/5.1.0 python-requests/2.28.1 CPython/3.9.14"
- - - [14/Mar/2023:20:04:52 -0400] "GET /v1/ports?fields=address%2Cextra HTTP/1.1" 200 13 534771 "-" "ironic-inspector keystoneauth1/5.1.0 python-requests/2.28.1 CPython/3.9.14"
- - - [14/Mar/2023:20:04:52 -0400] "GET /v1/ports?fields=address%2Cextra HTTP/1.1" 200 13 439574 "-" "ironic-inspector keystoneauth1/5.1.0 python-requests/2.28.1 CPython/3.9.14"
- - - [14/Mar/2023:20:05:07 -0400] "GET /v1/ports?fields=address%2Cextra HTTP/1.1" 200 13 673100 "-" "ironic-inspector keystoneauth1/5.1.0 python-requests/2.28.1 CPython/3.9.14"
- - - [14/Mar/2023:20:05:07 -0400] "GET /v1/nodes?fields=uuid HTTP/1.1" 200 13 819867 "-" "ironic-inspector keystoneauth1/5.1.0 python-requests/2.28.1 CPython/3.9.14"
- - - [14/Mar/2023:20:05:08 -0400] "GET /v1/ports?fields=address%2Cextra HTTP/1.1" 200 13 495763 "-" "ironic-inspector keystoneauth1/5.1.0 python-requests/2.28.1 CPython/3.9.14"
- - - [14/Mar/2023:20:05:22 -0400] "GET /v1/ports?fields=address%2Cextra HTTP/1.1" 200 13 433125 "-" "ironic-inspector keystoneauth1/5.1.0 python-requests/2.28.1 CPython/3.9.14"
- - - [14/Mar/2023:20:05:22 -0400] "GET /v1/ports?fields=address%2Cextra HTTP/1.1" 200 13 443643 "-" "ironic-inspector keystoneauth1/5.1.0 python-requests/2.28.1 CPython/3.9.14"
- - - [14/Mar/2023:20:05:37 -0400] "GET /v1/ports?fields=address%2Cextra HTTP/1.1" 200 13 393494 "-" "ironic-inspector keystoneauth1/5.1.0 python-requests/2.28.1 CPython/3.9.14"
- - - [14/Mar/2023:20:05:37 -0400] "GET /v1/ports?fields=address%2Cextra HTTP/1.1" 200 13 428757 "-" "ironic-inspector keystoneauth1/5.1.0 python-requests/2.28.1 CPython/3.9.14"
- - - [14/Mar/2023:20:05:52 -0400] "GET /v1/ports?fields=address%2Cextra HTTP/1.1" 200 13 467519 "-" "ironic-inspector keystoneauth1/5.1.0 python-requests/2.28.1 CPython/3.9.14"
- - - [14/Mar/2023:20:05:52 -0400] "GET /v1/ports?fields=address%2Cextra HTTP/1.1" 200 13 409401 "-" "ironic-inspector keystoneauth1/5.1.0 python-requests/2.28.1 CPython/3.9.14"
- - - [14/Mar/2023:20:06:07 -0400] "GET /v1/ports?fields=address%2Cextra HTTP/1.1" 200 13 755209 "-" "ironic-inspector keystoneauth1/5.1.0 python-requests/2.28.1 CPython/3.9.14"
- - - [14/Mar/2023:20:06:07 -0400] "GET /v1/nodes?fields=uuid HTTP/1.1" 200 13 968301 "-" "ironic-inspector keystoneauth1/5.1.0 python-requests/2.28.1 CPython/3.9.14"
- - - [14/Mar/2023:20:06:08 -0400] "GET /v1/ports?fields=address%2Cextra HTTP/1.1" 200 13 447066 "-" "ironic-inspector keystoneauth1/5.1.0 python-requests/2.28.1 CPython/3.9.14"
- - - [14/Mar/2023:20:06:22 -0400] "GET /v1/ports?fields=address%2Cextra HTTP/1.1" 200 13 478094 "-" "ironic-inspector keystoneauth1/5.1.0 python-requests/2.28.1 CPython/3.9.14"
- - - [14/Mar/2023:20:06:22 -0400] "GET /v1/ports?fields=address%2Cextra HTTP/1.1" 200 13 402533 "-" "ironic-inspector keystoneauth1/5.1.0 python-requests/2.28.1 CPython/3.9.14"
- - - [14/Mar/2023:20:06:37 -0400] "GET /v1/ports?fields=address%2Cextra HTTP/1.1" 200 13 508323 "-" "ironic-inspector keystoneauth1/5.1.0 python-requests/2.28.1 CPython/3.9.14"
- - - [14/Mar/2023:20:06:37 -0400] "GET /v1/ports?fields=address%2Cextra HTTP/1.1" 200 13 457365 "-" "ironic-inspector keystoneauth1/5.1.0 python-requests/2.28.1 CPython/3.9.14"
- - - [14/Mar/2023:20:06:52 -0400] "GET /v1/ports?fields=address%2Cextra HTTP/1.1" 200 13 388664 "-" "ironic-inspector keystoneauth1/5.1.0 python-requests/2.28.1 CPython/3.9.14"
- - - [14/Mar/2023:20:06:52 -0400] "GET /v1/ports?fields=address%2Cextra HTTP/1.1" 200 13 405332 "-" "ironic-inspector keystoneauth1/5.1.0 python-requests/2.28.1 CPython/3.9.14"
- - - [14/Mar/2023:20:07:07 -0400] "GET /v1/nodes?fields=uuid HTTP/1.1" 200 13 486396 "-" "ironic-inspector keystoneauth1/5.1.0 python-requests/2.28.1 CPython/3.9.14"
- - - [14/Mar/2023:20:07:07 -0400] "GET /v1/ports?fields=address%2Cextra HTTP/1.1" 200 13 453777 "-" "ironic-inspector keystoneauth1/5.1.0 python-requests/2.28.1 CPython/3.9.14"
- - - [14/Mar/2023:20:07:07 -0400] "GET /v1/ports?fields=address%2Cextra HTTP/1.1" 200 13 432743 "-" "ironic-inspector keystoneauth1/5.1.0 python-requests/2.28.1 CPython/3.9.14"
- - - [14/Mar/2023:20:07:22 -0400] "GET /v1/ports?fields=address%2Cextra HTTP/1.1" 200 13 422945 "-" "ironic-inspector keystoneauth1/5.1.0 python-requests/2.28.1 CPython/3.9.14"
- - - [14/Mar/2023:20:07:22 -0400] "GET /v1/ports?fields=address%2Cextra HTTP/1.1" 200 13 424705 "-" "ironic-inspector keystoneauth1/5.1.0 python-requests/2.28.1 CPython/3.9.14"
- - - [14/Mar/2023:20:07:37 -0400] "GET /v1/ports?fields=address%2Cextra HTTP/1.1" 200 13 12797384 "-" "ironic-inspector keystoneauth1/5.1.0 python-requests/2.28.1 CPython/3.9.14"
- - - [14/Mar/2023:20:08:07 -0400] "GET /v1/nodes?fields=uuid HTTP/1.1" 200 13 7299413 "-" "ironic-inspector keystoneauth1/5.1.0 python-requests/2.28.1 CPython/3.9.14"
- - - [14/Mar/2023:20:08:08 -0400] "GET /v1/ports?fields=address%2Cextra HTTP/1.1" 200 13 7850326 "-" "ironic-inspector keystoneauth1/5.1.0 python-requests/2.28.1 CPython/3.9.14"
- - - [14/Mar/2023:20:08:16 -0400] "GET /v1/ports?fields=address%2Cextra HTTP/1.1" 200 13 6321700 "-" "ironic-inspector keystoneauth1/5.1.0 python-requests/2.28.1 CPython/3.9.14"
- - - [14/Mar/2023:20:08:23 -0400] "GET /v1/ports?fields=address%2Cextra HTTP/1.1" 200 13 448302 "-" "ironic-inspector keystoneauth1/5.1.0 python-requests/2.28.1 CPython/3.9.14"
- - - [14/Mar/2023:20:08:23 -0400] "GET /v1/ports?fields=address%2Cextra HTTP/1.1" 200 13 503643 "-" "ironic-inspector keystoneauth1/5.1.0 python-requests/2.28.1 CPython/3.9.14"
- - - [14/Mar/2023:20:08:30 -0400] "POST /v1/nodes HTTP/1.1" 201 2663 791394 "-" "python-ironicclient"
- - - [14/Mar/2023:20:08:34 -0400] "GET /v1/nodes HTTP/1.1" 200 380 432829 "-" "python-ironicclient"
- - - [14/Mar/2023:20:08:37 -0400] "PATCH /v1/nodes/6997f843-3962-4f9f-815f-1ca05c55faf0 HTTP/1.1" 200 3173 931577 "-" "python-ironicclient"
- - - [14/Mar/2023:20:08:38 -0400] "GET /v1/ports?fields=address%2Cextra HTTP/1.1" 200 13 565218 "-" "ironic-inspector keystoneauth1/5.1.0 python-requests/2.28.1 CPython/3.9.14"
- - - [14/Mar/2023:20:08:39 -0400] "GET /v1/ports?fields=address%2Cextra HTTP/1.1" 200 13 531033 "-" "ironic-inspector keystoneauth1/5.1.0 python-requests/2.28.1 CPython/3.9.14"
- - - [14/Mar/2023:20:08:41 -0400] "POST /v1/ports HTTP/1.1" 201 562 629315 "-" "python-ironicclient"
- - - [14/Mar/2023:20:08:45 -0400] "PUT /v1/nodes/6997f843-3962-4f9f-815f-1ca05c55faf0/states/provision HTTP/1.1" 202 - 570688 "-" "python-ironicclient"
- - - [14/Mar/2023:20:08:53 -0400] "GET /v1/ports?fields=address%2Cextra HTTP/1.1" 200 268 790020 "-" "ironic-inspector keystoneauth1/5.1.0 python-requests/2.28.1 CPython/3.9.14"
- - - [14/Mar/2023:20:08:54 -0400] "GET /v1/ports?fields=address%2Cextra HTTP/1.1" 200 268 577590 "-" "ironic-inspector keystoneauth1/5.1.0 python-requests/2.28.1 CPython/3.9.14"
- - - [14/Mar/2023:20:08:58 -0400] "PUT /v1/nodes/6997f843-3962-4f9f-815f-1ca05c55faf0/states/provision HTTP/1.1" 202 - 692841 "-" "python-ironicclient"
- - - [14/Mar/2023:20:09:02 -0400] "PUT /v1/nodes/6997f843-3962-4f9f-815f-1ca05c55faf0/states/power HTTP/1.1" 202 - 654887 "-" "python-ironicclient"
- - - [14/Mar/2023:20:09:07 -0400] "GET /v1/nodes?fields=uuid HTTP/1.1" 200 271 696609 "-" "ironic-inspector keystoneauth1/5.1.0 python-requests/2.28.1 CPython/3.9.14"
- - - [14/Mar/2023:20:09:08 -0400] "GET /v1/ports?fields=address%2Cextra HTTP/1.1" 200 268 560973 "-" "ironic-inspector keystoneauth1/5.1.0 python-requests/2.28.1 CPython/3.9.14"
- - - [14/Mar/2023:20:09:09 -0400] "GET /v1/ports?fields=address%2Cextra HTTP/1.1" 200 268 598742 "-" "ironic-inspector keystoneauth1/5.1.0 python-requests/2.28.1 CPython/3.9.14"
- - - [14/Mar/2023:20:09:23 -0400] "GET /v1/ports?fields=address%2Cextra HTTP/1.1" 200 268 551831 "-" "ironic-inspector keystoneauth1/5.1.0 python-requests/2.28.1 CPython/3.9.14"
- - - [14/Mar/2023:20:09:24 -0400] "GET /v1/ports?fields=address%2Cextra HTTP/1.1" 200 268 455836 "-" "ironic-inspector keystoneauth1/5.1.0 python-requests/2.28.1 CPython/3.9.14"
- - - [14/Mar/2023:20:09:27 -0400] "GET /v1/nodes HTTP/1.1" 200 369 533678 "-" "python-urllib3/1.26.5"
- - - [14/Mar/2023:20:09:27 -0400] "GET /v1/nodes?provision_state=available&associated=False&maintenance=False&fields=uuid%2Cdriver%2Cinstance_uuid%2Cprovision_state%2Cname%2Cmaintenance HTTP/1.1" 200 380 545026 "-" "python-urllib3/1.26.5"
- - - [14/Mar/2023:20:09:28 -0400] "PATCH /v1/nodes/6997f843-3962-4f9f-815f-1ca05c55faf0 HTTP/1.1" 200 2598 807105 "-" "python-urllib3/1.26.5"
- - - [14/Mar/2023:20:09:28 -0400] "PATCH /v1/nodes/6997f843-3962-4f9f-815f-1ca05c55faf0 HTTP/1.1" 200 2598 727109 "-" "python-urllib3/1.26.5"
- - - [14/Mar/2023:20:09:33 -0400] "POST /v1/nodes/6997f843-3962-4f9f-815f-1ca05c55faf0/vifs HTTP/1.1" 204 - 903010 "-" "python-urllib3/1.26.5"
- - - [14/Mar/2023:20:09:34 -0400] "PATCH /v1/nodes/6997f843-3962-4f9f-815f-1ca05c55faf0 HTTP/1.1" 200 2598 750037 "-" "python-urllib3/1.26.5"
- - - [14/Mar/2023:20:09:35 -0400] "PUT /v1/nodes/6997f843-3962-4f9f-815f-1ca05c55faf0/states/provision HTTP/1.1" 202 - 1571496 "-" "python-urllib3/1.26.5"
- - - [14/Mar/2023:20:09:36 -0400] "GET /v1/nodes/6997f843-3962-4f9f-815f-1ca05c55faf0 HTTP/1.1" 200 2659 459407 "-" "python-urllib3/1.26.5"
- - - [14/Mar/2023:20:09:38 -0400] "GET /v1/nodes/6997f843-3962-4f9f-815f-1ca05c55faf0 HTTP/1.1" 200 2704 394708 "-" "python-urllib3/1.26.5"
- - - [14/Mar/2023:20:09:38 -0400] "GET /v1/ports?fields=address%2Cextra HTTP/1.1" 200 268 515945 "-" "ironic-inspector keystoneauth1/5.1.0 python-requests/2.28.1 CPython/3.9.14"
- - - [14/Mar/2023:20:09:39 -0400] "GET /v1/ports?fields=address%2Cextra HTTP/1.1" 200 268 449457 "-" "ironic-inspector keystoneauth1/5.1.0 python-requests/2.28.1 CPython/3.9.14"
- - - [14/Mar/2023:20:09:39 -0400] "GET /v1/nodes/6997f843-3962-4f9f-815f-1ca05c55faf0 HTTP/1.1" 200 2704 448895 "-" "python-urllib3/1.26.5"
- - - [14/Mar/2023:20:09:41 -0400] "GET /v1/nodes/6997f843-3962-4f9f-815f-1ca05c55faf0 HTTP/1.1" 200 2704 472749 "-" "python-urllib3/1.26.5"
- - - [14/Mar/2023:20:09:42 -0400] "GET /v1/nodes/6997f843-3962-4f9f-815f-1ca05c55faf0 HTTP/1.1" 200 2777 521182 "-" "python-urllib3/1.26.5"
- - - [14/Mar/2023:20:09:44 -0400] "GET /v1/nodes/6997f843-3962-4f9f-815f-1ca05c55faf0 HTTP/1.1" 200 2777 515687 "-" "python-urllib3/1.26.5"
- - - [14/Mar/2023:20:09:45 -0400] "GET /v1/nodes/6997f843-3962-4f9f-815f-1ca05c55faf0 HTTP/1.1" 200 2777 444959 "-" "python-urllib3/1.26.5"
- - - [14/Mar/2023:20:09:47 -0400] "GET /v1/nodes/6997f843-3962-4f9f-815f-1ca05c55faf0 HTTP/1.1" 200 2777 574880 "-" "python-urllib3/1.26.5"
- - - [14/Mar/2023:20:09:48 -0400] "GET /v1/nodes/6997f843-3962-4f9f-815f-1ca05c55faf0 HTTP/1.1" 200 2777 631517 "-" "python-urllib3/1.26.5"
- - - [14/Mar/2023:20:09:50 -0400] "GET /v1/nodes/6997f843-3962-4f9f-815f-1ca05c55faf0 HTTP/1.1" 200 2777 515814 "-" "python-urllib3/1.26.5"
- - - [14/Mar/2023:20:09:51 -0400] "GET /v1/nodes/6997f843-3962-4f9f-815f-1ca05c55faf0 HTTP/1.1" 200 2777 532968 "-" "python-urllib3/1.26.5"
- - - [14/Mar/2023:20:09:53 -0400] "GET /v1/ports?fields=address%2Cextra HTTP/1.1" 200 268 505682 "-" "ironic-inspector keystoneauth1/5.1.0 python-requests/2.28.1 CPython/3.9.14"
- - - [14/Mar/2023:20:09:53 -0400] "GET /v1/nodes/6997f843-3962-4f9f-815f-1ca05c55faf0 HTTP/1.1" 200 2777 664633 "-" "python-urllib3/1.26.5"
- - - [14/Mar/2023:20:09:54 -0400] "GET /v1/ports?fields=address%2Cextra HTTP/1.1" 200 268 364697 "-" "ironic-inspector keystoneauth1/5.1.0 python-requests/2.28.1 CPython/3.9.14"
- - - [14/Mar/2023:20:09:55 -0400] "GET /v1/nodes/6997f843-3962-4f9f-815f-1ca05c55faf0 HTTP/1.1" 200 2777 467966 "-" "python-urllib3/1.26.5"
- - - [14/Mar/2023:20:09:56 -0400] "GET /v1/nodes/6997f843-3962-4f9f-815f-1ca05c55faf0 HTTP/1.1" 200 2777 493716 "-" "python-urllib3/1.26.5"
- - - [14/Mar/2023:20:09:58 -0400] "GET /v1/nodes/6997f843-3962-4f9f-815f-1ca05c55faf0 HTTP/1.1" 200 2777 468018 "-" "python-urllib3/1.26.5"
- - - [14/Mar/2023:20:09:59 -0400] "GET /v1/nodes/6997f843-3962-4f9f-815f-1ca05c55faf0 HTTP/1.1" 200 2777 471133 "-" "python-urllib3/1.26.5"
- - - [14/Mar/2023:20:10:00 -0400] "GET /v1/nodes/6997f843-3962-4f9f-815f-1ca05c55faf0 HTTP/1.1" 200 2777 444011 "-" "python-urllib3/1.26.5"
- - - [14/Mar/2023:20:10:02 -0400] "GET /v1/nodes/6997f843-3962-4f9f-815f-1ca05c55faf0 HTTP/1.1" 200 2777 624835 "-" "python-urllib3/1.26.5"
- - - [14/Mar/2023:20:10:04 -0400] "GET /v1/nodes/6997f843-3962-4f9f-815f-1ca05c55faf0 HTTP/1.1" 200 2777 439892 "-" "python-urllib3/1.26.5"
- - - [14/Mar/2023:20:10:05 -0400] "GET /v1/nodes/6997f843-3962-4f9f-815f-1ca05c55faf0 HTTP/1.1" 200 3320 475465 "-" "python-urllib3/1.26.5"
- - - [14/Mar/2023:20:10:06 -0400] "GET /v1/nodes/6997f843-3962-4f9f-815f-1ca05c55faf0 HTTP/1.1" 200 3320 463405 "-" "python-urllib3/1.26.5"
- - - [14/Mar/2023:20:10:07 -0400] "GET /v1/nodes?fields=uuid HTTP/1.1" 200 271 422952 "-" "ironic-inspector keystoneauth1/5.1.0 python-requests/2.28.1 CPython/3.9.14"
- - - [14/Mar/2023:20:10:08 -0400] "GET /v1/nodes/6997f843-3962-4f9f-815f-1ca05c55faf0 HTTP/1.1" 200 3320 473133 "-" "python-urllib3/1.26.5"
- - - [14/Mar/2023:20:10:08 -0400] "GET /v1/ports?fields=address%2Cextra HTTP/1.1" 200 268 515194 "-" "ironic-inspector keystoneauth1/5.1.0 python-requests/2.28.1 CPython/3.9.14"
- - - [14/Mar/2023:20:10:09 -0400] "GET /v1/ports?fields=address%2Cextra HTTP/1.1" 200 268 418787 "-" "ironic-inspector keystoneauth1/5.1.0 python-requests/2.28.1 CPython/3.9.14"
- - - [14/Mar/2023:20:10:09 -0400] "GET /v1/nodes/6997f843-3962-4f9f-815f-1ca05c55faf0 HTTP/1.1" 200 3320 538933 "-" "python-urllib3/1.26.5"
- - - [14/Mar/2023:20:10:11 -0400] "GET /v1/nodes/6997f843-3962-4f9f-815f-1ca05c55faf0 HTTP/1.1" 200 3320 412236 "-" "python-urllib3/1.26.5"
- - - [14/Mar/2023:20:10:12 -0400] "GET /v1/nodes/6997f843-3962-4f9f-815f-1ca05c55faf0 HTTP/1.1" 200 3320 431177 "-" "python-urllib3/1.26.5"
- - - [14/Mar/2023:20:10:14 -0400] "GET /v1/nodes/6997f843-3962-4f9f-815f-1ca05c55faf0 HTTP/1.1" 200 3303 538129 "-" "python-urllib3/1.26.5"
- - - [14/Mar/2023:20:10:14 -0400] "GET /v1/nodes/6997f843-3962-4f9f-815f-1ca05c55faf0 HTTP/1.1" 200 3303 460583 "-" "python-urllib3/1.26.5"
- - - [14/Mar/2023:20:10:23 -0400] "GET /v1/ports?fields=address%2Cextra HTTP/1.1" 200 268 382024 "-" "ironic-inspector keystoneauth1/5.1.0 python-requests/2.28.1 CPython/3.9.14"
- - - [14/Mar/2023:20:10:23 -0400] "GET /v1/ports?fields=address%2Cextra HTTP/1.1" 200 268 424199 "-" "ironic-inspector keystoneauth1/5.1.0 python-requests/2.28.1 CPython/3.9.14"
- - - [14/Mar/2023:20:10:38 -0400] "GET /v1/ports?fields=address%2Cextra HTTP/1.1" 200 268 401830 "-" "ironic-inspector keystoneauth1/5.1.0 python-requests/2.28.1 CPython/3.9.14"
- - - [14/Mar/2023:20:10:38 -0400] "GET /v1/ports?fields=address%2Cextra HTTP/1.1" 200 268 413457 "-" "ironic-inspector keystoneauth1/5.1.0 python-requests/2.28.1 CPython/3.9.14"
- - - [14/Mar/2023:20:10:45 -0400] "GET /v1/nodes/6997f843-3962-4f9f-815f-1ca05c55faf0 HTTP/1.1" 200 3303 480757 "-" "python-urllib3/1.26.5"
- - - [14/Mar/2023:20:10:53 -0400] "GET /v1/ports?fields=address%2Cextra HTTP/1.1" 200 268 527672 "-" "ironic-inspector keystoneauth1/5.1.0 python-requests/2.28.1 CPython/3.9.14"
- - - [14/Mar/2023:20:10:54 -0400] "GET /v1/ports?fields=address%2Cextra HTTP/1.1" 200 268 499246 "-" "ironic-inspector keystoneauth1/5.1.0 python-requests/2.28.1 CPython/3.9.14"
- - - [14/Mar/2023:20:11:07 -0400] "GET /v1/nodes?fields=uuid HTTP/1.1" 200 271 434930 "-" "ironic-inspector keystoneauth1/5.1.0 python-requests/2.28.1 CPython/3.9.14"
- - - [14/Mar/2023:20:11:08 -0400] "GET /v1/ports?fields=address%2Cextra HTTP/1.1" 200 268 432418 "-" "ironic-inspector keystoneauth1/5.1.0 python-requests/2.28.1 CPython/3.9.14"
- - - [14/Mar/2023:20:11:08 -0400] "GET /v1/ports?fields=address%2Cextra HTTP/1.1" 200 268 380115 "-" "ironic-inspector keystoneauth1/5.1.0 python-requests/2.28.1 CPython/3.9.14"
- - - [14/Mar/2023:20:11:15 -0400] "GET /v1/nodes/6997f843-3962-4f9f-815f-1ca05c55faf0 HTTP/1.1" 200 3303 440350 "-" "python-urllib3/1.26.5"
- - - [14/Mar/2023:20:11:23 -0400] "GET /v1/ports?fields=address%2Cextra HTTP/1.1" 200 268 421717 "-" "ironic-inspector keystoneauth1/5.1.0 python-requests/2.28.1 CPython/3.9.14"
- - - [14/Mar/2023:20:11:23 -0400] "GET /v1/ports?fields=address%2Cextra HTTP/1.1" 200 268 559176 "-" "ironic-inspector keystoneauth1/5.1.0 python-requests/2.28.1 CPython/3.9.14"
- - - [14/Mar/2023:20:11:38 -0400] "GET /v1/ports?fields=address%2Cextra HTTP/1.1" 200 268 505525 "-" "ironic-inspector keystoneauth1/5.1.0 python-requests/2.28.1 CPython/3.9.14"
- - - [14/Mar/2023:20:11:39 -0400] "GET /v1/ports?fields=address%2Cextra HTTP/1.1" 200 268 526271 "-" "ironic-inspector keystoneauth1/5.1.0 python-requests/2.28.1 CPython/3.9.14"
- - - [14/Mar/2023:20:11:46 -0400] "GET /v1/nodes/6997f843-3962-4f9f-815f-1ca05c55faf0 HTTP/1.1" 200 3303 590491 "-" "python-urllib3/1.26.5"
- - - [14/Mar/2023:20:11:53 -0400] "GET /v1/ports?fields=address%2Cextra HTTP/1.1" 200 268 500143 "-" "ironic-inspector keystoneauth1/5.1.0 python-requests/2.28.1 CPython/3.9.14"
- - - [14/Mar/2023:20:11:54 -0400] "GET /v1/ports?fields=address%2Cextra HTTP/1.1" 200 268 448511 "-" "ironic-inspector keystoneauth1/5.1.0 python-requests/2.28.1 CPython/3.9.14"
- - - [14/Mar/2023:20:12:07 -0400] "GET /v1/nodes?fields=uuid HTTP/1.1" 200 271 438281 "-" "ironic-inspector keystoneauth1/5.1.0 python-requests/2.28.1 CPython/3.9.14"
- - - [14/Mar/2023:20:12:08 -0400] "GET /v1/ports?fields=address%2Cextra HTTP/1.1" 200 268 416606 "-" "ironic-inspector keystoneauth1/5.1.0 python-requests/2.28.1 CPython/3.9.14"
- - - [14/Mar/2023:20:12:08 -0400] "GET /v1/ports?fields=address%2Cextra HTTP/1.1" 200 268 446076 "-" "ironic-inspector keystoneauth1/5.1.0 python-requests/2.28.1 CPython/3.9.14"
- - - [14/Mar/2023:20:12:16 -0400] "GET /v1/nodes/6997f843-3962-4f9f-815f-1ca05c55faf0 HTTP/1.1" 200 3303 537001 "-" "python-urllib3/1.26.5"
- - - [14/Mar/2023:20:12:23 -0400] "GET /v1/ports?fields=address%2Cextra HTTP/1.1" 200 268 436476 "-" "ironic-inspector keystoneauth1/5.1.0 python-requests/2.28.1 CPython/3.9.14"
- - - [14/Mar/2023:20:12:23 -0400] "GET /v1/ports?fields=address%2Cextra HTTP/1.1" 200 268 438147 "-" "ironic-inspector keystoneauth1/5.1.0 python-requests/2.28.1 CPython/3.9.14"
- - - [14/Mar/2023:20:12:38 -0400] "GET /v1/ports?fields=address%2Cextra HTTP/1.1" 200 268 504020 "-" "ironic-inspector keystoneauth1/5.1.0 python-requests/2.28.1 CPython/3.9.14"
- - - [14/Mar/2023:20:12:39 -0400] "GET /v1/ports?fields=address%2Cextra HTTP/1.1" 200 268 513373 "-" "ironic-inspector keystoneauth1/5.1.0 python-requests/2.28.1 CPython/3.9.14"
- - - [14/Mar/2023:20:12:47 -0400] "GET /v1/nodes/6997f843-3962-4f9f-815f-1ca05c55faf0 HTTP/1.1" 200 3303 474631 "-" "python-urllib3/1.26.5"
- - - [14/Mar/2023:20:12:53 -0400] "GET /v1/ports?fields=address%2Cextra HTTP/1.1" 200 268 546117 "-" "ironic-inspector keystoneauth1/5.1.0 python-requests/2.28.1 CPython/3.9.14"
- - - [14/Mar/2023:20:12:54 -0400] "GET /v1/ports?fields=address%2Cextra HTTP/1.1" 200 268 477579 "-" "ironic-inspector keystoneauth1/5.1.0 python-requests/2.28.1 CPython/3.9.14"
- - - [14/Mar/2023:20:13:07 -0400] "GET /v1/nodes?fields=uuid HTTP/1.1" 200 271 495689 "-" "ironic-inspector keystoneauth1/5.1.0 python-requests/2.28.1 CPython/3.9.14"
- - - [14/Mar/2023:20:13:08 -0400] "GET /v1/ports?fields=address%2Cextra HTTP/1.1" 200 268 486017 "-" "ironic-inspector keystoneauth1/5.1.0 python-requests/2.28.1 CPython/3.9.14"
- - - [14/Mar/2023:20:13:09 -0400] "GET /v1/ports?fields=address%2Cextra HTTP/1.1" 200 268 491341 "-" "ironic-inspector keystoneauth1/5.1.0 python-requests/2.28.1 CPython/3.9.14"
- - - [14/Mar/2023:20:13:18 -0400] "GET /v1/nodes/6997f843-3962-4f9f-815f-1ca05c55faf0 HTTP/1.1" 200 3303 404636 "-" "python-urllib3/1.26.5"
- - - [14/Mar/2023:20:13:23 -0400] "GET /v1/ports?fields=address%2Cextra HTTP/1.1" 200 268 446984 "-" "ironic-inspector keystoneauth1/5.1.0 python-requests/2.28.1 CPython/3.9.14"
- - - [14/Mar/2023:20:13:23 -0400] "GET /v1/ports?fields=address%2Cextra HTTP/1.1" 200 268 455936 "-" "ironic-inspector keystoneauth1/5.1.0 python-requests/2.28.1 CPython/3.9.14"
- - - [14/Mar/2023:20:13:38 -0400] "GET /v1/ports?fields=address%2Cextra HTTP/1.1" 200 268 564736 "-" "ironic-inspector keystoneauth1/5.1.0 python-requests/2.28.1 CPython/3.9.14"
- - - [14/Mar/2023:20:13:39 -0400] "GET /v1/ports?fields=address%2Cextra HTTP/1.1" 200 268 531209 "-" "ironic-inspector keystoneauth1/5.1.0 python-requests/2.28.1 CPython/3.9.14"
- - - [14/Mar/2023:20:13:48 -0400] "GET /v1/nodes/6997f843-3962-4f9f-815f-1ca05c55faf0 HTTP/1.1" 200 3303 403759 "-" "python-urllib3/1.26.5"
- - - [14/Mar/2023:20:13:53 -0400] "GET /v1/ports?fields=address%2Cextra HTTP/1.1" 200 268 461902 "-" "ironic-inspector keystoneauth1/5.1.0 python-requests/2.28.1 CPython/3.9.14"
- - - [14/Mar/2023:20:13:54 -0400] "GET /v1/ports?fields=address%2Cextra HTTP/1.1" 200 268 403807 "-" "ironic-inspector keystoneauth1/5.1.0 python-requests/2.28.1 CPython/3.9.14"
- - - [14/Mar/2023:20:14:07 -0400] "GET /v1/nodes?fields=uuid HTTP/1.1" 200 271 489635 "-" "ironic-inspector keystoneauth1/5.1.0 python-requests/2.28.1 CPython/3.9.14"
- - - [14/Mar/2023:20:14:08 -0400] "GET /v1/ports?fields=address%2Cextra HTTP/1.1" 200 268 459579 "-" "ironic-inspector keystoneauth1/5.1.0 python-requests/2.28.1 CPython/3.9.14"
- - - [14/Mar/2023:20:14:09 -0400] "GET /v1/ports?fields=address%2Cextra HTTP/1.1" 200 268 465883 "-" "ironic-inspector keystoneauth1/5.1.0 python-requests/2.28.1 CPython/3.9.14"
- - - [14/Mar/2023:20:14:18 -0400] "GET /v1/nodes/6997f843-3962-4f9f-815f-1ca05c55faf0 HTTP/1.1" 200 3303 494761 "-" "python-urllib3/1.26.5"
- - - [14/Mar/2023:20:14:23 -0400] "GET /v1/ports?fields=address%2Cextra HTTP/1.1" 200 268 493985 "-" "ironic-inspector keystoneauth1/5.1.0 python-requests/2.28.1 CPython/3.9.14"
- - - [14/Mar/2023:20:14:24 -0400] "GET /v1/ports?fields=address%2Cextra HTTP/1.1" 200 268 665806 "-" "ironic-inspector keystoneauth1/5.1.0 python-requests/2.28.1 CPython/3.9.14"
- - - [14/Mar/2023:20:14:38 -0400] "GET /v1/ports?fields=address%2Cextra HTTP/1.1" 200 268 516447 "-" "ironic-inspector keystoneauth1/5.1.0 python-requests/2.28.1 CPython/3.9.14"
- - - [14/Mar/2023:20:14:39 -0400] "GET /v1/ports?fields=address%2Cextra HTTP/1.1" 200 268 448486 "-" "ironic-inspector keystoneauth1/5.1.0 python-requests/2.28.1 CPython/3.9.14"
- - - [14/Mar/2023:20:14:49 -0400] "GET /v1/nodes/6997f843-3962-4f9f-815f-1ca05c55faf0 HTTP/1.1" 200 3303 469415 "-" "python-urllib3/1.26.5"
- - - [14/Mar/2023:20:14:53 -0400] "GET /v1/ports?fields=address%2Cextra HTTP/1.1" 200 268 507466 "-" "ironic-inspector keystoneauth1/5.1.0 python-requests/2.28.1 CPython/3.9.14"
- - - [14/Mar/2023:20:14:54 -0400] "GET /v1/ports?fields=address%2Cextra HTTP/1.1" 200 268 510740 "-" "ironic-inspector keystoneauth1/5.1.0 python-requests/2.28.1 CPython/3.9.14"
- - - [14/Mar/2023:20:15:07 -0400] "GET /v1/nodes?fields=uuid HTTP/1.1" 200 271 545732 "-" "ironic-inspector keystoneauth1/5.1.0 python-requests/2.28.1 CPython/3.9.14"
- - - [14/Mar/2023:20:15:08 -0400] "GET /v1/ports?fields=address%2Cextra HTTP/1.1" 200 268 505917 "-" "ironic-inspector keystoneauth1/5.1.0 python-requests/2.28.1 CPython/3.9.14"
- - - [14/Mar/2023:20:15:09 -0400] "GET /v1/ports?fields=address%2Cextra HTTP/1.1" 200 268 547196 "-" "ironic-inspector keystoneauth1/5.1.0 python-requests/2.28.1 CPython/3.9.14"
- - - [14/Mar/2023:20:15:20 -0400] "GET /v1/nodes/6997f843-3962-4f9f-815f-1ca05c55faf0 HTTP/1.1" 200 3303 746205 "-" "python-urllib3/1.26.5"
- - - [14/Mar/2023:20:15:23 -0400] "GET /v1/ports?fields=address%2Cextra HTTP/1.1" 200 268 549168 "-" "ironic-inspector keystoneauth1/5.1.0 python-requests/2.28.1 CPython/3.9.14"
- - - [14/Mar/2023:20:15:24 -0400] "GET /v1/ports?fields=address%2Cextra HTTP/1.1" 200 268 538893 "-" "ironic-inspector keystoneauth1/5.1.0 python-requests/2.28.1 CPython/3.9.14"
- - - [14/Mar/2023:20:15:38 -0400] "GET /v1/ports?fields=address%2Cextra HTTP/1.1" 200 268 546476 "-" "ironic-inspector keystoneauth1/5.1.0 python-requests/2.28.1 CPython/3.9.14"
- - - [14/Mar/2023:20:15:39 -0400] "GET /v1/ports?fields=address%2Cextra HTTP/1.1" 200 268 603024 "-" "ironic-inspector keystoneauth1/5.1.0 python-requests/2.28.1 CPython/3.9.14"
- - - [14/Mar/2023:20:15:50 -0400] "GET /v1/nodes/6997f843-3962-4f9f-815f-1ca05c55faf0 HTTP/1.1" 200 3303 532823 "-" "python-urllib3/1.26.5"
- - - [14/Mar/2023:20:15:53 -0400] "GET /v1/ports?fields=address%2Cextra HTTP/1.1" 200 268 628979 "-" "ironic-inspector keystoneauth1/5.1.0 python-requests/2.28.1 CPython/3.9.14"
- - - [14/Mar/2023:20:15:54 -0400] "GET /v1/ports?fields=address%2Cextra HTTP/1.1" 200 268 623860 "-" "ironic-inspector keystoneauth1/5.1.0 python-requests/2.28.1 CPython/3.9.14"
- - - [14/Mar/2023:20:16:07 -0400] "GET /v1/nodes?fields=uuid HTTP/1.1" 200 271 485568 "-" "ironic-inspector keystoneauth1/5.1.0 python-requests/2.28.1 CPython/3.9.14"
- - - [14/Mar/2023:20:16:08 -0400] "GET /v1/ports?fields=address%2Cextra HTTP/1.1" 200 268 465487 "-" "ironic-inspector keystoneauth1/5.1.0 python-requests/2.28.1 CPython/3.9.14"
- - - [14/Mar/2023:20:16:09 -0400] "GET /v1/ports?fields=address%2Cextra HTTP/1.1" 200 268 470538 "-" "ironic-inspector keystoneauth1/5.1.0 python-requests/2.28.1 CPython/3.9.14"
- - - [14/Mar/2023:20:16:21 -0400] "GET /v1/nodes/6997f843-3962-4f9f-815f-1ca05c55faf0 HTTP/1.1" 200 3303 597873 "-" "python-urllib3/1.26.5"
- - - [14/Mar/2023:20:16:23 -0400] "GET /v1/ports?fields=address%2Cextra HTTP/1.1" 200 268 513871 "-" "ironic-inspector keystoneauth1/5.1.0 python-requests/2.28.1 CPython/3.9.14"
- - - [14/Mar/2023:20:16:24 -0400] "GET /v1/ports?fields=address%2Cextra HTTP/1.1" 200 268 508040 "-" "ironic-inspector keystoneauth1/5.1.0 python-requests/2.28.1 CPython/3.9.14"
- - - [14/Mar/2023:20:16:38 -0400] "GET /v1/ports?fields=address%2Cextra HTTP/1.1" 200 268 567926 "-" "ironic-inspector keystoneauth1/5.1.0 python-requests/2.28.1 CPython/3.9.14"
- - - [14/Mar/2023:20:16:39 -0400] "GET /v1/ports?fields=address%2Cextra HTTP/1.1" 200 268 541318 "-" "ironic-inspector keystoneauth1/5.1.0 python-requests/2.28.1 CPython/3.9.14"
- - - [14/Mar/2023:20:16:52 -0400] "GET /v1/nodes/6997f843-3962-4f9f-815f-1ca05c55faf0 HTTP/1.1" 200 3303 619290 "-" "python-urllib3/1.26.5"
- - - [14/Mar/2023:20:16:53 -0400] "GET /v1/ports?fields=address%2Cextra HTTP/1.1" 200 268 640012 "-" "ironic-inspector keystoneauth1/5.1.0 python-requests/2.28.1 CPython/3.9.14"
- - - [14/Mar/2023:20:16:54 -0400] "GET /v1/ports?fields=address%2Cextra HTTP/1.1" 200 268 557211 "-" "ironic-inspector keystoneauth1/5.1.0 python-requests/2.28.1 CPython/3.9.14"
- - - [14/Mar/2023:20:17:07 -0400] "GET /v1/nodes?fields=uuid HTTP/1.1" 200 271 453650 "-" "ironic-inspector keystoneauth1/5.1.0 python-requests/2.28.1 CPython/3.9.14"
- - - [14/Mar/2023:20:17:08 -0400] "GET /v1/ports?fields=address%2Cextra HTTP/1.1" 200 268 564007 "-" "ironic-inspector keystoneauth1/5.1.0 python-requests/2.28.1 CPython/3.9.14"
- - - [14/Mar/2023:20:17:09 -0400] "GET /v1/ports?fields=address%2Cextra HTTP/1.1" 200 268 487592 "-" "ironic-inspector keystoneauth1/5.1.0 python-requests/2.28.1 CPython/3.9.14"
- - - [14/Mar/2023:20:17:22 -0400] "GET /v1/nodes/6997f843-3962-4f9f-815f-1ca05c55faf0 HTTP/1.1" 200 3303 713236 "-" "python-urllib3/1.26.5"
- - - [14/Mar/2023:20:17:23 -0400] "GET /v1/ports?fields=address%2Cextra HTTP/1.1" 200 268 666221 "-" "ironic-inspector keystoneauth1/5.1.0 python-requests/2.28.1 CPython/3.9.14"
- - - [14/Mar/2023:20:17:24 -0400] "GET /v1/ports?fields=address%2Cextra HTTP/1.1" 200 268 606075 "-" "ironic-inspector keystoneauth1/5.1.0 python-requests/2.28.1 CPython/3.9.14"
- - - [14/Mar/2023:20:17:38 -0400] "GET /v1/ports?fields=address%2Cextra HTTP/1.1" 200 268 729191 "-" "ironic-inspector keystoneauth1/5.1.0 python-requests/2.28.1 CPython/3.9.14"
- - - [14/Mar/2023:20:17:39 -0400] "GET /v1/ports?fields=address%2Cextra HTTP/1.1" 200 268 601737 "-" "ironic-inspector keystoneauth1/5.1.0 python-requests/2.28.1 CPython/3.9.14"
- - - [14/Mar/2023:20:17:53 -0400] "GET /v1/ports?fields=address%2Cextra HTTP/1.1" 200 268 599479 "-" "ironic-inspector keystoneauth1/5.1.0 python-requests/2.28.1 CPython/3.9.14"
- - - [14/Mar/2023:20:17:53 -0400] "GET /v1/nodes/6997f843-3962-4f9f-815f-1ca05c55faf0 HTTP/1.1" 200 3303 747118 "-" "python-urllib3/1.26.5"
- - - [14/Mar/2023:20:17:54 -0400] "GET /v1/ports?fields=address%2Cextra HTTP/1.1" 200 268 497940 "-" "ironic-inspector keystoneauth1/5.1.0 python-requests/2.28.1 CPython/3.9.14"
- - - [14/Mar/2023:20:18:07 -0400] "GET /v1/nodes?fields=uuid HTTP/1.1" 200 271 585498 "-" "ironic-inspector keystoneauth1/5.1.0 python-requests/2.28.1 CPython/3.9.14"
- - - [14/Mar/2023:20:18:08 -0400] "GET /v1/ports?fields=address%2Cextra HTTP/1.1" 200 268 582661 "-" "ironic-inspector keystoneauth1/5.1.0 python-requests/2.28.1 CPython/3.9.14"
- - - [14/Mar/2023:20:18:09 -0400] "GET /v1/ports?fields=address%2Cextra HTTP/1.1" 200 268 532764 "-" "ironic-inspector keystoneauth1/5.1.0 python-requests/2.28.1 CPython/3.9.14"
- - - [14/Mar/2023:20:18:23 -0400] "GET /v1/ports?fields=address%2Cextra HTTP/1.1" 200 268 533431 "-" "ironic-inspector keystoneauth1/5.1.0 python-requests/2.28.1 CPython/3.9.14"
- - - [14/Mar/2023:20:18:24 -0400] "GET /v1/ports?fields=address%2Cextra HTTP/1.1" 200 268 529246 "-" "ironic-inspector keystoneauth1/5.1.0 python-requests/2.28.1 CPython/3.9.14"
- - - [14/Mar/2023:20:18:24 -0400] "GET /v1/nodes/6997f843-3962-4f9f-815f-1ca05c55faf0 HTTP/1.1" 200 3303 612895 "-" "python-urllib3/1.26.5"
- - - [14/Mar/2023:20:18:38 -0400] "GET /v1/ports?fields=address%2Cextra HTTP/1.1" 200 268 492339 "-" "ironic-inspector keystoneauth1/5.1.0 python-requests/2.28.1 CPython/3.9.14"
- - - [14/Mar/2023:20:18:39 -0400] "GET /v1/ports?fields=address%2Cextra HTTP/1.1" 200 268 574243 "-" "ironic-inspector keystoneauth1/5.1.0 python-requests/2.28.1 CPython/3.9.14"
- - - [14/Mar/2023:20:18:53 -0400] "GET /v1/ports?fields=address%2Cextra HTTP/1.1" 200 268 617293 "-" "ironic-inspector keystoneauth1/5.1.0 python-requests/2.28.1 CPython/3.9.14"
- - - [14/Mar/2023:20:18:54 -0400] "GET /v1/ports?fields=address%2Cextra HTTP/1.1" 200 268 457592 "-" "ironic-inspector keystoneauth1/5.1.0 python-requests/2.28.1 CPython/3.9.14"
- - - [14/Mar/2023:20:18:54 -0400] "GET /v1/nodes/6997f843-3962-4f9f-815f-1ca05c55faf0 HTTP/1.1" 200 3303 505289 "-" "python-urllib3/1.26.5"
- - - [14/Mar/2023:20:19:07 -0400] "GET /v1/nodes?fields=uuid HTTP/1.1" 200 271 639419 "-" "ironic-inspector keystoneauth1/5.1.0 python-requests/2.28.1 CPython/3.9.14"
- - - [14/Mar/2023:20:19:08 -0400] "GET /v1/ports?fields=address%2Cextra HTTP/1.1" 200 268 509658 "-" "ironic-inspector keystoneauth1/5.1.0 python-requests/2.28.1 CPython/3.9.14"
- - - [14/Mar/2023:20:19:09 -0400] "GET /v1/ports?fields=address%2Cextra HTTP/1.1" 200 268 580977 "-" "ironic-inspector keystoneauth1/5.1.0 python-requests/2.28.1 CPython/3.9.14"
- - - [14/Mar/2023:20:19:23 -0400] "GET /v1/ports?fields=address%2Cextra HTTP/1.1" 200 268 794521 "-" "ironic-inspector keystoneauth1/5.1.0 python-requests/2.28.1 CPython/3.9.14"
- - - [14/Mar/2023:20:19:24 -0400] "GET /v1/ports?fields=address%2Cextra HTTP/1.1" 200 268 763777 "-" "ironic-inspector keystoneauth1/5.1.0 python-requests/2.28.1 CPython/3.9.14"
- - - [14/Mar/2023:20:19:25 -0400] "GET /v1/nodes/6997f843-3962-4f9f-815f-1ca05c55faf0 HTTP/1.1" 200 3303 618496 "-" "python-urllib3/1.26.5"
- - - [14/Mar/2023:20:19:38 -0400] "GET /v1/ports?fields=address%2Cextra HTTP/1.1" 200 268 453652 "-" "ironic-inspector keystoneauth1/5.1.0 python-requests/2.28.1 CPython/3.9.14"
- - - [14/Mar/2023:20:19:39 -0400] "GET /v1/ports?fields=address%2Cextra HTTP/1.1" 200 268 568249 "-" "ironic-inspector keystoneauth1/5.1.0 python-requests/2.28.1 CPython/3.9.14"
- - - [14/Mar/2023:20:19:53 -0400] "GET /v1/ports?fields=address%2Cextra HTTP/1.1" 200 268 508480 "-" "ironic-inspector keystoneauth1/5.1.0 python-requests/2.28.1 CPython/3.9.14"
- - - [14/Mar/2023:20:19:54 -0400] "GET /v1/ports?fields=address%2Cextra HTTP/1.1" 200 268 519162 "-" "ironic-inspector keystoneauth1/5.1.0 python-requests/2.28.1 CPython/3.9.14"
- - - [14/Mar/2023:20:19:56 -0400] "GET /v1/nodes/6997f843-3962-4f9f-815f-1ca05c55faf0 HTTP/1.1" 200 3303 493386 "-" "python-urllib3/1.26.5"
- - - [14/Mar/2023:20:20:07 -0400] "GET /v1/nodes?fields=uuid HTTP/1.1" 200 271 546864 "-" "ironic-inspector keystoneauth1/5.1.0 python-requests/2.28.1 CPython/3.9.14"
- - - [14/Mar/2023:20:20:08 -0400] "GET /v1/ports?fields=address%2Cextra HTTP/1.1" 200 268 654938 "-" "ironic-inspector keystoneauth1/5.1.0 python-requests/2.28.1 CPython/3.9.14"
- - - [14/Mar/2023:20:20:09 -0400] "GET /v1/ports?fields=address%2Cextra HTTP/1.1" 200 268 698370 "-" "ironic-inspector keystoneauth1/5.1.0 python-requests/2.28.1 CPython/3.9.14"
- - - [14/Mar/2023:20:20:23 -0400] "GET /v1/ports?fields=address%2Cextra HTTP/1.1" 200 268 701475 "-" "ironic-inspector keystoneauth1/5.1.0 python-requests/2.28.1 CPython/3.9.14"
- - - [14/Mar/2023:20:20:24 -0400] "GET /v1/ports?fields=address%2Cextra HTTP/1.1" 200 268 645377 "-" "ironic-inspector keystoneauth1/5.1.0 python-requests/2.28.1 CPython/3.9.14"
- - - [14/Mar/2023:20:20:26 -0400] "GET /v1/nodes/6997f843-3962-4f9f-815f-1ca05c55faf0 HTTP/1.1" 200 3303 622421 "-" "python-urllib3/1.26.5"
- - - [14/Mar/2023:20:20:38 -0400] "GET /v1/ports?fields=address%2Cextra HTTP/1.1" 200 268 420518 "-" "ironic-inspector keystoneauth1/5.1.0 python-requests/2.28.1 CPython/3.9.14"
- - - [14/Mar/2023:20:20:39 -0400] "GET /v1/ports?fields=address%2Cextra HTTP/1.1" 200 268 505079 "-" "ironic-inspector keystoneauth1/5.1.0 python-requests/2.28.1 CPython/3.9.14"
- - - [14/Mar/2023:20:20:53 -0400] "GET /v1/ports?fields=address%2Cextra HTTP/1.1" 200 268 515900 "-" "ironic-inspector keystoneauth1/5.1.0 python-requests/2.28.1 CPython/3.9.14"
- - - [14/Mar/2023:20:20:54 -0400] "GET /v1/ports?fields=address%2Cextra HTTP/1.1" 200 268 448592 "-" "ironic-inspector keystoneauth1/5.1.0 python-requests/2.28.1 CPython/3.9.14"
- - - [14/Mar/2023:20:20:57 -0400] "GET /v1/nodes/6997f843-3962-4f9f-815f-1ca05c55faf0 HTTP/1.1" 200 3303 584118 "-" "python-urllib3/1.26.5"
- - - [14/Mar/2023:20:21:07 -0400] "GET /v1/nodes?fields=uuid HTTP/1.1" 200 271 513819 "-" "ironic-inspector keystoneauth1/5.1.0 python-requests/2.28.1 CPython/3.9.14"
- - - [14/Mar/2023:20:21:08 -0400] "GET /v1/ports?fields=address%2Cextra HTTP/1.1" 200 268 512122 "-" "ironic-inspector keystoneauth1/5.1.0 python-requests/2.28.1 CPython/3.9.14"
- - - [14/Mar/2023:20:21:09 -0400] "GET /v1/ports?fields=address%2Cextra HTTP/1.1" 200 268 454914 "-" "ironic-inspector keystoneauth1/5.1.0 python-requests/2.28.1 CPython/3.9.14"
- - - [14/Mar/2023:20:21:23 -0400] "GET /v1/ports?fields=address%2Cextra HTTP/1.1" 200 268 540329 "-" "ironic-inspector keystoneauth1/5.1.0 python-requests/2.28.1 CPython/3.9.14"
- - - [14/Mar/2023:20:21:24 -0400] "GET /v1/ports?fields=address%2Cextra HTTP/1.1" 200 268 431105 "-" "ironic-inspector keystoneauth1/5.1.0 python-requests/2.28.1 CPython/3.9.14"
- - - [14/Mar/2023:20:21:27 -0400] "GET /v1/nodes/6997f843-3962-4f9f-815f-1ca05c55faf0 HTTP/1.1" 200 3303 870786 "-" "python-urllib3/1.26.5"
- - - [14/Mar/2023:20:21:38 -0400] "GET /v1/ports?fields=address%2Cextra HTTP/1.1" 200 268 683990 "-" "ironic-inspector keystoneauth1/5.1.0 python-requests/2.28.1 CPython/3.9.14"
- - - [14/Mar/2023:20:21:39 -0400] "GET /v1/ports?fields=address%2Cextra HTTP/1.1" 200 268 454111 "-" "ironic-inspector keystoneauth1/5.1.0 python-requests/2.28.1 CPython/3.9.14"
- - - [14/Mar/2023:20:21:53 -0400] "GET /v1/ports?fields=address%2Cextra HTTP/1.1" 200 268 485341 "-" "ironic-inspector keystoneauth1/5.1.0 python-requests/2.28.1 CPython/3.9.14"
- - - [14/Mar/2023:20:21:54 -0400] "GET /v1/ports?fields=address%2Cextra HTTP/1.1" 200 268 421665 "-" "ironic-inspector keystoneauth1/5.1.0 python-requests/2.28.1 CPython/3.9.14"
- - - [14/Mar/2023:20:21:58 -0400] "GET /v1/nodes/6997f843-3962-4f9f-815f-1ca05c55faf0 HTTP/1.1" 200 3303 513075 "-" "python-urllib3/1.26.5"
- - - [14/Mar/2023:20:22:07 -0400] "GET /v1/nodes?fields=uuid HTTP/1.1" 200 271 577490 "-" "ironic-inspector keystoneauth1/5.1.0 python-requests/2.28.1 CPython/3.9.14"
- - - [14/Mar/2023:20:22:08 -0400] "GET /v1/ports?fields=address%2Cextra HTTP/1.1" 200 268 677628 "-" "ironic-inspector keystoneauth1/5.1.0 python-requests/2.28.1 CPython/3.9.14"
- - - [14/Mar/2023:20:22:09 -0400] "GET /v1/ports?fields=address%2Cextra HTTP/1.1" 200 268 521734 "-" "ironic-inspector keystoneauth1/5.1.0 python-requests/2.28.1 CPython/3.9.14"
- - - [14/Mar/2023:20:22:23 -0400] "GET /v1/ports?fields=address%2Cextra HTTP/1.1" 200 268 841945 "-" "ironic-inspector keystoneauth1/5.1.0 python-requests/2.28.1 CPython/3.9.14"
- - - [14/Mar/2023:20:22:24 -0400] "GET /v1/ports?fields=address%2Cextra HTTP/1.1" 200 268 501402 "-" "ironic-inspector keystoneauth1/5.1.0 python-requests/2.28.1 CPython/3.9.14"
- - - [14/Mar/2023:20:22:29 -0400] "GET /v1/nodes/6997f843-3962-4f9f-815f-1ca05c55faf0 HTTP/1.1" 200 3303 530518 "-" "python-urllib3/1.26.5"
- - - [14/Mar/2023:20:22:38 -0400] "GET /v1/ports?fields=address%2Cextra HTTP/1.1" 200 268 485940 "-" "ironic-inspector keystoneauth1/5.1.0 python-requests/2.28.1 CPython/3.9.14"
- - - [14/Mar/2023:20:22:39 -0400] "GET /v1/ports?fields=address%2Cextra HTTP/1.1" 200 268 487643 "-" "ironic-inspector keystoneauth1/5.1.0 python-requests/2.28.1 CPython/3.9.14"
- - - [14/Mar/2023:20:22:53 -0400] "GET /v1/ports?fields=address%2Cextra HTTP/1.1" 200 268 546693 "-" "ironic-inspector keystoneauth1/5.1.0 python-requests/2.28.1 CPython/3.9.14"
- - - [14/Mar/2023:20:22:54 -0400] "GET /v1/ports?fields=address%2Cextra HTTP/1.1" 200 268 563677 "-" "ironic-inspector keystoneauth1/5.1.0 python-requests/2.28.1 CPython/3.9.14"
- - - [14/Mar/2023:20:22:59 -0400] "GET /v1/nodes/6997f843-3962-4f9f-815f-1ca05c55faf0 HTTP/1.1" 200 3303 504101 "-" "python-urllib3/1.26.5"
- - - [14/Mar/2023:20:23:07 -0400] "GET /v1/nodes?fields=uuid HTTP/1.1" 200 271 517323 "-" "ironic-inspector keystoneauth1/5.1.0 python-requests/2.28.1 CPython/3.9.14"
- - - [14/Mar/2023:20:23:08 -0400] "GET /v1/ports?fields=address%2Cextra HTTP/1.1" 200 268 513398 "-" "ironic-inspector keystoneauth1/5.1.0 python-requests/2.28.1 CPython/3.9.14"
- - - [14/Mar/2023:20:23:09 -0400] "GET /v1/ports?fields=address%2Cextra HTTP/1.1" 200 268 457948 "-" "ironic-inspector keystoneauth1/5.1.0 python-requests/2.28.1 CPython/3.9.14"
- - - [14/Mar/2023:20:23:23 -0400] "GET /v1/ports?fields=address%2Cextra HTTP/1.1" 200 268 662254 "-" "ironic-inspector keystoneauth1/5.1.0 python-requests/2.28.1 CPython/3.9.14"
- - - [14/Mar/2023:20:23:24 -0400] "GET /v1/ports?fields=address%2Cextra HTTP/1.1" 200 268 527349 "-" "ironic-inspector keystoneauth1/5.1.0 python-requests/2.28.1 CPython/3.9.14"
- - - [14/Mar/2023:20:23:30 -0400] "GET /v1/nodes/6997f843-3962-4f9f-815f-1ca05c55faf0 HTTP/1.1" 200 3303 534841 "-" "python-urllib3/1.26.5"
- - - [14/Mar/2023:20:23:38 -0400] "GET /v1/ports?fields=address%2Cextra HTTP/1.1" 200 268 680889 "-" "ironic-inspector keystoneauth1/5.1.0 python-requests/2.28.1 CPython/3.9.14"
- - - [14/Mar/2023:20:23:39 -0400] "GET /v1/ports?fields=address%2Cextra HTTP/1.1" 200 268 665894 "-" "ironic-inspector keystoneauth1/5.1.0 python-requests/2.28.1 CPython/3.9.14"
- - - [14/Mar/2023:20:23:53 -0400] "GET /v1/ports?fields=address%2Cextra HTTP/1.1" 200 268 549416 "-" "ironic-inspector keystoneauth1/5.1.0 python-requests/2.28.1 CPython/3.9.14"
- - - [14/Mar/2023:20:23:54 -0400] "GET /v1/ports?fields=address%2Cextra HTTP/1.1" 200 268 486850 "-" "ironic-inspector keystoneauth1/5.1.0 python-requests/2.28.1 CPython/3.9.14"
- - - [14/Mar/2023:20:24:01 -0400] "GET /v1/nodes/6997f843-3962-4f9f-815f-1ca05c55faf0 HTTP/1.1" 200 3303 574398 "-" "python-urllib3/1.26.5"
- - - [14/Mar/2023:20:24:07 -0400] "GET /v1/nodes?fields=uuid HTTP/1.1" 200 271 485104 "-" "ironic-inspector keystoneauth1/5.1.0 python-requests/2.28.1 CPython/3.9.14"
- - - [14/Mar/2023:20:24:08 -0400] "GET /v1/ports?fields=address%2Cextra HTTP/1.1" 200 268 515419 "-" "ironic-inspector keystoneauth1/5.1.0 python-requests/2.28.1 CPython/3.9.14"
- - - [14/Mar/2023:20:24:09 -0400] "GET /v1/ports?fields=address%2Cextra HTTP/1.1" 200 268 499357 "-" "ironic-inspector keystoneauth1/5.1.0 python-requests/2.28.1 CPython/3.9.14"
- - - [14/Mar/2023:20:24:23 -0400] "GET /v1/ports?fields=address%2Cextra HTTP/1.1" 200 268 513391 "-" "ironic-inspector keystoneauth1/5.1.0 python-requests/2.28.1 CPython/3.9.14"
- - - [14/Mar/2023:20:24:24 -0400] "GET /v1/ports?fields=address%2Cextra HTTP/1.1" 200 268 432018 "-" "ironic-inspector keystoneauth1/5.1.0 python-requests/2.28.1 CPython/3.9.14"
- - - [14/Mar/2023:20:24:31 -0400] "GET /v1/nodes/6997f843-3962-4f9f-815f-1ca05c55faf0 HTTP/1.1" 200 3303 688369 "-" "python-urllib3/1.26.5"
- - - [14/Mar/2023:20:24:38 -0400] "GET /v1/ports?fields=address%2Cextra HTTP/1.1" 200 268 458231 "-" "ironic-inspector keystoneauth1/5.1.0 python-requests/2.28.1 CPython/3.9.14"
- - - [14/Mar/2023:20:24:39 -0400] "GET /v1/ports?fields=address%2Cextra HTTP/1.1" 200 268 554210 "-" "ironic-inspector keystoneauth1/5.1.0 python-requests/2.28.1 CPython/3.9.14"
- - - [14/Mar/2023:20:24:53 -0400] "GET /v1/ports?fields=address%2Cextra HTTP/1.1" 200 268 494512 "-" "ironic-inspector keystoneauth1/5.1.0 python-requests/2.28.1 CPython/3.9.14"
- - - [14/Mar/2023:20:24:54 -0400] "GET /v1/ports?fields=address%2Cextra HTTP/1.1" 200 268 535896 "-" "ironic-inspector keystoneauth1/5.1.0 python-requests/2.28.1 CPython/3.9.14"
- - - [14/Mar/2023:20:25:02 -0400] "GET /v1/nodes/6997f843-3962-4f9f-815f-1ca05c55faf0 HTTP/1.1" 200 3303 620531 "-" "python-urllib3/1.26.5"
- - - [14/Mar/2023:20:25:07 -0400] "GET /v1/nodes?fields=uuid HTTP/1.1" 200 271 556888 "-" "ironic-inspector keystoneauth1/5.1.0 python-requests/2.28.1 CPython/3.9.14"
- - - [14/Mar/2023:20:25:08 -0400] "GET /v1/ports?fields=address%2Cextra HTTP/1.1" 200 268 469196 "-" "ironic-inspector keystoneauth1/5.1.0 python-requests/2.28.1 CPython/3.9.14"
- - - [14/Mar/2023:20:25:09 -0400] "GET /v1/ports?fields=address%2Cextra HTTP/1.1" 200 268 429625 "-" "ironic-inspector keystoneauth1/5.1.0 python-requests/2.28.1 CPython/3.9.14"
- - - [14/Mar/2023:20:25:23 -0400] "GET /v1/ports?fields=address%2Cextra HTTP/1.1" 200 268 519997 "-" "ironic-inspector keystoneauth1/5.1.0 python-requests/2.28.1 CPython/3.9.14"
- - - [14/Mar/2023:20:25:24 -0400] "GET /v1/ports?fields=address%2Cextra HTTP/1.1" 200 268 614505 "-" "ironic-inspector keystoneauth1/5.1.0 python-requests/2.28.1 CPython/3.9.14"
- - - [14/Mar/2023:20:25:33 -0400] "GET /v1/nodes/6997f843-3962-4f9f-815f-1ca05c55faf0 HTTP/1.1" 200 3303 505710 "-" "python-urllib3/1.26.5"
- - - [14/Mar/2023:20:25:38 -0400] "GET /v1/ports?fields=address%2Cextra HTTP/1.1" 200 268 508465 "-" "ironic-inspector keystoneauth1/5.1.0 python-requests/2.28.1 CPython/3.9.14"
- - - [14/Mar/2023:20:25:39 -0400] "GET /v1/ports?fields=address%2Cextra HTTP/1.1" 200 268 619702 "-" "ironic-inspector keystoneauth1/5.1.0 python-requests/2.28.1 CPython/3.9.14"
- - - [14/Mar/2023:20:25:53 -0400] "GET /v1/ports?fields=address%2Cextra HTTP/1.1" 200 268 606679 "-" "ironic-inspector keystoneauth1/5.1.0 python-requests/2.28.1 CPython/3.9.14"
- - - [14/Mar/2023:20:25:54 -0400] "GET /v1/ports?fields=address%2Cextra HTTP/1.1" 200 268 411769 "-" "ironic-inspector keystoneauth1/5.1.0 python-requests/2.28.1 CPython/3.9.14"
- - - [14/Mar/2023:20:26:03 -0400] "GET /v1/nodes/6997f843-3962-4f9f-815f-1ca05c55faf0 HTTP/1.1" 200 3303 481151 "-" "python-urllib3/1.26.5"
- - - [14/Mar/2023:20:26:07 -0400] "GET /v1/nodes?fields=uuid HTTP/1.1" 200 271 449133 "-" "ironic-inspector keystoneauth1/5.1.0 python-requests/2.28.1 CPython/3.9.14"
- - - [14/Mar/2023:20:26:08 -0400] "GET /v1/ports?fields=address%2Cextra HTTP/1.1" 200 268 498373 "-" "ironic-inspector keystoneauth1/5.1.0 python-requests/2.28.1 CPython/3.9.14"
- - - [14/Mar/2023:20:26:09 -0400] "GET /v1/ports?fields=address%2Cextra HTTP/1.1" 200 268 454965 "-" "ironic-inspector keystoneauth1/5.1.0 python-requests/2.28.1 CPython/3.9.14"
- - - [14/Mar/2023:20:26:23 -0400] "GET /v1/ports?fields=address%2Cextra HTTP/1.1" 200 268 540647 "-" "ironic-inspector keystoneauth1/5.1.0 python-requests/2.28.1 CPython/3.9.14"
- - - [14/Mar/2023:20:26:24 -0400] "GET /v1/ports?fields=address%2Cextra HTTP/1.1" 200 268 476882 "-" "ironic-inspector keystoneauth1/5.1.0 python-requests/2.28.1 CPython/3.9.14"
- - - [14/Mar/2023:20:26:34 -0400] "GET /v1/nodes/6997f843-3962-4f9f-815f-1ca05c55faf0 HTTP/1.1" 200 3303 556565 "-" "python-urllib3/1.26.5"
- - - [14/Mar/2023:20:26:38 -0400] "GET /v1/ports?fields=address%2Cextra HTTP/1.1" 200 268 398934 "-" "ironic-inspector keystoneauth1/5.1.0 python-requests/2.28.1 CPython/3.9.14"
- - - [14/Mar/2023:20:26:39 -0400] "GET /v1/ports?fields=address%2Cextra HTTP/1.1" 200 268 439384 "-" "ironic-inspector keystoneauth1/5.1.0 python-requests/2.28.1 CPython/3.9.14"
- - - [14/Mar/2023:20:26:53 -0400] "GET /v1/ports?fields=address%2Cextra HTTP/1.1" 200 268 438910 "-" "ironic-inspector keystoneauth1/5.1.0 python-requests/2.28.1 CPython/3.9.14"
- - - [14/Mar/2023:20:26:54 -0400] "GET /v1/ports?fields=address%2Cextra HTTP/1.1" 200 268 404437 "-" "ironic-inspector keystoneauth1/5.1.0 python-requests/2.28.1 CPython/3.9.14"
- - - [14/Mar/2023:20:27:04 -0400] "GET /v1/nodes/6997f843-3962-4f9f-815f-1ca05c55faf0 HTTP/1.1" 200 3303 630287 "-" "python-urllib3/1.26.5"
- - - [14/Mar/2023:20:27:07 -0400] "GET /v1/nodes?fields=uuid HTTP/1.1" 200 271 575519 "-" "ironic-inspector keystoneauth1/5.1.0 python-requests/2.28.1 CPython/3.9.14"
- - - [14/Mar/2023:20:27:08 -0400] "GET /v1/ports?fields=address%2Cextra HTTP/1.1" 200 268 472218 "-" "ironic-inspector keystoneauth1/5.1.0 python-requests/2.28.1 CPython/3.9.14"
- - - [14/Mar/2023:20:27:09 -0400] "GET /v1/ports?fields=address%2Cextra HTTP/1.1" 200 268 574671 "-" "ironic-inspector keystoneauth1/5.1.0 python-requests/2.28.1 CPython/3.9.14"
- - - [14/Mar/2023:20:27:23 -0400] "GET /v1/ports?fields=address%2Cextra HTTP/1.1" 200 268 528543 "-" "ironic-inspector keystoneauth1/5.1.0 python-requests/2.28.1 CPython/3.9.14"
- - - [14/Mar/2023:20:27:24 -0400] "GET /v1/ports?fields=address%2Cextra HTTP/1.1" 200 268 421080 "-" "ironic-inspector keystoneauth1/5.1.0 python-requests/2.28.1 CPython/3.9.14"
- - - [14/Mar/2023:20:27:35 -0400] "GET /v1/nodes/6997f843-3962-4f9f-815f-1ca05c55faf0 HTTP/1.1" 200 3303 552613 "-" "python-urllib3/1.26.5"
- - - [14/Mar/2023:20:27:38 -0400] "GET /v1/ports?fields=address%2Cextra HTTP/1.1" 200 268 883314 "-" "ironic-inspector keystoneauth1/5.1.0 python-requests/2.28.1 CPython/3.9.14"
- - - [14/Mar/2023:20:27:39 -0400] "GET /v1/ports?fields=address%2Cextra HTTP/1.1" 200 268 535542 "-" "ironic-inspector keystoneauth1/5.1.0 python-requests/2.28.1 CPython/3.9.14"
- - - [14/Mar/2023:20:27:53 -0400] "GET /v1/ports?fields=address%2Cextra HTTP/1.1" 200 268 509312 "-" "ironic-inspector keystoneauth1/5.1.0 python-requests/2.28.1 CPython/3.9.14"
- - - [14/Mar/2023:20:27:54 -0400] "GET /v1/ports?fields=address%2Cextra HTTP/1.1" 200 268 614885 "-" "ironic-inspector keystoneauth1/5.1.0 python-requests/2.28.1 CPython/3.9.14"
- - - [14/Mar/2023:20:28:06 -0400] "GET /v1/nodes/6997f843-3962-4f9f-815f-1ca05c55faf0 HTTP/1.1" 200 3303 651005 "-" "python-urllib3/1.26.5"
- - - [14/Mar/2023:20:28:07 -0400] "GET /v1/nodes?fields=uuid HTTP/1.1" 200 271 658749 "-" "ironic-inspector keystoneauth1/5.1.0 python-requests/2.28.1 CPython/3.9.14"
- - - [14/Mar/2023:20:28:08 -0400] "GET /v1/ports?fields=address%2Cextra HTTP/1.1" 200 268 579664 "-" "ironic-inspector keystoneauth1/5.1.0 python-requests/2.28.1 CPython/3.9.14"
- - - [14/Mar/2023:20:28:09 -0400] "GET /v1/ports?fields=address%2Cextra HTTP/1.1" 200 268 507856 "-" "ironic-inspector keystoneauth1/5.1.0 python-requests/2.28.1 CPython/3.9.14"
- - - [14/Mar/2023:20:28:23 -0400] "GET /v1/ports?fields=address%2Cextra HTTP/1.1" 200 268 524163 "-" "ironic-inspector keystoneauth1/5.1.0 python-requests/2.28.1 CPython/3.9.14"
- - - [14/Mar/2023:20:28:24 -0400] "GET /v1/ports?fields=address%2Cextra HTTP/1.1" 200 268 761798 "-" "ironic-inspector keystoneauth1/5.1.0 python-requests/2.28.1 CPython/3.9.14"
- - - [14/Mar/2023:20:28:36 -0400] "GET /v1/nodes/6997f843-3962-4f9f-815f-1ca05c55faf0 HTTP/1.1" 200 3303 564806 "-" "python-urllib3/1.26.5"
- - - [14/Mar/2023:20:28:38 -0400] "GET /v1/ports?fields=address%2Cextra HTTP/1.1" 200 268 612444 "-" "ironic-inspector keystoneauth1/5.1.0 python-requests/2.28.1 CPython/3.9.14"
- - - [14/Mar/2023:20:28:39 -0400] "GET /v1/ports?fields=address%2Cextra HTTP/1.1" 200 268 621444 "-" "ironic-inspector keystoneauth1/5.1.0 python-requests/2.28.1 CPython/3.9.14"
- - - [14/Mar/2023:20:28:53 -0400] "GET /v1/ports?fields=address%2Cextra HTTP/1.1" 200 268 772039 "-" "ironic-inspector keystoneauth1/5.1.0 python-requests/2.28.1 CPython/3.9.14"
- - - [14/Mar/2023:20:28:54 -0400] "GET /v1/ports?fields=address%2Cextra HTTP/1.1" 200 268 623196 "-" "ironic-inspector keystoneauth1/5.1.0 python-requests/2.28.1 CPython/3.9.14"
- - - [14/Mar/2023:20:29:07 -0400] "GET /v1/nodes?fields=uuid HTTP/1.1" 200 271 475623 "-" "ironic-inspector keystoneauth1/5.1.0 python-requests/2.28.1 CPython/3.9.14"
- - - [14/Mar/2023:20:29:07 -0400] "GET /v1/nodes/6997f843-3962-4f9f-815f-1ca05c55faf0 HTTP/1.1" 200 3303 584889 "-" "python-urllib3/1.26.5"
- - - [14/Mar/2023:20:29:08 -0400] "GET /v1/ports?fields=address%2Cextra HTTP/1.1" 200 268 553644 "-" "ironic-inspector keystoneauth1/5.1.0 python-requests/2.28.1 CPython/3.9.14"
- - - [14/Mar/2023:20:29:09 -0400] "GET /v1/ports?fields=address%2Cextra HTTP/1.1" 200 268 460034 "-" "ironic-inspector keystoneauth1/5.1.0 python-requests/2.28.1 CPython/3.9.14"
- - - [14/Mar/2023:20:29:23 -0400] "GET /v1/ports?fields=address%2Cextra HTTP/1.1" 200 268 527421 "-" "ironic-inspector keystoneauth1/5.1.0 python-requests/2.28.1 CPython/3.9.14"
- - - [14/Mar/2023:20:29:24 -0400] "GET /v1/ports?fields=address%2Cextra HTTP/1.1" 200 268 556522 "-" "ironic-inspector keystoneauth1/5.1.0 python-requests/2.28.1 CPython/3.9.14"
- - - [14/Mar/2023:20:29:37 -0400] "GET /v1/nodes/6997f843-3962-4f9f-815f-1ca05c55faf0 HTTP/1.1" 200 3303 647326 "-" "python-urllib3/1.26.5"
- - - [14/Mar/2023:20:29:38 -0400] "GET /v1/ports?fields=address%2Cextra HTTP/1.1" 200 268 527839 "-" "ironic-inspector keystoneauth1/5.1.0 python-requests/2.28.1 CPython/3.9.14"
- - - [14/Mar/2023:20:29:39 -0400] "GET /v1/ports?fields=address%2Cextra HTTP/1.1" 200 268 622376 "-" "ironic-inspector keystoneauth1/5.1.0 python-requests/2.28.1 CPython/3.9.14"
- - - [14/Mar/2023:20:29:53 -0400] "GET /v1/ports?fields=address%2Cextra HTTP/1.1" 200 268 564993 "-" "ironic-inspector keystoneauth1/5.1.0 python-requests/2.28.1 CPython/3.9.14"
- - - [14/Mar/2023:20:29:54 -0400] "GET /v1/ports?fields=address%2Cextra HTTP/1.1" 200 268 536919 "-" "ironic-inspector keystoneauth1/5.1.0 python-requests/2.28.1 CPython/3.9.14"
- - - [14/Mar/2023:20:30:07 -0400] "GET /v1/nodes?fields=uuid HTTP/1.1" 200 271 616520 "-" "ironic-inspector keystoneauth1/5.1.0 python-requests/2.28.1 CPython/3.9.14"
- - - [14/Mar/2023:20:30:08 -0400] "GET /v1/ports?fields=address%2Cextra HTTP/1.1" 200 268 540559 "-" "ironic-inspector keystoneauth1/5.1.0 python-requests/2.28.1 CPython/3.9.14"
- - - [14/Mar/2023:20:30:08 -0400] "GET /v1/nodes/6997f843-3962-4f9f-815f-1ca05c55faf0 HTTP/1.1" 200 3303 695528 "-" "python-urllib3/1.26.5"
- - - [14/Mar/2023:20:30:09 -0400] "GET /v1/ports?fields=address%2Cextra HTTP/1.1" 200 268 537627 "-" "ironic-inspector keystoneauth1/5.1.0 python-requests/2.28.1 CPython/3.9.14"
- - - [14/Mar/2023:20:30:23 -0400] "GET /v1/ports?fields=address%2Cextra HTTP/1.1" 200 268 527794 "-" "ironic-inspector keystoneauth1/5.1.0 python-requests/2.28.1 CPython/3.9.14"
- - - [14/Mar/2023:20:30:24 -0400] "GET /v1/ports?fields=address%2Cextra HTTP/1.1" 200 268 478990 "-" "ironic-inspector keystoneauth1/5.1.0 python-requests/2.28.1 CPython/3.9.14"
- - - [14/Mar/2023:20:30:38 -0400] "GET /v1/ports?fields=address%2Cextra HTTP/1.1" 200 268 649608 "-" "ironic-inspector keystoneauth1/5.1.0 python-requests/2.28.1 CPython/3.9.14"
- - - [14/Mar/2023:20:30:39 -0400] "GET /v1/nodes/6997f843-3962-4f9f-815f-1ca05c55faf0 HTTP/1.1" 200 3303 556656 "-" "python-urllib3/1.26.5"
- - - [14/Mar/2023:20:30:39 -0400] "GET /v1/ports?fields=address%2Cextra HTTP/1.1" 200 268 628947 "-" "ironic-inspector keystoneauth1/5.1.0 python-requests/2.28.1 CPython/3.9.14"
- - - [14/Mar/2023:20:30:53 -0400] "GET /v1/ports?fields=address%2Cextra HTTP/1.1" 200 268 566197 "-" "ironic-inspector keystoneauth1/5.1.0 python-requests/2.28.1 CPython/3.9.14"
- - - [14/Mar/2023:20:30:54 -0400] "GET /v1/ports?fields=address%2Cextra HTTP/1.1" 200 268 611925 "-" "ironic-inspector keystoneauth1/5.1.0 python-requests/2.28.1 CPython/3.9.14"
- - - [14/Mar/2023:20:31:07 -0400] "GET /v1/nodes?fields=uuid HTTP/1.1" 200 271 649911 "-" "ironic-inspector keystoneauth1/5.1.0 python-requests/2.28.1 CPython/3.9.14"
- - - [14/Mar/2023:20:31:08 -0400] "GET /v1/ports?fields=address%2Cextra HTTP/1.1" 200 268 648195 "-" "ironic-inspector keystoneauth1/5.1.0 python-requests/2.28.1 CPython/3.9.14"
- - - [14/Mar/2023:20:31:09 -0400] "GET /v1/ports?fields=address%2Cextra HTTP/1.1" 200 268 644248 "-" "ironic-inspector keystoneauth1/5.1.0 python-requests/2.28.1 CPython/3.9.14"
- - - [14/Mar/2023:20:31:09 -0400] "GET /v1/nodes/6997f843-3962-4f9f-815f-1ca05c55faf0 HTTP/1.1" 200 3303 476412 "-" "python-urllib3/1.26.5"
- - - [14/Mar/2023:20:31:23 -0400] "GET /v1/ports?fields=address%2Cextra HTTP/1.1" 200 268 585494 "-" "ironic-inspector keystoneauth1/5.1.0 python-requests/2.28.1 CPython/3.9.14"
- - - [14/Mar/2023:20:31:24 -0400] "GET /v1/ports?fields=address%2Cextra HTTP/1.1" 200 268 569817 "-" "ironic-inspector keystoneauth1/5.1.0 python-requests/2.28.1 CPython/3.9.14"
- - - [14/Mar/2023:20:31:38 -0400] "GET /v1/ports?fields=address%2Cextra HTTP/1.1" 200 268 892283 "-" "ironic-inspector keystoneauth1/5.1.0 python-requests/2.28.1 CPython/3.9.14"
- - - [14/Mar/2023:20:31:39 -0400] "GET /v1/ports?fields=address%2Cextra HTTP/1.1" 200 268 664869 "-" "ironic-inspector keystoneauth1/5.1.0 python-requests/2.28.1 CPython/3.9.14"
- - - [14/Mar/2023:20:31:40 -0400] "GET /v1/nodes/6997f843-3962-4f9f-815f-1ca05c55faf0 HTTP/1.1" 200 3303 1032990 "-" "python-urllib3/1.26.5"
- - - [14/Mar/2023:20:31:53 -0400] "GET /v1/ports?fields=address%2Cextra HTTP/1.1" 200 268 673627 "-" "ironic-inspector keystoneauth1/5.1.0 python-requests/2.28.1 CPython/3.9.14"
- - - [14/Mar/2023:20:31:54 -0400] "GET /v1/ports?fields=address%2Cextra HTTP/1.1" 200 268 653366 "-" "ironic-inspector keystoneauth1/5.1.0 python-requests/2.28.1 CPython/3.9.14"
- - - [14/Mar/2023:20:32:07 -0400] "GET /v1/nodes?fields=uuid HTTP/1.1" 200 271 864529 "-" "ironic-inspector keystoneauth1/5.1.0 python-requests/2.28.1 CPython/3.9.14"
- - - [14/Mar/2023:20:32:08 -0400] "GET /v1/ports?fields=address%2Cextra HTTP/1.1" 200 268 638951 "-" "ironic-inspector keystoneauth1/5.1.0 python-requests/2.28.1 CPython/3.9.14"
- - - [14/Mar/2023:20:32:09 -0400] "GET /v1/ports?fields=address%2Cextra HTTP/1.1" 200 268 594968 "-" "ironic-inspector keystoneauth1/5.1.0 python-requests/2.28.1 CPython/3.9.14"
- - - [14/Mar/2023:20:32:11 -0400] "GET /v1/nodes/6997f843-3962-4f9f-815f-1ca05c55faf0 HTTP/1.1" 200 3303 531445 "-" "python-urllib3/1.26.5"
- - - [14/Mar/2023:20:32:23 -0400] "GET /v1/ports?fields=address%2Cextra HTTP/1.1" 200 268 586552 "-" "ironic-inspector keystoneauth1/5.1.0 python-requests/2.28.1 CPython/3.9.14"
- - - [14/Mar/2023:20:32:24 -0400] "GET /v1/ports?fields=address%2Cextra HTTP/1.1" 200 268 613179 "-" "ironic-inspector keystoneauth1/5.1.0 python-requests/2.28.1 CPython/3.9.14"
- - - [14/Mar/2023:20:32:38 -0400] "GET /v1/ports?fields=address%2Cextra HTTP/1.1" 200 268 729458 "-" "ironic-inspector keystoneauth1/5.1.0 python-requests/2.28.1 CPython/3.9.14"
- - - [14/Mar/2023:20:32:39 -0400] "GET /v1/ports?fields=address%2Cextra HTTP/1.1" 200 268 668441 "-" "ironic-inspector keystoneauth1/5.1.0 python-requests/2.28.1 CPython/3.9.14"
- - - [14/Mar/2023:20:32:42 -0400] "GET /v1/nodes/6997f843-3962-4f9f-815f-1ca05c55faf0 HTTP/1.1" 200 3303 755787 "-" "python-urllib3/1.26.5"
- - - [14/Mar/2023:20:32:53 -0400] "GET /v1/ports?fields=address%2Cextra HTTP/1.1" 200 268 429842 "-" "ironic-inspector keystoneauth1/5.1.0 python-requests/2.28.1 CPython/3.9.14"
- - - [14/Mar/2023:20:32:54 -0400] "GET /v1/ports?fields=address%2Cextra HTTP/1.1" 200 268 511577 "-" "ironic-inspector keystoneauth1/5.1.0 python-requests/2.28.1 CPython/3.9.14"
- - - [14/Mar/2023:20:33:07 -0400] "GET /v1/nodes?fields=uuid HTTP/1.1" 200 271 825959 "-" "ironic-inspector keystoneauth1/5.1.0 python-requests/2.28.1 CPython/3.9.14"
- - - [14/Mar/2023:20:33:08 -0400] "GET /v1/ports?fields=address%2Cextra HTTP/1.1" 200 268 624311 "-" "ironic-inspector keystoneauth1/5.1.0 python-requests/2.28.1 CPython/3.9.14"
- - - [14/Mar/2023:20:33:09 -0400] "GET /v1/ports?fields=address%2Cextra HTTP/1.1" 200 268 746423 "-" "ironic-inspector keystoneauth1/5.1.0 python-requests/2.28.1 CPython/3.9.14"
- - - [14/Mar/2023:20:33:12 -0400] "GET /v1/nodes/6997f843-3962-4f9f-815f-1ca05c55faf0 HTTP/1.1" 200 3303 592183 "-" "python-urllib3/1.26.5"
- - - [14/Mar/2023:20:33:23 -0400] "GET /v1/ports?fields=address%2Cextra HTTP/1.1" 200 268 670467 "-" "ironic-inspector keystoneauth1/5.1.0 python-requests/2.28.1 CPython/3.9.14"
- - - [14/Mar/2023:20:33:24 -0400] "GET /v1/ports?fields=address%2Cextra HTTP/1.1" 200 268 890059 "-" "ironic-inspector keystoneauth1/5.1.0 python-requests/2.28.1 CPython/3.9.14"
- - - [14/Mar/2023:20:33:38 -0400] "GET /v1/ports?fields=address%2Cextra HTTP/1.1" 200 268 636838 "-" "ironic-inspector keystoneauth1/5.1.0 python-requests/2.28.1 CPython/3.9.14"
- - - [14/Mar/2023:20:33:39 -0400] "GET /v1/ports?fields=address%2Cextra HTTP/1.1" 200 268 664033 "-" "ironic-inspector keystoneauth1/5.1.0 python-requests/2.28.1 CPython/3.9.14"
- - - [14/Mar/2023:20:33:43 -0400] "GET /v1/nodes/6997f843-3962-4f9f-815f-1ca05c55faf0 HTTP/1.1" 200 3303 691966 "-" "python-urllib3/1.26.5"
- - - [14/Mar/2023:20:33:53 -0400] "GET /v1/ports?fields=address%2Cextra HTTP/1.1" 200 268 630507 "-" "ironic-inspector keystoneauth1/5.1.0 python-requests/2.28.1 CPython/3.9.14"
- - - [14/Mar/2023:20:33:54 -0400] "GET /v1/ports?fields=address%2Cextra HTTP/1.1" 200 268 582402 "-" "ironic-inspector keystoneauth1/5.1.0 python-requests/2.28.1 CPython/3.9.14"
- - - [14/Mar/2023:20:34:07 -0400] "GET /v1/nodes?fields=uuid HTTP/1.1" 200 271 823593 "-" "ironic-inspector keystoneauth1/5.1.0 python-requests/2.28.1 CPython/3.9.14"
- - - [14/Mar/2023:20:34:08 -0400] "GET /v1/ports?fields=address%2Cextra HTTP/1.1" 200 268 580051 "-" "ironic-inspector keystoneauth1/5.1.0 python-requests/2.28.1 CPython/3.9.14"
- - - [14/Mar/2023:20:34:09 -0400] "GET /v1/ports?fields=address%2Cextra HTTP/1.1" 200 268 663545 "-" "ironic-inspector keystoneauth1/5.1.0 python-requests/2.28.1 CPython/3.9.14"
- - - [14/Mar/2023:20:34:14 -0400] "GET /v1/nodes/6997f843-3962-4f9f-815f-1ca05c55faf0 HTTP/1.1" 200 3303 557253 "-" "python-urllib3/1.26.5"
- - - [14/Mar/2023:20:34:23 -0400] "GET /v1/ports?fields=address%2Cextra HTTP/1.1" 200 268 654084 "-" "ironic-inspector keystoneauth1/5.1.0 python-requests/2.28.1 CPython/3.9.14"
- - - [14/Mar/2023:20:34:24 -0400] "GET /v1/ports?fields=address%2Cextra HTTP/1.1" 200 268 481069 "-" "ironic-inspector keystoneauth1/5.1.0 python-requests/2.28.1 CPython/3.9.14"
- - - [14/Mar/2023:20:34:38 -0400] "GET /v1/ports?fields=address%2Cextra HTTP/1.1" 200 268 619990 "-" "ironic-inspector keystoneauth1/5.1.0 python-requests/2.28.1 CPython/3.9.14"
- - - [14/Mar/2023:20:34:39 -0400] "GET /v1/ports?fields=address%2Cextra HTTP/1.1" 200 268 582401 "-" "ironic-inspector keystoneauth1/5.1.0 python-requests/2.28.1 CPython/3.9.14"
- - - [14/Mar/2023:20:34:44 -0400] "GET /v1/nodes/6997f843-3962-4f9f-815f-1ca05c55faf0 HTTP/1.1" 200 3303 720642 "-" "python-urllib3/1.26.5"
- - - [14/Mar/2023:20:34:53 -0400] "GET /v1/ports?fields=address%2Cextra HTTP/1.1" 200 268 633254 "-" "ironic-inspector keystoneauth1/5.1.0 python-requests/2.28.1 CPython/3.9.14"
- - - [14/Mar/2023:20:34:54 -0400] "GET /v1/ports?fields=address%2Cextra HTTP/1.1" 200 268 710310 "-" "ironic-inspector keystoneauth1/5.1.0 python-requests/2.28.1 CPython/3.9.14"
- - - [14/Mar/2023:20:35:07 -0400] "GET /v1/nodes?fields=uuid HTTP/1.1" 200 271 654984 "-" "ironic-inspector keystoneauth1/5.1.0 python-requests/2.28.1 CPython/3.9.14"
- - - [14/Mar/2023:20:35:08 -0400] "GET /v1/ports?fields=address%2Cextra HTTP/1.1" 200 268 778557 "-" "ironic-inspector keystoneauth1/5.1.0 python-requests/2.28.1 CPython/3.9.14"
- - - [14/Mar/2023:20:35:09 -0400] "GET /v1/ports?fields=address%2Cextra HTTP/1.1" 200 268 618540 "-" "ironic-inspector keystoneauth1/5.1.0 python-requests/2.28.1 CPython/3.9.14"
- - - [14/Mar/2023:20:35:15 -0400] "GET /v1/nodes/6997f843-3962-4f9f-815f-1ca05c55faf0 HTTP/1.1" 200 3303 824606 "-" "python-urllib3/1.26.5"
- - - [14/Mar/2023:20:35:23 -0400] "GET /v1/ports?fields=address%2Cextra HTTP/1.1" 200 268 730617 "-" "ironic-inspector keystoneauth1/5.1.0 python-requests/2.28.1 CPython/3.9.14"
- - - [14/Mar/2023:20:35:24 -0400] "GET /v1/ports?fields=address%2Cextra HTTP/1.1" 200 268 624942 "-" "ironic-inspector keystoneauth1/5.1.0 python-requests/2.28.1 CPython/3.9.14"
- - - [14/Mar/2023:20:35:38 -0400] "GET /v1/ports?fields=address%2Cextra HTTP/1.1" 200 268 778118 "-" "ironic-inspector keystoneauth1/5.1.0 python-requests/2.28.1 CPython/3.9.14"
- - - [14/Mar/2023:20:35:39 -0400] "GET /v1/ports?fields=address%2Cextra HTTP/1.1" 200 268 599322 "-" "ironic-inspector keystoneauth1/5.1.0 python-requests/2.28.1 CPython/3.9.14"
- - - [14/Mar/2023:20:35:46 -0400] "GET /v1/nodes/6997f843-3962-4f9f-815f-1ca05c55faf0 HTTP/1.1" 200 3303 601059 "-" "python-urllib3/1.26.5"
- - - [14/Mar/2023:20:35:53 -0400] "GET /v1/ports?fields=address%2Cextra HTTP/1.1" 200 268 658759 "-" "ironic-inspector keystoneauth1/5.1.0 python-requests/2.28.1 CPython/3.9.14"
- - - [14/Mar/2023:20:35:54 -0400] "GET /v1/ports?fields=address%2Cextra HTTP/1.1" 200 268 587782 "-" "ironic-inspector keystoneauth1/5.1.0 python-requests/2.28.1 CPython/3.9.14"
- - - [14/Mar/2023:20:36:07 -0400] "GET /v1/nodes?fields=uuid HTTP/1.1" 200 271 596426 "-" "ironic-inspector keystoneauth1/5.1.0 python-requests/2.28.1 CPython/3.9.14"
- - - [14/Mar/2023:20:36:08 -0400] "GET /v1/ports?fields=address%2Cextra HTTP/1.1" 200 268 576505 "-" "ironic-inspector keystoneauth1/5.1.0 python-requests/2.28.1 CPython/3.9.14"
- - - [14/Mar/2023:20:36:09 -0400] "GET /v1/ports?fields=address%2Cextra HTTP/1.1" 200 268 527952 "-" "ironic-inspector keystoneauth1/5.1.0 python-requests/2.28.1 CPython/3.9.14"
- - - [14/Mar/2023:20:36:17 -0400] "GET /v1/nodes/6997f843-3962-4f9f-815f-1ca05c55faf0 HTTP/1.1" 200 3303 631215 "-" "python-urllib3/1.26.5"
- - - [14/Mar/2023:20:36:23 -0400] "GET /v1/ports?fields=address%2Cextra HTTP/1.1" 200 268 567499 "-" "ironic-inspector keystoneauth1/5.1.0 python-requests/2.28.1 CPython/3.9.14"
- - - [14/Mar/2023:20:36:24 -0400] "GET /v1/ports?fields=address%2Cextra HTTP/1.1" 200 268 552818 "-" "ironic-inspector keystoneauth1/5.1.0 python-requests/2.28.1 CPython/3.9.14"
- - - [14/Mar/2023:20:36:38 -0400] "GET /v1/ports?fields=address%2Cextra HTTP/1.1" 200 268 553086 "-" "ironic-inspector keystoneauth1/5.1.0 python-requests/2.28.1 CPython/3.9.14"
- - - [14/Mar/2023:20:36:39 -0400] "GET /v1/ports?fields=address%2Cextra HTTP/1.1" 200 268 576538 "-" "ironic-inspector keystoneauth1/5.1.0 python-requests/2.28.1 CPython/3.9.14"
- - - [14/Mar/2023:20:36:47 -0400] "GET /v1/nodes/6997f843-3962-4f9f-815f-1ca05c55faf0 HTTP/1.1" 200 3303 695806 "-" "python-urllib3/1.26.5"
- - - [14/Mar/2023:20:36:53 -0400] "GET /v1/ports?fields=address%2Cextra HTTP/1.1" 200 268 555019 "-" "ironic-inspector keystoneauth1/5.1.0 python-requests/2.28.1 CPython/3.9.14"
- - - [14/Mar/2023:20:36:54 -0400] "GET /v1/ports?fields=address%2Cextra HTTP/1.1" 200 268 632915 "-" "ironic-inspector keystoneauth1/5.1.0 python-requests/2.28.1 CPython/3.9.14"
- - - [14/Mar/2023:20:37:07 -0400] "GET /v1/nodes?fields=uuid HTTP/1.1" 200 271 881527 "-" "ironic-inspector keystoneauth1/5.1.0 python-requests/2.28.1 CPython/3.9.14"
- - - [14/Mar/2023:20:37:08 -0400] "GET /v1/ports?fields=address%2Cextra HTTP/1.1" 200 268 553882 "-" "ironic-inspector keystoneauth1/5.1.0 python-requests/2.28.1 CPython/3.9.14"
- - - [14/Mar/2023:20:37:09 -0400] "GET /v1/ports?fields=address%2Cextra HTTP/1.1" 200 268 939595 "-" "ironic-inspector keystoneauth1/5.1.0 python-requests/2.28.1 CPython/3.9.14"
- - - [14/Mar/2023:20:37:18 -0400] "GET /v1/nodes/6997f843-3962-4f9f-815f-1ca05c55faf0 HTTP/1.1" 200 3303 699766 "-" "python-urllib3/1.26.5"
- - - [14/Mar/2023:20:37:23 -0400] "GET /v1/ports?fields=address%2Cextra HTTP/1.1" 200 268 739398 "-" "ironic-inspector keystoneauth1/5.1.0 python-requests/2.28.1 CPython/3.9.14"
- - - [14/Mar/2023:20:37:24 -0400] "GET /v1/ports?fields=address%2Cextra HTTP/1.1" 200 268 730070 "-" "ironic-inspector keystoneauth1/5.1.0 python-requests/2.28.1 CPython/3.9.14"
- - - [14/Mar/2023:20:37:38 -0400] "GET /v1/ports?fields=address%2Cextra HTTP/1.1" 200 268 505499 "-" "ironic-inspector keystoneauth1/5.1.0 python-requests/2.28.1 CPython/3.9.14"
- - - [14/Mar/2023:20:37:39 -0400] "GET /v1/ports?fields=address%2Cextra HTTP/1.1" 200 268 737149 "-" "ironic-inspector keystoneauth1/5.1.0 python-requests/2.28.1 CPython/3.9.14"
- - - [14/Mar/2023:20:37:49 -0400] "GET /v1/nodes/6997f843-3962-4f9f-815f-1ca05c55faf0 HTTP/1.1" 200 3303 674250 "-" "python-urllib3/1.26.5"
- - - [14/Mar/2023:20:37:53 -0400] "GET /v1/ports?fields=address%2Cextra HTTP/1.1" 200 268 616476 "-" "ironic-inspector keystoneauth1/5.1.0 python-requests/2.28.1 CPython/3.9.14"
- - - [14/Mar/2023:20:37:54 -0400] "GET /v1/ports?fields=address%2Cextra HTTP/1.1" 200 268 536055 "-" "ironic-inspector keystoneauth1/5.1.0 python-requests/2.28.1 CPython/3.9.14"
- - - [14/Mar/2023:20:38:07 -0400] "GET /v1/nodes?fields=uuid HTTP/1.1" 200 271 906243 "-" "ironic-inspector keystoneauth1/5.1.0 python-requests/2.28.1 CPython/3.9.14"
- - - [14/Mar/2023:20:38:08 -0400] "GET /v1/ports?fields=address%2Cextra HTTP/1.1" 200 268 663203 "-" "ironic-inspector keystoneauth1/5.1.0 python-requests/2.28.1 CPython/3.9.14"
- - - [14/Mar/2023:20:38:09 -0400] "GET /v1/ports?fields=address%2Cextra HTTP/1.1" 200 268 635256 "-" "ironic-inspector keystoneauth1/5.1.0 python-requests/2.28.1 CPython/3.9.14"
- - - [14/Mar/2023:20:38:20 -0400] "GET /v1/nodes/6997f843-3962-4f9f-815f-1ca05c55faf0 HTTP/1.1" 200 3303 593347 "-" "python-urllib3/1.26.5"
- - - [14/Mar/2023:20:38:23 -0400] "GET /v1/ports?fields=address%2Cextra HTTP/1.1" 200 268 638453 "-" "ironic-inspector keystoneauth1/5.1.0 python-requests/2.28.1 CPython/3.9.14"
- - - [14/Mar/2023:20:38:24 -0400] "GET /v1/ports?fields=address%2Cextra HTTP/1.1" 200 268 568826 "-" "ironic-inspector keystoneauth1/5.1.0 python-requests/2.28.1 CPython/3.9.14"
- - - [14/Mar/2023:20:38:38 -0400] "GET /v1/ports?fields=address%2Cextra HTTP/1.1" 200 268 735589 "-" "ironic-inspector keystoneauth1/5.1.0 python-requests/2.28.1 CPython/3.9.14"
- - - [14/Mar/2023:20:38:39 -0400] "GET /v1/ports?fields=address%2Cextra HTTP/1.1" 200 268 540629 "-" "ironic-inspector keystoneauth1/5.1.0 python-requests/2.28.1 CPython/3.9.14"
- - - [14/Mar/2023:20:38:50 -0400] "GET /v1/nodes/6997f843-3962-4f9f-815f-1ca05c55faf0 HTTP/1.1" 200 3303 786677 "-" "python-urllib3/1.26.5"
- - - [14/Mar/2023:20:38:53 -0400] "GET /v1/ports?fields=address%2Cextra HTTP/1.1" 200 268 587499 "-" "ironic-inspector keystoneauth1/5.1.0 python-requests/2.28.1 CPython/3.9.14"
- - - [14/Mar/2023:20:38:54 -0400] "GET /v1/ports?fields=address%2Cextra HTTP/1.1" 200 268 650563 "-" "ironic-inspector keystoneauth1/5.1.0 python-requests/2.28.1 CPython/3.9.14"
- - - [14/Mar/2023:20:39:07 -0400] "GET /v1/nodes?fields=uuid HTTP/1.1" 200 271 599083 "-" "ironic-inspector keystoneauth1/5.1.0 python-requests/2.28.1 CPython/3.9.14"
- - - [14/Mar/2023:20:39:08 -0400] "GET /v1/ports?fields=address%2Cextra HTTP/1.1" 200 268 736501 "-" "ironic-inspector keystoneauth1/5.1.0 python-requests/2.28.1 CPython/3.9.14"
- - - [14/Mar/2023:20:39:09 -0400] "GET /v1/ports?fields=address%2Cextra HTTP/1.1" 200 268 616409 "-" "ironic-inspector keystoneauth1/5.1.0 python-requests/2.28.1 CPython/3.9.14"
- - - [14/Mar/2023:20:39:21 -0400] "GET /v1/nodes/6997f843-3962-4f9f-815f-1ca05c55faf0 HTTP/1.1" 200 3303 792749 "-" "python-urllib3/1.26.5"
- - - [14/Mar/2023:20:39:23 -0400] "GET /v1/ports?fields=address%2Cextra HTTP/1.1" 200 268 647991 "-" "ironic-inspector keystoneauth1/5.1.0 python-requests/2.28.1 CPython/3.9.14"
- - - [14/Mar/2023:20:39:24 -0400] "GET /v1/ports?fields=address%2Cextra HTTP/1.1" 200 268 652120 "-" "ironic-inspector keystoneauth1/5.1.0 python-requests/2.28.1 CPython/3.9.14"
- - - [14/Mar/2023:20:39:38 -0400] "GET /v1/ports?fields=address%2Cextra HTTP/1.1" 200 268 724246 "-" "ironic-inspector keystoneauth1/5.1.0 python-requests/2.28.1 CPython/3.9.14"
- - - [14/Mar/2023:20:39:39 -0400] "GET /v1/ports?fields=address%2Cextra HTTP/1.1" 200 268 766563 "-" "ironic-inspector keystoneauth1/5.1.0 python-requests/2.28.1 CPython/3.9.14"
- - - [14/Mar/2023:20:39:52 -0400] "GET /v1/nodes/6997f843-3962-4f9f-815f-1ca05c55faf0 HTTP/1.1" 200 3303 664091 "-" "python-urllib3/1.26.5"
- - - [14/Mar/2023:20:39:53 -0400] "GET /v1/ports?fields=address%2Cextra HTTP/1.1" 200 268 807809 "-" "ironic-inspector keystoneauth1/5.1.0 python-requests/2.28.1 CPython/3.9.14"
- - - [14/Mar/2023:20:39:54 -0400] "GET /v1/ports?fields=address%2Cextra HTTP/1.1" 200 268 635842 "-" "ironic-inspector keystoneauth1/5.1.0 python-requests/2.28.1 CPython/3.9.14"
- - - [14/Mar/2023:20:40:07 -0400] "GET /v1/nodes?fields=uuid HTTP/1.1" 200 271 729635 "-" "ironic-inspector keystoneauth1/5.1.0 python-requests/2.28.1 CPython/3.9.14"
- - - [14/Mar/2023:20:40:08 -0400] "GET /v1/ports?fields=address%2Cextra HTTP/1.1" 200 268 887749 "-" "ironic-inspector keystoneauth1/5.1.0 python-requests/2.28.1 CPython/3.9.14"
- - - [14/Mar/2023:20:40:09 -0400] "GET /v1/ports?fields=address%2Cextra HTTP/1.1" 200 268 750474 "-" "ironic-inspector keystoneauth1/5.1.0 python-requests/2.28.1 CPython/3.9.14"
- - - [14/Mar/2023:20:40:23 -0400] "GET /v1/nodes/6997f843-3962-4f9f-815f-1ca05c55faf0 HTTP/1.1" 200 3303 523325 "-" "python-urllib3/1.26.5"
- - - [14/Mar/2023:20:40:23 -0400] "GET /v1/ports?fields=address%2Cextra HTTP/1.1" 200 268 613910 "-" "ironic-inspector keystoneauth1/5.1.0 python-requests/2.28.1 CPython/3.9.14"
- - - [14/Mar/2023:20:40:24 -0400] "GET /v1/ports?fields=address%2Cextra HTTP/1.1" 200 268 652210 "-" "ironic-inspector keystoneauth1/5.1.0 python-requests/2.28.1 CPython/3.9.14"
- - - [14/Mar/2023:20:40:38 -0400] "GET /v1/ports?fields=address%2Cextra HTTP/1.1" 200 268 711212 "-" "ironic-inspector keystoneauth1/5.1.0 python-requests/2.28.1 CPython/3.9.14"
- - - [14/Mar/2023:20:40:39 -0400] "GET /v1/ports?fields=address%2Cextra HTTP/1.1" 200 268 683029 "-" "ironic-inspector keystoneauth1/5.1.0 python-requests/2.28.1 CPython/3.9.14"
- - - [14/Mar/2023:20:40:53 -0400] "GET /v1/ports?fields=address%2Cextra HTTP/1.1" 200 268 705786 "-" "ironic-inspector keystoneauth1/5.1.0 python-requests/2.28.1 CPython/3.9.14"
- - - [14/Mar/2023:20:40:53 -0400] "GET /v1/nodes/6997f843-3962-4f9f-815f-1ca05c55faf0 HTTP/1.1" 200 3303 881706 "-" "python-urllib3/1.26.5"
- - - [14/Mar/2023:20:40:54 -0400] "GET /v1/ports?fields=address%2Cextra HTTP/1.1" 200 268 468097 "-" "ironic-inspector keystoneauth1/5.1.0 python-requests/2.28.1 CPython/3.9.14"
- - - [14/Mar/2023:20:41:07 -0400] "GET /v1/nodes?fields=uuid HTTP/1.1" 200 271 704649 "-" "ironic-inspector keystoneauth1/5.1.0 python-requests/2.28.1 CPython/3.9.14"
- - - [14/Mar/2023:20:41:08 -0400] "GET /v1/ports?fields=address%2Cextra HTTP/1.1" 200 268 556211 "-" "ironic-inspector keystoneauth1/5.1.0 python-requests/2.28.1 CPython/3.9.14"
- - - [14/Mar/2023:20:41:09 -0400] "GET /v1/ports?fields=address%2Cextra HTTP/1.1" 200 268 662394 "-" "ironic-inspector keystoneauth1/5.1.0 python-requests/2.28.1 CPython/3.9.14"
- - - [14/Mar/2023:20:41:23 -0400] "GET /v1/ports?fields=address%2Cextra HTTP/1.1" 200 268 638332 "-" "ironic-inspector keystoneauth1/5.1.0 python-requests/2.28.1 CPython/3.9.14"
- - - [14/Mar/2023:20:41:24 -0400] "GET /v1/ports?fields=address%2Cextra HTTP/1.1" 200 268 686587 "-" "ironic-inspector keystoneauth1/5.1.0 python-requests/2.28.1 CPython/3.9.14"
- - - [14/Mar/2023:20:41:24 -0400] "GET /v1/nodes/6997f843-3962-4f9f-815f-1ca05c55faf0 HTTP/1.1" 200 2778 735577 "-" "python-urllib3/1.26.5"
- - - [14/Mar/2023:20:41:25 -0400] "GET /v1/nodes/6997f843-3962-4f9f-815f-1ca05c55faf0/vifs HTTP/1.1" 200 12 589303 "-" "python-urllib3/1.26.5"
- - - [14/Mar/2023:20:41:38 -0400] "GET /v1/ports?fields=address%2Cextra HTTP/1.1" 200 268 699142 "-" "ironic-inspector keystoneauth1/5.1.0 python-requests/2.28.1 CPython/3.9.14"
- - - [14/Mar/2023:20:41:39 -0400] "GET /v1/ports?fields=address%2Cextra HTTP/1.1" 200 268 602248 "-" "ironic-inspector keystoneauth1/5.1.0 python-requests/2.28.1 CPython/3.9.14"
- - - [14/Mar/2023:20:41:53 -0400] "GET /v1/ports?fields=address%2Cextra HTTP/1.1" 200 268 681120 "-" "ironic-inspector keystoneauth1/5.1.0 python-requests/2.28.1 CPython/3.9.14"
- - - [14/Mar/2023:20:41:54 -0400] "GET /v1/ports?fields=address%2Cextra HTTP/1.1" 200 268 593093 "-" "ironic-inspector keystoneauth1/5.1.0 python-requests/2.28.1 CPython/3.9.14"
- - - [14/Mar/2023:20:42:07 -0400] "GET /v1/nodes?fields=uuid HTTP/1.1" 200 271 838774 "-" "ironic-inspector keystoneauth1/5.1.0 python-requests/2.28.1 CPython/3.9.14"
- - - [14/Mar/2023:20:42:08 -0400] "GET /v1/ports?fields=address%2Cextra HTTP/1.1" 200 268 592243 "-" "ironic-inspector keystoneauth1/5.1.0 python-requests/2.28.1 CPython/3.9.14"
- - - [14/Mar/2023:20:42:09 -0400] "GET /v1/ports?fields=address%2Cextra HTTP/1.1" 200 268 765522 "-" "ironic-inspector keystoneauth1/5.1.0 python-requests/2.28.1 CPython/3.9.14"
- - - [14/Mar/2023:20:42:23 -0400] "GET /v1/ports?fields=address%2Cextra HTTP/1.1" 200 268 679798 "-" "ironic-inspector keystoneauth1/5.1.0 python-requests/2.28.1 CPython/3.9.14"
- - - [14/Mar/2023:20:42:24 -0400] "GET /v1/ports?fields=address%2Cextra HTTP/1.1" 200 268 640372 "-" "ironic-inspector keystoneauth1/5.1.0 python-requests/2.28.1 CPython/3.9.14"
- - - [14/Mar/2023:20:42:38 -0400] "GET /v1/ports?fields=address%2Cextra HTTP/1.1" 200 268 658667 "-" "ironic-inspector keystoneauth1/5.1.0 python-requests/2.28.1 CPython/3.9.14"
- - - [14/Mar/2023:20:42:39 -0400] "GET /v1/ports?fields=address%2Cextra HTTP/1.1" 200 268 625011 "-" "ironic-inspector keystoneauth1/5.1.0 python-requests/2.28.1 CPython/3.9.14"
- - - [14/Mar/2023:20:42:53 -0400] "GET /v1/ports?fields=address%2Cextra HTTP/1.1" 200 268 631356 "-" "ironic-inspector keystoneauth1/5.1.0 python-requests/2.28.1 CPython/3.9.14"
- - - [14/Mar/2023:20:42:54 -0400] "GET /v1/ports?fields=address%2Cextra HTTP/1.1" 200 268 597510 "-" "ironic-inspector keystoneauth1/5.1.0 python-requests/2.28.1 CPython/3.9.14"
- - - [14/Mar/2023:20:43:07 -0400] "GET /v1/nodes?fields=uuid HTTP/1.1" 200 271 543376 "-" "ironic-inspector keystoneauth1/5.1.0 python-requests/2.28.1 CPython/3.9.14"
- - - [14/Mar/2023:20:43:08 -0400] "GET /v1/ports?fields=address%2Cextra HTTP/1.1" 200 268 633078 "-" "ironic-inspector keystoneauth1/5.1.0 python-requests/2.28.1 CPython/3.9.14"
- - - [14/Mar/2023:20:43:09 -0400] "GET /v1/ports?fields=address%2Cextra HTTP/1.1" 200 268 623993 "-" "ironic-inspector keystoneauth1/5.1.0 python-requests/2.28.1 CPython/3.9.14"
- - - [14/Mar/2023:20:43:23 -0400] "GET /v1/ports?fields=address%2Cextra HTTP/1.1" 200 268 546264 "-" "ironic-inspector keystoneauth1/5.1.0 python-requests/2.28.1 CPython/3.9.14"
- - - [14/Mar/2023:20:43:24 -0400] "GET /v1/ports?fields=address%2Cextra HTTP/1.1" 200 268 455049 "-" "ironic-inspector keystoneauth1/5.1.0 python-requests/2.28.1 CPython/3.9.14"
- - - [14/Mar/2023:20:43:38 -0400] "GET /v1/ports?fields=address%2Cextra HTTP/1.1" 200 268 646697 "-" "ironic-inspector keystoneauth1/5.1.0 python-requests/2.28.1 CPython/3.9.14"
- - - [14/Mar/2023:20:43:39 -0400] "GET /v1/ports?fields=address%2Cextra HTTP/1.1" 200 268 555940 "-" "ironic-inspector keystoneauth1/5.1.0 python-requests/2.28.1 CPython/3.9.14"
