2023-03-15 18:47:04,851 p=5882 u=root n=ansible | [WARNING]: Invalid characters were found in group names but not replaced, use
-vvvv to see details

2023-03-15 18:47:06,927 p=5882 u=root n=ansible | PLAY [Gather facts for all hosts] **********************************************
2023-03-15 18:47:07,318 p=5882 u=root n=ansible | TASK [Gather facts] ************************************************************
2023-03-15 18:47:10,990 p=5882 u=root n=ansible | ok: [localhost]
2023-03-15 18:47:11,131 p=5882 u=root n=ansible | TASK [Group hosts to determine when using --limit] *****************************
2023-03-15 18:47:11,201 p=5882 u=root n=ansible | ok: [localhost]
2023-03-15 18:47:11,501 p=5882 u=root n=ansible | [WARNING]: Could not match supplied host pattern, ignoring:
all_using_limit_True

2023-03-15 18:47:11,518 p=5882 u=root n=ansible | PLAY [Gather facts for all hosts (if using --limit)] ***************************
2023-03-15 18:47:11,518 p=5882 u=root n=ansible | skipping: no hosts matched
2023-03-15 18:47:11,533 p=5882 u=root n=ansible | PLAY [Apply role baremetal] ****************************************************
2023-03-15 18:47:11,905 p=5882 u=root n=ansible | TASK [openstack.kolla.baremetal : Ensure localhost in /etc/hosts] **************
2023-03-15 18:47:12,811 p=5882 u=root n=ansible | changed: [localhost]
2023-03-15 18:47:12,896 p=5882 u=root n=ansible | TASK [openstack.kolla.baremetal : Ensure hostname does not point to 127.0.1.1 in /etc/hosts] ***
2023-03-15 18:47:13,468 p=5882 u=root n=ansible | ok: [localhost]
2023-03-15 18:47:13,560 p=5882 u=root n=ansible | TASK [openstack.kolla.baremetal : Generate /etc/hosts for all of the nodes] ****
2023-03-15 18:47:15,108 p=5882 u=root n=ansible | changed: [localhost]
2023-03-15 18:47:15,206 p=5882 u=root n=ansible | TASK [openstack.kolla.baremetal : Ensure unprivileged users can use ping] ******
2023-03-15 18:47:16,104 p=5882 u=root n=ansible | changed: [localhost]
2023-03-15 18:47:16,189 p=5882 u=root n=ansible | TASK [openstack.kolla.baremetal : Ensure /etc/cloud/cloud.cfg exists] **********
2023-03-15 18:47:17,284 p=5882 u=root n=ansible | ok: [localhost]
2023-03-15 18:47:17,372 p=5882 u=root n=ansible | TASK [openstack.kolla.baremetal : Disable cloud-init manage_etc_hosts] *********
2023-03-15 18:47:18,819 p=5882 u=root n=ansible | changed: [localhost]
2023-03-15 18:47:18,904 p=5882 u=root n=ansible | TASK [openstack.kolla.baremetal : Set firewall default policy] *****************
2023-03-15 18:47:18,949 p=5882 u=root n=ansible | skipping: [localhost]
2023-03-15 18:47:19,037 p=5882 u=root n=ansible | TASK [openstack.kolla.baremetal : Check if firewalld is installed] *************
2023-03-15 18:47:19,914 p=5882 u=root n=ansible | ok: [localhost]
2023-03-15 18:47:20,010 p=5882 u=root n=ansible | TASK [openstack.kolla.baremetal : Disable firewalld] ***************************
2023-03-15 18:47:20,070 p=5882 u=root n=ansible | skipping: [localhost] => (item=firewalld) 
2023-03-15 18:47:20,166 p=5882 u=root n=ansible | TASK [openstack.kolla.docker : Fail if docker_custom_option is defined] ********
2023-03-15 18:47:20,212 p=5882 u=root n=ansible | skipping: [localhost]
2023-03-15 18:47:20,299 p=5882 u=root n=ansible | TASK [openstack.kolla.docker : include_tasks] **********************************
2023-03-15 18:47:20,342 p=5882 u=root n=ansible | skipping: [localhost]
2023-03-15 18:47:20,428 p=5882 u=root n=ansible | TASK [openstack.kolla.docker : Ensure docker config directory exists] **********
2023-03-15 18:47:21,238 p=5882 u=root n=ansible | ok: [localhost]
2023-03-15 18:47:21,338 p=5882 u=root n=ansible | TASK [openstack.kolla.docker : Write docker config] ****************************
2023-03-15 18:47:22,590 p=5882 u=root n=ansible | changed: [localhost]
2023-03-15 18:47:22,673 p=5882 u=root n=ansible | TASK [openstack.kolla.docker : Remove old docker options file] *****************
2023-03-15 18:47:23,195 p=5882 u=root n=ansible | ok: [localhost]
2023-03-15 18:47:23,280 p=5882 u=root n=ansible | TASK [openstack.kolla.docker : Ensure docker service directory exists] *********
2023-03-15 18:47:23,325 p=5882 u=root n=ansible | skipping: [localhost]
2023-03-15 18:47:23,412 p=5882 u=root n=ansible | TASK [openstack.kolla.docker : Configure docker service] ***********************
2023-03-15 18:47:23,459 p=5882 u=root n=ansible | skipping: [localhost]
2023-03-15 18:47:23,551 p=5882 u=root n=ansible | TASK [openstack.kolla.docker : Ensure the path for CA file for private registry exists] ***
2023-03-15 18:47:23,600 p=5882 u=root n=ansible | skipping: [localhost]
2023-03-15 18:47:23,692 p=5882 u=root n=ansible | TASK [openstack.kolla.docker : Ensure the CA file for private registry exists] ***
2023-03-15 18:47:23,740 p=5882 u=root n=ansible | skipping: [localhost]
2023-03-15 18:47:23,826 p=5882 u=root n=ansible | TASK [openstack.kolla.docker : Flush handlers] *********************************
2023-03-15 18:47:23,827 p=5882 u=root n=ansible | RUNNING HANDLER [openstack.kolla.docker : Restart docker] **********************
2023-03-15 18:47:28,688 p=5882 u=root n=ansible | changed: [localhost]
2023-03-15 18:47:28,800 p=5882 u=root n=ansible | TASK [openstack.kolla.docker : Start and enable docker] ************************
2023-03-15 18:47:29,702 p=5882 u=root n=ansible | ok: [localhost]
2023-03-15 18:47:29,790 p=5882 u=root n=ansible | TASK [openstack.kolla.docker : include_tasks] **********************************
2023-03-15 18:47:29,842 p=5882 u=root n=ansible | skipping: [localhost]
2023-03-15 18:47:30,016 p=5882 u=root n=ansible | TASK [openstack.kolla.kolla_user : Ensure groups are present] ******************
2023-03-15 18:47:30,096 p=5882 u=root n=ansible | skipping: [localhost] => (item=docker) 
2023-03-15 18:47:30,102 p=5882 u=root n=ansible | skipping: [localhost] => (item=sudo) 
2023-03-15 18:47:30,110 p=5882 u=root n=ansible | skipping: [localhost] => (item=kolla) 
2023-03-15 18:47:30,201 p=5882 u=root n=ansible | TASK [openstack.kolla.kolla_user : Create kolla user] **************************
2023-03-15 18:47:30,262 p=5882 u=root n=ansible | skipping: [localhost]
2023-03-15 18:47:30,350 p=5882 u=root n=ansible | TASK [openstack.kolla.kolla_user : Add public key to kolla user authorized keys] ***
2023-03-15 18:47:30,398 p=5882 u=root n=ansible | skipping: [localhost]
2023-03-15 18:47:30,493 p=5882 u=root n=ansible | TASK [openstack.kolla.kolla_user : Grant kolla user passwordless sudo] *********
2023-03-15 18:47:30,538 p=5882 u=root n=ansible | skipping: [localhost]
2023-03-15 18:47:30,720 p=5882 u=root n=ansible | TASK [openstack.kolla.docker_sdk : Install latest pip in the virtualenv] *******
2023-03-15 18:47:30,788 p=5882 u=root n=ansible | skipping: [localhost]
2023-03-15 18:47:30,879 p=5882 u=root n=ansible | TASK [openstack.kolla.docker_sdk : Install docker SDK for python] **************
2023-03-15 18:47:56,681 p=5882 u=root n=ansible | ok: [localhost]
2023-03-15 18:47:56,864 p=5882 u=root n=ansible | TASK [openstack.kolla.baremetal : Ensure node_config_directory directory exists] ***
2023-03-15 18:47:57,364 p=5882 u=root n=ansible | ok: [localhost]
2023-03-15 18:47:57,451 p=5882 u=root n=ansible | TASK [openstack.kolla.apparmor_libvirt : include_tasks] ************************
2023-03-15 18:47:57,504 p=5882 u=root n=ansible | skipping: [localhost]
2023-03-15 18:47:57,666 p=5882 u=root n=ansible | TASK [openstack.kolla.baremetal : Change state of selinux] *********************
2023-03-15 18:47:59,171 p=5882 u=root n=ansible | ok: [localhost]
2023-03-15 18:47:59,253 p=5882 u=root n=ansible | TASK [openstack.kolla.baremetal : Set https proxy for git] *********************
2023-03-15 18:47:59,315 p=5882 u=root n=ansible | skipping: [localhost]
2023-03-15 18:47:59,398 p=5882 u=root n=ansible | TASK [openstack.kolla.baremetal : Set http proxy for git] **********************
2023-03-15 18:47:59,444 p=5882 u=root n=ansible | skipping: [localhost]
2023-03-15 18:47:59,531 p=5882 u=root n=ansible | TASK [openstack.kolla.baremetal : include_tasks] *******************************
2023-03-15 18:47:59,577 p=5882 u=root n=ansible | skipping: [localhost]
2023-03-15 18:47:59,928 p=5882 u=root n=ansible | PLAY RECAP *********************************************************************
2023-03-15 18:47:59,929 p=5882 u=root n=ansible | localhost                  : ok=17   changed=6    unreachable=0    failed=0    skipped=18   rescued=0    ignored=0   
