2023-02-16 16:43:07,679 p=5741 u=root n=ansible | [WARNING]: Invalid characters were found in group names but not replaced, use
-vvvv to see details

2023-02-16 16:43:10,395 p=5741 u=root n=ansible | PLAY [Gather facts for all hosts] **********************************************
2023-02-16 16:43:10,860 p=5741 u=root n=ansible | TASK [Gather facts] ************************************************************
2023-02-16 16:43:20,447 p=5741 u=root n=ansible | ok: [localhost]
2023-02-16 16:43:20,588 p=5741 u=root n=ansible | TASK [Group hosts to determine when using --limit] *****************************
2023-02-16 16:43:20,663 p=5741 u=root n=ansible | ok: [localhost]
2023-02-16 16:43:20,897 p=5741 u=root n=ansible | [WARNING]: Could not match supplied host pattern, ignoring:
all_using_limit_True

2023-02-16 16:43:20,913 p=5741 u=root n=ansible | PLAY [Gather facts for all hosts (if using --limit)] ***************************
2023-02-16 16:43:20,913 p=5741 u=root n=ansible | skipping: no hosts matched
2023-02-16 16:43:20,932 p=5741 u=root n=ansible | PLAY [Apply role baremetal] ****************************************************
2023-02-16 16:43:21,257 p=5741 u=root n=ansible | TASK [openstack.kolla.baremetal : Ensure localhost in /etc/hosts] **************
2023-02-16 16:43:22,096 p=5741 u=root n=ansible | changed: [localhost]
2023-02-16 16:43:22,179 p=5741 u=root n=ansible | TASK [openstack.kolla.baremetal : Ensure hostname does not point to 127.0.1.1 in /etc/hosts] ***
2023-02-16 16:43:22,659 p=5741 u=root n=ansible | ok: [localhost]
2023-02-16 16:43:22,743 p=5741 u=root n=ansible | TASK [openstack.kolla.baremetal : Generate /etc/hosts for all of the nodes] ****
2023-02-16 16:43:24,277 p=5741 u=root n=ansible | changed: [localhost]
2023-02-16 16:43:24,373 p=5741 u=root n=ansible | TASK [openstack.kolla.baremetal : Ensure unprivileged users can use ping] ******
2023-02-16 16:43:25,456 p=5741 u=root n=ansible | changed: [localhost]
2023-02-16 16:43:25,555 p=5741 u=root n=ansible | TASK [openstack.kolla.baremetal : Ensure /etc/cloud/cloud.cfg exists] **********
2023-02-16 16:43:26,644 p=5741 u=root n=ansible | ok: [localhost]
2023-02-16 16:43:26,840 p=5741 u=root n=ansible | TASK [openstack.kolla.baremetal : Disable cloud-init manage_etc_hosts] *********
2023-02-16 16:43:28,430 p=5741 u=root n=ansible | changed: [localhost]
2023-02-16 16:43:28,551 p=5741 u=root n=ansible | TASK [openstack.kolla.baremetal : Set firewall default policy] *****************
2023-02-16 16:43:28,601 p=5741 u=root n=ansible | skipping: [localhost]
2023-02-16 16:43:28,690 p=5741 u=root n=ansible | TASK [openstack.kolla.baremetal : Check if firewalld is installed] *************
2023-02-16 16:43:29,710 p=5741 u=root n=ansible | ok: [localhost]
2023-02-16 16:43:29,830 p=5741 u=root n=ansible | TASK [openstack.kolla.baremetal : Disable firewalld] ***************************
2023-02-16 16:43:29,886 p=5741 u=root n=ansible | skipping: [localhost] => (item=firewalld) 
2023-02-16 16:43:30,008 p=5741 u=root n=ansible | TASK [openstack.kolla.docker : Fail if docker_custom_option is defined] ********
2023-02-16 16:43:30,072 p=5741 u=root n=ansible | skipping: [localhost]
2023-02-16 16:43:30,185 p=5741 u=root n=ansible | TASK [openstack.kolla.docker : include_tasks] **********************************
2023-02-16 16:43:30,234 p=5741 u=root n=ansible | skipping: [localhost]
2023-02-16 16:43:30,372 p=5741 u=root n=ansible | TASK [openstack.kolla.docker : Ensure docker config directory exists] **********
2023-02-16 16:43:31,225 p=5741 u=root n=ansible | ok: [localhost]
2023-02-16 16:43:31,323 p=5741 u=root n=ansible | TASK [openstack.kolla.docker : Write docker config] ****************************
2023-02-16 16:43:32,523 p=5741 u=root n=ansible | changed: [localhost]
2023-02-16 16:43:32,611 p=5741 u=root n=ansible | TASK [openstack.kolla.docker : Remove old docker options file] *****************
2023-02-16 16:43:33,097 p=5741 u=root n=ansible | ok: [localhost]
2023-02-16 16:43:33,183 p=5741 u=root n=ansible | TASK [openstack.kolla.docker : Ensure docker service directory exists] *********
2023-02-16 16:43:33,256 p=5741 u=root n=ansible | skipping: [localhost]
2023-02-16 16:43:33,343 p=5741 u=root n=ansible | TASK [openstack.kolla.docker : Configure docker service] ***********************
2023-02-16 16:43:33,390 p=5741 u=root n=ansible | skipping: [localhost]
2023-02-16 16:43:33,476 p=5741 u=root n=ansible | TASK [openstack.kolla.docker : Ensure the path for CA file for private registry exists] ***
2023-02-16 16:43:33,523 p=5741 u=root n=ansible | skipping: [localhost]
2023-02-16 16:43:33,606 p=5741 u=root n=ansible | TASK [openstack.kolla.docker : Ensure the CA file for private registry exists] ***
2023-02-16 16:43:33,653 p=5741 u=root n=ansible | skipping: [localhost]
2023-02-16 16:43:33,739 p=5741 u=root n=ansible | TASK [openstack.kolla.docker : Flush handlers] *********************************
2023-02-16 16:43:33,740 p=5741 u=root n=ansible | RUNNING HANDLER [openstack.kolla.docker : Restart docker] **********************
2023-02-16 16:43:37,014 p=5741 u=root n=ansible | changed: [localhost]
2023-02-16 16:43:37,141 p=5741 u=root n=ansible | TASK [openstack.kolla.docker : Start and enable docker] ************************
2023-02-16 16:43:38,003 p=5741 u=root n=ansible | ok: [localhost]
2023-02-16 16:43:38,109 p=5741 u=root n=ansible | TASK [openstack.kolla.docker : include_tasks] **********************************
2023-02-16 16:43:38,168 p=5741 u=root n=ansible | skipping: [localhost]
2023-02-16 16:43:38,361 p=5741 u=root n=ansible | TASK [openstack.kolla.kolla_user : Ensure groups are present] ******************
2023-02-16 16:43:38,417 p=5741 u=root n=ansible | skipping: [localhost] => (item=docker) 
2023-02-16 16:43:38,428 p=5741 u=root n=ansible | skipping: [localhost] => (item=sudo) 
2023-02-16 16:43:38,436 p=5741 u=root n=ansible | skipping: [localhost] => (item=kolla) 
2023-02-16 16:43:38,531 p=5741 u=root n=ansible | TASK [openstack.kolla.kolla_user : Create kolla user] **************************
2023-02-16 16:43:38,572 p=5741 u=root n=ansible | skipping: [localhost]
2023-02-16 16:43:38,662 p=5741 u=root n=ansible | TASK [openstack.kolla.kolla_user : Add public key to kolla user authorized keys] ***
2023-02-16 16:43:38,710 p=5741 u=root n=ansible | skipping: [localhost]
2023-02-16 16:43:38,838 p=5741 u=root n=ansible | TASK [openstack.kolla.kolla_user : Grant kolla user passwordless sudo] *********
2023-02-16 16:43:38,877 p=5741 u=root n=ansible | skipping: [localhost]
2023-02-16 16:43:39,087 p=5741 u=root n=ansible | TASK [openstack.kolla.docker_sdk : Install latest pip in the virtualenv] *******
2023-02-16 16:43:39,171 p=5741 u=root n=ansible | skipping: [localhost]
2023-02-16 16:43:39,293 p=5741 u=root n=ansible | TASK [openstack.kolla.docker_sdk : Install docker SDK for python] **************
2023-02-16 16:43:44,210 p=5741 u=root n=ansible | ok: [localhost]
2023-02-16 16:43:44,382 p=5741 u=root n=ansible | TASK [openstack.kolla.baremetal : Ensure node_config_directory directory exists] ***
2023-02-16 16:43:44,898 p=5741 u=root n=ansible | ok: [localhost]
2023-02-16 16:43:44,986 p=5741 u=root n=ansible | TASK [openstack.kolla.apparmor_libvirt : include_tasks] ************************
2023-02-16 16:43:45,024 p=5741 u=root n=ansible | skipping: [localhost]
2023-02-16 16:43:45,234 p=5741 u=root n=ansible | TASK [openstack.kolla.baremetal : Change state of selinux] *********************
2023-02-16 16:43:46,722 p=5741 u=root n=ansible | ok: [localhost]
2023-02-16 16:43:46,822 p=5741 u=root n=ansible | TASK [openstack.kolla.baremetal : Set https proxy for git] *********************
2023-02-16 16:43:46,879 p=5741 u=root n=ansible | skipping: [localhost]
2023-02-16 16:43:46,986 p=5741 u=root n=ansible | TASK [openstack.kolla.baremetal : Set http proxy for git] **********************
2023-02-16 16:43:47,039 p=5741 u=root n=ansible | skipping: [localhost]
2023-02-16 16:43:47,160 p=5741 u=root n=ansible | TASK [openstack.kolla.baremetal : include_tasks] *******************************
2023-02-16 16:43:47,210 p=5741 u=root n=ansible | skipping: [localhost]
2023-02-16 16:43:47,471 p=5741 u=root n=ansible | PLAY RECAP *********************************************************************
2023-02-16 16:43:47,472 p=5741 u=root n=ansible | localhost                  : ok=17   changed=6    unreachable=0    failed=0    skipped=18   rescued=0    ignored=0   
