2023-02-27 01:40:08,435 p=6065 u=root n=ansible | [WARNING]: Invalid characters were found in group names but not replaced, use
-vvvv to see details

2023-02-27 01:40:10,675 p=6065 u=root n=ansible | PLAY [Gather facts for all hosts] **********************************************
2023-02-27 01:40:11,089 p=6065 u=root n=ansible | TASK [Gather facts] ************************************************************
2023-02-27 01:40:14,588 p=6065 u=root n=ansible | ok: [localhost]
2023-02-27 01:40:14,726 p=6065 u=root n=ansible | TASK [Group hosts to determine when using --limit] *****************************
2023-02-27 01:40:14,801 p=6065 u=root n=ansible | ok: [localhost]
2023-02-27 01:40:14,983 p=6065 u=root n=ansible | [WARNING]: Could not match supplied host pattern, ignoring:
all_using_limit_True

2023-02-27 01:40:14,992 p=6065 u=root n=ansible | PLAY [Gather facts for all hosts (if using --limit)] ***************************
2023-02-27 01:40:14,992 p=6065 u=root n=ansible | skipping: no hosts matched
2023-02-27 01:40:15,002 p=6065 u=root n=ansible | PLAY [Apply role baremetal] ****************************************************
2023-02-27 01:40:15,228 p=6065 u=root n=ansible | TASK [openstack.kolla.baremetal : Ensure localhost in /etc/hosts] **************
2023-02-27 01:40:16,156 p=6065 u=root n=ansible | changed: [localhost]
2023-02-27 01:40:16,255 p=6065 u=root n=ansible | TASK [openstack.kolla.baremetal : Ensure hostname does not point to 127.0.1.1 in /etc/hosts] ***
2023-02-27 01:40:16,842 p=6065 u=root n=ansible | ok: [localhost]
2023-02-27 01:40:16,955 p=6065 u=root n=ansible | TASK [openstack.kolla.baremetal : Generate /etc/hosts for all of the nodes] ****
2023-02-27 01:40:18,463 p=6065 u=root n=ansible | changed: [localhost]
2023-02-27 01:40:18,549 p=6065 u=root n=ansible | TASK [openstack.kolla.baremetal : Ensure unprivileged users can use ping] ******
2023-02-27 01:40:19,611 p=6065 u=root n=ansible | changed: [localhost]
2023-02-27 01:40:19,735 p=6065 u=root n=ansible | TASK [openstack.kolla.baremetal : Ensure /etc/cloud/cloud.cfg exists] **********
2023-02-27 01:40:20,796 p=6065 u=root n=ansible | ok: [localhost]
2023-02-27 01:40:20,927 p=6065 u=root n=ansible | TASK [openstack.kolla.baremetal : Disable cloud-init manage_etc_hosts] *********
2023-02-27 01:40:22,531 p=6065 u=root n=ansible | changed: [localhost]
2023-02-27 01:40:22,717 p=6065 u=root n=ansible | TASK [openstack.kolla.baremetal : Set firewall default policy] *****************
2023-02-27 01:40:22,772 p=6065 u=root n=ansible | skipping: [localhost]
2023-02-27 01:40:22,880 p=6065 u=root n=ansible | TASK [openstack.kolla.baremetal : Check if firewalld is installed] *************
2023-02-27 01:40:23,775 p=6065 u=root n=ansible | ok: [localhost]
2023-02-27 01:40:23,892 p=6065 u=root n=ansible | TASK [openstack.kolla.baremetal : Disable firewalld] ***************************
2023-02-27 01:40:23,981 p=6065 u=root n=ansible | skipping: [localhost] => (item=firewalld) 
2023-02-27 01:40:24,079 p=6065 u=root n=ansible | TASK [openstack.kolla.docker : Fail if docker_custom_option is defined] ********
2023-02-27 01:40:24,179 p=6065 u=root n=ansible | skipping: [localhost]
2023-02-27 01:40:24,266 p=6065 u=root n=ansible | TASK [openstack.kolla.docker : include_tasks] **********************************
2023-02-27 01:40:24,312 p=6065 u=root n=ansible | skipping: [localhost]
2023-02-27 01:40:24,404 p=6065 u=root n=ansible | TASK [openstack.kolla.docker : Ensure docker config directory exists] **********
2023-02-27 01:40:25,432 p=6065 u=root n=ansible | ok: [localhost]
2023-02-27 01:40:25,537 p=6065 u=root n=ansible | TASK [openstack.kolla.docker : Write docker config] ****************************
2023-02-27 01:40:26,852 p=6065 u=root n=ansible | changed: [localhost]
2023-02-27 01:40:26,947 p=6065 u=root n=ansible | TASK [openstack.kolla.docker : Remove old docker options file] *****************
2023-02-27 01:40:27,478 p=6065 u=root n=ansible | ok: [localhost]
2023-02-27 01:40:27,570 p=6065 u=root n=ansible | TASK [openstack.kolla.docker : Ensure docker service directory exists] *********
2023-02-27 01:40:27,622 p=6065 u=root n=ansible | skipping: [localhost]
2023-02-27 01:40:27,717 p=6065 u=root n=ansible | TASK [openstack.kolla.docker : Configure docker service] ***********************
2023-02-27 01:40:27,768 p=6065 u=root n=ansible | skipping: [localhost]
2023-02-27 01:40:27,857 p=6065 u=root n=ansible | TASK [openstack.kolla.docker : Ensure the path for CA file for private registry exists] ***
2023-02-27 01:40:27,910 p=6065 u=root n=ansible | skipping: [localhost]
2023-02-27 01:40:28,001 p=6065 u=root n=ansible | TASK [openstack.kolla.docker : Ensure the CA file for private registry exists] ***
2023-02-27 01:40:28,052 p=6065 u=root n=ansible | skipping: [localhost]
2023-02-27 01:40:28,139 p=6065 u=root n=ansible | TASK [openstack.kolla.docker : Flush handlers] *********************************
2023-02-27 01:40:28,139 p=6065 u=root n=ansible | RUNNING HANDLER [openstack.kolla.docker : Restart docker] **********************
2023-02-27 01:40:32,867 p=6065 u=root n=ansible | changed: [localhost]
2023-02-27 01:40:32,980 p=6065 u=root n=ansible | TASK [openstack.kolla.docker : Start and enable docker] ************************
2023-02-27 01:40:33,956 p=6065 u=root n=ansible | ok: [localhost]
2023-02-27 01:40:34,052 p=6065 u=root n=ansible | TASK [openstack.kolla.docker : include_tasks] **********************************
2023-02-27 01:40:34,108 p=6065 u=root n=ansible | skipping: [localhost]
2023-02-27 01:40:34,289 p=6065 u=root n=ansible | TASK [openstack.kolla.kolla_user : Ensure groups are present] ******************
2023-02-27 01:40:34,352 p=6065 u=root n=ansible | skipping: [localhost] => (item=docker) 
2023-02-27 01:40:34,363 p=6065 u=root n=ansible | skipping: [localhost] => (item=sudo) 
2023-02-27 01:40:34,374 p=6065 u=root n=ansible | skipping: [localhost] => (item=kolla) 
2023-02-27 01:40:34,522 p=6065 u=root n=ansible | TASK [openstack.kolla.kolla_user : Create kolla user] **************************
2023-02-27 01:40:34,584 p=6065 u=root n=ansible | skipping: [localhost]
2023-02-27 01:40:34,686 p=6065 u=root n=ansible | TASK [openstack.kolla.kolla_user : Add public key to kolla user authorized keys] ***
2023-02-27 01:40:34,736 p=6065 u=root n=ansible | skipping: [localhost]
2023-02-27 01:40:34,835 p=6065 u=root n=ansible | TASK [openstack.kolla.kolla_user : Grant kolla user passwordless sudo] *********
2023-02-27 01:40:34,900 p=6065 u=root n=ansible | skipping: [localhost]
2023-02-27 01:40:35,135 p=6065 u=root n=ansible | TASK [openstack.kolla.docker_sdk : Install latest pip in the virtualenv] *******
2023-02-27 01:40:35,201 p=6065 u=root n=ansible | skipping: [localhost]
2023-02-27 01:40:35,308 p=6065 u=root n=ansible | TASK [openstack.kolla.docker_sdk : Install docker SDK for python] **************
2023-02-27 01:41:01,604 p=6065 u=root n=ansible | ok: [localhost]
2023-02-27 01:41:01,776 p=6065 u=root n=ansible | TASK [openstack.kolla.baremetal : Ensure node_config_directory directory exists] ***
2023-02-27 01:41:02,340 p=6065 u=root n=ansible | ok: [localhost]
2023-02-27 01:41:02,439 p=6065 u=root n=ansible | TASK [openstack.kolla.apparmor_libvirt : include_tasks] ************************
2023-02-27 01:41:02,500 p=6065 u=root n=ansible | skipping: [localhost]
2023-02-27 01:41:02,679 p=6065 u=root n=ansible | TASK [openstack.kolla.baremetal : Change state of selinux] *********************
2023-02-27 01:41:04,209 p=6065 u=root n=ansible | ok: [localhost]
2023-02-27 01:41:04,349 p=6065 u=root n=ansible | TASK [openstack.kolla.baremetal : Set https proxy for git] *********************
2023-02-27 01:41:04,410 p=6065 u=root n=ansible | skipping: [localhost]
2023-02-27 01:41:04,506 p=6065 u=root n=ansible | TASK [openstack.kolla.baremetal : Set http proxy for git] **********************
2023-02-27 01:41:04,557 p=6065 u=root n=ansible | skipping: [localhost]
2023-02-27 01:41:04,653 p=6065 u=root n=ansible | TASK [openstack.kolla.baremetal : include_tasks] *******************************
2023-02-27 01:41:04,700 p=6065 u=root n=ansible | skipping: [localhost]
2023-02-27 01:41:04,969 p=6065 u=root n=ansible | PLAY RECAP *********************************************************************
2023-02-27 01:41:04,970 p=6065 u=root n=ansible | localhost                  : ok=17   changed=6    unreachable=0    failed=0    skipped=18   rescued=0    ignored=0   
