- - - [06/Mar/2023:23:56:12 -0500] "GET / HTTP/1.1" 200 468 8472283 "-" "ironic-inspector keystoneauth1/5.1.0 python-requests/2.28.1 CPython/3.9.14"
- - - [06/Mar/2023:23:56:21 -0500] "GET /v1/ports?fields=address%2Cextra HTTP/1.1" 200 13 6559071 "-" "ironic-inspector keystoneauth1/5.1.0 python-requests/2.28.1 CPython/3.9.14"
- - - [06/Mar/2023:23:56:27 -0500] "GET /v1/ports?fields=address%2Cextra HTTP/1.1" 200 13 6062557 "-" "ironic-inspector keystoneauth1/5.1.0 python-requests/2.28.1 CPython/3.9.14"
- - - [06/Mar/2023:23:56:49 -0500] "GET /v1/ports?fields=address%2Cextra HTTP/1.1" 200 13 1536026 "-" "ironic-inspector keystoneauth1/5.1.0 python-requests/2.28.1 CPython/3.9.14"
- - - [06/Mar/2023:23:56:50 -0500] "GET /v1/ports?fields=address%2Cextra HTTP/1.1" 200 13 593365 "-" "ironic-inspector keystoneauth1/5.1.0 python-requests/2.28.1 CPython/3.9.14"
- - - [06/Mar/2023:23:57:04 -0500] "GET /v1/ports?fields=address%2Cextra HTTP/1.1" 200 13 612370 "-" "ironic-inspector keystoneauth1/5.1.0 python-requests/2.28.1 CPython/3.9.14"
- - - [06/Mar/2023:23:57:04 -0500] "GET /v1/ports?fields=address%2Cextra HTTP/1.1" 200 13 473982 "-" "ironic-inspector keystoneauth1/5.1.0 python-requests/2.28.1 CPython/3.9.14"
- - - [06/Mar/2023:23:57:19 -0500] "GET /v1/ports?fields=address%2Cextra HTTP/1.1" 200 13 458724 "-" "ironic-inspector keystoneauth1/5.1.0 python-requests/2.28.1 CPython/3.9.14"
- - - [06/Mar/2023:23:57:19 -0500] "GET /v1/ports?fields=address%2Cextra HTTP/1.1" 200 13 494838 "-" "ironic-inspector keystoneauth1/5.1.0 python-requests/2.28.1 CPython/3.9.14"
- - - [06/Mar/2023:23:57:34 -0500] "GET /v1/nodes?fields=uuid HTTP/1.1" 200 13 486219 "-" "ironic-inspector keystoneauth1/5.1.0 python-requests/2.28.1 CPython/3.9.14"
- - - [06/Mar/2023:23:57:34 -0500] "GET /v1/ports?fields=address%2Cextra HTTP/1.1" 200 13 508402 "-" "ironic-inspector keystoneauth1/5.1.0 python-requests/2.28.1 CPython/3.9.14"
- - - [06/Mar/2023:23:57:34 -0500] "GET /v1/ports?fields=address%2Cextra HTTP/1.1" 200 13 404129 "-" "ironic-inspector keystoneauth1/5.1.0 python-requests/2.28.1 CPython/3.9.14"
- - - [06/Mar/2023:23:57:49 -0500] "GET /v1/ports?fields=address%2Cextra HTTP/1.1" 200 13 388397 "-" "ironic-inspector keystoneauth1/5.1.0 python-requests/2.28.1 CPython/3.9.14"
- - - [06/Mar/2023:23:57:49 -0500] "GET /v1/ports?fields=address%2Cextra HTTP/1.1" 200 13 355705 "-" "ironic-inspector keystoneauth1/5.1.0 python-requests/2.28.1 CPython/3.9.14"
- - - [06/Mar/2023:23:58:04 -0500] "GET /v1/ports?fields=address%2Cextra HTTP/1.1" 200 13 414997 "-" "ironic-inspector keystoneauth1/5.1.0 python-requests/2.28.1 CPython/3.9.14"
- - - [06/Mar/2023:23:58:04 -0500] "GET /v1/ports?fields=address%2Cextra HTTP/1.1" 200 13 355168 "-" "ironic-inspector keystoneauth1/5.1.0 python-requests/2.28.1 CPython/3.9.14"
- - - [06/Mar/2023:23:58:19 -0500] "GET /v1/ports?fields=address%2Cextra HTTP/1.1" 200 13 429052 "-" "ironic-inspector keystoneauth1/5.1.0 python-requests/2.28.1 CPython/3.9.14"
- - - [06/Mar/2023:23:58:19 -0500] "GET /v1/ports?fields=address%2Cextra HTTP/1.1" 200 13 397526 "-" "ironic-inspector keystoneauth1/5.1.0 python-requests/2.28.1 CPython/3.9.14"
- - - [06/Mar/2023:23:58:34 -0500] "GET /v1/nodes?fields=uuid HTTP/1.1" 200 13 520247 "-" "ironic-inspector keystoneauth1/5.1.0 python-requests/2.28.1 CPython/3.9.14"
- - - [06/Mar/2023:23:58:34 -0500] "GET /v1/ports?fields=address%2Cextra HTTP/1.1" 200 13 515896 "-" "ironic-inspector keystoneauth1/5.1.0 python-requests/2.28.1 CPython/3.9.14"
- - - [06/Mar/2023:23:58:34 -0500] "GET /v1/ports?fields=address%2Cextra HTTP/1.1" 200 13 408182 "-" "ironic-inspector keystoneauth1/5.1.0 python-requests/2.28.1 CPython/3.9.14"
- - - [06/Mar/2023:23:58:49 -0500] "GET /v1/ports?fields=address%2Cextra HTTP/1.1" 200 13 498985 "-" "ironic-inspector keystoneauth1/5.1.0 python-requests/2.28.1 CPython/3.9.14"
- - - [06/Mar/2023:23:58:49 -0500] "GET /v1/ports?fields=address%2Cextra HTTP/1.1" 200 13 415278 "-" "ironic-inspector keystoneauth1/5.1.0 python-requests/2.28.1 CPython/3.9.14"
- - - [06/Mar/2023:23:59:04 -0500] "GET /v1/ports?fields=address%2Cextra HTTP/1.1" 200 13 467372 "-" "ironic-inspector keystoneauth1/5.1.0 python-requests/2.28.1 CPython/3.9.14"
- - - [06/Mar/2023:23:59:04 -0500] "GET /v1/ports?fields=address%2Cextra HTTP/1.1" 200 13 470639 "-" "ironic-inspector keystoneauth1/5.1.0 python-requests/2.28.1 CPython/3.9.14"
- - - [06/Mar/2023:23:59:19 -0500] "GET /v1/ports?fields=address%2Cextra HTTP/1.1" 200 13 841234 "-" "ironic-inspector keystoneauth1/5.1.0 python-requests/2.28.1 CPython/3.9.14"
- - - [06/Mar/2023:23:59:19 -0500] "GET /v1/ports?fields=address%2Cextra HTTP/1.1" 200 13 718254 "-" "ironic-inspector keystoneauth1/5.1.0 python-requests/2.28.1 CPython/3.9.14"
- - - [06/Mar/2023:23:59:34 -0500] "GET /v1/nodes?fields=uuid HTTP/1.1" 200 13 679863 "-" "ironic-inspector keystoneauth1/5.1.0 python-requests/2.28.1 CPython/3.9.14"
- - - [06/Mar/2023:23:59:34 -0500] "GET /v1/ports?fields=address%2Cextra HTTP/1.1" 200 13 812476 "-" "ironic-inspector keystoneauth1/5.1.0 python-requests/2.28.1 CPython/3.9.14"
- - - [06/Mar/2023:23:59:34 -0500] "GET /v1/ports?fields=address%2Cextra HTTP/1.1" 200 13 391301 "-" "ironic-inspector keystoneauth1/5.1.0 python-requests/2.28.1 CPython/3.9.14"
- - - [06/Mar/2023:23:59:49 -0500] "GET /v1/ports?fields=address%2Cextra HTTP/1.1" 200 13 437376 "-" "ironic-inspector keystoneauth1/5.1.0 python-requests/2.28.1 CPython/3.9.14"
- - - [06/Mar/2023:23:59:49 -0500] "GET /v1/ports?fields=address%2Cextra HTTP/1.1" 200 13 368064 "-" "ironic-inspector keystoneauth1/5.1.0 python-requests/2.28.1 CPython/3.9.14"
- - - [07/Mar/2023:00:00:04 -0500] "GET /v1/ports?fields=address%2Cextra HTTP/1.1" 200 13 555145 "-" "ironic-inspector keystoneauth1/5.1.0 python-requests/2.28.1 CPython/3.9.14"
- - - [07/Mar/2023:00:00:04 -0500] "GET /v1/ports?fields=address%2Cextra HTTP/1.1" 200 13 428246 "-" "ironic-inspector keystoneauth1/5.1.0 python-requests/2.28.1 CPython/3.9.14"
- - - [07/Mar/2023:00:00:19 -0500] "GET /v1/ports?fields=address%2Cextra HTTP/1.1" 200 13 479957 "-" "ironic-inspector keystoneauth1/5.1.0 python-requests/2.28.1 CPython/3.9.14"
- - - [07/Mar/2023:00:00:19 -0500] "GET /v1/ports?fields=address%2Cextra HTTP/1.1" 200 13 464475 "-" "ironic-inspector keystoneauth1/5.1.0 python-requests/2.28.1 CPython/3.9.14"
- - - [07/Mar/2023:00:00:34 -0500] "GET /v1/nodes?fields=uuid HTTP/1.1" 200 13 501453 "-" "ironic-inspector keystoneauth1/5.1.0 python-requests/2.28.1 CPython/3.9.14"
- - - [07/Mar/2023:00:00:34 -0500] "GET /v1/ports?fields=address%2Cextra HTTP/1.1" 200 13 523824 "-" "ironic-inspector keystoneauth1/5.1.0 python-requests/2.28.1 CPython/3.9.14"
- - - [07/Mar/2023:00:00:34 -0500] "GET /v1/ports?fields=address%2Cextra HTTP/1.1" 200 13 481004 "-" "ironic-inspector keystoneauth1/5.1.0 python-requests/2.28.1 CPython/3.9.14"
- - - [07/Mar/2023:00:00:49 -0500] "GET /v1/ports?fields=address%2Cextra HTTP/1.1" 200 13 434527 "-" "ironic-inspector keystoneauth1/5.1.0 python-requests/2.28.1 CPython/3.9.14"
- - - [07/Mar/2023:00:00:49 -0500] "GET /v1/ports?fields=address%2Cextra HTTP/1.1" 200 13 448064 "-" "ironic-inspector keystoneauth1/5.1.0 python-requests/2.28.1 CPython/3.9.14"
- - - [07/Mar/2023:00:01:04 -0500] "GET /v1/ports?fields=address%2Cextra HTTP/1.1" 200 13 490072 "-" "ironic-inspector keystoneauth1/5.1.0 python-requests/2.28.1 CPython/3.9.14"
- - - [07/Mar/2023:00:01:04 -0500] "GET /v1/ports?fields=address%2Cextra HTTP/1.1" 200 13 523952 "-" "ironic-inspector keystoneauth1/5.1.0 python-requests/2.28.1 CPython/3.9.14"
- - - [07/Mar/2023:00:01:19 -0500] "GET /v1/ports?fields=address%2Cextra HTTP/1.1" 200 13 498156 "-" "ironic-inspector keystoneauth1/5.1.0 python-requests/2.28.1 CPython/3.9.14"
- - - [07/Mar/2023:00:01:19 -0500] "GET /v1/ports?fields=address%2Cextra HTTP/1.1" 200 13 485237 "-" "ironic-inspector keystoneauth1/5.1.0 python-requests/2.28.1 CPython/3.9.14"
- - - [07/Mar/2023:00:01:34 -0500] "GET /v1/nodes?fields=uuid HTTP/1.1" 200 13 420355 "-" "ironic-inspector keystoneauth1/5.1.0 python-requests/2.28.1 CPython/3.9.14"
- - - [07/Mar/2023:00:01:34 -0500] "GET /v1/ports?fields=address%2Cextra HTTP/1.1" 200 13 457731 "-" "ironic-inspector keystoneauth1/5.1.0 python-requests/2.28.1 CPython/3.9.14"
- - - [07/Mar/2023:00:01:34 -0500] "GET /v1/ports?fields=address%2Cextra HTTP/1.1" 200 13 451193 "-" "ironic-inspector keystoneauth1/5.1.0 python-requests/2.28.1 CPython/3.9.14"
- - - [07/Mar/2023:00:01:49 -0500] "GET /v1/ports?fields=address%2Cextra HTTP/1.1" 200 13 542502 "-" "ironic-inspector keystoneauth1/5.1.0 python-requests/2.28.1 CPython/3.9.14"
- - - [07/Mar/2023:00:01:49 -0500] "GET /v1/ports?fields=address%2Cextra HTTP/1.1" 200 13 541683 "-" "ironic-inspector keystoneauth1/5.1.0 python-requests/2.28.1 CPython/3.9.14"
- - - [07/Mar/2023:00:02:04 -0500] "GET /v1/ports?fields=address%2Cextra HTTP/1.1" 200 13 389042 "-" "ironic-inspector keystoneauth1/5.1.0 python-requests/2.28.1 CPython/3.9.14"
- - - [07/Mar/2023:00:02:04 -0500] "GET /v1/ports?fields=address%2Cextra HTTP/1.1" 200 13 426220 "-" "ironic-inspector keystoneauth1/5.1.0 python-requests/2.28.1 CPython/3.9.14"
- - - [07/Mar/2023:00:02:19 -0500] "GET /v1/ports?fields=address%2Cextra HTTP/1.1" 200 13 451956 "-" "ironic-inspector keystoneauth1/5.1.0 python-requests/2.28.1 CPython/3.9.14"
- - - [07/Mar/2023:00:02:19 -0500] "GET /v1/ports?fields=address%2Cextra HTTP/1.1" 200 13 431706 "-" "ironic-inspector keystoneauth1/5.1.0 python-requests/2.28.1 CPython/3.9.14"
- - - [07/Mar/2023:00:02:34 -0500] "GET /v1/nodes?fields=uuid HTTP/1.1" 200 13 521694 "-" "ironic-inspector keystoneauth1/5.1.0 python-requests/2.28.1 CPython/3.9.14"
- - - [07/Mar/2023:00:02:34 -0500] "GET /v1/ports?fields=address%2Cextra HTTP/1.1" 200 13 659315 "-" "ironic-inspector keystoneauth1/5.1.0 python-requests/2.28.1 CPython/3.9.14"
- - - [07/Mar/2023:00:02:34 -0500] "GET /v1/ports?fields=address%2Cextra HTTP/1.1" 200 13 445384 "-" "ironic-inspector keystoneauth1/5.1.0 python-requests/2.28.1 CPython/3.9.14"
- - - [07/Mar/2023:00:02:49 -0500] "GET /v1/ports?fields=address%2Cextra HTTP/1.1" 200 13 497534 "-" "ironic-inspector keystoneauth1/5.1.0 python-requests/2.28.1 CPython/3.9.14"
- - - [07/Mar/2023:00:02:49 -0500] "GET /v1/ports?fields=address%2Cextra HTTP/1.1" 200 13 546486 "-" "ironic-inspector keystoneauth1/5.1.0 python-requests/2.28.1 CPython/3.9.14"
- - - [07/Mar/2023:00:03:04 -0500] "GET /v1/ports?fields=address%2Cextra HTTP/1.1" 200 13 433137 "-" "ironic-inspector keystoneauth1/5.1.0 python-requests/2.28.1 CPython/3.9.14"
- - - [07/Mar/2023:00:03:04 -0500] "GET /v1/ports?fields=address%2Cextra HTTP/1.1" 200 13 529679 "-" "ironic-inspector keystoneauth1/5.1.0 python-requests/2.28.1 CPython/3.9.14"
- - - [07/Mar/2023:00:03:19 -0500] "GET /v1/ports?fields=address%2Cextra HTTP/1.1" 200 13 685747 "-" "ironic-inspector keystoneauth1/5.1.0 python-requests/2.28.1 CPython/3.9.14"
- - - [07/Mar/2023:00:03:19 -0500] "GET /v1/ports?fields=address%2Cextra HTTP/1.1" 200 13 508798 "-" "ironic-inspector keystoneauth1/5.1.0 python-requests/2.28.1 CPython/3.9.14"
- - - [07/Mar/2023:00:03:34 -0500] "GET /v1/nodes?fields=uuid HTTP/1.1" 200 13 500813 "-" "ironic-inspector keystoneauth1/5.1.0 python-requests/2.28.1 CPython/3.9.14"
- - - [07/Mar/2023:00:03:34 -0500] "GET /v1/ports?fields=address%2Cextra HTTP/1.1" 200 13 514506 "-" "ironic-inspector keystoneauth1/5.1.0 python-requests/2.28.1 CPython/3.9.14"
- - - [07/Mar/2023:00:03:34 -0500] "GET /v1/ports?fields=address%2Cextra HTTP/1.1" 200 13 453099 "-" "ironic-inspector keystoneauth1/5.1.0 python-requests/2.28.1 CPython/3.9.14"
- - - [07/Mar/2023:00:03:49 -0500] "GET /v1/ports?fields=address%2Cextra HTTP/1.1" 200 13 419853 "-" "ironic-inspector keystoneauth1/5.1.0 python-requests/2.28.1 CPython/3.9.14"
- - - [07/Mar/2023:00:03:49 -0500] "GET /v1/ports?fields=address%2Cextra HTTP/1.1" 200 13 465452 "-" "ironic-inspector keystoneauth1/5.1.0 python-requests/2.28.1 CPython/3.9.14"
- - - [07/Mar/2023:00:04:04 -0500] "GET /v1/ports?fields=address%2Cextra HTTP/1.1" 200 13 452299 "-" "ironic-inspector keystoneauth1/5.1.0 python-requests/2.28.1 CPython/3.9.14"
- - - [07/Mar/2023:00:04:04 -0500] "GET /v1/ports?fields=address%2Cextra HTTP/1.1" 200 13 453775 "-" "ironic-inspector keystoneauth1/5.1.0 python-requests/2.28.1 CPython/3.9.14"
- - - [07/Mar/2023:00:04:19 -0500] "GET /v1/ports?fields=address%2Cextra HTTP/1.1" 200 13 12666238 "-" "ironic-inspector keystoneauth1/5.1.0 python-requests/2.28.1 CPython/3.9.14"
- - - [07/Mar/2023:00:04:31 -0500] "GET /v1/ports?fields=address%2Cextra HTTP/1.1" 200 13 9008845 "-" "ironic-inspector keystoneauth1/5.1.0 python-requests/2.28.1 CPython/3.9.14"
- - - [07/Mar/2023:00:04:34 -0500] "GET /v1/nodes?fields=uuid HTTP/1.1" 200 13 8509567 "-" "ironic-inspector keystoneauth1/5.1.0 python-requests/2.28.1 CPython/3.9.14"
- - - [07/Mar/2023:00:05:02 -0500] "GET /v1/ports?fields=address%2Cextra HTTP/1.1" 200 13 6090730 "-" "ironic-inspector keystoneauth1/5.1.0 python-requests/2.28.1 CPython/3.9.14"
- - - [07/Mar/2023:00:05:08 -0500] "GET /v1/ports?fields=address%2Cextra HTTP/1.1" 200 13 6446432 "-" "ironic-inspector keystoneauth1/5.1.0 python-requests/2.28.1 CPython/3.9.14"
- - - [07/Mar/2023:00:05:17 -0500] "GET /v1/ports?fields=address%2Cextra HTTP/1.1" 200 13 6162955 "-" "ironic-inspector keystoneauth1/5.1.0 python-requests/2.28.1 CPython/3.9.14"
- - - [07/Mar/2023:00:05:23 -0500] "GET /v1/ports?fields=address%2Cextra HTTP/1.1" 200 13 436890 "-" "ironic-inspector keystoneauth1/5.1.0 python-requests/2.28.1 CPython/3.9.14"
- - - [07/Mar/2023:00:05:23 -0500] "POST /v1/nodes HTTP/1.1" 201 2663 686113 "-" "python-ironicclient"
- - - [07/Mar/2023:00:05:27 -0500] "GET /v1/nodes HTTP/1.1" 200 380 433549 "-" "python-ironicclient"
- - - [07/Mar/2023:00:05:31 -0500] "PATCH /v1/nodes/a4c36980-f62c-4c12-b0d0-2002e1eef121 HTTP/1.1" 200 3173 1021387 "-" "python-ironicclient"
- - - [07/Mar/2023:00:05:32 -0500] "GET /v1/ports?fields=address%2Cextra HTTP/1.1" 200 13 603141 "-" "ironic-inspector keystoneauth1/5.1.0 python-requests/2.28.1 CPython/3.9.14"
- - - [07/Mar/2023:00:05:32 -0500] "GET /v1/ports?fields=address%2Cextra HTTP/1.1" 200 13 528222 "-" "ironic-inspector keystoneauth1/5.1.0 python-requests/2.28.1 CPython/3.9.14"
- - - [07/Mar/2023:00:05:34 -0500] "GET /v1/nodes?fields=uuid HTTP/1.1" 200 271 535294 "-" "ironic-inspector keystoneauth1/5.1.0 python-requests/2.28.1 CPython/3.9.14"
- - - [07/Mar/2023:00:05:35 -0500] "POST /v1/ports HTTP/1.1" 201 562 753721 "-" "python-ironicclient"
- - - [07/Mar/2023:00:05:39 -0500] "PUT /v1/nodes/a4c36980-f62c-4c12-b0d0-2002e1eef121/states/provision HTTP/1.1" 202 - 643353 "-" "python-ironicclient"
- - - [07/Mar/2023:00:05:47 -0500] "GET /v1/ports?fields=address%2Cextra HTTP/1.1" 200 268 580820 "-" "ironic-inspector keystoneauth1/5.1.0 python-requests/2.28.1 CPython/3.9.14"
- - - [07/Mar/2023:00:05:47 -0500] "GET /v1/ports?fields=address%2Cextra HTTP/1.1" 200 268 589686 "-" "ironic-inspector keystoneauth1/5.1.0 python-requests/2.28.1 CPython/3.9.14"
- - - [07/Mar/2023:00:05:53 -0500] "PUT /v1/nodes/a4c36980-f62c-4c12-b0d0-2002e1eef121/states/provision HTTP/1.1" 202 - 516224 "-" "python-ironicclient"
- - - [07/Mar/2023:00:05:56 -0500] "PUT /v1/nodes/a4c36980-f62c-4c12-b0d0-2002e1eef121/states/power HTTP/1.1" 202 - 533884 "-" "python-ironicclient"
- - - [07/Mar/2023:00:06:02 -0500] "GET /v1/ports?fields=address%2Cextra HTTP/1.1" 200 268 679216 "-" "ironic-inspector keystoneauth1/5.1.0 python-requests/2.28.1 CPython/3.9.14"
- - - [07/Mar/2023:00:06:02 -0500] "GET /v1/ports?fields=address%2Cextra HTTP/1.1" 200 268 504006 "-" "ironic-inspector keystoneauth1/5.1.0 python-requests/2.28.1 CPython/3.9.14"
- - - [07/Mar/2023:00:06:17 -0500] "GET /v1/ports?fields=address%2Cextra HTTP/1.1" 200 268 490509 "-" "ironic-inspector keystoneauth1/5.1.0 python-requests/2.28.1 CPython/3.9.14"
- - - [07/Mar/2023:00:06:17 -0500] "GET /v1/ports?fields=address%2Cextra HTTP/1.1" 200 268 512199 "-" "ironic-inspector keystoneauth1/5.1.0 python-requests/2.28.1 CPython/3.9.14"
- - - [07/Mar/2023:00:06:20 -0500] "GET /v1/nodes HTTP/1.1" 200 369 636156 "-" "python-urllib3/1.26.5"
- - - [07/Mar/2023:00:06:20 -0500] "GET /v1/nodes?provision_state=available&associated=False&maintenance=False&fields=uuid%2Cdriver%2Cinstance_uuid%2Cprovision_state%2Cname%2Cmaintenance HTTP/1.1" 200 380 494152 "-" "python-urllib3/1.26.5"
- - - [07/Mar/2023:00:06:21 -0500] "PATCH /v1/nodes/a4c36980-f62c-4c12-b0d0-2002e1eef121 HTTP/1.1" 200 2598 941113 "-" "python-urllib3/1.26.5"
- - - [07/Mar/2023:00:06:22 -0500] "PATCH /v1/nodes/a4c36980-f62c-4c12-b0d0-2002e1eef121 HTTP/1.1" 200 2598 926946 "-" "python-urllib3/1.26.5"
- - - [07/Mar/2023:00:06:26 -0500] "POST /v1/nodes/a4c36980-f62c-4c12-b0d0-2002e1eef121/vifs HTTP/1.1" 204 - 588258 "-" "python-urllib3/1.26.5"
- - - [07/Mar/2023:00:06:27 -0500] "PATCH /v1/nodes/a4c36980-f62c-4c12-b0d0-2002e1eef121 HTTP/1.1" 200 2598 705445 "-" "python-urllib3/1.26.5"
- - - [07/Mar/2023:00:06:27 -0500] "PUT /v1/nodes/a4c36980-f62c-4c12-b0d0-2002e1eef121/states/provision HTTP/1.1" 202 - 1681335 "-" "python-urllib3/1.26.5"
- - - [07/Mar/2023:00:06:29 -0500] "GET /v1/nodes/a4c36980-f62c-4c12-b0d0-2002e1eef121 HTTP/1.1" 200 2659 405508 "-" "python-urllib3/1.26.5"
- - - [07/Mar/2023:00:06:30 -0500] "GET /v1/nodes/a4c36980-f62c-4c12-b0d0-2002e1eef121 HTTP/1.1" 200 2704 389705 "-" "python-urllib3/1.26.5"
- - - [07/Mar/2023:00:06:32 -0500] "GET /v1/nodes/a4c36980-f62c-4c12-b0d0-2002e1eef121 HTTP/1.1" 200 2704 459779 "-" "python-urllib3/1.26.5"
- - - [07/Mar/2023:00:06:32 -0500] "GET /v1/ports?fields=address%2Cextra HTTP/1.1" 200 268 637150 "-" "ironic-inspector keystoneauth1/5.1.0 python-requests/2.28.1 CPython/3.9.14"
- - - [07/Mar/2023:00:06:32 -0500] "GET /v1/ports?fields=address%2Cextra HTTP/1.1" 200 268 384066 "-" "ironic-inspector keystoneauth1/5.1.0 python-requests/2.28.1 CPython/3.9.14"
- - - [07/Mar/2023:00:06:33 -0500] "GET /v1/nodes/a4c36980-f62c-4c12-b0d0-2002e1eef121 HTTP/1.1" 200 2704 444877 "-" "python-urllib3/1.26.5"
- - - [07/Mar/2023:00:06:34 -0500] "GET /v1/nodes?fields=uuid HTTP/1.1" 200 271 435825 "-" "ironic-inspector keystoneauth1/5.1.0 python-requests/2.28.1 CPython/3.9.14"
- - - [07/Mar/2023:00:06:35 -0500] "GET /v1/nodes/a4c36980-f62c-4c12-b0d0-2002e1eef121 HTTP/1.1" 200 2777 647304 "-" "python-urllib3/1.26.5"
- - - [07/Mar/2023:00:06:36 -0500] "GET /v1/nodes/a4c36980-f62c-4c12-b0d0-2002e1eef121 HTTP/1.1" 200 2777 516332 "-" "python-urllib3/1.26.5"
- - - [07/Mar/2023:00:06:38 -0500] "GET /v1/nodes/a4c36980-f62c-4c12-b0d0-2002e1eef121 HTTP/1.1" 200 2777 357771 "-" "python-urllib3/1.26.5"
- - - [07/Mar/2023:00:06:39 -0500] "GET /v1/nodes/a4c36980-f62c-4c12-b0d0-2002e1eef121 HTTP/1.1" 200 2777 549999 "-" "python-urllib3/1.26.5"
- - - [07/Mar/2023:00:06:41 -0500] "GET /v1/nodes/a4c36980-f62c-4c12-b0d0-2002e1eef121 HTTP/1.1" 200 2777 477079 "-" "python-urllib3/1.26.5"
- - - [07/Mar/2023:00:06:42 -0500] "GET /v1/nodes/a4c36980-f62c-4c12-b0d0-2002e1eef121 HTTP/1.1" 200 2777 544759 "-" "python-urllib3/1.26.5"
- - - [07/Mar/2023:00:06:44 -0500] "GET /v1/nodes/a4c36980-f62c-4c12-b0d0-2002e1eef121 HTTP/1.1" 200 2777 459396 "-" "python-urllib3/1.26.5"
- - - [07/Mar/2023:00:06:45 -0500] "GET /v1/nodes/a4c36980-f62c-4c12-b0d0-2002e1eef121 HTTP/1.1" 200 2777 488780 "-" "python-urllib3/1.26.5"
- - - [07/Mar/2023:00:06:47 -0500] "GET /v1/ports?fields=address%2Cextra HTTP/1.1" 200 268 677687 "-" "ironic-inspector keystoneauth1/5.1.0 python-requests/2.28.1 CPython/3.9.14"
- - - [07/Mar/2023:00:06:47 -0500] "GET /v1/nodes/a4c36980-f62c-4c12-b0d0-2002e1eef121 HTTP/1.1" 200 2777 627449 "-" "python-urllib3/1.26.5"
- - - [07/Mar/2023:00:06:47 -0500] "GET /v1/ports?fields=address%2Cextra HTTP/1.1" 200 268 358458 "-" "ironic-inspector keystoneauth1/5.1.0 python-requests/2.28.1 CPython/3.9.14"
- - - [07/Mar/2023:00:06:48 -0500] "GET /v1/nodes/a4c36980-f62c-4c12-b0d0-2002e1eef121 HTTP/1.1" 200 2777 517025 "-" "python-urllib3/1.26.5"
- - - [07/Mar/2023:00:06:50 -0500] "GET /v1/nodes/a4c36980-f62c-4c12-b0d0-2002e1eef121 HTTP/1.1" 200 2777 410344 "-" "python-urllib3/1.26.5"
- - - [07/Mar/2023:00:06:51 -0500] "GET /v1/nodes/a4c36980-f62c-4c12-b0d0-2002e1eef121 HTTP/1.1" 200 2777 447027 "-" "python-urllib3/1.26.5"
- - - [07/Mar/2023:00:06:53 -0500] "GET /v1/nodes/a4c36980-f62c-4c12-b0d0-2002e1eef121 HTTP/1.1" 200 2777 439931 "-" "python-urllib3/1.26.5"
- - - [07/Mar/2023:00:06:54 -0500] "GET /v1/nodes/a4c36980-f62c-4c12-b0d0-2002e1eef121 HTTP/1.1" 200 2777 432314 "-" "python-urllib3/1.26.5"
- - - [07/Mar/2023:00:06:56 -0500] "GET /v1/nodes/a4c36980-f62c-4c12-b0d0-2002e1eef121 HTTP/1.1" 200 3317 469094 "-" "python-urllib3/1.26.5"
- - - [07/Mar/2023:00:06:57 -0500] "GET /v1/nodes/a4c36980-f62c-4c12-b0d0-2002e1eef121 HTTP/1.1" 200 3320 476849 "-" "python-urllib3/1.26.5"
- - - [07/Mar/2023:00:06:59 -0500] "GET /v1/nodes/a4c36980-f62c-4c12-b0d0-2002e1eef121 HTTP/1.1" 200 3320 546225 "-" "python-urllib3/1.26.5"
- - - [07/Mar/2023:00:07:00 -0500] "GET /v1/nodes/a4c36980-f62c-4c12-b0d0-2002e1eef121 HTTP/1.1" 200 3320 447200 "-" "python-urllib3/1.26.5"
- - - [07/Mar/2023:00:07:02 -0500] "GET /v1/ports?fields=address%2Cextra HTTP/1.1" 200 268 486898 "-" "ironic-inspector keystoneauth1/5.1.0 python-requests/2.28.1 CPython/3.9.14"
- - - [07/Mar/2023:00:07:02 -0500] "GET /v1/nodes/a4c36980-f62c-4c12-b0d0-2002e1eef121 HTTP/1.1" 200 3320 679506 "-" "python-urllib3/1.26.5"
- - - [07/Mar/2023:00:07:02 -0500] "GET /v1/ports?fields=address%2Cextra HTTP/1.1" 200 268 430508 "-" "ironic-inspector keystoneauth1/5.1.0 python-requests/2.28.1 CPython/3.9.14"
- - - [07/Mar/2023:00:07:03 -0500] "GET /v1/nodes/a4c36980-f62c-4c12-b0d0-2002e1eef121 HTTP/1.1" 200 3320 421030 "-" "python-urllib3/1.26.5"
- - - [07/Mar/2023:00:07:05 -0500] "GET /v1/nodes/a4c36980-f62c-4c12-b0d0-2002e1eef121 HTTP/1.1" 200 3320 503668 "-" "python-urllib3/1.26.5"
- - - [07/Mar/2023:00:07:06 -0500] "GET /v1/nodes/a4c36980-f62c-4c12-b0d0-2002e1eef121 HTTP/1.1" 200 3303 409153 "-" "python-urllib3/1.26.5"
- - - [07/Mar/2023:00:07:07 -0500] "GET /v1/nodes/a4c36980-f62c-4c12-b0d0-2002e1eef121 HTTP/1.1" 200 3303 398710 "-" "python-urllib3/1.26.5"
- - - [07/Mar/2023:00:07:17 -0500] "GET /v1/ports?fields=address%2Cextra HTTP/1.1" 200 268 471698 "-" "ironic-inspector keystoneauth1/5.1.0 python-requests/2.28.1 CPython/3.9.14"
- - - [07/Mar/2023:00:07:17 -0500] "GET /v1/ports?fields=address%2Cextra HTTP/1.1" 200 268 563537 "-" "ironic-inspector keystoneauth1/5.1.0 python-requests/2.28.1 CPython/3.9.14"
- - - [07/Mar/2023:00:07:32 -0500] "GET /v1/ports?fields=address%2Cextra HTTP/1.1" 200 268 473496 "-" "ironic-inspector keystoneauth1/5.1.0 python-requests/2.28.1 CPython/3.9.14"
- - - [07/Mar/2023:00:07:32 -0500] "GET /v1/ports?fields=address%2Cextra HTTP/1.1" 200 268 449348 "-" "ironic-inspector keystoneauth1/5.1.0 python-requests/2.28.1 CPython/3.9.14"
- - - [07/Mar/2023:00:07:34 -0500] "GET /v1/nodes?fields=uuid HTTP/1.1" 200 271 419096 "-" "ironic-inspector keystoneauth1/5.1.0 python-requests/2.28.1 CPython/3.9.14"
- - - [07/Mar/2023:00:07:37 -0500] "GET /v1/nodes/a4c36980-f62c-4c12-b0d0-2002e1eef121 HTTP/1.1" 200 3303 388542 "-" "python-urllib3/1.26.5"
- - - [07/Mar/2023:00:07:47 -0500] "GET /v1/ports?fields=address%2Cextra HTTP/1.1" 200 268 606974 "-" "ironic-inspector keystoneauth1/5.1.0 python-requests/2.28.1 CPython/3.9.14"
- - - [07/Mar/2023:00:07:47 -0500] "GET /v1/ports?fields=address%2Cextra HTTP/1.1" 200 268 476062 "-" "ironic-inspector keystoneauth1/5.1.0 python-requests/2.28.1 CPython/3.9.14"
- - - [07/Mar/2023:00:08:02 -0500] "GET /v1/ports?fields=address%2Cextra HTTP/1.1" 200 268 470107 "-" "ironic-inspector keystoneauth1/5.1.0 python-requests/2.28.1 CPython/3.9.14"
- - - [07/Mar/2023:00:08:02 -0500] "GET /v1/ports?fields=address%2Cextra HTTP/1.1" 200 268 422385 "-" "ironic-inspector keystoneauth1/5.1.0 python-requests/2.28.1 CPython/3.9.14"
- - - [07/Mar/2023:00:08:08 -0500] "GET /v1/nodes/a4c36980-f62c-4c12-b0d0-2002e1eef121 HTTP/1.1" 200 3303 507020 "-" "python-urllib3/1.26.5"
- - - [07/Mar/2023:00:08:17 -0500] "GET /v1/ports?fields=address%2Cextra HTTP/1.1" 200 268 442231 "-" "ironic-inspector keystoneauth1/5.1.0 python-requests/2.28.1 CPython/3.9.14"
- - - [07/Mar/2023:00:08:17 -0500] "GET /v1/ports?fields=address%2Cextra HTTP/1.1" 200 268 442148 "-" "ironic-inspector keystoneauth1/5.1.0 python-requests/2.28.1 CPython/3.9.14"
- - - [07/Mar/2023:00:08:32 -0500] "GET /v1/ports?fields=address%2Cextra HTTP/1.1" 200 268 461864 "-" "ironic-inspector keystoneauth1/5.1.0 python-requests/2.28.1 CPython/3.9.14"
- - - [07/Mar/2023:00:08:32 -0500] "GET /v1/ports?fields=address%2Cextra HTTP/1.1" 200 268 618782 "-" "ironic-inspector keystoneauth1/5.1.0 python-requests/2.28.1 CPython/3.9.14"
- - - [07/Mar/2023:00:08:34 -0500] "GET /v1/nodes?fields=uuid HTTP/1.1" 200 271 370981 "-" "ironic-inspector keystoneauth1/5.1.0 python-requests/2.28.1 CPython/3.9.14"
- - - [07/Mar/2023:00:08:38 -0500] "GET /v1/nodes/a4c36980-f62c-4c12-b0d0-2002e1eef121 HTTP/1.1" 200 3303 515567 "-" "python-urllib3/1.26.5"
- - - [07/Mar/2023:00:08:47 -0500] "GET /v1/ports?fields=address%2Cextra HTTP/1.1" 200 268 462729 "-" "ironic-inspector keystoneauth1/5.1.0 python-requests/2.28.1 CPython/3.9.14"
- - - [07/Mar/2023:00:08:47 -0500] "GET /v1/ports?fields=address%2Cextra HTTP/1.1" 200 268 395516 "-" "ironic-inspector keystoneauth1/5.1.0 python-requests/2.28.1 CPython/3.9.14"
- - - [07/Mar/2023:00:09:02 -0500] "GET /v1/ports?fields=address%2Cextra HTTP/1.1" 200 268 446651 "-" "ironic-inspector keystoneauth1/5.1.0 python-requests/2.28.1 CPython/3.9.14"
- - - [07/Mar/2023:00:09:02 -0500] "GET /v1/ports?fields=address%2Cextra HTTP/1.1" 200 268 349498 "-" "ironic-inspector keystoneauth1/5.1.0 python-requests/2.28.1 CPython/3.9.14"
- - - [07/Mar/2023:00:09:09 -0500] "GET /v1/nodes/a4c36980-f62c-4c12-b0d0-2002e1eef121 HTTP/1.1" 200 3303 475415 "-" "python-urllib3/1.26.5"
- - - [07/Mar/2023:00:09:17 -0500] "GET /v1/ports?fields=address%2Cextra HTTP/1.1" 200 268 495710 "-" "ironic-inspector keystoneauth1/5.1.0 python-requests/2.28.1 CPython/3.9.14"
- - - [07/Mar/2023:00:09:17 -0500] "GET /v1/ports?fields=address%2Cextra HTTP/1.1" 200 268 392608 "-" "ironic-inspector keystoneauth1/5.1.0 python-requests/2.28.1 CPython/3.9.14"
- - - [07/Mar/2023:00:09:32 -0500] "GET /v1/ports?fields=address%2Cextra HTTP/1.1" 200 268 535029 "-" "ironic-inspector keystoneauth1/5.1.0 python-requests/2.28.1 CPython/3.9.14"
- - - [07/Mar/2023:00:09:32 -0500] "GET /v1/ports?fields=address%2Cextra HTTP/1.1" 200 268 371806 "-" "ironic-inspector keystoneauth1/5.1.0 python-requests/2.28.1 CPython/3.9.14"
- - - [07/Mar/2023:00:09:34 -0500] "GET /v1/nodes?fields=uuid HTTP/1.1" 200 271 384469 "-" "ironic-inspector keystoneauth1/5.1.0 python-requests/2.28.1 CPython/3.9.14"
- - - [07/Mar/2023:00:09:39 -0500] "GET /v1/nodes/a4c36980-f62c-4c12-b0d0-2002e1eef121 HTTP/1.1" 200 3303 427143 "-" "python-urllib3/1.26.5"
- - - [07/Mar/2023:00:09:47 -0500] "GET /v1/ports?fields=address%2Cextra HTTP/1.1" 200 268 395741 "-" "ironic-inspector keystoneauth1/5.1.0 python-requests/2.28.1 CPython/3.9.14"
- - - [07/Mar/2023:00:09:47 -0500] "GET /v1/ports?fields=address%2Cextra HTTP/1.1" 200 268 472062 "-" "ironic-inspector keystoneauth1/5.1.0 python-requests/2.28.1 CPython/3.9.14"
- - - [07/Mar/2023:00:10:02 -0500] "GET /v1/ports?fields=address%2Cextra HTTP/1.1" 200 268 525536 "-" "ironic-inspector keystoneauth1/5.1.0 python-requests/2.28.1 CPython/3.9.14"
- - - [07/Mar/2023:00:10:02 -0500] "GET /v1/ports?fields=address%2Cextra HTTP/1.1" 200 268 388392 "-" "ironic-inspector keystoneauth1/5.1.0 python-requests/2.28.1 CPython/3.9.14"
- - - [07/Mar/2023:00:10:10 -0500] "GET /v1/nodes/a4c36980-f62c-4c12-b0d0-2002e1eef121 HTTP/1.1" 200 3303 516764 "-" "python-urllib3/1.26.5"
- - - [07/Mar/2023:00:10:17 -0500] "GET /v1/ports?fields=address%2Cextra HTTP/1.1" 200 268 494698 "-" "ironic-inspector keystoneauth1/5.1.0 python-requests/2.28.1 CPython/3.9.14"
- - - [07/Mar/2023:00:10:17 -0500] "GET /v1/ports?fields=address%2Cextra HTTP/1.1" 200 268 451780 "-" "ironic-inspector keystoneauth1/5.1.0 python-requests/2.28.1 CPython/3.9.14"
- - - [07/Mar/2023:00:10:32 -0500] "GET /v1/ports?fields=address%2Cextra HTTP/1.1" 200 268 537369 "-" "ironic-inspector keystoneauth1/5.1.0 python-requests/2.28.1 CPython/3.9.14"
- - - [07/Mar/2023:00:10:32 -0500] "GET /v1/ports?fields=address%2Cextra HTTP/1.1" 200 268 404603 "-" "ironic-inspector keystoneauth1/5.1.0 python-requests/2.28.1 CPython/3.9.14"
- - - [07/Mar/2023:00:10:34 -0500] "GET /v1/nodes?fields=uuid HTTP/1.1" 200 271 402161 "-" "ironic-inspector keystoneauth1/5.1.0 python-requests/2.28.1 CPython/3.9.14"
- - - [07/Mar/2023:00:10:40 -0500] "GET /v1/nodes/a4c36980-f62c-4c12-b0d0-2002e1eef121 HTTP/1.1" 200 3303 507353 "-" "python-urllib3/1.26.5"
- - - [07/Mar/2023:00:10:47 -0500] "GET /v1/ports?fields=address%2Cextra HTTP/1.1" 200 268 595422 "-" "ironic-inspector keystoneauth1/5.1.0 python-requests/2.28.1 CPython/3.9.14"
- - - [07/Mar/2023:00:10:47 -0500] "GET /v1/ports?fields=address%2Cextra HTTP/1.1" 200 268 456081 "-" "ironic-inspector keystoneauth1/5.1.0 python-requests/2.28.1 CPython/3.9.14"
- - - [07/Mar/2023:00:11:02 -0500] "GET /v1/ports?fields=address%2Cextra HTTP/1.1" 200 268 528472 "-" "ironic-inspector keystoneauth1/5.1.0 python-requests/2.28.1 CPython/3.9.14"
- - - [07/Mar/2023:00:11:02 -0500] "GET /v1/ports?fields=address%2Cextra HTTP/1.1" 200 268 458520 "-" "ironic-inspector keystoneauth1/5.1.0 python-requests/2.28.1 CPython/3.9.14"
- - - [07/Mar/2023:00:11:11 -0500] "GET /v1/nodes/a4c36980-f62c-4c12-b0d0-2002e1eef121 HTTP/1.1" 200 3303 486948 "-" "python-urllib3/1.26.5"
- - - [07/Mar/2023:00:11:17 -0500] "GET /v1/ports?fields=address%2Cextra HTTP/1.1" 200 268 448368 "-" "ironic-inspector keystoneauth1/5.1.0 python-requests/2.28.1 CPython/3.9.14"
- - - [07/Mar/2023:00:11:17 -0500] "GET /v1/ports?fields=address%2Cextra HTTP/1.1" 200 268 446987 "-" "ironic-inspector keystoneauth1/5.1.0 python-requests/2.28.1 CPython/3.9.14"
- - - [07/Mar/2023:00:11:32 -0500] "GET /v1/ports?fields=address%2Cextra HTTP/1.1" 200 268 476544 "-" "ironic-inspector keystoneauth1/5.1.0 python-requests/2.28.1 CPython/3.9.14"
- - - [07/Mar/2023:00:11:32 -0500] "GET /v1/ports?fields=address%2Cextra HTTP/1.1" 200 268 398682 "-" "ironic-inspector keystoneauth1/5.1.0 python-requests/2.28.1 CPython/3.9.14"
- - - [07/Mar/2023:00:11:34 -0500] "GET /v1/nodes?fields=uuid HTTP/1.1" 200 271 438675 "-" "ironic-inspector keystoneauth1/5.1.0 python-requests/2.28.1 CPython/3.9.14"
- - - [07/Mar/2023:00:11:41 -0500] "GET /v1/nodes/a4c36980-f62c-4c12-b0d0-2002e1eef121 HTTP/1.1" 200 3303 444761 "-" "python-urllib3/1.26.5"
- - - [07/Mar/2023:00:11:47 -0500] "GET /v1/ports?fields=address%2Cextra HTTP/1.1" 200 268 396596 "-" "ironic-inspector keystoneauth1/5.1.0 python-requests/2.28.1 CPython/3.9.14"
- - - [07/Mar/2023:00:11:47 -0500] "GET /v1/ports?fields=address%2Cextra HTTP/1.1" 200 268 420887 "-" "ironic-inspector keystoneauth1/5.1.0 python-requests/2.28.1 CPython/3.9.14"
- - - [07/Mar/2023:00:12:02 -0500] "GET /v1/ports?fields=address%2Cextra HTTP/1.1" 200 268 449195 "-" "ironic-inspector keystoneauth1/5.1.0 python-requests/2.28.1 CPython/3.9.14"
- - - [07/Mar/2023:00:12:02 -0500] "GET /v1/ports?fields=address%2Cextra HTTP/1.1" 200 268 474576 "-" "ironic-inspector keystoneauth1/5.1.0 python-requests/2.28.1 CPython/3.9.14"
- - - [07/Mar/2023:00:12:12 -0500] "GET /v1/nodes/a4c36980-f62c-4c12-b0d0-2002e1eef121 HTTP/1.1" 200 3303 458138 "-" "python-urllib3/1.26.5"
- - - [07/Mar/2023:00:12:17 -0500] "GET /v1/ports?fields=address%2Cextra HTTP/1.1" 200 268 470262 "-" "ironic-inspector keystoneauth1/5.1.0 python-requests/2.28.1 CPython/3.9.14"
- - - [07/Mar/2023:00:12:17 -0500] "GET /v1/ports?fields=address%2Cextra HTTP/1.1" 200 268 409180 "-" "ironic-inspector keystoneauth1/5.1.0 python-requests/2.28.1 CPython/3.9.14"
- - - [07/Mar/2023:00:12:32 -0500] "GET /v1/ports?fields=address%2Cextra HTTP/1.1" 200 268 475414 "-" "ironic-inspector keystoneauth1/5.1.0 python-requests/2.28.1 CPython/3.9.14"
- - - [07/Mar/2023:00:12:32 -0500] "GET /v1/ports?fields=address%2Cextra HTTP/1.1" 200 268 394031 "-" "ironic-inspector keystoneauth1/5.1.0 python-requests/2.28.1 CPython/3.9.14"
- - - [07/Mar/2023:00:12:34 -0500] "GET /v1/nodes?fields=uuid HTTP/1.1" 200 271 449507 "-" "ironic-inspector keystoneauth1/5.1.0 python-requests/2.28.1 CPython/3.9.14"
- - - [07/Mar/2023:00:12:42 -0500] "GET /v1/nodes/a4c36980-f62c-4c12-b0d0-2002e1eef121 HTTP/1.1" 200 3303 493884 "-" "python-urllib3/1.26.5"
- - - [07/Mar/2023:00:12:47 -0500] "GET /v1/ports?fields=address%2Cextra HTTP/1.1" 200 268 482008 "-" "ironic-inspector keystoneauth1/5.1.0 python-requests/2.28.1 CPython/3.9.14"
- - - [07/Mar/2023:00:12:47 -0500] "GET /v1/ports?fields=address%2Cextra HTTP/1.1" 200 268 405435 "-" "ironic-inspector keystoneauth1/5.1.0 python-requests/2.28.1 CPython/3.9.14"
- - - [07/Mar/2023:00:13:02 -0500] "GET /v1/ports?fields=address%2Cextra HTTP/1.1" 200 268 584642 "-" "ironic-inspector keystoneauth1/5.1.0 python-requests/2.28.1 CPython/3.9.14"
- - - [07/Mar/2023:00:13:02 -0500] "GET /v1/ports?fields=address%2Cextra HTTP/1.1" 200 268 436651 "-" "ironic-inspector keystoneauth1/5.1.0 python-requests/2.28.1 CPython/3.9.14"
- - - [07/Mar/2023:00:13:13 -0500] "GET /v1/nodes/a4c36980-f62c-4c12-b0d0-2002e1eef121 HTTP/1.1" 200 3303 592562 "-" "python-urllib3/1.26.5"
- - - [07/Mar/2023:00:13:17 -0500] "GET /v1/ports?fields=address%2Cextra HTTP/1.1" 200 268 453519 "-" "ironic-inspector keystoneauth1/5.1.0 python-requests/2.28.1 CPython/3.9.14"
- - - [07/Mar/2023:00:13:17 -0500] "GET /v1/ports?fields=address%2Cextra HTTP/1.1" 200 268 459903 "-" "ironic-inspector keystoneauth1/5.1.0 python-requests/2.28.1 CPython/3.9.14"
- - - [07/Mar/2023:00:13:32 -0500] "GET /v1/ports?fields=address%2Cextra HTTP/1.1" 200 268 465824 "-" "ironic-inspector keystoneauth1/5.1.0 python-requests/2.28.1 CPython/3.9.14"
- - - [07/Mar/2023:00:13:32 -0500] "GET /v1/ports?fields=address%2Cextra HTTP/1.1" 200 268 457650 "-" "ironic-inspector keystoneauth1/5.1.0 python-requests/2.28.1 CPython/3.9.14"
- - - [07/Mar/2023:00:13:34 -0500] "GET /v1/nodes?fields=uuid HTTP/1.1" 200 271 344695 "-" "ironic-inspector keystoneauth1/5.1.0 python-requests/2.28.1 CPython/3.9.14"
- - - [07/Mar/2023:00:13:43 -0500] "GET /v1/nodes/a4c36980-f62c-4c12-b0d0-2002e1eef121 HTTP/1.1" 200 3303 526745 "-" "python-urllib3/1.26.5"
- - - [07/Mar/2023:00:13:47 -0500] "GET /v1/ports?fields=address%2Cextra HTTP/1.1" 200 268 424121 "-" "ironic-inspector keystoneauth1/5.1.0 python-requests/2.28.1 CPython/3.9.14"
- - - [07/Mar/2023:00:13:47 -0500] "GET /v1/ports?fields=address%2Cextra HTTP/1.1" 200 268 374682 "-" "ironic-inspector keystoneauth1/5.1.0 python-requests/2.28.1 CPython/3.9.14"
- - - [07/Mar/2023:00:14:02 -0500] "GET /v1/ports?fields=address%2Cextra HTTP/1.1" 200 268 454565 "-" "ironic-inspector keystoneauth1/5.1.0 python-requests/2.28.1 CPython/3.9.14"
- - - [07/Mar/2023:00:14:02 -0500] "GET /v1/ports?fields=address%2Cextra HTTP/1.1" 200 268 539596 "-" "ironic-inspector keystoneauth1/5.1.0 python-requests/2.28.1 CPython/3.9.14"
- - - [07/Mar/2023:00:14:14 -0500] "GET /v1/nodes/a4c36980-f62c-4c12-b0d0-2002e1eef121 HTTP/1.1" 200 3303 486664 "-" "python-urllib3/1.26.5"
- - - [07/Mar/2023:00:14:17 -0500] "GET /v1/ports?fields=address%2Cextra HTTP/1.1" 200 268 499566 "-" "ironic-inspector keystoneauth1/5.1.0 python-requests/2.28.1 CPython/3.9.14"
- - - [07/Mar/2023:00:14:17 -0500] "GET /v1/ports?fields=address%2Cextra HTTP/1.1" 200 268 569347 "-" "ironic-inspector keystoneauth1/5.1.0 python-requests/2.28.1 CPython/3.9.14"
- - - [07/Mar/2023:00:14:32 -0500] "GET /v1/ports?fields=address%2Cextra HTTP/1.1" 200 268 496719 "-" "ironic-inspector keystoneauth1/5.1.0 python-requests/2.28.1 CPython/3.9.14"
- - - [07/Mar/2023:00:14:32 -0500] "GET /v1/ports?fields=address%2Cextra HTTP/1.1" 200 268 558439 "-" "ironic-inspector keystoneauth1/5.1.0 python-requests/2.28.1 CPython/3.9.14"
- - - [07/Mar/2023:00:14:34 -0500] "GET /v1/nodes?fields=uuid HTTP/1.1" 200 271 485922 "-" "ironic-inspector keystoneauth1/5.1.0 python-requests/2.28.1 CPython/3.9.14"
- - - [07/Mar/2023:00:14:45 -0500] "GET /v1/nodes/a4c36980-f62c-4c12-b0d0-2002e1eef121 HTTP/1.1" 200 3303 667805 "-" "python-urllib3/1.26.5"
- - - [07/Mar/2023:00:14:47 -0500] "GET /v1/ports?fields=address%2Cextra HTTP/1.1" 200 268 529214 "-" "ironic-inspector keystoneauth1/5.1.0 python-requests/2.28.1 CPython/3.9.14"
- - - [07/Mar/2023:00:14:47 -0500] "GET /v1/ports?fields=address%2Cextra HTTP/1.1" 200 268 561831 "-" "ironic-inspector keystoneauth1/5.1.0 python-requests/2.28.1 CPython/3.9.14"
- - - [07/Mar/2023:00:15:02 -0500] "GET /v1/ports?fields=address%2Cextra HTTP/1.1" 200 268 565889 "-" "ironic-inspector keystoneauth1/5.1.0 python-requests/2.28.1 CPython/3.9.14"
- - - [07/Mar/2023:00:15:02 -0500] "GET /v1/ports?fields=address%2Cextra HTTP/1.1" 200 268 495516 "-" "ironic-inspector keystoneauth1/5.1.0 python-requests/2.28.1 CPython/3.9.14"
- - - [07/Mar/2023:00:15:15 -0500] "GET /v1/nodes/a4c36980-f62c-4c12-b0d0-2002e1eef121 HTTP/1.1" 200 3303 593613 "-" "python-urllib3/1.26.5"
- - - [07/Mar/2023:00:15:17 -0500] "GET /v1/ports?fields=address%2Cextra HTTP/1.1" 200 268 496549 "-" "ironic-inspector keystoneauth1/5.1.0 python-requests/2.28.1 CPython/3.9.14"
- - - [07/Mar/2023:00:15:17 -0500] "GET /v1/ports?fields=address%2Cextra HTTP/1.1" 200 268 552890 "-" "ironic-inspector keystoneauth1/5.1.0 python-requests/2.28.1 CPython/3.9.14"
- - - [07/Mar/2023:00:15:32 -0500] "GET /v1/ports?fields=address%2Cextra HTTP/1.1" 200 268 460286 "-" "ironic-inspector keystoneauth1/5.1.0 python-requests/2.28.1 CPython/3.9.14"
- - - [07/Mar/2023:00:15:32 -0500] "GET /v1/ports?fields=address%2Cextra HTTP/1.1" 200 268 510400 "-" "ironic-inspector keystoneauth1/5.1.0 python-requests/2.28.1 CPython/3.9.14"
- - - [07/Mar/2023:00:15:34 -0500] "GET /v1/nodes?fields=uuid HTTP/1.1" 200 271 446506 "-" "ironic-inspector keystoneauth1/5.1.0 python-requests/2.28.1 CPython/3.9.14"
- - - [07/Mar/2023:00:15:46 -0500] "GET /v1/nodes/a4c36980-f62c-4c12-b0d0-2002e1eef121 HTTP/1.1" 200 3303 465668 "-" "python-urllib3/1.26.5"
- - - [07/Mar/2023:00:15:47 -0500] "GET /v1/ports?fields=address%2Cextra HTTP/1.1" 200 268 482975 "-" "ironic-inspector keystoneauth1/5.1.0 python-requests/2.28.1 CPython/3.9.14"
- - - [07/Mar/2023:00:15:47 -0500] "GET /v1/ports?fields=address%2Cextra HTTP/1.1" 200 268 423735 "-" "ironic-inspector keystoneauth1/5.1.0 python-requests/2.28.1 CPython/3.9.14"
- - - [07/Mar/2023:00:16:02 -0500] "GET /v1/ports?fields=address%2Cextra HTTP/1.1" 200 268 619745 "-" "ironic-inspector keystoneauth1/5.1.0 python-requests/2.28.1 CPython/3.9.14"
- - - [07/Mar/2023:00:16:03 -0500] "GET /v1/ports?fields=address%2Cextra HTTP/1.1" 200 268 575453 "-" "ironic-inspector keystoneauth1/5.1.0 python-requests/2.28.1 CPython/3.9.14"
- - - [07/Mar/2023:00:16:16 -0500] "GET /v1/nodes/a4c36980-f62c-4c12-b0d0-2002e1eef121 HTTP/1.1" 200 3303 427224 "-" "python-urllib3/1.26.5"
- - - [07/Mar/2023:00:16:17 -0500] "GET /v1/ports?fields=address%2Cextra HTTP/1.1" 200 268 463452 "-" "ironic-inspector keystoneauth1/5.1.0 python-requests/2.28.1 CPython/3.9.14"
- - - [07/Mar/2023:00:16:17 -0500] "GET /v1/ports?fields=address%2Cextra HTTP/1.1" 200 268 540156 "-" "ironic-inspector keystoneauth1/5.1.0 python-requests/2.28.1 CPython/3.9.14"
- - - [07/Mar/2023:00:16:32 -0500] "GET /v1/ports?fields=address%2Cextra HTTP/1.1" 200 268 671406 "-" "ironic-inspector keystoneauth1/5.1.0 python-requests/2.28.1 CPython/3.9.14"
- - - [07/Mar/2023:00:16:33 -0500] "GET /v1/ports?fields=address%2Cextra HTTP/1.1" 200 268 931860 "-" "ironic-inspector keystoneauth1/5.1.0 python-requests/2.28.1 CPython/3.9.14"
- - - [07/Mar/2023:00:16:34 -0500] "GET /v1/nodes?fields=uuid HTTP/1.1" 200 271 656467 "-" "ironic-inspector keystoneauth1/5.1.0 python-requests/2.28.1 CPython/3.9.14"
- - - [07/Mar/2023:00:16:47 -0500] "GET /v1/nodes/a4c36980-f62c-4c12-b0d0-2002e1eef121 HTTP/1.1" 200 3303 613647 "-" "python-urllib3/1.26.5"
- - - [07/Mar/2023:00:16:47 -0500] "GET /v1/ports?fields=address%2Cextra HTTP/1.1" 200 268 635153 "-" "ironic-inspector keystoneauth1/5.1.0 python-requests/2.28.1 CPython/3.9.14"
- - - [07/Mar/2023:00:16:48 -0500] "GET /v1/ports?fields=address%2Cextra HTTP/1.1" 200 268 574918 "-" "ironic-inspector keystoneauth1/5.1.0 python-requests/2.28.1 CPython/3.9.14"
- - - [07/Mar/2023:00:17:02 -0500] "GET /v1/ports?fields=address%2Cextra HTTP/1.1" 200 268 566440 "-" "ironic-inspector keystoneauth1/5.1.0 python-requests/2.28.1 CPython/3.9.14"
- - - [07/Mar/2023:00:17:02 -0500] "GET /v1/ports?fields=address%2Cextra HTTP/1.1" 200 268 638839 "-" "ironic-inspector keystoneauth1/5.1.0 python-requests/2.28.1 CPython/3.9.14"
- - - [07/Mar/2023:00:17:17 -0500] "GET /v1/ports?fields=address%2Cextra HTTP/1.1" 200 268 543712 "-" "ironic-inspector keystoneauth1/5.1.0 python-requests/2.28.1 CPython/3.9.14"
- - - [07/Mar/2023:00:17:17 -0500] "GET /v1/ports?fields=address%2Cextra HTTP/1.1" 200 268 676297 "-" "ironic-inspector keystoneauth1/5.1.0 python-requests/2.28.1 CPython/3.9.14"
- - - [07/Mar/2023:00:17:17 -0500] "GET /v1/nodes/a4c36980-f62c-4c12-b0d0-2002e1eef121 HTTP/1.1" 200 3303 749140 "-" "python-urllib3/1.26.5"
- - - [07/Mar/2023:00:17:32 -0500] "GET /v1/ports?fields=address%2Cextra HTTP/1.1" 200 268 625692 "-" "ironic-inspector keystoneauth1/5.1.0 python-requests/2.28.1 CPython/3.9.14"
- - - [07/Mar/2023:00:17:33 -0500] "GET /v1/ports?fields=address%2Cextra HTTP/1.1" 200 268 644512 "-" "ironic-inspector keystoneauth1/5.1.0 python-requests/2.28.1 CPython/3.9.14"
- - - [07/Mar/2023:00:17:34 -0500] "GET /v1/nodes?fields=uuid HTTP/1.1" 200 271 515583 "-" "ironic-inspector keystoneauth1/5.1.0 python-requests/2.28.1 CPython/3.9.14"
- - - [07/Mar/2023:00:17:47 -0500] "GET /v1/ports?fields=address%2Cextra HTTP/1.1" 200 268 897988 "-" "ironic-inspector keystoneauth1/5.1.0 python-requests/2.28.1 CPython/3.9.14"
- - - [07/Mar/2023:00:17:48 -0500] "GET /v1/ports?fields=address%2Cextra HTTP/1.1" 200 268 693579 "-" "ironic-inspector keystoneauth1/5.1.0 python-requests/2.28.1 CPython/3.9.14"
- - - [07/Mar/2023:00:17:48 -0500] "GET /v1/nodes/a4c36980-f62c-4c12-b0d0-2002e1eef121 HTTP/1.1" 200 3303 834894 "-" "python-urllib3/1.26.5"
- - - [07/Mar/2023:00:18:02 -0500] "GET /v1/ports?fields=address%2Cextra HTTP/1.1" 200 268 913754 "-" "ironic-inspector keystoneauth1/5.1.0 python-requests/2.28.1 CPython/3.9.14"
- - - [07/Mar/2023:00:18:03 -0500] "GET /v1/ports?fields=address%2Cextra HTTP/1.1" 200 268 648445 "-" "ironic-inspector keystoneauth1/5.1.0 python-requests/2.28.1 CPython/3.9.14"
- - - [07/Mar/2023:00:18:17 -0500] "GET /v1/ports?fields=address%2Cextra HTTP/1.1" 200 268 657346 "-" "ironic-inspector keystoneauth1/5.1.0 python-requests/2.28.1 CPython/3.9.14"
- - - [07/Mar/2023:00:18:18 -0500] "GET /v1/ports?fields=address%2Cextra HTTP/1.1" 200 268 910280 "-" "ironic-inspector keystoneauth1/5.1.0 python-requests/2.28.1 CPython/3.9.14"
- - - [07/Mar/2023:00:18:19 -0500] "GET /v1/nodes/a4c36980-f62c-4c12-b0d0-2002e1eef121 HTTP/1.1" 200 3303 649855 "-" "python-urllib3/1.26.5"
- - - [07/Mar/2023:00:18:32 -0500] "GET /v1/ports?fields=address%2Cextra HTTP/1.1" 200 268 802927 "-" "ironic-inspector keystoneauth1/5.1.0 python-requests/2.28.1 CPython/3.9.14"
- - - [07/Mar/2023:00:18:33 -0500] "GET /v1/ports?fields=address%2Cextra HTTP/1.1" 200 268 674557 "-" "ironic-inspector keystoneauth1/5.1.0 python-requests/2.28.1 CPython/3.9.14"
- - - [07/Mar/2023:00:18:34 -0500] "GET /v1/nodes?fields=uuid HTTP/1.1" 200 271 719502 "-" "ironic-inspector keystoneauth1/5.1.0 python-requests/2.28.1 CPython/3.9.14"
- - - [07/Mar/2023:00:18:47 -0500] "GET /v1/ports?fields=address%2Cextra HTTP/1.1" 200 268 726055 "-" "ironic-inspector keystoneauth1/5.1.0 python-requests/2.28.1 CPython/3.9.14"
- - - [07/Mar/2023:00:18:48 -0500] "GET /v1/ports?fields=address%2Cextra HTTP/1.1" 200 268 606262 "-" "ironic-inspector keystoneauth1/5.1.0 python-requests/2.28.1 CPython/3.9.14"
- - - [07/Mar/2023:00:18:50 -0500] "GET /v1/nodes/a4c36980-f62c-4c12-b0d0-2002e1eef121 HTTP/1.1" 200 3303 577619 "-" "python-urllib3/1.26.5"
- - - [07/Mar/2023:00:19:02 -0500] "GET /v1/ports?fields=address%2Cextra HTTP/1.1" 200 268 647145 "-" "ironic-inspector keystoneauth1/5.1.0 python-requests/2.28.1 CPython/3.9.14"
- - - [07/Mar/2023:00:19:03 -0500] "GET /v1/ports?fields=address%2Cextra HTTP/1.1" 200 268 620460 "-" "ironic-inspector keystoneauth1/5.1.0 python-requests/2.28.1 CPython/3.9.14"
- - - [07/Mar/2023:00:19:17 -0500] "GET /v1/ports?fields=address%2Cextra HTTP/1.1" 200 268 816800 "-" "ironic-inspector keystoneauth1/5.1.0 python-requests/2.28.1 CPython/3.9.14"
- - - [07/Mar/2023:00:19:18 -0500] "GET /v1/ports?fields=address%2Cextra HTTP/1.1" 200 268 720728 "-" "ironic-inspector keystoneauth1/5.1.0 python-requests/2.28.1 CPython/3.9.14"
- - - [07/Mar/2023:00:19:20 -0500] "GET /v1/nodes/a4c36980-f62c-4c12-b0d0-2002e1eef121 HTTP/1.1" 200 3303 633157 "-" "python-urllib3/1.26.5"
- - - [07/Mar/2023:00:19:32 -0500] "GET /v1/ports?fields=address%2Cextra HTTP/1.1" 200 268 650841 "-" "ironic-inspector keystoneauth1/5.1.0 python-requests/2.28.1 CPython/3.9.14"
- - - [07/Mar/2023:00:19:33 -0500] "GET /v1/ports?fields=address%2Cextra HTTP/1.1" 200 268 724848 "-" "ironic-inspector keystoneauth1/5.1.0 python-requests/2.28.1 CPython/3.9.14"
- - - [07/Mar/2023:00:19:34 -0500] "GET /v1/nodes?fields=uuid HTTP/1.1" 200 271 535047 "-" "ironic-inspector keystoneauth1/5.1.0 python-requests/2.28.1 CPython/3.9.14"
- - - [07/Mar/2023:00:19:47 -0500] "GET /v1/ports?fields=address%2Cextra HTTP/1.1" 200 268 709794 "-" "ironic-inspector keystoneauth1/5.1.0 python-requests/2.28.1 CPython/3.9.14"
- - - [07/Mar/2023:00:19:48 -0500] "GET /v1/ports?fields=address%2Cextra HTTP/1.1" 200 268 748084 "-" "ironic-inspector keystoneauth1/5.1.0 python-requests/2.28.1 CPython/3.9.14"
- - - [07/Mar/2023:00:19:51 -0500] "GET /v1/nodes/a4c36980-f62c-4c12-b0d0-2002e1eef121 HTTP/1.1" 200 3303 678899 "-" "python-urllib3/1.26.5"
- - - [07/Mar/2023:00:20:02 -0500] "GET /v1/ports?fields=address%2Cextra HTTP/1.1" 200 268 601470 "-" "ironic-inspector keystoneauth1/5.1.0 python-requests/2.28.1 CPython/3.9.14"
- - - [07/Mar/2023:00:20:03 -0500] "GET /v1/ports?fields=address%2Cextra HTTP/1.1" 200 268 664296 "-" "ironic-inspector keystoneauth1/5.1.0 python-requests/2.28.1 CPython/3.9.14"
- - - [07/Mar/2023:00:20:17 -0500] "GET /v1/ports?fields=address%2Cextra HTTP/1.1" 200 268 820521 "-" "ironic-inspector keystoneauth1/5.1.0 python-requests/2.28.1 CPython/3.9.14"
- - - [07/Mar/2023:00:20:18 -0500] "GET /v1/ports?fields=address%2Cextra HTTP/1.1" 200 268 743385 "-" "ironic-inspector keystoneauth1/5.1.0 python-requests/2.28.1 CPython/3.9.14"
- - - [07/Mar/2023:00:20:22 -0500] "GET /v1/nodes/a4c36980-f62c-4c12-b0d0-2002e1eef121 HTTP/1.1" 200 3303 657394 "-" "python-urllib3/1.26.5"
- - - [07/Mar/2023:00:20:32 -0500] "GET /v1/ports?fields=address%2Cextra HTTP/1.1" 200 268 623741 "-" "ironic-inspector keystoneauth1/5.1.0 python-requests/2.28.1 CPython/3.9.14"
- - - [07/Mar/2023:00:20:33 -0500] "GET /v1/ports?fields=address%2Cextra HTTP/1.1" 200 268 569381 "-" "ironic-inspector keystoneauth1/5.1.0 python-requests/2.28.1 CPython/3.9.14"
- - - [07/Mar/2023:00:20:34 -0500] "GET /v1/nodes?fields=uuid HTTP/1.1" 200 271 505105 "-" "ironic-inspector keystoneauth1/5.1.0 python-requests/2.28.1 CPython/3.9.14"
- - - [07/Mar/2023:00:20:47 -0500] "GET /v1/ports?fields=address%2Cextra HTTP/1.1" 200 268 685079 "-" "ironic-inspector keystoneauth1/5.1.0 python-requests/2.28.1 CPython/3.9.14"
- - - [07/Mar/2023:00:20:48 -0500] "GET /v1/ports?fields=address%2Cextra HTTP/1.1" 200 268 576230 "-" "ironic-inspector keystoneauth1/5.1.0 python-requests/2.28.1 CPython/3.9.14"
- - - [07/Mar/2023:00:20:53 -0500] "GET /v1/nodes/a4c36980-f62c-4c12-b0d0-2002e1eef121 HTTP/1.1" 200 3303 636220 "-" "python-urllib3/1.26.5"
- - - [07/Mar/2023:00:21:02 -0500] "GET /v1/ports?fields=address%2Cextra HTTP/1.1" 200 268 635388 "-" "ironic-inspector keystoneauth1/5.1.0 python-requests/2.28.1 CPython/3.9.14"
- - - [07/Mar/2023:00:21:03 -0500] "GET /v1/ports?fields=address%2Cextra HTTP/1.1" 200 268 577261 "-" "ironic-inspector keystoneauth1/5.1.0 python-requests/2.28.1 CPython/3.9.14"
- - - [07/Mar/2023:00:21:17 -0500] "GET /v1/ports?fields=address%2Cextra HTTP/1.1" 200 268 558353 "-" "ironic-inspector keystoneauth1/5.1.0 python-requests/2.28.1 CPython/3.9.14"
- - - [07/Mar/2023:00:21:18 -0500] "GET /v1/ports?fields=address%2Cextra HTTP/1.1" 200 268 558892 "-" "ironic-inspector keystoneauth1/5.1.0 python-requests/2.28.1 CPython/3.9.14"
- - - [07/Mar/2023:00:21:23 -0500] "GET /v1/nodes/a4c36980-f62c-4c12-b0d0-2002e1eef121 HTTP/1.1" 200 3303 557208 "-" "python-urllib3/1.26.5"
- - - [07/Mar/2023:00:21:32 -0500] "GET /v1/ports?fields=address%2Cextra HTTP/1.1" 200 268 648141 "-" "ironic-inspector keystoneauth1/5.1.0 python-requests/2.28.1 CPython/3.9.14"
- - - [07/Mar/2023:00:21:33 -0500] "GET /v1/ports?fields=address%2Cextra HTTP/1.1" 200 268 562076 "-" "ironic-inspector keystoneauth1/5.1.0 python-requests/2.28.1 CPython/3.9.14"
- - - [07/Mar/2023:00:21:34 -0500] "GET /v1/nodes?fields=uuid HTTP/1.1" 200 271 673183 "-" "ironic-inspector keystoneauth1/5.1.0 python-requests/2.28.1 CPython/3.9.14"
- - - [07/Mar/2023:00:21:47 -0500] "GET /v1/ports?fields=address%2Cextra HTTP/1.1" 200 268 848269 "-" "ironic-inspector keystoneauth1/5.1.0 python-requests/2.28.1 CPython/3.9.14"
- - - [07/Mar/2023:00:21:48 -0500] "GET /v1/ports?fields=address%2Cextra HTTP/1.1" 200 268 649147 "-" "ironic-inspector keystoneauth1/5.1.0 python-requests/2.28.1 CPython/3.9.14"
- - - [07/Mar/2023:00:21:54 -0500] "GET /v1/nodes/a4c36980-f62c-4c12-b0d0-2002e1eef121 HTTP/1.1" 200 3303 695557 "-" "python-urllib3/1.26.5"
- - - [07/Mar/2023:00:22:02 -0500] "GET /v1/ports?fields=address%2Cextra HTTP/1.1" 200 268 566544 "-" "ironic-inspector keystoneauth1/5.1.0 python-requests/2.28.1 CPython/3.9.14"
- - - [07/Mar/2023:00:22:03 -0500] "GET /v1/ports?fields=address%2Cextra HTTP/1.1" 200 268 649841 "-" "ironic-inspector keystoneauth1/5.1.0 python-requests/2.28.1 CPython/3.9.14"
- - - [07/Mar/2023:00:22:17 -0500] "GET /v1/ports?fields=address%2Cextra HTTP/1.1" 200 268 578825 "-" "ironic-inspector keystoneauth1/5.1.0 python-requests/2.28.1 CPython/3.9.14"
- - - [07/Mar/2023:00:22:18 -0500] "GET /v1/ports?fields=address%2Cextra HTTP/1.1" 200 268 600136 "-" "ironic-inspector keystoneauth1/5.1.0 python-requests/2.28.1 CPython/3.9.14"
- - - [07/Mar/2023:00:22:25 -0500] "GET /v1/nodes/a4c36980-f62c-4c12-b0d0-2002e1eef121 HTTP/1.1" 200 3303 753496 "-" "python-urllib3/1.26.5"
- - - [07/Mar/2023:00:22:32 -0500] "GET /v1/ports?fields=address%2Cextra HTTP/1.1" 200 268 649395 "-" "ironic-inspector keystoneauth1/5.1.0 python-requests/2.28.1 CPython/3.9.14"
- - - [07/Mar/2023:00:22:33 -0500] "GET /v1/ports?fields=address%2Cextra HTTP/1.1" 200 268 594845 "-" "ironic-inspector keystoneauth1/5.1.0 python-requests/2.28.1 CPython/3.9.14"
- - - [07/Mar/2023:00:22:34 -0500] "GET /v1/nodes?fields=uuid HTTP/1.1" 200 271 621590 "-" "ironic-inspector keystoneauth1/5.1.0 python-requests/2.28.1 CPython/3.9.14"
- - - [07/Mar/2023:00:22:47 -0500] "GET /v1/ports?fields=address%2Cextra HTTP/1.1" 200 268 635931 "-" "ironic-inspector keystoneauth1/5.1.0 python-requests/2.28.1 CPython/3.9.14"
- - - [07/Mar/2023:00:22:48 -0500] "GET /v1/ports?fields=address%2Cextra HTTP/1.1" 200 268 668876 "-" "ironic-inspector keystoneauth1/5.1.0 python-requests/2.28.1 CPython/3.9.14"
- - - [07/Mar/2023:00:22:55 -0500] "GET /v1/nodes/a4c36980-f62c-4c12-b0d0-2002e1eef121 HTTP/1.1" 200 3303 738096 "-" "python-urllib3/1.26.5"
- - - [07/Mar/2023:00:23:02 -0500] "GET /v1/ports?fields=address%2Cextra HTTP/1.1" 200 268 526895 "-" "ironic-inspector keystoneauth1/5.1.0 python-requests/2.28.1 CPython/3.9.14"
- - - [07/Mar/2023:00:23:03 -0500] "GET /v1/ports?fields=address%2Cextra HTTP/1.1" 200 268 532990 "-" "ironic-inspector keystoneauth1/5.1.0 python-requests/2.28.1 CPython/3.9.14"
- - - [07/Mar/2023:00:23:17 -0500] "GET /v1/ports?fields=address%2Cextra HTTP/1.1" 200 268 664668 "-" "ironic-inspector keystoneauth1/5.1.0 python-requests/2.28.1 CPython/3.9.14"
- - - [07/Mar/2023:00:23:18 -0500] "GET /v1/ports?fields=address%2Cextra HTTP/1.1" 200 268 453939 "-" "ironic-inspector keystoneauth1/5.1.0 python-requests/2.28.1 CPython/3.9.14"
- - - [07/Mar/2023:00:23:26 -0500] "GET /v1/nodes/a4c36980-f62c-4c12-b0d0-2002e1eef121 HTTP/1.1" 200 3303 764687 "-" "python-urllib3/1.26.5"
- - - [07/Mar/2023:00:23:32 -0500] "GET /v1/ports?fields=address%2Cextra HTTP/1.1" 200 268 646106 "-" "ironic-inspector keystoneauth1/5.1.0 python-requests/2.28.1 CPython/3.9.14"
- - - [07/Mar/2023:00:23:33 -0500] "GET /v1/ports?fields=address%2Cextra HTTP/1.1" 200 268 658430 "-" "ironic-inspector keystoneauth1/5.1.0 python-requests/2.28.1 CPython/3.9.14"
- - - [07/Mar/2023:00:23:34 -0500] "GET /v1/nodes?fields=uuid HTTP/1.1" 200 271 549258 "-" "ironic-inspector keystoneauth1/5.1.0 python-requests/2.28.1 CPython/3.9.14"
- - - [07/Mar/2023:00:23:47 -0500] "GET /v1/ports?fields=address%2Cextra HTTP/1.1" 200 268 967313 "-" "ironic-inspector keystoneauth1/5.1.0 python-requests/2.28.1 CPython/3.9.14"
- - - [07/Mar/2023:00:23:48 -0500] "GET /v1/ports?fields=address%2Cextra HTTP/1.1" 200 268 593344 "-" "ironic-inspector keystoneauth1/5.1.0 python-requests/2.28.1 CPython/3.9.14"
- - - [07/Mar/2023:00:23:57 -0500] "GET /v1/nodes/a4c36980-f62c-4c12-b0d0-2002e1eef121 HTTP/1.1" 200 3303 679132 "-" "python-urllib3/1.26.5"
- - - [07/Mar/2023:00:24:02 -0500] "GET /v1/ports?fields=address%2Cextra HTTP/1.1" 200 268 633006 "-" "ironic-inspector keystoneauth1/5.1.0 python-requests/2.28.1 CPython/3.9.14"
- - - [07/Mar/2023:00:24:03 -0500] "GET /v1/ports?fields=address%2Cextra HTTP/1.1" 200 268 564609 "-" "ironic-inspector keystoneauth1/5.1.0 python-requests/2.28.1 CPython/3.9.14"
- - - [07/Mar/2023:00:24:17 -0500] "GET /v1/ports?fields=address%2Cextra HTTP/1.1" 200 268 654128 "-" "ironic-inspector keystoneauth1/5.1.0 python-requests/2.28.1 CPython/3.9.14"
- - - [07/Mar/2023:00:24:18 -0500] "GET /v1/ports?fields=address%2Cextra HTTP/1.1" 200 268 613627 "-" "ironic-inspector keystoneauth1/5.1.0 python-requests/2.28.1 CPython/3.9.14"
- - - [07/Mar/2023:00:24:28 -0500] "GET /v1/nodes/a4c36980-f62c-4c12-b0d0-2002e1eef121 HTTP/1.1" 200 3303 766226 "-" "python-urllib3/1.26.5"
- - - [07/Mar/2023:00:24:32 -0500] "GET /v1/ports?fields=address%2Cextra HTTP/1.1" 200 268 679956 "-" "ironic-inspector keystoneauth1/5.1.0 python-requests/2.28.1 CPython/3.9.14"
- - - [07/Mar/2023:00:24:33 -0500] "GET /v1/ports?fields=address%2Cextra HTTP/1.1" 200 268 735244 "-" "ironic-inspector keystoneauth1/5.1.0 python-requests/2.28.1 CPython/3.9.14"
- - - [07/Mar/2023:00:24:34 -0500] "GET /v1/nodes?fields=uuid HTTP/1.1" 200 271 551387 "-" "ironic-inspector keystoneauth1/5.1.0 python-requests/2.28.1 CPython/3.9.14"
- - - [07/Mar/2023:00:24:47 -0500] "GET /v1/ports?fields=address%2Cextra HTTP/1.1" 200 268 560152 "-" "ironic-inspector keystoneauth1/5.1.0 python-requests/2.28.1 CPython/3.9.14"
- - - [07/Mar/2023:00:24:48 -0500] "GET /v1/ports?fields=address%2Cextra HTTP/1.1" 200 268 518193 "-" "ironic-inspector keystoneauth1/5.1.0 python-requests/2.28.1 CPython/3.9.14"
- - - [07/Mar/2023:00:24:59 -0500] "GET /v1/nodes/a4c36980-f62c-4c12-b0d0-2002e1eef121 HTTP/1.1" 200 3303 637489 "-" "python-urllib3/1.26.5"
- - - [07/Mar/2023:00:25:02 -0500] "GET /v1/ports?fields=address%2Cextra HTTP/1.1" 200 268 770720 "-" "ironic-inspector keystoneauth1/5.1.0 python-requests/2.28.1 CPython/3.9.14"
- - - [07/Mar/2023:00:25:03 -0500] "GET /v1/ports?fields=address%2Cextra HTTP/1.1" 200 268 767544 "-" "ironic-inspector keystoneauth1/5.1.0 python-requests/2.28.1 CPython/3.9.14"
- - - [07/Mar/2023:00:25:17 -0500] "GET /v1/ports?fields=address%2Cextra HTTP/1.1" 200 268 559223 "-" "ironic-inspector keystoneauth1/5.1.0 python-requests/2.28.1 CPython/3.9.14"
- - - [07/Mar/2023:00:25:18 -0500] "GET /v1/ports?fields=address%2Cextra HTTP/1.1" 200 268 491930 "-" "ironic-inspector keystoneauth1/5.1.0 python-requests/2.28.1 CPython/3.9.14"
- - - [07/Mar/2023:00:25:29 -0500] "GET /v1/nodes/a4c36980-f62c-4c12-b0d0-2002e1eef121 HTTP/1.1" 200 3303 664263 "-" "python-urllib3/1.26.5"
- - - [07/Mar/2023:00:25:32 -0500] "GET /v1/ports?fields=address%2Cextra HTTP/1.1" 200 268 727363 "-" "ironic-inspector keystoneauth1/5.1.0 python-requests/2.28.1 CPython/3.9.14"
- - - [07/Mar/2023:00:25:33 -0500] "GET /v1/ports?fields=address%2Cextra HTTP/1.1" 200 268 524323 "-" "ironic-inspector keystoneauth1/5.1.0 python-requests/2.28.1 CPython/3.9.14"
- - - [07/Mar/2023:00:25:34 -0500] "GET /v1/nodes?fields=uuid HTTP/1.1" 200 271 610634 "-" "ironic-inspector keystoneauth1/5.1.0 python-requests/2.28.1 CPython/3.9.14"
- - - [07/Mar/2023:00:25:47 -0500] "GET /v1/ports?fields=address%2Cextra HTTP/1.1" 200 268 1113036 "-" "ironic-inspector keystoneauth1/5.1.0 python-requests/2.28.1 CPython/3.9.14"
- - - [07/Mar/2023:00:25:48 -0500] "GET /v1/ports?fields=address%2Cextra HTTP/1.1" 200 268 580674 "-" "ironic-inspector keystoneauth1/5.1.0 python-requests/2.28.1 CPython/3.9.14"
- - - [07/Mar/2023:00:26:00 -0500] "GET /v1/nodes/a4c36980-f62c-4c12-b0d0-2002e1eef121 HTTP/1.1" 200 3303 614633 "-" "python-urllib3/1.26.5"
- - - [07/Mar/2023:00:26:02 -0500] "GET /v1/ports?fields=address%2Cextra HTTP/1.1" 200 268 593837 "-" "ironic-inspector keystoneauth1/5.1.0 python-requests/2.28.1 CPython/3.9.14"
- - - [07/Mar/2023:00:26:03 -0500] "GET /v1/ports?fields=address%2Cextra HTTP/1.1" 200 268 522792 "-" "ironic-inspector keystoneauth1/5.1.0 python-requests/2.28.1 CPython/3.9.14"
- - - [07/Mar/2023:00:26:17 -0500] "GET /v1/ports?fields=address%2Cextra HTTP/1.1" 200 268 563862 "-" "ironic-inspector keystoneauth1/5.1.0 python-requests/2.28.1 CPython/3.9.14"
- - - [07/Mar/2023:00:26:18 -0500] "GET /v1/ports?fields=address%2Cextra HTTP/1.1" 200 268 797319 "-" "ironic-inspector keystoneauth1/5.1.0 python-requests/2.28.1 CPython/3.9.14"
- - - [07/Mar/2023:00:26:31 -0500] "GET /v1/nodes/a4c36980-f62c-4c12-b0d0-2002e1eef121 HTTP/1.1" 200 3303 749147 "-" "python-urllib3/1.26.5"
- - - [07/Mar/2023:00:26:32 -0500] "GET /v1/ports?fields=address%2Cextra HTTP/1.1" 200 268 636286 "-" "ironic-inspector keystoneauth1/5.1.0 python-requests/2.28.1 CPython/3.9.14"
- - - [07/Mar/2023:00:26:33 -0500] "GET /v1/ports?fields=address%2Cextra HTTP/1.1" 200 268 1289694 "-" "ironic-inspector keystoneauth1/5.1.0 python-requests/2.28.1 CPython/3.9.14"
- - - [07/Mar/2023:00:26:34 -0500] "GET /v1/nodes?fields=uuid HTTP/1.1" 200 271 550984 "-" "ironic-inspector keystoneauth1/5.1.0 python-requests/2.28.1 CPython/3.9.14"
- - - [07/Mar/2023:00:26:47 -0500] "GET /v1/ports?fields=address%2Cextra HTTP/1.1" 200 268 591794 "-" "ironic-inspector keystoneauth1/5.1.0 python-requests/2.28.1 CPython/3.9.14"
- - - [07/Mar/2023:00:26:48 -0500] "GET /v1/ports?fields=address%2Cextra HTTP/1.1" 200 268 500214 "-" "ironic-inspector keystoneauth1/5.1.0 python-requests/2.28.1 CPython/3.9.14"
- - - [07/Mar/2023:00:27:01 -0500] "GET /v1/nodes/a4c36980-f62c-4c12-b0d0-2002e1eef121 HTTP/1.1" 200 3303 712608 "-" "python-urllib3/1.26.5"
- - - [07/Mar/2023:00:27:02 -0500] "GET /v1/ports?fields=address%2Cextra HTTP/1.1" 200 268 553353 "-" "ironic-inspector keystoneauth1/5.1.0 python-requests/2.28.1 CPython/3.9.14"
- - - [07/Mar/2023:00:27:03 -0500] "GET /v1/ports?fields=address%2Cextra HTTP/1.1" 200 268 617900 "-" "ironic-inspector keystoneauth1/5.1.0 python-requests/2.28.1 CPython/3.9.14"
- - - [07/Mar/2023:00:27:17 -0500] "GET /v1/ports?fields=address%2Cextra HTTP/1.1" 200 268 533040 "-" "ironic-inspector keystoneauth1/5.1.0 python-requests/2.28.1 CPython/3.9.14"
- - - [07/Mar/2023:00:27:18 -0500] "GET /v1/ports?fields=address%2Cextra HTTP/1.1" 200 268 475406 "-" "ironic-inspector keystoneauth1/5.1.0 python-requests/2.28.1 CPython/3.9.14"
- - - [07/Mar/2023:00:27:32 -0500] "GET /v1/ports?fields=address%2Cextra HTTP/1.1" 200 268 854454 "-" "ironic-inspector keystoneauth1/5.1.0 python-requests/2.28.1 CPython/3.9.14"
- - - [07/Mar/2023:00:27:32 -0500] "GET /v1/nodes/a4c36980-f62c-4c12-b0d0-2002e1eef121 HTTP/1.1" 200 3303 873135 "-" "python-urllib3/1.26.5"
- - - [07/Mar/2023:00:27:33 -0500] "GET /v1/ports?fields=address%2Cextra HTTP/1.1" 200 268 593495 "-" "ironic-inspector keystoneauth1/5.1.0 python-requests/2.28.1 CPython/3.9.14"
- - - [07/Mar/2023:00:27:34 -0500] "GET /v1/nodes?fields=uuid HTTP/1.1" 200 271 519120 "-" "ironic-inspector keystoneauth1/5.1.0 python-requests/2.28.1 CPython/3.9.14"
- - - [07/Mar/2023:00:27:47 -0500] "GET /v1/ports?fields=address%2Cextra HTTP/1.1" 200 268 453387 "-" "ironic-inspector keystoneauth1/5.1.0 python-requests/2.28.1 CPython/3.9.14"
- - - [07/Mar/2023:00:27:48 -0500] "GET /v1/ports?fields=address%2Cextra HTTP/1.1" 200 268 571679 "-" "ironic-inspector keystoneauth1/5.1.0 python-requests/2.28.1 CPython/3.9.14"
- - - [07/Mar/2023:00:28:02 -0500] "GET /v1/ports?fields=address%2Cextra HTTP/1.1" 200 268 836528 "-" "ironic-inspector keystoneauth1/5.1.0 python-requests/2.28.1 CPython/3.9.14"
- - - [07/Mar/2023:00:28:03 -0500] "GET /v1/ports?fields=address%2Cextra HTTP/1.1" 200 268 614112 "-" "ironic-inspector keystoneauth1/5.1.0 python-requests/2.28.1 CPython/3.9.14"
- - - [07/Mar/2023:00:28:03 -0500] "GET /v1/nodes/a4c36980-f62c-4c12-b0d0-2002e1eef121 HTTP/1.1" 200 3303 471811 "-" "python-urllib3/1.26.5"
- - - [07/Mar/2023:00:28:17 -0500] "GET /v1/ports?fields=address%2Cextra HTTP/1.1" 200 268 458768 "-" "ironic-inspector keystoneauth1/5.1.0 python-requests/2.28.1 CPython/3.9.14"
- - - [07/Mar/2023:00:28:18 -0500] "GET /v1/ports?fields=address%2Cextra HTTP/1.1" 200 268 460919 "-" "ironic-inspector keystoneauth1/5.1.0 python-requests/2.28.1 CPython/3.9.14"
- - - [07/Mar/2023:00:28:32 -0500] "GET /v1/ports?fields=address%2Cextra HTTP/1.1" 200 268 676115 "-" "ironic-inspector keystoneauth1/5.1.0 python-requests/2.28.1 CPython/3.9.14"
- - - [07/Mar/2023:00:28:33 -0500] "GET /v1/ports?fields=address%2Cextra HTTP/1.1" 200 268 572200 "-" "ironic-inspector keystoneauth1/5.1.0 python-requests/2.28.1 CPython/3.9.14"
- - - [07/Mar/2023:00:28:34 -0500] "GET /v1/nodes/a4c36980-f62c-4c12-b0d0-2002e1eef121 HTTP/1.1" 200 3303 561163 "-" "python-urllib3/1.26.5"
- - - [07/Mar/2023:00:28:34 -0500] "GET /v1/nodes?fields=uuid HTTP/1.1" 200 271 668238 "-" "ironic-inspector keystoneauth1/5.1.0 python-requests/2.28.1 CPython/3.9.14"
- - - [07/Mar/2023:00:28:47 -0500] "GET /v1/ports?fields=address%2Cextra HTTP/1.1" 200 268 583264 "-" "ironic-inspector keystoneauth1/5.1.0 python-requests/2.28.1 CPython/3.9.14"
- - - [07/Mar/2023:00:28:48 -0500] "GET /v1/ports?fields=address%2Cextra HTTP/1.1" 200 268 493558 "-" "ironic-inspector keystoneauth1/5.1.0 python-requests/2.28.1 CPython/3.9.14"
- - - [07/Mar/2023:00:29:02 -0500] "GET /v1/ports?fields=address%2Cextra HTTP/1.1" 200 268 735027 "-" "ironic-inspector keystoneauth1/5.1.0 python-requests/2.28.1 CPython/3.9.14"
- - - [07/Mar/2023:00:29:03 -0500] "GET /v1/ports?fields=address%2Cextra HTTP/1.1" 200 268 606289 "-" "ironic-inspector keystoneauth1/5.1.0 python-requests/2.28.1 CPython/3.9.14"
- - - [07/Mar/2023:00:29:04 -0500] "GET /v1/nodes/a4c36980-f62c-4c12-b0d0-2002e1eef121 HTTP/1.1" 200 3303 580814 "-" "python-urllib3/1.26.5"
- - - [07/Mar/2023:00:29:17 -0500] "GET /v1/ports?fields=address%2Cextra HTTP/1.1" 200 268 819510 "-" "ironic-inspector keystoneauth1/5.1.0 python-requests/2.28.1 CPython/3.9.14"
- - - [07/Mar/2023:00:29:18 -0500] "GET /v1/ports?fields=address%2Cextra HTTP/1.1" 200 268 532360 "-" "ironic-inspector keystoneauth1/5.1.0 python-requests/2.28.1 CPython/3.9.14"
- - - [07/Mar/2023:00:29:32 -0500] "GET /v1/ports?fields=address%2Cextra HTTP/1.1" 200 268 775562 "-" "ironic-inspector keystoneauth1/5.1.0 python-requests/2.28.1 CPython/3.9.14"
- - - [07/Mar/2023:00:29:33 -0500] "GET /v1/ports?fields=address%2Cextra HTTP/1.1" 200 268 572780 "-" "ironic-inspector keystoneauth1/5.1.0 python-requests/2.28.1 CPython/3.9.14"
- - - [07/Mar/2023:00:29:34 -0500] "GET /v1/nodes?fields=uuid HTTP/1.1" 200 271 499289 "-" "ironic-inspector keystoneauth1/5.1.0 python-requests/2.28.1 CPython/3.9.14"
- - - [07/Mar/2023:00:29:35 -0500] "GET /v1/nodes/a4c36980-f62c-4c12-b0d0-2002e1eef121 HTTP/1.1" 200 3303 817313 "-" "python-urllib3/1.26.5"
- - - [07/Mar/2023:00:29:47 -0500] "GET /v1/ports?fields=address%2Cextra HTTP/1.1" 200 268 851628 "-" "ironic-inspector keystoneauth1/5.1.0 python-requests/2.28.1 CPython/3.9.14"
- - - [07/Mar/2023:00:29:48 -0500] "GET /v1/ports?fields=address%2Cextra HTTP/1.1" 200 268 599441 "-" "ironic-inspector keystoneauth1/5.1.0 python-requests/2.28.1 CPython/3.9.14"
- - - [07/Mar/2023:00:30:02 -0500] "GET /v1/ports?fields=address%2Cextra HTTP/1.1" 200 268 737826 "-" "ironic-inspector keystoneauth1/5.1.0 python-requests/2.28.1 CPython/3.9.14"
- - - [07/Mar/2023:00:30:03 -0500] "GET /v1/ports?fields=address%2Cextra HTTP/1.1" 200 268 652122 "-" "ironic-inspector keystoneauth1/5.1.0 python-requests/2.28.1 CPython/3.9.14"
- - - [07/Mar/2023:00:30:06 -0500] "GET /v1/nodes/a4c36980-f62c-4c12-b0d0-2002e1eef121 HTTP/1.1" 200 3303 535702 "-" "python-urllib3/1.26.5"
- - - [07/Mar/2023:00:30:17 -0500] "GET /v1/ports?fields=address%2Cextra HTTP/1.1" 200 268 593638 "-" "ironic-inspector keystoneauth1/5.1.0 python-requests/2.28.1 CPython/3.9.14"
- - - [07/Mar/2023:00:30:18 -0500] "GET /v1/ports?fields=address%2Cextra HTTP/1.1" 200 268 521596 "-" "ironic-inspector keystoneauth1/5.1.0 python-requests/2.28.1 CPython/3.9.14"
- - - [07/Mar/2023:00:30:32 -0500] "GET /v1/ports?fields=address%2Cextra HTTP/1.1" 200 268 540528 "-" "ironic-inspector keystoneauth1/5.1.0 python-requests/2.28.1 CPython/3.9.14"
- - - [07/Mar/2023:00:30:33 -0500] "GET /v1/ports?fields=address%2Cextra HTTP/1.1" 200 268 499344 "-" "ironic-inspector keystoneauth1/5.1.0 python-requests/2.28.1 CPython/3.9.14"
- - - [07/Mar/2023:00:30:34 -0500] "GET /v1/nodes?fields=uuid HTTP/1.1" 200 271 498561 "-" "ironic-inspector keystoneauth1/5.1.0 python-requests/2.28.1 CPython/3.9.14"
- - - [07/Mar/2023:00:30:36 -0500] "GET /v1/nodes/a4c36980-f62c-4c12-b0d0-2002e1eef121 HTTP/1.1" 200 3303 547335 "-" "python-urllib3/1.26.5"
- - - [07/Mar/2023:00:30:47 -0500] "GET /v1/ports?fields=address%2Cextra HTTP/1.1" 200 268 570447 "-" "ironic-inspector keystoneauth1/5.1.0 python-requests/2.28.1 CPython/3.9.14"
- - - [07/Mar/2023:00:30:48 -0500] "GET /v1/ports?fields=address%2Cextra HTTP/1.1" 200 268 529618 "-" "ironic-inspector keystoneauth1/5.1.0 python-requests/2.28.1 CPython/3.9.14"
- - - [07/Mar/2023:00:31:02 -0500] "GET /v1/ports?fields=address%2Cextra HTTP/1.1" 200 268 625005 "-" "ironic-inspector keystoneauth1/5.1.0 python-requests/2.28.1 CPython/3.9.14"
- - - [07/Mar/2023:00:31:03 -0500] "GET /v1/ports?fields=address%2Cextra HTTP/1.1" 200 268 773518 "-" "ironic-inspector keystoneauth1/5.1.0 python-requests/2.28.1 CPython/3.9.14"
- - - [07/Mar/2023:00:31:07 -0500] "GET /v1/nodes/a4c36980-f62c-4c12-b0d0-2002e1eef121 HTTP/1.1" 200 3303 711689 "-" "python-urllib3/1.26.5"
- - - [07/Mar/2023:00:31:17 -0500] "GET /v1/ports?fields=address%2Cextra HTTP/1.1" 200 268 740901 "-" "ironic-inspector keystoneauth1/5.1.0 python-requests/2.28.1 CPython/3.9.14"
- - - [07/Mar/2023:00:31:18 -0500] "GET /v1/ports?fields=address%2Cextra HTTP/1.1" 200 268 566296 "-" "ironic-inspector keystoneauth1/5.1.0 python-requests/2.28.1 CPython/3.9.14"
- - - [07/Mar/2023:00:31:32 -0500] "GET /v1/ports?fields=address%2Cextra HTTP/1.1" 200 268 546378 "-" "ironic-inspector keystoneauth1/5.1.0 python-requests/2.28.1 CPython/3.9.14"
- - - [07/Mar/2023:00:31:33 -0500] "GET /v1/ports?fields=address%2Cextra HTTP/1.1" 200 268 446024 "-" "ironic-inspector keystoneauth1/5.1.0 python-requests/2.28.1 CPython/3.9.14"
- - - [07/Mar/2023:00:31:34 -0500] "GET /v1/nodes?fields=uuid HTTP/1.1" 200 271 612656 "-" "ironic-inspector keystoneauth1/5.1.0 python-requests/2.28.1 CPython/3.9.14"
- - - [07/Mar/2023:00:31:38 -0500] "GET /v1/nodes/a4c36980-f62c-4c12-b0d0-2002e1eef121 HTTP/1.1" 200 3303 559958 "-" "python-urllib3/1.26.5"
- - - [07/Mar/2023:00:31:47 -0500] "GET /v1/ports?fields=address%2Cextra HTTP/1.1" 200 268 563855 "-" "ironic-inspector keystoneauth1/5.1.0 python-requests/2.28.1 CPython/3.9.14"
- - - [07/Mar/2023:00:31:48 -0500] "GET /v1/ports?fields=address%2Cextra HTTP/1.1" 200 268 551396 "-" "ironic-inspector keystoneauth1/5.1.0 python-requests/2.28.1 CPython/3.9.14"
- - - [07/Mar/2023:00:32:02 -0500] "GET /v1/ports?fields=address%2Cextra HTTP/1.1" 200 268 531996 "-" "ironic-inspector keystoneauth1/5.1.0 python-requests/2.28.1 CPython/3.9.14"
- - - [07/Mar/2023:00:32:03 -0500] "GET /v1/ports?fields=address%2Cextra HTTP/1.1" 200 268 515062 "-" "ironic-inspector keystoneauth1/5.1.0 python-requests/2.28.1 CPython/3.9.14"
- - - [07/Mar/2023:00:32:08 -0500] "GET /v1/nodes/a4c36980-f62c-4c12-b0d0-2002e1eef121 HTTP/1.1" 200 3303 586381 "-" "python-urllib3/1.26.5"
- - - [07/Mar/2023:00:32:17 -0500] "GET /v1/ports?fields=address%2Cextra HTTP/1.1" 200 268 643850 "-" "ironic-inspector keystoneauth1/5.1.0 python-requests/2.28.1 CPython/3.9.14"
- - - [07/Mar/2023:00:32:18 -0500] "GET /v1/ports?fields=address%2Cextra HTTP/1.1" 200 268 571134 "-" "ironic-inspector keystoneauth1/5.1.0 python-requests/2.28.1 CPython/3.9.14"
- - - [07/Mar/2023:00:32:32 -0500] "GET /v1/ports?fields=address%2Cextra HTTP/1.1" 200 268 649384 "-" "ironic-inspector keystoneauth1/5.1.0 python-requests/2.28.1 CPython/3.9.14"
- - - [07/Mar/2023:00:32:33 -0500] "GET /v1/ports?fields=address%2Cextra HTTP/1.1" 200 268 444864 "-" "ironic-inspector keystoneauth1/5.1.0 python-requests/2.28.1 CPython/3.9.14"
- - - [07/Mar/2023:00:32:34 -0500] "GET /v1/nodes?fields=uuid HTTP/1.1" 200 271 455402 "-" "ironic-inspector keystoneauth1/5.1.0 python-requests/2.28.1 CPython/3.9.14"
- - - [07/Mar/2023:00:32:39 -0500] "GET /v1/nodes/a4c36980-f62c-4c12-b0d0-2002e1eef121 HTTP/1.1" 200 3303 578593 "-" "python-urllib3/1.26.5"
- - - [07/Mar/2023:00:32:47 -0500] "GET /v1/ports?fields=address%2Cextra HTTP/1.1" 200 268 580405 "-" "ironic-inspector keystoneauth1/5.1.0 python-requests/2.28.1 CPython/3.9.14"
- - - [07/Mar/2023:00:32:48 -0500] "GET /v1/ports?fields=address%2Cextra HTTP/1.1" 200 268 624333 "-" "ironic-inspector keystoneauth1/5.1.0 python-requests/2.28.1 CPython/3.9.14"
- - - [07/Mar/2023:00:33:02 -0500] "GET /v1/ports?fields=address%2Cextra HTTP/1.1" 200 268 592597 "-" "ironic-inspector keystoneauth1/5.1.0 python-requests/2.28.1 CPython/3.9.14"
- - - [07/Mar/2023:00:33:03 -0500] "GET /v1/ports?fields=address%2Cextra HTTP/1.1" 200 268 478881 "-" "ironic-inspector keystoneauth1/5.1.0 python-requests/2.28.1 CPython/3.9.14"
- - - [07/Mar/2023:00:33:10 -0500] "GET /v1/nodes/a4c36980-f62c-4c12-b0d0-2002e1eef121 HTTP/1.1" 200 3303 620404 "-" "python-urllib3/1.26.5"
- - - [07/Mar/2023:00:33:17 -0500] "GET /v1/ports?fields=address%2Cextra HTTP/1.1" 200 268 623128 "-" "ironic-inspector keystoneauth1/5.1.0 python-requests/2.28.1 CPython/3.9.14"
- - - [07/Mar/2023:00:33:18 -0500] "GET /v1/ports?fields=address%2Cextra HTTP/1.1" 200 268 598954 "-" "ironic-inspector keystoneauth1/5.1.0 python-requests/2.28.1 CPython/3.9.14"
- - - [07/Mar/2023:00:33:32 -0500] "GET /v1/ports?fields=address%2Cextra HTTP/1.1" 200 268 619705 "-" "ironic-inspector keystoneauth1/5.1.0 python-requests/2.28.1 CPython/3.9.14"
- - - [07/Mar/2023:00:33:33 -0500] "GET /v1/ports?fields=address%2Cextra HTTP/1.1" 200 268 610508 "-" "ironic-inspector keystoneauth1/5.1.0 python-requests/2.28.1 CPython/3.9.14"
- - - [07/Mar/2023:00:33:34 -0500] "GET /v1/nodes?fields=uuid HTTP/1.1" 200 271 563326 "-" "ironic-inspector keystoneauth1/5.1.0 python-requests/2.28.1 CPython/3.9.14"
- - - [07/Mar/2023:00:33:40 -0500] "GET /v1/nodes/a4c36980-f62c-4c12-b0d0-2002e1eef121 HTTP/1.1" 200 3303 581562 "-" "python-urllib3/1.26.5"
- - - [07/Mar/2023:00:33:47 -0500] "GET /v1/ports?fields=address%2Cextra HTTP/1.1" 200 268 666747 "-" "ironic-inspector keystoneauth1/5.1.0 python-requests/2.28.1 CPython/3.9.14"
- - - [07/Mar/2023:00:33:48 -0500] "GET /v1/ports?fields=address%2Cextra HTTP/1.1" 200 268 573836 "-" "ironic-inspector keystoneauth1/5.1.0 python-requests/2.28.1 CPython/3.9.14"
- - - [07/Mar/2023:00:34:02 -0500] "GET /v1/ports?fields=address%2Cextra HTTP/1.1" 200 268 550589 "-" "ironic-inspector keystoneauth1/5.1.0 python-requests/2.28.1 CPython/3.9.14"
- - - [07/Mar/2023:00:34:03 -0500] "GET /v1/ports?fields=address%2Cextra HTTP/1.1" 200 268 764666 "-" "ironic-inspector keystoneauth1/5.1.0 python-requests/2.28.1 CPython/3.9.14"
- - - [07/Mar/2023:00:34:11 -0500] "GET /v1/nodes/a4c36980-f62c-4c12-b0d0-2002e1eef121 HTTP/1.1" 200 3303 637014 "-" "python-urllib3/1.26.5"
- - - [07/Mar/2023:00:34:17 -0500] "GET /v1/ports?fields=address%2Cextra HTTP/1.1" 200 268 533092 "-" "ironic-inspector keystoneauth1/5.1.0 python-requests/2.28.1 CPython/3.9.14"
- - - [07/Mar/2023:00:34:18 -0500] "GET /v1/ports?fields=address%2Cextra HTTP/1.1" 200 268 522375 "-" "ironic-inspector keystoneauth1/5.1.0 python-requests/2.28.1 CPython/3.9.14"
- - - [07/Mar/2023:00:34:32 -0500] "GET /v1/ports?fields=address%2Cextra HTTP/1.1" 200 268 547008 "-" "ironic-inspector keystoneauth1/5.1.0 python-requests/2.28.1 CPython/3.9.14"
- - - [07/Mar/2023:00:34:33 -0500] "GET /v1/ports?fields=address%2Cextra HTTP/1.1" 200 268 524388 "-" "ironic-inspector keystoneauth1/5.1.0 python-requests/2.28.1 CPython/3.9.14"
- - - [07/Mar/2023:00:34:34 -0500] "GET /v1/nodes?fields=uuid HTTP/1.1" 200 271 572355 "-" "ironic-inspector keystoneauth1/5.1.0 python-requests/2.28.1 CPython/3.9.14"
- - - [07/Mar/2023:00:34:42 -0500] "GET /v1/nodes/a4c36980-f62c-4c12-b0d0-2002e1eef121 HTTP/1.1" 200 3303 634700 "-" "python-urllib3/1.26.5"
- - - [07/Mar/2023:00:34:47 -0500] "GET /v1/ports?fields=address%2Cextra HTTP/1.1" 200 268 498330 "-" "ironic-inspector keystoneauth1/5.1.0 python-requests/2.28.1 CPython/3.9.14"
- - - [07/Mar/2023:00:34:48 -0500] "GET /v1/ports?fields=address%2Cextra HTTP/1.1" 200 268 521632 "-" "ironic-inspector keystoneauth1/5.1.0 python-requests/2.28.1 CPython/3.9.14"
- - - [07/Mar/2023:00:35:02 -0500] "GET /v1/ports?fields=address%2Cextra HTTP/1.1" 200 268 627392 "-" "ironic-inspector keystoneauth1/5.1.0 python-requests/2.28.1 CPython/3.9.14"
- - - [07/Mar/2023:00:35:03 -0500] "GET /v1/ports?fields=address%2Cextra HTTP/1.1" 200 268 543726 "-" "ironic-inspector keystoneauth1/5.1.0 python-requests/2.28.1 CPython/3.9.14"
- - - [07/Mar/2023:00:35:12 -0500] "GET /v1/nodes/a4c36980-f62c-4c12-b0d0-2002e1eef121 HTTP/1.1" 200 3303 776296 "-" "python-urllib3/1.26.5"
- - - [07/Mar/2023:00:35:17 -0500] "GET /v1/ports?fields=address%2Cextra HTTP/1.1" 200 268 586450 "-" "ironic-inspector keystoneauth1/5.1.0 python-requests/2.28.1 CPython/3.9.14"
- - - [07/Mar/2023:00:35:18 -0500] "GET /v1/ports?fields=address%2Cextra HTTP/1.1" 200 268 544814 "-" "ironic-inspector keystoneauth1/5.1.0 python-requests/2.28.1 CPython/3.9.14"
- - - [07/Mar/2023:00:35:32 -0500] "GET /v1/ports?fields=address%2Cextra HTTP/1.1" 200 268 556735 "-" "ironic-inspector keystoneauth1/5.1.0 python-requests/2.28.1 CPython/3.9.14"
- - - [07/Mar/2023:00:35:33 -0500] "GET /v1/ports?fields=address%2Cextra HTTP/1.1" 200 268 555393 "-" "ironic-inspector keystoneauth1/5.1.0 python-requests/2.28.1 CPython/3.9.14"
- - - [07/Mar/2023:00:35:34 -0500] "GET /v1/nodes?fields=uuid HTTP/1.1" 200 271 460340 "-" "ironic-inspector keystoneauth1/5.1.0 python-requests/2.28.1 CPython/3.9.14"
- - - [07/Mar/2023:00:35:43 -0500] "GET /v1/nodes/a4c36980-f62c-4c12-b0d0-2002e1eef121 HTTP/1.1" 200 3303 562648 "-" "python-urllib3/1.26.5"
- - - [07/Mar/2023:00:35:47 -0500] "GET /v1/ports?fields=address%2Cextra HTTP/1.1" 200 268 507992 "-" "ironic-inspector keystoneauth1/5.1.0 python-requests/2.28.1 CPython/3.9.14"
- - - [07/Mar/2023:00:35:48 -0500] "GET /v1/ports?fields=address%2Cextra HTTP/1.1" 200 268 641388 "-" "ironic-inspector keystoneauth1/5.1.0 python-requests/2.28.1 CPython/3.9.14"
- - - [07/Mar/2023:00:36:02 -0500] "GET /v1/ports?fields=address%2Cextra HTTP/1.1" 200 268 496622 "-" "ironic-inspector keystoneauth1/5.1.0 python-requests/2.28.1 CPython/3.9.14"
- - - [07/Mar/2023:00:36:03 -0500] "GET /v1/ports?fields=address%2Cextra HTTP/1.1" 200 268 502998 "-" "ironic-inspector keystoneauth1/5.1.0 python-requests/2.28.1 CPython/3.9.14"
- - - [07/Mar/2023:00:36:14 -0500] "GET /v1/nodes/a4c36980-f62c-4c12-b0d0-2002e1eef121 HTTP/1.1" 200 3303 757457 "-" "python-urllib3/1.26.5"
- - - [07/Mar/2023:00:36:17 -0500] "GET /v1/ports?fields=address%2Cextra HTTP/1.1" 200 268 521874 "-" "ironic-inspector keystoneauth1/5.1.0 python-requests/2.28.1 CPython/3.9.14"
- - - [07/Mar/2023:00:36:18 -0500] "GET /v1/ports?fields=address%2Cextra HTTP/1.1" 200 268 507275 "-" "ironic-inspector keystoneauth1/5.1.0 python-requests/2.28.1 CPython/3.9.14"
- - - [07/Mar/2023:00:36:32 -0500] "GET /v1/ports?fields=address%2Cextra HTTP/1.1" 200 268 734079 "-" "ironic-inspector keystoneauth1/5.1.0 python-requests/2.28.1 CPython/3.9.14"
- - - [07/Mar/2023:00:36:33 -0500] "GET /v1/ports?fields=address%2Cextra HTTP/1.1" 200 268 532969 "-" "ironic-inspector keystoneauth1/5.1.0 python-requests/2.28.1 CPython/3.9.14"
- - - [07/Mar/2023:00:36:34 -0500] "GET /v1/nodes?fields=uuid HTTP/1.1" 200 271 483129 "-" "ironic-inspector keystoneauth1/5.1.0 python-requests/2.28.1 CPython/3.9.14"
- - - [07/Mar/2023:00:36:44 -0500] "GET /v1/nodes/a4c36980-f62c-4c12-b0d0-2002e1eef121 HTTP/1.1" 200 3303 704198 "-" "python-urllib3/1.26.5"
- - - [07/Mar/2023:00:36:47 -0500] "GET /v1/ports?fields=address%2Cextra HTTP/1.1" 200 268 728638 "-" "ironic-inspector keystoneauth1/5.1.0 python-requests/2.28.1 CPython/3.9.14"
- - - [07/Mar/2023:00:36:48 -0500] "GET /v1/ports?fields=address%2Cextra HTTP/1.1" 200 268 767579 "-" "ironic-inspector keystoneauth1/5.1.0 python-requests/2.28.1 CPython/3.9.14"
- - - [07/Mar/2023:00:37:02 -0500] "GET /v1/ports?fields=address%2Cextra HTTP/1.1" 200 268 521872 "-" "ironic-inspector keystoneauth1/5.1.0 python-requests/2.28.1 CPython/3.9.14"
- - - [07/Mar/2023:00:37:03 -0500] "GET /v1/ports?fields=address%2Cextra HTTP/1.1" 200 268 533834 "-" "ironic-inspector keystoneauth1/5.1.0 python-requests/2.28.1 CPython/3.9.14"
- - - [07/Mar/2023:00:37:15 -0500] "GET /v1/nodes/a4c36980-f62c-4c12-b0d0-2002e1eef121 HTTP/1.1" 200 3303 592732 "-" "python-urllib3/1.26.5"
- - - [07/Mar/2023:00:37:17 -0500] "GET /v1/ports?fields=address%2Cextra HTTP/1.1" 200 268 631354 "-" "ironic-inspector keystoneauth1/5.1.0 python-requests/2.28.1 CPython/3.9.14"
- - - [07/Mar/2023:00:37:18 -0500] "GET /v1/ports?fields=address%2Cextra HTTP/1.1" 200 268 476572 "-" "ironic-inspector keystoneauth1/5.1.0 python-requests/2.28.1 CPython/3.9.14"
- - - [07/Mar/2023:00:37:32 -0500] "GET /v1/ports?fields=address%2Cextra HTTP/1.1" 200 268 693171 "-" "ironic-inspector keystoneauth1/5.1.0 python-requests/2.28.1 CPython/3.9.14"
- - - [07/Mar/2023:00:37:33 -0500] "GET /v1/ports?fields=address%2Cextra HTTP/1.1" 200 268 510753 "-" "ironic-inspector keystoneauth1/5.1.0 python-requests/2.28.1 CPython/3.9.14"
- - - [07/Mar/2023:00:37:34 -0500] "GET /v1/nodes?fields=uuid HTTP/1.1" 200 271 705204 "-" "ironic-inspector keystoneauth1/5.1.0 python-requests/2.28.1 CPython/3.9.14"
- - - [07/Mar/2023:00:37:46 -0500] "GET /v1/nodes/a4c36980-f62c-4c12-b0d0-2002e1eef121 HTTP/1.1" 200 3303 593195 "-" "python-urllib3/1.26.5"
- - - [07/Mar/2023:00:37:47 -0500] "GET /v1/ports?fields=address%2Cextra HTTP/1.1" 200 268 570013 "-" "ironic-inspector keystoneauth1/5.1.0 python-requests/2.28.1 CPython/3.9.14"
- - - [07/Mar/2023:00:37:48 -0500] "GET /v1/ports?fields=address%2Cextra HTTP/1.1" 200 268 530236 "-" "ironic-inspector keystoneauth1/5.1.0 python-requests/2.28.1 CPython/3.9.14"
- - - [07/Mar/2023:00:38:02 -0500] "GET /v1/ports?fields=address%2Cextra HTTP/1.1" 200 268 540408 "-" "ironic-inspector keystoneauth1/5.1.0 python-requests/2.28.1 CPython/3.9.14"
- - - [07/Mar/2023:00:38:03 -0500] "GET /v1/ports?fields=address%2Cextra HTTP/1.1" 200 268 482964 "-" "ironic-inspector keystoneauth1/5.1.0 python-requests/2.28.1 CPython/3.9.14"
- - - [07/Mar/2023:00:38:16 -0500] "GET /v1/nodes/a4c36980-f62c-4c12-b0d0-2002e1eef121 HTTP/1.1" 200 2778 707224 "-" "python-urllib3/1.26.5"
- - - [07/Mar/2023:00:38:17 -0500] "GET /v1/ports?fields=address%2Cextra HTTP/1.1" 200 268 655084 "-" "ironic-inspector keystoneauth1/5.1.0 python-requests/2.28.1 CPython/3.9.14"
- - - [07/Mar/2023:00:38:17 -0500] "GET /v1/nodes/a4c36980-f62c-4c12-b0d0-2002e1eef121/vifs HTTP/1.1" 200 12 770706 "-" "python-urllib3/1.26.5"
- - - [07/Mar/2023:00:38:18 -0500] "GET /v1/ports?fields=address%2Cextra HTTP/1.1" 200 268 511003 "-" "ironic-inspector keystoneauth1/5.1.0 python-requests/2.28.1 CPython/3.9.14"
- - - [07/Mar/2023:00:38:32 -0500] "GET /v1/ports?fields=address%2Cextra HTTP/1.1" 200 268 509179 "-" "ironic-inspector keystoneauth1/5.1.0 python-requests/2.28.1 CPython/3.9.14"
- - - [07/Mar/2023:00:38:33 -0500] "GET /v1/ports?fields=address%2Cextra HTTP/1.1" 200 268 530552 "-" "ironic-inspector keystoneauth1/5.1.0 python-requests/2.28.1 CPython/3.9.14"
- - - [07/Mar/2023:00:38:34 -0500] "GET /v1/nodes?fields=uuid HTTP/1.1" 200 271 500514 "-" "ironic-inspector keystoneauth1/5.1.0 python-requests/2.28.1 CPython/3.9.14"
- - - [07/Mar/2023:00:38:47 -0500] "GET /v1/ports?fields=address%2Cextra HTTP/1.1" 200 268 597755 "-" "ironic-inspector keystoneauth1/5.1.0 python-requests/2.28.1 CPython/3.9.14"
- - - [07/Mar/2023:00:38:48 -0500] "GET /v1/ports?fields=address%2Cextra HTTP/1.1" 200 268 556616 "-" "ironic-inspector keystoneauth1/5.1.0 python-requests/2.28.1 CPython/3.9.14"
- - - [07/Mar/2023:00:39:02 -0500] "GET /v1/ports?fields=address%2Cextra HTTP/1.1" 200 268 496344 "-" "ironic-inspector keystoneauth1/5.1.0 python-requests/2.28.1 CPython/3.9.14"
- - - [07/Mar/2023:00:39:03 -0500] "GET /v1/ports?fields=address%2Cextra HTTP/1.1" 200 268 497927 "-" "ironic-inspector keystoneauth1/5.1.0 python-requests/2.28.1 CPython/3.9.14"
- - - [07/Mar/2023:00:39:17 -0500] "GET /v1/ports?fields=address%2Cextra HTTP/1.1" 200 268 620132 "-" "ironic-inspector keystoneauth1/5.1.0 python-requests/2.28.1 CPython/3.9.14"
- - - [07/Mar/2023:00:39:18 -0500] "GET /v1/ports?fields=address%2Cextra HTTP/1.1" 200 268 575978 "-" "ironic-inspector keystoneauth1/5.1.0 python-requests/2.28.1 CPython/3.9.14"
- - - [07/Mar/2023:00:39:32 -0500] "GET /v1/ports?fields=address%2Cextra HTTP/1.1" 200 268 626465 "-" "ironic-inspector keystoneauth1/5.1.0 python-requests/2.28.1 CPython/3.9.14"
- - - [07/Mar/2023:00:39:33 -0500] "GET /v1/ports?fields=address%2Cextra HTTP/1.1" 200 268 527982 "-" "ironic-inspector keystoneauth1/5.1.0 python-requests/2.28.1 CPython/3.9.14"
- - - [07/Mar/2023:00:39:34 -0500] "GET /v1/nodes?fields=uuid HTTP/1.1" 200 271 538745 "-" "ironic-inspector keystoneauth1/5.1.0 python-requests/2.28.1 CPython/3.9.14"
- - - [07/Mar/2023:00:39:47 -0500] "GET /v1/ports?fields=address%2Cextra HTTP/1.1" 200 268 606815 "-" "ironic-inspector keystoneauth1/5.1.0 python-requests/2.28.1 CPython/3.9.14"
- - - [07/Mar/2023:00:39:48 -0500] "GET /v1/ports?fields=address%2Cextra HTTP/1.1" 200 268 632943 "-" "ironic-inspector keystoneauth1/5.1.0 python-requests/2.28.1 CPython/3.9.14"
- - - [07/Mar/2023:00:40:02 -0500] "GET /v1/ports?fields=address%2Cextra HTTP/1.1" 200 268 656243 "-" "ironic-inspector keystoneauth1/5.1.0 python-requests/2.28.1 CPython/3.9.14"
- - - [07/Mar/2023:00:40:03 -0500] "GET /v1/ports?fields=address%2Cextra HTTP/1.1" 200 268 562401 "-" "ironic-inspector keystoneauth1/5.1.0 python-requests/2.28.1 CPython/3.9.14"
- - - [07/Mar/2023:00:40:17 -0500] "GET /v1/ports?fields=address%2Cextra HTTP/1.1" 200 268 662281 "-" "ironic-inspector keystoneauth1/5.1.0 python-requests/2.28.1 CPython/3.9.14"
- - - [07/Mar/2023:00:40:18 -0500] "GET /v1/ports?fields=address%2Cextra HTTP/1.1" 200 268 557554 "-" "ironic-inspector keystoneauth1/5.1.0 python-requests/2.28.1 CPython/3.9.14"
- - - [07/Mar/2023:00:40:32 -0500] "GET /v1/ports?fields=address%2Cextra HTTP/1.1" 200 268 589831 "-" "ironic-inspector keystoneauth1/5.1.0 python-requests/2.28.1 CPython/3.9.14"
- - - [07/Mar/2023:00:40:33 -0500] "GET /v1/ports?fields=address%2Cextra HTTP/1.1" 200 268 531521 "-" "ironic-inspector keystoneauth1/5.1.0 python-requests/2.28.1 CPython/3.9.14"
- - - [07/Mar/2023:00:40:34 -0500] "GET /v1/nodes?fields=uuid HTTP/1.1" 200 271 551898 "-" "ironic-inspector keystoneauth1/5.1.0 python-requests/2.28.1 CPython/3.9.14"
