2023-03-06 15:34:39,226 p=5764 u=root n=ansible | [WARNING]: Invalid characters were found in group names but not replaced, use
-vvvv to see details

2023-03-06 15:34:41,121 p=5764 u=root n=ansible | PLAY [Gather facts for all hosts] **********************************************
2023-03-06 15:34:41,536 p=5764 u=root n=ansible | TASK [Gather facts] ************************************************************
2023-03-06 15:34:45,797 p=5764 u=root n=ansible | ok: [localhost]
2023-03-06 15:34:45,888 p=5764 u=root n=ansible | TASK [Group hosts to determine when using --limit] *****************************
2023-03-06 15:34:46,010 p=5764 u=root n=ansible | ok: [localhost]
2023-03-06 15:34:46,212 p=5764 u=root n=ansible | [WARNING]: Could not match supplied host pattern, ignoring:
all_using_limit_True

2023-03-06 15:34:46,222 p=5764 u=root n=ansible | PLAY [Gather facts for all hosts (if using --limit)] ***************************
2023-03-06 15:34:46,222 p=5764 u=root n=ansible | skipping: no hosts matched
2023-03-06 15:34:46,232 p=5764 u=root n=ansible | PLAY [Apply role baremetal] ****************************************************
2023-03-06 15:34:46,502 p=5764 u=root n=ansible | TASK [openstack.kolla.baremetal : Ensure localhost in /etc/hosts] **************
2023-03-06 15:34:47,854 p=5764 u=root n=ansible | changed: [localhost]
2023-03-06 15:34:48,016 p=5764 u=root n=ansible | TASK [openstack.kolla.baremetal : Ensure hostname does not point to 127.0.1.1 in /etc/hosts] ***
2023-03-06 15:34:48,711 p=5764 u=root n=ansible | ok: [localhost]
2023-03-06 15:34:48,803 p=5764 u=root n=ansible | TASK [openstack.kolla.baremetal : Generate /etc/hosts for all of the nodes] ****
2023-03-06 15:34:50,543 p=5764 u=root n=ansible | changed: [localhost]
2023-03-06 15:34:50,641 p=5764 u=root n=ansible | TASK [openstack.kolla.baremetal : Ensure unprivileged users can use ping] ******
2023-03-06 15:34:51,876 p=5764 u=root n=ansible | changed: [localhost]
2023-03-06 15:34:51,985 p=5764 u=root n=ansible | TASK [openstack.kolla.baremetal : Ensure /etc/cloud/cloud.cfg exists] **********
2023-03-06 15:34:53,086 p=5764 u=root n=ansible | ok: [localhost]
2023-03-06 15:34:53,178 p=5764 u=root n=ansible | TASK [openstack.kolla.baremetal : Disable cloud-init manage_etc_hosts] *********
2023-03-06 15:34:54,654 p=5764 u=root n=ansible | changed: [localhost]
2023-03-06 15:34:54,838 p=5764 u=root n=ansible | TASK [openstack.kolla.baremetal : Set firewall default policy] *****************
2023-03-06 15:34:54,918 p=5764 u=root n=ansible | skipping: [localhost]
2023-03-06 15:34:55,046 p=5764 u=root n=ansible | TASK [openstack.kolla.baremetal : Check if firewalld is installed] *************
2023-03-06 15:34:56,105 p=5764 u=root n=ansible | ok: [localhost]
2023-03-06 15:34:56,200 p=5764 u=root n=ansible | TASK [openstack.kolla.baremetal : Disable firewalld] ***************************
2023-03-06 15:34:56,263 p=5764 u=root n=ansible | skipping: [localhost] => (item=firewalld) 
2023-03-06 15:34:56,358 p=5764 u=root n=ansible | TASK [openstack.kolla.docker : Fail if docker_custom_option is defined] ********
2023-03-06 15:34:56,419 p=5764 u=root n=ansible | skipping: [localhost]
2023-03-06 15:34:56,510 p=5764 u=root n=ansible | TASK [openstack.kolla.docker : include_tasks] **********************************
2023-03-06 15:34:56,556 p=5764 u=root n=ansible | skipping: [localhost]
2023-03-06 15:34:56,676 p=5764 u=root n=ansible | TASK [openstack.kolla.docker : Ensure docker config directory exists] **********
2023-03-06 15:34:57,586 p=5764 u=root n=ansible | ok: [localhost]
2023-03-06 15:34:57,687 p=5764 u=root n=ansible | TASK [openstack.kolla.docker : Write docker config] ****************************
2023-03-06 15:34:59,071 p=5764 u=root n=ansible | changed: [localhost]
2023-03-06 15:34:59,164 p=5764 u=root n=ansible | TASK [openstack.kolla.docker : Remove old docker options file] *****************
2023-03-06 15:34:59,680 p=5764 u=root n=ansible | ok: [localhost]
2023-03-06 15:34:59,819 p=5764 u=root n=ansible | TASK [openstack.kolla.docker : Ensure docker service directory exists] *********
2023-03-06 15:34:59,880 p=5764 u=root n=ansible | skipping: [localhost]
2023-03-06 15:35:00,011 p=5764 u=root n=ansible | TASK [openstack.kolla.docker : Configure docker service] ***********************
2023-03-06 15:35:00,077 p=5764 u=root n=ansible | skipping: [localhost]
2023-03-06 15:35:00,193 p=5764 u=root n=ansible | TASK [openstack.kolla.docker : Ensure the path for CA file for private registry exists] ***
2023-03-06 15:35:00,257 p=5764 u=root n=ansible | skipping: [localhost]
2023-03-06 15:35:00,372 p=5764 u=root n=ansible | TASK [openstack.kolla.docker : Ensure the CA file for private registry exists] ***
2023-03-06 15:35:00,439 p=5764 u=root n=ansible | skipping: [localhost]
2023-03-06 15:35:00,570 p=5764 u=root n=ansible | TASK [openstack.kolla.docker : Flush handlers] *********************************
2023-03-06 15:35:00,571 p=5764 u=root n=ansible | RUNNING HANDLER [openstack.kolla.docker : Restart docker] **********************
2023-03-06 15:35:05,757 p=5764 u=root n=ansible | changed: [localhost]
2023-03-06 15:35:05,935 p=5764 u=root n=ansible | TASK [openstack.kolla.docker : Start and enable docker] ************************
2023-03-06 15:35:07,137 p=5764 u=root n=ansible | ok: [localhost]
2023-03-06 15:35:07,233 p=5764 u=root n=ansible | TASK [openstack.kolla.docker : include_tasks] **********************************
2023-03-06 15:35:07,277 p=5764 u=root n=ansible | skipping: [localhost]
2023-03-06 15:35:07,456 p=5764 u=root n=ansible | TASK [openstack.kolla.kolla_user : Ensure groups are present] ******************
2023-03-06 15:35:07,506 p=5764 u=root n=ansible | skipping: [localhost] => (item=docker) 
2023-03-06 15:35:07,509 p=5764 u=root n=ansible | skipping: [localhost] => (item=sudo) 
2023-03-06 15:35:07,516 p=5764 u=root n=ansible | skipping: [localhost] => (item=kolla) 
2023-03-06 15:35:07,609 p=5764 u=root n=ansible | TASK [openstack.kolla.kolla_user : Create kolla user] **************************
2023-03-06 15:35:07,651 p=5764 u=root n=ansible | skipping: [localhost]
2023-03-06 15:35:07,740 p=5764 u=root n=ansible | TASK [openstack.kolla.kolla_user : Add public key to kolla user authorized keys] ***
2023-03-06 15:35:07,781 p=5764 u=root n=ansible | skipping: [localhost]
2023-03-06 15:35:07,915 p=5764 u=root n=ansible | TASK [openstack.kolla.kolla_user : Grant kolla user passwordless sudo] *********
2023-03-06 15:35:07,974 p=5764 u=root n=ansible | skipping: [localhost]
2023-03-06 15:35:08,165 p=5764 u=root n=ansible | TASK [openstack.kolla.docker_sdk : Install latest pip in the virtualenv] *******
2023-03-06 15:35:08,247 p=5764 u=root n=ansible | skipping: [localhost]
2023-03-06 15:35:08,368 p=5764 u=root n=ansible | TASK [openstack.kolla.docker_sdk : Install docker SDK for python] **************
2023-03-06 15:35:36,648 p=5764 u=root n=ansible | ok: [localhost]
2023-03-06 15:35:36,877 p=5764 u=root n=ansible | TASK [openstack.kolla.baremetal : Ensure node_config_directory directory exists] ***
2023-03-06 15:35:37,638 p=5764 u=root n=ansible | ok: [localhost]
2023-03-06 15:35:37,746 p=5764 u=root n=ansible | TASK [openstack.kolla.apparmor_libvirt : include_tasks] ************************
2023-03-06 15:35:37,807 p=5764 u=root n=ansible | skipping: [localhost]
2023-03-06 15:35:37,977 p=5764 u=root n=ansible | TASK [openstack.kolla.baremetal : Change state of selinux] *********************
2023-03-06 15:35:39,634 p=5764 u=root n=ansible | ok: [localhost]
2023-03-06 15:35:39,728 p=5764 u=root n=ansible | TASK [openstack.kolla.baremetal : Set https proxy for git] *********************
2023-03-06 15:35:39,770 p=5764 u=root n=ansible | skipping: [localhost]
2023-03-06 15:35:39,860 p=5764 u=root n=ansible | TASK [openstack.kolla.baremetal : Set http proxy for git] **********************
2023-03-06 15:35:39,902 p=5764 u=root n=ansible | skipping: [localhost]
2023-03-06 15:35:39,990 p=5764 u=root n=ansible | TASK [openstack.kolla.baremetal : include_tasks] *******************************
2023-03-06 15:35:40,028 p=5764 u=root n=ansible | skipping: [localhost]
2023-03-06 15:35:40,277 p=5764 u=root n=ansible | PLAY RECAP *********************************************************************
2023-03-06 15:35:40,277 p=5764 u=root n=ansible | localhost                  : ok=17   changed=6    unreachable=0    failed=0    skipped=18   rescued=0    ignored=0   
