2023-02-24 10:32:54,550 p=5728 u=root n=ansible | [WARNING]: Invalid characters were found in group names but not replaced, use
-vvvv to see details

2023-02-24 10:32:58,572 p=5728 u=root n=ansible | PLAY [Gather facts for all hosts] **********************************************
2023-02-24 10:32:59,252 p=5728 u=root n=ansible | TASK [Gather facts] ************************************************************
2023-02-24 10:33:12,231 p=5728 u=root n=ansible | ok: [localhost]
2023-02-24 10:33:12,317 p=5728 u=root n=ansible | TASK [Group hosts to determine when using --limit] *****************************
2023-02-24 10:33:12,394 p=5728 u=root n=ansible | ok: [localhost]
2023-02-24 10:33:12,641 p=5728 u=root n=ansible | [WARNING]: Could not match supplied host pattern, ignoring:
all_using_limit_True

2023-02-24 10:33:12,650 p=5728 u=root n=ansible | PLAY [Gather facts for all hosts (if using --limit)] ***************************
2023-02-24 10:33:12,650 p=5728 u=root n=ansible | skipping: no hosts matched
2023-02-24 10:33:12,659 p=5728 u=root n=ansible | PLAY [Apply role baremetal] ****************************************************
2023-02-24 10:33:12,893 p=5728 u=root n=ansible | TASK [openstack.kolla.baremetal : Ensure localhost in /etc/hosts] **************
2023-02-24 10:33:13,851 p=5728 u=root n=ansible | changed: [localhost]
2023-02-24 10:33:13,937 p=5728 u=root n=ansible | TASK [openstack.kolla.baremetal : Ensure hostname does not point to 127.0.1.1 in /etc/hosts] ***
2023-02-24 10:33:14,415 p=5728 u=root n=ansible | ok: [localhost]
2023-02-24 10:33:14,502 p=5728 u=root n=ansible | TASK [openstack.kolla.baremetal : Generate /etc/hosts for all of the nodes] ****
2023-02-24 10:33:15,940 p=5728 u=root n=ansible | changed: [localhost]
2023-02-24 10:33:16,024 p=5728 u=root n=ansible | TASK [openstack.kolla.baremetal : Ensure unprivileged users can use ping] ******
2023-02-24 10:33:16,950 p=5728 u=root n=ansible | changed: [localhost]
2023-02-24 10:33:17,033 p=5728 u=root n=ansible | TASK [openstack.kolla.baremetal : Ensure /etc/cloud/cloud.cfg exists] **********
2023-02-24 10:33:17,968 p=5728 u=root n=ansible | ok: [localhost]
2023-02-24 10:33:18,090 p=5728 u=root n=ansible | TASK [openstack.kolla.baremetal : Disable cloud-init manage_etc_hosts] *********
2023-02-24 10:33:19,403 p=5728 u=root n=ansible | changed: [localhost]
2023-02-24 10:33:19,489 p=5728 u=root n=ansible | TASK [openstack.kolla.baremetal : Set firewall default policy] *****************
2023-02-24 10:33:19,534 p=5728 u=root n=ansible | skipping: [localhost]
2023-02-24 10:33:19,626 p=5728 u=root n=ansible | TASK [openstack.kolla.baremetal : Check if firewalld is installed] *************
2023-02-24 10:33:20,479 p=5728 u=root n=ansible | ok: [localhost]
2023-02-24 10:33:20,600 p=5728 u=root n=ansible | TASK [openstack.kolla.baremetal : Disable firewalld] ***************************
2023-02-24 10:33:20,660 p=5728 u=root n=ansible | skipping: [localhost] => (item=firewalld) 
2023-02-24 10:33:20,935 p=5728 u=root n=ansible | TASK [openstack.kolla.docker : Fail if docker_custom_option is defined] ********
2023-02-24 10:33:21,450 p=5728 u=root n=ansible | skipping: [localhost]
2023-02-24 10:33:21,539 p=5728 u=root n=ansible | TASK [openstack.kolla.docker : include_tasks] **********************************
2023-02-24 10:33:21,584 p=5728 u=root n=ansible | skipping: [localhost]
2023-02-24 10:33:21,667 p=5728 u=root n=ansible | TASK [openstack.kolla.docker : Ensure docker config directory exists] **********
2023-02-24 10:33:22,518 p=5728 u=root n=ansible | ok: [localhost]
2023-02-24 10:33:22,599 p=5728 u=root n=ansible | TASK [openstack.kolla.docker : Write docker config] ****************************
2023-02-24 10:33:23,875 p=5728 u=root n=ansible | changed: [localhost]
2023-02-24 10:33:23,958 p=5728 u=root n=ansible | TASK [openstack.kolla.docker : Remove old docker options file] *****************
2023-02-24 10:33:24,515 p=5728 u=root n=ansible | ok: [localhost]
2023-02-24 10:33:24,596 p=5728 u=root n=ansible | TASK [openstack.kolla.docker : Ensure docker service directory exists] *********
2023-02-24 10:33:24,646 p=5728 u=root n=ansible | skipping: [localhost]
2023-02-24 10:33:24,767 p=5728 u=root n=ansible | TASK [openstack.kolla.docker : Configure docker service] ***********************
2023-02-24 10:33:24,814 p=5728 u=root n=ansible | skipping: [localhost]
2023-02-24 10:33:24,904 p=5728 u=root n=ansible | TASK [openstack.kolla.docker : Ensure the path for CA file for private registry exists] ***
2023-02-24 10:33:24,948 p=5728 u=root n=ansible | skipping: [localhost]
2023-02-24 10:33:25,036 p=5728 u=root n=ansible | TASK [openstack.kolla.docker : Ensure the CA file for private registry exists] ***
2023-02-24 10:33:25,099 p=5728 u=root n=ansible | skipping: [localhost]
2023-02-24 10:33:25,196 p=5728 u=root n=ansible | TASK [openstack.kolla.docker : Flush handlers] *********************************
2023-02-24 10:33:25,197 p=5728 u=root n=ansible | RUNNING HANDLER [openstack.kolla.docker : Restart docker] **********************
2023-02-24 10:33:31,688 p=5728 u=root n=ansible | changed: [localhost]
2023-02-24 10:33:31,816 p=5728 u=root n=ansible | TASK [openstack.kolla.docker : Start and enable docker] ************************
2023-02-24 10:33:32,814 p=5728 u=root n=ansible | ok: [localhost]
2023-02-24 10:33:32,921 p=5728 u=root n=ansible | TASK [openstack.kolla.docker : include_tasks] **********************************
2023-02-24 10:33:32,963 p=5728 u=root n=ansible | skipping: [localhost]
2023-02-24 10:33:33,126 p=5728 u=root n=ansible | TASK [openstack.kolla.kolla_user : Ensure groups are present] ******************
2023-02-24 10:33:33,175 p=5728 u=root n=ansible | skipping: [localhost] => (item=docker) 
2023-02-24 10:33:33,180 p=5728 u=root n=ansible | skipping: [localhost] => (item=sudo) 
2023-02-24 10:33:33,188 p=5728 u=root n=ansible | skipping: [localhost] => (item=kolla) 
2023-02-24 10:33:33,274 p=5728 u=root n=ansible | TASK [openstack.kolla.kolla_user : Create kolla user] **************************
2023-02-24 10:33:33,321 p=5728 u=root n=ansible | skipping: [localhost]
2023-02-24 10:33:33,411 p=5728 u=root n=ansible | TASK [openstack.kolla.kolla_user : Add public key to kolla user authorized keys] ***
2023-02-24 10:33:33,459 p=5728 u=root n=ansible | skipping: [localhost]
2023-02-24 10:33:33,545 p=5728 u=root n=ansible | TASK [openstack.kolla.kolla_user : Grant kolla user passwordless sudo] *********
2023-02-24 10:33:33,585 p=5728 u=root n=ansible | skipping: [localhost]
2023-02-24 10:33:33,747 p=5728 u=root n=ansible | TASK [openstack.kolla.docker_sdk : Install latest pip in the virtualenv] *******
2023-02-24 10:33:33,805 p=5728 u=root n=ansible | skipping: [localhost]
2023-02-24 10:33:33,914 p=5728 u=root n=ansible | TASK [openstack.kolla.docker_sdk : Install docker SDK for python] **************
2023-02-24 10:34:06,500 p=5728 u=root n=ansible | ok: [localhost]
2023-02-24 10:34:06,674 p=5728 u=root n=ansible | TASK [openstack.kolla.baremetal : Ensure node_config_directory directory exists] ***
2023-02-24 10:34:07,243 p=5728 u=root n=ansible | ok: [localhost]
2023-02-24 10:34:07,326 p=5728 u=root n=ansible | TASK [openstack.kolla.apparmor_libvirt : include_tasks] ************************
2023-02-24 10:34:07,371 p=5728 u=root n=ansible | skipping: [localhost]
2023-02-24 10:34:07,565 p=5728 u=root n=ansible | TASK [openstack.kolla.baremetal : Change state of selinux] *********************
2023-02-24 10:34:09,505 p=5728 u=root n=ansible | ok: [localhost]
2023-02-24 10:34:09,653 p=5728 u=root n=ansible | TASK [openstack.kolla.baremetal : Set https proxy for git] *********************
2023-02-24 10:34:09,699 p=5728 u=root n=ansible | skipping: [localhost]
2023-02-24 10:34:09,827 p=5728 u=root n=ansible | TASK [openstack.kolla.baremetal : Set http proxy for git] **********************
2023-02-24 10:34:09,868 p=5728 u=root n=ansible | skipping: [localhost]
2023-02-24 10:34:10,002 p=5728 u=root n=ansible | TASK [openstack.kolla.baremetal : include_tasks] *******************************
2023-02-24 10:34:10,043 p=5728 u=root n=ansible | skipping: [localhost]
2023-02-24 10:34:10,283 p=5728 u=root n=ansible | PLAY RECAP *********************************************************************
2023-02-24 10:34:10,284 p=5728 u=root n=ansible | localhost                  : ok=17   changed=6    unreachable=0    failed=0    skipped=18   rescued=0    ignored=0   
