2023-04-24 18:33:29,315 p=5746 u=root n=ansible | [WARNING]: Invalid characters were found in group names but not replaced, use
-vvvv to see details

2023-04-24 18:33:35,000 p=5746 u=root n=ansible | PLAY [Gather facts for all hosts] **********************************************
2023-04-24 18:33:35,426 p=5746 u=root n=ansible | TASK [Gather facts] ************************************************************
2023-04-24 18:33:43,089 p=5746 u=root n=ansible | ok: [localhost]
2023-04-24 18:33:43,185 p=5746 u=root n=ansible | TASK [Group hosts to determine when using --limit] *****************************
2023-04-24 18:33:43,259 p=5746 u=root n=ansible | ok: [localhost]
2023-04-24 18:33:43,444 p=5746 u=root n=ansible | [WARNING]: Could not match supplied host pattern, ignoring:
all_using_limit_True

2023-04-24 18:33:43,454 p=5746 u=root n=ansible | PLAY [Gather facts for all hosts (if using --limit)] ***************************
2023-04-24 18:33:43,455 p=5746 u=root n=ansible | skipping: no hosts matched
2023-04-24 18:33:43,464 p=5746 u=root n=ansible | PLAY [Apply role baremetal] ****************************************************
2023-04-24 18:33:43,682 p=5746 u=root n=ansible | TASK [openstack.kolla.baremetal : Ensure localhost in /etc/hosts] **************
2023-04-24 18:33:44,706 p=5746 u=root n=ansible | changed: [localhost]
2023-04-24 18:33:44,831 p=5746 u=root n=ansible | TASK [openstack.kolla.baremetal : Ensure hostname does not point to 127.0.1.1 in /etc/hosts] ***
2023-04-24 18:33:45,533 p=5746 u=root n=ansible | ok: [localhost]
2023-04-24 18:33:45,686 p=5746 u=root n=ansible | TASK [openstack.kolla.baremetal : Generate /etc/hosts for all of the nodes] ****
2023-04-24 18:33:47,437 p=5746 u=root n=ansible | changed: [localhost]
2023-04-24 18:33:47,550 p=5746 u=root n=ansible | TASK [openstack.kolla.baremetal : Ensure unprivileged users can use ping] ******
2023-04-24 18:33:48,660 p=5746 u=root n=ansible | changed: [localhost]
2023-04-24 18:33:48,757 p=5746 u=root n=ansible | TASK [openstack.kolla.baremetal : Ensure /etc/cloud/cloud.cfg exists] **********
2023-04-24 18:33:49,946 p=5746 u=root n=ansible | ok: [localhost]
2023-04-24 18:33:50,090 p=5746 u=root n=ansible | TASK [openstack.kolla.baremetal : Disable cloud-init manage_etc_hosts] *********
2023-04-24 18:33:51,872 p=5746 u=root n=ansible | changed: [localhost]
2023-04-24 18:33:51,965 p=5746 u=root n=ansible | TASK [openstack.kolla.baremetal : Set firewall default policy] *****************
2023-04-24 18:33:52,023 p=5746 u=root n=ansible | skipping: [localhost]
2023-04-24 18:33:52,134 p=5746 u=root n=ansible | TASK [openstack.kolla.baremetal : Check if firewalld is installed] *************
2023-04-24 18:33:53,120 p=5746 u=root n=ansible | ok: [localhost]
2023-04-24 18:33:53,276 p=5746 u=root n=ansible | TASK [openstack.kolla.baremetal : Disable firewalld] ***************************
2023-04-24 18:33:53,558 p=5746 u=root n=ansible | skipping: [localhost] => (item=firewalld) 
2023-04-24 18:33:53,938 p=5746 u=root n=ansible | TASK [openstack.kolla.docker : Fail if docker_custom_option is defined] ********
2023-04-24 18:33:54,130 p=5746 u=root n=ansible | skipping: [localhost]
2023-04-24 18:33:54,220 p=5746 u=root n=ansible | TASK [openstack.kolla.docker : include_tasks] **********************************
2023-04-24 18:33:54,281 p=5746 u=root n=ansible | skipping: [localhost]
2023-04-24 18:33:54,373 p=5746 u=root n=ansible | TASK [openstack.kolla.docker : Ensure docker config directory exists] **********
2023-04-24 18:33:55,408 p=5746 u=root n=ansible | ok: [localhost]
2023-04-24 18:33:55,523 p=5746 u=root n=ansible | TASK [openstack.kolla.docker : Write docker config] ****************************
2023-04-24 18:33:57,079 p=5746 u=root n=ansible | changed: [localhost]
2023-04-24 18:33:57,215 p=5746 u=root n=ansible | TASK [openstack.kolla.docker : Remove old docker options file] *****************
2023-04-24 18:33:57,793 p=5746 u=root n=ansible | ok: [localhost]
2023-04-24 18:33:57,921 p=5746 u=root n=ansible | TASK [openstack.kolla.docker : Ensure docker service directory exists] *********
2023-04-24 18:33:58,004 p=5746 u=root n=ansible | skipping: [localhost]
2023-04-24 18:33:58,151 p=5746 u=root n=ansible | TASK [openstack.kolla.docker : Configure docker service] ***********************
2023-04-24 18:33:58,231 p=5746 u=root n=ansible | skipping: [localhost]
2023-04-24 18:33:58,323 p=5746 u=root n=ansible | TASK [openstack.kolla.docker : Ensure the path for CA file for private registry exists] ***
2023-04-24 18:33:58,387 p=5746 u=root n=ansible | skipping: [localhost]
2023-04-24 18:33:58,488 p=5746 u=root n=ansible | TASK [openstack.kolla.docker : Ensure the CA file for private registry exists] ***
2023-04-24 18:33:58,561 p=5746 u=root n=ansible | skipping: [localhost]
2023-04-24 18:33:58,701 p=5746 u=root n=ansible | TASK [openstack.kolla.docker : Flush handlers] *********************************
2023-04-24 18:33:58,702 p=5746 u=root n=ansible | RUNNING HANDLER [openstack.kolla.docker : Restart docker] **********************
2023-04-24 18:34:05,506 p=5746 u=root n=ansible | changed: [localhost]
2023-04-24 18:34:05,606 p=5746 u=root n=ansible | TASK [openstack.kolla.docker : Start and enable docker] ************************
2023-04-24 18:34:06,550 p=5746 u=root n=ansible | ok: [localhost]
2023-04-24 18:34:06,644 p=5746 u=root n=ansible | TASK [openstack.kolla.docker : include_tasks] **********************************
2023-04-24 18:34:06,686 p=5746 u=root n=ansible | skipping: [localhost]
2023-04-24 18:34:06,857 p=5746 u=root n=ansible | TASK [openstack.kolla.kolla_user : Ensure groups are present] ******************
2023-04-24 18:34:06,907 p=5746 u=root n=ansible | skipping: [localhost] => (item=docker) 
2023-04-24 18:34:06,914 p=5746 u=root n=ansible | skipping: [localhost] => (item=sudo) 
2023-04-24 18:34:06,919 p=5746 u=root n=ansible | skipping: [localhost] => (item=kolla) 
2023-04-24 18:34:07,073 p=5746 u=root n=ansible | TASK [openstack.kolla.kolla_user : Create kolla user] **************************
2023-04-24 18:34:07,118 p=5746 u=root n=ansible | skipping: [localhost]
2023-04-24 18:34:07,234 p=5746 u=root n=ansible | TASK [openstack.kolla.kolla_user : Add public key to kolla user authorized keys] ***
2023-04-24 18:34:07,300 p=5746 u=root n=ansible | skipping: [localhost]
2023-04-24 18:34:07,405 p=5746 u=root n=ansible | TASK [openstack.kolla.kolla_user : Grant kolla user passwordless sudo] *********
2023-04-24 18:34:07,448 p=5746 u=root n=ansible | skipping: [localhost]
2023-04-24 18:34:07,632 p=5746 u=root n=ansible | TASK [openstack.kolla.docker_sdk : Install latest pip in the virtualenv] *******
2023-04-24 18:34:07,695 p=5746 u=root n=ansible | skipping: [localhost]
2023-04-24 18:34:07,788 p=5746 u=root n=ansible | TASK [openstack.kolla.docker_sdk : Install docker SDK for python] **************
2023-04-24 18:34:38,323 p=5746 u=root n=ansible | ok: [localhost]
2023-04-24 18:34:38,486 p=5746 u=root n=ansible | TASK [openstack.kolla.baremetal : Ensure node_config_directory directory exists] ***
2023-04-24 18:34:39,004 p=5746 u=root n=ansible | ok: [localhost]
2023-04-24 18:34:39,088 p=5746 u=root n=ansible | TASK [openstack.kolla.apparmor_libvirt : include_tasks] ************************
2023-04-24 18:34:39,127 p=5746 u=root n=ansible | skipping: [localhost]
2023-04-24 18:34:39,290 p=5746 u=root n=ansible | TASK [openstack.kolla.baremetal : Change state of selinux] *********************
2023-04-24 18:34:41,013 p=5746 u=root n=ansible | ok: [localhost]
2023-04-24 18:34:41,106 p=5746 u=root n=ansible | TASK [openstack.kolla.baremetal : Set https proxy for git] *********************
2023-04-24 18:34:41,166 p=5746 u=root n=ansible | skipping: [localhost]
2023-04-24 18:34:41,260 p=5746 u=root n=ansible | TASK [openstack.kolla.baremetal : Set http proxy for git] **********************
2023-04-24 18:34:41,305 p=5746 u=root n=ansible | skipping: [localhost]
2023-04-24 18:34:41,398 p=5746 u=root n=ansible | TASK [openstack.kolla.baremetal : include_tasks] *******************************
2023-04-24 18:34:41,443 p=5746 u=root n=ansible | skipping: [localhost]
2023-04-24 18:34:41,695 p=5746 u=root n=ansible | PLAY RECAP *********************************************************************
2023-04-24 18:34:41,696 p=5746 u=root n=ansible | localhost                  : ok=17   changed=6    unreachable=0    failed=0    skipped=18   rescued=0    ignored=0   
