- - - [24/Feb/2023:11:17:43 -0500] "GET / HTTP/1.1" 200 468 9298408 "-" "ironic-inspector keystoneauth1/5.1.0 python-requests/2.28.1 CPython/3.9.14"
- - - [24/Feb/2023:11:17:52 -0500] "GET /v1/ports?fields=address%2Cextra HTTP/1.1" 200 13 6225727 "-" "ironic-inspector keystoneauth1/5.1.0 python-requests/2.28.1 CPython/3.9.14"
- - - [24/Feb/2023:11:17:58 -0500] "GET /v1/ports?fields=address%2Cextra HTTP/1.1" 200 13 6362274 "-" "ironic-inspector keystoneauth1/5.1.0 python-requests/2.28.1 CPython/3.9.14"
- - - [24/Feb/2023:11:18:19 -0500] "GET /v1/ports?fields=address%2Cextra HTTP/1.1" 200 13 1591160 "-" "ironic-inspector keystoneauth1/5.1.0 python-requests/2.28.1 CPython/3.9.14"
- - - [24/Feb/2023:11:18:21 -0500] "GET /v1/ports?fields=address%2Cextra HTTP/1.1" 200 13 590593 "-" "ironic-inspector keystoneauth1/5.1.0 python-requests/2.28.1 CPython/3.9.14"
- - - [24/Feb/2023:11:18:34 -0500] "GET /v1/ports?fields=address%2Cextra HTTP/1.1" 200 13 576147 "-" "ironic-inspector keystoneauth1/5.1.0 python-requests/2.28.1 CPython/3.9.14"
- - - [24/Feb/2023:11:18:35 -0500] "GET /v1/ports?fields=address%2Cextra HTTP/1.1" 200 13 545053 "-" "ironic-inspector keystoneauth1/5.1.0 python-requests/2.28.1 CPython/3.9.14"
- - - [24/Feb/2023:11:18:49 -0500] "GET /v1/ports?fields=address%2Cextra HTTP/1.1" 200 13 584286 "-" "ironic-inspector keystoneauth1/5.1.0 python-requests/2.28.1 CPython/3.9.14"
- - - [24/Feb/2023:11:18:50 -0500] "GET /v1/ports?fields=address%2Cextra HTTP/1.1" 200 13 526291 "-" "ironic-inspector keystoneauth1/5.1.0 python-requests/2.28.1 CPython/3.9.14"
- - - [24/Feb/2023:11:19:05 -0500] "GET /v1/nodes?fields=uuid HTTP/1.1" 200 13 709175 "-" "ironic-inspector keystoneauth1/5.1.0 python-requests/2.28.1 CPython/3.9.14"
- - - [24/Feb/2023:11:19:05 -0500] "GET /v1/ports?fields=address%2Cextra HTTP/1.1" 200 13 723029 "-" "ironic-inspector keystoneauth1/5.1.0 python-requests/2.28.1 CPython/3.9.14"
- - - [24/Feb/2023:11:19:05 -0500] "GET /v1/ports?fields=address%2Cextra HTTP/1.1" 200 13 450456 "-" "ironic-inspector keystoneauth1/5.1.0 python-requests/2.28.1 CPython/3.9.14"
- - - [24/Feb/2023:11:19:20 -0500] "GET /v1/ports?fields=address%2Cextra HTTP/1.1" 200 13 449462 "-" "ironic-inspector keystoneauth1/5.1.0 python-requests/2.28.1 CPython/3.9.14"
- - - [24/Feb/2023:11:19:20 -0500] "GET /v1/ports?fields=address%2Cextra HTTP/1.1" 200 13 465327 "-" "ironic-inspector keystoneauth1/5.1.0 python-requests/2.28.1 CPython/3.9.14"
- - - [24/Feb/2023:11:19:35 -0500] "GET /v1/ports?fields=address%2Cextra HTTP/1.1" 200 13 454539 "-" "ironic-inspector keystoneauth1/5.1.0 python-requests/2.28.1 CPython/3.9.14"
- - - [24/Feb/2023:11:19:35 -0500] "GET /v1/ports?fields=address%2Cextra HTTP/1.1" 200 13 452401 "-" "ironic-inspector keystoneauth1/5.1.0 python-requests/2.28.1 CPython/3.9.14"
- - - [24/Feb/2023:11:19:50 -0500] "GET /v1/ports?fields=address%2Cextra HTTP/1.1" 200 13 411760 "-" "ironic-inspector keystoneauth1/5.1.0 python-requests/2.28.1 CPython/3.9.14"
- - - [24/Feb/2023:11:19:50 -0500] "GET /v1/ports?fields=address%2Cextra HTTP/1.1" 200 13 421634 "-" "ironic-inspector keystoneauth1/5.1.0 python-requests/2.28.1 CPython/3.9.14"
- - - [24/Feb/2023:11:20:05 -0500] "GET /v1/nodes?fields=uuid HTTP/1.1" 200 13 397199 "-" "ironic-inspector keystoneauth1/5.1.0 python-requests/2.28.1 CPython/3.9.14"
- - - [24/Feb/2023:11:20:05 -0500] "GET /v1/ports?fields=address%2Cextra HTTP/1.1" 200 13 440789 "-" "ironic-inspector keystoneauth1/5.1.0 python-requests/2.28.1 CPython/3.9.14"
- - - [24/Feb/2023:11:20:05 -0500] "GET /v1/ports?fields=address%2Cextra HTTP/1.1" 200 13 387182 "-" "ironic-inspector keystoneauth1/5.1.0 python-requests/2.28.1 CPython/3.9.14"
- - - [24/Feb/2023:11:20:20 -0500] "GET /v1/ports?fields=address%2Cextra HTTP/1.1" 200 13 369553 "-" "ironic-inspector keystoneauth1/5.1.0 python-requests/2.28.1 CPython/3.9.14"
- - - [24/Feb/2023:11:20:20 -0500] "GET /v1/ports?fields=address%2Cextra HTTP/1.1" 200 13 414359 "-" "ironic-inspector keystoneauth1/5.1.0 python-requests/2.28.1 CPython/3.9.14"
- - - [24/Feb/2023:11:20:35 -0500] "GET /v1/ports?fields=address%2Cextra HTTP/1.1" 200 13 626376 "-" "ironic-inspector keystoneauth1/5.1.0 python-requests/2.28.1 CPython/3.9.14"
- - - [24/Feb/2023:11:20:35 -0500] "GET /v1/ports?fields=address%2Cextra HTTP/1.1" 200 13 519240 "-" "ironic-inspector keystoneauth1/5.1.0 python-requests/2.28.1 CPython/3.9.14"
- - - [24/Feb/2023:11:20:50 -0500] "GET /v1/ports?fields=address%2Cextra HTTP/1.1" 200 13 646598 "-" "ironic-inspector keystoneauth1/5.1.0 python-requests/2.28.1 CPython/3.9.14"
- - - [24/Feb/2023:11:20:50 -0500] "GET /v1/ports?fields=address%2Cextra HTTP/1.1" 200 13 585817 "-" "ironic-inspector keystoneauth1/5.1.0 python-requests/2.28.1 CPython/3.9.14"
- - - [24/Feb/2023:11:21:05 -0500] "GET /v1/nodes?fields=uuid HTTP/1.1" 200 13 1128801 "-" "ironic-inspector keystoneauth1/5.1.0 python-requests/2.28.1 CPython/3.9.14"
- - - [24/Feb/2023:11:21:05 -0500] "GET /v1/ports?fields=address%2Cextra HTTP/1.1" 200 13 1128260 "-" "ironic-inspector keystoneauth1/5.1.0 python-requests/2.28.1 CPython/3.9.14"
- - - [24/Feb/2023:11:21:06 -0500] "GET /v1/ports?fields=address%2Cextra HTTP/1.1" 200 13 682635 "-" "ironic-inspector keystoneauth1/5.1.0 python-requests/2.28.1 CPython/3.9.14"
- - - [24/Feb/2023:11:21:20 -0500] "GET /v1/ports?fields=address%2Cextra HTTP/1.1" 200 13 359668 "-" "ironic-inspector keystoneauth1/5.1.0 python-requests/2.28.1 CPython/3.9.14"
- - - [24/Feb/2023:11:21:20 -0500] "GET /v1/ports?fields=address%2Cextra HTTP/1.1" 200 13 386140 "-" "ironic-inspector keystoneauth1/5.1.0 python-requests/2.28.1 CPython/3.9.14"
- - - [24/Feb/2023:11:21:35 -0500] "GET /v1/ports?fields=address%2Cextra HTTP/1.1" 200 13 483864 "-" "ironic-inspector keystoneauth1/5.1.0 python-requests/2.28.1 CPython/3.9.14"
- - - [24/Feb/2023:11:21:35 -0500] "GET /v1/ports?fields=address%2Cextra HTTP/1.1" 200 13 380106 "-" "ironic-inspector keystoneauth1/5.1.0 python-requests/2.28.1 CPython/3.9.14"
- - - [24/Feb/2023:11:21:50 -0500] "GET /v1/ports?fields=address%2Cextra HTTP/1.1" 200 13 472691 "-" "ironic-inspector keystoneauth1/5.1.0 python-requests/2.28.1 CPython/3.9.14"
- - - [24/Feb/2023:11:21:50 -0500] "GET /v1/ports?fields=address%2Cextra HTTP/1.1" 200 13 569749 "-" "ironic-inspector keystoneauth1/5.1.0 python-requests/2.28.1 CPython/3.9.14"
- - - [24/Feb/2023:11:22:05 -0500] "GET /v1/ports?fields=address%2Cextra HTTP/1.1" 200 13 435265 "-" "ironic-inspector keystoneauth1/5.1.0 python-requests/2.28.1 CPython/3.9.14"
- - - [24/Feb/2023:11:22:05 -0500] "GET /v1/nodes?fields=uuid HTTP/1.1" 200 13 514123 "-" "ironic-inspector keystoneauth1/5.1.0 python-requests/2.28.1 CPython/3.9.14"
- - - [24/Feb/2023:11:22:05 -0500] "GET /v1/ports?fields=address%2Cextra HTTP/1.1" 200 13 435253 "-" "ironic-inspector keystoneauth1/5.1.0 python-requests/2.28.1 CPython/3.9.14"
- - - [24/Feb/2023:11:22:20 -0500] "GET /v1/ports?fields=address%2Cextra HTTP/1.1" 200 13 454801 "-" "ironic-inspector keystoneauth1/5.1.0 python-requests/2.28.1 CPython/3.9.14"
- - - [24/Feb/2023:11:22:20 -0500] "GET /v1/ports?fields=address%2Cextra HTTP/1.1" 200 13 435336 "-" "ironic-inspector keystoneauth1/5.1.0 python-requests/2.28.1 CPython/3.9.14"
- - - [24/Feb/2023:11:22:35 -0500] "GET /v1/ports?fields=address%2Cextra HTTP/1.1" 200 13 439853 "-" "ironic-inspector keystoneauth1/5.1.0 python-requests/2.28.1 CPython/3.9.14"
- - - [24/Feb/2023:11:22:35 -0500] "GET /v1/ports?fields=address%2Cextra HTTP/1.1" 200 13 456389 "-" "ironic-inspector keystoneauth1/5.1.0 python-requests/2.28.1 CPython/3.9.14"
- - - [24/Feb/2023:11:22:50 -0500] "GET /v1/ports?fields=address%2Cextra HTTP/1.1" 200 13 431931 "-" "ironic-inspector keystoneauth1/5.1.0 python-requests/2.28.1 CPython/3.9.14"
- - - [24/Feb/2023:11:22:50 -0500] "GET /v1/ports?fields=address%2Cextra HTTP/1.1" 200 13 426041 "-" "ironic-inspector keystoneauth1/5.1.0 python-requests/2.28.1 CPython/3.9.14"
- - - [24/Feb/2023:11:23:05 -0500] "GET /v1/ports?fields=address%2Cextra HTTP/1.1" 200 13 515074 "-" "ironic-inspector keystoneauth1/5.1.0 python-requests/2.28.1 CPython/3.9.14"
- - - [24/Feb/2023:11:23:05 -0500] "GET /v1/nodes?fields=uuid HTTP/1.1" 200 13 589824 "-" "ironic-inspector keystoneauth1/5.1.0 python-requests/2.28.1 CPython/3.9.14"
- - - [24/Feb/2023:11:23:05 -0500] "GET /v1/ports?fields=address%2Cextra HTTP/1.1" 200 13 468030 "-" "ironic-inspector keystoneauth1/5.1.0 python-requests/2.28.1 CPython/3.9.14"
- - - [24/Feb/2023:11:23:20 -0500] "GET /v1/ports?fields=address%2Cextra HTTP/1.1" 200 13 449394 "-" "ironic-inspector keystoneauth1/5.1.0 python-requests/2.28.1 CPython/3.9.14"
- - - [24/Feb/2023:11:23:20 -0500] "GET /v1/ports?fields=address%2Cextra HTTP/1.1" 200 13 452325 "-" "ironic-inspector keystoneauth1/5.1.0 python-requests/2.28.1 CPython/3.9.14"
- - - [24/Feb/2023:11:23:35 -0500] "GET /v1/ports?fields=address%2Cextra HTTP/1.1" 200 13 359626 "-" "ironic-inspector keystoneauth1/5.1.0 python-requests/2.28.1 CPython/3.9.14"
- - - [24/Feb/2023:11:23:35 -0500] "GET /v1/ports?fields=address%2Cextra HTTP/1.1" 200 13 444567 "-" "ironic-inspector keystoneauth1/5.1.0 python-requests/2.28.1 CPython/3.9.14"
- - - [24/Feb/2023:11:23:50 -0500] "GET /v1/ports?fields=address%2Cextra HTTP/1.1" 200 13 413930 "-" "ironic-inspector keystoneauth1/5.1.0 python-requests/2.28.1 CPython/3.9.14"
- - - [24/Feb/2023:11:23:50 -0500] "GET /v1/ports?fields=address%2Cextra HTTP/1.1" 200 13 417981 "-" "ironic-inspector keystoneauth1/5.1.0 python-requests/2.28.1 CPython/3.9.14"
- - - [24/Feb/2023:11:24:05 -0500] "GET /v1/nodes?fields=uuid HTTP/1.1" 200 13 430504 "-" "ironic-inspector keystoneauth1/5.1.0 python-requests/2.28.1 CPython/3.9.14"
- - - [24/Feb/2023:11:24:05 -0500] "GET /v1/ports?fields=address%2Cextra HTTP/1.1" 200 13 432617 "-" "ironic-inspector keystoneauth1/5.1.0 python-requests/2.28.1 CPython/3.9.14"
- - - [24/Feb/2023:11:24:05 -0500] "GET /v1/ports?fields=address%2Cextra HTTP/1.1" 200 13 484824 "-" "ironic-inspector keystoneauth1/5.1.0 python-requests/2.28.1 CPython/3.9.14"
- - - [24/Feb/2023:11:24:20 -0500] "GET /v1/ports?fields=address%2Cextra HTTP/1.1" 200 13 485580 "-" "ironic-inspector keystoneauth1/5.1.0 python-requests/2.28.1 CPython/3.9.14"
- - - [24/Feb/2023:11:24:20 -0500] "GET /v1/ports?fields=address%2Cextra HTTP/1.1" 200 13 365612 "-" "ironic-inspector keystoneauth1/5.1.0 python-requests/2.28.1 CPython/3.9.14"
- - - [24/Feb/2023:11:24:35 -0500] "GET /v1/ports?fields=address%2Cextra HTTP/1.1" 200 13 590541 "-" "ironic-inspector keystoneauth1/5.1.0 python-requests/2.28.1 CPython/3.9.14"
- - - [24/Feb/2023:11:24:35 -0500] "GET /v1/ports?fields=address%2Cextra HTTP/1.1" 200 13 451294 "-" "ironic-inspector keystoneauth1/5.1.0 python-requests/2.28.1 CPython/3.9.14"
- - - [24/Feb/2023:11:24:50 -0500] "GET /v1/ports?fields=address%2Cextra HTTP/1.1" 200 13 584628 "-" "ironic-inspector keystoneauth1/5.1.0 python-requests/2.28.1 CPython/3.9.14"
- - - [24/Feb/2023:11:24:50 -0500] "GET /v1/ports?fields=address%2Cextra HTTP/1.1" 200 13 503448 "-" "ironic-inspector keystoneauth1/5.1.0 python-requests/2.28.1 CPython/3.9.14"
- - - [24/Feb/2023:11:25:05 -0500] "GET /v1/nodes?fields=uuid HTTP/1.1" 200 13 492582 "-" "ironic-inspector keystoneauth1/5.1.0 python-requests/2.28.1 CPython/3.9.14"
- - - [24/Feb/2023:11:25:05 -0500] "GET /v1/ports?fields=address%2Cextra HTTP/1.1" 200 13 539323 "-" "ironic-inspector keystoneauth1/5.1.0 python-requests/2.28.1 CPython/3.9.14"
- - - [24/Feb/2023:11:25:05 -0500] "GET /v1/ports?fields=address%2Cextra HTTP/1.1" 200 13 551437 "-" "ironic-inspector keystoneauth1/5.1.0 python-requests/2.28.1 CPython/3.9.14"
- - - [24/Feb/2023:11:25:20 -0500] "GET /v1/ports?fields=address%2Cextra HTTP/1.1" 200 13 453246 "-" "ironic-inspector keystoneauth1/5.1.0 python-requests/2.28.1 CPython/3.9.14"
- - - [24/Feb/2023:11:25:20 -0500] "GET /v1/ports?fields=address%2Cextra HTTP/1.1" 200 13 469307 "-" "ironic-inspector keystoneauth1/5.1.0 python-requests/2.28.1 CPython/3.9.14"
- - - [24/Feb/2023:11:25:35 -0500] "GET /v1/ports?fields=address%2Cextra HTTP/1.1" 200 13 614039 "-" "ironic-inspector keystoneauth1/5.1.0 python-requests/2.28.1 CPython/3.9.14"
- - - [24/Feb/2023:11:25:35 -0500] "GET /v1/ports?fields=address%2Cextra HTTP/1.1" 200 13 440866 "-" "ironic-inspector keystoneauth1/5.1.0 python-requests/2.28.1 CPython/3.9.14"
- - - [24/Feb/2023:11:25:50 -0500] "GET /v1/ports?fields=address%2Cextra HTTP/1.1" 200 13 560704 "-" "ironic-inspector keystoneauth1/5.1.0 python-requests/2.28.1 CPython/3.9.14"
- - - [24/Feb/2023:11:25:50 -0500] "GET /v1/ports?fields=address%2Cextra HTTP/1.1" 200 13 440255 "-" "ironic-inspector keystoneauth1/5.1.0 python-requests/2.28.1 CPython/3.9.14"
- - - [24/Feb/2023:11:26:05 -0500] "GET /v1/nodes?fields=uuid HTTP/1.1" 200 13 726617 "-" "ironic-inspector keystoneauth1/5.1.0 python-requests/2.28.1 CPython/3.9.14"
- - - [24/Feb/2023:11:26:05 -0500] "GET /v1/ports?fields=address%2Cextra HTTP/1.1" 200 13 835765 "-" "ironic-inspector keystoneauth1/5.1.0 python-requests/2.28.1 CPython/3.9.14"
- - - [24/Feb/2023:11:26:05 -0500] "GET /v1/ports?fields=address%2Cextra HTTP/1.1" 200 13 433985 "-" "ironic-inspector keystoneauth1/5.1.0 python-requests/2.28.1 CPython/3.9.14"
- - - [24/Feb/2023:11:26:20 -0500] "GET /v1/ports?fields=address%2Cextra HTTP/1.1" 200 13 424105 "-" "ironic-inspector keystoneauth1/5.1.0 python-requests/2.28.1 CPython/3.9.14"
- - - [24/Feb/2023:11:26:20 -0500] "GET /v1/ports?fields=address%2Cextra HTTP/1.1" 200 13 433502 "-" "ironic-inspector keystoneauth1/5.1.0 python-requests/2.28.1 CPython/3.9.14"
- - - [24/Feb/2023:11:26:35 -0500] "GET /v1/ports?fields=address%2Cextra HTTP/1.1" 200 13 407030 "-" "ironic-inspector keystoneauth1/5.1.0 python-requests/2.28.1 CPython/3.9.14"
- - - [24/Feb/2023:11:26:35 -0500] "GET /v1/ports?fields=address%2Cextra HTTP/1.1" 200 13 463790 "-" "ironic-inspector keystoneauth1/5.1.0 python-requests/2.28.1 CPython/3.9.14"
- - - [24/Feb/2023:11:26:50 -0500] "GET /v1/ports?fields=address%2Cextra HTTP/1.1" 200 13 404114 "-" "ironic-inspector keystoneauth1/5.1.0 python-requests/2.28.1 CPython/3.9.14"
- - - [24/Feb/2023:11:26:50 -0500] "GET /v1/ports?fields=address%2Cextra HTTP/1.1" 200 13 488103 "-" "ironic-inspector keystoneauth1/5.1.0 python-requests/2.28.1 CPython/3.9.14"
- - - [24/Feb/2023:11:27:05 -0500] "GET /v1/ports?fields=address%2Cextra HTTP/1.1" 200 13 13936732 "-" "ironic-inspector keystoneauth1/5.1.0 python-requests/2.28.1 CPython/3.9.14"
- - - [24/Feb/2023:11:27:05 -0500] "GET /v1/nodes?fields=uuid HTTP/1.1" 200 13 14093770 "-" "ironic-inspector keystoneauth1/5.1.0 python-requests/2.28.1 CPython/3.9.14"
- - - [24/Feb/2023:11:27:37 -0500] "GET /v1/ports?fields=address%2Cextra HTTP/1.1" 200 13 6516869 "-" "ironic-inspector keystoneauth1/5.1.0 python-requests/2.28.1 CPython/3.9.14"
- - - [24/Feb/2023:11:27:44 -0500] "GET /v1/ports?fields=address%2Cextra HTTP/1.1" 200 13 6433003 "-" "ironic-inspector keystoneauth1/5.1.0 python-requests/2.28.1 CPython/3.9.14"
- - - [24/Feb/2023:11:27:55 -0500] "POST /v1/nodes HTTP/1.1" 201 2664 767124 "-" "python-ironicclient"
- - - [24/Feb/2023:11:27:52 -0500] "GET /v1/ports?fields=address%2Cextra HTTP/1.1" 200 13 6131083 "-" "ironic-inspector keystoneauth1/5.1.0 python-requests/2.28.1 CPython/3.9.14"
- - - [24/Feb/2023:11:27:58 -0500] "GET /v1/ports?fields=address%2Cextra HTTP/1.1" 200 13 525760 "-" "ironic-inspector keystoneauth1/5.1.0 python-requests/2.28.1 CPython/3.9.14"
- - - [24/Feb/2023:11:27:59 -0500] "GET /v1/nodes HTTP/1.1" 200 380 545869 "-" "python-ironicclient"
- - - [24/Feb/2023:11:28:02 -0500] "PATCH /v1/nodes/d31121ee-fee4-462c-b7f4-831eee6de537 HTTP/1.1" 200 3138 985864 "-" "python-ironicclient"
- - - [24/Feb/2023:11:28:05 -0500] "GET /v1/nodes?fields=uuid HTTP/1.1" 200 271 523664 "-" "ironic-inspector keystoneauth1/5.1.0 python-requests/2.28.1 CPython/3.9.14"
- - - [24/Feb/2023:11:28:06 -0500] "POST /v1/ports HTTP/1.1" 201 562 652962 "-" "python-ironicclient"
- - - [24/Feb/2023:11:28:07 -0500] "GET /v1/ports?fields=address%2Cextra HTTP/1.1" 200 268 604032 "-" "ironic-inspector keystoneauth1/5.1.0 python-requests/2.28.1 CPython/3.9.14"
- - - [24/Feb/2023:11:28:08 -0500] "GET /v1/ports?fields=address%2Cextra HTTP/1.1" 200 268 630852 "-" "ironic-inspector keystoneauth1/5.1.0 python-requests/2.28.1 CPython/3.9.14"
- - - [24/Feb/2023:11:28:10 -0500] "PUT /v1/nodes/d31121ee-fee4-462c-b7f4-831eee6de537/states/provision HTTP/1.1" 202 - 618171 "-" "python-ironicclient"
- - - [24/Feb/2023:11:28:22 -0500] "GET /v1/ports?fields=address%2Cextra HTTP/1.1" 200 268 806783 "-" "ironic-inspector keystoneauth1/5.1.0 python-requests/2.28.1 CPython/3.9.14"
- - - [24/Feb/2023:11:28:23 -0500] "GET /v1/ports?fields=address%2Cextra HTTP/1.1" 200 268 601761 "-" "ironic-inspector keystoneauth1/5.1.0 python-requests/2.28.1 CPython/3.9.14"
- - - [24/Feb/2023:11:28:24 -0500] "PUT /v1/nodes/d31121ee-fee4-462c-b7f4-831eee6de537/states/provision HTTP/1.1" 202 - 669864 "-" "python-ironicclient"
- - - [24/Feb/2023:11:28:28 -0500] "PUT /v1/nodes/d31121ee-fee4-462c-b7f4-831eee6de537/states/power HTTP/1.1" 202 - 683494 "-" "python-ironicclient"
- - - [24/Feb/2023:11:28:37 -0500] "GET /v1/ports?fields=address%2Cextra HTTP/1.1" 200 268 666983 "-" "ironic-inspector keystoneauth1/5.1.0 python-requests/2.28.1 CPython/3.9.14"
- - - [24/Feb/2023:11:28:38 -0500] "GET /v1/ports?fields=address%2Cextra HTTP/1.1" 200 268 635666 "-" "ironic-inspector keystoneauth1/5.1.0 python-requests/2.28.1 CPython/3.9.14"
- - - [24/Feb/2023:11:28:52 -0500] "GET /v1/nodes HTTP/1.1" 200 369 575765 "-" "python-urllib3/1.26.5"
- - - [24/Feb/2023:11:28:52 -0500] "GET /v1/ports?fields=address%2Cextra HTTP/1.1" 200 268 679657 "-" "ironic-inspector keystoneauth1/5.1.0 python-requests/2.28.1 CPython/3.9.14"
- - - [24/Feb/2023:11:28:52 -0500] "GET /v1/nodes?provision_state=available&associated=False&maintenance=False&fields=uuid%2Cdriver%2Cinstance_uuid%2Cprovision_state%2Cname%2Cmaintenance HTTP/1.1" 200 379 553962 "-" "python-urllib3/1.26.5"
- - - [24/Feb/2023:11:28:53 -0500] "GET /v1/ports?fields=address%2Cextra HTTP/1.1" 200 268 391855 "-" "ironic-inspector keystoneauth1/5.1.0 python-requests/2.28.1 CPython/3.9.14"
- - - [24/Feb/2023:11:28:53 -0500] "PATCH /v1/nodes/d31121ee-fee4-462c-b7f4-831eee6de537 HTTP/1.1" 200 2508 828162 "-" "python-urllib3/1.26.5"
- - - [24/Feb/2023:11:28:54 -0500] "PATCH /v1/nodes/d31121ee-fee4-462c-b7f4-831eee6de537 HTTP/1.1" 200 2508 759560 "-" "python-urllib3/1.26.5"
- - - [24/Feb/2023:11:29:01 -0500] "POST /v1/nodes/d31121ee-fee4-462c-b7f4-831eee6de537/vifs HTTP/1.1" 204 - 906851 "-" "python-urllib3/1.26.5"
- - - [24/Feb/2023:11:29:02 -0500] "PATCH /v1/nodes/d31121ee-fee4-462c-b7f4-831eee6de537 HTTP/1.1" 200 2508 757942 "-" "python-urllib3/1.26.5"
- - - [24/Feb/2023:11:29:03 -0500] "PUT /v1/nodes/d31121ee-fee4-462c-b7f4-831eee6de537/states/provision HTTP/1.1" 202 - 1002078 "-" "python-urllib3/1.26.5"
- - - [24/Feb/2023:11:29:04 -0500] "GET /v1/nodes/d31121ee-fee4-462c-b7f4-831eee6de537 HTTP/1.1" 200 2612 508839 "-" "python-urllib3/1.26.5"
- - - [24/Feb/2023:11:29:05 -0500] "GET /v1/nodes?fields=uuid HTTP/1.1" 200 271 411520 "-" "ironic-inspector keystoneauth1/5.1.0 python-requests/2.28.1 CPython/3.9.14"
- - - [24/Feb/2023:11:29:05 -0500] "GET /v1/nodes/d31121ee-fee4-462c-b7f4-831eee6de537 HTTP/1.1" 200 2612 590771 "-" "python-urllib3/1.26.5"
- - - [24/Feb/2023:11:29:07 -0500] "GET /v1/ports?fields=address%2Cextra HTTP/1.1" 200 268 396662 "-" "ironic-inspector keystoneauth1/5.1.0 python-requests/2.28.1 CPython/3.9.14"
- - - [24/Feb/2023:11:29:07 -0500] "GET /v1/nodes/d31121ee-fee4-462c-b7f4-831eee6de537 HTTP/1.1" 200 2612 525077 "-" "python-urllib3/1.26.5"
- - - [24/Feb/2023:11:29:07 -0500] "GET /v1/ports?fields=address%2Cextra HTTP/1.1" 200 268 412966 "-" "ironic-inspector keystoneauth1/5.1.0 python-requests/2.28.1 CPython/3.9.14"
- - - [24/Feb/2023:11:29:08 -0500] "GET /v1/nodes/d31121ee-fee4-462c-b7f4-831eee6de537 HTTP/1.1" 200 2612 409609 "-" "python-urllib3/1.26.5"
- - - [24/Feb/2023:11:29:10 -0500] "GET /v1/nodes/d31121ee-fee4-462c-b7f4-831eee6de537 HTTP/1.1" 200 2612 476545 "-" "python-urllib3/1.26.5"
- - - [24/Feb/2023:11:29:11 -0500] "GET /v1/nodes/d31121ee-fee4-462c-b7f4-831eee6de537 HTTP/1.1" 200 2685 548131 "-" "python-urllib3/1.26.5"
- - - [24/Feb/2023:11:29:13 -0500] "GET /v1/nodes/d31121ee-fee4-462c-b7f4-831eee6de537 HTTP/1.1" 200 2685 427416 "-" "python-urllib3/1.26.5"
- - - [24/Feb/2023:11:29:14 -0500] "GET /v1/nodes/d31121ee-fee4-462c-b7f4-831eee6de537 HTTP/1.1" 200 2685 514343 "-" "python-urllib3/1.26.5"
- - - [24/Feb/2023:11:29:16 -0500] "GET /v1/nodes/d31121ee-fee4-462c-b7f4-831eee6de537 HTTP/1.1" 200 2685 422278 "-" "python-urllib3/1.26.5"
- - - [24/Feb/2023:11:29:17 -0500] "GET /v1/nodes/d31121ee-fee4-462c-b7f4-831eee6de537 HTTP/1.1" 200 2685 575830 "-" "python-urllib3/1.26.5"
- - - [24/Feb/2023:11:29:19 -0500] "GET /v1/nodes/d31121ee-fee4-462c-b7f4-831eee6de537 HTTP/1.1" 200 2685 576408 "-" "python-urllib3/1.26.5"
- - - [24/Feb/2023:11:29:21 -0500] "GET /v1/nodes/d31121ee-fee4-462c-b7f4-831eee6de537 HTTP/1.1" 200 2685 632729 "-" "python-urllib3/1.26.5"
- - - [24/Feb/2023:11:29:22 -0500] "GET /v1/ports?fields=address%2Cextra HTTP/1.1" 200 268 661607 "-" "ironic-inspector keystoneauth1/5.1.0 python-requests/2.28.1 CPython/3.9.14"
- - - [24/Feb/2023:11:29:22 -0500] "GET /v1/nodes/d31121ee-fee4-462c-b7f4-831eee6de537 HTTP/1.1" 200 2685 571891 "-" "python-urllib3/1.26.5"
- - - [24/Feb/2023:11:29:23 -0500] "GET /v1/ports?fields=address%2Cextra HTTP/1.1" 200 268 381891 "-" "ironic-inspector keystoneauth1/5.1.0 python-requests/2.28.1 CPython/3.9.14"
- - - [24/Feb/2023:11:29:24 -0500] "GET /v1/nodes/d31121ee-fee4-462c-b7f4-831eee6de537 HTTP/1.1" 200 2685 464620 "-" "python-urllib3/1.26.5"
- - - [24/Feb/2023:11:29:25 -0500] "GET /v1/nodes/d31121ee-fee4-462c-b7f4-831eee6de537 HTTP/1.1" 200 2685 437768 "-" "python-urllib3/1.26.5"
- - - [24/Feb/2023:11:29:27 -0500] "GET /v1/nodes/d31121ee-fee4-462c-b7f4-831eee6de537 HTTP/1.1" 200 2685 527453 "-" "python-urllib3/1.26.5"
- - - [24/Feb/2023:11:29:28 -0500] "GET /v1/nodes/d31121ee-fee4-462c-b7f4-831eee6de537 HTTP/1.1" 200 3285 489140 "-" "python-urllib3/1.26.5"
- - - [24/Feb/2023:11:29:30 -0500] "GET /v1/nodes/d31121ee-fee4-462c-b7f4-831eee6de537 HTTP/1.1" 200 3285 510704 "-" "python-urllib3/1.26.5"
- - - [24/Feb/2023:11:29:31 -0500] "GET /v1/nodes/d31121ee-fee4-462c-b7f4-831eee6de537 HTTP/1.1" 200 3285 510589 "-" "python-urllib3/1.26.5"
- - - [24/Feb/2023:11:29:33 -0500] "GET /v1/nodes/d31121ee-fee4-462c-b7f4-831eee6de537 HTTP/1.1" 200 3285 556320 "-" "python-urllib3/1.26.5"
- - - [24/Feb/2023:11:29:34 -0500] "GET /v1/nodes/d31121ee-fee4-462c-b7f4-831eee6de537 HTTP/1.1" 200 3285 577480 "-" "python-urllib3/1.26.5"
- - - [24/Feb/2023:11:29:36 -0500] "GET /v1/nodes/d31121ee-fee4-462c-b7f4-831eee6de537 HTTP/1.1" 200 3285 564462 "-" "python-urllib3/1.26.5"
- - - [24/Feb/2023:11:29:37 -0500] "GET /v1/ports?fields=address%2Cextra HTTP/1.1" 200 268 513229 "-" "ironic-inspector keystoneauth1/5.1.0 python-requests/2.28.1 CPython/3.9.14"
- - - [24/Feb/2023:11:29:38 -0500] "GET /v1/nodes/d31121ee-fee4-462c-b7f4-831eee6de537 HTTP/1.1" 200 3285 554747 "-" "python-urllib3/1.26.5"
- - - [24/Feb/2023:11:29:38 -0500] "GET /v1/ports?fields=address%2Cextra HTTP/1.1" 200 268 618462 "-" "ironic-inspector keystoneauth1/5.1.0 python-requests/2.28.1 CPython/3.9.14"
- - - [24/Feb/2023:11:29:39 -0500] "GET /v1/nodes/d31121ee-fee4-462c-b7f4-831eee6de537 HTTP/1.1" 200 3285 559312 "-" "python-urllib3/1.26.5"
- - - [24/Feb/2023:11:29:41 -0500] "GET /v1/nodes/d31121ee-fee4-462c-b7f4-831eee6de537 HTTP/1.1" 200 3285 359213 "-" "python-urllib3/1.26.5"
- - - [24/Feb/2023:11:29:42 -0500] "GET /v1/nodes/d31121ee-fee4-462c-b7f4-831eee6de537 HTTP/1.1" 200 3285 525029 "-" "python-urllib3/1.26.5"
- - - [24/Feb/2023:11:29:44 -0500] "GET /v1/nodes/d31121ee-fee4-462c-b7f4-831eee6de537 HTTP/1.1" 200 3285 702200 "-" "python-urllib3/1.26.5"
- - - [24/Feb/2023:11:29:45 -0500] "GET /v1/nodes/d31121ee-fee4-462c-b7f4-831eee6de537 HTTP/1.1" 200 3285 423563 "-" "python-urllib3/1.26.5"
- - - [24/Feb/2023:11:29:47 -0500] "GET /v1/nodes/d31121ee-fee4-462c-b7f4-831eee6de537 HTTP/1.1" 200 3268 448549 "-" "python-urllib3/1.26.5"
- - - [24/Feb/2023:11:29:47 -0500] "GET /v1/nodes/d31121ee-fee4-462c-b7f4-831eee6de537 HTTP/1.1" 200 3268 404088 "-" "python-urllib3/1.26.5"
- - - [24/Feb/2023:11:29:52 -0500] "GET /v1/ports?fields=address%2Cextra HTTP/1.1" 200 268 429446 "-" "ironic-inspector keystoneauth1/5.1.0 python-requests/2.28.1 CPython/3.9.14"
- - - [24/Feb/2023:11:29:52 -0500] "GET /v1/ports?fields=address%2Cextra HTTP/1.1" 200 268 364237 "-" "ironic-inspector keystoneauth1/5.1.0 python-requests/2.28.1 CPython/3.9.14"
- - - [24/Feb/2023:11:30:05 -0500] "GET /v1/nodes?fields=uuid HTTP/1.1" 200 271 435929 "-" "ironic-inspector keystoneauth1/5.1.0 python-requests/2.28.1 CPython/3.9.14"
- - - [24/Feb/2023:11:30:07 -0500] "GET /v1/ports?fields=address%2Cextra HTTP/1.1" 200 268 412070 "-" "ironic-inspector keystoneauth1/5.1.0 python-requests/2.28.1 CPython/3.9.14"
- - - [24/Feb/2023:11:30:07 -0500] "GET /v1/ports?fields=address%2Cextra HTTP/1.1" 200 268 372412 "-" "ironic-inspector keystoneauth1/5.1.0 python-requests/2.28.1 CPython/3.9.14"
- - - [24/Feb/2023:11:30:18 -0500] "GET /v1/nodes/d31121ee-fee4-462c-b7f4-831eee6de537 HTTP/1.1" 200 3268 463770 "-" "python-urllib3/1.26.5"
- - - [24/Feb/2023:11:30:22 -0500] "GET /v1/ports?fields=address%2Cextra HTTP/1.1" 200 268 381816 "-" "ironic-inspector keystoneauth1/5.1.0 python-requests/2.28.1 CPython/3.9.14"
- - - [24/Feb/2023:11:30:22 -0500] "GET /v1/ports?fields=address%2Cextra HTTP/1.1" 200 268 337348 "-" "ironic-inspector keystoneauth1/5.1.0 python-requests/2.28.1 CPython/3.9.14"
- - - [24/Feb/2023:11:30:37 -0500] "GET /v1/ports?fields=address%2Cextra HTTP/1.1" 200 268 458402 "-" "ironic-inspector keystoneauth1/5.1.0 python-requests/2.28.1 CPython/3.9.14"
- - - [24/Feb/2023:11:30:38 -0500] "GET /v1/ports?fields=address%2Cextra HTTP/1.1" 200 268 409714 "-" "ironic-inspector keystoneauth1/5.1.0 python-requests/2.28.1 CPython/3.9.14"
- - - [24/Feb/2023:11:30:48 -0500] "GET /v1/nodes/d31121ee-fee4-462c-b7f4-831eee6de537 HTTP/1.1" 200 3268 443313 "-" "python-urllib3/1.26.5"
- - - [24/Feb/2023:11:30:52 -0500] "GET /v1/ports?fields=address%2Cextra HTTP/1.1" 200 268 386022 "-" "ironic-inspector keystoneauth1/5.1.0 python-requests/2.28.1 CPython/3.9.14"
- - - [24/Feb/2023:11:30:52 -0500] "GET /v1/ports?fields=address%2Cextra HTTP/1.1" 200 268 356651 "-" "ironic-inspector keystoneauth1/5.1.0 python-requests/2.28.1 CPython/3.9.14"
- - - [24/Feb/2023:11:31:05 -0500] "GET /v1/nodes?fields=uuid HTTP/1.1" 200 271 370481 "-" "ironic-inspector keystoneauth1/5.1.0 python-requests/2.28.1 CPython/3.9.14"
- - - [24/Feb/2023:11:31:07 -0500] "GET /v1/ports?fields=address%2Cextra HTTP/1.1" 200 268 382575 "-" "ironic-inspector keystoneauth1/5.1.0 python-requests/2.28.1 CPython/3.9.14"
- - - [24/Feb/2023:11:31:07 -0500] "GET /v1/ports?fields=address%2Cextra HTTP/1.1" 200 268 422898 "-" "ironic-inspector keystoneauth1/5.1.0 python-requests/2.28.1 CPython/3.9.14"
- - - [24/Feb/2023:11:31:19 -0500] "GET /v1/nodes/d31121ee-fee4-462c-b7f4-831eee6de537 HTTP/1.1" 200 3268 440540 "-" "python-urllib3/1.26.5"
- - - [24/Feb/2023:11:31:22 -0500] "GET /v1/ports?fields=address%2Cextra HTTP/1.1" 200 268 501342 "-" "ironic-inspector keystoneauth1/5.1.0 python-requests/2.28.1 CPython/3.9.14"
- - - [24/Feb/2023:11:31:23 -0500] "GET /v1/ports?fields=address%2Cextra HTTP/1.1" 200 268 388149 "-" "ironic-inspector keystoneauth1/5.1.0 python-requests/2.28.1 CPython/3.9.14"
- - - [24/Feb/2023:11:31:37 -0500] "GET /v1/ports?fields=address%2Cextra HTTP/1.1" 200 268 445221 "-" "ironic-inspector keystoneauth1/5.1.0 python-requests/2.28.1 CPython/3.9.14"
- - - [24/Feb/2023:11:31:37 -0500] "GET /v1/ports?fields=address%2Cextra HTTP/1.1" 200 268 453988 "-" "ironic-inspector keystoneauth1/5.1.0 python-requests/2.28.1 CPython/3.9.14"
- - - [24/Feb/2023:11:31:49 -0500] "GET /v1/nodes/d31121ee-fee4-462c-b7f4-831eee6de537 HTTP/1.1" 200 3268 493365 "-" "python-urllib3/1.26.5"
- - - [24/Feb/2023:11:31:52 -0500] "GET /v1/ports?fields=address%2Cextra HTTP/1.1" 200 268 543896 "-" "ironic-inspector keystoneauth1/5.1.0 python-requests/2.28.1 CPython/3.9.14"
- - - [24/Feb/2023:11:31:53 -0500] "GET /v1/ports?fields=address%2Cextra HTTP/1.1" 200 268 445775 "-" "ironic-inspector keystoneauth1/5.1.0 python-requests/2.28.1 CPython/3.9.14"
- - - [24/Feb/2023:11:32:05 -0500] "GET /v1/nodes?fields=uuid HTTP/1.1" 200 271 499626 "-" "ironic-inspector keystoneauth1/5.1.0 python-requests/2.28.1 CPython/3.9.14"
- - - [24/Feb/2023:11:32:07 -0500] "GET /v1/ports?fields=address%2Cextra HTTP/1.1" 200 268 454263 "-" "ironic-inspector keystoneauth1/5.1.0 python-requests/2.28.1 CPython/3.9.14"
- - - [24/Feb/2023:11:32:08 -0500] "GET /v1/ports?fields=address%2Cextra HTTP/1.1" 200 268 505264 "-" "ironic-inspector keystoneauth1/5.1.0 python-requests/2.28.1 CPython/3.9.14"
- - - [24/Feb/2023:11:32:20 -0500] "GET /v1/nodes/d31121ee-fee4-462c-b7f4-831eee6de537 HTTP/1.1" 200 3268 435997 "-" "python-urllib3/1.26.5"
- - - [24/Feb/2023:11:32:22 -0500] "GET /v1/ports?fields=address%2Cextra HTTP/1.1" 200 268 395161 "-" "ironic-inspector keystoneauth1/5.1.0 python-requests/2.28.1 CPython/3.9.14"
- - - [24/Feb/2023:11:32:22 -0500] "GET /v1/ports?fields=address%2Cextra HTTP/1.1" 200 268 491189 "-" "ironic-inspector keystoneauth1/5.1.0 python-requests/2.28.1 CPython/3.9.14"
- - - [24/Feb/2023:11:32:37 -0500] "GET /v1/ports?fields=address%2Cextra HTTP/1.1" 200 268 389985 "-" "ironic-inspector keystoneauth1/5.1.0 python-requests/2.28.1 CPython/3.9.14"
- - - [24/Feb/2023:11:32:37 -0500] "GET /v1/ports?fields=address%2Cextra HTTP/1.1" 200 268 375112 "-" "ironic-inspector keystoneauth1/5.1.0 python-requests/2.28.1 CPython/3.9.14"
- - - [24/Feb/2023:11:32:50 -0500] "GET /v1/nodes/d31121ee-fee4-462c-b7f4-831eee6de537 HTTP/1.1" 200 3268 519247 "-" "python-urllib3/1.26.5"
- - - [24/Feb/2023:11:32:52 -0500] "GET /v1/ports?fields=address%2Cextra HTTP/1.1" 200 268 442546 "-" "ironic-inspector keystoneauth1/5.1.0 python-requests/2.28.1 CPython/3.9.14"
- - - [24/Feb/2023:11:32:53 -0500] "GET /v1/ports?fields=address%2Cextra HTTP/1.1" 200 268 391214 "-" "ironic-inspector keystoneauth1/5.1.0 python-requests/2.28.1 CPython/3.9.14"
- - - [24/Feb/2023:11:33:05 -0500] "GET /v1/nodes?fields=uuid HTTP/1.1" 200 271 455955 "-" "ironic-inspector keystoneauth1/5.1.0 python-requests/2.28.1 CPython/3.9.14"
- - - [24/Feb/2023:11:33:07 -0500] "GET /v1/ports?fields=address%2Cextra HTTP/1.1" 200 268 446946 "-" "ironic-inspector keystoneauth1/5.1.0 python-requests/2.28.1 CPython/3.9.14"
- - - [24/Feb/2023:11:33:07 -0500] "GET /v1/ports?fields=address%2Cextra HTTP/1.1" 200 268 363542 "-" "ironic-inspector keystoneauth1/5.1.0 python-requests/2.28.1 CPython/3.9.14"
- - - [24/Feb/2023:11:33:16 -0500] "GET / HTTP/1.1" 200 468 5683 "-" "python-requests/2.28.1"
- - - [24/Feb/2023:11:33:16 -0500] "GET /v1/lookup?addresses=98%3Af2%3Ab3%3A12%3A51%3Aab%2C98%3Af2%3Ab3%3A12%3A51%3Aa9%2C94%3A40%3Ac9%3A21%3Aa0%3A0a%2C94%3A40%3Ac9%3A21%3Aa0%3A08%2Cb2%3A31%3A1c%3A42%3A11%3A5b%2C98%3Af2%3Ab3%3A12%3A51%3Aaa%2C94%3A40%3Ac9%3A21%3Aa0%3A0b%2C98%3Af2%3Ab3%3A12%3A51%3Aa8%2C94%3A40%3Ac9%3A21%3Aa0%3A09 HTTP/1.1" 200 1010 185027 "-" "python-requests/2.28.1"
- - - [24/Feb/2023:11:33:16 -0500] "POST /v1/heartbeat/d31121ee-fee4-462c-b7f4-831eee6de537 HTTP/1.1" 202 - 105659 "-" "python-requests/2.28.1"
- - - [24/Feb/2023:11:33:17 -0500] "GET /v1/lookup?addresses=98%3Af2%3Ab3%3A12%3A51%3Aab%2C98%3Af2%3Ab3%3A12%3A51%3Aa9%2C94%3A40%3Ac9%3A21%3Aa0%3A0a%2C94%3A40%3Ac9%3A21%3Aa0%3A08%2Cb2%3A31%3A1c%3A42%3A11%3A5b%2C98%3Af2%3Ab3%3A12%3A51%3Aaa%2C94%3A40%3Ac9%3A21%3Aa0%3A0b%2C98%3Af2%3Ab3%3A12%3A51%3Aa8%2C94%3A40%3Ac9%3A21%3Aa0%3A09&node_uuid=d31121ee-fee4-462c-b7f4-831eee6de537 HTTP/1.1" 200 1010 175524 "-" "python-requests/2.28.1"
- - - [24/Feb/2023:11:33:21 -0500] "GET /v1/nodes/d31121ee-fee4-462c-b7f4-831eee6de537 HTTP/1.1" 200 4761 381185 "-" "python-urllib3/1.26.5"
- - - [24/Feb/2023:11:33:22 -0500] "GET /v1/ports?fields=address%2Cextra HTTP/1.1" 200 268 436545 "-" "ironic-inspector keystoneauth1/5.1.0 python-requests/2.28.1 CPython/3.9.14"
- - - [24/Feb/2023:11:33:22 -0500] "GET /v1/ports?fields=address%2Cextra HTTP/1.1" 200 268 364813 "-" "ironic-inspector keystoneauth1/5.1.0 python-requests/2.28.1 CPython/3.9.14"
- - - [24/Feb/2023:11:33:37 -0500] "GET /v1/ports?fields=address%2Cextra HTTP/1.1" 200 268 655241 "-" "ironic-inspector keystoneauth1/5.1.0 python-requests/2.28.1 CPython/3.9.14"
- - - [24/Feb/2023:11:33:38 -0500] "GET /v1/ports?fields=address%2Cextra HTTP/1.1" 200 268 655069 "-" "ironic-inspector keystoneauth1/5.1.0 python-requests/2.28.1 CPython/3.9.14"
- - - [24/Feb/2023:11:33:41 -0500] "POST /v1/heartbeat/d31121ee-fee4-462c-b7f4-831eee6de537 HTTP/1.1" 202 - 127634 "-" "python-requests/2.28.1"
- - - [24/Feb/2023:11:33:51 -0500] "POST /v1/heartbeat/d31121ee-fee4-462c-b7f4-831eee6de537 HTTP/1.1" 202 - 113783 "-" "python-requests/2.28.1"
- - - [24/Feb/2023:11:33:51 -0500] "GET /v1/nodes/d31121ee-fee4-462c-b7f4-831eee6de537 HTTP/1.1" 200 4809 465653 "-" "python-urllib3/1.26.5"
- - - [24/Feb/2023:11:33:52 -0500] "GET /v1/ports?fields=address%2Cextra HTTP/1.1" 200 268 459101 "-" "ironic-inspector keystoneauth1/5.1.0 python-requests/2.28.1 CPython/3.9.14"
- - - [24/Feb/2023:11:33:53 -0500] "GET /v1/ports?fields=address%2Cextra HTTP/1.1" 200 268 466335 "-" "ironic-inspector keystoneauth1/5.1.0 python-requests/2.28.1 CPython/3.9.14"
- - - [24/Feb/2023:11:34:05 -0500] "GET /v1/nodes?fields=uuid HTTP/1.1" 200 271 420466 "-" "ironic-inspector keystoneauth1/5.1.0 python-requests/2.28.1 CPython/3.9.14"
- - - [24/Feb/2023:11:34:07 -0500] "GET /v1/ports?fields=address%2Cextra HTTP/1.1" 200 268 459336 "-" "ironic-inspector keystoneauth1/5.1.0 python-requests/2.28.1 CPython/3.9.14"
- - - [24/Feb/2023:11:34:08 -0500] "GET /v1/ports?fields=address%2Cextra HTTP/1.1" 200 268 520119 "-" "ironic-inspector keystoneauth1/5.1.0 python-requests/2.28.1 CPython/3.9.14"
- - - [24/Feb/2023:11:34:22 -0500] "GET /v1/nodes/d31121ee-fee4-462c-b7f4-831eee6de537 HTTP/1.1" 200 2903 468923 "-" "python-urllib3/1.26.5"
- - - [24/Feb/2023:11:34:22 -0500] "GET /v1/ports?fields=address%2Cextra HTTP/1.1" 200 268 413599 "-" "ironic-inspector keystoneauth1/5.1.0 python-requests/2.28.1 CPython/3.9.14"
- - - [24/Feb/2023:11:34:22 -0500] "GET /v1/ports?fields=address%2Cextra HTTP/1.1" 200 268 370132 "-" "ironic-inspector keystoneauth1/5.1.0 python-requests/2.28.1 CPython/3.9.14"
- - - [24/Feb/2023:11:34:37 -0500] "GET /v1/ports?fields=address%2Cextra HTTP/1.1" 200 268 441346 "-" "ironic-inspector keystoneauth1/5.1.0 python-requests/2.28.1 CPython/3.9.14"
- - - [24/Feb/2023:11:34:38 -0500] "GET /v1/ports?fields=address%2Cextra HTTP/1.1" 200 268 448580 "-" "ironic-inspector keystoneauth1/5.1.0 python-requests/2.28.1 CPython/3.9.14"
- - - [24/Feb/2023:11:34:52 -0500] "GET /v1/ports?fields=address%2Cextra HTTP/1.1" 200 268 454036 "-" "ironic-inspector keystoneauth1/5.1.0 python-requests/2.28.1 CPython/3.9.14"
- - - [24/Feb/2023:11:34:53 -0500] "GET /v1/ports?fields=address%2Cextra HTTP/1.1" 200 268 444956 "-" "ironic-inspector keystoneauth1/5.1.0 python-requests/2.28.1 CPython/3.9.14"
- - - [24/Feb/2023:11:35:05 -0500] "GET /v1/nodes?fields=uuid HTTP/1.1" 200 271 360257 "-" "ironic-inspector keystoneauth1/5.1.0 python-requests/2.28.1 CPython/3.9.14"
- - - [24/Feb/2023:11:35:07 -0500] "GET /v1/ports?fields=address%2Cextra HTTP/1.1" 200 268 387863 "-" "ironic-inspector keystoneauth1/5.1.0 python-requests/2.28.1 CPython/3.9.14"
- - - [24/Feb/2023:11:35:07 -0500] "GET /v1/ports?fields=address%2Cextra HTTP/1.1" 200 268 416509 "-" "ironic-inspector keystoneauth1/5.1.0 python-requests/2.28.1 CPython/3.9.14"
- - - [24/Feb/2023:11:35:22 -0500] "GET /v1/ports?fields=address%2Cextra HTTP/1.1" 200 268 498356 "-" "ironic-inspector keystoneauth1/5.1.0 python-requests/2.28.1 CPython/3.9.14"
- - - [24/Feb/2023:11:35:23 -0500] "GET /v1/ports?fields=address%2Cextra HTTP/1.1" 200 268 382438 "-" "ironic-inspector keystoneauth1/5.1.0 python-requests/2.28.1 CPython/3.9.14"
- - - [24/Feb/2023:11:35:37 -0500] "GET /v1/ports?fields=address%2Cextra HTTP/1.1" 200 268 424950 "-" "ironic-inspector keystoneauth1/5.1.0 python-requests/2.28.1 CPython/3.9.14"
- - - [24/Feb/2023:11:35:38 -0500] "GET /v1/ports?fields=address%2Cextra HTTP/1.1" 200 268 422673 "-" "ironic-inspector keystoneauth1/5.1.0 python-requests/2.28.1 CPython/3.9.14"
- - - [24/Feb/2023:11:35:52 -0500] "GET /v1/ports?fields=address%2Cextra HTTP/1.1" 200 268 386870 "-" "ironic-inspector keystoneauth1/5.1.0 python-requests/2.28.1 CPython/3.9.14"
- - - [24/Feb/2023:11:35:52 -0500] "GET /v1/ports?fields=address%2Cextra HTTP/1.1" 200 268 358407 "-" "ironic-inspector keystoneauth1/5.1.0 python-requests/2.28.1 CPython/3.9.14"
- - - [24/Feb/2023:11:36:05 -0500] "GET /v1/nodes?fields=uuid HTTP/1.1" 200 271 471209 "-" "ironic-inspector keystoneauth1/5.1.0 python-requests/2.28.1 CPython/3.9.14"
- - - [24/Feb/2023:11:36:07 -0500] "GET /v1/ports?fields=address%2Cextra HTTP/1.1" 200 268 465231 "-" "ironic-inspector keystoneauth1/5.1.0 python-requests/2.28.1 CPython/3.9.14"
- - - [24/Feb/2023:11:36:08 -0500] "GET /v1/ports?fields=address%2Cextra HTTP/1.1" 200 268 528466 "-" "ironic-inspector keystoneauth1/5.1.0 python-requests/2.28.1 CPython/3.9.14"
- - - [24/Feb/2023:11:36:22 -0500] "GET /v1/ports?fields=address%2Cextra HTTP/1.1" 200 268 472170 "-" "ironic-inspector keystoneauth1/5.1.0 python-requests/2.28.1 CPython/3.9.14"
- - - [24/Feb/2023:11:36:23 -0500] "GET /v1/ports?fields=address%2Cextra HTTP/1.1" 200 268 817409 "-" "ironic-inspector keystoneauth1/5.1.0 python-requests/2.28.1 CPython/3.9.14"
- - - [24/Feb/2023:11:36:37 -0500] "GET /v1/ports?fields=address%2Cextra HTTP/1.1" 200 268 453562 "-" "ironic-inspector keystoneauth1/5.1.0 python-requests/2.28.1 CPython/3.9.14"
- - - [24/Feb/2023:11:36:38 -0500] "GET /v1/ports?fields=address%2Cextra HTTP/1.1" 200 268 392416 "-" "ironic-inspector keystoneauth1/5.1.0 python-requests/2.28.1 CPython/3.9.14"
- - - [24/Feb/2023:11:36:43 -0500] "GET /v1/nodes/d31121ee-fee4-462c-b7f4-831eee6de537/vifs HTTP/1.1" 200 12 537608 "-" "python-urllib3/1.26.5"
- - - [24/Feb/2023:11:36:47 -0500] "GET /v1/nodes HTTP/1.1" 200 420 400085 "-" "python-ironicclient"
- - - [24/Feb/2023:11:36:52 -0500] "GET /v1/ports?fields=address%2Cextra HTTP/1.1" 200 268 639828 "-" "ironic-inspector keystoneauth1/5.1.0 python-requests/2.28.1 CPython/3.9.14"
- - - [24/Feb/2023:11:36:53 -0500] "GET /v1/ports?fields=address%2Cextra HTTP/1.1" 200 268 619708 "-" "ironic-inspector keystoneauth1/5.1.0 python-requests/2.28.1 CPython/3.9.14"
- - - [24/Feb/2023:11:37:05 -0500] "GET /v1/nodes?fields=uuid HTTP/1.1" 200 271 363622 "-" "ironic-inspector keystoneauth1/5.1.0 python-requests/2.28.1 CPython/3.9.14"
- - - [24/Feb/2023:11:37:07 -0500] "GET /v1/ports?fields=address%2Cextra HTTP/1.1" 200 268 433733 "-" "ironic-inspector keystoneauth1/5.1.0 python-requests/2.28.1 CPython/3.9.14"
- - - [24/Feb/2023:11:37:08 -0500] "GET /v1/ports?fields=address%2Cextra HTTP/1.1" 200 268 437988 "-" "ironic-inspector keystoneauth1/5.1.0 python-requests/2.28.1 CPython/3.9.14"
- - - [24/Feb/2023:11:37:22 -0500] "GET /v1/ports?fields=address%2Cextra HTTP/1.1" 200 268 452492 "-" "ironic-inspector keystoneauth1/5.1.0 python-requests/2.28.1 CPython/3.9.14"
- - - [24/Feb/2023:11:37:23 -0500] "GET /v1/ports?fields=address%2Cextra HTTP/1.1" 200 268 361273 "-" "ironic-inspector keystoneauth1/5.1.0 python-requests/2.28.1 CPython/3.9.14"
- - - [24/Feb/2023:11:37:37 -0500] "GET /v1/ports?fields=address%2Cextra HTTP/1.1" 200 268 451016 "-" "ironic-inspector keystoneauth1/5.1.0 python-requests/2.28.1 CPython/3.9.14"
- - - [24/Feb/2023:11:37:38 -0500] "GET /v1/ports?fields=address%2Cextra HTTP/1.1" 200 268 493487 "-" "ironic-inspector keystoneauth1/5.1.0 python-requests/2.28.1 CPython/3.9.14"
- - - [24/Feb/2023:11:37:52 -0500] "GET /v1/ports?fields=address%2Cextra HTTP/1.1" 200 268 516979 "-" "ironic-inspector keystoneauth1/5.1.0 python-requests/2.28.1 CPython/3.9.14"
- - - [24/Feb/2023:11:37:53 -0500] "GET /v1/ports?fields=address%2Cextra HTTP/1.1" 200 268 484301 "-" "ironic-inspector keystoneauth1/5.1.0 python-requests/2.28.1 CPython/3.9.14"
- - - [24/Feb/2023:11:38:05 -0500] "GET /v1/nodes?fields=uuid HTTP/1.1" 200 271 359057 "-" "ironic-inspector keystoneauth1/5.1.0 python-requests/2.28.1 CPython/3.9.14"
- - - [24/Feb/2023:11:38:07 -0500] "GET /v1/ports?fields=address%2Cextra HTTP/1.1" 200 268 616648 "-" "ironic-inspector keystoneauth1/5.1.0 python-requests/2.28.1 CPython/3.9.14"
- - - [24/Feb/2023:11:38:08 -0500] "GET /v1/ports?fields=address%2Cextra HTTP/1.1" 200 268 450431 "-" "ironic-inspector keystoneauth1/5.1.0 python-requests/2.28.1 CPython/3.9.14"
- - - [24/Feb/2023:11:38:22 -0500] "GET /v1/ports?fields=address%2Cextra HTTP/1.1" 200 268 444605 "-" "ironic-inspector keystoneauth1/5.1.0 python-requests/2.28.1 CPython/3.9.14"
- - - [24/Feb/2023:11:38:23 -0500] "GET /v1/ports?fields=address%2Cextra HTTP/1.1" 200 268 397381 "-" "ironic-inspector keystoneauth1/5.1.0 python-requests/2.28.1 CPython/3.9.14"
