2023-03-02 22:18:53,814 p=6165 u=root n=ansible | [WARNING]: Invalid characters were found in group names but not replaced, use
-vvvv to see details

2023-03-02 22:19:00,712 p=6165 u=root n=ansible | PLAY [Gather facts for all hosts] **********************************************
2023-03-02 22:19:01,312 p=6165 u=root n=ansible | TASK [Gather facts] ************************************************************
2023-03-02 22:19:06,886 p=6165 u=root n=ansible | ok: [localhost]
2023-03-02 22:19:06,979 p=6165 u=root n=ansible | TASK [Group hosts to determine when using --limit] *****************************
2023-03-02 22:19:07,056 p=6165 u=root n=ansible | ok: [localhost]
2023-03-02 22:19:07,434 p=6165 u=root n=ansible | [WARNING]: Could not match supplied host pattern, ignoring:
all_using_limit_True

2023-03-02 22:19:07,458 p=6165 u=root n=ansible | PLAY [Gather facts for all hosts (if using --limit)] ***************************
2023-03-02 22:19:07,459 p=6165 u=root n=ansible | skipping: no hosts matched
2023-03-02 22:19:07,485 p=6165 u=root n=ansible | PLAY [Apply role baremetal] ****************************************************
2023-03-02 22:19:07,930 p=6165 u=root n=ansible | TASK [openstack.kolla.baremetal : Ensure localhost in /etc/hosts] **************
2023-03-02 22:19:09,358 p=6165 u=root n=ansible | changed: [localhost]
2023-03-02 22:19:09,534 p=6165 u=root n=ansible | TASK [openstack.kolla.baremetal : Ensure hostname does not point to 127.0.1.1 in /etc/hosts] ***
2023-03-02 22:19:10,270 p=6165 u=root n=ansible | ok: [localhost]
2023-03-02 22:19:10,362 p=6165 u=root n=ansible | TASK [openstack.kolla.baremetal : Generate /etc/hosts for all of the nodes] ****
2023-03-02 22:19:12,027 p=6165 u=root n=ansible | changed: [localhost]
2023-03-02 22:19:12,112 p=6165 u=root n=ansible | TASK [openstack.kolla.baremetal : Ensure unprivileged users can use ping] ******
2023-03-02 22:19:13,206 p=6165 u=root n=ansible | changed: [localhost]
2023-03-02 22:19:13,295 p=6165 u=root n=ansible | TASK [openstack.kolla.baremetal : Ensure /etc/cloud/cloud.cfg exists] **********
2023-03-02 22:19:14,524 p=6165 u=root n=ansible | ok: [localhost]
2023-03-02 22:19:14,641 p=6165 u=root n=ansible | TASK [openstack.kolla.baremetal : Disable cloud-init manage_etc_hosts] *********
2023-03-02 22:19:16,637 p=6165 u=root n=ansible | changed: [localhost]
2023-03-02 22:19:16,790 p=6165 u=root n=ansible | TASK [openstack.kolla.baremetal : Set firewall default policy] *****************
2023-03-02 22:19:16,889 p=6165 u=root n=ansible | skipping: [localhost]
2023-03-02 22:19:17,103 p=6165 u=root n=ansible | TASK [openstack.kolla.baremetal : Check if firewalld is installed] *************
2023-03-02 22:19:18,212 p=6165 u=root n=ansible | ok: [localhost]
2023-03-02 22:19:18,315 p=6165 u=root n=ansible | TASK [openstack.kolla.baremetal : Disable firewalld] ***************************
2023-03-02 22:19:18,388 p=6165 u=root n=ansible | skipping: [localhost] => (item=firewalld) 
2023-03-02 22:19:18,497 p=6165 u=root n=ansible | TASK [openstack.kolla.docker : Fail if docker_custom_option is defined] ********
2023-03-02 22:19:18,616 p=6165 u=root n=ansible | skipping: [localhost]
2023-03-02 22:19:18,720 p=6165 u=root n=ansible | TASK [openstack.kolla.docker : include_tasks] **********************************
2023-03-02 22:19:18,762 p=6165 u=root n=ansible | skipping: [localhost]
2023-03-02 22:19:18,857 p=6165 u=root n=ansible | TASK [openstack.kolla.docker : Ensure docker config directory exists] **********
2023-03-02 22:19:19,727 p=6165 u=root n=ansible | ok: [localhost]
2023-03-02 22:19:19,817 p=6165 u=root n=ansible | TASK [openstack.kolla.docker : Write docker config] ****************************
2023-03-02 22:19:21,027 p=6165 u=root n=ansible | changed: [localhost]
2023-03-02 22:19:21,116 p=6165 u=root n=ansible | TASK [openstack.kolla.docker : Remove old docker options file] *****************
2023-03-02 22:19:21,668 p=6165 u=root n=ansible | ok: [localhost]
2023-03-02 22:19:21,785 p=6165 u=root n=ansible | TASK [openstack.kolla.docker : Ensure docker service directory exists] *********
2023-03-02 22:19:21,845 p=6165 u=root n=ansible | skipping: [localhost]
2023-03-02 22:19:21,956 p=6165 u=root n=ansible | TASK [openstack.kolla.docker : Configure docker service] ***********************
2023-03-02 22:19:22,008 p=6165 u=root n=ansible | skipping: [localhost]
2023-03-02 22:19:22,102 p=6165 u=root n=ansible | TASK [openstack.kolla.docker : Ensure the path for CA file for private registry exists] ***
2023-03-02 22:19:22,185 p=6165 u=root n=ansible | skipping: [localhost]
2023-03-02 22:19:22,274 p=6165 u=root n=ansible | TASK [openstack.kolla.docker : Ensure the CA file for private registry exists] ***
2023-03-02 22:19:22,329 p=6165 u=root n=ansible | skipping: [localhost]
2023-03-02 22:19:22,441 p=6165 u=root n=ansible | TASK [openstack.kolla.docker : Flush handlers] *********************************
2023-03-02 22:19:22,442 p=6165 u=root n=ansible | RUNNING HANDLER [openstack.kolla.docker : Restart docker] **********************
2023-03-02 22:19:27,350 p=6165 u=root n=ansible | changed: [localhost]
2023-03-02 22:19:27,446 p=6165 u=root n=ansible | TASK [openstack.kolla.docker : Start and enable docker] ************************
2023-03-02 22:19:28,381 p=6165 u=root n=ansible | ok: [localhost]
2023-03-02 22:19:28,520 p=6165 u=root n=ansible | TASK [openstack.kolla.docker : include_tasks] **********************************
2023-03-02 22:19:28,587 p=6165 u=root n=ansible | skipping: [localhost]
2023-03-02 22:19:28,852 p=6165 u=root n=ansible | TASK [openstack.kolla.kolla_user : Ensure groups are present] ******************
2023-03-02 22:19:28,961 p=6165 u=root n=ansible | skipping: [localhost] => (item=docker) 
2023-03-02 22:19:28,977 p=6165 u=root n=ansible | skipping: [localhost] => (item=sudo) 
2023-03-02 22:19:28,987 p=6165 u=root n=ansible | skipping: [localhost] => (item=kolla) 
2023-03-02 22:19:29,161 p=6165 u=root n=ansible | TASK [openstack.kolla.kolla_user : Create kolla user] **************************
2023-03-02 22:19:29,244 p=6165 u=root n=ansible | skipping: [localhost]
2023-03-02 22:19:29,347 p=6165 u=root n=ansible | TASK [openstack.kolla.kolla_user : Add public key to kolla user authorized keys] ***
2023-03-02 22:19:29,409 p=6165 u=root n=ansible | skipping: [localhost]
2023-03-02 22:19:29,512 p=6165 u=root n=ansible | TASK [openstack.kolla.kolla_user : Grant kolla user passwordless sudo] *********
2023-03-02 22:19:29,561 p=6165 u=root n=ansible | skipping: [localhost]
2023-03-02 22:19:29,783 p=6165 u=root n=ansible | TASK [openstack.kolla.docker_sdk : Install latest pip in the virtualenv] *******
2023-03-02 22:19:29,861 p=6165 u=root n=ansible | skipping: [localhost]
2023-03-02 22:19:29,991 p=6165 u=root n=ansible | TASK [openstack.kolla.docker_sdk : Install docker SDK for python] **************
2023-03-02 22:19:43,266 p=6165 u=root n=ansible | ok: [localhost]
2023-03-02 22:19:43,514 p=6165 u=root n=ansible | TASK [openstack.kolla.baremetal : Ensure node_config_directory directory exists] ***
2023-03-02 22:19:44,337 p=6165 u=root n=ansible | ok: [localhost]
2023-03-02 22:19:44,429 p=6165 u=root n=ansible | TASK [openstack.kolla.apparmor_libvirt : include_tasks] ************************
2023-03-02 22:19:44,474 p=6165 u=root n=ansible | skipping: [localhost]
2023-03-02 22:19:44,651 p=6165 u=root n=ansible | TASK [openstack.kolla.baremetal : Change state of selinux] *********************
2023-03-02 22:19:46,399 p=6165 u=root n=ansible | ok: [localhost]
2023-03-02 22:19:46,484 p=6165 u=root n=ansible | TASK [openstack.kolla.baremetal : Set https proxy for git] *********************
2023-03-02 22:19:46,545 p=6165 u=root n=ansible | skipping: [localhost]
2023-03-02 22:19:46,647 p=6165 u=root n=ansible | TASK [openstack.kolla.baremetal : Set http proxy for git] **********************
2023-03-02 22:19:46,716 p=6165 u=root n=ansible | skipping: [localhost]
2023-03-02 22:19:46,835 p=6165 u=root n=ansible | TASK [openstack.kolla.baremetal : include_tasks] *******************************
2023-03-02 22:19:46,890 p=6165 u=root n=ansible | skipping: [localhost]
2023-03-02 22:19:47,156 p=6165 u=root n=ansible | PLAY RECAP *********************************************************************
2023-03-02 22:19:47,157 p=6165 u=root n=ansible | localhost                  : ok=17   changed=6    unreachable=0    failed=0    skipped=18   rescued=0    ignored=0   
