2023-03-31 18:25:39,662 p=5752 u=root n=ansible | [WARNING]: Invalid characters were found in group names but not replaced, use
-vvvv to see details

2023-03-31 18:25:41,745 p=5752 u=root n=ansible | PLAY [Gather facts for all hosts] **********************************************
2023-03-31 18:25:42,017 p=5752 u=root n=ansible | TASK [Gather facts] ************************************************************
2023-03-31 18:25:45,605 p=5752 u=root n=ansible | ok: [localhost]
2023-03-31 18:25:45,688 p=5752 u=root n=ansible | TASK [Group hosts to determine when using --limit] *****************************
2023-03-31 18:25:45,756 p=5752 u=root n=ansible | ok: [localhost]
2023-03-31 18:25:45,922 p=5752 u=root n=ansible | [WARNING]: Could not match supplied host pattern, ignoring:
all_using_limit_True

2023-03-31 18:25:45,930 p=5752 u=root n=ansible | PLAY [Gather facts for all hosts (if using --limit)] ***************************
2023-03-31 18:25:45,931 p=5752 u=root n=ansible | skipping: no hosts matched
2023-03-31 18:25:45,940 p=5752 u=root n=ansible | PLAY [Apply role baremetal] ****************************************************
2023-03-31 18:25:46,150 p=5752 u=root n=ansible | TASK [openstack.kolla.baremetal : Ensure localhost in /etc/hosts] **************
2023-03-31 18:25:47,009 p=5752 u=root n=ansible | changed: [localhost]
2023-03-31 18:25:47,097 p=5752 u=root n=ansible | TASK [openstack.kolla.baremetal : Ensure hostname does not point to 127.0.1.1 in /etc/hosts] ***
2023-03-31 18:25:47,595 p=5752 u=root n=ansible | ok: [localhost]
2023-03-31 18:25:47,697 p=5752 u=root n=ansible | TASK [openstack.kolla.baremetal : Generate /etc/hosts for all of the nodes] ****
2023-03-31 18:25:49,180 p=5752 u=root n=ansible | changed: [localhost]
2023-03-31 18:25:49,272 p=5752 u=root n=ansible | TASK [openstack.kolla.baremetal : Ensure unprivileged users can use ping] ******
2023-03-31 18:25:50,234 p=5752 u=root n=ansible | changed: [localhost]
2023-03-31 18:25:50,323 p=5752 u=root n=ansible | TASK [openstack.kolla.baremetal : Ensure /etc/cloud/cloud.cfg exists] **********
2023-03-31 18:25:51,343 p=5752 u=root n=ansible | ok: [localhost]
2023-03-31 18:25:51,432 p=5752 u=root n=ansible | TASK [openstack.kolla.baremetal : Disable cloud-init manage_etc_hosts] *********
2023-03-31 18:25:52,923 p=5752 u=root n=ansible | changed: [localhost]
2023-03-31 18:25:53,015 p=5752 u=root n=ansible | TASK [openstack.kolla.baremetal : Set firewall default policy] *****************
2023-03-31 18:25:53,062 p=5752 u=root n=ansible | skipping: [localhost]
2023-03-31 18:25:53,167 p=5752 u=root n=ansible | TASK [openstack.kolla.baremetal : Check if firewalld is installed] *************
2023-03-31 18:25:54,260 p=5752 u=root n=ansible | ok: [localhost]
2023-03-31 18:25:54,350 p=5752 u=root n=ansible | TASK [openstack.kolla.baremetal : Disable firewalld] ***************************
2023-03-31 18:25:54,417 p=5752 u=root n=ansible | skipping: [localhost] => (item=firewalld) 
2023-03-31 18:25:54,518 p=5752 u=root n=ansible | TASK [openstack.kolla.docker : Fail if docker_custom_option is defined] ********
2023-03-31 18:25:54,571 p=5752 u=root n=ansible | skipping: [localhost]
2023-03-31 18:25:54,656 p=5752 u=root n=ansible | TASK [openstack.kolla.docker : include_tasks] **********************************
2023-03-31 18:25:54,698 p=5752 u=root n=ansible | skipping: [localhost]
2023-03-31 18:25:54,784 p=5752 u=root n=ansible | TASK [openstack.kolla.docker : Ensure docker config directory exists] **********
2023-03-31 18:25:55,713 p=5752 u=root n=ansible | ok: [localhost]
2023-03-31 18:25:55,799 p=5752 u=root n=ansible | TASK [openstack.kolla.docker : Write docker config] ****************************
2023-03-31 18:25:57,099 p=5752 u=root n=ansible | changed: [localhost]
2023-03-31 18:25:57,186 p=5752 u=root n=ansible | TASK [openstack.kolla.docker : Remove old docker options file] *****************
2023-03-31 18:25:57,719 p=5752 u=root n=ansible | ok: [localhost]
2023-03-31 18:25:57,805 p=5752 u=root n=ansible | TASK [openstack.kolla.docker : Ensure docker service directory exists] *********
2023-03-31 18:25:57,853 p=5752 u=root n=ansible | skipping: [localhost]
2023-03-31 18:25:57,940 p=5752 u=root n=ansible | TASK [openstack.kolla.docker : Configure docker service] ***********************
2023-03-31 18:25:57,988 p=5752 u=root n=ansible | skipping: [localhost]
2023-03-31 18:25:58,072 p=5752 u=root n=ansible | TASK [openstack.kolla.docker : Ensure the path for CA file for private registry exists] ***
2023-03-31 18:25:58,118 p=5752 u=root n=ansible | skipping: [localhost]
2023-03-31 18:25:58,204 p=5752 u=root n=ansible | TASK [openstack.kolla.docker : Ensure the CA file for private registry exists] ***
2023-03-31 18:25:58,257 p=5752 u=root n=ansible | skipping: [localhost]
2023-03-31 18:25:58,341 p=5752 u=root n=ansible | TASK [openstack.kolla.docker : Flush handlers] *********************************
2023-03-31 18:25:58,342 p=5752 u=root n=ansible | RUNNING HANDLER [openstack.kolla.docker : Restart docker] **********************
2023-03-31 18:26:02,206 p=5752 u=root n=ansible | changed: [localhost]
2023-03-31 18:26:02,305 p=5752 u=root n=ansible | TASK [openstack.kolla.docker : Start and enable docker] ************************
2023-03-31 18:26:03,367 p=5752 u=root n=ansible | ok: [localhost]
2023-03-31 18:26:03,521 p=5752 u=root n=ansible | TASK [openstack.kolla.docker : include_tasks] **********************************
2023-03-31 18:26:03,572 p=5752 u=root n=ansible | skipping: [localhost]
2023-03-31 18:26:03,753 p=5752 u=root n=ansible | TASK [openstack.kolla.kolla_user : Ensure groups are present] ******************
2023-03-31 18:26:03,805 p=5752 u=root n=ansible | skipping: [localhost] => (item=docker) 
2023-03-31 18:26:03,817 p=5752 u=root n=ansible | skipping: [localhost] => (item=sudo) 
2023-03-31 18:26:03,825 p=5752 u=root n=ansible | skipping: [localhost] => (item=kolla) 
2023-03-31 18:26:03,921 p=5752 u=root n=ansible | TASK [openstack.kolla.kolla_user : Create kolla user] **************************
2023-03-31 18:26:03,970 p=5752 u=root n=ansible | skipping: [localhost]
2023-03-31 18:26:04,064 p=5752 u=root n=ansible | TASK [openstack.kolla.kolla_user : Add public key to kolla user authorized keys] ***
2023-03-31 18:26:04,112 p=5752 u=root n=ansible | skipping: [localhost]
2023-03-31 18:26:04,207 p=5752 u=root n=ansible | TASK [openstack.kolla.kolla_user : Grant kolla user passwordless sudo] *********
2023-03-31 18:26:04,267 p=5752 u=root n=ansible | skipping: [localhost]
2023-03-31 18:26:04,443 p=5752 u=root n=ansible | TASK [openstack.kolla.docker_sdk : Install latest pip in the virtualenv] *******
2023-03-31 18:26:04,500 p=5752 u=root n=ansible | skipping: [localhost]
2023-03-31 18:26:04,589 p=5752 u=root n=ansible | TASK [openstack.kolla.docker_sdk : Install docker SDK for python] **************
2023-03-31 18:26:30,990 p=5752 u=root n=ansible | ok: [localhost]
2023-03-31 18:26:31,152 p=5752 u=root n=ansible | TASK [openstack.kolla.baremetal : Ensure node_config_directory directory exists] ***
2023-03-31 18:26:31,665 p=5752 u=root n=ansible | ok: [localhost]
2023-03-31 18:26:31,750 p=5752 u=root n=ansible | TASK [openstack.kolla.apparmor_libvirt : include_tasks] ************************
2023-03-31 18:26:31,792 p=5752 u=root n=ansible | skipping: [localhost]
2023-03-31 18:26:31,982 p=5752 u=root n=ansible | TASK [openstack.kolla.baremetal : Change state of selinux] *********************
2023-03-31 18:26:33,612 p=5752 u=root n=ansible | ok: [localhost]
2023-03-31 18:26:33,727 p=5752 u=root n=ansible | TASK [openstack.kolla.baremetal : Set https proxy for git] *********************
2023-03-31 18:26:33,776 p=5752 u=root n=ansible | skipping: [localhost]
2023-03-31 18:26:33,869 p=5752 u=root n=ansible | TASK [openstack.kolla.baremetal : Set http proxy for git] **********************
2023-03-31 18:26:33,913 p=5752 u=root n=ansible | skipping: [localhost]
2023-03-31 18:26:34,000 p=5752 u=root n=ansible | TASK [openstack.kolla.baremetal : include_tasks] *******************************
2023-03-31 18:26:34,042 p=5752 u=root n=ansible | skipping: [localhost]
2023-03-31 18:26:34,305 p=5752 u=root n=ansible | PLAY RECAP *********************************************************************
2023-03-31 18:26:34,305 p=5752 u=root n=ansible | localhost                  : ok=17   changed=6    unreachable=0    failed=0    skipped=18   rescued=0    ignored=0   
