2023-04-11 22:00:28,132 p=6095 u=root n=ansible | [WARNING]: Invalid characters were found in group names but not replaced, use
-vvvv to see details

2023-04-11 22:00:30,387 p=6095 u=root n=ansible | PLAY [Gather facts for all hosts] **********************************************
2023-04-11 22:00:30,736 p=6095 u=root n=ansible | TASK [Gather facts] ************************************************************
2023-04-11 22:00:34,469 p=6095 u=root n=ansible | ok: [localhost]
2023-04-11 22:00:34,597 p=6095 u=root n=ansible | TASK [Group hosts to determine when using --limit] *****************************
2023-04-11 22:00:34,705 p=6095 u=root n=ansible | ok: [localhost]
2023-04-11 22:00:34,888 p=6095 u=root n=ansible | [WARNING]: Could not match supplied host pattern, ignoring:
all_using_limit_True

2023-04-11 22:00:34,900 p=6095 u=root n=ansible | PLAY [Gather facts for all hosts (if using --limit)] ***************************
2023-04-11 22:00:34,901 p=6095 u=root n=ansible | skipping: no hosts matched
2023-04-11 22:00:34,916 p=6095 u=root n=ansible | PLAY [Apply role baremetal] ****************************************************
2023-04-11 22:00:35,142 p=6095 u=root n=ansible | TASK [openstack.kolla.baremetal : Ensure localhost in /etc/hosts] **************
2023-04-11 22:00:36,345 p=6095 u=root n=ansible | changed: [localhost]
2023-04-11 22:00:36,441 p=6095 u=root n=ansible | TASK [openstack.kolla.baremetal : Ensure hostname does not point to 127.0.1.1 in /etc/hosts] ***
2023-04-11 22:00:37,023 p=6095 u=root n=ansible | ok: [localhost]
2023-04-11 22:00:37,116 p=6095 u=root n=ansible | TASK [openstack.kolla.baremetal : Generate /etc/hosts for all of the nodes] ****
2023-04-11 22:00:38,587 p=6095 u=root n=ansible | changed: [localhost]
2023-04-11 22:00:38,671 p=6095 u=root n=ansible | TASK [openstack.kolla.baremetal : Ensure unprivileged users can use ping] ******
2023-04-11 22:00:39,679 p=6095 u=root n=ansible | changed: [localhost]
2023-04-11 22:00:39,774 p=6095 u=root n=ansible | TASK [openstack.kolla.baremetal : Ensure /etc/cloud/cloud.cfg exists] **********
2023-04-11 22:00:40,827 p=6095 u=root n=ansible | ok: [localhost]
2023-04-11 22:00:40,915 p=6095 u=root n=ansible | TASK [openstack.kolla.baremetal : Disable cloud-init manage_etc_hosts] *********
2023-04-11 22:00:42,262 p=6095 u=root n=ansible | changed: [localhost]
2023-04-11 22:00:42,344 p=6095 u=root n=ansible | TASK [openstack.kolla.baremetal : Set firewall default policy] *****************
2023-04-11 22:00:42,390 p=6095 u=root n=ansible | skipping: [localhost]
2023-04-11 22:00:42,474 p=6095 u=root n=ansible | TASK [openstack.kolla.baremetal : Check if firewalld is installed] *************
2023-04-11 22:00:43,316 p=6095 u=root n=ansible | ok: [localhost]
2023-04-11 22:00:43,406 p=6095 u=root n=ansible | TASK [openstack.kolla.baremetal : Disable firewalld] ***************************
2023-04-11 22:00:43,482 p=6095 u=root n=ansible | skipping: [localhost] => (item=firewalld) 
2023-04-11 22:00:43,579 p=6095 u=root n=ansible | TASK [openstack.kolla.docker : Fail if docker_custom_option is defined] ********
2023-04-11 22:00:43,650 p=6095 u=root n=ansible | skipping: [localhost]
2023-04-11 22:00:43,738 p=6095 u=root n=ansible | TASK [openstack.kolla.docker : include_tasks] **********************************
2023-04-11 22:00:43,785 p=6095 u=root n=ansible | skipping: [localhost]
2023-04-11 22:00:43,875 p=6095 u=root n=ansible | TASK [openstack.kolla.docker : Ensure docker config directory exists] **********
2023-04-11 22:00:44,733 p=6095 u=root n=ansible | ok: [localhost]
2023-04-11 22:00:44,867 p=6095 u=root n=ansible | TASK [openstack.kolla.docker : Write docker config] ****************************
2023-04-11 22:00:46,157 p=6095 u=root n=ansible | changed: [localhost]
2023-04-11 22:00:46,246 p=6095 u=root n=ansible | TASK [openstack.kolla.docker : Remove old docker options file] *****************
2023-04-11 22:00:46,756 p=6095 u=root n=ansible | ok: [localhost]
2023-04-11 22:00:46,841 p=6095 u=root n=ansible | TASK [openstack.kolla.docker : Ensure docker service directory exists] *********
2023-04-11 22:00:46,895 p=6095 u=root n=ansible | skipping: [localhost]
2023-04-11 22:00:46,987 p=6095 u=root n=ansible | TASK [openstack.kolla.docker : Configure docker service] ***********************
2023-04-11 22:00:47,036 p=6095 u=root n=ansible | skipping: [localhost]
2023-04-11 22:00:47,120 p=6095 u=root n=ansible | TASK [openstack.kolla.docker : Ensure the path for CA file for private registry exists] ***
2023-04-11 22:00:47,190 p=6095 u=root n=ansible | skipping: [localhost]
2023-04-11 22:00:47,343 p=6095 u=root n=ansible | TASK [openstack.kolla.docker : Ensure the CA file for private registry exists] ***
2023-04-11 22:00:47,393 p=6095 u=root n=ansible | skipping: [localhost]
2023-04-11 22:00:47,479 p=6095 u=root n=ansible | TASK [openstack.kolla.docker : Flush handlers] *********************************
2023-04-11 22:00:47,480 p=6095 u=root n=ansible | RUNNING HANDLER [openstack.kolla.docker : Restart docker] **********************
2023-04-11 22:00:52,376 p=6095 u=root n=ansible | changed: [localhost]
2023-04-11 22:00:52,487 p=6095 u=root n=ansible | TASK [openstack.kolla.docker : Start and enable docker] ************************
2023-04-11 22:00:53,948 p=6095 u=root n=ansible | ok: [localhost]
2023-04-11 22:00:54,104 p=6095 u=root n=ansible | TASK [openstack.kolla.docker : include_tasks] **********************************
2023-04-11 22:00:54,179 p=6095 u=root n=ansible | skipping: [localhost]
2023-04-11 22:00:54,396 p=6095 u=root n=ansible | TASK [openstack.kolla.kolla_user : Ensure groups are present] ******************
2023-04-11 22:00:54,456 p=6095 u=root n=ansible | skipping: [localhost] => (item=docker) 
2023-04-11 22:00:54,468 p=6095 u=root n=ansible | skipping: [localhost] => (item=sudo) 
2023-04-11 22:00:54,474 p=6095 u=root n=ansible | skipping: [localhost] => (item=kolla) 
2023-04-11 22:00:54,612 p=6095 u=root n=ansible | TASK [openstack.kolla.kolla_user : Create kolla user] **************************
2023-04-11 22:00:54,683 p=6095 u=root n=ansible | skipping: [localhost]
2023-04-11 22:00:54,796 p=6095 u=root n=ansible | TASK [openstack.kolla.kolla_user : Add public key to kolla user authorized keys] ***
2023-04-11 22:00:54,870 p=6095 u=root n=ansible | skipping: [localhost]
2023-04-11 22:00:54,998 p=6095 u=root n=ansible | TASK [openstack.kolla.kolla_user : Grant kolla user passwordless sudo] *********
2023-04-11 22:00:55,069 p=6095 u=root n=ansible | skipping: [localhost]
2023-04-11 22:00:55,332 p=6095 u=root n=ansible | TASK [openstack.kolla.docker_sdk : Install latest pip in the virtualenv] *******
2023-04-11 22:00:55,405 p=6095 u=root n=ansible | skipping: [localhost]
2023-04-11 22:00:55,502 p=6095 u=root n=ansible | TASK [openstack.kolla.docker_sdk : Install docker SDK for python] **************
2023-04-11 22:01:22,177 p=6095 u=root n=ansible | ok: [localhost]
2023-04-11 22:01:22,352 p=6095 u=root n=ansible | TASK [openstack.kolla.baremetal : Ensure node_config_directory directory exists] ***
2023-04-11 22:01:22,894 p=6095 u=root n=ansible | ok: [localhost]
2023-04-11 22:01:23,013 p=6095 u=root n=ansible | TASK [openstack.kolla.apparmor_libvirt : include_tasks] ************************
2023-04-11 22:01:23,066 p=6095 u=root n=ansible | skipping: [localhost]
2023-04-11 22:01:23,283 p=6095 u=root n=ansible | TASK [openstack.kolla.baremetal : Change state of selinux] *********************
2023-04-11 22:01:24,907 p=6095 u=root n=ansible | ok: [localhost]
2023-04-11 22:01:25,027 p=6095 u=root n=ansible | TASK [openstack.kolla.baremetal : Set https proxy for git] *********************
2023-04-11 22:01:25,094 p=6095 u=root n=ansible | skipping: [localhost]
2023-04-11 22:01:25,229 p=6095 u=root n=ansible | TASK [openstack.kolla.baremetal : Set http proxy for git] **********************
2023-04-11 22:01:25,291 p=6095 u=root n=ansible | skipping: [localhost]
2023-04-11 22:01:25,426 p=6095 u=root n=ansible | TASK [openstack.kolla.baremetal : include_tasks] *******************************
2023-04-11 22:01:25,484 p=6095 u=root n=ansible | skipping: [localhost]
2023-04-11 22:01:25,749 p=6095 u=root n=ansible | PLAY RECAP *********************************************************************
2023-04-11 22:01:25,750 p=6095 u=root n=ansible | localhost                  : ok=17   changed=6    unreachable=0    failed=0    skipped=18   rescued=0    ignored=0   
