2023-04-06 02:50:44,558 p=5754 u=root n=ansible | [WARNING]: Invalid characters were found in group names but not replaced, use
-vvvv to see details

2023-04-06 02:50:46,491 p=5754 u=root n=ansible | PLAY [Gather facts for all hosts] **********************************************
2023-04-06 02:50:46,787 p=5754 u=root n=ansible | TASK [Gather facts] ************************************************************
2023-04-06 02:50:50,929 p=5754 u=root n=ansible | ok: [localhost]
2023-04-06 02:50:51,056 p=5754 u=root n=ansible | TASK [Group hosts to determine when using --limit] *****************************
2023-04-06 02:50:51,123 p=5754 u=root n=ansible | ok: [localhost]
2023-04-06 02:50:51,289 p=5754 u=root n=ansible | [WARNING]: Could not match supplied host pattern, ignoring:
all_using_limit_True

2023-04-06 02:50:51,300 p=5754 u=root n=ansible | PLAY [Gather facts for all hosts (if using --limit)] ***************************
2023-04-06 02:50:51,300 p=5754 u=root n=ansible | skipping: no hosts matched
2023-04-06 02:50:51,311 p=5754 u=root n=ansible | PLAY [Apply role baremetal] ****************************************************
2023-04-06 02:50:51,539 p=5754 u=root n=ansible | TASK [openstack.kolla.baremetal : Ensure localhost in /etc/hosts] **************
2023-04-06 02:50:52,335 p=5754 u=root n=ansible | changed: [localhost]
2023-04-06 02:50:52,420 p=5754 u=root n=ansible | TASK [openstack.kolla.baremetal : Ensure hostname does not point to 127.0.1.1 in /etc/hosts] ***
2023-04-06 02:50:52,914 p=5754 u=root n=ansible | ok: [localhost]
2023-04-06 02:50:53,012 p=5754 u=root n=ansible | TASK [openstack.kolla.baremetal : Generate /etc/hosts for all of the nodes] ****
2023-04-06 02:50:54,645 p=5754 u=root n=ansible | changed: [localhost]
2023-04-06 02:50:54,765 p=5754 u=root n=ansible | TASK [openstack.kolla.baremetal : Ensure unprivileged users can use ping] ******
2023-04-06 02:50:55,760 p=5754 u=root n=ansible | changed: [localhost]
2023-04-06 02:50:55,847 p=5754 u=root n=ansible | TASK [openstack.kolla.baremetal : Ensure /etc/cloud/cloud.cfg exists] **********
2023-04-06 02:50:56,801 p=5754 u=root n=ansible | ok: [localhost]
2023-04-06 02:50:56,893 p=5754 u=root n=ansible | TASK [openstack.kolla.baremetal : Disable cloud-init manage_etc_hosts] *********
2023-04-06 02:50:58,402 p=5754 u=root n=ansible | changed: [localhost]
2023-04-06 02:50:58,504 p=5754 u=root n=ansible | TASK [openstack.kolla.baremetal : Set firewall default policy] *****************
2023-04-06 02:50:58,565 p=5754 u=root n=ansible | skipping: [localhost]
2023-04-06 02:50:58,669 p=5754 u=root n=ansible | TASK [openstack.kolla.baremetal : Check if firewalld is installed] *************
2023-04-06 02:50:59,601 p=5754 u=root n=ansible | ok: [localhost]
2023-04-06 02:50:59,687 p=5754 u=root n=ansible | TASK [openstack.kolla.baremetal : Disable firewalld] ***************************
2023-04-06 02:50:59,748 p=5754 u=root n=ansible | skipping: [localhost] => (item=firewalld) 
2023-04-06 02:50:59,836 p=5754 u=root n=ansible | TASK [openstack.kolla.docker : Fail if docker_custom_option is defined] ********
2023-04-06 02:50:59,923 p=5754 u=root n=ansible | skipping: [localhost]
2023-04-06 02:51:00,011 p=5754 u=root n=ansible | TASK [openstack.kolla.docker : include_tasks] **********************************
2023-04-06 02:51:00,054 p=5754 u=root n=ansible | skipping: [localhost]
2023-04-06 02:51:00,157 p=5754 u=root n=ansible | TASK [openstack.kolla.docker : Ensure docker config directory exists] **********
2023-04-06 02:51:01,088 p=5754 u=root n=ansible | ok: [localhost]
2023-04-06 02:51:01,179 p=5754 u=root n=ansible | TASK [openstack.kolla.docker : Write docker config] ****************************
2023-04-06 02:51:02,355 p=5754 u=root n=ansible | changed: [localhost]
2023-04-06 02:51:02,442 p=5754 u=root n=ansible | TASK [openstack.kolla.docker : Remove old docker options file] *****************
2023-04-06 02:51:02,929 p=5754 u=root n=ansible | ok: [localhost]
2023-04-06 02:51:03,013 p=5754 u=root n=ansible | TASK [openstack.kolla.docker : Ensure docker service directory exists] *********
2023-04-06 02:51:03,084 p=5754 u=root n=ansible | skipping: [localhost]
2023-04-06 02:51:03,177 p=5754 u=root n=ansible | TASK [openstack.kolla.docker : Configure docker service] ***********************
2023-04-06 02:51:03,228 p=5754 u=root n=ansible | skipping: [localhost]
2023-04-06 02:51:03,315 p=5754 u=root n=ansible | TASK [openstack.kolla.docker : Ensure the path for CA file for private registry exists] ***
2023-04-06 02:51:03,386 p=5754 u=root n=ansible | skipping: [localhost]
2023-04-06 02:51:03,472 p=5754 u=root n=ansible | TASK [openstack.kolla.docker : Ensure the CA file for private registry exists] ***
2023-04-06 02:51:03,536 p=5754 u=root n=ansible | skipping: [localhost]
2023-04-06 02:51:03,624 p=5754 u=root n=ansible | TASK [openstack.kolla.docker : Flush handlers] *********************************
2023-04-06 02:51:03,625 p=5754 u=root n=ansible | RUNNING HANDLER [openstack.kolla.docker : Restart docker] **********************
2023-04-06 02:51:07,430 p=5754 u=root n=ansible | changed: [localhost]
2023-04-06 02:51:07,537 p=5754 u=root n=ansible | TASK [openstack.kolla.docker : Start and enable docker] ************************
2023-04-06 02:51:08,565 p=5754 u=root n=ansible | ok: [localhost]
2023-04-06 02:51:08,671 p=5754 u=root n=ansible | TASK [openstack.kolla.docker : include_tasks] **********************************
2023-04-06 02:51:08,726 p=5754 u=root n=ansible | skipping: [localhost]
2023-04-06 02:51:08,937 p=5754 u=root n=ansible | TASK [openstack.kolla.kolla_user : Ensure groups are present] ******************
2023-04-06 02:51:08,994 p=5754 u=root n=ansible | skipping: [localhost] => (item=docker) 
2023-04-06 02:51:08,997 p=5754 u=root n=ansible | skipping: [localhost] => (item=sudo) 
2023-04-06 02:51:09,006 p=5754 u=root n=ansible | skipping: [localhost] => (item=kolla) 
2023-04-06 02:51:09,099 p=5754 u=root n=ansible | TASK [openstack.kolla.kolla_user : Create kolla user] **************************
2023-04-06 02:51:09,148 p=5754 u=root n=ansible | skipping: [localhost]
2023-04-06 02:51:09,236 p=5754 u=root n=ansible | TASK [openstack.kolla.kolla_user : Add public key to kolla user authorized keys] ***
2023-04-06 02:51:09,279 p=5754 u=root n=ansible | skipping: [localhost]
2023-04-06 02:51:09,369 p=5754 u=root n=ansible | TASK [openstack.kolla.kolla_user : Grant kolla user passwordless sudo] *********
2023-04-06 02:51:09,413 p=5754 u=root n=ansible | skipping: [localhost]
2023-04-06 02:51:09,589 p=5754 u=root n=ansible | TASK [openstack.kolla.docker_sdk : Install latest pip in the virtualenv] *******
2023-04-06 02:51:09,646 p=5754 u=root n=ansible | skipping: [localhost]
2023-04-06 02:51:09,731 p=5754 u=root n=ansible | TASK [openstack.kolla.docker_sdk : Install docker SDK for python] **************
2023-04-06 02:51:35,343 p=5754 u=root n=ansible | ok: [localhost]
2023-04-06 02:51:35,504 p=5754 u=root n=ansible | TASK [openstack.kolla.baremetal : Ensure node_config_directory directory exists] ***
2023-04-06 02:51:36,031 p=5754 u=root n=ansible | ok: [localhost]
2023-04-06 02:51:36,164 p=5754 u=root n=ansible | TASK [openstack.kolla.apparmor_libvirt : include_tasks] ************************
2023-04-06 02:51:36,213 p=5754 u=root n=ansible | skipping: [localhost]
2023-04-06 02:51:36,466 p=5754 u=root n=ansible | TASK [openstack.kolla.baremetal : Change state of selinux] *********************
2023-04-06 02:51:38,069 p=5754 u=root n=ansible | ok: [localhost]
2023-04-06 02:51:38,172 p=5754 u=root n=ansible | TASK [openstack.kolla.baremetal : Set https proxy for git] *********************
2023-04-06 02:51:38,227 p=5754 u=root n=ansible | skipping: [localhost]
2023-04-06 02:51:38,315 p=5754 u=root n=ansible | TASK [openstack.kolla.baremetal : Set http proxy for git] **********************
2023-04-06 02:51:38,357 p=5754 u=root n=ansible | skipping: [localhost]
2023-04-06 02:51:38,443 p=5754 u=root n=ansible | TASK [openstack.kolla.baremetal : include_tasks] *******************************
2023-04-06 02:51:38,487 p=5754 u=root n=ansible | skipping: [localhost]
2023-04-06 02:51:38,755 p=5754 u=root n=ansible | PLAY RECAP *********************************************************************
2023-04-06 02:51:38,756 p=5754 u=root n=ansible | localhost                  : ok=17   changed=6    unreachable=0    failed=0    skipped=18   rescued=0    ignored=0   
