2023-02-15 15:35:41,911 p=5747 u=root n=ansible | [WARNING]: Invalid characters were found in group names but not replaced, use
-vvvv to see details

2023-02-15 15:35:47,060 p=5747 u=root n=ansible | PLAY [Gather facts for all hosts] **********************************************
2023-02-15 15:35:47,502 p=5747 u=root n=ansible | TASK [Gather facts] ************************************************************
2023-02-15 15:35:56,950 p=5747 u=root n=ansible | ok: [localhost]
2023-02-15 15:35:57,035 p=5747 u=root n=ansible | TASK [Group hosts to determine when using --limit] *****************************
2023-02-15 15:35:57,106 p=5747 u=root n=ansible | ok: [localhost]
2023-02-15 15:35:57,286 p=5747 u=root n=ansible | [WARNING]: Could not match supplied host pattern, ignoring:
all_using_limit_True

2023-02-15 15:35:57,294 p=5747 u=root n=ansible | PLAY [Gather facts for all hosts (if using --limit)] ***************************
2023-02-15 15:35:57,294 p=5747 u=root n=ansible | skipping: no hosts matched
2023-02-15 15:35:57,302 p=5747 u=root n=ansible | PLAY [Apply role baremetal] ****************************************************
2023-02-15 15:35:57,509 p=5747 u=root n=ansible | TASK [openstack.kolla.baremetal : Ensure localhost in /etc/hosts] **************
2023-02-15 15:35:58,357 p=5747 u=root n=ansible | changed: [localhost]
2023-02-15 15:35:58,440 p=5747 u=root n=ansible | TASK [openstack.kolla.baremetal : Ensure hostname does not point to 127.0.1.1 in /etc/hosts] ***
2023-02-15 15:35:58,916 p=5747 u=root n=ansible | ok: [localhost]
2023-02-15 15:35:59,002 p=5747 u=root n=ansible | TASK [openstack.kolla.baremetal : Generate /etc/hosts for all of the nodes] ****
2023-02-15 15:36:00,478 p=5747 u=root n=ansible | changed: [localhost]
2023-02-15 15:36:00,563 p=5747 u=root n=ansible | TASK [openstack.kolla.baremetal : Ensure unprivileged users can use ping] ******
2023-02-15 15:36:01,461 p=5747 u=root n=ansible | changed: [localhost]
2023-02-15 15:36:01,571 p=5747 u=root n=ansible | TASK [openstack.kolla.baremetal : Ensure /etc/cloud/cloud.cfg exists] **********
2023-02-15 15:36:02,533 p=5747 u=root n=ansible | ok: [localhost]
2023-02-15 15:36:02,620 p=5747 u=root n=ansible | TASK [openstack.kolla.baremetal : Disable cloud-init manage_etc_hosts] *********
2023-02-15 15:36:04,019 p=5747 u=root n=ansible | changed: [localhost]
2023-02-15 15:36:04,177 p=5747 u=root n=ansible | TASK [openstack.kolla.baremetal : Set firewall default policy] *****************
2023-02-15 15:36:04,257 p=5747 u=root n=ansible | skipping: [localhost]
2023-02-15 15:36:04,411 p=5747 u=root n=ansible | TASK [openstack.kolla.baremetal : Check if firewalld is installed] *************
2023-02-15 15:36:05,425 p=5747 u=root n=ansible | ok: [localhost]
2023-02-15 15:36:05,517 p=5747 u=root n=ansible | TASK [openstack.kolla.baremetal : Disable firewalld] ***************************
2023-02-15 15:36:05,600 p=5747 u=root n=ansible | skipping: [localhost] => (item=firewalld) 
2023-02-15 15:36:05,699 p=5747 u=root n=ansible | TASK [openstack.kolla.docker : Fail if docker_custom_option is defined] ********
2023-02-15 15:36:05,776 p=5747 u=root n=ansible | skipping: [localhost]
2023-02-15 15:36:05,912 p=5747 u=root n=ansible | TASK [openstack.kolla.docker : include_tasks] **********************************
2023-02-15 15:36:05,984 p=5747 u=root n=ansible | skipping: [localhost]
2023-02-15 15:36:06,109 p=5747 u=root n=ansible | TASK [openstack.kolla.docker : Ensure docker config directory exists] **********
2023-02-15 15:36:07,143 p=5747 u=root n=ansible | ok: [localhost]
2023-02-15 15:36:07,251 p=5747 u=root n=ansible | TASK [openstack.kolla.docker : Write docker config] ****************************
2023-02-15 15:36:08,747 p=5747 u=root n=ansible | changed: [localhost]
2023-02-15 15:36:08,845 p=5747 u=root n=ansible | TASK [openstack.kolla.docker : Remove old docker options file] *****************
2023-02-15 15:36:09,350 p=5747 u=root n=ansible | ok: [localhost]
2023-02-15 15:36:09,438 p=5747 u=root n=ansible | TASK [openstack.kolla.docker : Ensure docker service directory exists] *********
2023-02-15 15:36:09,491 p=5747 u=root n=ansible | skipping: [localhost]
2023-02-15 15:36:09,619 p=5747 u=root n=ansible | TASK [openstack.kolla.docker : Configure docker service] ***********************
2023-02-15 15:36:09,717 p=5747 u=root n=ansible | skipping: [localhost]
2023-02-15 15:36:09,860 p=5747 u=root n=ansible | TASK [openstack.kolla.docker : Ensure the path for CA file for private registry exists] ***
2023-02-15 15:36:09,929 p=5747 u=root n=ansible | skipping: [localhost]
2023-02-15 15:36:10,104 p=5747 u=root n=ansible | TASK [openstack.kolla.docker : Ensure the CA file for private registry exists] ***
2023-02-15 15:36:10,158 p=5747 u=root n=ansible | skipping: [localhost]
2023-02-15 15:36:10,264 p=5747 u=root n=ansible | TASK [openstack.kolla.docker : Flush handlers] *********************************
2023-02-15 15:36:10,264 p=5747 u=root n=ansible | RUNNING HANDLER [openstack.kolla.docker : Restart docker] **********************
2023-02-15 15:36:13,431 p=5747 u=root n=ansible | changed: [localhost]
2023-02-15 15:36:13,553 p=5747 u=root n=ansible | TASK [openstack.kolla.docker : Start and enable docker] ************************
2023-02-15 15:36:14,605 p=5747 u=root n=ansible | ok: [localhost]
2023-02-15 15:36:14,746 p=5747 u=root n=ansible | TASK [openstack.kolla.docker : include_tasks] **********************************
2023-02-15 15:36:14,815 p=5747 u=root n=ansible | skipping: [localhost]
2023-02-15 15:36:15,053 p=5747 u=root n=ansible | TASK [openstack.kolla.kolla_user : Ensure groups are present] ******************
2023-02-15 15:36:15,132 p=5747 u=root n=ansible | skipping: [localhost] => (item=docker) 
2023-02-15 15:36:15,149 p=5747 u=root n=ansible | skipping: [localhost] => (item=sudo) 
2023-02-15 15:36:15,160 p=5747 u=root n=ansible | skipping: [localhost] => (item=kolla) 
2023-02-15 15:36:15,333 p=5747 u=root n=ansible | TASK [openstack.kolla.kolla_user : Create kolla user] **************************
2023-02-15 15:36:15,390 p=5747 u=root n=ansible | skipping: [localhost]
2023-02-15 15:36:15,481 p=5747 u=root n=ansible | TASK [openstack.kolla.kolla_user : Add public key to kolla user authorized keys] ***
2023-02-15 15:36:15,525 p=5747 u=root n=ansible | skipping: [localhost]
2023-02-15 15:36:15,610 p=5747 u=root n=ansible | TASK [openstack.kolla.kolla_user : Grant kolla user passwordless sudo] *********
2023-02-15 15:36:15,654 p=5747 u=root n=ansible | skipping: [localhost]
2023-02-15 15:36:15,858 p=5747 u=root n=ansible | TASK [openstack.kolla.docker_sdk : Install latest pip in the virtualenv] *******
2023-02-15 15:36:15,926 p=5747 u=root n=ansible | skipping: [localhost]
2023-02-15 15:36:16,052 p=5747 u=root n=ansible | TASK [openstack.kolla.docker_sdk : Install docker SDK for python] **************
2023-02-15 15:36:22,222 p=5747 u=root n=ansible | ok: [localhost]
2023-02-15 15:36:22,382 p=5747 u=root n=ansible | TASK [openstack.kolla.baremetal : Ensure node_config_directory directory exists] ***
2023-02-15 15:36:22,954 p=5747 u=root n=ansible | ok: [localhost]
2023-02-15 15:36:23,056 p=5747 u=root n=ansible | TASK [openstack.kolla.apparmor_libvirt : include_tasks] ************************
2023-02-15 15:36:23,106 p=5747 u=root n=ansible | skipping: [localhost]
2023-02-15 15:36:23,316 p=5747 u=root n=ansible | TASK [openstack.kolla.baremetal : Change state of selinux] *********************
2023-02-15 15:36:25,125 p=5747 u=root n=ansible | ok: [localhost]
2023-02-15 15:36:25,212 p=5747 u=root n=ansible | TASK [openstack.kolla.baremetal : Set https proxy for git] *********************
2023-02-15 15:36:25,258 p=5747 u=root n=ansible | skipping: [localhost]
2023-02-15 15:36:25,347 p=5747 u=root n=ansible | TASK [openstack.kolla.baremetal : Set http proxy for git] **********************
2023-02-15 15:36:25,405 p=5747 u=root n=ansible | skipping: [localhost]
2023-02-15 15:36:25,515 p=5747 u=root n=ansible | TASK [openstack.kolla.baremetal : include_tasks] *******************************
2023-02-15 15:36:25,566 p=5747 u=root n=ansible | skipping: [localhost]
2023-02-15 15:36:25,875 p=5747 u=root n=ansible | PLAY RECAP *********************************************************************
2023-02-15 15:36:25,876 p=5747 u=root n=ansible | localhost                  : ok=17   changed=6    unreachable=0    failed=0    skipped=18   rescued=0    ignored=0   
