2023-02-24 09:20:35,076 p=5734 u=root n=ansible | [WARNING]: Invalid characters were found in group names but not replaced, use
-vvvv to see details

2023-02-24 09:20:40,273 p=5734 u=root n=ansible | PLAY [Gather facts for all hosts] **********************************************
2023-02-24 09:20:40,618 p=5734 u=root n=ansible | TASK [Gather facts] ************************************************************
2023-02-24 09:20:46,763 p=5734 u=root n=ansible | ok: [localhost]
2023-02-24 09:20:46,853 p=5734 u=root n=ansible | TASK [Group hosts to determine when using --limit] *****************************
2023-02-24 09:20:46,920 p=5734 u=root n=ansible | ok: [localhost]
2023-02-24 09:20:47,112 p=5734 u=root n=ansible | [WARNING]: Could not match supplied host pattern, ignoring:
all_using_limit_True

2023-02-24 09:20:47,120 p=5734 u=root n=ansible | PLAY [Gather facts for all hosts (if using --limit)] ***************************
2023-02-24 09:20:47,121 p=5734 u=root n=ansible | skipping: no hosts matched
2023-02-24 09:20:47,129 p=5734 u=root n=ansible | PLAY [Apply role baremetal] ****************************************************
2023-02-24 09:20:47,345 p=5734 u=root n=ansible | TASK [openstack.kolla.baremetal : Ensure localhost in /etc/hosts] **************
2023-02-24 09:20:48,383 p=5734 u=root n=ansible | changed: [localhost]
2023-02-24 09:20:48,471 p=5734 u=root n=ansible | TASK [openstack.kolla.baremetal : Ensure hostname does not point to 127.0.1.1 in /etc/hosts] ***
2023-02-24 09:20:48,976 p=5734 u=root n=ansible | ok: [localhost]
2023-02-24 09:20:49,095 p=5734 u=root n=ansible | TASK [openstack.kolla.baremetal : Generate /etc/hosts for all of the nodes] ****
2023-02-24 09:20:50,473 p=5734 u=root n=ansible | changed: [localhost]
2023-02-24 09:20:50,580 p=5734 u=root n=ansible | TASK [openstack.kolla.baremetal : Ensure unprivileged users can use ping] ******
2023-02-24 09:20:51,804 p=5734 u=root n=ansible | changed: [localhost]
2023-02-24 09:20:51,896 p=5734 u=root n=ansible | TASK [openstack.kolla.baremetal : Ensure /etc/cloud/cloud.cfg exists] **********
2023-02-24 09:20:53,209 p=5734 u=root n=ansible | ok: [localhost]
2023-02-24 09:20:53,364 p=5734 u=root n=ansible | TASK [openstack.kolla.baremetal : Disable cloud-init manage_etc_hosts] *********
2023-02-24 09:20:54,883 p=5734 u=root n=ansible | changed: [localhost]
2023-02-24 09:20:54,972 p=5734 u=root n=ansible | TASK [openstack.kolla.baremetal : Set firewall default policy] *****************
2023-02-24 09:20:55,023 p=5734 u=root n=ansible | skipping: [localhost]
2023-02-24 09:20:55,139 p=5734 u=root n=ansible | TASK [openstack.kolla.baremetal : Check if firewalld is installed] *************
2023-02-24 09:20:56,099 p=5734 u=root n=ansible | ok: [localhost]
2023-02-24 09:20:56,221 p=5734 u=root n=ansible | TASK [openstack.kolla.baremetal : Disable firewalld] ***************************
2023-02-24 09:20:56,316 p=5734 u=root n=ansible | skipping: [localhost] => (item=firewalld) 
2023-02-24 09:20:56,442 p=5734 u=root n=ansible | TASK [openstack.kolla.docker : Fail if docker_custom_option is defined] ********
2023-02-24 09:20:56,527 p=5734 u=root n=ansible | skipping: [localhost]
2023-02-24 09:20:56,613 p=5734 u=root n=ansible | TASK [openstack.kolla.docker : include_tasks] **********************************
2023-02-24 09:20:56,661 p=5734 u=root n=ansible | skipping: [localhost]
2023-02-24 09:20:56,751 p=5734 u=root n=ansible | TASK [openstack.kolla.docker : Ensure docker config directory exists] **********
2023-02-24 09:20:57,691 p=5734 u=root n=ansible | ok: [localhost]
2023-02-24 09:20:57,790 p=5734 u=root n=ansible | TASK [openstack.kolla.docker : Write docker config] ****************************
2023-02-24 09:20:59,228 p=5734 u=root n=ansible | changed: [localhost]
2023-02-24 09:20:59,317 p=5734 u=root n=ansible | TASK [openstack.kolla.docker : Remove old docker options file] *****************
2023-02-24 09:20:59,794 p=5734 u=root n=ansible | ok: [localhost]
2023-02-24 09:20:59,882 p=5734 u=root n=ansible | TASK [openstack.kolla.docker : Ensure docker service directory exists] *********
2023-02-24 09:20:59,932 p=5734 u=root n=ansible | skipping: [localhost]
2023-02-24 09:21:00,046 p=5734 u=root n=ansible | TASK [openstack.kolla.docker : Configure docker service] ***********************
2023-02-24 09:21:00,100 p=5734 u=root n=ansible | skipping: [localhost]
2023-02-24 09:21:00,214 p=5734 u=root n=ansible | TASK [openstack.kolla.docker : Ensure the path for CA file for private registry exists] ***
2023-02-24 09:21:00,278 p=5734 u=root n=ansible | skipping: [localhost]
2023-02-24 09:21:00,416 p=5734 u=root n=ansible | TASK [openstack.kolla.docker : Ensure the CA file for private registry exists] ***
2023-02-24 09:21:00,518 p=5734 u=root n=ansible | skipping: [localhost]
2023-02-24 09:21:00,652 p=5734 u=root n=ansible | TASK [openstack.kolla.docker : Flush handlers] *********************************
2023-02-24 09:21:00,654 p=5734 u=root n=ansible | RUNNING HANDLER [openstack.kolla.docker : Restart docker] **********************
2023-02-24 09:21:04,559 p=5734 u=root n=ansible | changed: [localhost]
2023-02-24 09:21:04,652 p=5734 u=root n=ansible | TASK [openstack.kolla.docker : Start and enable docker] ************************
2023-02-24 09:21:05,584 p=5734 u=root n=ansible | ok: [localhost]
2023-02-24 09:21:05,692 p=5734 u=root n=ansible | TASK [openstack.kolla.docker : include_tasks] **********************************
2023-02-24 09:21:05,750 p=5734 u=root n=ansible | skipping: [localhost]
2023-02-24 09:21:05,982 p=5734 u=root n=ansible | TASK [openstack.kolla.kolla_user : Ensure groups are present] ******************
2023-02-24 09:21:06,039 p=5734 u=root n=ansible | skipping: [localhost] => (item=docker) 
2023-02-24 09:21:06,047 p=5734 u=root n=ansible | skipping: [localhost] => (item=sudo) 
2023-02-24 09:21:06,054 p=5734 u=root n=ansible | skipping: [localhost] => (item=kolla) 
2023-02-24 09:21:06,185 p=5734 u=root n=ansible | TASK [openstack.kolla.kolla_user : Create kolla user] **************************
2023-02-24 09:21:06,230 p=5734 u=root n=ansible | skipping: [localhost]
2023-02-24 09:21:06,356 p=5734 u=root n=ansible | TASK [openstack.kolla.kolla_user : Add public key to kolla user authorized keys] ***
2023-02-24 09:21:06,398 p=5734 u=root n=ansible | skipping: [localhost]
2023-02-24 09:21:06,494 p=5734 u=root n=ansible | TASK [openstack.kolla.kolla_user : Grant kolla user passwordless sudo] *********
2023-02-24 09:21:06,537 p=5734 u=root n=ansible | skipping: [localhost]
2023-02-24 09:21:06,725 p=5734 u=root n=ansible | TASK [openstack.kolla.docker_sdk : Install latest pip in the virtualenv] *******
2023-02-24 09:21:06,787 p=5734 u=root n=ansible | skipping: [localhost]
2023-02-24 09:21:06,873 p=5734 u=root n=ansible | TASK [openstack.kolla.docker_sdk : Install docker SDK for python] **************
2023-02-24 09:21:33,107 p=5734 u=root n=ansible | ok: [localhost]
2023-02-24 09:21:33,272 p=5734 u=root n=ansible | TASK [openstack.kolla.baremetal : Ensure node_config_directory directory exists] ***
2023-02-24 09:21:33,833 p=5734 u=root n=ansible | ok: [localhost]
2023-02-24 09:21:33,949 p=5734 u=root n=ansible | TASK [openstack.kolla.apparmor_libvirt : include_tasks] ************************
2023-02-24 09:21:34,003 p=5734 u=root n=ansible | skipping: [localhost]
2023-02-24 09:21:34,176 p=5734 u=root n=ansible | TASK [openstack.kolla.baremetal : Change state of selinux] *********************
2023-02-24 09:21:35,762 p=5734 u=root n=ansible | ok: [localhost]
2023-02-24 09:21:35,857 p=5734 u=root n=ansible | TASK [openstack.kolla.baremetal : Set https proxy for git] *********************
2023-02-24 09:21:35,908 p=5734 u=root n=ansible | skipping: [localhost]
2023-02-24 09:21:36,002 p=5734 u=root n=ansible | TASK [openstack.kolla.baremetal : Set http proxy for git] **********************
2023-02-24 09:21:36,055 p=5734 u=root n=ansible | skipping: [localhost]
2023-02-24 09:21:36,166 p=5734 u=root n=ansible | TASK [openstack.kolla.baremetal : include_tasks] *******************************
2023-02-24 09:21:36,226 p=5734 u=root n=ansible | skipping: [localhost]
2023-02-24 09:21:36,575 p=5734 u=root n=ansible | PLAY RECAP *********************************************************************
2023-02-24 09:21:36,575 p=5734 u=root n=ansible | localhost                  : ok=17   changed=6    unreachable=0    failed=0    skipped=18   rescued=0    ignored=0   
