2023-02-13 21:50:44,077 p=5299 u=root n=ansible | [WARNING]: Invalid characters were found in group names but not replaced, use
-vvvv to see details

2023-02-13 21:50:53,973 p=5299 u=root n=ansible | PLAY [Gather facts for all hosts] **********************************************
2023-02-13 21:50:55,121 p=5299 u=root n=ansible | TASK [Gather facts] ************************************************************
2023-02-13 21:51:01,338 p=5299 u=root n=ansible | ok: [localhost]
2023-02-13 21:51:01,432 p=5299 u=root n=ansible | TASK [Group hosts to determine when using --limit] *****************************
2023-02-13 21:51:01,508 p=5299 u=root n=ansible | ok: [localhost]
2023-02-13 21:51:01,672 p=5299 u=root n=ansible | [WARNING]: Could not match supplied host pattern, ignoring:
all_using_limit_True

2023-02-13 21:51:01,683 p=5299 u=root n=ansible | PLAY [Gather facts for all hosts (if using --limit)] ***************************
2023-02-13 21:51:01,683 p=5299 u=root n=ansible | skipping: no hosts matched
2023-02-13 21:51:01,692 p=5299 u=root n=ansible | PLAY [Apply role baremetal] ****************************************************
2023-02-13 21:51:01,898 p=5299 u=root n=ansible | TASK [openstack.kolla.baremetal : Ensure localhost in /etc/hosts] **************
2023-02-13 21:51:02,908 p=5299 u=root n=ansible | changed: [localhost]
2023-02-13 21:51:02,990 p=5299 u=root n=ansible | TASK [openstack.kolla.baremetal : Ensure hostname does not point to 127.0.1.1 in /etc/hosts] ***
2023-02-13 21:51:03,529 p=5299 u=root n=ansible | ok: [localhost]
2023-02-13 21:51:03,607 p=5299 u=root n=ansible | TASK [openstack.kolla.baremetal : Generate /etc/hosts for all of the nodes] ****
2023-02-13 21:51:04,985 p=5299 u=root n=ansible | changed: [localhost]
2023-02-13 21:51:05,092 p=5299 u=root n=ansible | TASK [openstack.kolla.baremetal : Ensure unprivileged users can use ping] ******
2023-02-13 21:51:06,083 p=5299 u=root n=ansible | changed: [localhost]
2023-02-13 21:51:06,164 p=5299 u=root n=ansible | TASK [openstack.kolla.baremetal : Ensure /etc/cloud/cloud.cfg exists] **********
2023-02-13 21:51:07,238 p=5299 u=root n=ansible | ok: [localhost]
2023-02-13 21:51:07,356 p=5299 u=root n=ansible | TASK [openstack.kolla.baremetal : Disable cloud-init manage_etc_hosts] *********
2023-02-13 21:51:08,983 p=5299 u=root n=ansible | changed: [localhost]
2023-02-13 21:51:09,066 p=5299 u=root n=ansible | TASK [openstack.kolla.baremetal : Set firewall default policy] *****************
2023-02-13 21:51:09,110 p=5299 u=root n=ansible | skipping: [localhost]
2023-02-13 21:51:09,235 p=5299 u=root n=ansible | TASK [openstack.kolla.baremetal : Check if firewalld is installed] *************
2023-02-13 21:51:10,309 p=5299 u=root n=ansible | ok: [localhost]
2023-02-13 21:51:10,401 p=5299 u=root n=ansible | TASK [openstack.kolla.baremetal : Disable firewalld] ***************************
2023-02-13 21:51:10,490 p=5299 u=root n=ansible | skipping: [localhost] => (item=firewalld) 
2023-02-13 21:51:10,579 p=5299 u=root n=ansible | TASK [openstack.kolla.docker : Fail if docker_custom_option is defined] ********
2023-02-13 21:51:10,776 p=5299 u=root n=ansible | skipping: [localhost]
2023-02-13 21:51:10,860 p=5299 u=root n=ansible | TASK [openstack.kolla.docker : include_tasks] **********************************
2023-02-13 21:51:10,901 p=5299 u=root n=ansible | skipping: [localhost]
2023-02-13 21:51:10,996 p=5299 u=root n=ansible | TASK [openstack.kolla.docker : Ensure docker config directory exists] **********
2023-02-13 21:51:11,988 p=5299 u=root n=ansible | changed: [localhost]
2023-02-13 21:51:12,071 p=5299 u=root n=ansible | TASK [openstack.kolla.docker : Write docker config] ****************************
2023-02-13 21:51:13,206 p=5299 u=root n=ansible | changed: [localhost]
2023-02-13 21:51:13,308 p=5299 u=root n=ansible | TASK [openstack.kolla.docker : Remove old docker options file] *****************
2023-02-13 21:51:13,786 p=5299 u=root n=ansible | ok: [localhost]
2023-02-13 21:51:13,886 p=5299 u=root n=ansible | TASK [openstack.kolla.docker : Ensure docker service directory exists] *********
2023-02-13 21:51:13,937 p=5299 u=root n=ansible | skipping: [localhost]
2023-02-13 21:51:14,040 p=5299 u=root n=ansible | TASK [openstack.kolla.docker : Configure docker service] ***********************
2023-02-13 21:51:14,092 p=5299 u=root n=ansible | skipping: [localhost]
2023-02-13 21:51:14,186 p=5299 u=root n=ansible | TASK [openstack.kolla.docker : Ensure the path for CA file for private registry exists] ***
2023-02-13 21:51:14,239 p=5299 u=root n=ansible | skipping: [localhost]
2023-02-13 21:51:14,331 p=5299 u=root n=ansible | TASK [openstack.kolla.docker : Ensure the CA file for private registry exists] ***
2023-02-13 21:51:14,379 p=5299 u=root n=ansible | skipping: [localhost]
2023-02-13 21:51:14,465 p=5299 u=root n=ansible | TASK [openstack.kolla.docker : Flush handlers] *********************************
2023-02-13 21:51:14,466 p=5299 u=root n=ansible | RUNNING HANDLER [openstack.kolla.docker : Restart docker] **********************
2023-02-13 21:51:17,227 p=5299 u=root n=ansible | changed: [localhost]
2023-02-13 21:51:17,378 p=5299 u=root n=ansible | TASK [openstack.kolla.docker : Start and enable docker] ************************
2023-02-13 21:51:18,335 p=5299 u=root n=ansible | ok: [localhost]
2023-02-13 21:51:18,442 p=5299 u=root n=ansible | TASK [openstack.kolla.docker : include_tasks] **********************************
2023-02-13 21:51:18,526 p=5299 u=root n=ansible | skipping: [localhost]
2023-02-13 21:51:18,804 p=5299 u=root n=ansible | TASK [openstack.kolla.kolla_user : Ensure groups are present] ******************
2023-02-13 21:51:18,886 p=5299 u=root n=ansible | skipping: [localhost] => (item=docker) 
2023-02-13 21:51:18,902 p=5299 u=root n=ansible | skipping: [localhost] => (item=sudo) 
2023-02-13 21:51:18,912 p=5299 u=root n=ansible | skipping: [localhost] => (item=kolla) 
2023-02-13 21:51:19,009 p=5299 u=root n=ansible | TASK [openstack.kolla.kolla_user : Create kolla user] **************************
2023-02-13 21:51:19,073 p=5299 u=root n=ansible | skipping: [localhost]
2023-02-13 21:51:19,167 p=5299 u=root n=ansible | TASK [openstack.kolla.kolla_user : Add public key to kolla user authorized keys] ***
2023-02-13 21:51:19,233 p=5299 u=root n=ansible | skipping: [localhost]
2023-02-13 21:51:19,373 p=5299 u=root n=ansible | TASK [openstack.kolla.kolla_user : Grant kolla user passwordless sudo] *********
2023-02-13 21:51:19,425 p=5299 u=root n=ansible | skipping: [localhost]
2023-02-13 21:51:19,702 p=5299 u=root n=ansible | TASK [openstack.kolla.docker_sdk : Install latest pip in the virtualenv] *******
2023-02-13 21:51:19,773 p=5299 u=root n=ansible | skipping: [localhost]
2023-02-13 21:51:19,861 p=5299 u=root n=ansible | TASK [openstack.kolla.docker_sdk : Install docker SDK for python] **************
2023-02-13 21:51:53,525 p=5299 u=root n=ansible | ok: [localhost]
2023-02-13 21:51:53,713 p=5299 u=root n=ansible | TASK [openstack.kolla.baremetal : Ensure node_config_directory directory exists] ***
2023-02-13 21:51:54,235 p=5299 u=root n=ansible | ok: [localhost]
2023-02-13 21:51:54,390 p=5299 u=root n=ansible | TASK [openstack.kolla.apparmor_libvirt : include_tasks] ************************
2023-02-13 21:51:54,448 p=5299 u=root n=ansible | skipping: [localhost]
2023-02-13 21:51:54,642 p=5299 u=root n=ansible | TASK [openstack.kolla.baremetal : Change state of selinux] *********************
2023-02-13 21:51:56,595 p=5299 u=root n=ansible | ok: [localhost]
2023-02-13 21:51:56,675 p=5299 u=root n=ansible | TASK [openstack.kolla.baremetal : Set https proxy for git] *********************
2023-02-13 21:51:56,714 p=5299 u=root n=ansible | skipping: [localhost]
2023-02-13 21:51:56,794 p=5299 u=root n=ansible | TASK [openstack.kolla.baremetal : Set http proxy for git] **********************
2023-02-13 21:51:56,831 p=5299 u=root n=ansible | skipping: [localhost]
2023-02-13 21:51:56,915 p=5299 u=root n=ansible | TASK [openstack.kolla.baremetal : include_tasks] *******************************
2023-02-13 21:51:56,951 p=5299 u=root n=ansible | skipping: [localhost]
2023-02-13 21:51:57,174 p=5299 u=root n=ansible | PLAY RECAP *********************************************************************
2023-02-13 21:51:57,175 p=5299 u=root n=ansible | localhost                  : ok=17   changed=7    unreachable=0    failed=0    skipped=18   rescued=0    ignored=0   
