2023-02-17 12:53:43,373 p=5738 u=root n=ansible | [WARNING]: Invalid characters were found in group names but not replaced, use
-vvvv to see details

2023-02-17 12:53:45,071 p=5738 u=root n=ansible | PLAY [Gather facts for all hosts] **********************************************
2023-02-17 12:53:45,351 p=5738 u=root n=ansible | TASK [Gather facts] ************************************************************
2023-02-17 12:53:49,152 p=5738 u=root n=ansible | ok: [localhost]
2023-02-17 12:53:49,249 p=5738 u=root n=ansible | TASK [Group hosts to determine when using --limit] *****************************
2023-02-17 12:53:49,322 p=5738 u=root n=ansible | ok: [localhost]
2023-02-17 12:53:49,500 p=5738 u=root n=ansible | [WARNING]: Could not match supplied host pattern, ignoring:
all_using_limit_True

2023-02-17 12:53:49,508 p=5738 u=root n=ansible | PLAY [Gather facts for all hosts (if using --limit)] ***************************
2023-02-17 12:53:49,508 p=5738 u=root n=ansible | skipping: no hosts matched
2023-02-17 12:53:49,515 p=5738 u=root n=ansible | PLAY [Apply role baremetal] ****************************************************
2023-02-17 12:53:49,721 p=5738 u=root n=ansible | TASK [openstack.kolla.baremetal : Ensure localhost in /etc/hosts] **************
2023-02-17 12:53:50,553 p=5738 u=root n=ansible | changed: [localhost]
2023-02-17 12:53:50,633 p=5738 u=root n=ansible | TASK [openstack.kolla.baremetal : Ensure hostname does not point to 127.0.1.1 in /etc/hosts] ***
2023-02-17 12:53:51,112 p=5738 u=root n=ansible | ok: [localhost]
2023-02-17 12:53:51,195 p=5738 u=root n=ansible | TASK [openstack.kolla.baremetal : Generate /etc/hosts for all of the nodes] ****
2023-02-17 12:53:52,627 p=5738 u=root n=ansible | changed: [localhost]
2023-02-17 12:53:52,719 p=5738 u=root n=ansible | TASK [openstack.kolla.baremetal : Ensure unprivileged users can use ping] ******
2023-02-17 12:53:53,670 p=5738 u=root n=ansible | changed: [localhost]
2023-02-17 12:53:53,761 p=5738 u=root n=ansible | TASK [openstack.kolla.baremetal : Ensure /etc/cloud/cloud.cfg exists] **********
2023-02-17 12:53:54,768 p=5738 u=root n=ansible | ok: [localhost]
2023-02-17 12:53:54,908 p=5738 u=root n=ansible | TASK [openstack.kolla.baremetal : Disable cloud-init manage_etc_hosts] *********
2023-02-17 12:53:56,472 p=5738 u=root n=ansible | changed: [localhost]
2023-02-17 12:53:56,555 p=5738 u=root n=ansible | TASK [openstack.kolla.baremetal : Set firewall default policy] *****************
2023-02-17 12:53:56,603 p=5738 u=root n=ansible | skipping: [localhost]
2023-02-17 12:53:56,688 p=5738 u=root n=ansible | TASK [openstack.kolla.baremetal : Check if firewalld is installed] *************
2023-02-17 12:53:57,663 p=5738 u=root n=ansible | ok: [localhost]
2023-02-17 12:53:57,756 p=5738 u=root n=ansible | TASK [openstack.kolla.baremetal : Disable firewalld] ***************************
2023-02-17 12:53:57,816 p=5738 u=root n=ansible | skipping: [localhost] => (item=firewalld) 
2023-02-17 12:53:57,899 p=5738 u=root n=ansible | TASK [openstack.kolla.docker : Fail if docker_custom_option is defined] ********
2023-02-17 12:53:57,995 p=5738 u=root n=ansible | skipping: [localhost]
2023-02-17 12:53:58,086 p=5738 u=root n=ansible | TASK [openstack.kolla.docker : include_tasks] **********************************
2023-02-17 12:53:58,138 p=5738 u=root n=ansible | skipping: [localhost]
2023-02-17 12:53:58,242 p=5738 u=root n=ansible | TASK [openstack.kolla.docker : Ensure docker config directory exists] **********
2023-02-17 12:53:59,208 p=5738 u=root n=ansible | ok: [localhost]
2023-02-17 12:53:59,325 p=5738 u=root n=ansible | TASK [openstack.kolla.docker : Write docker config] ****************************
2023-02-17 12:54:00,666 p=5738 u=root n=ansible | changed: [localhost]
2023-02-17 12:54:00,814 p=5738 u=root n=ansible | TASK [openstack.kolla.docker : Remove old docker options file] *****************
2023-02-17 12:54:01,532 p=5738 u=root n=ansible | ok: [localhost]
2023-02-17 12:54:01,629 p=5738 u=root n=ansible | TASK [openstack.kolla.docker : Ensure docker service directory exists] *********
2023-02-17 12:54:01,680 p=5738 u=root n=ansible | skipping: [localhost]
2023-02-17 12:54:01,766 p=5738 u=root n=ansible | TASK [openstack.kolla.docker : Configure docker service] ***********************
2023-02-17 12:54:01,813 p=5738 u=root n=ansible | skipping: [localhost]
2023-02-17 12:54:01,899 p=5738 u=root n=ansible | TASK [openstack.kolla.docker : Ensure the path for CA file for private registry exists] ***
2023-02-17 12:54:01,955 p=5738 u=root n=ansible | skipping: [localhost]
2023-02-17 12:54:02,053 p=5738 u=root n=ansible | TASK [openstack.kolla.docker : Ensure the CA file for private registry exists] ***
2023-02-17 12:54:02,104 p=5738 u=root n=ansible | skipping: [localhost]
2023-02-17 12:54:02,198 p=5738 u=root n=ansible | TASK [openstack.kolla.docker : Flush handlers] *********************************
2023-02-17 12:54:02,199 p=5738 u=root n=ansible | RUNNING HANDLER [openstack.kolla.docker : Restart docker] **********************
2023-02-17 12:54:06,056 p=5738 u=root n=ansible | changed: [localhost]
2023-02-17 12:54:06,138 p=5738 u=root n=ansible | TASK [openstack.kolla.docker : Start and enable docker] ************************
2023-02-17 12:54:06,970 p=5738 u=root n=ansible | ok: [localhost]
2023-02-17 12:54:07,053 p=5738 u=root n=ansible | TASK [openstack.kolla.docker : include_tasks] **********************************
2023-02-17 12:54:07,096 p=5738 u=root n=ansible | skipping: [localhost]
2023-02-17 12:54:07,258 p=5738 u=root n=ansible | TASK [openstack.kolla.kolla_user : Ensure groups are present] ******************
2023-02-17 12:54:07,307 p=5738 u=root n=ansible | skipping: [localhost] => (item=docker) 
2023-02-17 12:54:07,311 p=5738 u=root n=ansible | skipping: [localhost] => (item=sudo) 
2023-02-17 12:54:07,316 p=5738 u=root n=ansible | skipping: [localhost] => (item=kolla) 
2023-02-17 12:54:07,400 p=5738 u=root n=ansible | TASK [openstack.kolla.kolla_user : Create kolla user] **************************
2023-02-17 12:54:07,444 p=5738 u=root n=ansible | skipping: [localhost]
2023-02-17 12:54:07,527 p=5738 u=root n=ansible | TASK [openstack.kolla.kolla_user : Add public key to kolla user authorized keys] ***
2023-02-17 12:54:07,570 p=5738 u=root n=ansible | skipping: [localhost]
2023-02-17 12:54:07,653 p=5738 u=root n=ansible | TASK [openstack.kolla.kolla_user : Grant kolla user passwordless sudo] *********
2023-02-17 12:54:07,702 p=5738 u=root n=ansible | skipping: [localhost]
2023-02-17 12:54:07,858 p=5738 u=root n=ansible | TASK [openstack.kolla.docker_sdk : Install latest pip in the virtualenv] *******
2023-02-17 12:54:07,912 p=5738 u=root n=ansible | skipping: [localhost]
2023-02-17 12:54:07,996 p=5738 u=root n=ansible | TASK [openstack.kolla.docker_sdk : Install docker SDK for python] **************
2023-02-17 12:54:13,093 p=5738 u=root n=ansible | ok: [localhost]
2023-02-17 12:54:13,267 p=5738 u=root n=ansible | TASK [openstack.kolla.baremetal : Ensure node_config_directory directory exists] ***
2023-02-17 12:54:13,755 p=5738 u=root n=ansible | ok: [localhost]
2023-02-17 12:54:13,837 p=5738 u=root n=ansible | TASK [openstack.kolla.apparmor_libvirt : include_tasks] ************************
2023-02-17 12:54:13,883 p=5738 u=root n=ansible | skipping: [localhost]
2023-02-17 12:54:14,146 p=5738 u=root n=ansible | TASK [openstack.kolla.baremetal : Change state of selinux] *********************
2023-02-17 12:54:15,721 p=5738 u=root n=ansible | ok: [localhost]
2023-02-17 12:54:15,815 p=5738 u=root n=ansible | TASK [openstack.kolla.baremetal : Set https proxy for git] *********************
2023-02-17 12:54:15,858 p=5738 u=root n=ansible | skipping: [localhost]
2023-02-17 12:54:15,944 p=5738 u=root n=ansible | TASK [openstack.kolla.baremetal : Set http proxy for git] **********************
2023-02-17 12:54:15,987 p=5738 u=root n=ansible | skipping: [localhost]
2023-02-17 12:54:16,085 p=5738 u=root n=ansible | TASK [openstack.kolla.baremetal : include_tasks] *******************************
2023-02-17 12:54:16,137 p=5738 u=root n=ansible | skipping: [localhost]
2023-02-17 12:54:16,426 p=5738 u=root n=ansible | PLAY RECAP *********************************************************************
2023-02-17 12:54:16,427 p=5738 u=root n=ansible | localhost                  : ok=17   changed=6    unreachable=0    failed=0    skipped=18   rescued=0    ignored=0   
