2023-03-16 19:56:08,851 p=5754 u=root n=ansible | [WARNING]: Invalid characters were found in group names but not replaced, use
-vvvv to see details

2023-03-16 19:56:10,639 p=5754 u=root n=ansible | PLAY [Gather facts for all hosts] **********************************************
2023-03-16 19:56:10,932 p=5754 u=root n=ansible | TASK [Gather facts] ************************************************************
2023-03-16 19:56:14,271 p=5754 u=root n=ansible | ok: [localhost]
2023-03-16 19:56:14,362 p=5754 u=root n=ansible | TASK [Group hosts to determine when using --limit] *****************************
2023-03-16 19:56:14,431 p=5754 u=root n=ansible | ok: [localhost]
2023-03-16 19:56:14,676 p=5754 u=root n=ansible | [WARNING]: Could not match supplied host pattern, ignoring:
all_using_limit_True

2023-03-16 19:56:14,690 p=5754 u=root n=ansible | PLAY [Gather facts for all hosts (if using --limit)] ***************************
2023-03-16 19:56:14,691 p=5754 u=root n=ansible | skipping: no hosts matched
2023-03-16 19:56:14,705 p=5754 u=root n=ansible | PLAY [Apply role baremetal] ****************************************************
2023-03-16 19:56:14,966 p=5754 u=root n=ansible | TASK [openstack.kolla.baremetal : Ensure localhost in /etc/hosts] **************
2023-03-16 19:56:15,834 p=5754 u=root n=ansible | changed: [localhost]
2023-03-16 19:56:15,917 p=5754 u=root n=ansible | TASK [openstack.kolla.baremetal : Ensure hostname does not point to 127.0.1.1 in /etc/hosts] ***
2023-03-16 19:56:16,406 p=5754 u=root n=ansible | ok: [localhost]
2023-03-16 19:56:16,522 p=5754 u=root n=ansible | TASK [openstack.kolla.baremetal : Generate /etc/hosts for all of the nodes] ****
2023-03-16 19:56:18,009 p=5754 u=root n=ansible | changed: [localhost]
2023-03-16 19:56:18,146 p=5754 u=root n=ansible | TASK [openstack.kolla.baremetal : Ensure unprivileged users can use ping] ******
2023-03-16 19:56:19,275 p=5754 u=root n=ansible | changed: [localhost]
2023-03-16 19:56:19,369 p=5754 u=root n=ansible | TASK [openstack.kolla.baremetal : Ensure /etc/cloud/cloud.cfg exists] **********
2023-03-16 19:56:20,278 p=5754 u=root n=ansible | ok: [localhost]
2023-03-16 19:56:20,377 p=5754 u=root n=ansible | TASK [openstack.kolla.baremetal : Disable cloud-init manage_etc_hosts] *********
2023-03-16 19:56:21,841 p=5754 u=root n=ansible | changed: [localhost]
2023-03-16 19:56:21,926 p=5754 u=root n=ansible | TASK [openstack.kolla.baremetal : Set firewall default policy] *****************
2023-03-16 19:56:21,973 p=5754 u=root n=ansible | skipping: [localhost]
2023-03-16 19:56:22,068 p=5754 u=root n=ansible | TASK [openstack.kolla.baremetal : Check if firewalld is installed] *************
2023-03-16 19:56:22,965 p=5754 u=root n=ansible | ok: [localhost]
2023-03-16 19:56:23,067 p=5754 u=root n=ansible | TASK [openstack.kolla.baremetal : Disable firewalld] ***************************
2023-03-16 19:56:23,141 p=5754 u=root n=ansible | skipping: [localhost] => (item=firewalld) 
2023-03-16 19:56:23,237 p=5754 u=root n=ansible | TASK [openstack.kolla.docker : Fail if docker_custom_option is defined] ********
2023-03-16 19:56:23,310 p=5754 u=root n=ansible | skipping: [localhost]
2023-03-16 19:56:23,401 p=5754 u=root n=ansible | TASK [openstack.kolla.docker : include_tasks] **********************************
2023-03-16 19:56:23,446 p=5754 u=root n=ansible | skipping: [localhost]
2023-03-16 19:56:23,540 p=5754 u=root n=ansible | TASK [openstack.kolla.docker : Ensure docker config directory exists] **********
2023-03-16 19:56:24,505 p=5754 u=root n=ansible | ok: [localhost]
2023-03-16 19:56:24,596 p=5754 u=root n=ansible | TASK [openstack.kolla.docker : Write docker config] ****************************
2023-03-16 19:56:25,937 p=5754 u=root n=ansible | changed: [localhost]
2023-03-16 19:56:26,027 p=5754 u=root n=ansible | TASK [openstack.kolla.docker : Remove old docker options file] *****************
2023-03-16 19:56:26,557 p=5754 u=root n=ansible | ok: [localhost]
2023-03-16 19:56:26,690 p=5754 u=root n=ansible | TASK [openstack.kolla.docker : Ensure docker service directory exists] *********
2023-03-16 19:56:26,747 p=5754 u=root n=ansible | skipping: [localhost]
2023-03-16 19:56:26,843 p=5754 u=root n=ansible | TASK [openstack.kolla.docker : Configure docker service] ***********************
2023-03-16 19:56:26,895 p=5754 u=root n=ansible | skipping: [localhost]
2023-03-16 19:56:27,003 p=5754 u=root n=ansible | TASK [openstack.kolla.docker : Ensure the path for CA file for private registry exists] ***
2023-03-16 19:56:27,055 p=5754 u=root n=ansible | skipping: [localhost]
2023-03-16 19:56:27,163 p=5754 u=root n=ansible | TASK [openstack.kolla.docker : Ensure the CA file for private registry exists] ***
2023-03-16 19:56:27,223 p=5754 u=root n=ansible | skipping: [localhost]
2023-03-16 19:56:27,352 p=5754 u=root n=ansible | TASK [openstack.kolla.docker : Flush handlers] *********************************
2023-03-16 19:56:27,353 p=5754 u=root n=ansible | RUNNING HANDLER [openstack.kolla.docker : Restart docker] **********************
2023-03-16 19:56:31,161 p=5754 u=root n=ansible | changed: [localhost]
2023-03-16 19:56:31,264 p=5754 u=root n=ansible | TASK [openstack.kolla.docker : Start and enable docker] ************************
2023-03-16 19:56:32,203 p=5754 u=root n=ansible | ok: [localhost]
2023-03-16 19:56:32,352 p=5754 u=root n=ansible | TASK [openstack.kolla.docker : include_tasks] **********************************
2023-03-16 19:56:32,399 p=5754 u=root n=ansible | skipping: [localhost]
2023-03-16 19:56:32,576 p=5754 u=root n=ansible | TASK [openstack.kolla.kolla_user : Ensure groups are present] ******************
2023-03-16 19:56:32,633 p=5754 u=root n=ansible | skipping: [localhost] => (item=docker) 
2023-03-16 19:56:32,638 p=5754 u=root n=ansible | skipping: [localhost] => (item=sudo) 
2023-03-16 19:56:32,648 p=5754 u=root n=ansible | skipping: [localhost] => (item=kolla) 
2023-03-16 19:56:32,743 p=5754 u=root n=ansible | TASK [openstack.kolla.kolla_user : Create kolla user] **************************
2023-03-16 19:56:32,786 p=5754 u=root n=ansible | skipping: [localhost]
2023-03-16 19:56:32,879 p=5754 u=root n=ansible | TASK [openstack.kolla.kolla_user : Add public key to kolla user authorized keys] ***
2023-03-16 19:56:32,923 p=5754 u=root n=ansible | skipping: [localhost]
2023-03-16 19:56:33,013 p=5754 u=root n=ansible | TASK [openstack.kolla.kolla_user : Grant kolla user passwordless sudo] *********
2023-03-16 19:56:33,087 p=5754 u=root n=ansible | skipping: [localhost]
2023-03-16 19:56:33,292 p=5754 u=root n=ansible | TASK [openstack.kolla.docker_sdk : Install latest pip in the virtualenv] *******
2023-03-16 19:56:33,363 p=5754 u=root n=ansible | skipping: [localhost]
2023-03-16 19:56:33,463 p=5754 u=root n=ansible | TASK [openstack.kolla.docker_sdk : Install docker SDK for python] **************
2023-03-16 19:56:59,241 p=5754 u=root n=ansible | ok: [localhost]
2023-03-16 19:56:59,427 p=5754 u=root n=ansible | TASK [openstack.kolla.baremetal : Ensure node_config_directory directory exists] ***
2023-03-16 19:56:59,969 p=5754 u=root n=ansible | ok: [localhost]
2023-03-16 19:57:00,055 p=5754 u=root n=ansible | TASK [openstack.kolla.apparmor_libvirt : include_tasks] ************************
2023-03-16 19:57:00,096 p=5754 u=root n=ansible | skipping: [localhost]
2023-03-16 19:57:00,268 p=5754 u=root n=ansible | TASK [openstack.kolla.baremetal : Change state of selinux] *********************
2023-03-16 19:57:01,927 p=5754 u=root n=ansible | ok: [localhost]
2023-03-16 19:57:02,058 p=5754 u=root n=ansible | TASK [openstack.kolla.baremetal : Set https proxy for git] *********************
2023-03-16 19:57:02,116 p=5754 u=root n=ansible | skipping: [localhost]
2023-03-16 19:57:02,213 p=5754 u=root n=ansible | TASK [openstack.kolla.baremetal : Set http proxy for git] **********************
2023-03-16 19:57:02,263 p=5754 u=root n=ansible | skipping: [localhost]
2023-03-16 19:57:02,359 p=5754 u=root n=ansible | TASK [openstack.kolla.baremetal : include_tasks] *******************************
2023-03-16 19:57:02,428 p=5754 u=root n=ansible | skipping: [localhost]
2023-03-16 19:57:02,705 p=5754 u=root n=ansible | PLAY RECAP *********************************************************************
2023-03-16 19:57:02,705 p=5754 u=root n=ansible | localhost                  : ok=17   changed=6    unreachable=0    failed=0    skipped=18   rescued=0    ignored=0   
