2023-03-14 21:53:03,584 p=5840 u=root n=ansible | [WARNING]: Invalid characters were found in group names but not replaced, use
-vvvv to see details

2023-03-14 21:53:05,297 p=5840 u=root n=ansible | PLAY [Gather facts for all hosts] **********************************************
2023-03-14 21:53:05,598 p=5840 u=root n=ansible | TASK [Gather facts] ************************************************************
2023-03-14 21:53:08,909 p=5840 u=root n=ansible | ok: [localhost]
2023-03-14 21:53:08,992 p=5840 u=root n=ansible | TASK [Group hosts to determine when using --limit] *****************************
2023-03-14 21:53:09,064 p=5840 u=root n=ansible | ok: [localhost]
2023-03-14 21:53:09,239 p=5840 u=root n=ansible | [WARNING]: Could not match supplied host pattern, ignoring:
all_using_limit_True

2023-03-14 21:53:09,247 p=5840 u=root n=ansible | PLAY [Gather facts for all hosts (if using --limit)] ***************************
2023-03-14 21:53:09,248 p=5840 u=root n=ansible | skipping: no hosts matched
2023-03-14 21:53:09,256 p=5840 u=root n=ansible | PLAY [Apply role baremetal] ****************************************************
2023-03-14 21:53:09,489 p=5840 u=root n=ansible | TASK [openstack.kolla.baremetal : Ensure localhost in /etc/hosts] **************
2023-03-14 21:53:10,355 p=5840 u=root n=ansible | changed: [localhost]
2023-03-14 21:53:10,471 p=5840 u=root n=ansible | TASK [openstack.kolla.baremetal : Ensure hostname does not point to 127.0.1.1 in /etc/hosts] ***
2023-03-14 21:53:10,988 p=5840 u=root n=ansible | ok: [localhost]
2023-03-14 21:53:11,104 p=5840 u=root n=ansible | TASK [openstack.kolla.baremetal : Generate /etc/hosts for all of the nodes] ****
2023-03-14 21:53:12,644 p=5840 u=root n=ansible | changed: [localhost]
2023-03-14 21:53:12,745 p=5840 u=root n=ansible | TASK [openstack.kolla.baremetal : Ensure unprivileged users can use ping] ******
2023-03-14 21:53:13,613 p=5840 u=root n=ansible | changed: [localhost]
2023-03-14 21:53:13,713 p=5840 u=root n=ansible | TASK [openstack.kolla.baremetal : Ensure /etc/cloud/cloud.cfg exists] **********
2023-03-14 21:53:14,806 p=5840 u=root n=ansible | ok: [localhost]
2023-03-14 21:53:14,949 p=5840 u=root n=ansible | TASK [openstack.kolla.baremetal : Disable cloud-init manage_etc_hosts] *********
2023-03-14 21:53:16,576 p=5840 u=root n=ansible | changed: [localhost]
2023-03-14 21:53:16,685 p=5840 u=root n=ansible | TASK [openstack.kolla.baremetal : Set firewall default policy] *****************
2023-03-14 21:53:16,744 p=5840 u=root n=ansible | skipping: [localhost]
2023-03-14 21:53:16,846 p=5840 u=root n=ansible | TASK [openstack.kolla.baremetal : Check if firewalld is installed] *************
2023-03-14 21:53:17,832 p=5840 u=root n=ansible | ok: [localhost]
2023-03-14 21:53:17,918 p=5840 u=root n=ansible | TASK [openstack.kolla.baremetal : Disable firewalld] ***************************
2023-03-14 21:53:17,996 p=5840 u=root n=ansible | skipping: [localhost] => (item=firewalld) 
2023-03-14 21:53:18,110 p=5840 u=root n=ansible | TASK [openstack.kolla.docker : Fail if docker_custom_option is defined] ********
2023-03-14 21:53:18,233 p=5840 u=root n=ansible | skipping: [localhost]
2023-03-14 21:53:18,314 p=5840 u=root n=ansible | TASK [openstack.kolla.docker : include_tasks] **********************************
2023-03-14 21:53:18,353 p=5840 u=root n=ansible | skipping: [localhost]
2023-03-14 21:53:18,442 p=5840 u=root n=ansible | TASK [openstack.kolla.docker : Ensure docker config directory exists] **********
2023-03-14 21:53:19,365 p=5840 u=root n=ansible | ok: [localhost]
2023-03-14 21:53:19,458 p=5840 u=root n=ansible | TASK [openstack.kolla.docker : Write docker config] ****************************
2023-03-14 21:53:20,616 p=5840 u=root n=ansible | changed: [localhost]
2023-03-14 21:53:20,707 p=5840 u=root n=ansible | TASK [openstack.kolla.docker : Remove old docker options file] *****************
2023-03-14 21:53:21,397 p=5840 u=root n=ansible | ok: [localhost]
2023-03-14 21:53:21,484 p=5840 u=root n=ansible | TASK [openstack.kolla.docker : Ensure docker service directory exists] *********
2023-03-14 21:53:21,547 p=5840 u=root n=ansible | skipping: [localhost]
2023-03-14 21:53:21,646 p=5840 u=root n=ansible | TASK [openstack.kolla.docker : Configure docker service] ***********************
2023-03-14 21:53:21,710 p=5840 u=root n=ansible | skipping: [localhost]
2023-03-14 21:53:21,813 p=5840 u=root n=ansible | TASK [openstack.kolla.docker : Ensure the path for CA file for private registry exists] ***
2023-03-14 21:53:21,881 p=5840 u=root n=ansible | skipping: [localhost]
2023-03-14 21:53:21,991 p=5840 u=root n=ansible | TASK [openstack.kolla.docker : Ensure the CA file for private registry exists] ***
2023-03-14 21:53:22,067 p=5840 u=root n=ansible | skipping: [localhost]
2023-03-14 21:53:22,198 p=5840 u=root n=ansible | TASK [openstack.kolla.docker : Flush handlers] *********************************
2023-03-14 21:53:22,200 p=5840 u=root n=ansible | RUNNING HANDLER [openstack.kolla.docker : Restart docker] **********************
2023-03-14 21:53:27,863 p=5840 u=root n=ansible | changed: [localhost]
2023-03-14 21:53:27,982 p=5840 u=root n=ansible | TASK [openstack.kolla.docker : Start and enable docker] ************************
2023-03-14 21:53:28,927 p=5840 u=root n=ansible | ok: [localhost]
2023-03-14 21:53:29,047 p=5840 u=root n=ansible | TASK [openstack.kolla.docker : include_tasks] **********************************
2023-03-14 21:53:29,097 p=5840 u=root n=ansible | skipping: [localhost]
2023-03-14 21:53:29,272 p=5840 u=root n=ansible | TASK [openstack.kolla.kolla_user : Ensure groups are present] ******************
2023-03-14 21:53:29,326 p=5840 u=root n=ansible | skipping: [localhost] => (item=docker) 
2023-03-14 21:53:29,329 p=5840 u=root n=ansible | skipping: [localhost] => (item=sudo) 
2023-03-14 21:53:29,339 p=5840 u=root n=ansible | skipping: [localhost] => (item=kolla) 
2023-03-14 21:53:29,438 p=5840 u=root n=ansible | TASK [openstack.kolla.kolla_user : Create kolla user] **************************
2023-03-14 21:53:29,494 p=5840 u=root n=ansible | skipping: [localhost]
2023-03-14 21:53:29,602 p=5840 u=root n=ansible | TASK [openstack.kolla.kolla_user : Add public key to kolla user authorized keys] ***
2023-03-14 21:53:29,676 p=5840 u=root n=ansible | skipping: [localhost]
2023-03-14 21:53:29,814 p=5840 u=root n=ansible | TASK [openstack.kolla.kolla_user : Grant kolla user passwordless sudo] *********
2023-03-14 21:53:29,888 p=5840 u=root n=ansible | skipping: [localhost]
2023-03-14 21:53:30,128 p=5840 u=root n=ansible | TASK [openstack.kolla.docker_sdk : Install latest pip in the virtualenv] *******
2023-03-14 21:53:30,211 p=5840 u=root n=ansible | skipping: [localhost]
2023-03-14 21:53:30,318 p=5840 u=root n=ansible | TASK [openstack.kolla.docker_sdk : Install docker SDK for python] **************
2023-03-14 21:53:57,076 p=5840 u=root n=ansible | ok: [localhost]
2023-03-14 21:53:57,251 p=5840 u=root n=ansible | TASK [openstack.kolla.baremetal : Ensure node_config_directory directory exists] ***
2023-03-14 21:53:57,995 p=5840 u=root n=ansible | ok: [localhost]
2023-03-14 21:53:58,259 p=5840 u=root n=ansible | TASK [openstack.kolla.apparmor_libvirt : include_tasks] ************************
2023-03-14 21:53:58,481 p=5840 u=root n=ansible | skipping: [localhost]
2023-03-14 21:53:58,820 p=5840 u=root n=ansible | TASK [openstack.kolla.baremetal : Change state of selinux] *********************
2023-03-14 21:54:00,564 p=5840 u=root n=ansible | ok: [localhost]
2023-03-14 21:54:00,683 p=5840 u=root n=ansible | TASK [openstack.kolla.baremetal : Set https proxy for git] *********************
2023-03-14 21:54:00,744 p=5840 u=root n=ansible | skipping: [localhost]
2023-03-14 21:54:00,869 p=5840 u=root n=ansible | TASK [openstack.kolla.baremetal : Set http proxy for git] **********************
2023-03-14 21:54:00,939 p=5840 u=root n=ansible | skipping: [localhost]
2023-03-14 21:54:01,107 p=5840 u=root n=ansible | TASK [openstack.kolla.baremetal : include_tasks] *******************************
2023-03-14 21:54:01,172 p=5840 u=root n=ansible | skipping: [localhost]
2023-03-14 21:54:01,467 p=5840 u=root n=ansible | PLAY RECAP *********************************************************************
2023-03-14 21:54:01,468 p=5840 u=root n=ansible | localhost                  : ok=17   changed=6    unreachable=0    failed=0    skipped=18   rescued=0    ignored=0   
