- - - [03/Mar/2023:20:58:45 -0500] "GET / HTTP/1.1" 200 468 18378884 "-" "ironic-inspector keystoneauth1/5.1.0 python-requests/2.28.1 CPython/3.9.14"
- - - [03/Mar/2023:20:59:04 -0500] "GET /v1/ports?fields=address%2Cextra HTTP/1.1" 200 13 15491056 "-" "ironic-inspector keystoneauth1/5.1.0 python-requests/2.28.1 CPython/3.9.14"
- - - [03/Mar/2023:20:59:19 -0500] "GET /v1/ports?fields=address%2Cextra HTTP/1.1" 200 13 8564126 "-" "ironic-inspector keystoneauth1/5.1.0 python-requests/2.28.1 CPython/3.9.14"
- - - [03/Mar/2023:20:59:43 -0500] "GET /v1/ports?fields=address%2Cextra HTTP/1.1" 200 13 2260850 "-" "ironic-inspector keystoneauth1/5.1.0 python-requests/2.28.1 CPython/3.9.14"
- - - [03/Mar/2023:20:59:45 -0500] "GET /v1/ports?fields=address%2Cextra HTTP/1.1" 200 13 751891 "-" "ironic-inspector keystoneauth1/5.1.0 python-requests/2.28.1 CPython/3.9.14"
- - - [03/Mar/2023:20:59:58 -0500] "GET /v1/ports?fields=address%2Cextra HTTP/1.1" 200 13 856111 "-" "ironic-inspector keystoneauth1/5.1.0 python-requests/2.28.1 CPython/3.9.14"
- - - [03/Mar/2023:20:59:59 -0500] "GET /v1/ports?fields=address%2Cextra HTTP/1.1" 200 13 736102 "-" "ironic-inspector keystoneauth1/5.1.0 python-requests/2.28.1 CPython/3.9.14"
- - - [03/Mar/2023:21:00:13 -0500] "GET /v1/ports?fields=address%2Cextra HTTP/1.1" 200 13 742581 "-" "ironic-inspector keystoneauth1/5.1.0 python-requests/2.28.1 CPython/3.9.14"
- - - [03/Mar/2023:21:00:14 -0500] "GET /v1/ports?fields=address%2Cextra HTTP/1.1" 200 13 846128 "-" "ironic-inspector keystoneauth1/5.1.0 python-requests/2.28.1 CPython/3.9.14"
- - - [03/Mar/2023:21:00:28 -0500] "GET /v1/nodes?fields=uuid HTTP/1.1" 200 13 800040 "-" "ironic-inspector keystoneauth1/5.1.0 python-requests/2.28.1 CPython/3.9.14"
- - - [03/Mar/2023:21:00:28 -0500] "GET /v1/ports?fields=address%2Cextra HTTP/1.1" 200 13 885547 "-" "ironic-inspector keystoneauth1/5.1.0 python-requests/2.28.1 CPython/3.9.14"
- - - [03/Mar/2023:21:00:29 -0500] "GET /v1/ports?fields=address%2Cextra HTTP/1.1" 200 13 898200 "-" "ironic-inspector keystoneauth1/5.1.0 python-requests/2.28.1 CPython/3.9.14"
- - - [03/Mar/2023:21:00:43 -0500] "GET /v1/ports?fields=address%2Cextra HTTP/1.1" 200 13 665282 "-" "ironic-inspector keystoneauth1/5.1.0 python-requests/2.28.1 CPython/3.9.14"
- - - [03/Mar/2023:21:00:44 -0500] "GET /v1/ports?fields=address%2Cextra HTTP/1.1" 200 13 650884 "-" "ironic-inspector keystoneauth1/5.1.0 python-requests/2.28.1 CPython/3.9.14"
- - - [03/Mar/2023:21:00:58 -0500] "GET /v1/ports?fields=address%2Cextra HTTP/1.1" 200 13 484003 "-" "ironic-inspector keystoneauth1/5.1.0 python-requests/2.28.1 CPython/3.9.14"
- - - [03/Mar/2023:21:00:58 -0500] "GET /v1/ports?fields=address%2Cextra HTTP/1.1" 200 13 491685 "-" "ironic-inspector keystoneauth1/5.1.0 python-requests/2.28.1 CPython/3.9.14"
- - - [03/Mar/2023:21:01:13 -0500] "GET /v1/ports?fields=address%2Cextra HTTP/1.1" 200 13 896607 "-" "ironic-inspector keystoneauth1/5.1.0 python-requests/2.28.1 CPython/3.9.14"
- - - [03/Mar/2023:21:01:14 -0500] "GET /v1/ports?fields=address%2Cextra HTTP/1.1" 200 13 574750 "-" "ironic-inspector keystoneauth1/5.1.0 python-requests/2.28.1 CPython/3.9.14"
- - - [03/Mar/2023:21:01:28 -0500] "GET /v1/nodes?fields=uuid HTTP/1.1" 200 13 579662 "-" "ironic-inspector keystoneauth1/5.1.0 python-requests/2.28.1 CPython/3.9.14"
- - - [03/Mar/2023:21:01:28 -0500] "GET /v1/ports?fields=address%2Cextra HTTP/1.1" 200 13 588572 "-" "ironic-inspector keystoneauth1/5.1.0 python-requests/2.28.1 CPython/3.9.14"
- - - [03/Mar/2023:21:01:29 -0500] "GET /v1/ports?fields=address%2Cextra HTTP/1.1" 200 13 446339 "-" "ironic-inspector keystoneauth1/5.1.0 python-requests/2.28.1 CPython/3.9.14"
- - - [03/Mar/2023:21:01:43 -0500] "GET /v1/ports?fields=address%2Cextra HTTP/1.1" 200 13 521088 "-" "ironic-inspector keystoneauth1/5.1.0 python-requests/2.28.1 CPython/3.9.14"
- - - [03/Mar/2023:21:01:43 -0500] "GET /v1/ports?fields=address%2Cextra HTTP/1.1" 200 13 582216 "-" "ironic-inspector keystoneauth1/5.1.0 python-requests/2.28.1 CPython/3.9.14"
- - - [03/Mar/2023:21:01:58 -0500] "GET /v1/ports?fields=address%2Cextra HTTP/1.1" 200 13 497537 "-" "ironic-inspector keystoneauth1/5.1.0 python-requests/2.28.1 CPython/3.9.14"
- - - [03/Mar/2023:21:01:58 -0500] "GET /v1/ports?fields=address%2Cextra HTTP/1.1" 200 13 795591 "-" "ironic-inspector keystoneauth1/5.1.0 python-requests/2.28.1 CPython/3.9.14"
- - - [03/Mar/2023:21:02:13 -0500] "GET /v1/ports?fields=address%2Cextra HTTP/1.1" 200 13 564561 "-" "ironic-inspector keystoneauth1/5.1.0 python-requests/2.28.1 CPython/3.9.14"
- - - [03/Mar/2023:21:02:14 -0500] "GET /v1/ports?fields=address%2Cextra HTTP/1.1" 200 13 557852 "-" "ironic-inspector keystoneauth1/5.1.0 python-requests/2.28.1 CPython/3.9.14"
- - - [03/Mar/2023:21:02:28 -0500] "GET /v1/nodes?fields=uuid HTTP/1.1" 200 13 908182 "-" "ironic-inspector keystoneauth1/5.1.0 python-requests/2.28.1 CPython/3.9.14"
- - - [03/Mar/2023:21:02:28 -0500] "GET /v1/ports?fields=address%2Cextra HTTP/1.1" 200 13 974729 "-" "ironic-inspector keystoneauth1/5.1.0 python-requests/2.28.1 CPython/3.9.14"
- - - [03/Mar/2023:21:02:29 -0500] "GET /v1/ports?fields=address%2Cextra HTTP/1.1" 200 13 786981 "-" "ironic-inspector keystoneauth1/5.1.0 python-requests/2.28.1 CPython/3.9.14"
- - - [03/Mar/2023:21:02:43 -0500] "GET /v1/ports?fields=address%2Cextra HTTP/1.1" 200 13 554438 "-" "ironic-inspector keystoneauth1/5.1.0 python-requests/2.28.1 CPython/3.9.14"
- - - [03/Mar/2023:21:02:44 -0500] "GET /v1/ports?fields=address%2Cextra HTTP/1.1" 200 13 581076 "-" "ironic-inspector keystoneauth1/5.1.0 python-requests/2.28.1 CPython/3.9.14"
- - - [03/Mar/2023:21:02:58 -0500] "GET /v1/ports?fields=address%2Cextra HTTP/1.1" 200 13 964684 "-" "ironic-inspector keystoneauth1/5.1.0 python-requests/2.28.1 CPython/3.9.14"
- - - [03/Mar/2023:21:02:59 -0500] "GET /v1/ports?fields=address%2Cextra HTTP/1.1" 200 13 751007 "-" "ironic-inspector keystoneauth1/5.1.0 python-requests/2.28.1 CPython/3.9.14"
- - - [03/Mar/2023:21:03:13 -0500] "GET /v1/ports?fields=address%2Cextra HTTP/1.1" 200 13 1157971 "-" "ironic-inspector keystoneauth1/5.1.0 python-requests/2.28.1 CPython/3.9.14"
- - - [03/Mar/2023:21:03:14 -0500] "GET /v1/ports?fields=address%2Cextra HTTP/1.1" 200 13 841638 "-" "ironic-inspector keystoneauth1/5.1.0 python-requests/2.28.1 CPython/3.9.14"
- - - [03/Mar/2023:21:03:28 -0500] "GET /v1/nodes?fields=uuid HTTP/1.1" 200 13 685486 "-" "ironic-inspector keystoneauth1/5.1.0 python-requests/2.28.1 CPython/3.9.14"
- - - [03/Mar/2023:21:03:28 -0500] "GET /v1/ports?fields=address%2Cextra HTTP/1.1" 200 13 745764 "-" "ironic-inspector keystoneauth1/5.1.0 python-requests/2.28.1 CPython/3.9.14"
- - - [03/Mar/2023:21:03:29 -0500] "GET /v1/ports?fields=address%2Cextra HTTP/1.1" 200 13 609138 "-" "ironic-inspector keystoneauth1/5.1.0 python-requests/2.28.1 CPython/3.9.14"
- - - [03/Mar/2023:21:03:43 -0500] "GET /v1/ports?fields=address%2Cextra HTTP/1.1" 200 13 751279 "-" "ironic-inspector keystoneauth1/5.1.0 python-requests/2.28.1 CPython/3.9.14"
- - - [03/Mar/2023:21:03:44 -0500] "GET /v1/ports?fields=address%2Cextra HTTP/1.1" 200 13 515376 "-" "ironic-inspector keystoneauth1/5.1.0 python-requests/2.28.1 CPython/3.9.14"
- - - [03/Mar/2023:21:03:58 -0500] "GET /v1/ports?fields=address%2Cextra HTTP/1.1" 200 13 584206 "-" "ironic-inspector keystoneauth1/5.1.0 python-requests/2.28.1 CPython/3.9.14"
- - - [03/Mar/2023:21:03:59 -0500] "GET /v1/ports?fields=address%2Cextra HTTP/1.1" 200 13 689342 "-" "ironic-inspector keystoneauth1/5.1.0 python-requests/2.28.1 CPython/3.9.14"
- - - [03/Mar/2023:21:04:13 -0500] "GET /v1/ports?fields=address%2Cextra HTTP/1.1" 200 13 539299 "-" "ironic-inspector keystoneauth1/5.1.0 python-requests/2.28.1 CPython/3.9.14"
- - - [03/Mar/2023:21:04:14 -0500] "GET /v1/ports?fields=address%2Cextra HTTP/1.1" 200 13 641443 "-" "ironic-inspector keystoneauth1/5.1.0 python-requests/2.28.1 CPython/3.9.14"
- - - [03/Mar/2023:21:04:28 -0500] "GET /v1/ports?fields=address%2Cextra HTTP/1.1" 200 13 498516 "-" "ironic-inspector keystoneauth1/5.1.0 python-requests/2.28.1 CPython/3.9.14"
- - - [03/Mar/2023:21:04:28 -0500] "GET /v1/nodes?fields=uuid HTTP/1.1" 200 13 634369 "-" "ironic-inspector keystoneauth1/5.1.0 python-requests/2.28.1 CPython/3.9.14"
- - - [03/Mar/2023:21:04:28 -0500] "GET /v1/ports?fields=address%2Cextra HTTP/1.1" 200 13 584327 "-" "ironic-inspector keystoneauth1/5.1.0 python-requests/2.28.1 CPython/3.9.14"
- - - [03/Mar/2023:21:04:43 -0500] "GET /v1/ports?fields=address%2Cextra HTTP/1.1" 200 13 502419 "-" "ironic-inspector keystoneauth1/5.1.0 python-requests/2.28.1 CPython/3.9.14"
- - - [03/Mar/2023:21:04:43 -0500] "GET /v1/ports?fields=address%2Cextra HTTP/1.1" 200 13 690313 "-" "ironic-inspector keystoneauth1/5.1.0 python-requests/2.28.1 CPython/3.9.14"
- - - [03/Mar/2023:21:04:58 -0500] "GET /v1/ports?fields=address%2Cextra HTTP/1.1" 200 13 541321 "-" "ironic-inspector keystoneauth1/5.1.0 python-requests/2.28.1 CPython/3.9.14"
- - - [03/Mar/2023:21:04:59 -0500] "GET /v1/ports?fields=address%2Cextra HTTP/1.1" 200 13 561495 "-" "ironic-inspector keystoneauth1/5.1.0 python-requests/2.28.1 CPython/3.9.14"
- - - [03/Mar/2023:21:05:13 -0500] "GET /v1/ports?fields=address%2Cextra HTTP/1.1" 200 13 548737 "-" "ironic-inspector keystoneauth1/5.1.0 python-requests/2.28.1 CPython/3.9.14"
- - - [03/Mar/2023:21:05:14 -0500] "GET /v1/ports?fields=address%2Cextra HTTP/1.1" 200 13 566403 "-" "ironic-inspector keystoneauth1/5.1.0 python-requests/2.28.1 CPython/3.9.14"
- - - [03/Mar/2023:21:05:28 -0500] "GET /v1/nodes?fields=uuid HTTP/1.1" 200 13 591479 "-" "ironic-inspector keystoneauth1/5.1.0 python-requests/2.28.1 CPython/3.9.14"
- - - [03/Mar/2023:21:05:28 -0500] "GET /v1/ports?fields=address%2Cextra HTTP/1.1" 200 13 576014 "-" "ironic-inspector keystoneauth1/5.1.0 python-requests/2.28.1 CPython/3.9.14"
- - - [03/Mar/2023:21:05:29 -0500] "GET /v1/ports?fields=address%2Cextra HTTP/1.1" 200 13 671309 "-" "ironic-inspector keystoneauth1/5.1.0 python-requests/2.28.1 CPython/3.9.14"
- - - [03/Mar/2023:21:05:43 -0500] "GET /v1/ports?fields=address%2Cextra HTTP/1.1" 200 13 568443 "-" "ironic-inspector keystoneauth1/5.1.0 python-requests/2.28.1 CPython/3.9.14"
- - - [03/Mar/2023:21:05:44 -0500] "GET /v1/ports?fields=address%2Cextra HTTP/1.1" 200 13 559814 "-" "ironic-inspector keystoneauth1/5.1.0 python-requests/2.28.1 CPython/3.9.14"
- - - [03/Mar/2023:21:05:58 -0500] "GET /v1/ports?fields=address%2Cextra HTTP/1.1" 200 13 781777 "-" "ironic-inspector keystoneauth1/5.1.0 python-requests/2.28.1 CPython/3.9.14"
- - - [03/Mar/2023:21:05:59 -0500] "GET /v1/ports?fields=address%2Cextra HTTP/1.1" 200 13 526744 "-" "ironic-inspector keystoneauth1/5.1.0 python-requests/2.28.1 CPython/3.9.14"
- - - [03/Mar/2023:21:06:13 -0500] "GET /v1/ports?fields=address%2Cextra HTTP/1.1" 200 13 583086 "-" "ironic-inspector keystoneauth1/5.1.0 python-requests/2.28.1 CPython/3.9.14"
- - - [03/Mar/2023:21:06:14 -0500] "GET /v1/ports?fields=address%2Cextra HTTP/1.1" 200 13 529898 "-" "ironic-inspector keystoneauth1/5.1.0 python-requests/2.28.1 CPython/3.9.14"
- - - [03/Mar/2023:21:06:28 -0500] "GET /v1/nodes?fields=uuid HTTP/1.1" 200 13 599886 "-" "ironic-inspector keystoneauth1/5.1.0 python-requests/2.28.1 CPython/3.9.14"
- - - [03/Mar/2023:21:06:28 -0500] "GET /v1/ports?fields=address%2Cextra HTTP/1.1" 200 13 697082 "-" "ironic-inspector keystoneauth1/5.1.0 python-requests/2.28.1 CPython/3.9.14"
- - - [03/Mar/2023:21:06:29 -0500] "GET /v1/ports?fields=address%2Cextra HTTP/1.1" 200 13 513888 "-" "ironic-inspector keystoneauth1/5.1.0 python-requests/2.28.1 CPython/3.9.14"
- - - [03/Mar/2023:21:06:43 -0500] "GET /v1/ports?fields=address%2Cextra HTTP/1.1" 200 13 851152 "-" "ironic-inspector keystoneauth1/5.1.0 python-requests/2.28.1 CPython/3.9.14"
- - - [03/Mar/2023:21:06:44 -0500] "GET /v1/ports?fields=address%2Cextra HTTP/1.1" 200 13 619519 "-" "ironic-inspector keystoneauth1/5.1.0 python-requests/2.28.1 CPython/3.9.14"
- - - [03/Mar/2023:21:06:58 -0500] "GET /v1/ports?fields=address%2Cextra HTTP/1.1" 200 13 554234 "-" "ironic-inspector keystoneauth1/5.1.0 python-requests/2.28.1 CPython/3.9.14"
- - - [03/Mar/2023:21:06:59 -0500] "GET /v1/ports?fields=address%2Cextra HTTP/1.1" 200 13 497362 "-" "ironic-inspector keystoneauth1/5.1.0 python-requests/2.28.1 CPython/3.9.14"
- - - [03/Mar/2023:21:07:13 -0500] "GET /v1/ports?fields=address%2Cextra HTTP/1.1" 200 13 720756 "-" "ironic-inspector keystoneauth1/5.1.0 python-requests/2.28.1 CPython/3.9.14"
- - - [03/Mar/2023:21:07:14 -0500] "GET /v1/ports?fields=address%2Cextra HTTP/1.1" 200 13 688623 "-" "ironic-inspector keystoneauth1/5.1.0 python-requests/2.28.1 CPython/3.9.14"
- - - [03/Mar/2023:21:07:28 -0500] "GET /v1/nodes?fields=uuid HTTP/1.1" 200 13 740572 "-" "ironic-inspector keystoneauth1/5.1.0 python-requests/2.28.1 CPython/3.9.14"
- - - [03/Mar/2023:21:07:28 -0500] "GET /v1/ports?fields=address%2Cextra HTTP/1.1" 200 13 800012 "-" "ironic-inspector keystoneauth1/5.1.0 python-requests/2.28.1 CPython/3.9.14"
- - - [03/Mar/2023:21:07:29 -0500] "GET /v1/ports?fields=address%2Cextra HTTP/1.1" 200 13 456401 "-" "ironic-inspector keystoneauth1/5.1.0 python-requests/2.28.1 CPython/3.9.14"
- - - [03/Mar/2023:21:07:43 -0500] "GET /v1/ports?fields=address%2Cextra HTTP/1.1" 200 13 13768563 "-" "ironic-inspector keystoneauth1/5.1.0 python-requests/2.28.1 CPython/3.9.14"
- - - [03/Mar/2023:21:07:57 -0500] "GET /v1/ports?fields=address%2Cextra HTTP/1.1" 200 13 6954314 "-" "ironic-inspector keystoneauth1/5.1.0 python-requests/2.28.1 CPython/3.9.14"
- - - [03/Mar/2023:21:08:04 -0500] "GET /v1/ports?fields=address%2Cextra HTTP/1.1" 200 13 6836687 "-" "ironic-inspector keystoneauth1/5.1.0 python-requests/2.28.1 CPython/3.9.14"
- - - [03/Mar/2023:21:08:19 -0500] "GET /v1/ports?fields=address%2Cextra HTTP/1.1" 200 13 10092772 "-" "ironic-inspector keystoneauth1/5.1.0 python-requests/2.28.1 CPython/3.9.14"
- - - [03/Mar/2023:21:08:28 -0500] "GET /v1/nodes?fields=uuid HTTP/1.1" 200 13 8648907 "-" "ironic-inspector keystoneauth1/5.1.0 python-requests/2.28.1 CPython/3.9.14"
- - - [03/Mar/2023:21:08:29 -0500] "GET /v1/ports?fields=address%2Cextra HTTP/1.1" 200 13 8262358 "-" "ironic-inspector keystoneauth1/5.1.0 python-requests/2.28.1 CPython/3.9.14"
- - - [03/Mar/2023:21:08:37 -0500] "GET /v1/ports?fields=address%2Cextra HTTP/1.1" 200 13 468441 "-" "ironic-inspector keystoneauth1/5.1.0 python-requests/2.28.1 CPython/3.9.14"
- - - [03/Mar/2023:21:08:38 -0500] "GET /v1/ports?fields=address%2Cextra HTTP/1.1" 200 13 513310 "-" "ironic-inspector keystoneauth1/5.1.0 python-requests/2.28.1 CPython/3.9.14"
- - - [03/Mar/2023:21:08:52 -0500] "GET /v1/ports?fields=address%2Cextra HTTP/1.1" 200 13 538422 "-" "ironic-inspector keystoneauth1/5.1.0 python-requests/2.28.1 CPython/3.9.14"
- - - [03/Mar/2023:21:08:53 -0500] "GET /v1/ports?fields=address%2Cextra HTTP/1.1" 200 13 757011 "-" "ironic-inspector keystoneauth1/5.1.0 python-requests/2.28.1 CPython/3.9.14"
- - - [03/Mar/2023:21:09:07 -0500] "GET /v1/ports?fields=address%2Cextra HTTP/1.1" 200 13 789144 "-" "ironic-inspector keystoneauth1/5.1.0 python-requests/2.28.1 CPython/3.9.14"
- - - [03/Mar/2023:21:09:08 -0500] "GET /v1/ports?fields=address%2Cextra HTTP/1.1" 200 13 598312 "-" "ironic-inspector keystoneauth1/5.1.0 python-requests/2.28.1 CPython/3.9.14"
- - - [03/Mar/2023:21:09:22 -0500] "GET /v1/ports?fields=address%2Cextra HTTP/1.1" 200 13 458290 "-" "ironic-inspector keystoneauth1/5.1.0 python-requests/2.28.1 CPython/3.9.14"
- - - [03/Mar/2023:21:09:23 -0500] "GET /v1/ports?fields=address%2Cextra HTTP/1.1" 200 13 739152 "-" "ironic-inspector keystoneauth1/5.1.0 python-requests/2.28.1 CPython/3.9.14"
- - - [03/Mar/2023:21:09:26 -0500] "POST /v1/nodes HTTP/1.1" 201 2663 839463 "-" "python-ironicclient"
- - - [03/Mar/2023:21:09:28 -0500] "GET /v1/nodes?fields=uuid HTTP/1.1" 200 271 1140796 "-" "ironic-inspector keystoneauth1/5.1.0 python-requests/2.28.1 CPython/3.9.14"
- - - [03/Mar/2023:21:09:31 -0500] "GET /v1/nodes HTTP/1.1" 200 380 485298 "-" "python-ironicclient"
- - - [03/Mar/2023:21:09:35 -0500] "PATCH /v1/nodes/a7f0449b-61ee-4efa-a7b5-8cd72569e746 HTTP/1.1" 200 3173 1398896 "-" "python-ironicclient"
- - - [03/Mar/2023:21:09:37 -0500] "GET /v1/ports?fields=address%2Cextra HTTP/1.1" 200 13 895969 "-" "ironic-inspector keystoneauth1/5.1.0 python-requests/2.28.1 CPython/3.9.14"
- - - [03/Mar/2023:21:09:38 -0500] "GET /v1/ports?fields=address%2Cextra HTTP/1.1" 200 13 1057432 "-" "ironic-inspector keystoneauth1/5.1.0 python-requests/2.28.1 CPython/3.9.14"
- - - [03/Mar/2023:21:09:41 -0500] "POST /v1/ports HTTP/1.1" 201 562 1309879 "-" "python-ironicclient"
- - - [03/Mar/2023:21:09:46 -0500] "PUT /v1/nodes/a7f0449b-61ee-4efa-a7b5-8cd72569e746/states/provision HTTP/1.1" 202 - 741324 "-" "python-ironicclient"
- - - [03/Mar/2023:21:09:52 -0500] "GET /v1/ports?fields=address%2Cextra HTTP/1.1" 200 268 904880 "-" "ironic-inspector keystoneauth1/5.1.0 python-requests/2.28.1 CPython/3.9.14"
- - - [03/Mar/2023:21:09:53 -0500] "GET /v1/ports?fields=address%2Cextra HTTP/1.1" 200 268 644833 "-" "ironic-inspector keystoneauth1/5.1.0 python-requests/2.28.1 CPython/3.9.14"
- - - [03/Mar/2023:21:10:01 -0500] "PUT /v1/nodes/a7f0449b-61ee-4efa-a7b5-8cd72569e746/states/provision HTTP/1.1" 202 - 981746 "-" "python-ironicclient"
- - - [03/Mar/2023:21:10:05 -0500] "PUT /v1/nodes/a7f0449b-61ee-4efa-a7b5-8cd72569e746/states/power HTTP/1.1" 202 - 894234 "-" "python-ironicclient"
- - - [03/Mar/2023:21:10:07 -0500] "GET /v1/ports?fields=address%2Cextra HTTP/1.1" 200 268 904403 "-" "ironic-inspector keystoneauth1/5.1.0 python-requests/2.28.1 CPython/3.9.14"
- - - [03/Mar/2023:21:10:08 -0500] "GET /v1/ports?fields=address%2Cextra HTTP/1.1" 200 268 576703 "-" "ironic-inspector keystoneauth1/5.1.0 python-requests/2.28.1 CPython/3.9.14"
- - - [03/Mar/2023:21:10:22 -0500] "GET /v1/ports?fields=address%2Cextra HTTP/1.1" 200 268 795976 "-" "ironic-inspector keystoneauth1/5.1.0 python-requests/2.28.1 CPython/3.9.14"
- - - [03/Mar/2023:21:10:23 -0500] "GET /v1/ports?fields=address%2Cextra HTTP/1.1" 200 268 764080 "-" "ironic-inspector keystoneauth1/5.1.0 python-requests/2.28.1 CPython/3.9.14"
- - - [03/Mar/2023:21:10:28 -0500] "GET /v1/nodes?fields=uuid HTTP/1.1" 200 271 648879 "-" "ironic-inspector keystoneauth1/5.1.0 python-requests/2.28.1 CPython/3.9.14"
- - - [03/Mar/2023:21:10:37 -0500] "GET /v1/ports?fields=address%2Cextra HTTP/1.1" 200 268 855538 "-" "ironic-inspector keystoneauth1/5.1.0 python-requests/2.28.1 CPython/3.9.14"
- - - [03/Mar/2023:21:10:38 -0500] "GET /v1/ports?fields=address%2Cextra HTTP/1.1" 200 268 677964 "-" "ironic-inspector keystoneauth1/5.1.0 python-requests/2.28.1 CPython/3.9.14"
- - - [03/Mar/2023:21:10:40 -0500] "GET /v1/nodes HTTP/1.1" 200 369 725650 "-" "python-urllib3/1.26.5"
- - - [03/Mar/2023:21:10:41 -0500] "GET /v1/nodes?provision_state=available&associated=False&maintenance=False&fields=uuid%2Cdriver%2Cinstance_uuid%2Cprovision_state%2Cname%2Cmaintenance HTTP/1.1" 200 380 807737 "-" "python-urllib3/1.26.5"
- - - [03/Mar/2023:21:10:41 -0500] "PATCH /v1/nodes/a7f0449b-61ee-4efa-a7b5-8cd72569e746 HTTP/1.1" 200 2598 1565362 "-" "python-urllib3/1.26.5"
- - - [03/Mar/2023:21:10:43 -0500] "PATCH /v1/nodes/a7f0449b-61ee-4efa-a7b5-8cd72569e746 HTTP/1.1" 200 2598 949084 "-" "python-urllib3/1.26.5"
- - - [03/Mar/2023:21:10:50 -0500] "POST /v1/nodes/a7f0449b-61ee-4efa-a7b5-8cd72569e746/vifs HTTP/1.1" 204 - 1026094 "-" "python-urllib3/1.26.5"
- - - [03/Mar/2023:21:10:51 -0500] "PATCH /v1/nodes/a7f0449b-61ee-4efa-a7b5-8cd72569e746 HTTP/1.1" 200 2598 1211038 "-" "python-urllib3/1.26.5"
- - - [03/Mar/2023:21:10:52 -0500] "GET /v1/ports?fields=address%2Cextra HTTP/1.1" 200 268 630037 "-" "ironic-inspector keystoneauth1/5.1.0 python-requests/2.28.1 CPython/3.9.14"
- - - [03/Mar/2023:21:10:53 -0500] "GET /v1/ports?fields=address%2Cextra HTTP/1.1" 200 268 513313 "-" "ironic-inspector keystoneauth1/5.1.0 python-requests/2.28.1 CPython/3.9.14"
- - - [03/Mar/2023:21:10:52 -0500] "PUT /v1/nodes/a7f0449b-61ee-4efa-a7b5-8cd72569e746/states/provision HTTP/1.1" 202 - 1779162 "-" "python-urllib3/1.26.5"
- - - [03/Mar/2023:21:10:54 -0500] "GET /v1/nodes/a7f0449b-61ee-4efa-a7b5-8cd72569e746 HTTP/1.1" 200 2704 508428 "-" "python-urllib3/1.26.5"
- - - [03/Mar/2023:21:10:55 -0500] "GET /v1/nodes/a7f0449b-61ee-4efa-a7b5-8cd72569e746 HTTP/1.1" 200 2704 530428 "-" "python-urllib3/1.26.5"
- - - [03/Mar/2023:21:10:57 -0500] "GET /v1/nodes/a7f0449b-61ee-4efa-a7b5-8cd72569e746 HTTP/1.1" 200 2704 678225 "-" "python-urllib3/1.26.5"
- - - [03/Mar/2023:21:10:59 -0500] "GET /v1/nodes/a7f0449b-61ee-4efa-a7b5-8cd72569e746 HTTP/1.1" 200 2777 605692 "-" "python-urllib3/1.26.5"
- - - [03/Mar/2023:21:11:00 -0500] "GET /v1/nodes/a7f0449b-61ee-4efa-a7b5-8cd72569e746 HTTP/1.1" 200 2777 612250 "-" "python-urllib3/1.26.5"
- - - [03/Mar/2023:21:11:02 -0500] "GET /v1/nodes/a7f0449b-61ee-4efa-a7b5-8cd72569e746 HTTP/1.1" 200 2777 512032 "-" "python-urllib3/1.26.5"
- - - [03/Mar/2023:21:11:03 -0500] "GET /v1/nodes/a7f0449b-61ee-4efa-a7b5-8cd72569e746 HTTP/1.1" 200 2777 642428 "-" "python-urllib3/1.26.5"
- - - [03/Mar/2023:21:11:05 -0500] "GET /v1/nodes/a7f0449b-61ee-4efa-a7b5-8cd72569e746 HTTP/1.1" 200 2777 554394 "-" "python-urllib3/1.26.5"
- - - [03/Mar/2023:21:11:06 -0500] "GET /v1/nodes/a7f0449b-61ee-4efa-a7b5-8cd72569e746 HTTP/1.1" 200 2777 525114 "-" "python-urllib3/1.26.5"
- - - [03/Mar/2023:21:11:07 -0500] "GET /v1/ports?fields=address%2Cextra HTTP/1.1" 200 268 515469 "-" "ironic-inspector keystoneauth1/5.1.0 python-requests/2.28.1 CPython/3.9.14"
- - - [03/Mar/2023:21:11:08 -0500] "GET /v1/ports?fields=address%2Cextra HTTP/1.1" 200 268 568331 "-" "ironic-inspector keystoneauth1/5.1.0 python-requests/2.28.1 CPython/3.9.14"
- - - [03/Mar/2023:21:11:08 -0500] "GET /v1/nodes/a7f0449b-61ee-4efa-a7b5-8cd72569e746 HTTP/1.1" 200 2777 661206 "-" "python-urllib3/1.26.5"
- - - [03/Mar/2023:21:11:10 -0500] "GET /v1/nodes/a7f0449b-61ee-4efa-a7b5-8cd72569e746 HTTP/1.1" 200 2777 565100 "-" "python-urllib3/1.26.5"
- - - [03/Mar/2023:21:11:11 -0500] "GET /v1/nodes/a7f0449b-61ee-4efa-a7b5-8cd72569e746 HTTP/1.1" 200 2777 558467 "-" "python-urllib3/1.26.5"
- - - [03/Mar/2023:21:11:13 -0500] "GET /v1/nodes/a7f0449b-61ee-4efa-a7b5-8cd72569e746 HTTP/1.1" 200 2777 523745 "-" "python-urllib3/1.26.5"
- - - [03/Mar/2023:21:11:14 -0500] "GET /v1/nodes/a7f0449b-61ee-4efa-a7b5-8cd72569e746 HTTP/1.1" 200 2777 450093 "-" "python-urllib3/1.26.5"
- - - [03/Mar/2023:21:11:16 -0500] "GET /v1/nodes/a7f0449b-61ee-4efa-a7b5-8cd72569e746 HTTP/1.1" 200 2777 721288 "-" "python-urllib3/1.26.5"
- - - [03/Mar/2023:21:11:18 -0500] "GET /v1/nodes/a7f0449b-61ee-4efa-a7b5-8cd72569e746 HTTP/1.1" 200 2777 654058 "-" "python-urllib3/1.26.5"
- - - [03/Mar/2023:21:11:19 -0500] "GET /v1/nodes/a7f0449b-61ee-4efa-a7b5-8cd72569e746 HTTP/1.1" 200 2777 538929 "-" "python-urllib3/1.26.5"
- - - [03/Mar/2023:21:11:21 -0500] "GET /v1/nodes/a7f0449b-61ee-4efa-a7b5-8cd72569e746 HTTP/1.1" 200 2777 467471 "-" "python-urllib3/1.26.5"
- - - [03/Mar/2023:21:11:22 -0500] "GET /v1/nodes/a7f0449b-61ee-4efa-a7b5-8cd72569e746 HTTP/1.1" 200 2777 680419 "-" "python-urllib3/1.26.5"
- - - [03/Mar/2023:21:11:22 -0500] "GET /v1/ports?fields=address%2Cextra HTTP/1.1" 200 268 758765 "-" "ironic-inspector keystoneauth1/5.1.0 python-requests/2.28.1 CPython/3.9.14"
- - - [03/Mar/2023:21:11:23 -0500] "GET /v1/ports?fields=address%2Cextra HTTP/1.1" 200 268 601991 "-" "ironic-inspector keystoneauth1/5.1.0 python-requests/2.28.1 CPython/3.9.14"
- - - [03/Mar/2023:21:11:24 -0500] "GET /v1/nodes/a7f0449b-61ee-4efa-a7b5-8cd72569e746 HTTP/1.1" 200 2777 560698 "-" "python-urllib3/1.26.5"
- - - [03/Mar/2023:21:11:25 -0500] "GET /v1/nodes/a7f0449b-61ee-4efa-a7b5-8cd72569e746 HTTP/1.1" 200 2777 644360 "-" "python-urllib3/1.26.5"
- - - [03/Mar/2023:21:11:27 -0500] "GET /v1/nodes/a7f0449b-61ee-4efa-a7b5-8cd72569e746 HTTP/1.1" 200 2777 647861 "-" "python-urllib3/1.26.5"
- - - [03/Mar/2023:21:11:28 -0500] "GET /v1/nodes?fields=uuid HTTP/1.1" 200 271 570210 "-" "ironic-inspector keystoneauth1/5.1.0 python-requests/2.28.1 CPython/3.9.14"
- - - [03/Mar/2023:21:11:29 -0500] "GET /v1/nodes/a7f0449b-61ee-4efa-a7b5-8cd72569e746 HTTP/1.1" 200 2777 616341 "-" "python-urllib3/1.26.5"
- - - [03/Mar/2023:21:11:30 -0500] "GET /v1/nodes/a7f0449b-61ee-4efa-a7b5-8cd72569e746 HTTP/1.1" 200 2777 575211 "-" "python-urllib3/1.26.5"
- - - [03/Mar/2023:21:11:32 -0500] "GET /v1/nodes/a7f0449b-61ee-4efa-a7b5-8cd72569e746 HTTP/1.1" 200 2777 637093 "-" "python-urllib3/1.26.5"
- - - [03/Mar/2023:21:11:34 -0500] "GET /v1/nodes/a7f0449b-61ee-4efa-a7b5-8cd72569e746 HTTP/1.1" 200 3317 709862 "-" "python-urllib3/1.26.5"
- - - [03/Mar/2023:21:11:35 -0500] "GET /v1/nodes/a7f0449b-61ee-4efa-a7b5-8cd72569e746 HTTP/1.1" 200 3320 940208 "-" "python-urllib3/1.26.5"
- - - [03/Mar/2023:21:11:37 -0500] "GET /v1/ports?fields=address%2Cextra HTTP/1.1" 200 268 563830 "-" "ironic-inspector keystoneauth1/5.1.0 python-requests/2.28.1 CPython/3.9.14"
- - - [03/Mar/2023:21:11:37 -0500] "GET /v1/nodes/a7f0449b-61ee-4efa-a7b5-8cd72569e746 HTTP/1.1" 200 3320 584898 "-" "python-urllib3/1.26.5"
- - - [03/Mar/2023:21:11:38 -0500] "GET /v1/ports?fields=address%2Cextra HTTP/1.1" 200 268 494372 "-" "ironic-inspector keystoneauth1/5.1.0 python-requests/2.28.1 CPython/3.9.14"
- - - [03/Mar/2023:21:11:39 -0500] "GET /v1/nodes/a7f0449b-61ee-4efa-a7b5-8cd72569e746 HTTP/1.1" 200 3320 531417 "-" "python-urllib3/1.26.5"
- - - [03/Mar/2023:21:11:40 -0500] "GET /v1/nodes/a7f0449b-61ee-4efa-a7b5-8cd72569e746 HTTP/1.1" 200 3320 717443 "-" "python-urllib3/1.26.5"
- - - [03/Mar/2023:21:11:42 -0500] "GET /v1/nodes/a7f0449b-61ee-4efa-a7b5-8cd72569e746 HTTP/1.1" 200 3320 600481 "-" "python-urllib3/1.26.5"
- - - [03/Mar/2023:21:11:44 -0500] "GET /v1/nodes/a7f0449b-61ee-4efa-a7b5-8cd72569e746 HTTP/1.1" 200 3303 536803 "-" "python-urllib3/1.26.5"
- - - [03/Mar/2023:21:11:44 -0500] "GET /v1/nodes/a7f0449b-61ee-4efa-a7b5-8cd72569e746 HTTP/1.1" 200 3303 994887 "-" "python-urllib3/1.26.5"
- - - [03/Mar/2023:21:11:52 -0500] "GET /v1/ports?fields=address%2Cextra HTTP/1.1" 200 268 1198312 "-" "ironic-inspector keystoneauth1/5.1.0 python-requests/2.28.1 CPython/3.9.14"
- - - [03/Mar/2023:21:11:53 -0500] "GET /v1/ports?fields=address%2Cextra HTTP/1.1" 200 268 640299 "-" "ironic-inspector keystoneauth1/5.1.0 python-requests/2.28.1 CPython/3.9.14"
- - - [03/Mar/2023:21:12:07 -0500] "GET /v1/ports?fields=address%2Cextra HTTP/1.1" 200 268 752348 "-" "ironic-inspector keystoneauth1/5.1.0 python-requests/2.28.1 CPython/3.9.14"
- - - [03/Mar/2023:21:12:08 -0500] "GET /v1/ports?fields=address%2Cextra HTTP/1.1" 200 268 596668 "-" "ironic-inspector keystoneauth1/5.1.0 python-requests/2.28.1 CPython/3.9.14"
- - - [03/Mar/2023:21:12:15 -0500] "GET /v1/nodes/a7f0449b-61ee-4efa-a7b5-8cd72569e746 HTTP/1.1" 200 3303 810922 "-" "python-urllib3/1.26.5"
- - - [03/Mar/2023:21:12:22 -0500] "GET /v1/ports?fields=address%2Cextra HTTP/1.1" 200 268 595147 "-" "ironic-inspector keystoneauth1/5.1.0 python-requests/2.28.1 CPython/3.9.14"
- - - [03/Mar/2023:21:12:23 -0500] "GET /v1/ports?fields=address%2Cextra HTTP/1.1" 200 268 521665 "-" "ironic-inspector keystoneauth1/5.1.0 python-requests/2.28.1 CPython/3.9.14"
- - - [03/Mar/2023:21:12:28 -0500] "GET /v1/nodes?fields=uuid HTTP/1.1" 200 271 519177 "-" "ironic-inspector keystoneauth1/5.1.0 python-requests/2.28.1 CPython/3.9.14"
- - - [03/Mar/2023:21:12:37 -0500] "GET /v1/ports?fields=address%2Cextra HTTP/1.1" 200 268 653157 "-" "ironic-inspector keystoneauth1/5.1.0 python-requests/2.28.1 CPython/3.9.14"
- - - [03/Mar/2023:21:12:38 -0500] "GET /v1/ports?fields=address%2Cextra HTTP/1.1" 200 268 577981 "-" "ironic-inspector keystoneauth1/5.1.0 python-requests/2.28.1 CPython/3.9.14"
- - - [03/Mar/2023:21:12:46 -0500] "GET /v1/nodes/a7f0449b-61ee-4efa-a7b5-8cd72569e746 HTTP/1.1" 200 3303 791697 "-" "python-urllib3/1.26.5"
- - - [03/Mar/2023:21:12:52 -0500] "GET /v1/ports?fields=address%2Cextra HTTP/1.1" 200 268 656285 "-" "ironic-inspector keystoneauth1/5.1.0 python-requests/2.28.1 CPython/3.9.14"
- - - [03/Mar/2023:21:12:53 -0500] "GET /v1/ports?fields=address%2Cextra HTTP/1.1" 200 268 628610 "-" "ironic-inspector keystoneauth1/5.1.0 python-requests/2.28.1 CPython/3.9.14"
- - - [03/Mar/2023:21:13:07 -0500] "GET /v1/ports?fields=address%2Cextra HTTP/1.1" 200 268 643513 "-" "ironic-inspector keystoneauth1/5.1.0 python-requests/2.28.1 CPython/3.9.14"
- - - [03/Mar/2023:21:13:08 -0500] "GET /v1/ports?fields=address%2Cextra HTTP/1.1" 200 268 628475 "-" "ironic-inspector keystoneauth1/5.1.0 python-requests/2.28.1 CPython/3.9.14"
- - - [03/Mar/2023:21:13:17 -0500] "GET /v1/nodes/a7f0449b-61ee-4efa-a7b5-8cd72569e746 HTTP/1.1" 200 3303 678579 "-" "python-urllib3/1.26.5"
- - - [03/Mar/2023:21:13:22 -0500] "GET /v1/ports?fields=address%2Cextra HTTP/1.1" 200 268 770239 "-" "ironic-inspector keystoneauth1/5.1.0 python-requests/2.28.1 CPython/3.9.14"
- - - [03/Mar/2023:21:13:23 -0500] "GET /v1/ports?fields=address%2Cextra HTTP/1.1" 200 268 575387 "-" "ironic-inspector keystoneauth1/5.1.0 python-requests/2.28.1 CPython/3.9.14"
- - - [03/Mar/2023:21:13:28 -0500] "GET /v1/nodes?fields=uuid HTTP/1.1" 200 271 494404 "-" "ironic-inspector keystoneauth1/5.1.0 python-requests/2.28.1 CPython/3.9.14"
- - - [03/Mar/2023:21:13:37 -0500] "GET /v1/ports?fields=address%2Cextra HTTP/1.1" 200 268 597376 "-" "ironic-inspector keystoneauth1/5.1.0 python-requests/2.28.1 CPython/3.9.14"
- - - [03/Mar/2023:21:13:38 -0500] "GET /v1/ports?fields=address%2Cextra HTTP/1.1" 200 268 601525 "-" "ironic-inspector keystoneauth1/5.1.0 python-requests/2.28.1 CPython/3.9.14"
- - - [03/Mar/2023:21:13:48 -0500] "GET /v1/nodes/a7f0449b-61ee-4efa-a7b5-8cd72569e746 HTTP/1.1" 200 3303 538162 "-" "python-urllib3/1.26.5"
- - - [03/Mar/2023:21:13:52 -0500] "GET /v1/ports?fields=address%2Cextra HTTP/1.1" 200 268 709801 "-" "ironic-inspector keystoneauth1/5.1.0 python-requests/2.28.1 CPython/3.9.14"
- - - [03/Mar/2023:21:13:53 -0500] "GET /v1/ports?fields=address%2Cextra HTTP/1.1" 200 268 611383 "-" "ironic-inspector keystoneauth1/5.1.0 python-requests/2.28.1 CPython/3.9.14"
- - - [03/Mar/2023:21:14:07 -0500] "GET /v1/ports?fields=address%2Cextra HTTP/1.1" 200 268 571887 "-" "ironic-inspector keystoneauth1/5.1.0 python-requests/2.28.1 CPython/3.9.14"
- - - [03/Mar/2023:21:14:08 -0500] "GET /v1/ports?fields=address%2Cextra HTTP/1.1" 200 268 493847 "-" "ironic-inspector keystoneauth1/5.1.0 python-requests/2.28.1 CPython/3.9.14"
- - - [03/Mar/2023:21:14:18 -0500] "GET /v1/nodes/a7f0449b-61ee-4efa-a7b5-8cd72569e746 HTTP/1.1" 200 3303 721758 "-" "python-urllib3/1.26.5"
- - - [03/Mar/2023:21:14:22 -0500] "GET /v1/ports?fields=address%2Cextra HTTP/1.1" 200 268 440495 "-" "ironic-inspector keystoneauth1/5.1.0 python-requests/2.28.1 CPython/3.9.14"
- - - [03/Mar/2023:21:14:23 -0500] "GET /v1/ports?fields=address%2Cextra HTTP/1.1" 200 268 458396 "-" "ironic-inspector keystoneauth1/5.1.0 python-requests/2.28.1 CPython/3.9.14"
- - - [03/Mar/2023:21:14:28 -0500] "GET /v1/nodes?fields=uuid HTTP/1.1" 200 271 572534 "-" "ironic-inspector keystoneauth1/5.1.0 python-requests/2.28.1 CPython/3.9.14"
- - - [03/Mar/2023:21:14:37 -0500] "GET /v1/ports?fields=address%2Cextra HTTP/1.1" 200 268 589615 "-" "ironic-inspector keystoneauth1/5.1.0 python-requests/2.28.1 CPython/3.9.14"
- - - [03/Mar/2023:21:14:38 -0500] "GET /v1/ports?fields=address%2Cextra HTTP/1.1" 200 268 498746 "-" "ironic-inspector keystoneauth1/5.1.0 python-requests/2.28.1 CPython/3.9.14"
- - - [03/Mar/2023:21:14:49 -0500] "GET /v1/nodes/a7f0449b-61ee-4efa-a7b5-8cd72569e746 HTTP/1.1" 200 3303 698000 "-" "python-urllib3/1.26.5"
- - - [03/Mar/2023:21:14:52 -0500] "GET /v1/ports?fields=address%2Cextra HTTP/1.1" 200 268 521118 "-" "ironic-inspector keystoneauth1/5.1.0 python-requests/2.28.1 CPython/3.9.14"
- - - [03/Mar/2023:21:14:53 -0500] "GET /v1/ports?fields=address%2Cextra HTTP/1.1" 200 268 467347 "-" "ironic-inspector keystoneauth1/5.1.0 python-requests/2.28.1 CPython/3.9.14"
- - - [03/Mar/2023:21:15:07 -0500] "GET /v1/ports?fields=address%2Cextra HTTP/1.1" 200 268 543382 "-" "ironic-inspector keystoneauth1/5.1.0 python-requests/2.28.1 CPython/3.9.14"
- - - [03/Mar/2023:21:15:08 -0500] "GET /v1/ports?fields=address%2Cextra HTTP/1.1" 200 268 574485 "-" "ironic-inspector keystoneauth1/5.1.0 python-requests/2.28.1 CPython/3.9.14"
- - - [03/Mar/2023:21:15:20 -0500] "GET /v1/nodes/a7f0449b-61ee-4efa-a7b5-8cd72569e746 HTTP/1.1" 200 3303 582076 "-" "python-urllib3/1.26.5"
- - - [03/Mar/2023:21:15:22 -0500] "GET /v1/ports?fields=address%2Cextra HTTP/1.1" 200 268 639977 "-" "ironic-inspector keystoneauth1/5.1.0 python-requests/2.28.1 CPython/3.9.14"
- - - [03/Mar/2023:21:15:23 -0500] "GET /v1/ports?fields=address%2Cextra HTTP/1.1" 200 268 497036 "-" "ironic-inspector keystoneauth1/5.1.0 python-requests/2.28.1 CPython/3.9.14"
- - - [03/Mar/2023:21:15:28 -0500] "GET /v1/nodes?fields=uuid HTTP/1.1" 200 271 468563 "-" "ironic-inspector keystoneauth1/5.1.0 python-requests/2.28.1 CPython/3.9.14"
- - - [03/Mar/2023:21:15:37 -0500] "GET /v1/ports?fields=address%2Cextra HTTP/1.1" 200 268 534230 "-" "ironic-inspector keystoneauth1/5.1.0 python-requests/2.28.1 CPython/3.9.14"
- - - [03/Mar/2023:21:15:38 -0500] "GET /v1/ports?fields=address%2Cextra HTTP/1.1" 200 268 465119 "-" "ironic-inspector keystoneauth1/5.1.0 python-requests/2.28.1 CPython/3.9.14"
- - - [03/Mar/2023:21:15:50 -0500] "GET /v1/nodes/a7f0449b-61ee-4efa-a7b5-8cd72569e746 HTTP/1.1" 200 3303 593367 "-" "python-urllib3/1.26.5"
- - - [03/Mar/2023:21:15:52 -0500] "GET /v1/ports?fields=address%2Cextra HTTP/1.1" 200 268 500579 "-" "ironic-inspector keystoneauth1/5.1.0 python-requests/2.28.1 CPython/3.9.14"
- - - [03/Mar/2023:21:15:53 -0500] "GET /v1/ports?fields=address%2Cextra HTTP/1.1" 200 268 497824 "-" "ironic-inspector keystoneauth1/5.1.0 python-requests/2.28.1 CPython/3.9.14"
- - - [03/Mar/2023:21:16:07 -0500] "GET /v1/ports?fields=address%2Cextra HTTP/1.1" 200 268 651818 "-" "ironic-inspector keystoneauth1/5.1.0 python-requests/2.28.1 CPython/3.9.14"
- - - [03/Mar/2023:21:16:08 -0500] "GET /v1/ports?fields=address%2Cextra HTTP/1.1" 200 268 593015 "-" "ironic-inspector keystoneauth1/5.1.0 python-requests/2.28.1 CPython/3.9.14"
- - - [03/Mar/2023:21:16:15 -0500] "GET / HTTP/1.1" 200 468 16006 "-" "python-requests/2.28.1"
- - - [03/Mar/2023:21:16:15 -0500] "GET /v1/lookup?addresses=98%3Af2%3Ab3%3A12%3A51%3Aaa%2C98%3Af2%3Ab3%3A12%3A51%3Aa8%2C94%3A40%3Ac9%3A21%3Aa0%3A0b%2C94%3A40%3Ac9%3A21%3Aa0%3A09%2C98%3Af2%3Ab3%3A12%3A51%3Aab%2C98%3Af2%3Ab3%3A12%3A51%3Aa9%2C94%3A40%3Ac9%3A21%3Aa0%3A0a%2C6e%3A32%3A17%3Aa0%3Ac3%3A35%2C94%3A40%3Ac9%3A21%3Aa0%3A08 HTTP/1.1" 200 1011 252843 "-" "python-requests/2.28.1"
- - - [03/Mar/2023:21:16:15 -0500] "POST /v1/heartbeat/a7f0449b-61ee-4efa-a7b5-8cd72569e746 HTTP/1.1" 202 - 153752 "-" "python-requests/2.28.1"
- - - [03/Mar/2023:21:16:16 -0500] "GET /v1/lookup?addresses=98%3Af2%3Ab3%3A12%3A51%3Aaa%2C98%3Af2%3Ab3%3A12%3A51%3Aa8%2C94%3A40%3Ac9%3A21%3Aa0%3A0b%2C94%3A40%3Ac9%3A21%3Aa0%3A09%2C98%3Af2%3Ab3%3A12%3A51%3Aab%2C98%3Af2%3Ab3%3A12%3A51%3Aa9%2C94%3A40%3Ac9%3A21%3Aa0%3A0a%2C6e%3A32%3A17%3Aa0%3Ac3%3A35%2C94%3A40%3Ac9%3A21%3Aa0%3A08&node_uuid=a7f0449b-61ee-4efa-a7b5-8cd72569e746 HTTP/1.1" 200 1011 188252 "-" "python-requests/2.28.1"
- - - [03/Mar/2023:21:16:21 -0500] "GET /v1/nodes/a7f0449b-61ee-4efa-a7b5-8cd72569e746 HTTP/1.1" 200 4796 617947 "-" "python-urllib3/1.26.5"
- - - [03/Mar/2023:21:16:22 -0500] "GET /v1/ports?fields=address%2Cextra HTTP/1.1" 200 268 695649 "-" "ironic-inspector keystoneauth1/5.1.0 python-requests/2.28.1 CPython/3.9.14"
- - - [03/Mar/2023:21:16:23 -0500] "GET /v1/ports?fields=address%2Cextra HTTP/1.1" 200 268 574973 "-" "ironic-inspector keystoneauth1/5.1.0 python-requests/2.28.1 CPython/3.9.14"
- - - [03/Mar/2023:21:16:28 -0500] "GET /v1/nodes?fields=uuid HTTP/1.1" 200 271 516907 "-" "ironic-inspector keystoneauth1/5.1.0 python-requests/2.28.1 CPython/3.9.14"
- - - [03/Mar/2023:21:16:37 -0500] "GET /v1/ports?fields=address%2Cextra HTTP/1.1" 200 268 507654 "-" "ironic-inspector keystoneauth1/5.1.0 python-requests/2.28.1 CPython/3.9.14"
- - - [03/Mar/2023:21:16:38 -0500] "GET /v1/ports?fields=address%2Cextra HTTP/1.1" 200 268 421034 "-" "ironic-inspector keystoneauth1/5.1.0 python-requests/2.28.1 CPython/3.9.14"
- - - [03/Mar/2023:21:16:46 -0500] "POST /v1/heartbeat/a7f0449b-61ee-4efa-a7b5-8cd72569e746 HTTP/1.1" 202 - 120916 "-" "python-requests/2.28.1"
- - - [03/Mar/2023:21:16:51 -0500] "POST /v1/heartbeat/a7f0449b-61ee-4efa-a7b5-8cd72569e746 HTTP/1.1" 202 - 101069 "-" "python-requests/2.28.1"
- - - [03/Mar/2023:21:16:52 -0500] "GET /v1/nodes/a7f0449b-61ee-4efa-a7b5-8cd72569e746 HTTP/1.1" 200 4844 548339 "-" "python-urllib3/1.26.5"
- - - [03/Mar/2023:21:16:52 -0500] "GET /v1/ports?fields=address%2Cextra HTTP/1.1" 200 268 517592 "-" "ironic-inspector keystoneauth1/5.1.0 python-requests/2.28.1 CPython/3.9.14"
- - - [03/Mar/2023:21:16:53 -0500] "GET /v1/ports?fields=address%2Cextra HTTP/1.1" 200 268 509720 "-" "ironic-inspector keystoneauth1/5.1.0 python-requests/2.28.1 CPython/3.9.14"
- - - [03/Mar/2023:21:17:07 -0500] "GET /v1/ports?fields=address%2Cextra HTTP/1.1" 200 268 695174 "-" "ironic-inspector keystoneauth1/5.1.0 python-requests/2.28.1 CPython/3.9.14"
- - - [03/Mar/2023:21:17:08 -0500] "GET /v1/ports?fields=address%2Cextra HTTP/1.1" 200 268 475037 "-" "ironic-inspector keystoneauth1/5.1.0 python-requests/2.28.1 CPython/3.9.14"
- - - [03/Mar/2023:21:17:22 -0500] "GET /v1/ports?fields=address%2Cextra HTTP/1.1" 200 268 603969 "-" "ironic-inspector keystoneauth1/5.1.0 python-requests/2.28.1 CPython/3.9.14"
- - - [03/Mar/2023:21:17:22 -0500] "GET /v1/nodes/a7f0449b-61ee-4efa-a7b5-8cd72569e746 HTTP/1.1" 200 2938 626492 "-" "python-urllib3/1.26.5"
- - - [03/Mar/2023:21:17:23 -0500] "GET /v1/ports?fields=address%2Cextra HTTP/1.1" 200 268 491900 "-" "ironic-inspector keystoneauth1/5.1.0 python-requests/2.28.1 CPython/3.9.14"
- - - [03/Mar/2023:21:17:28 -0500] "GET /v1/nodes?fields=uuid HTTP/1.1" 200 271 619274 "-" "ironic-inspector keystoneauth1/5.1.0 python-requests/2.28.1 CPython/3.9.14"
- - - [03/Mar/2023:21:17:37 -0500] "GET /v1/ports?fields=address%2Cextra HTTP/1.1" 200 268 543926 "-" "ironic-inspector keystoneauth1/5.1.0 python-requests/2.28.1 CPython/3.9.14"
- - - [03/Mar/2023:21:17:38 -0500] "GET /v1/ports?fields=address%2Cextra HTTP/1.1" 200 268 547563 "-" "ironic-inspector keystoneauth1/5.1.0 python-requests/2.28.1 CPython/3.9.14"
- - - [03/Mar/2023:21:17:52 -0500] "GET /v1/ports?fields=address%2Cextra HTTP/1.1" 200 268 813433 "-" "ironic-inspector keystoneauth1/5.1.0 python-requests/2.28.1 CPython/3.9.14"
- - - [03/Mar/2023:21:17:53 -0500] "GET /v1/ports?fields=address%2Cextra HTTP/1.1" 200 268 613877 "-" "ironic-inspector keystoneauth1/5.1.0 python-requests/2.28.1 CPython/3.9.14"
- - - [03/Mar/2023:21:18:07 -0500] "GET /v1/ports?fields=address%2Cextra HTTP/1.1" 200 268 850262 "-" "ironic-inspector keystoneauth1/5.1.0 python-requests/2.28.1 CPython/3.9.14"
- - - [03/Mar/2023:21:18:08 -0500] "GET /v1/ports?fields=address%2Cextra HTTP/1.1" 200 268 440023 "-" "ironic-inspector keystoneauth1/5.1.0 python-requests/2.28.1 CPython/3.9.14"
- - - [03/Mar/2023:21:18:22 -0500] "GET /v1/ports?fields=address%2Cextra HTTP/1.1" 200 268 640258 "-" "ironic-inspector keystoneauth1/5.1.0 python-requests/2.28.1 CPython/3.9.14"
- - - [03/Mar/2023:21:18:23 -0500] "GET /v1/ports?fields=address%2Cextra HTTP/1.1" 200 268 522725 "-" "ironic-inspector keystoneauth1/5.1.0 python-requests/2.28.1 CPython/3.9.14"
- - - [03/Mar/2023:21:18:28 -0500] "GET /v1/nodes?fields=uuid HTTP/1.1" 200 271 546397 "-" "ironic-inspector keystoneauth1/5.1.0 python-requests/2.28.1 CPython/3.9.14"
- - - [03/Mar/2023:21:18:37 -0500] "GET /v1/ports?fields=address%2Cextra HTTP/1.1" 200 268 556000 "-" "ironic-inspector keystoneauth1/5.1.0 python-requests/2.28.1 CPython/3.9.14"
- - - [03/Mar/2023:21:18:38 -0500] "GET /v1/ports?fields=address%2Cextra HTTP/1.1" 200 268 483954 "-" "ironic-inspector keystoneauth1/5.1.0 python-requests/2.28.1 CPython/3.9.14"
- - - [03/Mar/2023:21:18:52 -0500] "GET /v1/ports?fields=address%2Cextra HTTP/1.1" 200 268 632170 "-" "ironic-inspector keystoneauth1/5.1.0 python-requests/2.28.1 CPython/3.9.14"
- - - [03/Mar/2023:21:18:53 -0500] "GET /v1/ports?fields=address%2Cextra HTTP/1.1" 200 268 526305 "-" "ironic-inspector keystoneauth1/5.1.0 python-requests/2.28.1 CPython/3.9.14"
- - - [03/Mar/2023:21:19:07 -0500] "GET /v1/ports?fields=address%2Cextra HTTP/1.1" 200 268 701347 "-" "ironic-inspector keystoneauth1/5.1.0 python-requests/2.28.1 CPython/3.9.14"
- - - [03/Mar/2023:21:19:08 -0500] "GET /v1/ports?fields=address%2Cextra HTTP/1.1" 200 268 580028 "-" "ironic-inspector keystoneauth1/5.1.0 python-requests/2.28.1 CPython/3.9.14"
- - - [03/Mar/2023:21:19:22 -0500] "GET /v1/ports?fields=address%2Cextra HTTP/1.1" 200 268 546210 "-" "ironic-inspector keystoneauth1/5.1.0 python-requests/2.28.1 CPython/3.9.14"
- - - [03/Mar/2023:21:19:23 -0500] "GET /v1/ports?fields=address%2Cextra HTTP/1.1" 200 268 501418 "-" "ironic-inspector keystoneauth1/5.1.0 python-requests/2.28.1 CPython/3.9.14"
- - - [03/Mar/2023:21:19:28 -0500] "GET /v1/nodes?fields=uuid HTTP/1.1" 200 271 478185 "-" "ironic-inspector keystoneauth1/5.1.0 python-requests/2.28.1 CPython/3.9.14"
- - - [03/Mar/2023:21:19:35 -0500] "GET /v1/nodes/a7f0449b-61ee-4efa-a7b5-8cd72569e746/vifs HTTP/1.1" 200 12 553798 "-" "python-urllib3/1.26.5"
- - - [03/Mar/2023:21:19:37 -0500] "GET /v1/ports?fields=address%2Cextra HTTP/1.1" 200 268 588141 "-" "ironic-inspector keystoneauth1/5.1.0 python-requests/2.28.1 CPython/3.9.14"
- - - [03/Mar/2023:21:19:38 -0500] "GET /v1/ports?fields=address%2Cextra HTTP/1.1" 200 268 511970 "-" "ironic-inspector keystoneauth1/5.1.0 python-requests/2.28.1 CPython/3.9.14"
- - - [03/Mar/2023:21:19:40 -0500] "GET /v1/nodes HTTP/1.1" 200 420 508966 "-" "python-ironicclient"
- - - [03/Mar/2023:21:19:52 -0500] "GET /v1/ports?fields=address%2Cextra HTTP/1.1" 200 268 615822 "-" "ironic-inspector keystoneauth1/5.1.0 python-requests/2.28.1 CPython/3.9.14"
- - - [03/Mar/2023:21:19:53 -0500] "GET /v1/ports?fields=address%2Cextra HTTP/1.1" 200 268 543730 "-" "ironic-inspector keystoneauth1/5.1.0 python-requests/2.28.1 CPython/3.9.14"
- - - [03/Mar/2023:21:20:07 -0500] "GET /v1/ports?fields=address%2Cextra HTTP/1.1" 200 268 526770 "-" "ironic-inspector keystoneauth1/5.1.0 python-requests/2.28.1 CPython/3.9.14"
- - - [03/Mar/2023:21:20:08 -0500] "GET /v1/ports?fields=address%2Cextra HTTP/1.1" 200 268 523603 "-" "ironic-inspector keystoneauth1/5.1.0 python-requests/2.28.1 CPython/3.9.14"
- - - [03/Mar/2023:21:20:22 -0500] "GET /v1/ports?fields=address%2Cextra HTTP/1.1" 200 268 517953 "-" "ironic-inspector keystoneauth1/5.1.0 python-requests/2.28.1 CPython/3.9.14"
- - - [03/Mar/2023:21:20:23 -0500] "GET /v1/ports?fields=address%2Cextra HTTP/1.1" 200 268 461018 "-" "ironic-inspector keystoneauth1/5.1.0 python-requests/2.28.1 CPython/3.9.14"
- - - [03/Mar/2023:21:20:28 -0500] "GET /v1/nodes?fields=uuid HTTP/1.1" 200 271 699773 "-" "ironic-inspector keystoneauth1/5.1.0 python-requests/2.28.1 CPython/3.9.14"
- - - [03/Mar/2023:21:20:37 -0500] "GET /v1/ports?fields=address%2Cextra HTTP/1.1" 200 268 507192 "-" "ironic-inspector keystoneauth1/5.1.0 python-requests/2.28.1 CPython/3.9.14"
- - - [03/Mar/2023:21:20:38 -0500] "GET /v1/ports?fields=address%2Cextra HTTP/1.1" 200 268 476703 "-" "ironic-inspector keystoneauth1/5.1.0 python-requests/2.28.1 CPython/3.9.14"
- - - [03/Mar/2023:21:20:52 -0500] "GET /v1/ports?fields=address%2Cextra HTTP/1.1" 200 268 498045 "-" "ironic-inspector keystoneauth1/5.1.0 python-requests/2.28.1 CPython/3.9.14"
- - - [03/Mar/2023:21:20:53 -0500] "GET /v1/ports?fields=address%2Cextra HTTP/1.1" 200 268 540530 "-" "ironic-inspector keystoneauth1/5.1.0 python-requests/2.28.1 CPython/3.9.14"
- - - [03/Mar/2023:21:21:07 -0500] "GET /v1/ports?fields=address%2Cextra HTTP/1.1" 200 268 525352 "-" "ironic-inspector keystoneauth1/5.1.0 python-requests/2.28.1 CPython/3.9.14"
- - - [03/Mar/2023:21:21:08 -0500] "GET /v1/ports?fields=address%2Cextra HTTP/1.1" 200 268 861348 "-" "ironic-inspector keystoneauth1/5.1.0 python-requests/2.28.1 CPython/3.9.14"
- - - [03/Mar/2023:21:21:22 -0500] "GET /v1/ports?fields=address%2Cextra HTTP/1.1" 200 268 688674 "-" "ironic-inspector keystoneauth1/5.1.0 python-requests/2.28.1 CPython/3.9.14"
- - - [03/Mar/2023:21:21:23 -0500] "GET /v1/ports?fields=address%2Cextra HTTP/1.1" 200 268 542127 "-" "ironic-inspector keystoneauth1/5.1.0 python-requests/2.28.1 CPython/3.9.14"
- - - [03/Mar/2023:21:21:28 -0500] "GET /v1/nodes?fields=uuid HTTP/1.1" 200 271 435190 "-" "ironic-inspector keystoneauth1/5.1.0 python-requests/2.28.1 CPython/3.9.14"
- - - [03/Mar/2023:21:21:37 -0500] "GET /v1/ports?fields=address%2Cextra HTTP/1.1" 200 268 543884 "-" "ironic-inspector keystoneauth1/5.1.0 python-requests/2.28.1 CPython/3.9.14"
- - - [03/Mar/2023:21:21:38 -0500] "GET /v1/ports?fields=address%2Cextra HTTP/1.1" 200 268 477868 "-" "ironic-inspector keystoneauth1/5.1.0 python-requests/2.28.1 CPython/3.9.14"
- - - [03/Mar/2023:21:21:52 -0500] "GET /v1/ports?fields=address%2Cextra HTTP/1.1" 200 268 565258 "-" "ironic-inspector keystoneauth1/5.1.0 python-requests/2.28.1 CPython/3.9.14"
- - - [03/Mar/2023:21:21:53 -0500] "GET /v1/ports?fields=address%2Cextra HTTP/1.1" 200 268 447034 "-" "ironic-inspector keystoneauth1/5.1.0 python-requests/2.28.1 CPython/3.9.14"
