2023-03-14 19:47:58,762 p=5749 u=root n=ansible | [WARNING]: Invalid characters were found in group names but not replaced, use
-vvvv to see details

2023-03-14 19:48:06,045 p=5749 u=root n=ansible | PLAY [Gather facts for all hosts] **********************************************
2023-03-14 19:48:06,670 p=5749 u=root n=ansible | TASK [Gather facts] ************************************************************
2023-03-14 19:48:12,763 p=5749 u=root n=ansible | ok: [localhost]
2023-03-14 19:48:12,866 p=5749 u=root n=ansible | TASK [Group hosts to determine when using --limit] *****************************
2023-03-14 19:48:12,957 p=5749 u=root n=ansible | ok: [localhost]
2023-03-14 19:48:13,130 p=5749 u=root n=ansible | [WARNING]: Could not match supplied host pattern, ignoring:
all_using_limit_True

2023-03-14 19:48:13,139 p=5749 u=root n=ansible | PLAY [Gather facts for all hosts (if using --limit)] ***************************
2023-03-14 19:48:13,139 p=5749 u=root n=ansible | skipping: no hosts matched
2023-03-14 19:48:13,148 p=5749 u=root n=ansible | PLAY [Apply role baremetal] ****************************************************
2023-03-14 19:48:13,427 p=5749 u=root n=ansible | TASK [openstack.kolla.baremetal : Ensure localhost in /etc/hosts] **************
2023-03-14 19:48:14,341 p=5749 u=root n=ansible | changed: [localhost]
2023-03-14 19:48:14,432 p=5749 u=root n=ansible | TASK [openstack.kolla.baremetal : Ensure hostname does not point to 127.0.1.1 in /etc/hosts] ***
2023-03-14 19:48:14,974 p=5749 u=root n=ansible | ok: [localhost]
2023-03-14 19:48:15,064 p=5749 u=root n=ansible | TASK [openstack.kolla.baremetal : Generate /etc/hosts for all of the nodes] ****
2023-03-14 19:48:16,540 p=5749 u=root n=ansible | changed: [localhost]
2023-03-14 19:48:16,636 p=5749 u=root n=ansible | TASK [openstack.kolla.baremetal : Ensure unprivileged users can use ping] ******
2023-03-14 19:48:17,629 p=5749 u=root n=ansible | changed: [localhost]
2023-03-14 19:48:17,721 p=5749 u=root n=ansible | TASK [openstack.kolla.baremetal : Ensure /etc/cloud/cloud.cfg exists] **********
2023-03-14 19:48:18,811 p=5749 u=root n=ansible | ok: [localhost]
2023-03-14 19:48:18,912 p=5749 u=root n=ansible | TASK [openstack.kolla.baremetal : Disable cloud-init manage_etc_hosts] *********
2023-03-14 19:48:20,408 p=5749 u=root n=ansible | changed: [localhost]
2023-03-14 19:48:20,493 p=5749 u=root n=ansible | TASK [openstack.kolla.baremetal : Set firewall default policy] *****************
2023-03-14 19:48:20,539 p=5749 u=root n=ansible | skipping: [localhost]
2023-03-14 19:48:20,648 p=5749 u=root n=ansible | TASK [openstack.kolla.baremetal : Check if firewalld is installed] *************
2023-03-14 19:48:21,570 p=5749 u=root n=ansible | ok: [localhost]
2023-03-14 19:48:21,732 p=5749 u=root n=ansible | TASK [openstack.kolla.baremetal : Disable firewalld] ***************************
2023-03-14 19:48:21,848 p=5749 u=root n=ansible | skipping: [localhost] => (item=firewalld) 
2023-03-14 19:48:21,966 p=5749 u=root n=ansible | TASK [openstack.kolla.docker : Fail if docker_custom_option is defined] ********
2023-03-14 19:48:22,080 p=5749 u=root n=ansible | skipping: [localhost]
2023-03-14 19:48:22,226 p=5749 u=root n=ansible | TASK [openstack.kolla.docker : include_tasks] **********************************
2023-03-14 19:48:22,280 p=5749 u=root n=ansible | skipping: [localhost]
2023-03-14 19:48:22,375 p=5749 u=root n=ansible | TASK [openstack.kolla.docker : Ensure docker config directory exists] **********
2023-03-14 19:48:23,270 p=5749 u=root n=ansible | ok: [localhost]
2023-03-14 19:48:23,368 p=5749 u=root n=ansible | TASK [openstack.kolla.docker : Write docker config] ****************************
2023-03-14 19:48:24,587 p=5749 u=root n=ansible | changed: [localhost]
2023-03-14 19:48:24,672 p=5749 u=root n=ansible | TASK [openstack.kolla.docker : Remove old docker options file] *****************
2023-03-14 19:48:25,256 p=5749 u=root n=ansible | ok: [localhost]
2023-03-14 19:48:25,341 p=5749 u=root n=ansible | TASK [openstack.kolla.docker : Ensure docker service directory exists] *********
2023-03-14 19:48:25,387 p=5749 u=root n=ansible | skipping: [localhost]
2023-03-14 19:48:25,498 p=5749 u=root n=ansible | TASK [openstack.kolla.docker : Configure docker service] ***********************
2023-03-14 19:48:25,547 p=5749 u=root n=ansible | skipping: [localhost]
2023-03-14 19:48:25,632 p=5749 u=root n=ansible | TASK [openstack.kolla.docker : Ensure the path for CA file for private registry exists] ***
2023-03-14 19:48:25,680 p=5749 u=root n=ansible | skipping: [localhost]
2023-03-14 19:48:25,769 p=5749 u=root n=ansible | TASK [openstack.kolla.docker : Ensure the CA file for private registry exists] ***
2023-03-14 19:48:25,825 p=5749 u=root n=ansible | skipping: [localhost]
2023-03-14 19:48:25,917 p=5749 u=root n=ansible | TASK [openstack.kolla.docker : Flush handlers] *********************************
2023-03-14 19:48:25,918 p=5749 u=root n=ansible | RUNNING HANDLER [openstack.kolla.docker : Restart docker] **********************
2023-03-14 19:48:30,070 p=5749 u=root n=ansible | changed: [localhost]
2023-03-14 19:48:30,178 p=5749 u=root n=ansible | TASK [openstack.kolla.docker : Start and enable docker] ************************
2023-03-14 19:48:31,155 p=5749 u=root n=ansible | ok: [localhost]
2023-03-14 19:48:31,243 p=5749 u=root n=ansible | TASK [openstack.kolla.docker : include_tasks] **********************************
2023-03-14 19:48:31,286 p=5749 u=root n=ansible | skipping: [localhost]
2023-03-14 19:48:31,479 p=5749 u=root n=ansible | TASK [openstack.kolla.kolla_user : Ensure groups are present] ******************
2023-03-14 19:48:31,531 p=5749 u=root n=ansible | skipping: [localhost] => (item=docker) 
2023-03-14 19:48:31,533 p=5749 u=root n=ansible | skipping: [localhost] => (item=sudo) 
2023-03-14 19:48:31,543 p=5749 u=root n=ansible | skipping: [localhost] => (item=kolla) 
2023-03-14 19:48:31,633 p=5749 u=root n=ansible | TASK [openstack.kolla.kolla_user : Create kolla user] **************************
2023-03-14 19:48:31,678 p=5749 u=root n=ansible | skipping: [localhost]
2023-03-14 19:48:31,766 p=5749 u=root n=ansible | TASK [openstack.kolla.kolla_user : Add public key to kolla user authorized keys] ***
2023-03-14 19:48:31,808 p=5749 u=root n=ansible | skipping: [localhost]
2023-03-14 19:48:31,904 p=5749 u=root n=ansible | TASK [openstack.kolla.kolla_user : Grant kolla user passwordless sudo] *********
2023-03-14 19:48:31,948 p=5749 u=root n=ansible | skipping: [localhost]
2023-03-14 19:48:32,135 p=5749 u=root n=ansible | TASK [openstack.kolla.docker_sdk : Install latest pip in the virtualenv] *******
2023-03-14 19:48:32,226 p=5749 u=root n=ansible | skipping: [localhost]
2023-03-14 19:48:32,320 p=5749 u=root n=ansible | TASK [openstack.kolla.docker_sdk : Install docker SDK for python] **************
2023-03-14 19:49:03,375 p=5749 u=root n=ansible | ok: [localhost]
2023-03-14 19:49:03,606 p=5749 u=root n=ansible | TASK [openstack.kolla.baremetal : Ensure node_config_directory directory exists] ***
2023-03-14 19:49:04,134 p=5749 u=root n=ansible | ok: [localhost]
2023-03-14 19:49:04,227 p=5749 u=root n=ansible | TASK [openstack.kolla.apparmor_libvirt : include_tasks] ************************
2023-03-14 19:49:04,273 p=5749 u=root n=ansible | skipping: [localhost]
2023-03-14 19:49:04,448 p=5749 u=root n=ansible | TASK [openstack.kolla.baremetal : Change state of selinux] *********************
2023-03-14 19:49:06,147 p=5749 u=root n=ansible | ok: [localhost]
2023-03-14 19:49:06,235 p=5749 u=root n=ansible | TASK [openstack.kolla.baremetal : Set https proxy for git] *********************
2023-03-14 19:49:06,276 p=5749 u=root n=ansible | skipping: [localhost]
2023-03-14 19:49:06,363 p=5749 u=root n=ansible | TASK [openstack.kolla.baremetal : Set http proxy for git] **********************
2023-03-14 19:49:06,402 p=5749 u=root n=ansible | skipping: [localhost]
2023-03-14 19:49:06,494 p=5749 u=root n=ansible | TASK [openstack.kolla.baremetal : include_tasks] *******************************
2023-03-14 19:49:06,544 p=5749 u=root n=ansible | skipping: [localhost]
2023-03-14 19:49:06,789 p=5749 u=root n=ansible | PLAY RECAP *********************************************************************
2023-03-14 19:49:06,789 p=5749 u=root n=ansible | localhost                  : ok=17   changed=6    unreachable=0    failed=0    skipped=18   rescued=0    ignored=0   
