- - - [15/Mar/2023:16:35:28 -0400] "GET / HTTP/1.1" 200 468 7674742 "-" "ironic-inspector keystoneauth1/5.1.0 python-requests/2.28.1 CPython/3.9.14"
- - - [15/Mar/2023:16:35:36 -0400] "GET /v1/ports?fields=address%2Cextra HTTP/1.1" 200 13 7008349 "-" "ironic-inspector keystoneauth1/5.1.0 python-requests/2.28.1 CPython/3.9.14"
- - - [15/Mar/2023:16:35:43 -0400] "GET /v1/ports?fields=address%2Cextra HTTP/1.1" 200 13 6257987 "-" "ironic-inspector keystoneauth1/5.1.0 python-requests/2.28.1 CPython/3.9.14"
- - - [15/Mar/2023:16:36:05 -0400] "GET /v1/ports?fields=address%2Cextra HTTP/1.1" 200 13 1419122 "-" "ironic-inspector keystoneauth1/5.1.0 python-requests/2.28.1 CPython/3.9.14"
- - - [15/Mar/2023:16:36:06 -0400] "GET /v1/ports?fields=address%2Cextra HTTP/1.1" 200 13 550448 "-" "ironic-inspector keystoneauth1/5.1.0 python-requests/2.28.1 CPython/3.9.14"
- - - [15/Mar/2023:16:36:20 -0400] "GET /v1/ports?fields=address%2Cextra HTTP/1.1" 200 13 677398 "-" "ironic-inspector keystoneauth1/5.1.0 python-requests/2.28.1 CPython/3.9.14"
- - - [15/Mar/2023:16:36:20 -0400] "GET /v1/ports?fields=address%2Cextra HTTP/1.1" 200 13 533290 "-" "ironic-inspector keystoneauth1/5.1.0 python-requests/2.28.1 CPython/3.9.14"
- - - [15/Mar/2023:16:36:35 -0400] "GET /v1/ports?fields=address%2Cextra HTTP/1.1" 200 13 647907 "-" "ironic-inspector keystoneauth1/5.1.0 python-requests/2.28.1 CPython/3.9.14"
- - - [15/Mar/2023:16:36:35 -0400] "GET /v1/ports?fields=address%2Cextra HTTP/1.1" 200 13 487254 "-" "ironic-inspector keystoneauth1/5.1.0 python-requests/2.28.1 CPython/3.9.14"
- - - [15/Mar/2023:16:36:50 -0400] "GET /v1/ports?fields=address%2Cextra HTTP/1.1" 200 13 535662 "-" "ironic-inspector keystoneauth1/5.1.0 python-requests/2.28.1 CPython/3.9.14"
- - - [15/Mar/2023:16:36:50 -0400] "GET /v1/nodes?fields=uuid HTTP/1.1" 200 13 715384 "-" "ironic-inspector keystoneauth1/5.1.0 python-requests/2.28.1 CPython/3.9.14"
- - - [15/Mar/2023:16:36:50 -0400] "GET /v1/ports?fields=address%2Cextra HTTP/1.1" 200 13 399021 "-" "ironic-inspector keystoneauth1/5.1.0 python-requests/2.28.1 CPython/3.9.14"
- - - [15/Mar/2023:16:37:05 -0400] "GET /v1/ports?fields=address%2Cextra HTTP/1.1" 200 13 455706 "-" "ironic-inspector keystoneauth1/5.1.0 python-requests/2.28.1 CPython/3.9.14"
- - - [15/Mar/2023:16:37:05 -0400] "GET /v1/ports?fields=address%2Cextra HTTP/1.1" 200 13 394983 "-" "ironic-inspector keystoneauth1/5.1.0 python-requests/2.28.1 CPython/3.9.14"
- - - [15/Mar/2023:16:37:20 -0400] "GET /v1/ports?fields=address%2Cextra HTTP/1.1" 200 13 461569 "-" "ironic-inspector keystoneauth1/5.1.0 python-requests/2.28.1 CPython/3.9.14"
- - - [15/Mar/2023:16:37:20 -0400] "GET /v1/ports?fields=address%2Cextra HTTP/1.1" 200 13 440942 "-" "ironic-inspector keystoneauth1/5.1.0 python-requests/2.28.1 CPython/3.9.14"
- - - [15/Mar/2023:16:37:35 -0400] "GET /v1/ports?fields=address%2Cextra HTTP/1.1" 200 13 383711 "-" "ironic-inspector keystoneauth1/5.1.0 python-requests/2.28.1 CPython/3.9.14"
- - - [15/Mar/2023:16:37:35 -0400] "GET /v1/ports?fields=address%2Cextra HTTP/1.1" 200 13 440560 "-" "ironic-inspector keystoneauth1/5.1.0 python-requests/2.28.1 CPython/3.9.14"
- - - [15/Mar/2023:16:37:50 -0400] "GET /v1/ports?fields=address%2Cextra HTTP/1.1" 200 13 491818 "-" "ironic-inspector keystoneauth1/5.1.0 python-requests/2.28.1 CPython/3.9.14"
- - - [15/Mar/2023:16:37:50 -0400] "GET /v1/nodes?fields=uuid HTTP/1.1" 200 13 673802 "-" "ironic-inspector keystoneauth1/5.1.0 python-requests/2.28.1 CPython/3.9.14"
- - - [15/Mar/2023:16:37:50 -0400] "GET /v1/ports?fields=address%2Cextra HTTP/1.1" 200 13 407219 "-" "ironic-inspector keystoneauth1/5.1.0 python-requests/2.28.1 CPython/3.9.14"
- - - [15/Mar/2023:16:38:05 -0400] "GET /v1/ports?fields=address%2Cextra HTTP/1.1" 200 13 417607 "-" "ironic-inspector keystoneauth1/5.1.0 python-requests/2.28.1 CPython/3.9.14"
- - - [15/Mar/2023:16:38:05 -0400] "GET /v1/ports?fields=address%2Cextra HTTP/1.1" 200 13 428490 "-" "ironic-inspector keystoneauth1/5.1.0 python-requests/2.28.1 CPython/3.9.14"
- - - [15/Mar/2023:16:38:20 -0400] "GET /v1/ports?fields=address%2Cextra HTTP/1.1" 200 13 606860 "-" "ironic-inspector keystoneauth1/5.1.0 python-requests/2.28.1 CPython/3.9.14"
- - - [15/Mar/2023:16:38:20 -0400] "GET /v1/ports?fields=address%2Cextra HTTP/1.1" 200 13 443030 "-" "ironic-inspector keystoneauth1/5.1.0 python-requests/2.28.1 CPython/3.9.14"
- - - [15/Mar/2023:16:38:35 -0400] "GET /v1/ports?fields=address%2Cextra HTTP/1.1" 200 13 766309 "-" "ironic-inspector keystoneauth1/5.1.0 python-requests/2.28.1 CPython/3.9.14"
- - - [15/Mar/2023:16:38:35 -0400] "GET /v1/ports?fields=address%2Cextra HTTP/1.1" 200 13 637888 "-" "ironic-inspector keystoneauth1/5.1.0 python-requests/2.28.1 CPython/3.9.14"
- - - [15/Mar/2023:16:38:50 -0400] "GET /v1/nodes?fields=uuid HTTP/1.1" 200 13 616495 "-" "ironic-inspector keystoneauth1/5.1.0 python-requests/2.28.1 CPython/3.9.14"
- - - [15/Mar/2023:16:38:50 -0400] "GET /v1/ports?fields=address%2Cextra HTTP/1.1" 200 13 812401 "-" "ironic-inspector keystoneauth1/5.1.0 python-requests/2.28.1 CPython/3.9.14"
- - - [15/Mar/2023:16:38:50 -0400] "GET /v1/ports?fields=address%2Cextra HTTP/1.1" 200 13 448704 "-" "ironic-inspector keystoneauth1/5.1.0 python-requests/2.28.1 CPython/3.9.14"
- - - [15/Mar/2023:16:39:05 -0400] "GET /v1/ports?fields=address%2Cextra HTTP/1.1" 200 13 389095 "-" "ironic-inspector keystoneauth1/5.1.0 python-requests/2.28.1 CPython/3.9.14"
- - - [15/Mar/2023:16:39:05 -0400] "GET /v1/ports?fields=address%2Cextra HTTP/1.1" 200 13 366727 "-" "ironic-inspector keystoneauth1/5.1.0 python-requests/2.28.1 CPython/3.9.14"
- - - [15/Mar/2023:16:39:20 -0400] "GET /v1/ports?fields=address%2Cextra HTTP/1.1" 200 13 570709 "-" "ironic-inspector keystoneauth1/5.1.0 python-requests/2.28.1 CPython/3.9.14"
- - - [15/Mar/2023:16:39:20 -0400] "GET /v1/ports?fields=address%2Cextra HTTP/1.1" 200 13 430427 "-" "ironic-inspector keystoneauth1/5.1.0 python-requests/2.28.1 CPython/3.9.14"
- - - [15/Mar/2023:16:39:35 -0400] "GET /v1/ports?fields=address%2Cextra HTTP/1.1" 200 13 403278 "-" "ironic-inspector keystoneauth1/5.1.0 python-requests/2.28.1 CPython/3.9.14"
- - - [15/Mar/2023:16:39:35 -0400] "GET /v1/ports?fields=address%2Cextra HTTP/1.1" 200 13 415231 "-" "ironic-inspector keystoneauth1/5.1.0 python-requests/2.28.1 CPython/3.9.14"
- - - [15/Mar/2023:16:39:50 -0400] "GET /v1/nodes?fields=uuid HTTP/1.1" 200 13 454201 "-" "ironic-inspector keystoneauth1/5.1.0 python-requests/2.28.1 CPython/3.9.14"
- - - [15/Mar/2023:16:39:50 -0400] "GET /v1/ports?fields=address%2Cextra HTTP/1.1" 200 13 791571 "-" "ironic-inspector keystoneauth1/5.1.0 python-requests/2.28.1 CPython/3.9.14"
- - - [15/Mar/2023:16:39:50 -0400] "GET /v1/ports?fields=address%2Cextra HTTP/1.1" 200 13 422777 "-" "ironic-inspector keystoneauth1/5.1.0 python-requests/2.28.1 CPython/3.9.14"
- - - [15/Mar/2023:16:40:05 -0400] "GET /v1/ports?fields=address%2Cextra HTTP/1.1" 200 13 423541 "-" "ironic-inspector keystoneauth1/5.1.0 python-requests/2.28.1 CPython/3.9.14"
- - - [15/Mar/2023:16:40:05 -0400] "GET /v1/ports?fields=address%2Cextra HTTP/1.1" 200 13 412617 "-" "ironic-inspector keystoneauth1/5.1.0 python-requests/2.28.1 CPython/3.9.14"
- - - [15/Mar/2023:16:40:20 -0400] "GET /v1/ports?fields=address%2Cextra HTTP/1.1" 200 13 646790 "-" "ironic-inspector keystoneauth1/5.1.0 python-requests/2.28.1 CPython/3.9.14"
- - - [15/Mar/2023:16:40:20 -0400] "GET /v1/ports?fields=address%2Cextra HTTP/1.1" 200 13 434000 "-" "ironic-inspector keystoneauth1/5.1.0 python-requests/2.28.1 CPython/3.9.14"
- - - [15/Mar/2023:16:40:35 -0400] "GET /v1/ports?fields=address%2Cextra HTTP/1.1" 200 13 541521 "-" "ironic-inspector keystoneauth1/5.1.0 python-requests/2.28.1 CPython/3.9.14"
- - - [15/Mar/2023:16:40:35 -0400] "GET /v1/ports?fields=address%2Cextra HTTP/1.1" 200 13 415016 "-" "ironic-inspector keystoneauth1/5.1.0 python-requests/2.28.1 CPython/3.9.14"
- - - [15/Mar/2023:16:40:50 -0400] "GET /v1/nodes?fields=uuid HTTP/1.1" 200 13 483191 "-" "ironic-inspector keystoneauth1/5.1.0 python-requests/2.28.1 CPython/3.9.14"
- - - [15/Mar/2023:16:40:50 -0400] "GET /v1/ports?fields=address%2Cextra HTTP/1.1" 200 13 494107 "-" "ironic-inspector keystoneauth1/5.1.0 python-requests/2.28.1 CPython/3.9.14"
- - - [15/Mar/2023:16:40:50 -0400] "GET /v1/ports?fields=address%2Cextra HTTP/1.1" 200 13 376103 "-" "ironic-inspector keystoneauth1/5.1.0 python-requests/2.28.1 CPython/3.9.14"
- - - [15/Mar/2023:16:41:05 -0400] "GET /v1/ports?fields=address%2Cextra HTTP/1.1" 200 13 439916 "-" "ironic-inspector keystoneauth1/5.1.0 python-requests/2.28.1 CPython/3.9.14"
- - - [15/Mar/2023:16:41:05 -0400] "GET /v1/ports?fields=address%2Cextra HTTP/1.1" 200 13 460410 "-" "ironic-inspector keystoneauth1/5.1.0 python-requests/2.28.1 CPython/3.9.14"
- - - [15/Mar/2023:16:41:20 -0400] "GET /v1/ports?fields=address%2Cextra HTTP/1.1" 200 13 360028 "-" "ironic-inspector keystoneauth1/5.1.0 python-requests/2.28.1 CPython/3.9.14"
- - - [15/Mar/2023:16:41:20 -0400] "GET /v1/ports?fields=address%2Cextra HTTP/1.1" 200 13 380813 "-" "ironic-inspector keystoneauth1/5.1.0 python-requests/2.28.1 CPython/3.9.14"
- - - [15/Mar/2023:16:41:35 -0400] "GET /v1/ports?fields=address%2Cextra HTTP/1.1" 200 13 391515 "-" "ironic-inspector keystoneauth1/5.1.0 python-requests/2.28.1 CPython/3.9.14"
- - - [15/Mar/2023:16:41:35 -0400] "GET /v1/ports?fields=address%2Cextra HTTP/1.1" 200 13 443383 "-" "ironic-inspector keystoneauth1/5.1.0 python-requests/2.28.1 CPython/3.9.14"
- - - [15/Mar/2023:16:41:50 -0400] "GET /v1/nodes?fields=uuid HTTP/1.1" 200 13 516698 "-" "ironic-inspector keystoneauth1/5.1.0 python-requests/2.28.1 CPython/3.9.14"
- - - [15/Mar/2023:16:41:50 -0400] "GET /v1/ports?fields=address%2Cextra HTTP/1.1" 200 13 495048 "-" "ironic-inspector keystoneauth1/5.1.0 python-requests/2.28.1 CPython/3.9.14"
- - - [15/Mar/2023:16:41:50 -0400] "GET /v1/ports?fields=address%2Cextra HTTP/1.1" 200 13 387552 "-" "ironic-inspector keystoneauth1/5.1.0 python-requests/2.28.1 CPython/3.9.14"
- - - [15/Mar/2023:16:42:05 -0400] "GET /v1/ports?fields=address%2Cextra HTTP/1.1" 200 13 442785 "-" "ironic-inspector keystoneauth1/5.1.0 python-requests/2.28.1 CPython/3.9.14"
- - - [15/Mar/2023:16:42:05 -0400] "GET /v1/ports?fields=address%2Cextra HTTP/1.1" 200 13 363511 "-" "ironic-inspector keystoneauth1/5.1.0 python-requests/2.28.1 CPython/3.9.14"
- - - [15/Mar/2023:16:42:20 -0400] "GET /v1/ports?fields=address%2Cextra HTTP/1.1" 200 13 402695 "-" "ironic-inspector keystoneauth1/5.1.0 python-requests/2.28.1 CPython/3.9.14"
- - - [15/Mar/2023:16:42:20 -0400] "GET /v1/ports?fields=address%2Cextra HTTP/1.1" 200 13 377825 "-" "ironic-inspector keystoneauth1/5.1.0 python-requests/2.28.1 CPython/3.9.14"
- - - [15/Mar/2023:16:42:35 -0400] "GET /v1/ports?fields=address%2Cextra HTTP/1.1" 200 13 505363 "-" "ironic-inspector keystoneauth1/5.1.0 python-requests/2.28.1 CPython/3.9.14"
- - - [15/Mar/2023:16:42:35 -0400] "GET /v1/ports?fields=address%2Cextra HTTP/1.1" 200 13 477974 "-" "ironic-inspector keystoneauth1/5.1.0 python-requests/2.28.1 CPython/3.9.14"
- - - [15/Mar/2023:16:42:50 -0400] "GET /v1/ports?fields=address%2Cextra HTTP/1.1" 200 13 534862 "-" "ironic-inspector keystoneauth1/5.1.0 python-requests/2.28.1 CPython/3.9.14"
- - - [15/Mar/2023:16:42:50 -0400] "GET /v1/nodes?fields=uuid HTTP/1.1" 200 13 584448 "-" "ironic-inspector keystoneauth1/5.1.0 python-requests/2.28.1 CPython/3.9.14"
- - - [15/Mar/2023:16:42:50 -0400] "GET /v1/ports?fields=address%2Cextra HTTP/1.1" 200 13 424248 "-" "ironic-inspector keystoneauth1/5.1.0 python-requests/2.28.1 CPython/3.9.14"
- - - [15/Mar/2023:16:43:05 -0400] "GET /v1/ports?fields=address%2Cextra HTTP/1.1" 200 13 478012 "-" "ironic-inspector keystoneauth1/5.1.0 python-requests/2.28.1 CPython/3.9.14"
- - - [15/Mar/2023:16:43:05 -0400] "GET /v1/ports?fields=address%2Cextra HTTP/1.1" 200 13 466790 "-" "ironic-inspector keystoneauth1/5.1.0 python-requests/2.28.1 CPython/3.9.14"
- - - [15/Mar/2023:16:43:20 -0400] "GET /v1/ports?fields=address%2Cextra HTTP/1.1" 200 13 520883 "-" "ironic-inspector keystoneauth1/5.1.0 python-requests/2.28.1 CPython/3.9.14"
- - - [15/Mar/2023:16:43:20 -0400] "GET /v1/ports?fields=address%2Cextra HTTP/1.1" 200 13 478922 "-" "ironic-inspector keystoneauth1/5.1.0 python-requests/2.28.1 CPython/3.9.14"
- - - [15/Mar/2023:16:43:35 -0400] "GET /v1/ports?fields=address%2Cextra HTTP/1.1" 200 13 686869 "-" "ironic-inspector keystoneauth1/5.1.0 python-requests/2.28.1 CPython/3.9.14"
- - - [15/Mar/2023:16:43:35 -0400] "GET /v1/ports?fields=address%2Cextra HTTP/1.1" 200 13 699317 "-" "ironic-inspector keystoneauth1/5.1.0 python-requests/2.28.1 CPython/3.9.14"
- - - [15/Mar/2023:16:43:50 -0400] "GET /v1/nodes?fields=uuid HTTP/1.1" 200 13 422360 "-" "ironic-inspector keystoneauth1/5.1.0 python-requests/2.28.1 CPython/3.9.14"
- - - [15/Mar/2023:16:43:50 -0400] "GET /v1/ports?fields=address%2Cextra HTTP/1.1" 200 13 530925 "-" "ironic-inspector keystoneauth1/5.1.0 python-requests/2.28.1 CPython/3.9.14"
- - - [15/Mar/2023:16:43:50 -0400] "GET /v1/ports?fields=address%2Cextra HTTP/1.1" 200 13 496078 "-" "ironic-inspector keystoneauth1/5.1.0 python-requests/2.28.1 CPython/3.9.14"
- - - [15/Mar/2023:16:44:05 -0400] "GET /v1/ports?fields=address%2Cextra HTTP/1.1" 200 13 445381 "-" "ironic-inspector keystoneauth1/5.1.0 python-requests/2.28.1 CPython/3.9.14"
- - - [15/Mar/2023:16:44:05 -0400] "GET /v1/ports?fields=address%2Cextra HTTP/1.1" 200 13 424752 "-" "ironic-inspector keystoneauth1/5.1.0 python-requests/2.28.1 CPython/3.9.14"
- - - [15/Mar/2023:16:44:20 -0400] "GET /v1/ports?fields=address%2Cextra HTTP/1.1" 200 13 462516 "-" "ironic-inspector keystoneauth1/5.1.0 python-requests/2.28.1 CPython/3.9.14"
- - - [15/Mar/2023:16:44:20 -0400] "GET /v1/ports?fields=address%2Cextra HTTP/1.1" 200 13 429765 "-" "ironic-inspector keystoneauth1/5.1.0 python-requests/2.28.1 CPython/3.9.14"
- - - [15/Mar/2023:16:44:35 -0400] "GET /v1/ports?fields=address%2Cextra HTTP/1.1" 200 13 726889 "-" "ironic-inspector keystoneauth1/5.1.0 python-requests/2.28.1 CPython/3.9.14"
- - - [15/Mar/2023:16:44:35 -0400] "GET /v1/ports?fields=address%2Cextra HTTP/1.1" 200 13 562578 "-" "ironic-inspector keystoneauth1/5.1.0 python-requests/2.28.1 CPython/3.9.14"
- - - [15/Mar/2023:16:44:50 -0400] "GET /v1/nodes?fields=uuid HTTP/1.1" 200 13 679855 "-" "ironic-inspector keystoneauth1/5.1.0 python-requests/2.28.1 CPython/3.9.14"
- - - [15/Mar/2023:16:44:50 -0400] "GET /v1/ports?fields=address%2Cextra HTTP/1.1" 200 13 716341 "-" "ironic-inspector keystoneauth1/5.1.0 python-requests/2.28.1 CPython/3.9.14"
- - - [15/Mar/2023:16:44:50 -0400] "GET /v1/ports?fields=address%2Cextra HTTP/1.1" 200 13 591737 "-" "ironic-inspector keystoneauth1/5.1.0 python-requests/2.28.1 CPython/3.9.14"
- - - [15/Mar/2023:16:45:05 -0400] "GET /v1/ports?fields=address%2Cextra HTTP/1.1" 200 13 615094 "-" "ironic-inspector keystoneauth1/5.1.0 python-requests/2.28.1 CPython/3.9.14"
- - - [15/Mar/2023:16:45:05 -0400] "GET /v1/ports?fields=address%2Cextra HTTP/1.1" 200 13 467147 "-" "ironic-inspector keystoneauth1/5.1.0 python-requests/2.28.1 CPython/3.9.14"
- - - [15/Mar/2023:16:45:20 -0400] "GET /v1/ports?fields=address%2Cextra HTTP/1.1" 200 13 682109 "-" "ironic-inspector keystoneauth1/5.1.0 python-requests/2.28.1 CPython/3.9.14"
- - - [15/Mar/2023:16:45:20 -0400] "GET /v1/ports?fields=address%2Cextra HTTP/1.1" 200 13 627880 "-" "ironic-inspector keystoneauth1/5.1.0 python-requests/2.28.1 CPython/3.9.14"
- - - [15/Mar/2023:16:45:35 -0400] "GET /v1/ports?fields=address%2Cextra HTTP/1.1" 200 13 461197 "-" "ironic-inspector keystoneauth1/5.1.0 python-requests/2.28.1 CPython/3.9.14"
- - - [15/Mar/2023:16:45:35 -0400] "GET /v1/ports?fields=address%2Cextra HTTP/1.1" 200 13 476095 "-" "ironic-inspector keystoneauth1/5.1.0 python-requests/2.28.1 CPython/3.9.14"
- - - [15/Mar/2023:16:45:50 -0400] "GET /v1/nodes?fields=uuid HTTP/1.1" 200 13 684727 "-" "ironic-inspector keystoneauth1/5.1.0 python-requests/2.28.1 CPython/3.9.14"
- - - [15/Mar/2023:16:45:50 -0400] "GET /v1/ports?fields=address%2Cextra HTTP/1.1" 200 13 640874 "-" "ironic-inspector keystoneauth1/5.1.0 python-requests/2.28.1 CPython/3.9.14"
- - - [15/Mar/2023:16:45:50 -0400] "GET /v1/ports?fields=address%2Cextra HTTP/1.1" 200 13 384105 "-" "ironic-inspector keystoneauth1/5.1.0 python-requests/2.28.1 CPython/3.9.14"
- - - [15/Mar/2023:16:46:05 -0400] "GET /v1/ports?fields=address%2Cextra HTTP/1.1" 200 13 446446 "-" "ironic-inspector keystoneauth1/5.1.0 python-requests/2.28.1 CPython/3.9.14"
- - - [15/Mar/2023:16:46:05 -0400] "GET /v1/ports?fields=address%2Cextra HTTP/1.1" 200 13 482856 "-" "ironic-inspector keystoneauth1/5.1.0 python-requests/2.28.1 CPython/3.9.14"
- - - [15/Mar/2023:16:46:20 -0400] "GET /v1/ports?fields=address%2Cextra HTTP/1.1" 200 13 464364 "-" "ironic-inspector keystoneauth1/5.1.0 python-requests/2.28.1 CPython/3.9.14"
- - - [15/Mar/2023:16:46:20 -0400] "GET /v1/ports?fields=address%2Cextra HTTP/1.1" 200 13 475956 "-" "ironic-inspector keystoneauth1/5.1.0 python-requests/2.28.1 CPython/3.9.14"
- - - [15/Mar/2023:16:46:35 -0400] "GET /v1/ports?fields=address%2Cextra HTTP/1.1" 200 13 481277 "-" "ironic-inspector keystoneauth1/5.1.0 python-requests/2.28.1 CPython/3.9.14"
- - - [15/Mar/2023:16:46:35 -0400] "GET /v1/ports?fields=address%2Cextra HTTP/1.1" 200 13 409076 "-" "ironic-inspector keystoneauth1/5.1.0 python-requests/2.28.1 CPython/3.9.14"
- - - [15/Mar/2023:16:46:50 -0400] "GET /v1/nodes?fields=uuid HTTP/1.1" 200 13 512779 "-" "ironic-inspector keystoneauth1/5.1.0 python-requests/2.28.1 CPython/3.9.14"
- - - [15/Mar/2023:16:46:50 -0400] "GET /v1/ports?fields=address%2Cextra HTTP/1.1" 200 13 485850 "-" "ironic-inspector keystoneauth1/5.1.0 python-requests/2.28.1 CPython/3.9.14"
- - - [15/Mar/2023:16:46:50 -0400] "GET /v1/ports?fields=address%2Cextra HTTP/1.1" 200 13 423893 "-" "ironic-inspector keystoneauth1/5.1.0 python-requests/2.28.1 CPython/3.9.14"
- - - [15/Mar/2023:16:47:05 -0400] "GET /v1/ports?fields=address%2Cextra HTTP/1.1" 200 13 528248 "-" "ironic-inspector keystoneauth1/5.1.0 python-requests/2.28.1 CPython/3.9.14"
- - - [15/Mar/2023:16:47:05 -0400] "GET /v1/ports?fields=address%2Cextra HTTP/1.1" 200 13 590391 "-" "ironic-inspector keystoneauth1/5.1.0 python-requests/2.28.1 CPython/3.9.14"
- - - [15/Mar/2023:16:47:20 -0400] "GET /v1/ports?fields=address%2Cextra HTTP/1.1" 200 13 610997 "-" "ironic-inspector keystoneauth1/5.1.0 python-requests/2.28.1 CPython/3.9.14"
- - - [15/Mar/2023:16:47:20 -0400] "GET /v1/ports?fields=address%2Cextra HTTP/1.1" 200 13 373965 "-" "ironic-inspector keystoneauth1/5.1.0 python-requests/2.28.1 CPython/3.9.14"
- - - [15/Mar/2023:16:47:35 -0400] "GET /v1/ports?fields=address%2Cextra HTTP/1.1" 200 13 526197 "-" "ironic-inspector keystoneauth1/5.1.0 python-requests/2.28.1 CPython/3.9.14"
- - - [15/Mar/2023:16:47:35 -0400] "GET /v1/ports?fields=address%2Cextra HTTP/1.1" 200 13 595472 "-" "ironic-inspector keystoneauth1/5.1.0 python-requests/2.28.1 CPython/3.9.14"
- - - [15/Mar/2023:16:47:50 -0400] "GET /v1/nodes?fields=uuid HTTP/1.1" 200 13 777822 "-" "ironic-inspector keystoneauth1/5.1.0 python-requests/2.28.1 CPython/3.9.14"
- - - [15/Mar/2023:16:47:50 -0400] "GET /v1/ports?fields=address%2Cextra HTTP/1.1" 200 13 720540 "-" "ironic-inspector keystoneauth1/5.1.0 python-requests/2.28.1 CPython/3.9.14"
- - - [15/Mar/2023:16:47:50 -0400] "GET /v1/ports?fields=address%2Cextra HTTP/1.1" 200 13 353909 "-" "ironic-inspector keystoneauth1/5.1.0 python-requests/2.28.1 CPython/3.9.14"
- - - [15/Mar/2023:16:48:05 -0400] "GET /v1/ports?fields=address%2Cextra HTTP/1.1" 200 13 422394 "-" "ironic-inspector keystoneauth1/5.1.0 python-requests/2.28.1 CPython/3.9.14"
- - - [15/Mar/2023:16:48:05 -0400] "GET /v1/ports?fields=address%2Cextra HTTP/1.1" 200 13 429303 "-" "ironic-inspector keystoneauth1/5.1.0 python-requests/2.28.1 CPython/3.9.14"
- - - [15/Mar/2023:16:48:20 -0400] "GET /v1/ports?fields=address%2Cextra HTTP/1.1" 200 13 12433375 "-" "ironic-inspector keystoneauth1/5.1.0 python-requests/2.28.1 CPython/3.9.14"
- - - [15/Mar/2023:16:48:50 -0400] "GET /v1/nodes?fields=uuid HTTP/1.1" 200 13 7614677 "-" "ironic-inspector keystoneauth1/5.1.0 python-requests/2.28.1 CPython/3.9.14"
- - - [15/Mar/2023:16:48:50 -0400] "GET /v1/ports?fields=address%2Cextra HTTP/1.1" 200 13 7506962 "-" "ironic-inspector keystoneauth1/5.1.0 python-requests/2.28.1 CPython/3.9.14"
- - - [15/Mar/2023:16:48:58 -0400] "GET /v1/ports?fields=address%2Cextra HTTP/1.1" 200 13 6101691 "-" "ironic-inspector keystoneauth1/5.1.0 python-requests/2.28.1 CPython/3.9.14"
- - - [15/Mar/2023:16:49:05 -0400] "GET /v1/ports?fields=address%2Cextra HTTP/1.1" 200 13 393023 "-" "ironic-inspector keystoneauth1/5.1.0 python-requests/2.28.1 CPython/3.9.14"
- - - [15/Mar/2023:16:49:06 -0400] "GET /v1/ports?fields=address%2Cextra HTTP/1.1" 200 13 527532 "-" "ironic-inspector keystoneauth1/5.1.0 python-requests/2.28.1 CPython/3.9.14"
- - - [15/Mar/2023:16:49:09 -0400] "POST /v1/nodes HTTP/1.1" 201 2664 688885 "-" "python-ironicclient"
- - - [15/Mar/2023:16:49:13 -0400] "GET /v1/nodes HTTP/1.1" 200 380 442478 "-" "python-ironicclient"
- - - [15/Mar/2023:16:49:17 -0400] "PATCH /v1/nodes/0d62972d-a9b3-4331-aad8-6ffd9d992216 HTTP/1.1" 200 3138 897167 "-" "python-ironicclient"
- - - [15/Mar/2023:16:49:20 -0400] "GET /v1/ports?fields=address%2Cextra HTTP/1.1" 200 13 532515 "-" "ironic-inspector keystoneauth1/5.1.0 python-requests/2.28.1 CPython/3.9.14"
- - - [15/Mar/2023:16:49:20 -0400] "POST /v1/ports HTTP/1.1" 201 562 674104 "-" "python-ironicclient"
- - - [15/Mar/2023:16:49:21 -0400] "GET /v1/ports?fields=address%2Cextra HTTP/1.1" 200 268 600343 "-" "ironic-inspector keystoneauth1/5.1.0 python-requests/2.28.1 CPython/3.9.14"
- - - [15/Mar/2023:16:49:24 -0400] "PUT /v1/nodes/0d62972d-a9b3-4331-aad8-6ffd9d992216/states/provision HTTP/1.1" 202 - 660207 "-" "python-ironicclient"
- - - [15/Mar/2023:16:49:35 -0400] "GET /v1/ports?fields=address%2Cextra HTTP/1.1" 200 268 510566 "-" "ironic-inspector keystoneauth1/5.1.0 python-requests/2.28.1 CPython/3.9.14"
- - - [15/Mar/2023:16:49:36 -0400] "GET /v1/ports?fields=address%2Cextra HTTP/1.1" 200 268 560199 "-" "ironic-inspector keystoneauth1/5.1.0 python-requests/2.28.1 CPython/3.9.14"
- - - [15/Mar/2023:16:49:37 -0400] "PUT /v1/nodes/0d62972d-a9b3-4331-aad8-6ffd9d992216/states/provision HTTP/1.1" 202 - 501516 "-" "python-ironicclient"
- - - [15/Mar/2023:16:49:41 -0400] "PUT /v1/nodes/0d62972d-a9b3-4331-aad8-6ffd9d992216/states/power HTTP/1.1" 202 - 560612 "-" "python-ironicclient"
- - - [15/Mar/2023:16:49:50 -0400] "GET /v1/nodes?fields=uuid HTTP/1.1" 200 271 592935 "-" "ironic-inspector keystoneauth1/5.1.0 python-requests/2.28.1 CPython/3.9.14"
- - - [15/Mar/2023:16:49:50 -0400] "GET /v1/ports?fields=address%2Cextra HTTP/1.1" 200 268 596364 "-" "ironic-inspector keystoneauth1/5.1.0 python-requests/2.28.1 CPython/3.9.14"
- - - [15/Mar/2023:16:49:51 -0400] "GET /v1/ports?fields=address%2Cextra HTTP/1.1" 200 268 717224 "-" "ironic-inspector keystoneauth1/5.1.0 python-requests/2.28.1 CPython/3.9.14"
- - - [15/Mar/2023:16:50:04 -0400] "GET /v1/nodes HTTP/1.1" 200 369 500394 "-" "python-urllib3/1.26.5"
- - - [15/Mar/2023:16:50:04 -0400] "GET /v1/nodes?provision_state=available&associated=False&maintenance=False&fields=uuid%2Cdriver%2Cinstance_uuid%2Cprovision_state%2Cname%2Cmaintenance HTTP/1.1" 200 379 541267 "-" "python-urllib3/1.26.5"
- - - [15/Mar/2023:16:50:05 -0400] "PATCH /v1/nodes/0d62972d-a9b3-4331-aad8-6ffd9d992216 HTTP/1.1" 200 2563 813235 "-" "python-urllib3/1.26.5"
- - - [15/Mar/2023:16:50:05 -0400] "GET /v1/ports?fields=address%2Cextra HTTP/1.1" 200 268 424368 "-" "ironic-inspector keystoneauth1/5.1.0 python-requests/2.28.1 CPython/3.9.14"
- - - [15/Mar/2023:16:50:06 -0400] "GET /v1/ports?fields=address%2Cextra HTTP/1.1" 200 268 376091 "-" "ironic-inspector keystoneauth1/5.1.0 python-requests/2.28.1 CPython/3.9.14"
- - - [15/Mar/2023:16:50:06 -0400] "PATCH /v1/nodes/0d62972d-a9b3-4331-aad8-6ffd9d992216 HTTP/1.1" 200 2563 949029 "-" "python-urllib3/1.26.5"
- - - [15/Mar/2023:16:50:11 -0400] "POST /v1/nodes/0d62972d-a9b3-4331-aad8-6ffd9d992216/vifs HTTP/1.1" 204 - 695179 "-" "python-urllib3/1.26.5"
- - - [15/Mar/2023:16:50:12 -0400] "PATCH /v1/nodes/0d62972d-a9b3-4331-aad8-6ffd9d992216 HTTP/1.1" 200 2563 667616 "-" "python-urllib3/1.26.5"
- - - [15/Mar/2023:16:50:13 -0400] "PUT /v1/nodes/0d62972d-a9b3-4331-aad8-6ffd9d992216/states/provision HTTP/1.1" 202 - 677094 "-" "python-urllib3/1.26.5"
- - - [15/Mar/2023:16:50:13 -0400] "GET /v1/nodes/0d62972d-a9b3-4331-aad8-6ffd9d992216 HTTP/1.1" 200 2624 384142 "-" "python-urllib3/1.26.5"
- - - [15/Mar/2023:16:50:15 -0400] "GET /v1/nodes/0d62972d-a9b3-4331-aad8-6ffd9d992216 HTTP/1.1" 200 2669 395352 "-" "python-urllib3/1.26.5"
- - - [15/Mar/2023:16:50:16 -0400] "GET /v1/nodes/0d62972d-a9b3-4331-aad8-6ffd9d992216 HTTP/1.1" 200 2669 382728 "-" "python-urllib3/1.26.5"
- - - [15/Mar/2023:16:50:18 -0400] "GET /v1/nodes/0d62972d-a9b3-4331-aad8-6ffd9d992216 HTTP/1.1" 200 2669 456080 "-" "python-urllib3/1.26.5"
- - - [15/Mar/2023:16:50:19 -0400] "GET /v1/nodes/0d62972d-a9b3-4331-aad8-6ffd9d992216 HTTP/1.1" 200 2669 422281 "-" "python-urllib3/1.26.5"
- - - [15/Mar/2023:16:50:20 -0400] "GET /v1/ports?fields=address%2Cextra HTTP/1.1" 200 268 341239 "-" "ironic-inspector keystoneauth1/5.1.0 python-requests/2.28.1 CPython/3.9.14"
- - - [15/Mar/2023:16:50:20 -0400] "GET /v1/nodes/0d62972d-a9b3-4331-aad8-6ffd9d992216 HTTP/1.1" 200 2669 379870 "-" "python-urllib3/1.26.5"
- - - [15/Mar/2023:16:50:21 -0400] "GET /v1/ports?fields=address%2Cextra HTTP/1.1" 200 268 352468 "-" "ironic-inspector keystoneauth1/5.1.0 python-requests/2.28.1 CPython/3.9.14"
- - - [15/Mar/2023:16:50:22 -0400] "GET /v1/nodes/0d62972d-a9b3-4331-aad8-6ffd9d992216 HTTP/1.1" 200 2742 396562 "-" "python-urllib3/1.26.5"
- - - [15/Mar/2023:16:50:23 -0400] "GET /v1/nodes/0d62972d-a9b3-4331-aad8-6ffd9d992216 HTTP/1.1" 200 2742 402205 "-" "python-urllib3/1.26.5"
- - - [15/Mar/2023:16:50:25 -0400] "GET /v1/nodes/0d62972d-a9b3-4331-aad8-6ffd9d992216 HTTP/1.1" 200 2742 481954 "-" "python-urllib3/1.26.5"
- - - [15/Mar/2023:16:50:26 -0400] "GET /v1/nodes/0d62972d-a9b3-4331-aad8-6ffd9d992216 HTTP/1.1" 200 2742 477192 "-" "python-urllib3/1.26.5"
- - - [15/Mar/2023:16:50:28 -0400] "GET /v1/nodes/0d62972d-a9b3-4331-aad8-6ffd9d992216 HTTP/1.1" 200 2742 412854 "-" "python-urllib3/1.26.5"
- - - [15/Mar/2023:16:50:30 -0400] "GET /v1/nodes/0d62972d-a9b3-4331-aad8-6ffd9d992216 HTTP/1.1" 200 2742 592035 "-" "python-urllib3/1.26.5"
- - - [15/Mar/2023:16:50:32 -0400] "GET /v1/nodes/0d62972d-a9b3-4331-aad8-6ffd9d992216 HTTP/1.1" 200 2742 554709 "-" "python-urllib3/1.26.5"
- - - [15/Mar/2023:16:50:33 -0400] "GET /v1/nodes/0d62972d-a9b3-4331-aad8-6ffd9d992216 HTTP/1.1" 200 2742 485718 "-" "python-urllib3/1.26.5"
- - - [15/Mar/2023:16:50:35 -0400] "GET /v1/nodes/0d62972d-a9b3-4331-aad8-6ffd9d992216 HTTP/1.1" 200 2742 467974 "-" "python-urllib3/1.26.5"
- - - [15/Mar/2023:16:50:35 -0400] "GET /v1/ports?fields=address%2Cextra HTTP/1.1" 200 268 340602 "-" "ironic-inspector keystoneauth1/5.1.0 python-requests/2.28.1 CPython/3.9.14"
- - - [15/Mar/2023:16:50:36 -0400] "GET /v1/ports?fields=address%2Cextra HTTP/1.1" 200 268 387580 "-" "ironic-inspector keystoneauth1/5.1.0 python-requests/2.28.1 CPython/3.9.14"
- - - [15/Mar/2023:16:50:36 -0400] "GET /v1/nodes/0d62972d-a9b3-4331-aad8-6ffd9d992216 HTTP/1.1" 200 2742 666603 "-" "python-urllib3/1.26.5"
- - - [15/Mar/2023:16:50:38 -0400] "GET /v1/nodes/0d62972d-a9b3-4331-aad8-6ffd9d992216 HTTP/1.1" 200 2742 497289 "-" "python-urllib3/1.26.5"
- - - [15/Mar/2023:16:50:39 -0400] "GET /v1/nodes/0d62972d-a9b3-4331-aad8-6ffd9d992216 HTTP/1.1" 200 2742 435746 "-" "python-urllib3/1.26.5"
- - - [15/Mar/2023:16:50:41 -0400] "GET /v1/nodes/0d62972d-a9b3-4331-aad8-6ffd9d992216 HTTP/1.1" 200 3285 379763 "-" "python-urllib3/1.26.5"
- - - [15/Mar/2023:16:50:42 -0400] "GET /v1/nodes/0d62972d-a9b3-4331-aad8-6ffd9d992216 HTTP/1.1" 200 3285 459931 "-" "python-urllib3/1.26.5"
- - - [15/Mar/2023:16:50:44 -0400] "GET /v1/nodes/0d62972d-a9b3-4331-aad8-6ffd9d992216 HTTP/1.1" 200 3285 479500 "-" "python-urllib3/1.26.5"
- - - [15/Mar/2023:16:50:45 -0400] "GET /v1/nodes/0d62972d-a9b3-4331-aad8-6ffd9d992216 HTTP/1.1" 200 3285 541089 "-" "python-urllib3/1.26.5"
- - - [15/Mar/2023:16:50:47 -0400] "GET /v1/nodes/0d62972d-a9b3-4331-aad8-6ffd9d992216 HTTP/1.1" 200 3285 469983 "-" "python-urllib3/1.26.5"
- - - [15/Mar/2023:16:50:48 -0400] "GET /v1/nodes/0d62972d-a9b3-4331-aad8-6ffd9d992216 HTTP/1.1" 200 3268 467903 "-" "python-urllib3/1.26.5"
- - - [15/Mar/2023:16:50:49 -0400] "GET /v1/nodes/0d62972d-a9b3-4331-aad8-6ffd9d992216 HTTP/1.1" 200 3268 430861 "-" "python-urllib3/1.26.5"
- - - [15/Mar/2023:16:50:50 -0400] "GET /v1/nodes?fields=uuid HTTP/1.1" 200 271 473362 "-" "ironic-inspector keystoneauth1/5.1.0 python-requests/2.28.1 CPython/3.9.14"
- - - [15/Mar/2023:16:50:50 -0400] "GET /v1/ports?fields=address%2Cextra HTTP/1.1" 200 268 436180 "-" "ironic-inspector keystoneauth1/5.1.0 python-requests/2.28.1 CPython/3.9.14"
- - - [15/Mar/2023:16:50:51 -0400] "GET /v1/ports?fields=address%2Cextra HTTP/1.1" 200 268 408930 "-" "ironic-inspector keystoneauth1/5.1.0 python-requests/2.28.1 CPython/3.9.14"
- - - [15/Mar/2023:16:51:05 -0400] "GET /v1/ports?fields=address%2Cextra HTTP/1.1" 200 268 458073 "-" "ironic-inspector keystoneauth1/5.1.0 python-requests/2.28.1 CPython/3.9.14"
- - - [15/Mar/2023:16:51:06 -0400] "GET /v1/ports?fields=address%2Cextra HTTP/1.1" 200 268 410701 "-" "ironic-inspector keystoneauth1/5.1.0 python-requests/2.28.1 CPython/3.9.14"
- - - [15/Mar/2023:16:51:19 -0400] "GET /v1/nodes/0d62972d-a9b3-4331-aad8-6ffd9d992216 HTTP/1.1" 200 3268 411155 "-" "python-urllib3/1.26.5"
- - - [15/Mar/2023:16:51:20 -0400] "GET /v1/ports?fields=address%2Cextra HTTP/1.1" 200 268 346590 "-" "ironic-inspector keystoneauth1/5.1.0 python-requests/2.28.1 CPython/3.9.14"
- - - [15/Mar/2023:16:51:21 -0400] "GET /v1/ports?fields=address%2Cextra HTTP/1.1" 200 268 370716 "-" "ironic-inspector keystoneauth1/5.1.0 python-requests/2.28.1 CPython/3.9.14"
- - - [15/Mar/2023:16:51:35 -0400] "GET /v1/ports?fields=address%2Cextra HTTP/1.1" 200 268 377349 "-" "ironic-inspector keystoneauth1/5.1.0 python-requests/2.28.1 CPython/3.9.14"
- - - [15/Mar/2023:16:51:36 -0400] "GET /v1/ports?fields=address%2Cextra HTTP/1.1" 200 268 368421 "-" "ironic-inspector keystoneauth1/5.1.0 python-requests/2.28.1 CPython/3.9.14"
- - - [15/Mar/2023:16:51:50 -0400] "GET /v1/nodes?fields=uuid HTTP/1.1" 200 271 427408 "-" "ironic-inspector keystoneauth1/5.1.0 python-requests/2.28.1 CPython/3.9.14"
- - - [15/Mar/2023:16:51:50 -0400] "GET /v1/nodes/0d62972d-a9b3-4331-aad8-6ffd9d992216 HTTP/1.1" 200 3268 401273 "-" "python-urllib3/1.26.5"
- - - [15/Mar/2023:16:51:50 -0400] "GET /v1/ports?fields=address%2Cextra HTTP/1.1" 200 268 385047 "-" "ironic-inspector keystoneauth1/5.1.0 python-requests/2.28.1 CPython/3.9.14"
- - - [15/Mar/2023:16:51:51 -0400] "GET /v1/ports?fields=address%2Cextra HTTP/1.1" 200 268 383508 "-" "ironic-inspector keystoneauth1/5.1.0 python-requests/2.28.1 CPython/3.9.14"
- - - [15/Mar/2023:16:52:05 -0400] "GET /v1/ports?fields=address%2Cextra HTTP/1.1" 200 268 392053 "-" "ironic-inspector keystoneauth1/5.1.0 python-requests/2.28.1 CPython/3.9.14"
- - - [15/Mar/2023:16:52:06 -0400] "GET /v1/ports?fields=address%2Cextra HTTP/1.1" 200 268 388352 "-" "ironic-inspector keystoneauth1/5.1.0 python-requests/2.28.1 CPython/3.9.14"
- - - [15/Mar/2023:16:52:20 -0400] "GET /v1/nodes/0d62972d-a9b3-4331-aad8-6ffd9d992216 HTTP/1.1" 200 3268 533785 "-" "python-urllib3/1.26.5"
- - - [15/Mar/2023:16:52:20 -0400] "GET /v1/ports?fields=address%2Cextra HTTP/1.1" 200 268 414734 "-" "ironic-inspector keystoneauth1/5.1.0 python-requests/2.28.1 CPython/3.9.14"
- - - [15/Mar/2023:16:52:21 -0400] "GET /v1/ports?fields=address%2Cextra HTTP/1.1" 200 268 370101 "-" "ironic-inspector keystoneauth1/5.1.0 python-requests/2.28.1 CPython/3.9.14"
- - - [15/Mar/2023:16:52:35 -0400] "GET /v1/ports?fields=address%2Cextra HTTP/1.1" 200 268 375243 "-" "ironic-inspector keystoneauth1/5.1.0 python-requests/2.28.1 CPython/3.9.14"
- - - [15/Mar/2023:16:52:36 -0400] "GET /v1/ports?fields=address%2Cextra HTTP/1.1" 200 268 444684 "-" "ironic-inspector keystoneauth1/5.1.0 python-requests/2.28.1 CPython/3.9.14"
- - - [15/Mar/2023:16:52:50 -0400] "GET /v1/nodes?fields=uuid HTTP/1.1" 200 271 475082 "-" "ironic-inspector keystoneauth1/5.1.0 python-requests/2.28.1 CPython/3.9.14"
- - - [15/Mar/2023:16:52:50 -0400] "GET /v1/ports?fields=address%2Cextra HTTP/1.1" 200 268 577094 "-" "ironic-inspector keystoneauth1/5.1.0 python-requests/2.28.1 CPython/3.9.14"
- - - [15/Mar/2023:16:52:51 -0400] "GET /v1/nodes/0d62972d-a9b3-4331-aad8-6ffd9d992216 HTTP/1.1" 200 3268 557085 "-" "python-urllib3/1.26.5"
- - - [15/Mar/2023:16:52:51 -0400] "GET /v1/ports?fields=address%2Cextra HTTP/1.1" 200 268 451717 "-" "ironic-inspector keystoneauth1/5.1.0 python-requests/2.28.1 CPython/3.9.14"
- - - [15/Mar/2023:16:53:05 -0400] "GET /v1/ports?fields=address%2Cextra HTTP/1.1" 200 268 473968 "-" "ironic-inspector keystoneauth1/5.1.0 python-requests/2.28.1 CPython/3.9.14"
- - - [15/Mar/2023:16:53:06 -0400] "GET /v1/ports?fields=address%2Cextra HTTP/1.1" 200 268 433865 "-" "ironic-inspector keystoneauth1/5.1.0 python-requests/2.28.1 CPython/3.9.14"
- - - [15/Mar/2023:16:53:20 -0400] "GET /v1/ports?fields=address%2Cextra HTTP/1.1" 200 268 502706 "-" "ironic-inspector keystoneauth1/5.1.0 python-requests/2.28.1 CPython/3.9.14"
- - - [15/Mar/2023:16:53:21 -0400] "GET /v1/ports?fields=address%2Cextra HTTP/1.1" 200 268 478670 "-" "ironic-inspector keystoneauth1/5.1.0 python-requests/2.28.1 CPython/3.9.14"
- - - [15/Mar/2023:16:53:21 -0400] "GET /v1/nodes/0d62972d-a9b3-4331-aad8-6ffd9d992216 HTTP/1.1" 200 3268 454670 "-" "python-urllib3/1.26.5"
- - - [15/Mar/2023:16:53:35 -0400] "GET /v1/ports?fields=address%2Cextra HTTP/1.1" 200 268 549922 "-" "ironic-inspector keystoneauth1/5.1.0 python-requests/2.28.1 CPython/3.9.14"
- - - [15/Mar/2023:16:53:36 -0400] "GET /v1/ports?fields=address%2Cextra HTTP/1.1" 200 268 497630 "-" "ironic-inspector keystoneauth1/5.1.0 python-requests/2.28.1 CPython/3.9.14"
- - - [15/Mar/2023:16:53:50 -0400] "GET /v1/nodes?fields=uuid HTTP/1.1" 200 271 490456 "-" "ironic-inspector keystoneauth1/5.1.0 python-requests/2.28.1 CPython/3.9.14"
- - - [15/Mar/2023:16:53:50 -0400] "GET /v1/ports?fields=address%2Cextra HTTP/1.1" 200 268 482481 "-" "ironic-inspector keystoneauth1/5.1.0 python-requests/2.28.1 CPython/3.9.14"
- - - [15/Mar/2023:16:53:51 -0400] "GET /v1/ports?fields=address%2Cextra HTTP/1.1" 200 268 536782 "-" "ironic-inspector keystoneauth1/5.1.0 python-requests/2.28.1 CPython/3.9.14"
- - - [15/Mar/2023:16:53:52 -0400] "GET /v1/nodes/0d62972d-a9b3-4331-aad8-6ffd9d992216 HTTP/1.1" 200 3268 475693 "-" "python-urllib3/1.26.5"
- - - [15/Mar/2023:16:54:05 -0400] "GET /v1/ports?fields=address%2Cextra HTTP/1.1" 200 268 447693 "-" "ironic-inspector keystoneauth1/5.1.0 python-requests/2.28.1 CPython/3.9.14"
- - - [15/Mar/2023:16:54:06 -0400] "GET /v1/ports?fields=address%2Cextra HTTP/1.1" 200 268 397833 "-" "ironic-inspector keystoneauth1/5.1.0 python-requests/2.28.1 CPython/3.9.14"
- - - [15/Mar/2023:16:54:20 -0400] "GET /v1/ports?fields=address%2Cextra HTTP/1.1" 200 268 555874 "-" "ironic-inspector keystoneauth1/5.1.0 python-requests/2.28.1 CPython/3.9.14"
- - - [15/Mar/2023:16:54:21 -0400] "GET /v1/ports?fields=address%2Cextra HTTP/1.1" 200 268 595381 "-" "ironic-inspector keystoneauth1/5.1.0 python-requests/2.28.1 CPython/3.9.14"
- - - [15/Mar/2023:16:54:22 -0400] "GET /v1/nodes/0d62972d-a9b3-4331-aad8-6ffd9d992216 HTTP/1.1" 200 3268 477255 "-" "python-urllib3/1.26.5"
- - - [15/Mar/2023:16:54:35 -0400] "GET /v1/ports?fields=address%2Cextra HTTP/1.1" 200 268 519521 "-" "ironic-inspector keystoneauth1/5.1.0 python-requests/2.28.1 CPython/3.9.14"
- - - [15/Mar/2023:16:54:36 -0400] "GET /v1/ports?fields=address%2Cextra HTTP/1.1" 200 268 526827 "-" "ironic-inspector keystoneauth1/5.1.0 python-requests/2.28.1 CPython/3.9.14"
- - - [15/Mar/2023:16:54:50 -0400] "GET /v1/nodes?fields=uuid HTTP/1.1" 200 271 510267 "-" "ironic-inspector keystoneauth1/5.1.0 python-requests/2.28.1 CPython/3.9.14"
- - - [15/Mar/2023:16:54:50 -0400] "GET /v1/ports?fields=address%2Cextra HTTP/1.1" 200 268 541490 "-" "ironic-inspector keystoneauth1/5.1.0 python-requests/2.28.1 CPython/3.9.14"
- - - [15/Mar/2023:16:54:51 -0400] "GET /v1/ports?fields=address%2Cextra HTTP/1.1" 200 268 514715 "-" "ironic-inspector keystoneauth1/5.1.0 python-requests/2.28.1 CPython/3.9.14"
- - - [15/Mar/2023:16:54:53 -0400] "GET /v1/nodes/0d62972d-a9b3-4331-aad8-6ffd9d992216 HTTP/1.1" 200 3268 545372 "-" "python-urllib3/1.26.5"
- - - [15/Mar/2023:16:54:54 -0400] "GET / HTTP/1.1" 200 468 5931 "-" "python-requests/2.28.1"
- - - [15/Mar/2023:16:54:54 -0400] "GET /v1/lookup?addresses=98%3Af2%3Ab3%3A12%3A51%3Aa9%2C94%3A40%3Ac9%3A21%3Aa0%3A0b%2C94%3A40%3Ac9%3A21%3Aa0%3A09%2C98%3Af2%3Ab3%3A12%3A51%3Aaa%2Cbe%3Af5%3A56%3A54%3A4e%3Ac7%2C98%3Af2%3Ab3%3A12%3A51%3Aa8%2C94%3A40%3Ac9%3A21%3Aa0%3A0a%2C98%3Af2%3Ab3%3A12%3A51%3Aab%2C94%3A40%3Ac9%3A21%3Aa0%3A08 HTTP/1.1" 200 1010 180164 "-" "python-requests/2.28.1"
- - - [15/Mar/2023:16:54:54 -0400] "POST /v1/heartbeat/0d62972d-a9b3-4331-aad8-6ffd9d992216 HTTP/1.1" 202 - 140071 "-" "python-requests/2.28.1"
- - - [15/Mar/2023:16:54:55 -0400] "GET /v1/lookup?addresses=98%3Af2%3Ab3%3A12%3A51%3Aa9%2C94%3A40%3Ac9%3A21%3Aa0%3A0b%2C94%3A40%3Ac9%3A21%3Aa0%3A09%2C98%3Af2%3Ab3%3A12%3A51%3Aaa%2Cbe%3Af5%3A56%3A54%3A4e%3Ac7%2C98%3Af2%3Ab3%3A12%3A51%3Aa8%2C94%3A40%3Ac9%3A21%3Aa0%3A0a%2C98%3Af2%3Ab3%3A12%3A51%3Aab%2C94%3A40%3Ac9%3A21%3Aa0%3A08&node_uuid=0d62972d-a9b3-4331-aad8-6ffd9d992216 HTTP/1.1" 200 1010 161460 "-" "python-requests/2.28.1"
- - - [15/Mar/2023:16:55:05 -0400] "GET /v1/ports?fields=address%2Cextra HTTP/1.1" 200 268 518254 "-" "ironic-inspector keystoneauth1/5.1.0 python-requests/2.28.1 CPython/3.9.14"
- - - [15/Mar/2023:16:55:06 -0400] "GET /v1/ports?fields=address%2Cextra HTTP/1.1" 200 268 444207 "-" "ironic-inspector keystoneauth1/5.1.0 python-requests/2.28.1 CPython/3.9.14"
- - - [15/Mar/2023:16:55:19 -0400] "POST /v1/heartbeat/0d62972d-a9b3-4331-aad8-6ffd9d992216 HTTP/1.1" 202 - 134012 "-" "python-requests/2.28.1"
- - - [15/Mar/2023:16:55:20 -0400] "GET /v1/ports?fields=address%2Cextra HTTP/1.1" 200 268 465619 "-" "ironic-inspector keystoneauth1/5.1.0 python-requests/2.28.1 CPython/3.9.14"
- - - [15/Mar/2023:16:55:21 -0400] "GET /v1/ports?fields=address%2Cextra HTTP/1.1" 200 268 727785 "-" "ironic-inspector keystoneauth1/5.1.0 python-requests/2.28.1 CPython/3.9.14"
- - - [15/Mar/2023:16:55:23 -0400] "GET /v1/nodes/0d62972d-a9b3-4331-aad8-6ffd9d992216 HTTP/1.1" 200 4809 566301 "-" "python-urllib3/1.26.5"
- - - [15/Mar/2023:16:55:25 -0400] "POST /v1/heartbeat/0d62972d-a9b3-4331-aad8-6ffd9d992216 HTTP/1.1" 202 - 162143 "-" "python-requests/2.28.1"
- - - [15/Mar/2023:16:55:35 -0400] "GET /v1/ports?fields=address%2Cextra HTTP/1.1" 200 268 565126 "-" "ironic-inspector keystoneauth1/5.1.0 python-requests/2.28.1 CPython/3.9.14"
- - - [15/Mar/2023:16:55:36 -0400] "GET /v1/ports?fields=address%2Cextra HTTP/1.1" 200 268 475239 "-" "ironic-inspector keystoneauth1/5.1.0 python-requests/2.28.1 CPython/3.9.14"
- - - [15/Mar/2023:16:55:50 -0400] "GET /v1/nodes?fields=uuid HTTP/1.1" 200 271 598739 "-" "ironic-inspector keystoneauth1/5.1.0 python-requests/2.28.1 CPython/3.9.14"
- - - [15/Mar/2023:16:55:50 -0400] "GET /v1/ports?fields=address%2Cextra HTTP/1.1" 200 268 438223 "-" "ironic-inspector keystoneauth1/5.1.0 python-requests/2.28.1 CPython/3.9.14"
- - - [15/Mar/2023:16:55:51 -0400] "GET /v1/ports?fields=address%2Cextra HTTP/1.1" 200 268 517895 "-" "ironic-inspector keystoneauth1/5.1.0 python-requests/2.28.1 CPython/3.9.14"
- - - [15/Mar/2023:16:55:54 -0400] "GET /v1/nodes/0d62972d-a9b3-4331-aad8-6ffd9d992216 HTTP/1.1" 200 2903 584353 "-" "python-urllib3/1.26.5"
- - - [15/Mar/2023:16:56:05 -0400] "GET /v1/ports?fields=address%2Cextra HTTP/1.1" 200 268 803657 "-" "ironic-inspector keystoneauth1/5.1.0 python-requests/2.28.1 CPython/3.9.14"
- - - [15/Mar/2023:16:56:06 -0400] "GET /v1/ports?fields=address%2Cextra HTTP/1.1" 200 268 468862 "-" "ironic-inspector keystoneauth1/5.1.0 python-requests/2.28.1 CPython/3.9.14"
- - - [15/Mar/2023:16:56:20 -0400] "GET /v1/ports?fields=address%2Cextra HTTP/1.1" 200 268 519512 "-" "ironic-inspector keystoneauth1/5.1.0 python-requests/2.28.1 CPython/3.9.14"
- - - [15/Mar/2023:16:56:21 -0400] "GET /v1/ports?fields=address%2Cextra HTTP/1.1" 200 268 451076 "-" "ironic-inspector keystoneauth1/5.1.0 python-requests/2.28.1 CPython/3.9.14"
- - - [15/Mar/2023:16:56:35 -0400] "GET /v1/ports?fields=address%2Cextra HTTP/1.1" 200 268 588278 "-" "ironic-inspector keystoneauth1/5.1.0 python-requests/2.28.1 CPython/3.9.14"
- - - [15/Mar/2023:16:56:36 -0400] "GET /v1/ports?fields=address%2Cextra HTTP/1.1" 200 268 449156 "-" "ironic-inspector keystoneauth1/5.1.0 python-requests/2.28.1 CPython/3.9.14"
- - - [15/Mar/2023:16:56:50 -0400] "GET /v1/nodes?fields=uuid HTTP/1.1" 200 271 587770 "-" "ironic-inspector keystoneauth1/5.1.0 python-requests/2.28.1 CPython/3.9.14"
- - - [15/Mar/2023:16:56:50 -0400] "GET /v1/ports?fields=address%2Cextra HTTP/1.1" 200 268 613167 "-" "ironic-inspector keystoneauth1/5.1.0 python-requests/2.28.1 CPython/3.9.14"
- - - [15/Mar/2023:16:56:51 -0400] "GET /v1/ports?fields=address%2Cextra HTTP/1.1" 200 268 607085 "-" "ironic-inspector keystoneauth1/5.1.0 python-requests/2.28.1 CPython/3.9.14"
- - - [15/Mar/2023:16:57:05 -0400] "GET /v1/ports?fields=address%2Cextra HTTP/1.1" 200 268 531404 "-" "ironic-inspector keystoneauth1/5.1.0 python-requests/2.28.1 CPython/3.9.14"
- - - [15/Mar/2023:16:57:06 -0400] "GET /v1/ports?fields=address%2Cextra HTTP/1.1" 200 268 503226 "-" "ironic-inspector keystoneauth1/5.1.0 python-requests/2.28.1 CPython/3.9.14"
- - - [15/Mar/2023:16:57:20 -0400] "GET /v1/ports?fields=address%2Cextra HTTP/1.1" 200 268 425807 "-" "ironic-inspector keystoneauth1/5.1.0 python-requests/2.28.1 CPython/3.9.14"
- - - [15/Mar/2023:16:57:21 -0400] "GET /v1/ports?fields=address%2Cextra HTTP/1.1" 200 268 459050 "-" "ironic-inspector keystoneauth1/5.1.0 python-requests/2.28.1 CPython/3.9.14"
- - - [15/Mar/2023:16:57:35 -0400] "GET /v1/ports?fields=address%2Cextra HTTP/1.1" 200 268 451829 "-" "ironic-inspector keystoneauth1/5.1.0 python-requests/2.28.1 CPython/3.9.14"
- - - [15/Mar/2023:16:57:36 -0400] "GET /v1/ports?fields=address%2Cextra HTTP/1.1" 200 268 439598 "-" "ironic-inspector keystoneauth1/5.1.0 python-requests/2.28.1 CPython/3.9.14"
- - - [15/Mar/2023:16:57:50 -0400] "GET /v1/nodes?fields=uuid HTTP/1.1" 200 271 534357 "-" "ironic-inspector keystoneauth1/5.1.0 python-requests/2.28.1 CPython/3.9.14"
- - - [15/Mar/2023:16:57:50 -0400] "GET /v1/ports?fields=address%2Cextra HTTP/1.1" 200 268 464030 "-" "ironic-inspector keystoneauth1/5.1.0 python-requests/2.28.1 CPython/3.9.14"
- - - [15/Mar/2023:16:57:51 -0400] "GET /v1/ports?fields=address%2Cextra HTTP/1.1" 200 268 450607 "-" "ironic-inspector keystoneauth1/5.1.0 python-requests/2.28.1 CPython/3.9.14"
- - - [15/Mar/2023:16:58:05 -0400] "GET /v1/ports?fields=address%2Cextra HTTP/1.1" 200 268 416866 "-" "ironic-inspector keystoneauth1/5.1.0 python-requests/2.28.1 CPython/3.9.14"
- - - [15/Mar/2023:16:58:06 -0400] "GET /v1/ports?fields=address%2Cextra HTTP/1.1" 200 268 512663 "-" "ironic-inspector keystoneauth1/5.1.0 python-requests/2.28.1 CPython/3.9.14"
- - - [15/Mar/2023:16:58:08 -0400] "GET /v1/nodes/0d62972d-a9b3-4331-aad8-6ffd9d992216/vifs HTTP/1.1" 200 12 579118 "-" "python-urllib3/1.26.5"
- - - [15/Mar/2023:16:58:12 -0400] "GET /v1/nodes HTTP/1.1" 200 420 452691 "-" "python-ironicclient"
- - - [15/Mar/2023:16:58:20 -0400] "GET /v1/ports?fields=address%2Cextra HTTP/1.1" 200 268 707559 "-" "ironic-inspector keystoneauth1/5.1.0 python-requests/2.28.1 CPython/3.9.14"
- - - [15/Mar/2023:16:58:21 -0400] "GET /v1/ports?fields=address%2Cextra HTTP/1.1" 200 268 601096 "-" "ironic-inspector keystoneauth1/5.1.0 python-requests/2.28.1 CPython/3.9.14"
- - - [15/Mar/2023:16:58:35 -0400] "GET /v1/ports?fields=address%2Cextra HTTP/1.1" 200 268 422363 "-" "ironic-inspector keystoneauth1/5.1.0 python-requests/2.28.1 CPython/3.9.14"
- - - [15/Mar/2023:16:58:36 -0400] "GET /v1/ports?fields=address%2Cextra HTTP/1.1" 200 268 369079 "-" "ironic-inspector keystoneauth1/5.1.0 python-requests/2.28.1 CPython/3.9.14"
- - - [15/Mar/2023:16:58:50 -0400] "GET /v1/nodes?fields=uuid HTTP/1.1" 200 271 437995 "-" "ironic-inspector keystoneauth1/5.1.0 python-requests/2.28.1 CPython/3.9.14"
- - - [15/Mar/2023:16:58:50 -0400] "GET /v1/ports?fields=address%2Cextra HTTP/1.1" 200 268 408440 "-" "ironic-inspector keystoneauth1/5.1.0 python-requests/2.28.1 CPython/3.9.14"
- - - [15/Mar/2023:16:58:51 -0400] "GET /v1/ports?fields=address%2Cextra HTTP/1.1" 200 268 432180 "-" "ironic-inspector keystoneauth1/5.1.0 python-requests/2.28.1 CPython/3.9.14"
- - - [15/Mar/2023:16:59:05 -0400] "GET /v1/ports?fields=address%2Cextra HTTP/1.1" 200 268 465951 "-" "ironic-inspector keystoneauth1/5.1.0 python-requests/2.28.1 CPython/3.9.14"
- - - [15/Mar/2023:16:59:06 -0400] "GET /v1/ports?fields=address%2Cextra HTTP/1.1" 200 268 438067 "-" "ironic-inspector keystoneauth1/5.1.0 python-requests/2.28.1 CPython/3.9.14"
- - - [15/Mar/2023:16:59:20 -0400] "GET /v1/ports?fields=address%2Cextra HTTP/1.1" 200 268 433871 "-" "ironic-inspector keystoneauth1/5.1.0 python-requests/2.28.1 CPython/3.9.14"
- - - [15/Mar/2023:16:59:21 -0400] "GET /v1/ports?fields=address%2Cextra HTTP/1.1" 200 268 347803 "-" "ironic-inspector keystoneauth1/5.1.0 python-requests/2.28.1 CPython/3.9.14"
- - - [15/Mar/2023:16:59:35 -0400] "GET /v1/ports?fields=address%2Cextra HTTP/1.1" 200 268 451027 "-" "ironic-inspector keystoneauth1/5.1.0 python-requests/2.28.1 CPython/3.9.14"
- - - [15/Mar/2023:16:59:36 -0400] "GET /v1/ports?fields=address%2Cextra HTTP/1.1" 200 268 389295 "-" "ironic-inspector keystoneauth1/5.1.0 python-requests/2.28.1 CPython/3.9.14"
- - - [15/Mar/2023:16:59:50 -0400] "GET /v1/nodes?fields=uuid HTTP/1.1" 200 271 488563 "-" "ironic-inspector keystoneauth1/5.1.0 python-requests/2.28.1 CPython/3.9.14"
- - - [15/Mar/2023:16:59:50 -0400] "GET /v1/ports?fields=address%2Cextra HTTP/1.1" 200 268 454598 "-" "ironic-inspector keystoneauth1/5.1.0 python-requests/2.28.1 CPython/3.9.14"
- - - [15/Mar/2023:16:59:51 -0400] "GET /v1/ports?fields=address%2Cextra HTTP/1.1" 200 268 507675 "-" "ironic-inspector keystoneauth1/5.1.0 python-requests/2.28.1 CPython/3.9.14"
