2023-04-04 20:02:28,225 p=6080 u=root n=ansible | [WARNING]: Invalid characters were found in group names but not replaced, use
-vvvv to see details

2023-04-04 20:02:30,453 p=6080 u=root n=ansible | PLAY [Gather facts for all hosts] **********************************************
2023-04-04 20:02:30,718 p=6080 u=root n=ansible | TASK [Gather facts] ************************************************************
2023-04-04 20:02:34,695 p=6080 u=root n=ansible | ok: [localhost]
2023-04-04 20:02:34,792 p=6080 u=root n=ansible | TASK [Group hosts to determine when using --limit] *****************************
2023-04-04 20:02:34,873 p=6080 u=root n=ansible | ok: [localhost]
2023-04-04 20:02:35,047 p=6080 u=root n=ansible | [WARNING]: Could not match supplied host pattern, ignoring:
all_using_limit_True

2023-04-04 20:02:35,059 p=6080 u=root n=ansible | PLAY [Gather facts for all hosts (if using --limit)] ***************************
2023-04-04 20:02:35,059 p=6080 u=root n=ansible | skipping: no hosts matched
2023-04-04 20:02:35,072 p=6080 u=root n=ansible | PLAY [Apply role baremetal] ****************************************************
2023-04-04 20:02:35,325 p=6080 u=root n=ansible | TASK [openstack.kolla.baremetal : Ensure localhost in /etc/hosts] **************
2023-04-04 20:02:36,374 p=6080 u=root n=ansible | changed: [localhost]
2023-04-04 20:02:36,462 p=6080 u=root n=ansible | TASK [openstack.kolla.baremetal : Ensure hostname does not point to 127.0.1.1 in /etc/hosts] ***
2023-04-04 20:02:37,028 p=6080 u=root n=ansible | ok: [localhost]
2023-04-04 20:02:37,144 p=6080 u=root n=ansible | TASK [openstack.kolla.baremetal : Generate /etc/hosts for all of the nodes] ****
2023-04-04 20:02:38,732 p=6080 u=root n=ansible | changed: [localhost]
2023-04-04 20:02:38,816 p=6080 u=root n=ansible | TASK [openstack.kolla.baremetal : Ensure unprivileged users can use ping] ******
2023-04-04 20:02:39,821 p=6080 u=root n=ansible | changed: [localhost]
2023-04-04 20:02:39,952 p=6080 u=root n=ansible | TASK [openstack.kolla.baremetal : Ensure /etc/cloud/cloud.cfg exists] **********
2023-04-04 20:02:40,968 p=6080 u=root n=ansible | ok: [localhost]
2023-04-04 20:02:41,121 p=6080 u=root n=ansible | TASK [openstack.kolla.baremetal : Disable cloud-init manage_etc_hosts] *********
2023-04-04 20:02:42,823 p=6080 u=root n=ansible | changed: [localhost]
2023-04-04 20:02:42,909 p=6080 u=root n=ansible | TASK [openstack.kolla.baremetal : Set firewall default policy] *****************
2023-04-04 20:02:42,961 p=6080 u=root n=ansible | skipping: [localhost]
2023-04-04 20:02:43,048 p=6080 u=root n=ansible | TASK [openstack.kolla.baremetal : Check if firewalld is installed] *************
2023-04-04 20:02:44,002 p=6080 u=root n=ansible | ok: [localhost]
2023-04-04 20:02:44,147 p=6080 u=root n=ansible | TASK [openstack.kolla.baremetal : Disable firewalld] ***************************
2023-04-04 20:02:44,213 p=6080 u=root n=ansible | skipping: [localhost] => (item=firewalld) 
2023-04-04 20:02:44,357 p=6080 u=root n=ansible | TASK [openstack.kolla.docker : Fail if docker_custom_option is defined] ********
2023-04-04 20:02:44,433 p=6080 u=root n=ansible | skipping: [localhost]
2023-04-04 20:02:44,519 p=6080 u=root n=ansible | TASK [openstack.kolla.docker : include_tasks] **********************************
2023-04-04 20:02:44,580 p=6080 u=root n=ansible | skipping: [localhost]
2023-04-04 20:02:44,669 p=6080 u=root n=ansible | TASK [openstack.kolla.docker : Ensure docker config directory exists] **********
2023-04-04 20:02:45,583 p=6080 u=root n=ansible | ok: [localhost]
2023-04-04 20:02:45,675 p=6080 u=root n=ansible | TASK [openstack.kolla.docker : Write docker config] ****************************
2023-04-04 20:02:46,931 p=6080 u=root n=ansible | changed: [localhost]
2023-04-04 20:02:47,018 p=6080 u=root n=ansible | TASK [openstack.kolla.docker : Remove old docker options file] *****************
2023-04-04 20:02:47,544 p=6080 u=root n=ansible | ok: [localhost]
2023-04-04 20:02:47,632 p=6080 u=root n=ansible | TASK [openstack.kolla.docker : Ensure docker service directory exists] *********
2023-04-04 20:02:47,682 p=6080 u=root n=ansible | skipping: [localhost]
2023-04-04 20:02:47,772 p=6080 u=root n=ansible | TASK [openstack.kolla.docker : Configure docker service] ***********************
2023-04-04 20:02:47,821 p=6080 u=root n=ansible | skipping: [localhost]
2023-04-04 20:02:47,909 p=6080 u=root n=ansible | TASK [openstack.kolla.docker : Ensure the path for CA file for private registry exists] ***
2023-04-04 20:02:47,960 p=6080 u=root n=ansible | skipping: [localhost]
2023-04-04 20:02:48,047 p=6080 u=root n=ansible | TASK [openstack.kolla.docker : Ensure the CA file for private registry exists] ***
2023-04-04 20:02:48,099 p=6080 u=root n=ansible | skipping: [localhost]
2023-04-04 20:02:48,192 p=6080 u=root n=ansible | TASK [openstack.kolla.docker : Flush handlers] *********************************
2023-04-04 20:02:48,194 p=6080 u=root n=ansible | RUNNING HANDLER [openstack.kolla.docker : Restart docker] **********************
2023-04-04 20:02:51,982 p=6080 u=root n=ansible | changed: [localhost]
2023-04-04 20:02:52,087 p=6080 u=root n=ansible | TASK [openstack.kolla.docker : Start and enable docker] ************************
2023-04-04 20:02:52,948 p=6080 u=root n=ansible | ok: [localhost]
2023-04-04 20:02:53,033 p=6080 u=root n=ansible | TASK [openstack.kolla.docker : include_tasks] **********************************
2023-04-04 20:02:53,097 p=6080 u=root n=ansible | skipping: [localhost]
2023-04-04 20:02:53,278 p=6080 u=root n=ansible | TASK [openstack.kolla.kolla_user : Ensure groups are present] ******************
2023-04-04 20:02:53,333 p=6080 u=root n=ansible | skipping: [localhost] => (item=docker) 
2023-04-04 20:02:53,339 p=6080 u=root n=ansible | skipping: [localhost] => (item=sudo) 
2023-04-04 20:02:53,346 p=6080 u=root n=ansible | skipping: [localhost] => (item=kolla) 
2023-04-04 20:02:53,438 p=6080 u=root n=ansible | TASK [openstack.kolla.kolla_user : Create kolla user] **************************
2023-04-04 20:02:53,486 p=6080 u=root n=ansible | skipping: [localhost]
2023-04-04 20:02:53,579 p=6080 u=root n=ansible | TASK [openstack.kolla.kolla_user : Add public key to kolla user authorized keys] ***
2023-04-04 20:02:53,626 p=6080 u=root n=ansible | skipping: [localhost]
2023-04-04 20:02:53,715 p=6080 u=root n=ansible | TASK [openstack.kolla.kolla_user : Grant kolla user passwordless sudo] *********
2023-04-04 20:02:53,760 p=6080 u=root n=ansible | skipping: [localhost]
2023-04-04 20:02:53,943 p=6080 u=root n=ansible | TASK [openstack.kolla.docker_sdk : Install latest pip in the virtualenv] *******
2023-04-04 20:02:54,004 p=6080 u=root n=ansible | skipping: [localhost]
2023-04-04 20:02:54,099 p=6080 u=root n=ansible | TASK [openstack.kolla.docker_sdk : Install docker SDK for python] **************
2023-04-04 20:03:20,660 p=6080 u=root n=ansible | ok: [localhost]
2023-04-04 20:03:20,883 p=6080 u=root n=ansible | TASK [openstack.kolla.baremetal : Ensure node_config_directory directory exists] ***
2023-04-04 20:03:21,453 p=6080 u=root n=ansible | ok: [localhost]
2023-04-04 20:03:21,566 p=6080 u=root n=ansible | TASK [openstack.kolla.apparmor_libvirt : include_tasks] ************************
2023-04-04 20:03:21,621 p=6080 u=root n=ansible | skipping: [localhost]
2023-04-04 20:03:21,816 p=6080 u=root n=ansible | TASK [openstack.kolla.baremetal : Change state of selinux] *********************
2023-04-04 20:03:23,385 p=6080 u=root n=ansible | ok: [localhost]
2023-04-04 20:03:23,471 p=6080 u=root n=ansible | TASK [openstack.kolla.baremetal : Set https proxy for git] *********************
2023-04-04 20:03:23,536 p=6080 u=root n=ansible | skipping: [localhost]
2023-04-04 20:03:23,619 p=6080 u=root n=ansible | TASK [openstack.kolla.baremetal : Set http proxy for git] **********************
2023-04-04 20:03:23,663 p=6080 u=root n=ansible | skipping: [localhost]
2023-04-04 20:03:23,748 p=6080 u=root n=ansible | TASK [openstack.kolla.baremetal : include_tasks] *******************************
2023-04-04 20:03:23,804 p=6080 u=root n=ansible | skipping: [localhost]
2023-04-04 20:03:24,042 p=6080 u=root n=ansible | PLAY RECAP *********************************************************************
2023-04-04 20:03:24,042 p=6080 u=root n=ansible | localhost                  : ok=17   changed=6    unreachable=0    failed=0    skipped=18   rescued=0    ignored=0   
