2023-02-13 21:29:49.709123 mod_wsgi (pid=24): Failed to exec Python script file '/var/lib/kolla/venv/bin/ironic-api-wsgi'.
2023-02-13 21:29:49.709320 mod_wsgi (pid=24): Exception occurred processing WSGI script '/var/lib/kolla/venv/bin/ironic-api-wsgi'.
2023-02-13 21:29:49.711681 Traceback (most recent call last):
2023-02-13 21:29:49.711775   File "/var/lib/kolla/venv/bin/ironic-api-wsgi", line 52, in <module>
2023-02-13 21:29:49.711792     application = initialize_wsgi_app()
2023-02-13 21:29:49.711810   File "/var/lib/kolla/venv/lib/python3.9/site-packages/ironic/api/wsgi.py", line 38, in initialize_wsgi_app
2023-02-13 21:29:49.711823     return app.VersionSelectorApplication()
2023-02-13 21:29:49.711838   File "/var/lib/kolla/venv/lib/python3.9/site-packages/ironic/api/app.py", line 148, in __init__
2023-02-13 21:29:49.711849     self.v1 = setup_app(pecan_config=pc)
2023-02-13 21:29:49.711878   File "/var/lib/kolla/venv/lib/python3.9/site-packages/ironic/api/app.py", line 74, in setup_app
2023-02-13 21:29:49.711889     app = pecan.make_app(
2023-02-13 21:29:49.711904   File "/var/lib/kolla/venv/lib/python3.9/site-packages/pecan/__init__.py", line 86, in make_app
2023-02-13 21:29:49.711915     app = Pecan(root, **kw)
2023-02-13 21:29:49.711929   File "/var/lib/kolla/venv/lib/python3.9/site-packages/pecan/core.py", line 844, in __init__
2023-02-13 21:29:49.711940     super(Pecan, self).__init__(*args, **kw)
2023-02-13 21:29:49.711955   File "/var/lib/kolla/venv/lib/python3.9/site-packages/pecan/core.py", line 240, in __init__
2023-02-13 21:29:49.711966     root = self.__translate_root__(root)
2023-02-13 21:29:49.711980   File "/var/lib/kolla/venv/lib/python3.9/site-packages/pecan/core.py", line 275, in __translate_root__
2023-02-13 21:29:49.711991     module = __import__(name, fromlist=fromlist)
2023-02-13 21:29:49.712006   File "/var/lib/kolla/venv/lib/python3.9/site-packages/ironic/api/controllers/root.py", line 19, in <module>
2023-02-13 21:29:49.712017     from ironic.api.controllers import v1
2023-02-13 21:29:49.712032   File "/var/lib/kolla/venv/lib/python3.9/site-packages/ironic/api/controllers/v1/__init__.py", line 29, in <module>
2023-02-13 21:29:49.712043     from ironic.api.controllers.v1 import allocation
2023-02-13 21:29:49.712058   File "/var/lib/kolla/venv/lib/python3.9/site-packages/ironic/api/controllers/v1/allocation.py", line 25, in <module>
2023-02-13 21:29:49.712069     from ironic.api.controllers.v1 import utils as api_utils
2023-02-13 21:29:49.712099   File "/var/lib/kolla/venv/lib/python3.9/site-packages/ironic/api/controllers/v1/utils.py", line 1068
2023-02-13 21:29:49.712126     <<<<<<< HEAD
2023-02-13 21:29:49.712155     ^
2023-02-13 21:29:49.712177 SyntaxError: invalid syntax
2023-02-13 21:29:54.132090 mod_wsgi (pid=25): Failed to exec Python script file '/var/lib/kolla/venv/bin/ironic-api-wsgi'.
2023-02-13 21:29:54.132307 mod_wsgi (pid=25): Exception occurred processing WSGI script '/var/lib/kolla/venv/bin/ironic-api-wsgi'.
2023-02-13 21:29:54.136865 Traceback (most recent call last):
2023-02-13 21:29:54.137004   File "/var/lib/kolla/venv/bin/ironic-api-wsgi", line 52, in <module>
2023-02-13 21:29:54.137021     application = initialize_wsgi_app()
2023-02-13 21:29:54.137039   File "/var/lib/kolla/venv/lib/python3.9/site-packages/ironic/api/wsgi.py", line 38, in initialize_wsgi_app
2023-02-13 21:29:54.137051     return app.VersionSelectorApplication()
2023-02-13 21:29:54.137082   File "/var/lib/kolla/venv/lib/python3.9/site-packages/ironic/api/app.py", line 148, in __init__
2023-02-13 21:29:54.137093     self.v1 = setup_app(pecan_config=pc)
2023-02-13 21:29:54.137108   File "/var/lib/kolla/venv/lib/python3.9/site-packages/ironic/api/app.py", line 74, in setup_app
2023-02-13 21:29:54.137119     app = pecan.make_app(
2023-02-13 21:29:54.137134   File "/var/lib/kolla/venv/lib/python3.9/site-packages/pecan/__init__.py", line 86, in make_app
2023-02-13 21:29:54.137146     app = Pecan(root, **kw)
2023-02-13 21:29:54.137160   File "/var/lib/kolla/venv/lib/python3.9/site-packages/pecan/core.py", line 844, in __init__
2023-02-13 21:29:54.137196     super(Pecan, self).__init__(*args, **kw)
2023-02-13 21:29:54.137214   File "/var/lib/kolla/venv/lib/python3.9/site-packages/pecan/core.py", line 240, in __init__
2023-02-13 21:29:54.137226     root = self.__translate_root__(root)
2023-02-13 21:29:54.137241   File "/var/lib/kolla/venv/lib/python3.9/site-packages/pecan/core.py", line 275, in __translate_root__
2023-02-13 21:29:54.137252     module = __import__(name, fromlist=fromlist)
2023-02-13 21:29:54.137267   File "/var/lib/kolla/venv/lib/python3.9/site-packages/ironic/api/controllers/root.py", line 19, in <module>
2023-02-13 21:29:54.137278     from ironic.api.controllers import v1
2023-02-13 21:29:54.137293   File "/var/lib/kolla/venv/lib/python3.9/site-packages/ironic/api/controllers/v1/__init__.py", line 29, in <module>
2023-02-13 21:29:54.137304     from ironic.api.controllers.v1 import allocation
2023-02-13 21:29:54.137319   File "/var/lib/kolla/venv/lib/python3.9/site-packages/ironic/api/controllers/v1/allocation.py", line 25, in <module>
2023-02-13 21:29:54.137330     from ironic.api.controllers.v1 import utils as api_utils
2023-02-13 21:29:54.137362   File "/var/lib/kolla/venv/lib/python3.9/site-packages/ironic/api/controllers/v1/utils.py", line 1068
2023-02-13 21:29:54.137443     <<<<<<< HEAD
2023-02-13 21:29:54.137480     ^
2023-02-13 21:29:54.137503 SyntaxError: invalid syntax
2023-02-13 21:30:44.538552 mod_wsgi (pid=24): Failed to exec Python script file '/var/lib/kolla/venv/bin/ironic-api-wsgi'.
2023-02-13 21:30:44.538810 mod_wsgi (pid=24): Exception occurred processing WSGI script '/var/lib/kolla/venv/bin/ironic-api-wsgi'.
2023-02-13 21:30:44.684698 Traceback (most recent call last):
2023-02-13 21:30:44.684832   File "/var/lib/kolla/venv/bin/ironic-api-wsgi", line 52, in <module>
2023-02-13 21:30:44.684853     application = initialize_wsgi_app()
2023-02-13 21:30:44.684908   File "/var/lib/kolla/venv/lib/python3.9/site-packages/ironic/api/wsgi.py", line 32, in initialize_wsgi_app
2023-02-13 21:30:44.684924     service.prepare_command(argv)
2023-02-13 21:30:44.684941   File "/var/lib/kolla/venv/lib/python3.9/site-packages/ironic/common/service.py", line 42, in prepare_command
2023-02-13 21:30:44.684953     log.register_options(CONF)
2023-02-13 21:30:44.684968   File "/var/lib/kolla/venv/lib/python3.9/site-packages/oslo_log/log.py", line 259, in register_options
2023-02-13 21:30:44.684980     conf.register_cli_opts(_options.common_cli_opts)
2023-02-13 21:30:44.685011   File "/var/lib/kolla/venv/lib/python3.9/site-packages/oslo_config/cfg.py", line 2077, in __inner
2023-02-13 21:30:44.685022     result = f(self, *args, **kwargs)
2023-02-13 21:30:44.685038   File "/var/lib/kolla/venv/lib/python3.9/site-packages/oslo_config/cfg.py", line 2363, in register_cli_opts
2023-02-13 21:30:44.685049     self.register_cli_opt(opt, group, clear_cache=False)
2023-02-13 21:30:44.685065   File "/var/lib/kolla/venv/lib/python3.9/site-packages/oslo_config/cfg.py", line 2081, in __inner
2023-02-13 21:30:44.685077     return f(self, *args, **kwargs)
2023-02-13 21:30:44.685092   File "/var/lib/kolla/venv/lib/python3.9/site-packages/oslo_config/cfg.py", line 2355, in register_cli_opt
2023-02-13 21:30:44.685103     raise ArgsAlreadyParsedError("cannot register CLI option")
2023-02-13 21:30:44.685146 oslo_config.cfg.ArgsAlreadyParsedError: arguments already parsed: cannot register CLI option
2023-02-13 21:30:44.695305 mod_wsgi (pid=25): Failed to exec Python script file '/var/lib/kolla/venv/bin/ironic-api-wsgi'.
2023-02-13 21:30:44.695511 mod_wsgi (pid=25): Exception occurred processing WSGI script '/var/lib/kolla/venv/bin/ironic-api-wsgi'.
2023-02-13 21:30:44.697369 Traceback (most recent call last):
2023-02-13 21:30:44.697512   File "/var/lib/kolla/venv/bin/ironic-api-wsgi", line 52, in <module>
2023-02-13 21:30:44.697533     application = initialize_wsgi_app()
2023-02-13 21:30:44.697552   File "/var/lib/kolla/venv/lib/python3.9/site-packages/ironic/api/wsgi.py", line 32, in initialize_wsgi_app
2023-02-13 21:30:44.697564     service.prepare_command(argv)
2023-02-13 21:30:44.697625   File "/var/lib/kolla/venv/lib/python3.9/site-packages/ironic/common/service.py", line 42, in prepare_command
2023-02-13 21:30:44.697642     log.register_options(CONF)
2023-02-13 21:30:44.697659   File "/var/lib/kolla/venv/lib/python3.9/site-packages/oslo_log/log.py", line 259, in register_options
2023-02-13 21:30:44.697679     conf.register_cli_opts(_options.common_cli_opts)
2023-02-13 21:30:44.697698   File "/var/lib/kolla/venv/lib/python3.9/site-packages/oslo_config/cfg.py", line 2077, in __inner
2023-02-13 21:30:44.697710     result = f(self, *args, **kwargs)
2023-02-13 21:30:44.697726   File "/var/lib/kolla/venv/lib/python3.9/site-packages/oslo_config/cfg.py", line 2363, in register_cli_opts
2023-02-13 21:30:44.697737     self.register_cli_opt(opt, group, clear_cache=False)
2023-02-13 21:30:44.697753   File "/var/lib/kolla/venv/lib/python3.9/site-packages/oslo_config/cfg.py", line 2081, in __inner
2023-02-13 21:30:44.697764     return f(self, *args, **kwargs)
2023-02-13 21:30:44.697779   File "/var/lib/kolla/venv/lib/python3.9/site-packages/oslo_config/cfg.py", line 2355, in register_cli_opt
2023-02-13 21:30:44.697791     raise ArgsAlreadyParsedError("cannot register CLI option")
2023-02-13 21:30:44.697829 oslo_config.cfg.ArgsAlreadyParsedError: arguments already parsed: cannot register CLI option
2023-02-13 21:31:44.530736 mod_wsgi (pid=24): Failed to exec Python script file '/var/lib/kolla/venv/bin/ironic-api-wsgi'.
2023-02-13 21:31:44.530939 mod_wsgi (pid=24): Exception occurred processing WSGI script '/var/lib/kolla/venv/bin/ironic-api-wsgi'.
2023-02-13 21:31:44.531675 Traceback (most recent call last):
2023-02-13 21:31:44.531784   File "/var/lib/kolla/venv/bin/ironic-api-wsgi", line 52, in <module>
2023-02-13 21:31:44.531804     application = initialize_wsgi_app()
2023-02-13 21:31:44.531835   File "/var/lib/kolla/venv/lib/python3.9/site-packages/ironic/api/wsgi.py", line 32, in initialize_wsgi_app
2023-02-13 21:31:44.531851     service.prepare_command(argv)
2023-02-13 21:31:44.531869   File "/var/lib/kolla/venv/lib/python3.9/site-packages/ironic/common/service.py", line 42, in prepare_command
2023-02-13 21:31:44.531880     log.register_options(CONF)
2023-02-13 21:31:44.531896   File "/var/lib/kolla/venv/lib/python3.9/site-packages/oslo_log/log.py", line 259, in register_options
2023-02-13 21:31:44.531908     conf.register_cli_opts(_options.common_cli_opts)
2023-02-13 21:31:44.531923   File "/var/lib/kolla/venv/lib/python3.9/site-packages/oslo_config/cfg.py", line 2077, in __inner
2023-02-13 21:31:44.531935     result = f(self, *args, **kwargs)
2023-02-13 21:31:44.531950   File "/var/lib/kolla/venv/lib/python3.9/site-packages/oslo_config/cfg.py", line 2363, in register_cli_opts
2023-02-13 21:31:44.531962     self.register_cli_opt(opt, group, clear_cache=False)
2023-02-13 21:31:44.531978   File "/var/lib/kolla/venv/lib/python3.9/site-packages/oslo_config/cfg.py", line 2081, in __inner
2023-02-13 21:31:44.531989     return f(self, *args, **kwargs)
2023-02-13 21:31:44.532005   File "/var/lib/kolla/venv/lib/python3.9/site-packages/oslo_config/cfg.py", line 2355, in register_cli_opt
2023-02-13 21:31:44.532016     raise ArgsAlreadyParsedError("cannot register CLI option")
2023-02-13 21:31:44.532058 oslo_config.cfg.ArgsAlreadyParsedError: arguments already parsed: cannot register CLI option
2023-02-13 21:31:44.543429 mod_wsgi (pid=25): Failed to exec Python script file '/var/lib/kolla/venv/bin/ironic-api-wsgi'.
2023-02-13 21:31:44.543581 mod_wsgi (pid=25): Exception occurred processing WSGI script '/var/lib/kolla/venv/bin/ironic-api-wsgi'.
2023-02-13 21:31:44.544133 Traceback (most recent call last):
2023-02-13 21:31:44.544230   File "/var/lib/kolla/venv/bin/ironic-api-wsgi", line 52, in <module>
2023-02-13 21:31:44.544249     application = initialize_wsgi_app()
2023-02-13 21:31:44.544269   File "/var/lib/kolla/venv/lib/python3.9/site-packages/ironic/api/wsgi.py", line 32, in initialize_wsgi_app
2023-02-13 21:31:44.544281     service.prepare_command(argv)
2023-02-13 21:31:44.544297   File "/var/lib/kolla/venv/lib/python3.9/site-packages/ironic/common/service.py", line 42, in prepare_command
2023-02-13 21:31:44.544338     log.register_options(CONF)
2023-02-13 21:31:44.544357   File "/var/lib/kolla/venv/lib/python3.9/site-packages/oslo_log/log.py", line 259, in register_options
2023-02-13 21:31:44.544423     conf.register_cli_opts(_options.common_cli_opts)
2023-02-13 21:31:44.544450   File "/var/lib/kolla/venv/lib/python3.9/site-packages/oslo_config/cfg.py", line 2077, in __inner
2023-02-13 21:31:44.544463     result = f(self, *args, **kwargs)
2023-02-13 21:31:44.544479   File "/var/lib/kolla/venv/lib/python3.9/site-packages/oslo_config/cfg.py", line 2363, in register_cli_opts
2023-02-13 21:31:44.544491     self.register_cli_opt(opt, group, clear_cache=False)
2023-02-13 21:31:44.544507   File "/var/lib/kolla/venv/lib/python3.9/site-packages/oslo_config/cfg.py", line 2081, in __inner
2023-02-13 21:31:44.544519     return f(self, *args, **kwargs)
2023-02-13 21:31:44.544535   File "/var/lib/kolla/venv/lib/python3.9/site-packages/oslo_config/cfg.py", line 2355, in register_cli_opt
2023-02-13 21:31:44.544546     raise ArgsAlreadyParsedError("cannot register CLI option")
2023-02-13 21:31:44.544588 oslo_config.cfg.ArgsAlreadyParsedError: arguments already parsed: cannot register CLI option
2023-02-13 21:32:28.379108 mod_wsgi (pid=24): Failed to exec Python script file '/var/lib/kolla/venv/bin/ironic-api-wsgi'.
2023-02-13 21:32:28.379481 mod_wsgi (pid=24): Exception occurred processing WSGI script '/var/lib/kolla/venv/bin/ironic-api-wsgi'.
2023-02-13 21:32:28.380246 Traceback (most recent call last):
2023-02-13 21:32:28.380366   File "/var/lib/kolla/venv/bin/ironic-api-wsgi", line 52, in <module>
2023-02-13 21:32:28.381670     application = initialize_wsgi_app()
2023-02-13 21:32:28.381712   File "/var/lib/kolla/venv/lib/python3.9/site-packages/ironic/api/wsgi.py", line 32, in initialize_wsgi_app
2023-02-13 21:32:28.381730     service.prepare_command(argv)
2023-02-13 21:32:28.381749   File "/var/lib/kolla/venv/lib/python3.9/site-packages/ironic/common/service.py", line 42, in prepare_command
2023-02-13 21:32:28.381761     log.register_options(CONF)
2023-02-13 21:32:28.381777   File "/var/lib/kolla/venv/lib/python3.9/site-packages/oslo_log/log.py", line 259, in register_options
2023-02-13 21:32:28.381789     conf.register_cli_opts(_options.common_cli_opts)
2023-02-13 21:32:28.381805   File "/var/lib/kolla/venv/lib/python3.9/site-packages/oslo_config/cfg.py", line 2077, in __inner
2023-02-13 21:32:28.381816     result = f(self, *args, **kwargs)
2023-02-13 21:32:28.381832   File "/var/lib/kolla/venv/lib/python3.9/site-packages/oslo_config/cfg.py", line 2363, in register_cli_opts
2023-02-13 21:32:28.381844     self.register_cli_opt(opt, group, clear_cache=False)
2023-02-13 21:32:28.381859   File "/var/lib/kolla/venv/lib/python3.9/site-packages/oslo_config/cfg.py", line 2081, in __inner
2023-02-13 21:32:28.381871     return f(self, *args, **kwargs)
2023-02-13 21:32:28.381887   File "/var/lib/kolla/venv/lib/python3.9/site-packages/oslo_config/cfg.py", line 2355, in register_cli_opt
2023-02-13 21:32:28.381899     raise ArgsAlreadyParsedError("cannot register CLI option")
2023-02-13 21:32:28.381958 oslo_config.cfg.ArgsAlreadyParsedError: arguments already parsed: cannot register CLI option
2023-02-13 21:32:44.564307 mod_wsgi (pid=25): Failed to exec Python script file '/var/lib/kolla/venv/bin/ironic-api-wsgi'.
2023-02-13 21:32:44.564742 mod_wsgi (pid=25): Exception occurred processing WSGI script '/var/lib/kolla/venv/bin/ironic-api-wsgi'.
2023-02-13 21:32:44.565814 Traceback (most recent call last):
2023-02-13 21:32:44.565993   File "/var/lib/kolla/venv/bin/ironic-api-wsgi", line 52, in <module>
2023-02-13 21:32:44.566017     application = initialize_wsgi_app()
2023-02-13 21:32:44.566037   File "/var/lib/kolla/venv/lib/python3.9/site-packages/ironic/api/wsgi.py", line 32, in initialize_wsgi_app
2023-02-13 21:32:44.566050     service.prepare_command(argv)
2023-02-13 21:32:44.566067   File "/var/lib/kolla/venv/lib/python3.9/site-packages/ironic/common/service.py", line 42, in prepare_command
2023-02-13 21:32:44.566115     log.register_options(CONF)
2023-02-13 21:32:44.566135   File "/var/lib/kolla/venv/lib/python3.9/site-packages/oslo_log/log.py", line 259, in register_options
2023-02-13 21:32:44.566148     conf.register_cli_opts(_options.common_cli_opts)
2023-02-13 21:32:44.566165   File "/var/lib/kolla/venv/lib/python3.9/site-packages/oslo_config/cfg.py", line 2077, in __inner
2023-02-13 21:32:44.566176     result = f(self, *args, **kwargs)
2023-02-13 21:32:44.566193   File "/var/lib/kolla/venv/lib/python3.9/site-packages/oslo_config/cfg.py", line 2363, in register_cli_opts
2023-02-13 21:32:44.566205     self.register_cli_opt(opt, group, clear_cache=False)
2023-02-13 21:32:44.566222   File "/var/lib/kolla/venv/lib/python3.9/site-packages/oslo_config/cfg.py", line 2081, in __inner
2023-02-13 21:32:44.566233     return f(self, *args, **kwargs)
2023-02-13 21:32:44.566250   File "/var/lib/kolla/venv/lib/python3.9/site-packages/oslo_config/cfg.py", line 2355, in register_cli_opt
2023-02-13 21:32:44.566262     raise ArgsAlreadyParsedError("cannot register CLI option")
2023-02-13 21:32:44.566315 oslo_config.cfg.ArgsAlreadyParsedError: arguments already parsed: cannot register CLI option
2023-02-13 21:32:44.578986 mod_wsgi (pid=24): Failed to exec Python script file '/var/lib/kolla/venv/bin/ironic-api-wsgi'.
2023-02-13 21:32:44.579224 mod_wsgi (pid=24): Exception occurred processing WSGI script '/var/lib/kolla/venv/bin/ironic-api-wsgi'.
2023-02-13 21:32:44.579932 Traceback (most recent call last):
2023-02-13 21:32:44.580047   File "/var/lib/kolla/venv/bin/ironic-api-wsgi", line 52, in <module>
2023-02-13 21:32:44.580068     application = initialize_wsgi_app()
2023-02-13 21:32:44.580114   File "/var/lib/kolla/venv/lib/python3.9/site-packages/ironic/api/wsgi.py", line 32, in initialize_wsgi_app
2023-02-13 21:32:44.580131     service.prepare_command(argv)
2023-02-13 21:32:44.580148   File "/var/lib/kolla/venv/lib/python3.9/site-packages/ironic/common/service.py", line 42, in prepare_command
2023-02-13 21:32:44.580160     log.register_options(CONF)
2023-02-13 21:32:44.580176   File "/var/lib/kolla/venv/lib/python3.9/site-packages/oslo_log/log.py", line 259, in register_options
2023-02-13 21:32:44.580195     conf.register_cli_opts(_options.common_cli_opts)
2023-02-13 21:32:44.580214   File "/var/lib/kolla/venv/lib/python3.9/site-packages/oslo_config/cfg.py", line 2077, in __inner
2023-02-13 21:32:44.580226     result = f(self, *args, **kwargs)
2023-02-13 21:32:44.580242   File "/var/lib/kolla/venv/lib/python3.9/site-packages/oslo_config/cfg.py", line 2363, in register_cli_opts
2023-02-13 21:32:44.580253     self.register_cli_opt(opt, group, clear_cache=False)
2023-02-13 21:32:44.580269   File "/var/lib/kolla/venv/lib/python3.9/site-packages/oslo_config/cfg.py", line 2081, in __inner
2023-02-13 21:32:44.580280     return f(self, *args, **kwargs)
2023-02-13 21:32:44.580296   File "/var/lib/kolla/venv/lib/python3.9/site-packages/oslo_config/cfg.py", line 2355, in register_cli_opt
2023-02-13 21:32:44.580307     raise ArgsAlreadyParsedError("cannot register CLI option")
2023-02-13 21:32:44.580348 oslo_config.cfg.ArgsAlreadyParsedError: arguments already parsed: cannot register CLI option
