2023-03-15 19:34:06,496 p=5757 u=root n=ansible | [WARNING]: Invalid characters were found in group names but not replaced, use
-vvvv to see details

2023-03-15 19:34:08,235 p=5757 u=root n=ansible | PLAY [Gather facts for all hosts] **********************************************
2023-03-15 19:34:08,521 p=5757 u=root n=ansible | TASK [Gather facts] ************************************************************
2023-03-15 19:34:12,282 p=5757 u=root n=ansible | ok: [localhost]
2023-03-15 19:34:12,399 p=5757 u=root n=ansible | TASK [Group hosts to determine when using --limit] *****************************
2023-03-15 19:34:12,502 p=5757 u=root n=ansible | ok: [localhost]
2023-03-15 19:34:12,805 p=5757 u=root n=ansible | [WARNING]: Could not match supplied host pattern, ignoring:
all_using_limit_True

2023-03-15 19:34:12,818 p=5757 u=root n=ansible | PLAY [Gather facts for all hosts (if using --limit)] ***************************
2023-03-15 19:34:12,819 p=5757 u=root n=ansible | skipping: no hosts matched
2023-03-15 19:34:12,833 p=5757 u=root n=ansible | PLAY [Apply role baremetal] ****************************************************
2023-03-15 19:34:13,072 p=5757 u=root n=ansible | TASK [openstack.kolla.baremetal : Ensure localhost in /etc/hosts] **************
2023-03-15 19:34:13,922 p=5757 u=root n=ansible | changed: [localhost]
2023-03-15 19:34:14,021 p=5757 u=root n=ansible | TASK [openstack.kolla.baremetal : Ensure hostname does not point to 127.0.1.1 in /etc/hosts] ***
2023-03-15 19:34:14,666 p=5757 u=root n=ansible | ok: [localhost]
2023-03-15 19:34:14,756 p=5757 u=root n=ansible | TASK [openstack.kolla.baremetal : Generate /etc/hosts for all of the nodes] ****
2023-03-15 19:34:16,358 p=5757 u=root n=ansible | changed: [localhost]
2023-03-15 19:34:16,454 p=5757 u=root n=ansible | TASK [openstack.kolla.baremetal : Ensure unprivileged users can use ping] ******
2023-03-15 19:34:17,409 p=5757 u=root n=ansible | changed: [localhost]
2023-03-15 19:34:17,533 p=5757 u=root n=ansible | TASK [openstack.kolla.baremetal : Ensure /etc/cloud/cloud.cfg exists] **********
2023-03-15 19:34:18,715 p=5757 u=root n=ansible | ok: [localhost]
2023-03-15 19:34:18,829 p=5757 u=root n=ansible | TASK [openstack.kolla.baremetal : Disable cloud-init manage_etc_hosts] *********
2023-03-15 19:34:20,407 p=5757 u=root n=ansible | changed: [localhost]
2023-03-15 19:34:20,509 p=5757 u=root n=ansible | TASK [openstack.kolla.baremetal : Set firewall default policy] *****************
2023-03-15 19:34:20,562 p=5757 u=root n=ansible | skipping: [localhost]
2023-03-15 19:34:20,675 p=5757 u=root n=ansible | TASK [openstack.kolla.baremetal : Check if firewalld is installed] *************
2023-03-15 19:34:21,536 p=5757 u=root n=ansible | ok: [localhost]
2023-03-15 19:34:21,624 p=5757 u=root n=ansible | TASK [openstack.kolla.baremetal : Disable firewalld] ***************************
2023-03-15 19:34:21,683 p=5757 u=root n=ansible | skipping: [localhost] => (item=firewalld) 
2023-03-15 19:34:21,777 p=5757 u=root n=ansible | TASK [openstack.kolla.docker : Fail if docker_custom_option is defined] ********
2023-03-15 19:34:21,846 p=5757 u=root n=ansible | skipping: [localhost]
2023-03-15 19:34:21,964 p=5757 u=root n=ansible | TASK [openstack.kolla.docker : include_tasks] **********************************
2023-03-15 19:34:22,007 p=5757 u=root n=ansible | skipping: [localhost]
2023-03-15 19:34:22,092 p=5757 u=root n=ansible | TASK [openstack.kolla.docker : Ensure docker config directory exists] **********
2023-03-15 19:34:23,096 p=5757 u=root n=ansible | ok: [localhost]
2023-03-15 19:34:23,181 p=5757 u=root n=ansible | TASK [openstack.kolla.docker : Write docker config] ****************************
2023-03-15 19:34:24,338 p=5757 u=root n=ansible | changed: [localhost]
2023-03-15 19:34:24,426 p=5757 u=root n=ansible | TASK [openstack.kolla.docker : Remove old docker options file] *****************
2023-03-15 19:34:24,900 p=5757 u=root n=ansible | ok: [localhost]
2023-03-15 19:34:24,990 p=5757 u=root n=ansible | TASK [openstack.kolla.docker : Ensure docker service directory exists] *********
2023-03-15 19:34:25,037 p=5757 u=root n=ansible | skipping: [localhost]
2023-03-15 19:34:25,138 p=5757 u=root n=ansible | TASK [openstack.kolla.docker : Configure docker service] ***********************
2023-03-15 19:34:25,187 p=5757 u=root n=ansible | skipping: [localhost]
2023-03-15 19:34:25,274 p=5757 u=root n=ansible | TASK [openstack.kolla.docker : Ensure the path for CA file for private registry exists] ***
2023-03-15 19:34:25,323 p=5757 u=root n=ansible | skipping: [localhost]
2023-03-15 19:34:25,409 p=5757 u=root n=ansible | TASK [openstack.kolla.docker : Ensure the CA file for private registry exists] ***
2023-03-15 19:34:25,464 p=5757 u=root n=ansible | skipping: [localhost]
2023-03-15 19:34:25,553 p=5757 u=root n=ansible | TASK [openstack.kolla.docker : Flush handlers] *********************************
2023-03-15 19:34:25,553 p=5757 u=root n=ansible | RUNNING HANDLER [openstack.kolla.docker : Restart docker] **********************
2023-03-15 19:34:30,507 p=5757 u=root n=ansible | changed: [localhost]
2023-03-15 19:34:30,603 p=5757 u=root n=ansible | TASK [openstack.kolla.docker : Start and enable docker] ************************
2023-03-15 19:34:31,528 p=5757 u=root n=ansible | ok: [localhost]
2023-03-15 19:34:31,611 p=5757 u=root n=ansible | TASK [openstack.kolla.docker : include_tasks] **********************************
2023-03-15 19:34:31,652 p=5757 u=root n=ansible | skipping: [localhost]
2023-03-15 19:34:31,815 p=5757 u=root n=ansible | TASK [openstack.kolla.kolla_user : Ensure groups are present] ******************
2023-03-15 19:34:31,863 p=5757 u=root n=ansible | skipping: [localhost] => (item=docker) 
2023-03-15 19:34:31,867 p=5757 u=root n=ansible | skipping: [localhost] => (item=sudo) 
2023-03-15 19:34:31,875 p=5757 u=root n=ansible | skipping: [localhost] => (item=kolla) 
2023-03-15 19:34:31,974 p=5757 u=root n=ansible | TASK [openstack.kolla.kolla_user : Create kolla user] **************************
2023-03-15 19:34:32,018 p=5757 u=root n=ansible | skipping: [localhost]
2023-03-15 19:34:32,119 p=5757 u=root n=ansible | TASK [openstack.kolla.kolla_user : Add public key to kolla user authorized keys] ***
2023-03-15 19:34:32,160 p=5757 u=root n=ansible | skipping: [localhost]
2023-03-15 19:34:32,246 p=5757 u=root n=ansible | TASK [openstack.kolla.kolla_user : Grant kolla user passwordless sudo] *********
2023-03-15 19:34:32,290 p=5757 u=root n=ansible | skipping: [localhost]
2023-03-15 19:34:32,457 p=5757 u=root n=ansible | TASK [openstack.kolla.docker_sdk : Install latest pip in the virtualenv] *******
2023-03-15 19:34:32,514 p=5757 u=root n=ansible | skipping: [localhost]
2023-03-15 19:34:32,599 p=5757 u=root n=ansible | TASK [openstack.kolla.docker_sdk : Install docker SDK for python] **************
2023-03-15 19:34:58,955 p=5757 u=root n=ansible | ok: [localhost]
2023-03-15 19:34:59,154 p=5757 u=root n=ansible | TASK [openstack.kolla.baremetal : Ensure node_config_directory directory exists] ***
2023-03-15 19:34:59,660 p=5757 u=root n=ansible | ok: [localhost]
2023-03-15 19:34:59,776 p=5757 u=root n=ansible | TASK [openstack.kolla.apparmor_libvirt : include_tasks] ************************
2023-03-15 19:34:59,819 p=5757 u=root n=ansible | skipping: [localhost]
2023-03-15 19:34:59,999 p=5757 u=root n=ansible | TASK [openstack.kolla.baremetal : Change state of selinux] *********************
2023-03-15 19:35:01,556 p=5757 u=root n=ansible | ok: [localhost]
2023-03-15 19:35:01,672 p=5757 u=root n=ansible | TASK [openstack.kolla.baremetal : Set https proxy for git] *********************
2023-03-15 19:35:01,725 p=5757 u=root n=ansible | skipping: [localhost]
2023-03-15 19:35:01,868 p=5757 u=root n=ansible | TASK [openstack.kolla.baremetal : Set http proxy for git] **********************
2023-03-15 19:35:01,911 p=5757 u=root n=ansible | skipping: [localhost]
2023-03-15 19:35:01,998 p=5757 u=root n=ansible | TASK [openstack.kolla.baremetal : include_tasks] *******************************
2023-03-15 19:35:02,044 p=5757 u=root n=ansible | skipping: [localhost]
2023-03-15 19:35:02,340 p=5757 u=root n=ansible | PLAY RECAP *********************************************************************
2023-03-15 19:35:02,343 p=5757 u=root n=ansible | localhost                  : ok=17   changed=6    unreachable=0    failed=0    skipped=18   rescued=0    ignored=0   
