2023-02-10 11:27:44,441 p=5302 u=root n=ansible | [WARNING]: Invalid characters were found in group names but not replaced, use
-vvvv to see details

2023-02-10 11:27:46,609 p=5302 u=root n=ansible | PLAY [Gather facts for all hosts] **********************************************
2023-02-10 11:27:46,944 p=5302 u=root n=ansible | TASK [Gather facts] ************************************************************
2023-02-10 11:27:50,431 p=5302 u=root n=ansible | ok: [localhost]
2023-02-10 11:27:50,561 p=5302 u=root n=ansible | TASK [Group hosts to determine when using --limit] *****************************
2023-02-10 11:27:50,652 p=5302 u=root n=ansible | ok: [localhost]
2023-02-10 11:27:50,915 p=5302 u=root n=ansible | [WARNING]: Could not match supplied host pattern, ignoring:
all_using_limit_True

2023-02-10 11:27:50,927 p=5302 u=root n=ansible | PLAY [Gather facts for all hosts (if using --limit)] ***************************
2023-02-10 11:27:50,928 p=5302 u=root n=ansible | skipping: no hosts matched
2023-02-10 11:27:50,940 p=5302 u=root n=ansible | PLAY [Apply role baremetal] ****************************************************
2023-02-10 11:27:51,228 p=5302 u=root n=ansible | TASK [openstack.kolla.baremetal : Ensure localhost in /etc/hosts] **************
2023-02-10 11:27:52,260 p=5302 u=root n=ansible | changed: [localhost]
2023-02-10 11:27:52,382 p=5302 u=root n=ansible | TASK [openstack.kolla.baremetal : Ensure hostname does not point to 127.0.1.1 in /etc/hosts] ***
2023-02-10 11:27:52,920 p=5302 u=root n=ansible | ok: [localhost]
2023-02-10 11:27:53,049 p=5302 u=root n=ansible | TASK [openstack.kolla.baremetal : Generate /etc/hosts for all of the nodes] ****
2023-02-10 11:27:54,445 p=5302 u=root n=ansible | changed: [localhost]
2023-02-10 11:27:54,576 p=5302 u=root n=ansible | TASK [openstack.kolla.baremetal : Ensure unprivileged users can use ping] ******
2023-02-10 11:27:55,640 p=5302 u=root n=ansible | changed: [localhost]
2023-02-10 11:27:55,782 p=5302 u=root n=ansible | TASK [openstack.kolla.baremetal : Ensure /etc/cloud/cloud.cfg exists] **********
2023-02-10 11:27:56,727 p=5302 u=root n=ansible | ok: [localhost]
2023-02-10 11:27:56,868 p=5302 u=root n=ansible | TASK [openstack.kolla.baremetal : Disable cloud-init manage_etc_hosts] *********
2023-02-10 11:27:58,476 p=5302 u=root n=ansible | changed: [localhost]
2023-02-10 11:27:58,567 p=5302 u=root n=ansible | TASK [openstack.kolla.baremetal : Set firewall default policy] *****************
2023-02-10 11:27:58,623 p=5302 u=root n=ansible | skipping: [localhost]
2023-02-10 11:27:58,734 p=5302 u=root n=ansible | TASK [openstack.kolla.baremetal : Check if firewalld is installed] *************
2023-02-10 11:27:59,629 p=5302 u=root n=ansible | ok: [localhost]
2023-02-10 11:27:59,762 p=5302 u=root n=ansible | TASK [openstack.kolla.baremetal : Disable firewalld] ***************************
2023-02-10 11:27:59,855 p=5302 u=root n=ansible | skipping: [localhost] => (item=firewalld) 
2023-02-10 11:27:59,997 p=5302 u=root n=ansible | TASK [openstack.kolla.docker : Fail if docker_custom_option is defined] ********
2023-02-10 11:28:00,078 p=5302 u=root n=ansible | skipping: [localhost]
2023-02-10 11:28:00,214 p=5302 u=root n=ansible | TASK [openstack.kolla.docker : include_tasks] **********************************
2023-02-10 11:28:00,274 p=5302 u=root n=ansible | skipping: [localhost]
2023-02-10 11:28:00,413 p=5302 u=root n=ansible | TASK [openstack.kolla.docker : Ensure docker config directory exists] **********
2023-02-10 11:28:01,251 p=5302 u=root n=ansible | changed: [localhost]
2023-02-10 11:28:01,382 p=5302 u=root n=ansible | TASK [openstack.kolla.docker : Write docker config] ****************************
2023-02-10 11:28:02,732 p=5302 u=root n=ansible | changed: [localhost]
2023-02-10 11:28:02,830 p=5302 u=root n=ansible | TASK [openstack.kolla.docker : Remove old docker options file] *****************
2023-02-10 11:28:03,399 p=5302 u=root n=ansible | ok: [localhost]
2023-02-10 11:28:03,478 p=5302 u=root n=ansible | TASK [openstack.kolla.docker : Ensure docker service directory exists] *********
2023-02-10 11:28:03,529 p=5302 u=root n=ansible | skipping: [localhost]
2023-02-10 11:28:03,665 p=5302 u=root n=ansible | TASK [openstack.kolla.docker : Configure docker service] ***********************
2023-02-10 11:28:03,733 p=5302 u=root n=ansible | skipping: [localhost]
2023-02-10 11:28:03,871 p=5302 u=root n=ansible | TASK [openstack.kolla.docker : Ensure the path for CA file for private registry exists] ***
2023-02-10 11:28:03,946 p=5302 u=root n=ansible | skipping: [localhost]
2023-02-10 11:28:04,079 p=5302 u=root n=ansible | TASK [openstack.kolla.docker : Ensure the CA file for private registry exists] ***
2023-02-10 11:28:04,146 p=5302 u=root n=ansible | skipping: [localhost]
2023-02-10 11:28:04,278 p=5302 u=root n=ansible | TASK [openstack.kolla.docker : Flush handlers] *********************************
2023-02-10 11:28:04,279 p=5302 u=root n=ansible | RUNNING HANDLER [openstack.kolla.docker : Restart docker] **********************
2023-02-10 11:28:07,632 p=5302 u=root n=ansible | changed: [localhost]
2023-02-10 11:28:07,771 p=5302 u=root n=ansible | TASK [openstack.kolla.docker : Start and enable docker] ************************
2023-02-10 11:28:08,671 p=5302 u=root n=ansible | ok: [localhost]
2023-02-10 11:28:08,803 p=5302 u=root n=ansible | TASK [openstack.kolla.docker : include_tasks] **********************************
2023-02-10 11:28:08,848 p=5302 u=root n=ansible | skipping: [localhost]
2023-02-10 11:28:09,016 p=5302 u=root n=ansible | TASK [openstack.kolla.kolla_user : Ensure groups are present] ******************
2023-02-10 11:28:09,082 p=5302 u=root n=ansible | skipping: [localhost] => (item=docker) 
2023-02-10 11:28:09,090 p=5302 u=root n=ansible | skipping: [localhost] => (item=sudo) 
2023-02-10 11:28:09,099 p=5302 u=root n=ansible | skipping: [localhost] => (item=kolla) 
2023-02-10 11:28:09,236 p=5302 u=root n=ansible | TASK [openstack.kolla.kolla_user : Create kolla user] **************************
2023-02-10 11:28:09,292 p=5302 u=root n=ansible | skipping: [localhost]
2023-02-10 11:28:09,426 p=5302 u=root n=ansible | TASK [openstack.kolla.kolla_user : Add public key to kolla user authorized keys] ***
2023-02-10 11:28:09,469 p=5302 u=root n=ansible | skipping: [localhost]
2023-02-10 11:28:09,548 p=5302 u=root n=ansible | TASK [openstack.kolla.kolla_user : Grant kolla user passwordless sudo] *********
2023-02-10 11:28:09,594 p=5302 u=root n=ansible | skipping: [localhost]
2023-02-10 11:28:09,794 p=5302 u=root n=ansible | TASK [openstack.kolla.docker_sdk : Install latest pip in the virtualenv] *******
2023-02-10 11:28:09,873 p=5302 u=root n=ansible | skipping: [localhost]
2023-02-10 11:28:09,998 p=5302 u=root n=ansible | TASK [openstack.kolla.docker_sdk : Install docker SDK for python] **************
2023-02-10 11:28:17,467 p=5302 u=root n=ansible | ok: [localhost]
2023-02-10 11:28:17,764 p=5302 u=root n=ansible | TASK [openstack.kolla.baremetal : Ensure node_config_directory directory exists] ***
2023-02-10 11:28:18,399 p=5302 u=root n=ansible | ok: [localhost]
2023-02-10 11:28:18,564 p=5302 u=root n=ansible | TASK [openstack.kolla.apparmor_libvirt : include_tasks] ************************
2023-02-10 11:28:18,654 p=5302 u=root n=ansible | skipping: [localhost]
2023-02-10 11:28:18,868 p=5302 u=root n=ansible | TASK [openstack.kolla.baremetal : Change state of selinux] *********************
2023-02-10 11:28:20,493 p=5302 u=root n=ansible | ok: [localhost]
2023-02-10 11:28:20,629 p=5302 u=root n=ansible | TASK [openstack.kolla.baremetal : Set https proxy for git] *********************
2023-02-10 11:28:20,694 p=5302 u=root n=ansible | skipping: [localhost]
2023-02-10 11:28:20,833 p=5302 u=root n=ansible | TASK [openstack.kolla.baremetal : Set http proxy for git] **********************
2023-02-10 11:28:20,898 p=5302 u=root n=ansible | skipping: [localhost]
2023-02-10 11:28:21,055 p=5302 u=root n=ansible | TASK [openstack.kolla.baremetal : include_tasks] *******************************
2023-02-10 11:28:21,102 p=5302 u=root n=ansible | skipping: [localhost]
2023-02-10 11:28:21,368 p=5302 u=root n=ansible | PLAY RECAP *********************************************************************
2023-02-10 11:28:21,369 p=5302 u=root n=ansible | localhost                  : ok=17   changed=7    unreachable=0    failed=0    skipped=18   rescued=0    ignored=0   
