2023-02-21 13:47:46,446 p=5733 u=root n=ansible | [WARNING]: Invalid characters were found in group names but not replaced, use
-vvvv to see details

2023-02-21 13:47:48,223 p=5733 u=root n=ansible | PLAY [Gather facts for all hosts] **********************************************
2023-02-21 13:47:48,511 p=5733 u=root n=ansible | TASK [Gather facts] ************************************************************
2023-02-21 13:47:57,791 p=5733 u=root n=ansible | ok: [localhost]
2023-02-21 13:47:57,897 p=5733 u=root n=ansible | TASK [Group hosts to determine when using --limit] *****************************
2023-02-21 13:47:57,971 p=5733 u=root n=ansible | ok: [localhost]
2023-02-21 13:47:58,162 p=5733 u=root n=ansible | [WARNING]: Could not match supplied host pattern, ignoring:
all_using_limit_True

2023-02-21 13:47:58,172 p=5733 u=root n=ansible | PLAY [Gather facts for all hosts (if using --limit)] ***************************
2023-02-21 13:47:58,172 p=5733 u=root n=ansible | skipping: no hosts matched
2023-02-21 13:47:58,181 p=5733 u=root n=ansible | PLAY [Apply role baremetal] ****************************************************
2023-02-21 13:47:58,404 p=5733 u=root n=ansible | TASK [openstack.kolla.baremetal : Ensure localhost in /etc/hosts] **************
2023-02-21 13:47:59,370 p=5733 u=root n=ansible | changed: [localhost]
2023-02-21 13:47:59,499 p=5733 u=root n=ansible | TASK [openstack.kolla.baremetal : Ensure hostname does not point to 127.0.1.1 in /etc/hosts] ***
2023-02-21 13:48:00,097 p=5733 u=root n=ansible | ok: [localhost]
2023-02-21 13:48:00,184 p=5733 u=root n=ansible | TASK [openstack.kolla.baremetal : Generate /etc/hosts for all of the nodes] ****
2023-02-21 13:48:01,664 p=5733 u=root n=ansible | changed: [localhost]
2023-02-21 13:48:01,759 p=5733 u=root n=ansible | TASK [openstack.kolla.baremetal : Ensure unprivileged users can use ping] ******
2023-02-21 13:48:02,988 p=5733 u=root n=ansible | changed: [localhost]
2023-02-21 13:48:03,091 p=5733 u=root n=ansible | TASK [openstack.kolla.baremetal : Ensure /etc/cloud/cloud.cfg exists] **********
2023-02-21 13:48:04,070 p=5733 u=root n=ansible | ok: [localhost]
2023-02-21 13:48:04,179 p=5733 u=root n=ansible | TASK [openstack.kolla.baremetal : Disable cloud-init manage_etc_hosts] *********
2023-02-21 13:48:05,875 p=5733 u=root n=ansible | changed: [localhost]
2023-02-21 13:48:06,017 p=5733 u=root n=ansible | TASK [openstack.kolla.baremetal : Set firewall default policy] *****************
2023-02-21 13:48:06,096 p=5733 u=root n=ansible | skipping: [localhost]
2023-02-21 13:48:06,241 p=5733 u=root n=ansible | TASK [openstack.kolla.baremetal : Check if firewalld is installed] *************
2023-02-21 13:48:07,164 p=5733 u=root n=ansible | ok: [localhost]
2023-02-21 13:48:07,255 p=5733 u=root n=ansible | TASK [openstack.kolla.baremetal : Disable firewalld] ***************************
2023-02-21 13:48:07,332 p=5733 u=root n=ansible | skipping: [localhost] => (item=firewalld) 
2023-02-21 13:48:07,428 p=5733 u=root n=ansible | TASK [openstack.kolla.docker : Fail if docker_custom_option is defined] ********
2023-02-21 13:48:07,508 p=5733 u=root n=ansible | skipping: [localhost]
2023-02-21 13:48:07,592 p=5733 u=root n=ansible | TASK [openstack.kolla.docker : include_tasks] **********************************
2023-02-21 13:48:07,635 p=5733 u=root n=ansible | skipping: [localhost]
2023-02-21 13:48:07,723 p=5733 u=root n=ansible | TASK [openstack.kolla.docker : Ensure docker config directory exists] **********
2023-02-21 13:48:08,634 p=5733 u=root n=ansible | ok: [localhost]
2023-02-21 13:48:08,717 p=5733 u=root n=ansible | TASK [openstack.kolla.docker : Write docker config] ****************************
2023-02-21 13:48:09,978 p=5733 u=root n=ansible | changed: [localhost]
2023-02-21 13:48:10,060 p=5733 u=root n=ansible | TASK [openstack.kolla.docker : Remove old docker options file] *****************
2023-02-21 13:48:10,585 p=5733 u=root n=ansible | ok: [localhost]
2023-02-21 13:48:10,677 p=5733 u=root n=ansible | TASK [openstack.kolla.docker : Ensure docker service directory exists] *********
2023-02-21 13:48:10,733 p=5733 u=root n=ansible | skipping: [localhost]
2023-02-21 13:48:10,837 p=5733 u=root n=ansible | TASK [openstack.kolla.docker : Configure docker service] ***********************
2023-02-21 13:48:10,898 p=5733 u=root n=ansible | skipping: [localhost]
2023-02-21 13:48:11,005 p=5733 u=root n=ansible | TASK [openstack.kolla.docker : Ensure the path for CA file for private registry exists] ***
2023-02-21 13:48:11,056 p=5733 u=root n=ansible | skipping: [localhost]
2023-02-21 13:48:11,156 p=5733 u=root n=ansible | TASK [openstack.kolla.docker : Ensure the CA file for private registry exists] ***
2023-02-21 13:48:11,209 p=5733 u=root n=ansible | skipping: [localhost]
2023-02-21 13:48:11,296 p=5733 u=root n=ansible | TASK [openstack.kolla.docker : Flush handlers] *********************************
2023-02-21 13:48:11,296 p=5733 u=root n=ansible | RUNNING HANDLER [openstack.kolla.docker : Restart docker] **********************
2023-02-21 13:48:14,965 p=5733 u=root n=ansible | changed: [localhost]
2023-02-21 13:48:15,054 p=5733 u=root n=ansible | TASK [openstack.kolla.docker : Start and enable docker] ************************
2023-02-21 13:48:15,947 p=5733 u=root n=ansible | ok: [localhost]
2023-02-21 13:48:16,055 p=5733 u=root n=ansible | TASK [openstack.kolla.docker : include_tasks] **********************************
2023-02-21 13:48:16,106 p=5733 u=root n=ansible | skipping: [localhost]
2023-02-21 13:48:16,276 p=5733 u=root n=ansible | TASK [openstack.kolla.kolla_user : Ensure groups are present] ******************
2023-02-21 13:48:16,334 p=5733 u=root n=ansible | skipping: [localhost] => (item=docker) 
2023-02-21 13:48:16,347 p=5733 u=root n=ansible | skipping: [localhost] => (item=sudo) 
2023-02-21 13:48:16,349 p=5733 u=root n=ansible | skipping: [localhost] => (item=kolla) 
2023-02-21 13:48:16,439 p=5733 u=root n=ansible | TASK [openstack.kolla.kolla_user : Create kolla user] **************************
2023-02-21 13:48:16,487 p=5733 u=root n=ansible | skipping: [localhost]
2023-02-21 13:48:16,598 p=5733 u=root n=ansible | TASK [openstack.kolla.kolla_user : Add public key to kolla user authorized keys] ***
2023-02-21 13:48:16,644 p=5733 u=root n=ansible | skipping: [localhost]
2023-02-21 13:48:16,735 p=5733 u=root n=ansible | TASK [openstack.kolla.kolla_user : Grant kolla user passwordless sudo] *********
2023-02-21 13:48:16,780 p=5733 u=root n=ansible | skipping: [localhost]
2023-02-21 13:48:16,948 p=5733 u=root n=ansible | TASK [openstack.kolla.docker_sdk : Install latest pip in the virtualenv] *******
2023-02-21 13:48:17,022 p=5733 u=root n=ansible | skipping: [localhost]
2023-02-21 13:48:17,109 p=5733 u=root n=ansible | TASK [openstack.kolla.docker_sdk : Install docker SDK for python] **************
2023-02-21 13:48:23,278 p=5733 u=root n=ansible | ok: [localhost]
2023-02-21 13:48:23,445 p=5733 u=root n=ansible | TASK [openstack.kolla.baremetal : Ensure node_config_directory directory exists] ***
2023-02-21 13:48:23,940 p=5733 u=root n=ansible | ok: [localhost]
2023-02-21 13:48:24,025 p=5733 u=root n=ansible | TASK [openstack.kolla.apparmor_libvirt : include_tasks] ************************
2023-02-21 13:48:24,065 p=5733 u=root n=ansible | skipping: [localhost]
2023-02-21 13:48:24,232 p=5733 u=root n=ansible | TASK [openstack.kolla.baremetal : Change state of selinux] *********************
2023-02-21 13:48:25,778 p=5733 u=root n=ansible | ok: [localhost]
2023-02-21 13:48:25,863 p=5733 u=root n=ansible | TASK [openstack.kolla.baremetal : Set https proxy for git] *********************
2023-02-21 13:48:25,908 p=5733 u=root n=ansible | skipping: [localhost]
2023-02-21 13:48:25,994 p=5733 u=root n=ansible | TASK [openstack.kolla.baremetal : Set http proxy for git] **********************
2023-02-21 13:48:26,035 p=5733 u=root n=ansible | skipping: [localhost]
2023-02-21 13:48:26,121 p=5733 u=root n=ansible | TASK [openstack.kolla.baremetal : include_tasks] *******************************
2023-02-21 13:48:26,163 p=5733 u=root n=ansible | skipping: [localhost]
2023-02-21 13:48:26,408 p=5733 u=root n=ansible | PLAY RECAP *********************************************************************
2023-02-21 13:48:26,409 p=5733 u=root n=ansible | localhost                  : ok=17   changed=6    unreachable=0    failed=0    skipped=18   rescued=0    ignored=0   
