2023-02-16 13:46:10.227332-05:00 [notice] <0.223.0> Logging: configured log handlers are now ACTIVE
2023-02-16 13:46:10.736801-05:00 [info] <0.223.0> ra: starting system quorum_queues
2023-02-16 13:46:10.737271-05:00 [info] <0.223.0> starting Ra system: quorum_queues in directory: /var/lib/rabbitmq/mnesia/rabbit@host-169-16-1-152/quorum/rabbit@host-169-16-1-152
2023-02-16 13:46:10.888279-05:00 [info] <0.299.0> ra system 'quorum_queues' running pre init for 0 registered servers
2023-02-16 13:46:10.909315-05:00 [info] <0.300.0> ra: meta data store initialised for system quorum_queues. 0 record(s) recovered
2023-02-16 13:46:10.941799-05:00 [notice] <0.305.0> WAL: ra_log_wal init, open tbls: ra_log_open_mem_tables, closed tbls: ra_log_closed_mem_tables
2023-02-16 13:46:10.956951-05:00 [info] <0.223.0> ra: starting system coordination
2023-02-16 13:46:10.957130-05:00 [info] <0.223.0> starting Ra system: coordination in directory: /var/lib/rabbitmq/mnesia/rabbit@host-169-16-1-152/coordination/rabbit@host-169-16-1-152
2023-02-16 13:46:10.960943-05:00 [info] <0.312.0> ra system 'coordination' running pre init for 0 registered servers
2023-02-16 13:46:10.962924-05:00 [info] <0.313.0> ra: meta data store initialised for system coordination. 0 record(s) recovered
2023-02-16 13:46:10.963514-05:00 [notice] <0.318.0> WAL: ra_coordination_log_wal init, open tbls: ra_coordination_log_open_mem_tables, closed tbls: ra_coordination_log_closed_mem_tables
2023-02-16 13:46:10.969318-05:00 [info] <0.223.0> 
2023-02-16 13:46:10.969318-05:00 [info] <0.223.0>  Starting RabbitMQ 3.10.12 on Erlang 25.1.1 [jit]
2023-02-16 13:46:10.969318-05:00 [info] <0.223.0>  Copyright (c) 2007-2022 VMware, Inc. or its affiliates.
2023-02-16 13:46:10.969318-05:00 [info] <0.223.0>  Licensed under the MPL 2.0. Website: https://rabbitmq.com
2023-02-16 13:46:10.973371-05:00 [info] <0.223.0> 
2023-02-16 13:46:10.973371-05:00 [info] <0.223.0>  node           : rabbit@host-169-16-1-152
2023-02-16 13:46:10.973371-05:00 [info] <0.223.0>  home dir       : /var/lib/rabbitmq
2023-02-16 13:46:10.973371-05:00 [info] <0.223.0>  config file(s) : /etc/rabbitmq/advanced.config
2023-02-16 13:46:10.973371-05:00 [info] <0.223.0>                 : /etc/rabbitmq/rabbitmq.conf
2023-02-16 13:46:10.973371-05:00 [info] <0.223.0>  cookie hash    : llG6FWwzS3JASYsSD1aAxg==
2023-02-16 13:46:10.973371-05:00 [info] <0.223.0>  log(s)         : /var/log/kolla/rabbitmq/rabbit@host-169-16-1-152.log
2023-02-16 13:46:10.973371-05:00 [info] <0.223.0>                 : /var/log/kolla/rabbitmq/rabbit@host-169-16-1-152_upgrade.log
2023-02-16 13:46:10.973371-05:00 [info] <0.223.0>                 : <stdout>
2023-02-16 13:46:10.973371-05:00 [info] <0.223.0>  database dir   : /var/lib/rabbitmq/mnesia/rabbit@host-169-16-1-152
2023-02-16 13:46:11.436236-05:00 [info] <0.223.0> Feature flags: list of feature flags found:
2023-02-16 13:46:11.436538-05:00 [info] <0.223.0> Feature flags:   [ ] classic_mirrored_queue_version
2023-02-16 13:46:11.436641-05:00 [info] <0.223.0> Feature flags:   [ ] classic_queue_type_delivery_support
2023-02-16 13:46:11.436757-05:00 [info] <0.223.0> Feature flags:   [ ] drop_unroutable_metric
2023-02-16 13:46:11.436996-05:00 [info] <0.223.0> Feature flags:   [ ] empty_basic_get_metric
2023-02-16 13:46:11.437081-05:00 [info] <0.223.0> Feature flags:   [ ] implicit_default_bindings
2023-02-16 13:46:11.437207-05:00 [info] <0.223.0> Feature flags:   [ ] maintenance_mode_status
2023-02-16 13:46:11.437563-05:00 [info] <0.223.0> Feature flags:   [ ] quorum_queue
2023-02-16 13:46:11.437653-05:00 [info] <0.223.0> Feature flags:   [ ] stream_queue
2023-02-16 13:46:11.437757-05:00 [info] <0.223.0> Feature flags:   [ ] user_limits
2023-02-16 13:46:11.437840-05:00 [info] <0.223.0> Feature flags:   [ ] virtual_host_metadata
2023-02-16 13:46:11.438207-05:00 [info] <0.223.0> Feature flags: feature flag states written to disk: yes
2023-02-16 13:46:18.347042-05:00 [info] <0.223.0> Running boot step pre_boot defined by app rabbit
2023-02-16 13:46:18.347648-05:00 [info] <0.223.0> Running boot step rabbit_global_counters defined by app rabbit
2023-02-16 13:46:18.349198-05:00 [info] <0.223.0> Running boot step rabbit_osiris_metrics defined by app rabbit
2023-02-16 13:46:18.349771-05:00 [info] <0.223.0> Running boot step rabbit_core_metrics defined by app rabbit
2023-02-16 13:46:18.351500-05:00 [info] <0.223.0> Running boot step rabbit_alarm defined by app rabbit
2023-02-16 13:46:18.385063-05:00 [info] <0.400.0> Memory high watermark set to 3075 MiB (3224557977 bytes) of 7687 MiB (8061394944 bytes) total
2023-02-16 13:46:18.410160-05:00 [info] <0.403.0> Enabling free disk space monitoring
2023-02-16 13:46:18.410892-05:00 [info] <0.403.0> Disk free limit set to 50MB
2023-02-16 13:46:18.426287-05:00 [info] <0.223.0> Running boot step code_server_cache defined by app rabbit
2023-02-16 13:46:18.427521-05:00 [info] <0.223.0> Running boot step file_handle_cache defined by app rabbit
2023-02-16 13:46:18.429101-05:00 [info] <0.406.0> Limiting to approx 1048479 file handles (943629 sockets)
2023-02-16 13:46:18.429930-05:00 [info] <0.407.0> FHC read buffering: OFF
2023-02-16 13:46:18.430148-05:00 [info] <0.407.0> FHC write buffering: ON
2023-02-16 13:46:18.433011-05:00 [info] <0.223.0> Running boot step worker_pool defined by app rabbit
2023-02-16 13:46:18.433471-05:00 [info] <0.320.0> Will use 2 processes for default worker pool
2023-02-16 13:46:18.433661-05:00 [info] <0.320.0> Starting worker pool 'worker_pool' with 2 processes in it
2023-02-16 13:46:18.435878-05:00 [info] <0.223.0> Running boot step database defined by app rabbit
2023-02-16 13:46:18.437313-05:00 [info] <0.223.0> Node database directory at /var/lib/rabbitmq/mnesia/rabbit@host-169-16-1-152 is empty. Assuming we need to join an existing cluster or initialise from scratch...
2023-02-16 13:46:18.437577-05:00 [info] <0.223.0> Configured peer discovery backend: rabbit_peer_discovery_classic_config
2023-02-16 13:46:18.437794-05:00 [info] <0.223.0> Will try to lock with peer discovery backend rabbit_peer_discovery_classic_config
2023-02-16 13:46:18.438891-05:00 [info] <0.223.0> All discovered existing cluster peers: rabbit@host-169-16-1-152
2023-02-16 13:46:18.439141-05:00 [info] <0.223.0> Discovered no peer nodes to cluster with. Some discovery backends can filter nodes out based on a readiness criteria. Enabling debug logging might help troubleshoot.
2023-02-16 13:46:18.448292-05:00 [notice] <0.44.0> Application mnesia exited with reason: stopped
