2023-02-15 15:37:35.876058-05:00 [notice] <0.225.0> Logging: configured log handlers are now ACTIVE
2023-02-15 15:37:36.408338-05:00 [info] <0.225.0> ra: starting system quorum_queues
2023-02-15 15:37:36.408907-05:00 [info] <0.225.0> starting Ra system: quorum_queues in directory: /var/lib/rabbitmq/mnesia/rabbit@host-169-16-1-171/quorum/rabbit@host-169-16-1-171
2023-02-15 15:37:36.590884-05:00 [info] <0.308.0> ra system 'quorum_queues' running pre init for 0 registered servers
2023-02-15 15:37:36.620748-05:00 [info] <0.309.0> ra: meta data store initialised for system quorum_queues. 0 record(s) recovered
2023-02-15 15:37:36.660963-05:00 [notice] <0.314.0> WAL: ra_log_wal init, open tbls: ra_log_open_mem_tables, closed tbls: ra_log_closed_mem_tables
2023-02-15 15:37:36.680454-05:00 [info] <0.225.0> ra: starting system coordination
2023-02-15 15:37:36.680812-05:00 [info] <0.225.0> starting Ra system: coordination in directory: /var/lib/rabbitmq/mnesia/rabbit@host-169-16-1-171/coordination/rabbit@host-169-16-1-171
2023-02-15 15:37:36.684469-05:00 [info] <0.322.0> ra system 'coordination' running pre init for 0 registered servers
2023-02-15 15:37:36.686458-05:00 [info] <0.323.0> ra: meta data store initialised for system coordination. 0 record(s) recovered
2023-02-15 15:37:36.687096-05:00 [notice] <0.328.0> WAL: ra_coordination_log_wal init, open tbls: ra_coordination_log_open_mem_tables, closed tbls: ra_coordination_log_closed_mem_tables
2023-02-15 15:37:36.696277-05:00 [info] <0.225.0> 
2023-02-15 15:37:36.696277-05:00 [info] <0.225.0>  Starting RabbitMQ 3.10.12 on Erlang 25.1.1 [jit]
2023-02-15 15:37:36.696277-05:00 [info] <0.225.0>  Copyright (c) 2007-2022 VMware, Inc. or its affiliates.
2023-02-15 15:37:36.696277-05:00 [info] <0.225.0>  Licensed under the MPL 2.0. Website: https://rabbitmq.com
2023-02-15 15:37:36.702128-05:00 [info] <0.225.0> 
2023-02-15 15:37:36.702128-05:00 [info] <0.225.0>  node           : rabbit@host-169-16-1-171
2023-02-15 15:37:36.702128-05:00 [info] <0.225.0>  home dir       : /var/lib/rabbitmq
2023-02-15 15:37:36.702128-05:00 [info] <0.225.0>  config file(s) : /etc/rabbitmq/advanced.config
2023-02-15 15:37:36.702128-05:00 [info] <0.225.0>                 : /etc/rabbitmq/rabbitmq.conf
2023-02-15 15:37:36.702128-05:00 [info] <0.225.0>  cookie hash    : llG6FWwzS3JASYsSD1aAxg==
2023-02-15 15:37:36.702128-05:00 [info] <0.225.0>  log(s)         : /var/log/kolla/rabbitmq/rabbit@host-169-16-1-171.log
2023-02-15 15:37:36.702128-05:00 [info] <0.225.0>                 : /var/log/kolla/rabbitmq/rabbit@host-169-16-1-171_upgrade.log
2023-02-15 15:37:36.702128-05:00 [info] <0.225.0>                 : <stdout>
2023-02-15 15:37:36.702128-05:00 [info] <0.225.0>  database dir   : /var/lib/rabbitmq/mnesia/rabbit@host-169-16-1-171
2023-02-15 15:37:37.226421-05:00 [info] <0.225.0> Feature flags: list of feature flags found:
2023-02-15 15:37:37.226731-05:00 [info] <0.225.0> Feature flags:   [ ] classic_mirrored_queue_version
2023-02-15 15:37:37.226837-05:00 [info] <0.225.0> Feature flags:   [ ] classic_queue_type_delivery_support
2023-02-15 15:37:37.226927-05:00 [info] <0.225.0> Feature flags:   [ ] drop_unroutable_metric
2023-02-15 15:37:37.227022-05:00 [info] <0.225.0> Feature flags:   [ ] empty_basic_get_metric
2023-02-15 15:37:37.227126-05:00 [info] <0.225.0> Feature flags:   [ ] implicit_default_bindings
2023-02-15 15:37:37.227291-05:00 [info] <0.225.0> Feature flags:   [ ] maintenance_mode_status
2023-02-15 15:37:37.227412-05:00 [info] <0.225.0> Feature flags:   [ ] quorum_queue
2023-02-15 15:37:37.227626-05:00 [info] <0.225.0> Feature flags:   [ ] stream_queue
2023-02-15 15:37:37.227740-05:00 [info] <0.225.0> Feature flags:   [ ] user_limits
2023-02-15 15:37:37.227825-05:00 [info] <0.225.0> Feature flags:   [ ] virtual_host_metadata
2023-02-15 15:37:37.228075-05:00 [info] <0.225.0> Feature flags: feature flag states written to disk: yes
2023-02-15 15:37:44.142010-05:00 [info] <0.225.0> Running boot step pre_boot defined by app rabbit
2023-02-15 15:37:44.142572-05:00 [info] <0.225.0> Running boot step rabbit_global_counters defined by app rabbit
2023-02-15 15:37:44.144661-05:00 [info] <0.225.0> Running boot step rabbit_osiris_metrics defined by app rabbit
2023-02-15 15:37:44.145303-05:00 [info] <0.225.0> Running boot step rabbit_core_metrics defined by app rabbit
2023-02-15 15:37:44.147143-05:00 [info] <0.225.0> Running boot step rabbit_alarm defined by app rabbit
2023-02-15 15:37:44.180503-05:00 [info] <0.411.0> Memory high watermark set to 3075 MiB (3224559616 bytes) of 7687 MiB (8061399040 bytes) total
2023-02-15 15:37:44.199185-05:00 [info] <0.413.0> Enabling free disk space monitoring
2023-02-15 15:37:44.199474-05:00 [info] <0.413.0> Disk free limit set to 50MB
2023-02-15 15:37:44.208609-05:00 [info] <0.225.0> Running boot step code_server_cache defined by app rabbit
2023-02-15 15:37:44.209482-05:00 [info] <0.225.0> Running boot step file_handle_cache defined by app rabbit
2023-02-15 15:37:44.210602-05:00 [info] <0.416.0> Limiting to approx 1048479 file handles (943629 sockets)
2023-02-15 15:37:44.211102-05:00 [info] <0.417.0> FHC read buffering: OFF
2023-02-15 15:37:44.211244-05:00 [info] <0.417.0> FHC write buffering: ON
2023-02-15 15:37:44.213068-05:00 [info] <0.225.0> Running boot step worker_pool defined by app rabbit
2023-02-15 15:37:44.213311-05:00 [info] <0.330.0> Will use 2 processes for default worker pool
2023-02-15 15:37:44.213461-05:00 [info] <0.330.0> Starting worker pool 'worker_pool' with 2 processes in it
2023-02-15 15:37:44.214853-05:00 [info] <0.225.0> Running boot step database defined by app rabbit
2023-02-15 15:37:44.216236-05:00 [info] <0.225.0> Node database directory at /var/lib/rabbitmq/mnesia/rabbit@host-169-16-1-171 is empty. Assuming we need to join an existing cluster or initialise from scratch...
2023-02-15 15:37:44.216461-05:00 [info] <0.225.0> Configured peer discovery backend: rabbit_peer_discovery_classic_config
2023-02-15 15:37:44.216608-05:00 [info] <0.225.0> Will try to lock with peer discovery backend rabbit_peer_discovery_classic_config
2023-02-15 15:37:44.217637-05:00 [info] <0.225.0> All discovered existing cluster peers: rabbit@host-169-16-1-171
2023-02-15 15:37:44.217797-05:00 [info] <0.225.0> Discovered no peer nodes to cluster with. Some discovery backends can filter nodes out based on a readiness criteria. Enabling debug logging might help troubleshoot.
2023-02-15 15:37:44.228446-05:00 [notice] <0.44.0> Application mnesia exited with reason: stopped
2023-02-15 15:37:44.456532-05:00 [info] <0.225.0> Waiting for Mnesia tables for 30000 ms, 9 retries left
2023-02-15 15:37:44.457272-05:00 [info] <0.225.0> Successfully synced tables from a peer
2023-02-15 15:37:44.498560-05:00 [info] <0.225.0> Waiting for Mnesia tables for 30000 ms, 9 retries left
2023-02-15 15:37:44.499268-05:00 [info] <0.225.0> Successfully synced tables from a peer
2023-02-15 15:37:44.500322-05:00 [info] <0.225.0> Feature flag `classic_mirrored_queue_version`: supported, attempt to enable...
2023-02-15 15:37:44.500879-05:00 [info] <0.225.0> Feature flag `classic_mirrored_queue_version`: mark as enabled=state_changing
2023-02-15 15:37:44.506519-05:00 [info] <0.225.0> Feature flags: list of feature flags found:
2023-02-15 15:37:44.506908-05:00 [info] <0.225.0> Feature flags:   [~] classic_mirrored_queue_version
2023-02-15 15:37:44.507239-05:00 [info] <0.225.0> Feature flags:   [ ] classic_queue_type_delivery_support
2023-02-15 15:37:44.507508-05:00 [info] <0.225.0> Feature flags:   [ ] drop_unroutable_metric
2023-02-15 15:37:44.507789-05:00 [info] <0.225.0> Feature flags:   [ ] empty_basic_get_metric
2023-02-15 15:37:44.508051-05:00 [info] <0.225.0> Feature flags:   [ ] implicit_default_bindings
2023-02-15 15:37:44.508325-05:00 [info] <0.225.0> Feature flags:   [ ] maintenance_mode_status
2023-02-15 15:37:44.509028-05:00 [info] <0.225.0> Feature flags:   [ ] quorum_queue
2023-02-15 15:37:44.509212-05:00 [info] <0.225.0> Feature flags:   [ ] stream_queue
2023-02-15 15:37:44.509357-05:00 [info] <0.225.0> Feature flags:   [ ] user_limits
2023-02-15 15:37:44.510229-05:00 [info] <0.225.0> Feature flags:   [ ] virtual_host_metadata
2023-02-15 15:37:44.510489-05:00 [info] <0.225.0> Feature flags: feature flag states written to disk: yes
2023-02-15 15:37:44.562089-05:00 [info] <0.225.0> Feature flag `classic_mirrored_queue_version`: mark as enabled=true
2023-02-15 15:37:44.569319-05:00 [info] <0.225.0> Feature flags: list of feature flags found:
2023-02-15 15:37:44.569644-05:00 [info] <0.225.0> Feature flags:   [x] classic_mirrored_queue_version
2023-02-15 15:37:44.570048-05:00 [info] <0.225.0> Feature flags:   [ ] classic_queue_type_delivery_support
2023-02-15 15:37:44.570216-05:00 [info] <0.225.0> Feature flags:   [ ] drop_unroutable_metric
2023-02-15 15:37:44.570968-05:00 [info] <0.225.0> Feature flags:   [ ] empty_basic_get_metric
2023-02-15 15:37:44.571128-05:00 [info] <0.225.0> Feature flags:   [ ] implicit_default_bindings
2023-02-15 15:37:44.571415-05:00 [info] <0.225.0> Feature flags:   [ ] maintenance_mode_status
2023-02-15 15:37:44.572099-05:00 [info] <0.225.0> Feature flags:   [ ] quorum_queue
2023-02-15 15:37:44.572256-05:00 [info] <0.225.0> Feature flags:   [ ] stream_queue
2023-02-15 15:37:44.572420-05:00 [info] <0.225.0> Feature flags:   [ ] user_limits
2023-02-15 15:37:44.572560-05:00 [info] <0.225.0> Feature flags:   [ ] virtual_host_metadata
2023-02-15 15:37:44.573328-05:00 [info] <0.225.0> Feature flags: feature flag states written to disk: yes
2023-02-15 15:37:44.624163-05:00 [info] <0.225.0> Feature flag `classic_queue_type_delivery_support`: supported, attempt to enable...
2023-02-15 15:37:44.624682-05:00 [info] <0.225.0> Feature flag `classic_queue_type_delivery_support`: mark as enabled=state_changing
2023-02-15 15:37:44.629224-05:00 [info] <0.225.0> Feature flags: list of feature flags found:
2023-02-15 15:37:44.629566-05:00 [info] <0.225.0> Feature flags:   [x] classic_mirrored_queue_version
2023-02-15 15:37:44.629856-05:00 [info] <0.225.0> Feature flags:   [~] classic_queue_type_delivery_support
2023-02-15 15:37:44.630454-05:00 [info] <0.225.0> Feature flags:   [ ] drop_unroutable_metric
2023-02-15 15:37:44.630624-05:00 [info] <0.225.0> Feature flags:   [ ] empty_basic_get_metric
2023-02-15 15:37:44.630893-05:00 [info] <0.225.0> Feature flags:   [ ] implicit_default_bindings
2023-02-15 15:37:44.631155-05:00 [info] <0.225.0> Feature flags:   [ ] maintenance_mode_status
2023-02-15 15:37:44.631673-05:00 [info] <0.225.0> Feature flags:   [ ] quorum_queue
2023-02-15 15:37:44.631937-05:00 [info] <0.225.0> Feature flags:   [ ] stream_queue
2023-02-15 15:37:44.632108-05:00 [info] <0.225.0> Feature flags:   [ ] user_limits
2023-02-15 15:37:44.632250-05:00 [info] <0.225.0> Feature flags:   [ ] virtual_host_metadata
2023-02-15 15:37:44.632521-05:00 [info] <0.225.0> Feature flags: feature flag states written to disk: yes
2023-02-15 15:37:44.673338-05:00 [info] <0.225.0> Feature flag `stream_queue`: supported, attempt to enable...
2023-02-15 15:37:44.674031-05:00 [info] <0.225.0> Feature flag `stream_queue`: mark as enabled=state_changing
2023-02-15 15:37:44.678050-05:00 [info] <0.225.0> Feature flags: list of feature flags found:
2023-02-15 15:37:44.678479-05:00 [info] <0.225.0> Feature flags:   [x] classic_mirrored_queue_version
2023-02-15 15:37:44.678985-05:00 [info] <0.225.0> Feature flags:   [~] classic_queue_type_delivery_support
2023-02-15 15:37:44.679263-05:00 [info] <0.225.0> Feature flags:   [ ] drop_unroutable_metric
2023-02-15 15:37:44.679475-05:00 [info] <0.225.0> Feature flags:   [ ] empty_basic_get_metric
2023-02-15 15:37:44.679923-05:00 [info] <0.225.0> Feature flags:   [ ] implicit_default_bindings
2023-02-15 15:37:44.680221-05:00 [info] <0.225.0> Feature flags:   [ ] maintenance_mode_status
2023-02-15 15:37:44.680429-05:00 [info] <0.225.0> Feature flags:   [ ] quorum_queue
2023-02-15 15:37:44.680774-05:00 [info] <0.225.0> Feature flags:   [~] stream_queue
2023-02-15 15:37:44.680939-05:00 [info] <0.225.0> Feature flags:   [ ] user_limits
2023-02-15 15:37:44.681205-05:00 [info] <0.225.0> Feature flags:   [ ] virtual_host_metadata
2023-02-15 15:37:44.681518-05:00 [info] <0.225.0> Feature flags: feature flag states written to disk: yes
2023-02-15 15:37:44.713491-05:00 [info] <0.225.0> Feature flag `quorum_queue`: supported, attempt to enable...
2023-02-15 15:37:44.714358-05:00 [info] <0.225.0> Feature flag `quorum_queue`: mark as enabled=state_changing
2023-02-15 15:37:44.718196-05:00 [info] <0.225.0> Feature flags: list of feature flags found:
2023-02-15 15:37:44.718611-05:00 [info] <0.225.0> Feature flags:   [x] classic_mirrored_queue_version
2023-02-15 15:37:44.719130-05:00 [info] <0.225.0> Feature flags:   [~] classic_queue_type_delivery_support
2023-02-15 15:37:44.719558-05:00 [info] <0.225.0> Feature flags:   [ ] drop_unroutable_metric
2023-02-15 15:37:44.719972-05:00 [info] <0.225.0> Feature flags:   [ ] empty_basic_get_metric
2023-02-15 15:37:44.720316-05:00 [info] <0.225.0> Feature flags:   [ ] implicit_default_bindings
2023-02-15 15:37:44.720699-05:00 [info] <0.225.0> Feature flags:   [ ] maintenance_mode_status
2023-02-15 15:37:44.721198-05:00 [info] <0.225.0> Feature flags:   [~] quorum_queue
2023-02-15 15:37:44.721512-05:00 [info] <0.225.0> Feature flags:   [~] stream_queue
2023-02-15 15:37:44.721819-05:00 [info] <0.225.0> Feature flags:   [ ] user_limits
2023-02-15 15:37:44.722109-05:00 [info] <0.225.0> Feature flags:   [ ] virtual_host_metadata
2023-02-15 15:37:44.722489-05:00 [info] <0.225.0> Feature flags: feature flag states written to disk: yes
2023-02-15 15:37:44.758745-05:00 [info] <0.225.0> Waiting for Mnesia tables for 30000 ms, 9 retries left
2023-02-15 15:37:44.759999-05:00 [info] <0.225.0> Successfully synced tables from a peer
2023-02-15 15:37:44.760171-05:00 [info] <0.225.0> Feature flag `quorum_queue`:   migrating Mnesia table rabbit_queue...
2023-02-15 15:37:44.801614-05:00 [info] <0.225.0> Feature flag `quorum_queue`:   migrating Mnesia table rabbit_durable_queue...
2023-02-15 15:37:44.841792-05:00 [info] <0.225.0> Feature flag `quorum_queue`:   Mnesia tables migration done
2023-02-15 15:37:44.842086-05:00 [info] <0.225.0> Feature flag `quorum_queue`: mark as enabled=true
2023-02-15 15:37:44.853615-05:00 [info] <0.225.0> Feature flags: list of feature flags found:
2023-02-15 15:37:44.853946-05:00 [info] <0.225.0> Feature flags:   [x] classic_mirrored_queue_version
2023-02-15 15:37:44.854043-05:00 [info] <0.225.0> Feature flags:   [~] classic_queue_type_delivery_support
2023-02-15 15:37:44.854129-05:00 [info] <0.225.0> Feature flags:   [ ] drop_unroutable_metric
2023-02-15 15:37:44.854252-05:00 [info] <0.225.0> Feature flags:   [ ] empty_basic_get_metric
2023-02-15 15:37:44.854335-05:00 [info] <0.225.0> Feature flags:   [ ] implicit_default_bindings
2023-02-15 15:37:44.854433-05:00 [info] <0.225.0> Feature flags:   [ ] maintenance_mode_status
2023-02-15 15:37:44.854805-05:00 [info] <0.225.0> Feature flags:   [x] quorum_queue
2023-02-15 15:37:44.854895-05:00 [info] <0.225.0> Feature flags:   [~] stream_queue
2023-02-15 15:37:44.854988-05:00 [info] <0.225.0> Feature flags:   [ ] user_limits
2023-02-15 15:37:44.855110-05:00 [info] <0.225.0> Feature flags:   [ ] virtual_host_metadata
2023-02-15 15:37:44.855542-05:00 [info] <0.225.0> Feature flags: feature flag states written to disk: yes
2023-02-15 15:37:44.880501-05:00 [info] <0.225.0> Feature flag `stream_queue`: mark as enabled=true
2023-02-15 15:37:44.886884-05:00 [info] <0.225.0> Feature flags: list of feature flags found:
2023-02-15 15:37:44.887084-05:00 [info] <0.225.0> Feature flags:   [x] classic_mirrored_queue_version
2023-02-15 15:37:44.887214-05:00 [info] <0.225.0> Feature flags:   [~] classic_queue_type_delivery_support
2023-02-15 15:37:44.887315-05:00 [info] <0.225.0> Feature flags:   [ ] drop_unroutable_metric
2023-02-15 15:37:44.887493-05:00 [info] <0.225.0> Feature flags:   [ ] empty_basic_get_metric
2023-02-15 15:37:44.887586-05:00 [info] <0.225.0> Feature flags:   [ ] implicit_default_bindings
2023-02-15 15:37:44.887696-05:00 [info] <0.225.0> Feature flags:   [ ] maintenance_mode_status
2023-02-15 15:37:44.888021-05:00 [info] <0.225.0> Feature flags:   [x] quorum_queue
2023-02-15 15:37:44.888179-05:00 [info] <0.225.0> Feature flags:   [x] stream_queue
2023-02-15 15:37:44.888260-05:00 [info] <0.225.0> Feature flags:   [ ] user_limits
2023-02-15 15:37:44.888337-05:00 [info] <0.225.0> Feature flags:   [ ] virtual_host_metadata
2023-02-15 15:37:44.888604-05:00 [info] <0.225.0> Feature flags: feature flag states written to disk: yes
2023-02-15 15:37:44.918136-05:00 [info] <0.225.0> Feature flag `classic_queue_type_delivery_support`: mark as enabled=true
2023-02-15 15:37:44.924028-05:00 [info] <0.225.0> Feature flags: list of feature flags found:
2023-02-15 15:37:44.924202-05:00 [info] <0.225.0> Feature flags:   [x] classic_mirrored_queue_version
2023-02-15 15:37:44.924292-05:00 [info] <0.225.0> Feature flags:   [x] classic_queue_type_delivery_support
2023-02-15 15:37:44.924374-05:00 [info] <0.225.0> Feature flags:   [ ] drop_unroutable_metric
2023-02-15 15:37:44.924537-05:00 [info] <0.225.0> Feature flags:   [ ] empty_basic_get_metric
2023-02-15 15:37:44.924620-05:00 [info] <0.225.0> Feature flags:   [ ] implicit_default_bindings
2023-02-15 15:37:44.924697-05:00 [info] <0.225.0> Feature flags:   [ ] maintenance_mode_status
2023-02-15 15:37:44.925084-05:00 [info] <0.225.0> Feature flags:   [x] quorum_queue
2023-02-15 15:37:44.925168-05:00 [info] <0.225.0> Feature flags:   [x] stream_queue
2023-02-15 15:37:44.925245-05:00 [info] <0.225.0> Feature flags:   [ ] user_limits
2023-02-15 15:37:44.925319-05:00 [info] <0.225.0> Feature flags:   [ ] virtual_host_metadata
2023-02-15 15:37:44.925634-05:00 [info] <0.225.0> Feature flags: feature flag states written to disk: yes
2023-02-15 15:37:44.947698-05:00 [info] <0.225.0> Feature flag `drop_unroutable_metric`: supported, attempt to enable...
2023-02-15 15:37:44.948175-05:00 [info] <0.225.0> Feature flag `drop_unroutable_metric`: mark as enabled=state_changing
2023-02-15 15:37:44.950561-05:00 [info] <0.225.0> Feature flags: list of feature flags found:
2023-02-15 15:37:44.950681-05:00 [info] <0.225.0> Feature flags:   [x] classic_mirrored_queue_version
2023-02-15 15:37:44.950804-05:00 [info] <0.225.0> Feature flags:   [x] classic_queue_type_delivery_support
2023-02-15 15:37:44.951005-05:00 [info] <0.225.0> Feature flags:   [~] drop_unroutable_metric
2023-02-15 15:37:44.951096-05:00 [info] <0.225.0> Feature flags:   [ ] empty_basic_get_metric
2023-02-15 15:37:44.951307-05:00 [info] <0.225.0> Feature flags:   [ ] implicit_default_bindings
2023-02-15 15:37:44.951498-05:00 [info] <0.225.0> Feature flags:   [ ] maintenance_mode_status
2023-02-15 15:37:44.951585-05:00 [info] <0.225.0> Feature flags:   [x] quorum_queue
2023-02-15 15:37:44.951663-05:00 [info] <0.225.0> Feature flags:   [x] stream_queue
2023-02-15 15:37:44.951770-05:00 [info] <0.225.0> Feature flags:   [ ] user_limits
2023-02-15 15:37:44.952080-05:00 [info] <0.225.0> Feature flags:   [ ] virtual_host_metadata
2023-02-15 15:37:44.952180-05:00 [info] <0.225.0> Feature flags: feature flag states written to disk: yes
2023-02-15 15:37:44.973188-05:00 [info] <0.225.0> Feature flag `drop_unroutable_metric`: mark as enabled=true
2023-02-15 15:37:44.979442-05:00 [info] <0.225.0> Feature flags: list of feature flags found:
2023-02-15 15:37:44.979554-05:00 [info] <0.225.0> Feature flags:   [x] classic_mirrored_queue_version
2023-02-15 15:37:44.979648-05:00 [info] <0.225.0> Feature flags:   [x] classic_queue_type_delivery_support
2023-02-15 15:37:44.979864-05:00 [info] <0.225.0> Feature flags:   [x] drop_unroutable_metric
2023-02-15 15:37:44.980105-05:00 [info] <0.225.0> Feature flags:   [ ] empty_basic_get_metric
2023-02-15 15:37:44.980226-05:00 [info] <0.225.0> Feature flags:   [ ] implicit_default_bindings
2023-02-15 15:37:44.980375-05:00 [info] <0.225.0> Feature flags:   [ ] maintenance_mode_status
2023-02-15 15:37:44.980827-05:00 [info] <0.225.0> Feature flags:   [x] quorum_queue
2023-02-15 15:37:44.980932-05:00 [info] <0.225.0> Feature flags:   [x] stream_queue
2023-02-15 15:37:44.981040-05:00 [info] <0.225.0> Feature flags:   [ ] user_limits
2023-02-15 15:37:44.981157-05:00 [info] <0.225.0> Feature flags:   [ ] virtual_host_metadata
2023-02-15 15:37:44.981900-05:00 [info] <0.225.0> Feature flags: feature flag states written to disk: yes
2023-02-15 15:37:45.006289-05:00 [info] <0.225.0> Feature flag `empty_basic_get_metric`: supported, attempt to enable...
2023-02-15 15:37:45.006755-05:00 [info] <0.225.0> Feature flag `empty_basic_get_metric`: mark as enabled=state_changing
2023-02-15 15:37:45.009345-05:00 [info] <0.225.0> Feature flags: list of feature flags found:
2023-02-15 15:37:45.009544-05:00 [info] <0.225.0> Feature flags:   [x] classic_mirrored_queue_version
2023-02-15 15:37:45.009640-05:00 [info] <0.225.0> Feature flags:   [x] classic_queue_type_delivery_support
2023-02-15 15:37:45.009768-05:00 [info] <0.225.0> Feature flags:   [x] drop_unroutable_metric
2023-02-15 15:37:45.009855-05:00 [info] <0.225.0> Feature flags:   [~] empty_basic_get_metric
2023-02-15 15:37:45.009936-05:00 [info] <0.225.0> Feature flags:   [ ] implicit_default_bindings
2023-02-15 15:37:45.010045-05:00 [info] <0.225.0> Feature flags:   [ ] maintenance_mode_status
2023-02-15 15:37:45.010128-05:00 [info] <0.225.0> Feature flags:   [x] quorum_queue
2023-02-15 15:37:45.010316-05:00 [info] <0.225.0> Feature flags:   [x] stream_queue
2023-02-15 15:37:45.010463-05:00 [info] <0.225.0> Feature flags:   [ ] user_limits
2023-02-15 15:37:45.010556-05:00 [info] <0.225.0> Feature flags:   [ ] virtual_host_metadata
2023-02-15 15:37:45.010657-05:00 [info] <0.225.0> Feature flags: feature flag states written to disk: yes
2023-02-15 15:37:45.037307-05:00 [info] <0.225.0> Feature flag `empty_basic_get_metric`: mark as enabled=true
2023-02-15 15:37:45.044133-05:00 [info] <0.225.0> Feature flags: list of feature flags found:
2023-02-15 15:37:45.044344-05:00 [info] <0.225.0> Feature flags:   [x] classic_mirrored_queue_version
2023-02-15 15:37:45.044506-05:00 [info] <0.225.0> Feature flags:   [x] classic_queue_type_delivery_support
2023-02-15 15:37:45.044592-05:00 [info] <0.225.0> Feature flags:   [x] drop_unroutable_metric
2023-02-15 15:37:45.044870-05:00 [info] <0.225.0> Feature flags:   [x] empty_basic_get_metric
2023-02-15 15:37:45.044980-05:00 [info] <0.225.0> Feature flags:   [ ] implicit_default_bindings
2023-02-15 15:37:45.045079-05:00 [info] <0.225.0> Feature flags:   [ ] maintenance_mode_status
2023-02-15 15:37:45.045339-05:00 [info] <0.225.0> Feature flags:   [x] quorum_queue
2023-02-15 15:37:45.045476-05:00 [info] <0.225.0> Feature flags:   [x] stream_queue
2023-02-15 15:37:45.045554-05:00 [info] <0.225.0> Feature flags:   [ ] user_limits
2023-02-15 15:37:45.045629-05:00 [info] <0.225.0> Feature flags:   [ ] virtual_host_metadata
2023-02-15 15:37:45.045915-05:00 [info] <0.225.0> Feature flags: feature flag states written to disk: yes
2023-02-15 15:37:45.073345-05:00 [info] <0.225.0> Feature flag `implicit_default_bindings`: supported, attempt to enable...
2023-02-15 15:37:45.073933-05:00 [info] <0.225.0> Feature flag `implicit_default_bindings`: mark as enabled=state_changing
2023-02-15 15:37:45.076776-05:00 [info] <0.225.0> Feature flags: list of feature flags found:
2023-02-15 15:37:45.076964-05:00 [info] <0.225.0> Feature flags:   [x] classic_mirrored_queue_version
2023-02-15 15:37:45.077281-05:00 [info] <0.225.0> Feature flags:   [x] classic_queue_type_delivery_support
2023-02-15 15:37:45.077464-05:00 [info] <0.225.0> Feature flags:   [x] drop_unroutable_metric
2023-02-15 15:37:45.077596-05:00 [info] <0.225.0> Feature flags:   [x] empty_basic_get_metric
2023-02-15 15:37:45.077913-05:00 [info] <0.225.0> Feature flags:   [~] implicit_default_bindings
2023-02-15 15:37:45.078046-05:00 [info] <0.225.0> Feature flags:   [ ] maintenance_mode_status
2023-02-15 15:37:45.078157-05:00 [info] <0.225.0> Feature flags:   [x] quorum_queue
2023-02-15 15:37:45.078258-05:00 [info] <0.225.0> Feature flags:   [x] stream_queue
2023-02-15 15:37:45.078377-05:00 [info] <0.225.0> Feature flags:   [ ] user_limits
2023-02-15 15:37:45.078678-05:00 [info] <0.225.0> Feature flags:   [ ] virtual_host_metadata
2023-02-15 15:37:45.078823-05:00 [info] <0.225.0> Feature flags: feature flag states written to disk: yes
2023-02-15 15:37:45.112531-05:00 [info] <0.225.0> Waiting for Mnesia tables for 30000 ms, 0 retries left
2023-02-15 15:37:45.113600-05:00 [info] <0.225.0> Successfully synced tables from a peer
2023-02-15 15:37:45.113870-05:00 [info] <0.225.0> Feature flag `implicit_default_bindings`: mark as enabled=true
2023-02-15 15:37:45.120842-05:00 [info] <0.225.0> Feature flags: list of feature flags found:
2023-02-15 15:37:45.121079-05:00 [info] <0.225.0> Feature flags:   [x] classic_mirrored_queue_version
2023-02-15 15:37:45.121173-05:00 [info] <0.225.0> Feature flags:   [x] classic_queue_type_delivery_support
2023-02-15 15:37:45.121258-05:00 [info] <0.225.0> Feature flags:   [x] drop_unroutable_metric
2023-02-15 15:37:45.121535-05:00 [info] <0.225.0> Feature flags:   [x] empty_basic_get_metric
2023-02-15 15:37:45.121626-05:00 [info] <0.225.0> Feature flags:   [x] implicit_default_bindings
2023-02-15 15:37:45.121831-05:00 [info] <0.225.0> Feature flags:   [ ] maintenance_mode_status
2023-02-15 15:37:45.122424-05:00 [info] <0.225.0> Feature flags:   [x] quorum_queue
2023-02-15 15:37:45.122514-05:00 [info] <0.225.0> Feature flags:   [x] stream_queue
2023-02-15 15:37:45.122592-05:00 [info] <0.225.0> Feature flags:   [ ] user_limits
2023-02-15 15:37:45.122669-05:00 [info] <0.225.0> Feature flags:   [ ] virtual_host_metadata
2023-02-15 15:37:45.123141-05:00 [info] <0.225.0> Feature flags: feature flag states written to disk: yes
2023-02-15 15:37:45.153821-05:00 [info] <0.225.0> Feature flag `maintenance_mode_status`: supported, attempt to enable...
2023-02-15 15:37:45.154281-05:00 [info] <0.225.0> Feature flag `maintenance_mode_status`: mark as enabled=state_changing
2023-02-15 15:37:45.157567-05:00 [info] <0.225.0> Feature flags: list of feature flags found:
2023-02-15 15:37:45.157805-05:00 [info] <0.225.0> Feature flags:   [x] classic_mirrored_queue_version
2023-02-15 15:37:45.157960-05:00 [info] <0.225.0> Feature flags:   [x] classic_queue_type_delivery_support
2023-02-15 15:37:45.158142-05:00 [info] <0.225.0> Feature flags:   [x] drop_unroutable_metric
2023-02-15 15:37:45.158665-05:00 [info] <0.225.0> Feature flags:   [x] empty_basic_get_metric
2023-02-15 15:37:45.159068-05:00 [info] <0.225.0> Feature flags:   [x] implicit_default_bindings
2023-02-15 15:37:45.159252-05:00 [info] <0.225.0> Feature flags:   [~] maintenance_mode_status
2023-02-15 15:37:45.159436-05:00 [info] <0.225.0> Feature flags:   [x] quorum_queue
2023-02-15 15:37:45.159536-05:00 [info] <0.225.0> Feature flags:   [x] stream_queue
2023-02-15 15:37:45.159693-05:00 [info] <0.225.0> Feature flags:   [ ] user_limits
2023-02-15 15:37:45.160027-05:00 [info] <0.225.0> Feature flags:   [ ] virtual_host_metadata
2023-02-15 15:37:45.160277-05:00 [info] <0.225.0> Feature flags: feature flag states written to disk: yes
2023-02-15 15:37:45.188855-05:00 [info] <0.225.0> Creating table rabbit_node_maintenance_states for feature flag `maintenance_mode_status`
2023-02-15 15:37:45.199357-05:00 [info] <0.225.0> Feature flag `maintenance_mode_status`: mark as enabled=true
2023-02-15 15:37:45.205531-05:00 [info] <0.225.0> Feature flags: list of feature flags found:
2023-02-15 15:37:45.205745-05:00 [info] <0.225.0> Feature flags:   [x] classic_mirrored_queue_version
2023-02-15 15:37:45.205850-05:00 [info] <0.225.0> Feature flags:   [x] classic_queue_type_delivery_support
2023-02-15 15:37:45.205943-05:00 [info] <0.225.0> Feature flags:   [x] drop_unroutable_metric
2023-02-15 15:37:45.206177-05:00 [info] <0.225.0> Feature flags:   [x] empty_basic_get_metric
2023-02-15 15:37:45.206340-05:00 [info] <0.225.0> Feature flags:   [x] implicit_default_bindings
2023-02-15 15:37:45.206516-05:00 [info] <0.225.0> Feature flags:   [x] maintenance_mode_status
2023-02-15 15:37:45.206930-05:00 [info] <0.225.0> Feature flags:   [x] quorum_queue
2023-02-15 15:37:45.207028-05:00 [info] <0.225.0> Feature flags:   [x] stream_queue
2023-02-15 15:37:45.207106-05:00 [info] <0.225.0> Feature flags:   [ ] user_limits
2023-02-15 15:37:45.207182-05:00 [info] <0.225.0> Feature flags:   [ ] virtual_host_metadata
2023-02-15 15:37:45.207748-05:00 [info] <0.225.0> Feature flags: feature flag states written to disk: yes
2023-02-15 15:37:45.236445-05:00 [info] <0.225.0> Feature flag `user_limits`: supported, attempt to enable...
2023-02-15 15:37:45.236915-05:00 [info] <0.225.0> Feature flag `user_limits`: mark as enabled=state_changing
2023-02-15 15:37:45.239595-05:00 [info] <0.225.0> Feature flags: list of feature flags found:
2023-02-15 15:37:45.239817-05:00 [info] <0.225.0> Feature flags:   [x] classic_mirrored_queue_version
2023-02-15 15:37:45.240058-05:00 [info] <0.225.0> Feature flags:   [x] classic_queue_type_delivery_support
2023-02-15 15:37:45.240185-05:00 [info] <0.225.0> Feature flags:   [x] drop_unroutable_metric
2023-02-15 15:37:45.240319-05:00 [info] <0.225.0> Feature flags:   [x] empty_basic_get_metric
2023-02-15 15:37:45.240554-05:00 [info] <0.225.0> Feature flags:   [x] implicit_default_bindings
2023-02-15 15:37:45.240827-05:00 [info] <0.225.0> Feature flags:   [x] maintenance_mode_status
2023-02-15 15:37:45.241025-05:00 [info] <0.225.0> Feature flags:   [x] quorum_queue
2023-02-15 15:37:45.241216-05:00 [info] <0.225.0> Feature flags:   [x] stream_queue
2023-02-15 15:37:45.241428-05:00 [info] <0.225.0> Feature flags:   [~] user_limits
2023-02-15 15:37:45.241644-05:00 [info] <0.225.0> Feature flags:   [ ] virtual_host_metadata
2023-02-15 15:37:45.242055-05:00 [info] <0.225.0> Feature flags: feature flag states written to disk: yes
2023-02-15 15:37:45.269939-05:00 [info] <0.225.0> Waiting for Mnesia tables for 30000 ms, 9 retries left
2023-02-15 15:37:45.270438-05:00 [info] <0.225.0> Successfully synced tables from a peer
2023-02-15 15:37:45.303793-05:00 [info] <0.225.0> Feature flag `user_limits`: mark as enabled=true
2023-02-15 15:37:45.310419-05:00 [info] <0.225.0> Feature flags: list of feature flags found:
2023-02-15 15:37:45.310895-05:00 [info] <0.225.0> Feature flags:   [x] classic_mirrored_queue_version
2023-02-15 15:37:45.311129-05:00 [info] <0.225.0> Feature flags:   [x] classic_queue_type_delivery_support
2023-02-15 15:37:45.311268-05:00 [info] <0.225.0> Feature flags:   [x] drop_unroutable_metric
2023-02-15 15:37:45.311444-05:00 [info] <0.225.0> Feature flags:   [x] empty_basic_get_metric
2023-02-15 15:37:45.311621-05:00 [info] <0.225.0> Feature flags:   [x] implicit_default_bindings
2023-02-15 15:37:45.311829-05:00 [info] <0.225.0> Feature flags:   [x] maintenance_mode_status
2023-02-15 15:37:45.312272-05:00 [info] <0.225.0> Feature flags:   [x] quorum_queue
2023-02-15 15:37:45.312497-05:00 [info] <0.225.0> Feature flags:   [x] stream_queue
2023-02-15 15:37:45.312624-05:00 [info] <0.225.0> Feature flags:   [x] user_limits
2023-02-15 15:37:45.312852-05:00 [info] <0.225.0> Feature flags:   [ ] virtual_host_metadata
2023-02-15 15:37:45.313028-05:00 [info] <0.225.0> Feature flags: feature flag states written to disk: yes
2023-02-15 15:37:45.345018-05:00 [info] <0.225.0> Feature flag `virtual_host_metadata`: supported, attempt to enable...
2023-02-15 15:37:45.346325-05:00 [info] <0.225.0> Feature flag `virtual_host_metadata`: mark as enabled=state_changing
2023-02-15 15:37:45.349562-05:00 [info] <0.225.0> Feature flags: list of feature flags found:
2023-02-15 15:37:45.349821-05:00 [info] <0.225.0> Feature flags:   [x] classic_mirrored_queue_version
2023-02-15 15:37:45.350183-05:00 [info] <0.225.0> Feature flags:   [x] classic_queue_type_delivery_support
2023-02-15 15:37:45.350904-05:00 [info] <0.225.0> Feature flags:   [x] drop_unroutable_metric
2023-02-15 15:37:45.351101-05:00 [info] <0.225.0> Feature flags:   [x] empty_basic_get_metric
2023-02-15 15:37:45.351506-05:00 [info] <0.225.0> Feature flags:   [x] implicit_default_bindings
2023-02-15 15:37:45.351641-05:00 [info] <0.225.0> Feature flags:   [x] maintenance_mode_status
2023-02-15 15:37:45.351792-05:00 [info] <0.225.0> Feature flags:   [x] quorum_queue
2023-02-15 15:37:45.351939-05:00 [info] <0.225.0> Feature flags:   [x] stream_queue
2023-02-15 15:37:45.352052-05:00 [info] <0.225.0> Feature flags:   [x] user_limits
2023-02-15 15:37:45.352223-05:00 [info] <0.225.0> Feature flags:   [~] virtual_host_metadata
2023-02-15 15:37:45.352750-05:00 [info] <0.225.0> Feature flags: feature flag states written to disk: yes
2023-02-15 15:37:45.384795-05:00 [info] <0.225.0> Waiting for Mnesia tables for 30000 ms, 9 retries left
2023-02-15 15:37:45.385805-05:00 [info] <0.225.0> Successfully synced tables from a peer
2023-02-15 15:37:45.418318-05:00 [info] <0.225.0> Feature flag `virtual_host_metadata`: mark as enabled=true
2023-02-15 15:37:45.424256-05:00 [info] <0.225.0> Feature flags: list of feature flags found:
2023-02-15 15:37:45.424474-05:00 [info] <0.225.0> Feature flags:   [x] classic_mirrored_queue_version
2023-02-15 15:37:45.424596-05:00 [info] <0.225.0> Feature flags:   [x] classic_queue_type_delivery_support
2023-02-15 15:37:45.424755-05:00 [info] <0.225.0> Feature flags:   [x] drop_unroutable_metric
2023-02-15 15:37:45.424939-05:00 [info] <0.225.0> Feature flags:   [x] empty_basic_get_metric
2023-02-15 15:37:45.425077-05:00 [info] <0.225.0> Feature flags:   [x] implicit_default_bindings
2023-02-15 15:37:45.425199-05:00 [info] <0.225.0> Feature flags:   [x] maintenance_mode_status
2023-02-15 15:37:45.425682-05:00 [info] <0.225.0> Feature flags:   [x] quorum_queue
2023-02-15 15:37:45.425833-05:00 [info] <0.225.0> Feature flags:   [x] stream_queue
2023-02-15 15:37:45.425928-05:00 [info] <0.225.0> Feature flags:   [x] user_limits
2023-02-15 15:37:45.426029-05:00 [info] <0.225.0> Feature flags:   [x] virtual_host_metadata
2023-02-15 15:37:45.426475-05:00 [info] <0.225.0> Feature flags: feature flag states written to disk: yes
2023-02-15 15:37:45.453885-05:00 [info] <0.225.0> Waiting for Mnesia tables for 30000 ms, 9 retries left
2023-02-15 15:37:45.454641-05:00 [info] <0.225.0> Successfully synced tables from a peer
2023-02-15 15:37:45.484008-05:00 [info] <0.225.0> Waiting for Mnesia tables for 30000 ms, 9 retries left
2023-02-15 15:37:45.485244-05:00 [info] <0.225.0> Successfully synced tables from a peer
2023-02-15 15:37:45.485474-05:00 [info] <0.225.0> Peer discovery backend rabbit_peer_discovery_classic_config does not support registration, skipping registration.
2023-02-15 15:37:45.485803-05:00 [info] <0.225.0> Will try to unlock with peer discovery backend rabbit_peer_discovery_classic_config
2023-02-15 15:37:45.487313-05:00 [info] <0.225.0> Running boot step database_sync defined by app rabbit
2023-02-15 15:37:45.488263-05:00 [info] <0.225.0> Running boot step feature_flags defined by app rabbit
2023-02-15 15:37:45.489184-05:00 [info] <0.225.0> Running boot step codec_correctness_check defined by app rabbit
2023-02-15 15:37:45.489439-05:00 [info] <0.225.0> Running boot step external_infrastructure defined by app rabbit
2023-02-15 15:37:45.489604-05:00 [info] <0.225.0> Running boot step rabbit_event defined by app rabbit
2023-02-15 15:37:45.491076-05:00 [info] <0.225.0> Running boot step rabbit_registry defined by app rabbit
2023-02-15 15:37:45.491815-05:00 [info] <0.225.0> Running boot step rabbit_auth_mechanism_amqplain defined by app rabbit
2023-02-15 15:37:45.492183-05:00 [info] <0.225.0> Running boot step rabbit_auth_mechanism_cr_demo defined by app rabbit
2023-02-15 15:37:45.492758-05:00 [info] <0.225.0> Running boot step rabbit_auth_mechanism_plain defined by app rabbit
2023-02-15 15:37:45.493367-05:00 [info] <0.225.0> Running boot step rabbit_exchange_type_direct defined by app rabbit
2023-02-15 15:37:45.493846-05:00 [info] <0.225.0> Running boot step rabbit_exchange_type_fanout defined by app rabbit
2023-02-15 15:37:45.494297-05:00 [info] <0.225.0> Running boot step rabbit_exchange_type_headers defined by app rabbit
2023-02-15 15:37:45.494698-05:00 [info] <0.225.0> Running boot step rabbit_exchange_type_topic defined by app rabbit
2023-02-15 15:37:45.495098-05:00 [info] <0.225.0> Running boot step rabbit_mirror_queue_mode_all defined by app rabbit
2023-02-15 15:37:45.495422-05:00 [info] <0.225.0> Running boot step rabbit_mirror_queue_mode_exactly defined by app rabbit
2023-02-15 15:37:45.495679-05:00 [info] <0.225.0> Running boot step rabbit_mirror_queue_mode_nodes defined by app rabbit
2023-02-15 15:37:45.496140-05:00 [info] <0.225.0> Running boot step rabbit_priority_queue defined by app rabbit
2023-02-15 15:37:45.496517-05:00 [info] <0.225.0> Priority queues enabled, real BQ is rabbit_variable_queue
2023-02-15 15:37:45.497229-05:00 [info] <0.225.0> Running boot step rabbit_queue_location_client_local defined by app rabbit
2023-02-15 15:37:45.497587-05:00 [info] <0.225.0> Running boot step rabbit_queue_location_min_masters defined by app rabbit
2023-02-15 15:37:45.498132-05:00 [info] <0.225.0> Running boot step rabbit_queue_location_random defined by app rabbit
2023-02-15 15:37:45.498775-05:00 [info] <0.225.0> Running boot step kernel_ready defined by app rabbit
2023-02-15 15:37:45.499152-05:00 [info] <0.225.0> Running boot step rabbit_sysmon_minder defined by app rabbit
2023-02-15 15:37:45.500027-05:00 [info] <0.225.0> Running boot step rabbit_epmd_monitor defined by app rabbit
2023-02-15 15:37:45.504996-05:00 [info] <0.698.0> epmd monitor knows us, inter-node communication (distribution) port: 25672
2023-02-15 15:37:45.505651-05:00 [info] <0.225.0> Running boot step guid_generator defined by app rabbit
2023-02-15 15:37:45.512271-05:00 [info] <0.225.0> Running boot step rabbit_node_monitor defined by app rabbit
2023-02-15 15:37:45.513202-05:00 [info] <0.702.0> Starting rabbit_node_monitor
2023-02-15 15:37:45.514132-05:00 [info] <0.225.0> Running boot step delegate_sup defined by app rabbit
2023-02-15 15:37:45.517408-05:00 [info] <0.225.0> Running boot step rabbit_memory_monitor defined by app rabbit
2023-02-15 15:37:45.518601-05:00 [info] <0.225.0> Running boot step rabbit_fifo_dlx_sup defined by app rabbit
2023-02-15 15:37:45.519252-05:00 [info] <0.225.0> Running boot step core_initialized defined by app rabbit
2023-02-15 15:37:45.519539-05:00 [info] <0.225.0> Running boot step upgrade_queues defined by app rabbit
2023-02-15 15:37:45.540924-05:00 [info] <0.225.0> message_store upgrades: 1 to apply
2023-02-15 15:37:45.541892-05:00 [info] <0.225.0> message_store upgrades: Applying rabbit_variable_queue:move_messages_to_vhost_store
2023-02-15 15:37:45.542971-05:00 [info] <0.225.0> message_store upgrades: No durable queues found. Skipping message store migration
2023-02-15 15:37:45.543219-05:00 [info] <0.225.0> message_store upgrades: Removing the old message store data
2023-02-15 15:37:45.545658-05:00 [info] <0.225.0> message_store upgrades: All upgrades applied successfully
2023-02-15 15:37:45.569401-05:00 [info] <0.225.0> Running boot step channel_tracking defined by app rabbit
2023-02-15 15:37:45.580985-05:00 [info] <0.225.0> Setting up a table for channel tracking on this node: 'tracked_channel_on_node_rabbit@host-169-16-1-171'
2023-02-15 15:37:45.590641-05:00 [info] <0.225.0> Setting up a table for channel tracking on this node: 'tracked_channel_table_per_user_on_node_rabbit@host-169-16-1-171'
2023-02-15 15:37:45.592095-05:00 [info] <0.225.0> Running boot step rabbit_channel_tracking_handler defined by app rabbit
2023-02-15 15:37:45.592514-05:00 [info] <0.225.0> Running boot step connection_tracking defined by app rabbit
2023-02-15 15:37:45.603117-05:00 [info] <0.225.0> Setting up a table for connection tracking on this node: 'tracked_connection_on_node_rabbit@host-169-16-1-171'
2023-02-15 15:37:45.621801-05:00 [info] <0.225.0> Setting up a table for per-vhost connection counting on this node: 'tracked_connection_per_vhost_on_node_rabbit@host-169-16-1-171'
2023-02-15 15:37:45.633957-05:00 [info] <0.225.0> Setting up a table for per-user connection counting on this node: 'tracked_connection_table_per_user_on_node_rabbit@host-169-16-1-171'
2023-02-15 15:37:45.635550-05:00 [info] <0.225.0> Running boot step rabbit_connection_tracking_handler defined by app rabbit
2023-02-15 15:37:45.636074-05:00 [info] <0.225.0> Running boot step rabbit_definitions_hashing defined by app rabbit
2023-02-15 15:37:45.636455-05:00 [info] <0.225.0> Running boot step rabbit_exchange_parameters defined by app rabbit
2023-02-15 15:37:45.636951-05:00 [info] <0.225.0> Running boot step rabbit_mirror_queue_misc defined by app rabbit
2023-02-15 15:37:45.638000-05:00 [info] <0.225.0> Running boot step rabbit_policies defined by app rabbit
2023-02-15 15:37:45.640980-05:00 [info] <0.225.0> Running boot step rabbit_policy defined by app rabbit
2023-02-15 15:37:45.641921-05:00 [info] <0.225.0> Running boot step rabbit_queue_location_validator defined by app rabbit
2023-02-15 15:37:45.642297-05:00 [info] <0.225.0> Running boot step rabbit_quorum_memory_manager defined by app rabbit
2023-02-15 15:37:45.643247-05:00 [info] <0.225.0> Running boot step rabbit_stream_coordinator defined by app rabbit
2023-02-15 15:37:45.644140-05:00 [info] <0.225.0> Running boot step rabbit_vhost_limit defined by app rabbit
2023-02-15 15:37:45.644607-05:00 [info] <0.225.0> Running boot step rabbit_mgmt_reset_handler defined by app rabbitmq_management
2023-02-15 15:37:45.645056-05:00 [info] <0.225.0> Running boot step rabbit_mgmt_db_handler defined by app rabbitmq_management_agent
2023-02-15 15:37:45.645286-05:00 [info] <0.225.0> Management plugin: using rates mode 'basic'
2023-02-15 15:37:45.648209-05:00 [info] <0.225.0> Running boot step recovery defined by app rabbit
2023-02-15 15:37:45.654831-05:00 [info] <0.225.0> Running boot step empty_db_check defined by app rabbit
2023-02-15 15:37:45.655411-05:00 [info] <0.225.0> Will not seed default virtual host and user: have definitions to load...
2023-02-15 15:37:45.655689-05:00 [info] <0.225.0> Running boot step rabbit_observer_cli defined by app rabbit
2023-02-15 15:37:45.656478-05:00 [info] <0.225.0> Running boot step rabbit_looking_glass defined by app rabbit
2023-02-15 15:37:45.656918-05:00 [info] <0.225.0> Running boot step rabbit_core_metrics_gc defined by app rabbit
2023-02-15 15:37:45.658004-05:00 [info] <0.225.0> Running boot step background_gc defined by app rabbit
2023-02-15 15:37:45.659241-05:00 [info] <0.225.0> Running boot step routing_ready defined by app rabbit
2023-02-15 15:37:45.659567-05:00 [info] <0.225.0> Running boot step pre_flight defined by app rabbit
2023-02-15 15:37:45.659846-05:00 [info] <0.225.0> Running boot step notify_cluster defined by app rabbit
2023-02-15 15:37:45.660049-05:00 [info] <0.225.0> Running boot step networking defined by app rabbit
2023-02-15 15:37:45.660279-05:00 [info] <0.225.0> Running boot step definition_import_worker_pool defined by app rabbit
2023-02-15 15:37:45.660671-05:00 [info] <0.330.0> Starting worker pool 'definition_import_pool' with 3 processes in it
2023-02-15 15:37:45.663174-05:00 [info] <0.225.0> Running boot step cluster_name defined by app rabbit
2023-02-15 15:37:45.663552-05:00 [info] <0.225.0> Initialising internal cluster ID to 'rabbitmq-cluster-id-gN2LabH0RBCjHyhvj7a9_w'
2023-02-15 15:37:45.669482-05:00 [info] <0.225.0> Running boot step direct_client defined by app rabbit
2023-02-15 15:37:45.670303-05:00 [info] <0.225.0> Running boot step rabbit_maintenance_mode_state defined by app rabbit
2023-02-15 15:37:45.670567-05:00 [info] <0.225.0> Creating table rabbit_node_maintenance_states for feature flag `maintenance_mode_status`
2023-02-15 15:37:45.671786-05:00 [info] <0.225.0> Running boot step rabbit_management_load_definitions defined by app rabbitmq_management
2023-02-15 15:37:45.674515-05:00 [info] <0.225.0> Applying definitions from file at '/etc/rabbitmq/definitions.json'
2023-02-15 15:37:45.674928-05:00 [info] <0.225.0> Asked to import definitions. Acting user: rmq-internal
2023-02-15 15:37:45.676236-05:00 [info] <0.225.0> Importing concurrently 1 users...
2023-02-15 15:37:45.682984-05:00 [info] <0.762.0> Created user 'openstack'
2023-02-15 15:37:45.683459-05:00 [info] <0.762.0> Successfully set user tags for user 'openstack' to [administrator]
2023-02-15 15:37:45.684479-05:00 [info] <0.225.0> Importing concurrently 1 vhosts...
2023-02-15 15:37:45.685252-05:00 [info] <0.762.0> Adding vhost '/' (description: '', tags: [])
2023-02-15 15:37:45.715422-05:00 [info] <0.773.0> Making sure data directory '/var/lib/rabbitmq/mnesia/rabbit@host-169-16-1-171/msg_stores/vhosts/628WB79CIFDYO9LJI6DKMI09L' for vhost '/' exists
2023-02-15 15:37:45.720023-05:00 [info] <0.773.0> Setting segment_entry_count for vhost '/' with 0 queues to '2048'
2023-02-15 15:37:45.728912-05:00 [info] <0.773.0> Starting message stores for vhost '/'
2023-02-15 15:37:45.729834-05:00 [info] <0.778.0> Message store "628WB79CIFDYO9LJI6DKMI09L/msg_store_transient": using rabbit_msg_store_ets_index to provide index
2023-02-15 15:37:45.734038-05:00 [info] <0.773.0> Started message store of type transient for vhost '/'
2023-02-15 15:37:45.734975-05:00 [info] <0.782.0> Message store "628WB79CIFDYO9LJI6DKMI09L/msg_store_persistent": using rabbit_msg_store_ets_index to provide index
2023-02-15 15:37:45.737736-05:00 [warning] <0.782.0> Message store "628WB79CIFDYO9LJI6DKMI09L/msg_store_persistent": rebuilding indices from scratch
2023-02-15 15:37:45.741040-05:00 [info] <0.773.0> Started message store of type persistent for vhost '/'
2023-02-15 15:37:45.741762-05:00 [info] <0.773.0> Recovering 0 queues of type rabbit_classic_queue took 20ms
2023-02-15 15:37:45.742067-05:00 [info] <0.773.0> Recovering 0 queues of type rabbit_quorum_queue took 0ms
2023-02-15 15:37:45.742336-05:00 [info] <0.773.0> Recovering 0 queues of type rabbit_stream_queue took 0ms
2023-02-15 15:37:45.747964-05:00 [info] <0.225.0> Importing concurrently 1 permissions...
2023-02-15 15:37:45.754101-05:00 [info] <0.762.0> Successfully set permissions for 'openstack' in virtual host '/' to '.*', '.*', '.*'
2023-02-15 15:37:45.782204-05:00 [info] <0.812.0> Resetting node maintenance status
2023-02-15 15:37:45.844053-05:00 [info] <0.871.0> Management plugin: HTTP (non-TLS) listener started on port 15672
2023-02-15 15:37:45.844764-05:00 [info] <0.899.0> Statistics database started.
2023-02-15 15:37:45.845184-05:00 [info] <0.898.0> Starting worker pool 'management_worker_pool' with 3 processes in it
2023-02-15 15:37:45.846531-05:00 [info] <0.812.0> Ready to start client connection listeners
2023-02-15 15:37:45.850781-05:00 [info] <0.923.0> started TCP listener on 169.16.1.171:5672
2023-02-15 15:37:46.259766-05:00 [info] <0.812.0> Server startup complete; 3 plugins started.
2023-02-15 15:37:46.259766-05:00 [info] <0.812.0>  * rabbitmq_management
2023-02-15 15:37:46.259766-05:00 [info] <0.812.0>  * rabbitmq_web_dispatch
2023-02-15 15:37:46.259766-05:00 [info] <0.812.0>  * rabbitmq_management_agent
2023-02-15 15:44:08.261139-05:00 [info] <0.954.0> accepting AMQP connection <0.954.0> (169.16.1.171:44970 -> 169.16.1.171:5672)
2023-02-15 15:44:08.265927-05:00 [info] <0.954.0> connection <0.954.0> (169.16.1.171:44970 -> 169.16.1.171:5672) has a client-provided name: ironic-conductor:7:30e529ff-3699-48d3-8b4b-9b8c029541b1
2023-02-15 15:44:08.269470-05:00 [info] <0.954.0> connection <0.954.0> (169.16.1.171:44970 -> 169.16.1.171:5672 - ironic-conductor:7:30e529ff-3699-48d3-8b4b-9b8c029541b1): user 'openstack' authenticated and granted access to vhost '/'
2023-02-15 15:44:18.834441-05:00 [info] <0.987.0> accepting AMQP connection <0.987.0> (169.16.1.171:55070 -> 169.16.1.171:5672)
2023-02-15 15:44:18.838629-05:00 [info] <0.987.0> connection <0.987.0> (169.16.1.171:55070 -> 169.16.1.171:5672) has a client-provided name: ironic-inspector:7:59e9bf96-407c-45b5-84eb-9ed1defe9bed
2023-02-15 15:44:18.840771-05:00 [info] <0.987.0> connection <0.987.0> (169.16.1.171:55070 -> 169.16.1.171:5672 - ironic-inspector:7:59e9bf96-407c-45b5-84eb-9ed1defe9bed): user 'openstack' authenticated and granted access to vhost '/'
