- - - [13/Feb/2023:23:15:20 -0500] "GET / HTTP/1.1" 200 468 6185618 "-" "ironic-inspector keystoneauth1/5.1.0 python-requests/2.28.1 CPython/3.9.14"
- - - [13/Feb/2023:23:15:27 -0500] "GET /v1/nodes?fields=uuid HTTP/1.1" 200 13 6606872 "-" "ironic-inspector keystoneauth1/5.1.0 python-requests/2.28.1 CPython/3.9.14"
- - - [13/Feb/2023:23:16:20 -0500] "GET /v1/nodes?fields=uuid HTTP/1.1" 200 13 2387496 "-" "ironic-inspector keystoneauth1/5.1.0 python-requests/2.28.1 CPython/3.9.14"
- - - [13/Feb/2023:23:17:20 -0500] "GET /v1/nodes?fields=uuid HTTP/1.1" 200 13 625991 "-" "ironic-inspector keystoneauth1/5.1.0 python-requests/2.28.1 CPython/3.9.14"
- - - [13/Feb/2023:23:17:47 -0500] "POST /v1/nodes HTTP/1.1" 201 2670 793994 "-" "python-ironicclient"
- - - [13/Feb/2023:23:17:52 -0500] "GET /v1/nodes HTTP/1.1" 200 380 538184 "-" "python-ironicclient"
- - - [13/Feb/2023:23:17:57 -0500] "PATCH /v1/nodes/b9861fda-0257-48a4-ab47-3a7ac84e32c6 HTTP/1.1" 200 3144 1149987 "-" "python-ironicclient"
- - - [13/Feb/2023:23:18:02 -0500] "POST /v1/ports HTTP/1.1" 201 562 908732 "-" "python-ironicclient"
- - - [13/Feb/2023:23:18:07 -0500] "PUT /v1/nodes/b9861fda-0257-48a4-ab47-3a7ac84e32c6/states/provision HTTP/1.1" 202 - 1075788 "-" "python-ironicclient"
- - - [13/Feb/2023:23:18:20 -0500] "GET /v1/nodes?fields=uuid HTTP/1.1" 200 271 1053366 "-" "ironic-inspector keystoneauth1/5.1.0 python-requests/2.28.1 CPython/3.9.14"
- - - [13/Feb/2023:23:18:22 -0500] "PUT /v1/nodes/b9861fda-0257-48a4-ab47-3a7ac84e32c6/states/provision HTTP/1.1" 202 - 527510 "-" "python-ironicclient"
- - - [13/Feb/2023:23:18:26 -0500] "PUT /v1/nodes/b9861fda-0257-48a4-ab47-3a7ac84e32c6/states/power HTTP/1.1" 202 - 581762 "-" "python-ironicclient"
- - - [13/Feb/2023:23:18:57 -0500] "GET /v1/nodes HTTP/1.1" 200 369 561252 "-" "python-urllib3/1.26.5"
- - - [13/Feb/2023:23:18:57 -0500] "GET /v1/nodes?provision_state=available&associated=False&maintenance=False&fields=uuid%2Cdriver%2Cinstance_uuid%2Cprovision_state%2Cname%2Cmaintenance HTTP/1.1" 200 379 543780 "-" "python-urllib3/1.26.5"
- - - [13/Feb/2023:23:18:58 -0500] "PATCH /v1/nodes/b9861fda-0257-48a4-ab47-3a7ac84e32c6 HTTP/1.1" 200 2514 651763 "-" "python-urllib3/1.26.5"
- - - [13/Feb/2023:23:18:58 -0500] "PATCH /v1/nodes/b9861fda-0257-48a4-ab47-3a7ac84e32c6 HTTP/1.1" 200 2514 732359 "-" "python-urllib3/1.26.5"
- - - [13/Feb/2023:23:19:02 -0500] "POST /v1/nodes/b9861fda-0257-48a4-ab47-3a7ac84e32c6/vifs HTTP/1.1" 204 - 571434 "-" "python-urllib3/1.26.5"
- - - [13/Feb/2023:23:19:03 -0500] "PATCH /v1/nodes/b9861fda-0257-48a4-ab47-3a7ac84e32c6 HTTP/1.1" 200 2514 784851 "-" "python-urllib3/1.26.5"
- - - [13/Feb/2023:23:19:04 -0500] "PUT /v1/nodes/b9861fda-0257-48a4-ab47-3a7ac84e32c6/states/provision HTTP/1.1" 202 - 748079 "-" "python-urllib3/1.26.5"
- - - [13/Feb/2023:23:19:05 -0500] "GET /v1/nodes/b9861fda-0257-48a4-ab47-3a7ac84e32c6 HTTP/1.1" 200 2573 569806 "-" "python-urllib3/1.26.5"
- - - [13/Feb/2023:23:19:06 -0500] "GET /v1/nodes/b9861fda-0257-48a4-ab47-3a7ac84e32c6 HTTP/1.1" 200 2618 922938 "-" "python-urllib3/1.26.5"
- - - [13/Feb/2023:23:19:08 -0500] "GET /v1/nodes/b9861fda-0257-48a4-ab47-3a7ac84e32c6 HTTP/1.1" 200 2618 491367 "-" "python-urllib3/1.26.5"
- - - [13/Feb/2023:23:19:10 -0500] "GET /v1/nodes/b9861fda-0257-48a4-ab47-3a7ac84e32c6 HTTP/1.1" 200 2618 718075 "-" "python-urllib3/1.26.5"
- - - [13/Feb/2023:23:19:11 -0500] "GET /v1/nodes/b9861fda-0257-48a4-ab47-3a7ac84e32c6 HTTP/1.1" 200 2618 438201 "-" "python-urllib3/1.26.5"
- - - [13/Feb/2023:23:19:13 -0500] "GET /v1/nodes/b9861fda-0257-48a4-ab47-3a7ac84e32c6 HTTP/1.1" 200 2618 427705 "-" "python-urllib3/1.26.5"
- - - [13/Feb/2023:23:19:14 -0500] "GET /v1/nodes/b9861fda-0257-48a4-ab47-3a7ac84e32c6 HTTP/1.1" 200 2618 514704 "-" "python-urllib3/1.26.5"
- - - [13/Feb/2023:23:19:16 -0500] "GET /v1/nodes/b9861fda-0257-48a4-ab47-3a7ac84e32c6 HTTP/1.1" 200 2618 508153 "-" "python-urllib3/1.26.5"
- - - [13/Feb/2023:23:19:17 -0500] "GET /v1/nodes/b9861fda-0257-48a4-ab47-3a7ac84e32c6 HTTP/1.1" 200 2618 391463 "-" "python-urllib3/1.26.5"
- - - [13/Feb/2023:23:19:19 -0500] "GET /v1/nodes/b9861fda-0257-48a4-ab47-3a7ac84e32c6 HTTP/1.1" 200 2673 456030 "-" "python-urllib3/1.26.5"
- - - [13/Feb/2023:23:19:20 -0500] "GET /v1/nodes?fields=uuid HTTP/1.1" 200 271 917214 "-" "ironic-inspector keystoneauth1/5.1.0 python-requests/2.28.1 CPython/3.9.14"
- - - [13/Feb/2023:23:19:20 -0500] "GET /v1/nodes/b9861fda-0257-48a4-ab47-3a7ac84e32c6 HTTP/1.1" 200 2673 639743 "-" "python-urllib3/1.26.5"
- - - [13/Feb/2023:23:19:22 -0500] "GET /v1/nodes/b9861fda-0257-48a4-ab47-3a7ac84e32c6 HTTP/1.1" 200 2673 404007 "-" "python-urllib3/1.26.5"
- - - [13/Feb/2023:23:19:23 -0500] "GET /v1/nodes/b9861fda-0257-48a4-ab47-3a7ac84e32c6 HTTP/1.1" 200 2673 804954 "-" "python-urllib3/1.26.5"
- - - [13/Feb/2023:23:19:25 -0500] "GET /v1/nodes/b9861fda-0257-48a4-ab47-3a7ac84e32c6 HTTP/1.1" 200 2673 1205257 "-" "python-urllib3/1.26.5"
- - - [13/Feb/2023:23:19:27 -0500] "GET /v1/nodes/b9861fda-0257-48a4-ab47-3a7ac84e32c6 HTTP/1.1" 200 2673 1076136 "-" "python-urllib3/1.26.5"
- - - [13/Feb/2023:23:19:29 -0500] "GET /v1/nodes/b9861fda-0257-48a4-ab47-3a7ac84e32c6 HTTP/1.1" 200 2673 594146 "-" "python-urllib3/1.26.5"
- - - [13/Feb/2023:23:19:31 -0500] "GET /v1/nodes/b9861fda-0257-48a4-ab47-3a7ac84e32c6 HTTP/1.1" 200 2673 792573 "-" "python-urllib3/1.26.5"
- - - [13/Feb/2023:23:19:33 -0500] "GET /v1/nodes/b9861fda-0257-48a4-ab47-3a7ac84e32c6 HTTP/1.1" 200 3273 440121 "-" "python-urllib3/1.26.5"
- - - [13/Feb/2023:23:19:34 -0500] "GET /v1/nodes/b9861fda-0257-48a4-ab47-3a7ac84e32c6 HTTP/1.1" 200 3273 499623 "-" "python-urllib3/1.26.5"
- - - [13/Feb/2023:23:19:36 -0500] "GET /v1/nodes/b9861fda-0257-48a4-ab47-3a7ac84e32c6 HTTP/1.1" 200 3273 641025 "-" "python-urllib3/1.26.5"
- - - [13/Feb/2023:23:19:37 -0500] "GET /v1/nodes/b9861fda-0257-48a4-ab47-3a7ac84e32c6 HTTP/1.1" 200 3273 766380 "-" "python-urllib3/1.26.5"
- - - [13/Feb/2023:23:19:39 -0500] "GET /v1/nodes/b9861fda-0257-48a4-ab47-3a7ac84e32c6 HTTP/1.1" 200 3273 418610 "-" "python-urllib3/1.26.5"
- - - [13/Feb/2023:23:19:40 -0500] "GET /v1/nodes/b9861fda-0257-48a4-ab47-3a7ac84e32c6 HTTP/1.1" 200 3273 431184 "-" "python-urllib3/1.26.5"
- - - [13/Feb/2023:23:19:42 -0500] "GET /v1/nodes/b9861fda-0257-48a4-ab47-3a7ac84e32c6 HTTP/1.1" 200 3273 384342 "-" "python-urllib3/1.26.5"
- - - [13/Feb/2023:23:19:43 -0500] "GET /v1/nodes/b9861fda-0257-48a4-ab47-3a7ac84e32c6 HTTP/1.1" 200 3273 533360 "-" "python-urllib3/1.26.5"
- - - [13/Feb/2023:23:19:45 -0500] "GET /v1/nodes/b9861fda-0257-48a4-ab47-3a7ac84e32c6 HTTP/1.1" 200 3256 591092 "-" "python-urllib3/1.26.5"
- - - [13/Feb/2023:23:19:45 -0500] "GET /v1/nodes/b9861fda-0257-48a4-ab47-3a7ac84e32c6 HTTP/1.1" 200 3256 459717 "-" "python-urllib3/1.26.5"
- - - [13/Feb/2023:23:20:16 -0500] "GET /v1/nodes/b9861fda-0257-48a4-ab47-3a7ac84e32c6 HTTP/1.1" 200 3256 624217 "-" "python-urllib3/1.26.5"
- - - [13/Feb/2023:23:20:20 -0500] "GET /v1/nodes?fields=uuid HTTP/1.1" 200 271 558970 "-" "ironic-inspector keystoneauth1/5.1.0 python-requests/2.28.1 CPython/3.9.14"
- - - [13/Feb/2023:23:20:47 -0500] "GET /v1/nodes/b9861fda-0257-48a4-ab47-3a7ac84e32c6 HTTP/1.1" 200 3256 596178 "-" "python-urllib3/1.26.5"
- - - [13/Feb/2023:23:21:17 -0500] "GET /v1/nodes/b9861fda-0257-48a4-ab47-3a7ac84e32c6 HTTP/1.1" 200 3256 478967 "-" "python-urllib3/1.26.5"
- - - [13/Feb/2023:23:21:20 -0500] "GET /v1/nodes?fields=uuid HTTP/1.1" 200 271 474335 "-" "ironic-inspector keystoneauth1/5.1.0 python-requests/2.28.1 CPython/3.9.14"
- - - [13/Feb/2023:23:21:48 -0500] "GET /v1/nodes/b9861fda-0257-48a4-ab47-3a7ac84e32c6 HTTP/1.1" 200 3256 512272 "-" "python-urllib3/1.26.5"
- - - [13/Feb/2023:23:22:18 -0500] "GET /v1/nodes/b9861fda-0257-48a4-ab47-3a7ac84e32c6 HTTP/1.1" 200 3256 516325 "-" "python-urllib3/1.26.5"
- - - [13/Feb/2023:23:22:20 -0500] "GET /v1/nodes?fields=uuid HTTP/1.1" 200 271 549278 "-" "ironic-inspector keystoneauth1/5.1.0 python-requests/2.28.1 CPython/3.9.14"
- - - [13/Feb/2023:23:22:49 -0500] "GET /v1/nodes/b9861fda-0257-48a4-ab47-3a7ac84e32c6 HTTP/1.1" 200 3256 528857 "-" "python-urllib3/1.26.5"
- - - [13/Feb/2023:23:23:19 -0500] "GET /v1/nodes/b9861fda-0257-48a4-ab47-3a7ac84e32c6 HTTP/1.1" 200 3256 762892 "-" "python-urllib3/1.26.5"
- - - [13/Feb/2023:23:23:20 -0500] "GET /v1/nodes?fields=uuid HTTP/1.1" 200 271 658051 "-" "ironic-inspector keystoneauth1/5.1.0 python-requests/2.28.1 CPython/3.9.14"
- - - [13/Feb/2023:23:23:50 -0500] "GET /v1/nodes/b9861fda-0257-48a4-ab47-3a7ac84e32c6 HTTP/1.1" 200 3256 573894 "-" "python-urllib3/1.26.5"
- - - [13/Feb/2023:23:24:20 -0500] "GET /v1/nodes?fields=uuid HTTP/1.1" 200 271 487606 "-" "ironic-inspector keystoneauth1/5.1.0 python-requests/2.28.1 CPython/3.9.14"
- - - [13/Feb/2023:23:24:21 -0500] "GET /v1/nodes/b9861fda-0257-48a4-ab47-3a7ac84e32c6 HTTP/1.1" 200 3256 514507 "-" "python-urllib3/1.26.5"
- - - [13/Feb/2023:23:24:51 -0500] "GET /v1/nodes/b9861fda-0257-48a4-ab47-3a7ac84e32c6 HTTP/1.1" 200 3256 519047 "-" "python-urllib3/1.26.5"
- - - [13/Feb/2023:23:25:20 -0500] "GET /v1/nodes?fields=uuid HTTP/1.1" 200 271 495353 "-" "ironic-inspector keystoneauth1/5.1.0 python-requests/2.28.1 CPython/3.9.14"
- - - [13/Feb/2023:23:25:22 -0500] "GET /v1/nodes/b9861fda-0257-48a4-ab47-3a7ac84e32c6 HTTP/1.1" 200 3256 440960 "-" "python-urllib3/1.26.5"
- - - [13/Feb/2023:23:25:52 -0500] "GET /v1/nodes/b9861fda-0257-48a4-ab47-3a7ac84e32c6 HTTP/1.1" 200 3256 513634 "-" "python-urllib3/1.26.5"
- - - [13/Feb/2023:23:26:20 -0500] "GET /v1/nodes?fields=uuid HTTP/1.1" 200 271 516086 "-" "ironic-inspector keystoneauth1/5.1.0 python-requests/2.28.1 CPython/3.9.14"
- - - [13/Feb/2023:23:26:23 -0500] "GET /v1/nodes/b9861fda-0257-48a4-ab47-3a7ac84e32c6 HTTP/1.1" 200 3256 470431 "-" "python-urllib3/1.26.5"
- - - [13/Feb/2023:23:26:53 -0500] "GET /v1/nodes/b9861fda-0257-48a4-ab47-3a7ac84e32c6 HTTP/1.1" 200 3256 676642 "-" "python-urllib3/1.26.5"
- - - [13/Feb/2023:23:27:20 -0500] "GET /v1/nodes?fields=uuid HTTP/1.1" 200 271 648267 "-" "ironic-inspector keystoneauth1/5.1.0 python-requests/2.28.1 CPython/3.9.14"
- - - [13/Feb/2023:23:27:24 -0500] "GET /v1/nodes/b9861fda-0257-48a4-ab47-3a7ac84e32c6 HTTP/1.1" 200 3256 539463 "-" "python-urllib3/1.26.5"
- - - [13/Feb/2023:23:27:55 -0500] "GET /v1/nodes/b9861fda-0257-48a4-ab47-3a7ac84e32c6 HTTP/1.1" 200 3256 550956 "-" "python-urllib3/1.26.5"
- - - [13/Feb/2023:23:28:20 -0500] "GET /v1/nodes?fields=uuid HTTP/1.1" 200 271 587415 "-" "ironic-inspector keystoneauth1/5.1.0 python-requests/2.28.1 CPython/3.9.14"
- - - [13/Feb/2023:23:28:25 -0500] "GET /v1/nodes/b9861fda-0257-48a4-ab47-3a7ac84e32c6 HTTP/1.1" 200 3256 712005 "-" "python-urllib3/1.26.5"
- - - [13/Feb/2023:23:28:56 -0500] "GET /v1/nodes/b9861fda-0257-48a4-ab47-3a7ac84e32c6 HTTP/1.1" 200 3256 724611 "-" "python-urllib3/1.26.5"
- - - [13/Feb/2023:23:29:20 -0500] "GET /v1/nodes?fields=uuid HTTP/1.1" 200 271 517094 "-" "ironic-inspector keystoneauth1/5.1.0 python-requests/2.28.1 CPython/3.9.14"
- - - [13/Feb/2023:23:29:27 -0500] "GET /v1/nodes/b9861fda-0257-48a4-ab47-3a7ac84e32c6 HTTP/1.1" 200 3256 673153 "-" "python-urllib3/1.26.5"
- - - [13/Feb/2023:23:29:58 -0500] "GET /v1/nodes/b9861fda-0257-48a4-ab47-3a7ac84e32c6 HTTP/1.1" 200 3256 652403 "-" "python-urllib3/1.26.5"
- - - [13/Feb/2023:23:30:20 -0500] "GET /v1/nodes?fields=uuid HTTP/1.1" 200 271 612219 "-" "ironic-inspector keystoneauth1/5.1.0 python-requests/2.28.1 CPython/3.9.14"
- - - [13/Feb/2023:23:30:28 -0500] "GET /v1/nodes/b9861fda-0257-48a4-ab47-3a7ac84e32c6 HTTP/1.1" 200 3256 614030 "-" "python-urllib3/1.26.5"
- - - [13/Feb/2023:23:30:59 -0500] "GET /v1/nodes/b9861fda-0257-48a4-ab47-3a7ac84e32c6 HTTP/1.1" 200 3256 698871 "-" "python-urllib3/1.26.5"
- - - [13/Feb/2023:23:31:20 -0500] "GET /v1/nodes?fields=uuid HTTP/1.1" 200 271 499124 "-" "ironic-inspector keystoneauth1/5.1.0 python-requests/2.28.1 CPython/3.9.14"
- - - [13/Feb/2023:23:31:30 -0500] "GET /v1/nodes/b9861fda-0257-48a4-ab47-3a7ac84e32c6 HTTP/1.1" 200 3256 628403 "-" "python-urllib3/1.26.5"
- - - [13/Feb/2023:23:32:00 -0500] "GET /v1/nodes/b9861fda-0257-48a4-ab47-3a7ac84e32c6 HTTP/1.1" 200 3256 661372 "-" "python-urllib3/1.26.5"
- - - [13/Feb/2023:23:32:20 -0500] "GET /v1/nodes?fields=uuid HTTP/1.1" 200 271 507805 "-" "ironic-inspector keystoneauth1/5.1.0 python-requests/2.28.1 CPython/3.9.14"
- - - [13/Feb/2023:23:32:31 -0500] "GET /v1/nodes/b9861fda-0257-48a4-ab47-3a7ac84e32c6 HTTP/1.1" 200 3256 652797 "-" "python-urllib3/1.26.5"
- - - [13/Feb/2023:23:33:02 -0500] "GET /v1/nodes/b9861fda-0257-48a4-ab47-3a7ac84e32c6 HTTP/1.1" 200 3256 645374 "-" "python-urllib3/1.26.5"
- - - [13/Feb/2023:23:33:20 -0500] "GET /v1/nodes?fields=uuid HTTP/1.1" 200 271 536262 "-" "ironic-inspector keystoneauth1/5.1.0 python-requests/2.28.1 CPython/3.9.14"
- - - [13/Feb/2023:23:33:33 -0500] "GET /v1/nodes/b9861fda-0257-48a4-ab47-3a7ac84e32c6 HTTP/1.1" 200 3256 718403 "-" "python-urllib3/1.26.5"
- - - [13/Feb/2023:23:34:03 -0500] "GET /v1/nodes/b9861fda-0257-48a4-ab47-3a7ac84e32c6 HTTP/1.1" 200 3256 601274 "-" "python-urllib3/1.26.5"
- - - [13/Feb/2023:23:34:20 -0500] "GET /v1/nodes?fields=uuid HTTP/1.1" 200 271 700676 "-" "ironic-inspector keystoneauth1/5.1.0 python-requests/2.28.1 CPython/3.9.14"
- - - [13/Feb/2023:23:34:34 -0500] "GET /v1/nodes/b9861fda-0257-48a4-ab47-3a7ac84e32c6 HTTP/1.1" 200 3256 542559 "-" "python-urllib3/1.26.5"
- - - [13/Feb/2023:23:35:04 -0500] "GET /v1/nodes/b9861fda-0257-48a4-ab47-3a7ac84e32c6 HTTP/1.1" 200 3256 617678 "-" "python-urllib3/1.26.5"
- - - [13/Feb/2023:23:35:20 -0500] "GET /v1/nodes?fields=uuid HTTP/1.1" 200 271 545110 "-" "ironic-inspector keystoneauth1/5.1.0 python-requests/2.28.1 CPython/3.9.14"
- - - [13/Feb/2023:23:35:35 -0500] "GET /v1/nodes/b9861fda-0257-48a4-ab47-3a7ac84e32c6 HTTP/1.1" 200 3256 546222 "-" "python-urllib3/1.26.5"
- - - [13/Feb/2023:23:36:06 -0500] "GET /v1/nodes/b9861fda-0257-48a4-ab47-3a7ac84e32c6 HTTP/1.1" 200 3256 984057 "-" "python-urllib3/1.26.5"
- - - [13/Feb/2023:23:36:20 -0500] "GET /v1/nodes?fields=uuid HTTP/1.1" 200 271 495931 "-" "ironic-inspector keystoneauth1/5.1.0 python-requests/2.28.1 CPython/3.9.14"
- - - [13/Feb/2023:23:36:37 -0500] "GET /v1/nodes/b9861fda-0257-48a4-ab47-3a7ac84e32c6 HTTP/1.1" 200 3256 568435 "-" "python-urllib3/1.26.5"
- - - [13/Feb/2023:23:37:07 -0500] "GET /v1/nodes/b9861fda-0257-48a4-ab47-3a7ac84e32c6 HTTP/1.1" 200 3256 604752 "-" "python-urllib3/1.26.5"
- - - [13/Feb/2023:23:37:20 -0500] "GET /v1/nodes?fields=uuid HTTP/1.1" 200 271 530461 "-" "ironic-inspector keystoneauth1/5.1.0 python-requests/2.28.1 CPython/3.9.14"
- - - [13/Feb/2023:23:37:38 -0500] "GET /v1/nodes/b9861fda-0257-48a4-ab47-3a7ac84e32c6 HTTP/1.1" 200 3256 603782 "-" "python-urllib3/1.26.5"
- - - [13/Feb/2023:23:38:09 -0500] "GET /v1/nodes/b9861fda-0257-48a4-ab47-3a7ac84e32c6 HTTP/1.1" 200 3256 542688 "-" "python-urllib3/1.26.5"
- - - [13/Feb/2023:23:38:20 -0500] "GET /v1/nodes?fields=uuid HTTP/1.1" 200 271 698156 "-" "ironic-inspector keystoneauth1/5.1.0 python-requests/2.28.1 CPython/3.9.14"
- - - [13/Feb/2023:23:38:39 -0500] "GET /v1/nodes/b9861fda-0257-48a4-ab47-3a7ac84e32c6 HTTP/1.1" 200 3256 551143 "-" "python-urllib3/1.26.5"
- - - [13/Feb/2023:23:39:10 -0500] "GET /v1/nodes/b9861fda-0257-48a4-ab47-3a7ac84e32c6 HTTP/1.1" 200 3256 712345 "-" "python-urllib3/1.26.5"
- - - [13/Feb/2023:23:39:20 -0500] "GET /v1/nodes?fields=uuid HTTP/1.1" 200 271 472448 "-" "ironic-inspector keystoneauth1/5.1.0 python-requests/2.28.1 CPython/3.9.14"
- - - [13/Feb/2023:23:39:41 -0500] "GET /v1/nodes/b9861fda-0257-48a4-ab47-3a7ac84e32c6 HTTP/1.1" 200 3256 584662 "-" "python-urllib3/1.26.5"
- - - [13/Feb/2023:23:40:11 -0500] "GET /v1/nodes/b9861fda-0257-48a4-ab47-3a7ac84e32c6 HTTP/1.1" 200 3256 727513 "-" "python-urllib3/1.26.5"
- - - [13/Feb/2023:23:40:20 -0500] "GET /v1/nodes?fields=uuid HTTP/1.1" 200 271 489472 "-" "ironic-inspector keystoneauth1/5.1.0 python-requests/2.28.1 CPython/3.9.14"
- - - [13/Feb/2023:23:40:42 -0500] "GET /v1/nodes/b9861fda-0257-48a4-ab47-3a7ac84e32c6 HTTP/1.1" 200 3256 570796 "-" "python-urllib3/1.26.5"
- - - [13/Feb/2023:23:41:13 -0500] "GET /v1/nodes/b9861fda-0257-48a4-ab47-3a7ac84e32c6 HTTP/1.1" 200 3256 583645 "-" "python-urllib3/1.26.5"
- - - [13/Feb/2023:23:41:20 -0500] "GET /v1/nodes?fields=uuid HTTP/1.1" 200 271 741110 "-" "ironic-inspector keystoneauth1/5.1.0 python-requests/2.28.1 CPython/3.9.14"
- - - [13/Feb/2023:23:41:43 -0500] "GET /v1/nodes/b9861fda-0257-48a4-ab47-3a7ac84e32c6 HTTP/1.1" 200 3256 626627 "-" "python-urllib3/1.26.5"
- - - [13/Feb/2023:23:42:14 -0500] "GET /v1/nodes/b9861fda-0257-48a4-ab47-3a7ac84e32c6 HTTP/1.1" 200 3256 494489 "-" "python-urllib3/1.26.5"
- - - [13/Feb/2023:23:42:20 -0500] "GET /v1/nodes?fields=uuid HTTP/1.1" 200 271 494118 "-" "ironic-inspector keystoneauth1/5.1.0 python-requests/2.28.1 CPython/3.9.14"
- - - [13/Feb/2023:23:42:44 -0500] "GET /v1/nodes/b9861fda-0257-48a4-ab47-3a7ac84e32c6 HTTP/1.1" 200 3256 656867 "-" "python-urllib3/1.26.5"
- - - [13/Feb/2023:23:43:15 -0500] "GET /v1/nodes/b9861fda-0257-48a4-ab47-3a7ac84e32c6 HTTP/1.1" 200 3256 624672 "-" "python-urllib3/1.26.5"
- - - [13/Feb/2023:23:43:20 -0500] "GET /v1/nodes?fields=uuid HTTP/1.1" 200 271 361723 "-" "ironic-inspector keystoneauth1/5.1.0 python-requests/2.28.1 CPython/3.9.14"
- - - [13/Feb/2023:23:43:46 -0500] "GET /v1/nodes/b9861fda-0257-48a4-ab47-3a7ac84e32c6 HTTP/1.1" 200 3256 456564 "-" "python-urllib3/1.26.5"
- - - [13/Feb/2023:23:44:16 -0500] "GET /v1/nodes/b9861fda-0257-48a4-ab47-3a7ac84e32c6 HTTP/1.1" 200 3256 399455 "-" "python-urllib3/1.26.5"
- - - [13/Feb/2023:23:44:20 -0500] "GET /v1/nodes?fields=uuid HTTP/1.1" 200 271 383376 "-" "ironic-inspector keystoneauth1/5.1.0 python-requests/2.28.1 CPython/3.9.14"
- - - [13/Feb/2023:23:44:47 -0500] "GET /v1/nodes/b9861fda-0257-48a4-ab47-3a7ac84e32c6 HTTP/1.1" 200 3256 733530 "-" "python-urllib3/1.26.5"
- - - [13/Feb/2023:23:45:17 -0500] "GET /v1/nodes/b9861fda-0257-48a4-ab47-3a7ac84e32c6 HTTP/1.1" 200 3256 493693 "-" "python-urllib3/1.26.5"
- - - [13/Feb/2023:23:45:20 -0500] "GET /v1/nodes?fields=uuid HTTP/1.1" 200 271 413441 "-" "ironic-inspector keystoneauth1/5.1.0 python-requests/2.28.1 CPython/3.9.14"
- - - [13/Feb/2023:23:45:48 -0500] "GET /v1/nodes/b9861fda-0257-48a4-ab47-3a7ac84e32c6 HTTP/1.1" 200 3256 541451 "-" "python-urllib3/1.26.5"
- - - [13/Feb/2023:23:46:19 -0500] "GET /v1/nodes/b9861fda-0257-48a4-ab47-3a7ac84e32c6 HTTP/1.1" 200 3256 468969 "-" "python-urllib3/1.26.5"
- - - [13/Feb/2023:23:46:20 -0500] "GET /v1/nodes?fields=uuid HTTP/1.1" 200 271 400102 "-" "ironic-inspector keystoneauth1/5.1.0 python-requests/2.28.1 CPython/3.9.14"
- - - [13/Feb/2023:23:46:49 -0500] "GET /v1/nodes/b9861fda-0257-48a4-ab47-3a7ac84e32c6 HTTP/1.1" 200 3256 454317 "-" "python-urllib3/1.26.5"
- - - [13/Feb/2023:23:47:20 -0500] "GET /v1/nodes/b9861fda-0257-48a4-ab47-3a7ac84e32c6 HTTP/1.1" 200 3256 1017735 "-" "python-urllib3/1.26.5"
- - - [13/Feb/2023:23:47:20 -0500] "GET /v1/nodes?fields=uuid HTTP/1.1" 200 271 954995 "-" "ironic-inspector keystoneauth1/5.1.0 python-requests/2.28.1 CPython/3.9.14"
- - - [13/Feb/2023:23:47:51 -0500] "GET /v1/nodes/b9861fda-0257-48a4-ab47-3a7ac84e32c6 HTTP/1.1" 200 3256 520505 "-" "python-urllib3/1.26.5"
- - - [13/Feb/2023:23:48:20 -0500] "GET /v1/nodes?fields=uuid HTTP/1.1" 200 271 538127 "-" "ironic-inspector keystoneauth1/5.1.0 python-requests/2.28.1 CPython/3.9.14"
- - - [13/Feb/2023:23:48:21 -0500] "GET /v1/nodes/b9861fda-0257-48a4-ab47-3a7ac84e32c6 HTTP/1.1" 200 3256 614463 "-" "python-urllib3/1.26.5"
- - - [13/Feb/2023:23:48:52 -0500] "GET /v1/nodes/b9861fda-0257-48a4-ab47-3a7ac84e32c6 HTTP/1.1" 200 3256 458429 "-" "python-urllib3/1.26.5"
- - - [13/Feb/2023:23:49:20 -0500] "GET /v1/nodes?fields=uuid HTTP/1.1" 200 271 544730 "-" "ironic-inspector keystoneauth1/5.1.0 python-requests/2.28.1 CPython/3.9.14"
- - - [13/Feb/2023:23:49:22 -0500] "GET /v1/nodes/b9861fda-0257-48a4-ab47-3a7ac84e32c6 HTTP/1.1" 200 3256 590571 "-" "python-urllib3/1.26.5"
- - - [13/Feb/2023:23:49:53 -0500] "GET /v1/nodes/b9861fda-0257-48a4-ab47-3a7ac84e32c6 HTTP/1.1" 200 2679 745508 "-" "python-urllib3/1.26.5"
- - - [13/Feb/2023:23:49:54 -0500] "GET /v1/nodes/b9861fda-0257-48a4-ab47-3a7ac84e32c6/vifs HTTP/1.1" 200 12 640807 "-" "python-urllib3/1.26.5"
- - - [13/Feb/2023:23:50:20 -0500] "GET /v1/nodes?fields=uuid HTTP/1.1" 200 271 665426 "-" "ironic-inspector keystoneauth1/5.1.0 python-requests/2.28.1 CPython/3.9.14"
