2023-02-13 13:58:29,274 p=5294 u=root n=ansible | [WARNING]: Invalid characters were found in group names but not replaced, use
-vvvv to see details

2023-02-13 13:58:31,217 p=5294 u=root n=ansible | PLAY [Gather facts for all hosts] **********************************************
2023-02-13 13:58:31,680 p=5294 u=root n=ansible | TASK [Gather facts] ************************************************************
2023-02-13 13:58:35,397 p=5294 u=root n=ansible | ok: [localhost]
2023-02-13 13:58:35,523 p=5294 u=root n=ansible | TASK [Group hosts to determine when using --limit] *****************************
2023-02-13 13:58:35,624 p=5294 u=root n=ansible | ok: [localhost]
2023-02-13 13:58:35,854 p=5294 u=root n=ansible | [WARNING]: Could not match supplied host pattern, ignoring:
all_using_limit_True

2023-02-13 13:58:35,863 p=5294 u=root n=ansible | PLAY [Gather facts for all hosts (if using --limit)] ***************************
2023-02-13 13:58:35,864 p=5294 u=root n=ansible | skipping: no hosts matched
2023-02-13 13:58:35,872 p=5294 u=root n=ansible | PLAY [Apply role baremetal] ****************************************************
2023-02-13 13:58:36,104 p=5294 u=root n=ansible | TASK [openstack.kolla.baremetal : Ensure localhost in /etc/hosts] **************
2023-02-13 13:58:37,125 p=5294 u=root n=ansible | changed: [localhost]
2023-02-13 13:58:37,211 p=5294 u=root n=ansible | TASK [openstack.kolla.baremetal : Ensure hostname does not point to 127.0.1.1 in /etc/hosts] ***
2023-02-13 13:58:37,780 p=5294 u=root n=ansible | ok: [localhost]
2023-02-13 13:58:37,871 p=5294 u=root n=ansible | TASK [openstack.kolla.baremetal : Generate /etc/hosts for all of the nodes] ****
2023-02-13 13:58:39,768 p=5294 u=root n=ansible | changed: [localhost]
2023-02-13 13:58:39,886 p=5294 u=root n=ansible | TASK [openstack.kolla.baremetal : Ensure unprivileged users can use ping] ******
2023-02-13 13:58:40,906 p=5294 u=root n=ansible | changed: [localhost]
2023-02-13 13:58:40,994 p=5294 u=root n=ansible | TASK [openstack.kolla.baremetal : Ensure /etc/cloud/cloud.cfg exists] **********
2023-02-13 13:58:41,999 p=5294 u=root n=ansible | ok: [localhost]
2023-02-13 13:58:42,094 p=5294 u=root n=ansible | TASK [openstack.kolla.baremetal : Disable cloud-init manage_etc_hosts] *********
2023-02-13 13:58:43,820 p=5294 u=root n=ansible | changed: [localhost]
2023-02-13 13:58:43,911 p=5294 u=root n=ansible | TASK [openstack.kolla.baremetal : Set firewall default policy] *****************
2023-02-13 13:58:43,966 p=5294 u=root n=ansible | skipping: [localhost]
2023-02-13 13:58:44,056 p=5294 u=root n=ansible | TASK [openstack.kolla.baremetal : Check if firewalld is installed] *************
2023-02-13 13:58:44,953 p=5294 u=root n=ansible | ok: [localhost]
2023-02-13 13:58:45,040 p=5294 u=root n=ansible | TASK [openstack.kolla.baremetal : Disable firewalld] ***************************
2023-02-13 13:58:45,102 p=5294 u=root n=ansible | skipping: [localhost] => (item=firewalld) 
2023-02-13 13:58:45,193 p=5294 u=root n=ansible | TASK [openstack.kolla.docker : Fail if docker_custom_option is defined] ********
2023-02-13 13:58:45,259 p=5294 u=root n=ansible | skipping: [localhost]
2023-02-13 13:58:45,347 p=5294 u=root n=ansible | TASK [openstack.kolla.docker : include_tasks] **********************************
2023-02-13 13:58:45,387 p=5294 u=root n=ansible | skipping: [localhost]
2023-02-13 13:58:45,474 p=5294 u=root n=ansible | TASK [openstack.kolla.docker : Ensure docker config directory exists] **********
2023-02-13 13:58:46,315 p=5294 u=root n=ansible | changed: [localhost]
2023-02-13 13:58:46,394 p=5294 u=root n=ansible | TASK [openstack.kolla.docker : Write docker config] ****************************
2023-02-13 13:58:47,597 p=5294 u=root n=ansible | changed: [localhost]
2023-02-13 13:58:47,685 p=5294 u=root n=ansible | TASK [openstack.kolla.docker : Remove old docker options file] *****************
2023-02-13 13:58:48,241 p=5294 u=root n=ansible | ok: [localhost]
2023-02-13 13:58:48,351 p=5294 u=root n=ansible | TASK [openstack.kolla.docker : Ensure docker service directory exists] *********
2023-02-13 13:58:48,396 p=5294 u=root n=ansible | skipping: [localhost]
2023-02-13 13:58:48,495 p=5294 u=root n=ansible | TASK [openstack.kolla.docker : Configure docker service] ***********************
2023-02-13 13:58:48,553 p=5294 u=root n=ansible | skipping: [localhost]
2023-02-13 13:58:48,686 p=5294 u=root n=ansible | TASK [openstack.kolla.docker : Ensure the path for CA file for private registry exists] ***
2023-02-13 13:58:48,759 p=5294 u=root n=ansible | skipping: [localhost]
2023-02-13 13:58:48,893 p=5294 u=root n=ansible | TASK [openstack.kolla.docker : Ensure the CA file for private registry exists] ***
2023-02-13 13:58:48,969 p=5294 u=root n=ansible | skipping: [localhost]
2023-02-13 13:58:49,074 p=5294 u=root n=ansible | TASK [openstack.kolla.docker : Flush handlers] *********************************
2023-02-13 13:58:49,075 p=5294 u=root n=ansible | RUNNING HANDLER [openstack.kolla.docker : Restart docker] **********************
2023-02-13 13:58:52,177 p=5294 u=root n=ansible | changed: [localhost]
2023-02-13 13:58:52,328 p=5294 u=root n=ansible | TASK [openstack.kolla.docker : Start and enable docker] ************************
2023-02-13 13:58:53,293 p=5294 u=root n=ansible | ok: [localhost]
2023-02-13 13:58:53,384 p=5294 u=root n=ansible | TASK [openstack.kolla.docker : include_tasks] **********************************
2023-02-13 13:58:53,434 p=5294 u=root n=ansible | skipping: [localhost]
2023-02-13 13:58:53,628 p=5294 u=root n=ansible | TASK [openstack.kolla.kolla_user : Ensure groups are present] ******************
2023-02-13 13:58:53,697 p=5294 u=root n=ansible | skipping: [localhost] => (item=docker) 
2023-02-13 13:58:53,708 p=5294 u=root n=ansible | skipping: [localhost] => (item=sudo) 
2023-02-13 13:58:53,715 p=5294 u=root n=ansible | skipping: [localhost] => (item=kolla) 
2023-02-13 13:58:53,803 p=5294 u=root n=ansible | TASK [openstack.kolla.kolla_user : Create kolla user] **************************
2023-02-13 13:58:53,849 p=5294 u=root n=ansible | skipping: [localhost]
2023-02-13 13:58:53,934 p=5294 u=root n=ansible | TASK [openstack.kolla.kolla_user : Add public key to kolla user authorized keys] ***
2023-02-13 13:58:53,980 p=5294 u=root n=ansible | skipping: [localhost]
2023-02-13 13:58:54,065 p=5294 u=root n=ansible | TASK [openstack.kolla.kolla_user : Grant kolla user passwordless sudo] *********
2023-02-13 13:58:54,108 p=5294 u=root n=ansible | skipping: [localhost]
2023-02-13 13:58:54,275 p=5294 u=root n=ansible | TASK [openstack.kolla.docker_sdk : Install latest pip in the virtualenv] *******
2023-02-13 13:58:54,343 p=5294 u=root n=ansible | skipping: [localhost]
2023-02-13 13:58:54,430 p=5294 u=root n=ansible | TASK [openstack.kolla.docker_sdk : Install docker SDK for python] **************
2023-02-13 13:59:21,838 p=5294 u=root n=ansible | ok: [localhost]
2023-02-13 13:59:22,038 p=5294 u=root n=ansible | TASK [openstack.kolla.baremetal : Ensure node_config_directory directory exists] ***
2023-02-13 13:59:22,631 p=5294 u=root n=ansible | ok: [localhost]
2023-02-13 13:59:22,720 p=5294 u=root n=ansible | TASK [openstack.kolla.apparmor_libvirt : include_tasks] ************************
2023-02-13 13:59:22,766 p=5294 u=root n=ansible | skipping: [localhost]
2023-02-13 13:59:22,970 p=5294 u=root n=ansible | TASK [openstack.kolla.baremetal : Change state of selinux] *********************
2023-02-13 13:59:24,635 p=5294 u=root n=ansible | ok: [localhost]
2023-02-13 13:59:24,738 p=5294 u=root n=ansible | TASK [openstack.kolla.baremetal : Set https proxy for git] *********************
2023-02-13 13:59:24,800 p=5294 u=root n=ansible | skipping: [localhost]
2023-02-13 13:59:24,917 p=5294 u=root n=ansible | TASK [openstack.kolla.baremetal : Set http proxy for git] **********************
2023-02-13 13:59:24,969 p=5294 u=root n=ansible | skipping: [localhost]
2023-02-13 13:59:25,067 p=5294 u=root n=ansible | TASK [openstack.kolla.baremetal : include_tasks] *******************************
2023-02-13 13:59:25,111 p=5294 u=root n=ansible | skipping: [localhost]
2023-02-13 13:59:25,345 p=5294 u=root n=ansible | PLAY RECAP *********************************************************************
2023-02-13 13:59:25,346 p=5294 u=root n=ansible | localhost                  : ok=17   changed=7    unreachable=0    failed=0    skipped=18   rescued=0    ignored=0   
