2023-03-06 14:55:44,870 p=5755 u=root n=ansible | [WARNING]: Invalid characters were found in group names but not replaced, use
-vvvv to see details

2023-03-06 14:55:47,285 p=5755 u=root n=ansible | PLAY [Gather facts for all hosts] **********************************************
2023-03-06 14:55:47,667 p=5755 u=root n=ansible | TASK [Gather facts] ************************************************************
2023-03-06 14:55:56,646 p=5755 u=root n=ansible | ok: [localhost]
2023-03-06 14:55:56,763 p=5755 u=root n=ansible | TASK [Group hosts to determine when using --limit] *****************************
2023-03-06 14:55:56,859 p=5755 u=root n=ansible | ok: [localhost]
2023-03-06 14:55:57,038 p=5755 u=root n=ansible | [WARNING]: Could not match supplied host pattern, ignoring:
all_using_limit_True

2023-03-06 14:55:57,047 p=5755 u=root n=ansible | PLAY [Gather facts for all hosts (if using --limit)] ***************************
2023-03-06 14:55:57,048 p=5755 u=root n=ansible | skipping: no hosts matched
2023-03-06 14:55:57,059 p=5755 u=root n=ansible | PLAY [Apply role baremetal] ****************************************************
2023-03-06 14:55:57,452 p=5755 u=root n=ansible | TASK [openstack.kolla.baremetal : Ensure localhost in /etc/hosts] **************
2023-03-06 14:55:58,806 p=5755 u=root n=ansible | changed: [localhost]
2023-03-06 14:55:58,923 p=5755 u=root n=ansible | TASK [openstack.kolla.baremetal : Ensure hostname does not point to 127.0.1.1 in /etc/hosts] ***
2023-03-06 14:55:59,527 p=5755 u=root n=ansible | ok: [localhost]
2023-03-06 14:55:59,682 p=5755 u=root n=ansible | TASK [openstack.kolla.baremetal : Generate /etc/hosts for all of the nodes] ****
2023-03-06 14:56:01,604 p=5755 u=root n=ansible | changed: [localhost]
2023-03-06 14:56:01,711 p=5755 u=root n=ansible | TASK [openstack.kolla.baremetal : Ensure unprivileged users can use ping] ******
2023-03-06 14:56:02,692 p=5755 u=root n=ansible | changed: [localhost]
2023-03-06 14:56:02,786 p=5755 u=root n=ansible | TASK [openstack.kolla.baremetal : Ensure /etc/cloud/cloud.cfg exists] **********
2023-03-06 14:56:03,830 p=5755 u=root n=ansible | ok: [localhost]
2023-03-06 14:56:03,939 p=5755 u=root n=ansible | TASK [openstack.kolla.baremetal : Disable cloud-init manage_etc_hosts] *********
2023-03-06 14:56:05,692 p=5755 u=root n=ansible | changed: [localhost]
2023-03-06 14:56:05,783 p=5755 u=root n=ansible | TASK [openstack.kolla.baremetal : Set firewall default policy] *****************
2023-03-06 14:56:05,831 p=5755 u=root n=ansible | skipping: [localhost]
2023-03-06 14:56:05,935 p=5755 u=root n=ansible | TASK [openstack.kolla.baremetal : Check if firewalld is installed] *************
2023-03-06 14:56:06,839 p=5755 u=root n=ansible | ok: [localhost]
2023-03-06 14:56:06,974 p=5755 u=root n=ansible | TASK [openstack.kolla.baremetal : Disable firewalld] ***************************
2023-03-06 14:56:07,046 p=5755 u=root n=ansible | skipping: [localhost] => (item=firewalld) 
2023-03-06 14:56:07,163 p=5755 u=root n=ansible | TASK [openstack.kolla.docker : Fail if docker_custom_option is defined] ********
2023-03-06 14:56:07,214 p=5755 u=root n=ansible | skipping: [localhost]
2023-03-06 14:56:07,301 p=5755 u=root n=ansible | TASK [openstack.kolla.docker : include_tasks] **********************************
2023-03-06 14:56:07,345 p=5755 u=root n=ansible | skipping: [localhost]
2023-03-06 14:56:07,437 p=5755 u=root n=ansible | TASK [openstack.kolla.docker : Ensure docker config directory exists] **********
2023-03-06 14:56:08,325 p=5755 u=root n=ansible | ok: [localhost]
2023-03-06 14:56:08,416 p=5755 u=root n=ansible | TASK [openstack.kolla.docker : Write docker config] ****************************
2023-03-06 14:56:09,741 p=5755 u=root n=ansible | changed: [localhost]
2023-03-06 14:56:09,846 p=5755 u=root n=ansible | TASK [openstack.kolla.docker : Remove old docker options file] *****************
2023-03-06 14:56:10,401 p=5755 u=root n=ansible | ok: [localhost]
2023-03-06 14:56:10,498 p=5755 u=root n=ansible | TASK [openstack.kolla.docker : Ensure docker service directory exists] *********
2023-03-06 14:56:10,554 p=5755 u=root n=ansible | skipping: [localhost]
2023-03-06 14:56:10,649 p=5755 u=root n=ansible | TASK [openstack.kolla.docker : Configure docker service] ***********************
2023-03-06 14:56:10,708 p=5755 u=root n=ansible | skipping: [localhost]
2023-03-06 14:56:10,813 p=5755 u=root n=ansible | TASK [openstack.kolla.docker : Ensure the path for CA file for private registry exists] ***
2023-03-06 14:56:10,874 p=5755 u=root n=ansible | skipping: [localhost]
2023-03-06 14:56:10,969 p=5755 u=root n=ansible | TASK [openstack.kolla.docker : Ensure the CA file for private registry exists] ***
2023-03-06 14:56:11,025 p=5755 u=root n=ansible | skipping: [localhost]
2023-03-06 14:56:11,137 p=5755 u=root n=ansible | TASK [openstack.kolla.docker : Flush handlers] *********************************
2023-03-06 14:56:11,138 p=5755 u=root n=ansible | RUNNING HANDLER [openstack.kolla.docker : Restart docker] **********************
2023-03-06 14:56:15,554 p=5755 u=root n=ansible | changed: [localhost]
2023-03-06 14:56:15,684 p=5755 u=root n=ansible | TASK [openstack.kolla.docker : Start and enable docker] ************************
2023-03-06 14:56:16,743 p=5755 u=root n=ansible | ok: [localhost]
2023-03-06 14:56:16,890 p=5755 u=root n=ansible | TASK [openstack.kolla.docker : include_tasks] **********************************
2023-03-06 14:56:17,000 p=5755 u=root n=ansible | skipping: [localhost]
2023-03-06 14:56:17,288 p=5755 u=root n=ansible | TASK [openstack.kolla.kolla_user : Ensure groups are present] ******************
2023-03-06 14:56:17,363 p=5755 u=root n=ansible | skipping: [localhost] => (item=docker) 
2023-03-06 14:56:17,382 p=5755 u=root n=ansible | skipping: [localhost] => (item=sudo) 
2023-03-06 14:56:17,399 p=5755 u=root n=ansible | skipping: [localhost] => (item=kolla) 
2023-03-06 14:56:17,542 p=5755 u=root n=ansible | TASK [openstack.kolla.kolla_user : Create kolla user] **************************
2023-03-06 14:56:17,641 p=5755 u=root n=ansible | skipping: [localhost]
2023-03-06 14:56:17,805 p=5755 u=root n=ansible | TASK [openstack.kolla.kolla_user : Add public key to kolla user authorized keys] ***
2023-03-06 14:56:17,884 p=5755 u=root n=ansible | skipping: [localhost]
2023-03-06 14:56:18,043 p=5755 u=root n=ansible | TASK [openstack.kolla.kolla_user : Grant kolla user passwordless sudo] *********
2023-03-06 14:56:18,115 p=5755 u=root n=ansible | skipping: [localhost]
2023-03-06 14:56:18,324 p=5755 u=root n=ansible | TASK [openstack.kolla.docker_sdk : Install latest pip in the virtualenv] *******
2023-03-06 14:56:18,419 p=5755 u=root n=ansible | skipping: [localhost]
2023-03-06 14:56:18,519 p=5755 u=root n=ansible | TASK [openstack.kolla.docker_sdk : Install docker SDK for python] **************
2023-03-06 14:56:44,701 p=5755 u=root n=ansible | ok: [localhost]
2023-03-06 14:56:44,966 p=5755 u=root n=ansible | TASK [openstack.kolla.baremetal : Ensure node_config_directory directory exists] ***
2023-03-06 14:56:45,577 p=5755 u=root n=ansible | ok: [localhost]
2023-03-06 14:56:45,664 p=5755 u=root n=ansible | TASK [openstack.kolla.apparmor_libvirt : include_tasks] ************************
2023-03-06 14:56:45,705 p=5755 u=root n=ansible | skipping: [localhost]
2023-03-06 14:56:45,924 p=5755 u=root n=ansible | TASK [openstack.kolla.baremetal : Change state of selinux] *********************
2023-03-06 14:56:47,926 p=5755 u=root n=ansible | ok: [localhost]
2023-03-06 14:56:48,132 p=5755 u=root n=ansible | TASK [openstack.kolla.baremetal : Set https proxy for git] *********************
2023-03-06 14:56:48,402 p=5755 u=root n=ansible | skipping: [localhost]
2023-03-06 14:56:48,843 p=5755 u=root n=ansible | TASK [openstack.kolla.baremetal : Set http proxy for git] **********************
2023-03-06 14:56:49,109 p=5755 u=root n=ansible | skipping: [localhost]
2023-03-06 14:56:49,216 p=5755 u=root n=ansible | TASK [openstack.kolla.baremetal : include_tasks] *******************************
2023-03-06 14:56:49,265 p=5755 u=root n=ansible | skipping: [localhost]
2023-03-06 14:56:49,653 p=5755 u=root n=ansible | PLAY RECAP *********************************************************************
2023-03-06 14:56:49,657 p=5755 u=root n=ansible | localhost                  : ok=17   changed=6    unreachable=0    failed=0    skipped=18   rescued=0    ignored=0   
