2023-04-24 07:27:15,452 p=5765 u=root n=ansible | [WARNING]: Invalid characters were found in group names but not replaced, use
-vvvv to see details

2023-04-24 07:27:19,302 p=5765 u=root n=ansible | PLAY [Gather facts for all hosts] **********************************************
2023-04-24 07:27:19,941 p=5765 u=root n=ansible | TASK [Gather facts] ************************************************************
2023-04-24 07:27:24,983 p=5765 u=root n=ansible | ok: [localhost]
2023-04-24 07:27:25,066 p=5765 u=root n=ansible | TASK [Group hosts to determine when using --limit] *****************************
2023-04-24 07:27:25,164 p=5765 u=root n=ansible | ok: [localhost]
2023-04-24 07:27:25,339 p=5765 u=root n=ansible | [WARNING]: Could not match supplied host pattern, ignoring:
all_using_limit_True

2023-04-24 07:27:25,349 p=5765 u=root n=ansible | PLAY [Gather facts for all hosts (if using --limit)] ***************************
2023-04-24 07:27:25,349 p=5765 u=root n=ansible | skipping: no hosts matched
2023-04-24 07:27:25,358 p=5765 u=root n=ansible | PLAY [Apply role baremetal] ****************************************************
2023-04-24 07:27:25,571 p=5765 u=root n=ansible | TASK [openstack.kolla.baremetal : Ensure localhost in /etc/hosts] **************
2023-04-24 07:27:26,681 p=5765 u=root n=ansible | changed: [localhost]
2023-04-24 07:27:26,783 p=5765 u=root n=ansible | TASK [openstack.kolla.baremetal : Ensure hostname does not point to 127.0.1.1 in /etc/hosts] ***
2023-04-24 07:27:27,390 p=5765 u=root n=ansible | ok: [localhost]
2023-04-24 07:27:27,505 p=5765 u=root n=ansible | TASK [openstack.kolla.baremetal : Generate /etc/hosts for all of the nodes] ****
2023-04-24 07:27:28,977 p=5765 u=root n=ansible | changed: [localhost]
2023-04-24 07:27:29,070 p=5765 u=root n=ansible | TASK [openstack.kolla.baremetal : Ensure unprivileged users can use ping] ******
2023-04-24 07:27:29,952 p=5765 u=root n=ansible | changed: [localhost]
2023-04-24 07:27:30,089 p=5765 u=root n=ansible | TASK [openstack.kolla.baremetal : Ensure /etc/cloud/cloud.cfg exists] **********
2023-04-24 07:27:31,039 p=5765 u=root n=ansible | ok: [localhost]
2023-04-24 07:27:31,169 p=5765 u=root n=ansible | TASK [openstack.kolla.baremetal : Disable cloud-init manage_etc_hosts] *********
2023-04-24 07:27:32,658 p=5765 u=root n=ansible | changed: [localhost]
2023-04-24 07:27:32,752 p=5765 u=root n=ansible | TASK [openstack.kolla.baremetal : Set firewall default policy] *****************
2023-04-24 07:27:32,823 p=5765 u=root n=ansible | skipping: [localhost]
2023-04-24 07:27:32,935 p=5765 u=root n=ansible | TASK [openstack.kolla.baremetal : Check if firewalld is installed] *************
2023-04-24 07:27:34,061 p=5765 u=root n=ansible | ok: [localhost]
2023-04-24 07:27:34,154 p=5765 u=root n=ansible | TASK [openstack.kolla.baremetal : Disable firewalld] ***************************
2023-04-24 07:27:34,214 p=5765 u=root n=ansible | skipping: [localhost] => (item=firewalld) 
2023-04-24 07:27:34,304 p=5765 u=root n=ansible | TASK [openstack.kolla.docker : Fail if docker_custom_option is defined] ********
2023-04-24 07:27:34,369 p=5765 u=root n=ansible | skipping: [localhost]
2023-04-24 07:27:34,455 p=5765 u=root n=ansible | TASK [openstack.kolla.docker : include_tasks] **********************************
2023-04-24 07:27:34,498 p=5765 u=root n=ansible | skipping: [localhost]
2023-04-24 07:27:34,581 p=5765 u=root n=ansible | TASK [openstack.kolla.docker : Ensure docker config directory exists] **********
2023-04-24 07:27:35,429 p=5765 u=root n=ansible | ok: [localhost]
2023-04-24 07:27:35,517 p=5765 u=root n=ansible | TASK [openstack.kolla.docker : Write docker config] ****************************
2023-04-24 07:27:36,666 p=5765 u=root n=ansible | changed: [localhost]
2023-04-24 07:27:36,783 p=5765 u=root n=ansible | TASK [openstack.kolla.docker : Remove old docker options file] *****************
2023-04-24 07:27:37,302 p=5765 u=root n=ansible | ok: [localhost]
2023-04-24 07:27:37,389 p=5765 u=root n=ansible | TASK [openstack.kolla.docker : Ensure docker service directory exists] *********
2023-04-24 07:27:37,438 p=5765 u=root n=ansible | skipping: [localhost]
2023-04-24 07:27:37,548 p=5765 u=root n=ansible | TASK [openstack.kolla.docker : Configure docker service] ***********************
2023-04-24 07:27:37,597 p=5765 u=root n=ansible | skipping: [localhost]
2023-04-24 07:27:37,691 p=5765 u=root n=ansible | TASK [openstack.kolla.docker : Ensure the path for CA file for private registry exists] ***
2023-04-24 07:27:37,741 p=5765 u=root n=ansible | skipping: [localhost]
2023-04-24 07:27:37,864 p=5765 u=root n=ansible | TASK [openstack.kolla.docker : Ensure the CA file for private registry exists] ***
2023-04-24 07:27:37,922 p=5765 u=root n=ansible | skipping: [localhost]
2023-04-24 07:27:38,034 p=5765 u=root n=ansible | TASK [openstack.kolla.docker : Flush handlers] *********************************
2023-04-24 07:27:38,035 p=5765 u=root n=ansible | RUNNING HANDLER [openstack.kolla.docker : Restart docker] **********************
2023-04-24 07:27:42,377 p=5765 u=root n=ansible | changed: [localhost]
2023-04-24 07:27:42,491 p=5765 u=root n=ansible | TASK [openstack.kolla.docker : Start and enable docker] ************************
2023-04-24 07:27:43,644 p=5765 u=root n=ansible | ok: [localhost]
2023-04-24 07:27:43,732 p=5765 u=root n=ansible | TASK [openstack.kolla.docker : include_tasks] **********************************
2023-04-24 07:27:43,781 p=5765 u=root n=ansible | skipping: [localhost]
2023-04-24 07:27:43,972 p=5765 u=root n=ansible | TASK [openstack.kolla.kolla_user : Ensure groups are present] ******************
2023-04-24 07:27:44,022 p=5765 u=root n=ansible | skipping: [localhost] => (item=docker) 
2023-04-24 07:27:44,033 p=5765 u=root n=ansible | skipping: [localhost] => (item=sudo) 
2023-04-24 07:27:44,040 p=5765 u=root n=ansible | skipping: [localhost] => (item=kolla) 
2023-04-24 07:27:44,129 p=5765 u=root n=ansible | TASK [openstack.kolla.kolla_user : Create kolla user] **************************
2023-04-24 07:27:44,170 p=5765 u=root n=ansible | skipping: [localhost]
2023-04-24 07:27:44,257 p=5765 u=root n=ansible | TASK [openstack.kolla.kolla_user : Add public key to kolla user authorized keys] ***
2023-04-24 07:27:44,297 p=5765 u=root n=ansible | skipping: [localhost]
2023-04-24 07:27:44,385 p=5765 u=root n=ansible | TASK [openstack.kolla.kolla_user : Grant kolla user passwordless sudo] *********
2023-04-24 07:27:44,425 p=5765 u=root n=ansible | skipping: [localhost]
2023-04-24 07:27:44,589 p=5765 u=root n=ansible | TASK [openstack.kolla.docker_sdk : Install latest pip in the virtualenv] *******
2023-04-24 07:27:44,645 p=5765 u=root n=ansible | skipping: [localhost]
2023-04-24 07:27:44,734 p=5765 u=root n=ansible | TASK [openstack.kolla.docker_sdk : Install docker SDK for python] **************
2023-04-24 07:28:11,433 p=5765 u=root n=ansible | ok: [localhost]
2023-04-24 07:28:11,616 p=5765 u=root n=ansible | TASK [openstack.kolla.baremetal : Ensure node_config_directory directory exists] ***
2023-04-24 07:28:12,258 p=5765 u=root n=ansible | ok: [localhost]
2023-04-24 07:28:12,371 p=5765 u=root n=ansible | TASK [openstack.kolla.apparmor_libvirt : include_tasks] ************************
2023-04-24 07:28:12,423 p=5765 u=root n=ansible | skipping: [localhost]
2023-04-24 07:28:12,632 p=5765 u=root n=ansible | TASK [openstack.kolla.baremetal : Change state of selinux] *********************
2023-04-24 07:28:14,183 p=5765 u=root n=ansible | ok: [localhost]
2023-04-24 07:28:14,271 p=5765 u=root n=ansible | TASK [openstack.kolla.baremetal : Set https proxy for git] *********************
2023-04-24 07:28:14,311 p=5765 u=root n=ansible | skipping: [localhost]
2023-04-24 07:28:14,396 p=5765 u=root n=ansible | TASK [openstack.kolla.baremetal : Set http proxy for git] **********************
2023-04-24 07:28:14,436 p=5765 u=root n=ansible | skipping: [localhost]
2023-04-24 07:28:14,522 p=5765 u=root n=ansible | TASK [openstack.kolla.baremetal : include_tasks] *******************************
2023-04-24 07:28:14,565 p=5765 u=root n=ansible | skipping: [localhost]
2023-04-24 07:28:14,890 p=5765 u=root n=ansible | PLAY RECAP *********************************************************************
2023-04-24 07:28:14,891 p=5765 u=root n=ansible | localhost                  : ok=17   changed=6    unreachable=0    failed=0    skipped=18   rescued=0    ignored=0   
