2023-02-16 13:45:23.864670-05:00 [notice] <0.223.0> Logging: configured log handlers are now ACTIVE
2023-02-16 13:45:24.308087-05:00 [info] <0.223.0> ra: starting system quorum_queues
2023-02-16 13:45:24.308541-05:00 [info] <0.223.0> starting Ra system: quorum_queues in directory: /var/lib/rabbitmq/mnesia/rabbit@host-169-16-1-158/quorum/rabbit@host-169-16-1-158
2023-02-16 13:45:24.444906-05:00 [info] <0.295.0> ra system 'quorum_queues' running pre init for 0 registered servers
2023-02-16 13:45:24.464505-05:00 [info] <0.296.0> ra: meta data store initialised for system quorum_queues. 0 record(s) recovered
2023-02-16 13:45:24.494944-05:00 [notice] <0.302.0> WAL: ra_log_wal init, open tbls: ra_log_open_mem_tables, closed tbls: ra_log_closed_mem_tables
2023-02-16 13:45:24.507073-05:00 [info] <0.223.0> ra: starting system coordination
2023-02-16 13:45:24.507237-05:00 [info] <0.223.0> starting Ra system: coordination in directory: /var/lib/rabbitmq/mnesia/rabbit@host-169-16-1-158/coordination/rabbit@host-169-16-1-158
2023-02-16 13:45:24.509723-05:00 [info] <0.309.0> ra system 'coordination' running pre init for 0 registered servers
2023-02-16 13:45:24.511495-05:00 [info] <0.310.0> ra: meta data store initialised for system coordination. 0 record(s) recovered
2023-02-16 13:45:24.512043-05:00 [notice] <0.315.0> WAL: ra_coordination_log_wal init, open tbls: ra_coordination_log_open_mem_tables, closed tbls: ra_coordination_log_closed_mem_tables
2023-02-16 13:45:24.517308-05:00 [info] <0.223.0> 
2023-02-16 13:45:24.517308-05:00 [info] <0.223.0>  Starting RabbitMQ 3.10.12 on Erlang 25.1.1 [jit]
2023-02-16 13:45:24.517308-05:00 [info] <0.223.0>  Copyright (c) 2007-2022 VMware, Inc. or its affiliates.
2023-02-16 13:45:24.517308-05:00 [info] <0.223.0>  Licensed under the MPL 2.0. Website: https://rabbitmq.com
2023-02-16 13:45:24.521501-05:00 [info] <0.223.0> 
2023-02-16 13:45:24.521501-05:00 [info] <0.223.0>  node           : rabbit@host-169-16-1-158
2023-02-16 13:45:24.521501-05:00 [info] <0.223.0>  home dir       : /var/lib/rabbitmq
2023-02-16 13:45:24.521501-05:00 [info] <0.223.0>  config file(s) : /etc/rabbitmq/advanced.config
2023-02-16 13:45:24.521501-05:00 [info] <0.223.0>                 : /etc/rabbitmq/rabbitmq.conf
2023-02-16 13:45:24.521501-05:00 [info] <0.223.0>  cookie hash    : llG6FWwzS3JASYsSD1aAxg==
2023-02-16 13:45:24.521501-05:00 [info] <0.223.0>  log(s)         : /var/log/kolla/rabbitmq/rabbit@host-169-16-1-158.log
2023-02-16 13:45:24.521501-05:00 [info] <0.223.0>                 : /var/log/kolla/rabbitmq/rabbit@host-169-16-1-158_upgrade.log
2023-02-16 13:45:24.521501-05:00 [info] <0.223.0>                 : <stdout>
2023-02-16 13:45:24.521501-05:00 [info] <0.223.0>  database dir   : /var/lib/rabbitmq/mnesia/rabbit@host-169-16-1-158
2023-02-16 13:45:24.945783-05:00 [info] <0.223.0> Feature flags: list of feature flags found:
2023-02-16 13:45:24.946120-05:00 [info] <0.223.0> Feature flags:   [ ] classic_mirrored_queue_version
2023-02-16 13:45:24.946236-05:00 [info] <0.223.0> Feature flags:   [ ] classic_queue_type_delivery_support
2023-02-16 13:45:24.946324-05:00 [info] <0.223.0> Feature flags:   [ ] drop_unroutable_metric
2023-02-16 13:45:24.946595-05:00 [info] <0.223.0> Feature flags:   [ ] empty_basic_get_metric
2023-02-16 13:45:24.946683-05:00 [info] <0.223.0> Feature flags:   [ ] implicit_default_bindings
2023-02-16 13:45:24.946803-05:00 [info] <0.223.0> Feature flags:   [ ] maintenance_mode_status
2023-02-16 13:45:24.947156-05:00 [info] <0.223.0> Feature flags:   [ ] quorum_queue
2023-02-16 13:45:24.947244-05:00 [info] <0.223.0> Feature flags:   [ ] stream_queue
2023-02-16 13:45:24.947322-05:00 [info] <0.223.0> Feature flags:   [ ] user_limits
2023-02-16 13:45:24.947418-05:00 [info] <0.223.0> Feature flags:   [ ] virtual_host_metadata
2023-02-16 13:45:24.947809-05:00 [info] <0.223.0> Feature flags: feature flag states written to disk: yes
2023-02-16 13:45:30.690147-05:00 [info] <0.223.0> Running boot step pre_boot defined by app rabbit
2023-02-16 13:45:30.690648-05:00 [info] <0.223.0> Running boot step rabbit_global_counters defined by app rabbit
2023-02-16 13:45:30.692182-05:00 [info] <0.223.0> Running boot step rabbit_osiris_metrics defined by app rabbit
2023-02-16 13:45:30.692968-05:00 [info] <0.223.0> Running boot step rabbit_core_metrics defined by app rabbit
2023-02-16 13:45:30.694585-05:00 [info] <0.223.0> Running boot step rabbit_alarm defined by app rabbit
2023-02-16 13:45:30.721194-05:00 [info] <0.386.0> Memory high watermark set to 3075 MiB (3224559616 bytes) of 7687 MiB (8061399040 bytes) total
2023-02-16 13:45:30.759903-05:00 [info] <0.388.0> Enabling free disk space monitoring
2023-02-16 13:45:30.760131-05:00 [info] <0.388.0> Disk free limit set to 50MB
2023-02-16 13:45:30.767819-05:00 [info] <0.223.0> Running boot step code_server_cache defined by app rabbit
2023-02-16 13:45:30.768587-05:00 [info] <0.223.0> Running boot step file_handle_cache defined by app rabbit
2023-02-16 13:45:30.769500-05:00 [info] <0.392.0> Limiting to approx 1048479 file handles (943629 sockets)
2023-02-16 13:45:30.770041-05:00 [info] <0.393.0> FHC read buffering: OFF
2023-02-16 13:45:30.770162-05:00 [info] <0.393.0> FHC write buffering: ON
2023-02-16 13:45:30.771534-05:00 [info] <0.223.0> Running boot step worker_pool defined by app rabbit
2023-02-16 13:45:30.771747-05:00 [info] <0.317.0> Will use 2 processes for default worker pool
2023-02-16 13:45:30.771913-05:00 [info] <0.317.0> Starting worker pool 'worker_pool' with 2 processes in it
2023-02-16 13:45:30.773145-05:00 [info] <0.223.0> Running boot step database defined by app rabbit
2023-02-16 13:45:30.774248-05:00 [info] <0.223.0> Node database directory at /var/lib/rabbitmq/mnesia/rabbit@host-169-16-1-158 is empty. Assuming we need to join an existing cluster or initialise from scratch...
2023-02-16 13:45:30.774502-05:00 [info] <0.223.0> Configured peer discovery backend: rabbit_peer_discovery_classic_config
2023-02-16 13:45:30.774627-05:00 [info] <0.223.0> Will try to lock with peer discovery backend rabbit_peer_discovery_classic_config
2023-02-16 13:45:30.775458-05:00 [info] <0.223.0> All discovered existing cluster peers: rabbit@host-169-16-1-158
2023-02-16 13:45:30.775654-05:00 [info] <0.223.0> Discovered no peer nodes to cluster with. Some discovery backends can filter nodes out based on a readiness criteria. Enabling debug logging might help troubleshoot.
2023-02-16 13:45:30.781999-05:00 [notice] <0.44.0> Application mnesia exited with reason: stopped
2023-02-16 13:45:30.950797-05:00 [info] <0.223.0> Waiting for Mnesia tables for 30000 ms, 9 retries left
2023-02-16 13:45:30.951429-05:00 [info] <0.223.0> Successfully synced tables from a peer
2023-02-16 13:45:30.972283-05:00 [info] <0.223.0> Waiting for Mnesia tables for 30000 ms, 9 retries left
2023-02-16 13:45:30.972999-05:00 [info] <0.223.0> Successfully synced tables from a peer
2023-02-16 13:45:30.973185-05:00 [info] <0.223.0> Feature flag `classic_mirrored_queue_version`: supported, attempt to enable...
2023-02-16 13:45:30.973600-05:00 [info] <0.223.0> Feature flag `classic_mirrored_queue_version`: mark as enabled=state_changing
2023-02-16 13:45:30.975949-05:00 [info] <0.223.0> Feature flags: list of feature flags found:
2023-02-16 13:45:30.976076-05:00 [info] <0.223.0> Feature flags:   [~] classic_mirrored_queue_version
2023-02-16 13:45:30.976182-05:00 [info] <0.223.0> Feature flags:   [ ] classic_queue_type_delivery_support
2023-02-16 13:45:30.976447-05:00 [info] <0.223.0> Feature flags:   [ ] drop_unroutable_metric
2023-02-16 13:45:30.976535-05:00 [info] <0.223.0> Feature flags:   [ ] empty_basic_get_metric
2023-02-16 13:45:30.976615-05:00 [info] <0.223.0> Feature flags:   [ ] implicit_default_bindings
2023-02-16 13:45:30.976894-05:00 [info] <0.223.0> Feature flags:   [ ] maintenance_mode_status
2023-02-16 13:45:30.977175-05:00 [info] <0.223.0> Feature flags:   [ ] quorum_queue
2023-02-16 13:45:30.977272-05:00 [info] <0.223.0> Feature flags:   [ ] stream_queue
2023-02-16 13:45:30.977439-05:00 [info] <0.223.0> Feature flags:   [ ] user_limits
2023-02-16 13:45:30.977606-05:00 [info] <0.223.0> Feature flags:   [ ] virtual_host_metadata
2023-02-16 13:45:30.977774-05:00 [info] <0.223.0> Feature flags: feature flag states written to disk: yes
2023-02-16 13:45:31.001783-05:00 [info] <0.223.0> Feature flag `classic_mirrored_queue_version`: mark as enabled=true
2023-02-16 13:45:31.005247-05:00 [info] <0.223.0> Feature flags: list of feature flags found:
2023-02-16 13:45:31.005421-05:00 [info] <0.223.0> Feature flags:   [x] classic_mirrored_queue_version
2023-02-16 13:45:31.005524-05:00 [info] <0.223.0> Feature flags:   [ ] classic_queue_type_delivery_support
2023-02-16 13:45:31.005616-05:00 [info] <0.223.0> Feature flags:   [ ] drop_unroutable_metric
2023-02-16 13:45:31.005816-05:00 [info] <0.223.0> Feature flags:   [ ] empty_basic_get_metric
2023-02-16 13:45:31.005933-05:00 [info] <0.223.0> Feature flags:   [ ] implicit_default_bindings
2023-02-16 13:45:31.006121-05:00 [info] <0.223.0> Feature flags:   [ ] maintenance_mode_status
2023-02-16 13:45:31.006360-05:00 [info] <0.223.0> Feature flags:   [ ] quorum_queue
2023-02-16 13:45:31.006462-05:00 [info] <0.223.0> Feature flags:   [ ] stream_queue
2023-02-16 13:45:31.006542-05:00 [info] <0.223.0> Feature flags:   [ ] user_limits
2023-02-16 13:45:31.006618-05:00 [info] <0.223.0> Feature flags:   [ ] virtual_host_metadata
2023-02-16 13:45:31.006920-05:00 [info] <0.223.0> Feature flags: feature flag states written to disk: yes
2023-02-16 13:45:31.029352-05:00 [info] <0.223.0> Feature flag `classic_queue_type_delivery_support`: supported, attempt to enable...
2023-02-16 13:45:31.029737-05:00 [info] <0.223.0> Feature flag `classic_queue_type_delivery_support`: mark as enabled=state_changing
2023-02-16 13:45:31.031912-05:00 [info] <0.223.0> Feature flags: list of feature flags found:
2023-02-16 13:45:31.032060-05:00 [info] <0.223.0> Feature flags:   [x] classic_mirrored_queue_version
2023-02-16 13:45:31.032165-05:00 [info] <0.223.0> Feature flags:   [~] classic_queue_type_delivery_support
2023-02-16 13:45:31.032339-05:00 [info] <0.223.0> Feature flags:   [ ] drop_unroutable_metric
2023-02-16 13:45:31.032503-05:00 [info] <0.223.0> Feature flags:   [ ] empty_basic_get_metric
2023-02-16 13:45:31.032594-05:00 [info] <0.223.0> Feature flags:   [ ] implicit_default_bindings
2023-02-16 13:45:31.032701-05:00 [info] <0.223.0> Feature flags:   [ ] maintenance_mode_status
2023-02-16 13:45:31.032786-05:00 [info] <0.223.0> Feature flags:   [ ] quorum_queue
2023-02-16 13:45:31.032919-05:00 [info] <0.223.0> Feature flags:   [ ] stream_queue
2023-02-16 13:45:31.033010-05:00 [info] <0.223.0> Feature flags:   [ ] user_limits
2023-02-16 13:45:31.033094-05:00 [info] <0.223.0> Feature flags:   [ ] virtual_host_metadata
2023-02-16 13:45:31.033254-05:00 [info] <0.223.0> Feature flags: feature flag states written to disk: yes
2023-02-16 13:45:31.056387-05:00 [info] <0.223.0> Feature flag `stream_queue`: supported, attempt to enable...
2023-02-16 13:45:31.057159-05:00 [info] <0.223.0> Feature flag `stream_queue`: mark as enabled=state_changing
2023-02-16 13:45:31.059899-05:00 [info] <0.223.0> Feature flags: list of feature flags found:
2023-02-16 13:45:31.060072-05:00 [info] <0.223.0> Feature flags:   [x] classic_mirrored_queue_version
2023-02-16 13:45:31.060180-05:00 [info] <0.223.0> Feature flags:   [~] classic_queue_type_delivery_support
2023-02-16 13:45:31.060292-05:00 [info] <0.223.0> Feature flags:   [ ] drop_unroutable_metric
2023-02-16 13:45:31.060456-05:00 [info] <0.223.0> Feature flags:   [ ] empty_basic_get_metric
2023-02-16 13:45:31.060768-05:00 [info] <0.223.0> Feature flags:   [ ] implicit_default_bindings
2023-02-16 13:45:31.060897-05:00 [info] <0.223.0> Feature flags:   [ ] maintenance_mode_status
2023-02-16 13:45:31.061006-05:00 [info] <0.223.0> Feature flags:   [ ] quorum_queue
2023-02-16 13:45:31.061244-05:00 [info] <0.223.0> Feature flags:   [~] stream_queue
2023-02-16 13:45:31.061385-05:00 [info] <0.223.0> Feature flags:   [ ] user_limits
2023-02-16 13:45:31.061509-05:00 [info] <0.223.0> Feature flags:   [ ] virtual_host_metadata
2023-02-16 13:45:31.061610-05:00 [info] <0.223.0> Feature flags: feature flag states written to disk: yes
2023-02-16 13:45:31.081865-05:00 [info] <0.223.0> Feature flag `quorum_queue`: supported, attempt to enable...
2023-02-16 13:45:31.082242-05:00 [info] <0.223.0> Feature flag `quorum_queue`: mark as enabled=state_changing
2023-02-16 13:45:31.084218-05:00 [info] <0.223.0> Feature flags: list of feature flags found:
2023-02-16 13:45:31.084360-05:00 [info] <0.223.0> Feature flags:   [x] classic_mirrored_queue_version
2023-02-16 13:45:31.084496-05:00 [info] <0.223.0> Feature flags:   [~] classic_queue_type_delivery_support
2023-02-16 13:45:31.084619-05:00 [info] <0.223.0> Feature flags:   [ ] drop_unroutable_metric
2023-02-16 13:45:31.084745-05:00 [info] <0.223.0> Feature flags:   [ ] empty_basic_get_metric
2023-02-16 13:45:31.084833-05:00 [info] <0.223.0> Feature flags:   [ ] implicit_default_bindings
2023-02-16 13:45:31.084956-05:00 [info] <0.223.0> Feature flags:   [ ] maintenance_mode_status
2023-02-16 13:45:31.085127-05:00 [info] <0.223.0> Feature flags:   [~] quorum_queue
2023-02-16 13:45:31.085303-05:00 [info] <0.223.0> Feature flags:   [~] stream_queue
2023-02-16 13:45:31.085423-05:00 [info] <0.223.0> Feature flags:   [ ] user_limits
2023-02-16 13:45:31.085530-05:00 [info] <0.223.0> Feature flags:   [ ] virtual_host_metadata
2023-02-16 13:45:31.085632-05:00 [info] <0.223.0> Feature flags: feature flag states written to disk: yes
2023-02-16 13:45:31.109429-05:00 [info] <0.223.0> Waiting for Mnesia tables for 30000 ms, 9 retries left
2023-02-16 13:45:31.109918-05:00 [info] <0.223.0> Successfully synced tables from a peer
2023-02-16 13:45:31.110021-05:00 [info] <0.223.0> Feature flag `quorum_queue`:   migrating Mnesia table rabbit_queue...
2023-02-16 13:45:31.138131-05:00 [info] <0.223.0> Feature flag `quorum_queue`:   migrating Mnesia table rabbit_durable_queue...
2023-02-16 13:45:31.158217-05:00 [info] <0.223.0> Feature flag `quorum_queue`:   Mnesia tables migration done
2023-02-16 13:45:31.158463-05:00 [info] <0.223.0> Feature flag `quorum_queue`: mark as enabled=true
2023-02-16 13:45:31.172273-05:00 [info] <0.223.0> Feature flags: list of feature flags found:
2023-02-16 13:45:31.172558-05:00 [info] <0.223.0> Feature flags:   [x] classic_mirrored_queue_version
2023-02-16 13:45:31.172692-05:00 [info] <0.223.0> Feature flags:   [~] classic_queue_type_delivery_support
2023-02-16 13:45:31.172805-05:00 [info] <0.223.0> Feature flags:   [ ] drop_unroutable_metric
2023-02-16 13:45:31.173007-05:00 [info] <0.223.0> Feature flags:   [ ] empty_basic_get_metric
2023-02-16 13:45:31.173125-05:00 [info] <0.223.0> Feature flags:   [ ] implicit_default_bindings
2023-02-16 13:45:31.173213-05:00 [info] <0.223.0> Feature flags:   [ ] maintenance_mode_status
2023-02-16 13:45:31.173546-05:00 [info] <0.223.0> Feature flags:   [x] quorum_queue
2023-02-16 13:45:31.173646-05:00 [info] <0.223.0> Feature flags:   [~] stream_queue
2023-02-16 13:45:31.173730-05:00 [info] <0.223.0> Feature flags:   [ ] user_limits
2023-02-16 13:45:31.173827-05:00 [info] <0.223.0> Feature flags:   [ ] virtual_host_metadata
2023-02-16 13:45:31.174192-05:00 [info] <0.223.0> Feature flags: feature flag states written to disk: yes
2023-02-16 13:45:31.197681-05:00 [info] <0.223.0> Feature flag `stream_queue`: mark as enabled=true
2023-02-16 13:45:31.205149-05:00 [info] <0.223.0> Feature flags: list of feature flags found:
2023-02-16 13:45:31.205656-05:00 [info] <0.223.0> Feature flags:   [x] classic_mirrored_queue_version
2023-02-16 13:45:31.206098-05:00 [info] <0.223.0> Feature flags:   [~] classic_queue_type_delivery_support
2023-02-16 13:45:31.206212-05:00 [info] <0.223.0> Feature flags:   [ ] drop_unroutable_metric
2023-02-16 13:45:31.206330-05:00 [info] <0.223.0> Feature flags:   [ ] empty_basic_get_metric
2023-02-16 13:45:31.206531-05:00 [info] <0.223.0> Feature flags:   [ ] implicit_default_bindings
2023-02-16 13:45:31.206653-05:00 [info] <0.223.0> Feature flags:   [ ] maintenance_mode_status
2023-02-16 13:45:31.206817-05:00 [info] <0.223.0> Feature flags:   [x] quorum_queue
2023-02-16 13:45:31.207034-05:00 [info] <0.223.0> Feature flags:   [x] stream_queue
2023-02-16 13:45:31.207379-05:00 [info] <0.223.0> Feature flags:   [ ] user_limits
2023-02-16 13:45:31.207551-05:00 [info] <0.223.0> Feature flags:   [ ] virtual_host_metadata
2023-02-16 13:45:31.207682-05:00 [info] <0.223.0> Feature flags: feature flag states written to disk: yes
2023-02-16 13:45:31.238111-05:00 [info] <0.223.0> Feature flag `classic_queue_type_delivery_support`: mark as enabled=true
2023-02-16 13:45:31.245922-05:00 [info] <0.223.0> Feature flags: list of feature flags found:
2023-02-16 13:45:31.246315-05:00 [info] <0.223.0> Feature flags:   [x] classic_mirrored_queue_version
2023-02-16 13:45:31.246484-05:00 [info] <0.223.0> Feature flags:   [x] classic_queue_type_delivery_support
2023-02-16 13:45:31.246619-05:00 [info] <0.223.0> Feature flags:   [ ] drop_unroutable_metric
2023-02-16 13:45:31.247001-05:00 [info] <0.223.0> Feature flags:   [ ] empty_basic_get_metric
2023-02-16 13:45:31.247109-05:00 [info] <0.223.0> Feature flags:   [ ] implicit_default_bindings
2023-02-16 13:45:31.247500-05:00 [info] <0.223.0> Feature flags:   [ ] maintenance_mode_status
2023-02-16 13:45:31.247933-05:00 [info] <0.223.0> Feature flags:   [x] quorum_queue
2023-02-16 13:45:31.248035-05:00 [info] <0.223.0> Feature flags:   [x] stream_queue
2023-02-16 13:45:31.248126-05:00 [info] <0.223.0> Feature flags:   [ ] user_limits
2023-02-16 13:45:31.248235-05:00 [info] <0.223.0> Feature flags:   [ ] virtual_host_metadata
2023-02-16 13:45:31.248918-05:00 [info] <0.223.0> Feature flags: feature flag states written to disk: yes
2023-02-16 13:45:31.278564-05:00 [info] <0.223.0> Feature flag `drop_unroutable_metric`: supported, attempt to enable...
2023-02-16 13:45:31.279870-05:00 [info] <0.223.0> Feature flag `drop_unroutable_metric`: mark as enabled=state_changing
2023-02-16 13:45:31.283989-05:00 [info] <0.223.0> Feature flags: list of feature flags found:
2023-02-16 13:45:31.284579-05:00 [info] <0.223.0> Feature flags:   [x] classic_mirrored_queue_version
2023-02-16 13:45:31.284712-05:00 [info] <0.223.0> Feature flags:   [x] classic_queue_type_delivery_support
2023-02-16 13:45:31.284826-05:00 [info] <0.223.0> Feature flags:   [~] drop_unroutable_metric
2023-02-16 13:45:31.284970-05:00 [info] <0.223.0> Feature flags:   [ ] empty_basic_get_metric
2023-02-16 13:45:31.285211-05:00 [info] <0.223.0> Feature flags:   [ ] implicit_default_bindings
2023-02-16 13:45:31.285418-05:00 [info] <0.223.0> Feature flags:   [ ] maintenance_mode_status
2023-02-16 13:45:31.285795-05:00 [info] <0.223.0> Feature flags:   [x] quorum_queue
2023-02-16 13:45:31.285939-05:00 [info] <0.223.0> Feature flags:   [x] stream_queue
2023-02-16 13:45:31.286055-05:00 [info] <0.223.0> Feature flags:   [ ] user_limits
2023-02-16 13:45:31.286147-05:00 [info] <0.223.0> Feature flags:   [ ] virtual_host_metadata
2023-02-16 13:45:31.286327-05:00 [info] <0.223.0> Feature flags: feature flag states written to disk: yes
2023-02-16 13:45:31.318115-05:00 [info] <0.223.0> Feature flag `drop_unroutable_metric`: mark as enabled=true
2023-02-16 13:45:31.324930-05:00 [info] <0.223.0> Feature flags: list of feature flags found:
2023-02-16 13:45:31.325169-05:00 [info] <0.223.0> Feature flags:   [x] classic_mirrored_queue_version
2023-02-16 13:45:31.325569-05:00 [info] <0.223.0> Feature flags:   [x] classic_queue_type_delivery_support
2023-02-16 13:45:31.325763-05:00 [info] <0.223.0> Feature flags:   [x] drop_unroutable_metric
2023-02-16 13:45:31.325978-05:00 [info] <0.223.0> Feature flags:   [ ] empty_basic_get_metric
2023-02-16 13:45:31.326079-05:00 [info] <0.223.0> Feature flags:   [ ] implicit_default_bindings
2023-02-16 13:45:31.326214-05:00 [info] <0.223.0> Feature flags:   [ ] maintenance_mode_status
2023-02-16 13:45:31.326671-05:00 [info] <0.223.0> Feature flags:   [x] quorum_queue
2023-02-16 13:45:31.326779-05:00 [info] <0.223.0> Feature flags:   [x] stream_queue
2023-02-16 13:45:31.326903-05:00 [info] <0.223.0> Feature flags:   [ ] user_limits
2023-02-16 13:45:31.326998-05:00 [info] <0.223.0> Feature flags:   [ ] virtual_host_metadata
2023-02-16 13:45:31.327376-05:00 [info] <0.223.0> Feature flags: feature flag states written to disk: yes
2023-02-16 13:45:31.357306-05:00 [info] <0.223.0> Feature flag `empty_basic_get_metric`: supported, attempt to enable...
2023-02-16 13:45:31.358353-05:00 [info] <0.223.0> Feature flag `empty_basic_get_metric`: mark as enabled=state_changing
2023-02-16 13:45:31.361630-05:00 [info] <0.223.0> Feature flags: list of feature flags found:
2023-02-16 13:45:31.361973-05:00 [info] <0.223.0> Feature flags:   [x] classic_mirrored_queue_version
2023-02-16 13:45:31.362133-05:00 [info] <0.223.0> Feature flags:   [x] classic_queue_type_delivery_support
2023-02-16 13:45:31.362423-05:00 [info] <0.223.0> Feature flags:   [x] drop_unroutable_metric
2023-02-16 13:45:31.362569-05:00 [info] <0.223.0> Feature flags:   [~] empty_basic_get_metric
2023-02-16 13:45:31.362740-05:00 [info] <0.223.0> Feature flags:   [ ] implicit_default_bindings
2023-02-16 13:45:31.362950-05:00 [info] <0.223.0> Feature flags:   [ ] maintenance_mode_status
2023-02-16 13:45:31.363263-05:00 [info] <0.223.0> Feature flags:   [x] quorum_queue
2023-02-16 13:45:31.363524-05:00 [info] <0.223.0> Feature flags:   [x] stream_queue
2023-02-16 13:45:31.363658-05:00 [info] <0.223.0> Feature flags:   [ ] user_limits
2023-02-16 13:45:31.363811-05:00 [info] <0.223.0> Feature flags:   [ ] virtual_host_metadata
2023-02-16 13:45:31.363985-05:00 [info] <0.223.0> Feature flags: feature flag states written to disk: yes
2023-02-16 13:45:31.401117-05:00 [info] <0.223.0> Feature flag `empty_basic_get_metric`: mark as enabled=true
2023-02-16 13:45:31.409808-05:00 [info] <0.223.0> Feature flags: list of feature flags found:
2023-02-16 13:45:31.410098-05:00 [info] <0.223.0> Feature flags:   [x] classic_mirrored_queue_version
2023-02-16 13:45:31.410298-05:00 [info] <0.223.0> Feature flags:   [x] classic_queue_type_delivery_support
2023-02-16 13:45:31.410536-05:00 [info] <0.223.0> Feature flags:   [x] drop_unroutable_metric
2023-02-16 13:45:31.410790-05:00 [info] <0.223.0> Feature flags:   [x] empty_basic_get_metric
2023-02-16 13:45:31.411282-05:00 [info] <0.223.0> Feature flags:   [ ] implicit_default_bindings
2023-02-16 13:45:31.411477-05:00 [info] <0.223.0> Feature flags:   [ ] maintenance_mode_status
2023-02-16 13:45:31.411713-05:00 [info] <0.223.0> Feature flags:   [x] quorum_queue
2023-02-16 13:45:31.411955-05:00 [info] <0.223.0> Feature flags:   [x] stream_queue
2023-02-16 13:45:31.412176-05:00 [info] <0.223.0> Feature flags:   [ ] user_limits
2023-02-16 13:45:31.412304-05:00 [info] <0.223.0> Feature flags:   [ ] virtual_host_metadata
2023-02-16 13:45:31.412490-05:00 [info] <0.223.0> Feature flags: feature flag states written to disk: yes
2023-02-16 13:45:31.450111-05:00 [info] <0.223.0> Feature flag `implicit_default_bindings`: supported, attempt to enable...
2023-02-16 13:45:31.451078-05:00 [info] <0.223.0> Feature flag `implicit_default_bindings`: mark as enabled=state_changing
2023-02-16 13:45:31.453818-05:00 [info] <0.223.0> Feature flags: list of feature flags found:
2023-02-16 13:45:31.454213-05:00 [info] <0.223.0> Feature flags:   [x] classic_mirrored_queue_version
2023-02-16 13:45:31.454383-05:00 [info] <0.223.0> Feature flags:   [x] classic_queue_type_delivery_support
2023-02-16 13:45:31.454900-05:00 [info] <0.223.0> Feature flags:   [x] drop_unroutable_metric
2023-02-16 13:45:31.455245-05:00 [info] <0.223.0> Feature flags:   [x] empty_basic_get_metric
2023-02-16 13:45:31.455629-05:00 [info] <0.223.0> Feature flags:   [~] implicit_default_bindings
2023-02-16 13:45:31.455833-05:00 [info] <0.223.0> Feature flags:   [ ] maintenance_mode_status
2023-02-16 13:45:31.456059-05:00 [info] <0.223.0> Feature flags:   [x] quorum_queue
2023-02-16 13:45:31.456298-05:00 [info] <0.223.0> Feature flags:   [x] stream_queue
2023-02-16 13:45:31.456508-05:00 [info] <0.223.0> Feature flags:   [ ] user_limits
2023-02-16 13:45:31.456666-05:00 [info] <0.223.0> Feature flags:   [ ] virtual_host_metadata
2023-02-16 13:45:31.456944-05:00 [info] <0.223.0> Feature flags: feature flag states written to disk: yes
2023-02-16 13:45:31.488674-05:00 [info] <0.223.0> Waiting for Mnesia tables for 30000 ms, 0 retries left
2023-02-16 13:45:31.490325-05:00 [info] <0.223.0> Successfully synced tables from a peer
2023-02-16 13:45:31.490684-05:00 [info] <0.223.0> Feature flag `implicit_default_bindings`: mark as enabled=true
2023-02-16 13:45:31.497568-05:00 [info] <0.223.0> Feature flags: list of feature flags found:
2023-02-16 13:45:31.497832-05:00 [info] <0.223.0> Feature flags:   [x] classic_mirrored_queue_version
2023-02-16 13:45:31.498032-05:00 [info] <0.223.0> Feature flags:   [x] classic_queue_type_delivery_support
2023-02-16 13:45:31.498213-05:00 [info] <0.223.0> Feature flags:   [x] drop_unroutable_metric
2023-02-16 13:45:31.498565-05:00 [info] <0.223.0> Feature flags:   [x] empty_basic_get_metric
2023-02-16 13:45:31.498713-05:00 [info] <0.223.0> Feature flags:   [x] implicit_default_bindings
2023-02-16 13:45:31.498904-05:00 [info] <0.223.0> Feature flags:   [ ] maintenance_mode_status
2023-02-16 13:45:31.499285-05:00 [info] <0.223.0> Feature flags:   [x] quorum_queue
2023-02-16 13:45:31.499451-05:00 [info] <0.223.0> Feature flags:   [x] stream_queue
2023-02-16 13:45:31.499582-05:00 [info] <0.223.0> Feature flags:   [ ] user_limits
2023-02-16 13:45:31.499704-05:00 [info] <0.223.0> Feature flags:   [ ] virtual_host_metadata
2023-02-16 13:45:31.500103-05:00 [info] <0.223.0> Feature flags: feature flag states written to disk: yes
2023-02-16 13:45:31.534263-05:00 [info] <0.223.0> Feature flag `maintenance_mode_status`: supported, attempt to enable...
2023-02-16 13:45:31.534999-05:00 [info] <0.223.0> Feature flag `maintenance_mode_status`: mark as enabled=state_changing
2023-02-16 13:45:31.538096-05:00 [info] <0.223.0> Feature flags: list of feature flags found:
2023-02-16 13:45:31.538308-05:00 [info] <0.223.0> Feature flags:   [x] classic_mirrored_queue_version
2023-02-16 13:45:31.538531-05:00 [info] <0.223.0> Feature flags:   [x] classic_queue_type_delivery_support
2023-02-16 13:45:31.538737-05:00 [info] <0.223.0> Feature flags:   [x] drop_unroutable_metric
2023-02-16 13:45:31.539039-05:00 [info] <0.223.0> Feature flags:   [x] empty_basic_get_metric
2023-02-16 13:45:31.539276-05:00 [info] <0.223.0> Feature flags:   [x] implicit_default_bindings
2023-02-16 13:45:31.539489-05:00 [info] <0.223.0> Feature flags:   [~] maintenance_mode_status
2023-02-16 13:45:31.539629-05:00 [info] <0.223.0> Feature flags:   [x] quorum_queue
2023-02-16 13:45:31.539777-05:00 [info] <0.223.0> Feature flags:   [x] stream_queue
2023-02-16 13:45:31.539972-05:00 [info] <0.223.0> Feature flags:   [ ] user_limits
2023-02-16 13:45:31.540153-05:00 [info] <0.223.0> Feature flags:   [ ] virtual_host_metadata
2023-02-16 13:45:31.540286-05:00 [info] <0.223.0> Feature flags: feature flag states written to disk: yes
2023-02-16 13:45:31.571091-05:00 [info] <0.223.0> Creating table rabbit_node_maintenance_states for feature flag `maintenance_mode_status`
2023-02-16 13:45:31.582112-05:00 [info] <0.223.0> Feature flag `maintenance_mode_status`: mark as enabled=true
2023-02-16 13:45:31.589452-05:00 [info] <0.223.0> Feature flags: list of feature flags found:
2023-02-16 13:45:31.590030-05:00 [info] <0.223.0> Feature flags:   [x] classic_mirrored_queue_version
2023-02-16 13:45:31.590359-05:00 [info] <0.223.0> Feature flags:   [x] classic_queue_type_delivery_support
2023-02-16 13:45:31.590541-05:00 [info] <0.223.0> Feature flags:   [x] drop_unroutable_metric
2023-02-16 13:45:31.590690-05:00 [info] <0.223.0> Feature flags:   [x] empty_basic_get_metric
2023-02-16 13:45:31.590889-05:00 [info] <0.223.0> Feature flags:   [x] implicit_default_bindings
2023-02-16 13:45:31.591026-05:00 [info] <0.223.0> Feature flags:   [x] maintenance_mode_status
2023-02-16 13:45:31.591731-05:00 [info] <0.223.0> Feature flags:   [x] quorum_queue
2023-02-16 13:45:31.591924-05:00 [info] <0.223.0> Feature flags:   [x] stream_queue
2023-02-16 13:45:31.592154-05:00 [info] <0.223.0> Feature flags:   [ ] user_limits
2023-02-16 13:45:31.592367-05:00 [info] <0.223.0> Feature flags:   [ ] virtual_host_metadata
2023-02-16 13:45:31.592922-05:00 [info] <0.223.0> Feature flags: feature flag states written to disk: yes
2023-02-16 13:45:31.619186-05:00 [info] <0.223.0> Feature flag `user_limits`: supported, attempt to enable...
2023-02-16 13:45:31.619553-05:00 [info] <0.223.0> Feature flag `user_limits`: mark as enabled=state_changing
2023-02-16 13:45:31.621478-05:00 [info] <0.223.0> Feature flags: list of feature flags found:
2023-02-16 13:45:31.621655-05:00 [info] <0.223.0> Feature flags:   [x] classic_mirrored_queue_version
2023-02-16 13:45:31.621895-05:00 [info] <0.223.0> Feature flags:   [x] classic_queue_type_delivery_support
2023-02-16 13:45:31.622078-05:00 [info] <0.223.0> Feature flags:   [x] drop_unroutable_metric
2023-02-16 13:45:31.622193-05:00 [info] <0.223.0> Feature flags:   [x] empty_basic_get_metric
2023-02-16 13:45:31.622325-05:00 [info] <0.223.0> Feature flags:   [x] implicit_default_bindings
2023-02-16 13:45:31.622474-05:00 [info] <0.223.0> Feature flags:   [x] maintenance_mode_status
2023-02-16 13:45:31.622570-05:00 [info] <0.223.0> Feature flags:   [x] quorum_queue
2023-02-16 13:45:31.622691-05:00 [info] <0.223.0> Feature flags:   [x] stream_queue
2023-02-16 13:45:31.622812-05:00 [info] <0.223.0> Feature flags:   [~] user_limits
2023-02-16 13:45:31.622944-05:00 [info] <0.223.0> Feature flags:   [ ] virtual_host_metadata
2023-02-16 13:45:31.623058-05:00 [info] <0.223.0> Feature flags: feature flag states written to disk: yes
2023-02-16 13:45:31.642882-05:00 [info] <0.223.0> Waiting for Mnesia tables for 30000 ms, 9 retries left
2023-02-16 13:45:31.643293-05:00 [info] <0.223.0> Successfully synced tables from a peer
2023-02-16 13:45:31.669077-05:00 [info] <0.223.0> Feature flag `user_limits`: mark as enabled=true
2023-02-16 13:45:31.674183-05:00 [info] <0.223.0> Feature flags: list of feature flags found:
2023-02-16 13:45:31.674356-05:00 [info] <0.223.0> Feature flags:   [x] classic_mirrored_queue_version
2023-02-16 13:45:31.674480-05:00 [info] <0.223.0> Feature flags:   [x] classic_queue_type_delivery_support
2023-02-16 13:45:31.674574-05:00 [info] <0.223.0> Feature flags:   [x] drop_unroutable_metric
2023-02-16 13:45:31.674756-05:00 [info] <0.223.0> Feature flags:   [x] empty_basic_get_metric
2023-02-16 13:45:31.674977-05:00 [info] <0.223.0> Feature flags:   [x] implicit_default_bindings
2023-02-16 13:45:31.675350-05:00 [info] <0.223.0> Feature flags:   [x] maintenance_mode_status
2023-02-16 13:45:31.675607-05:00 [info] <0.223.0> Feature flags:   [x] quorum_queue
2023-02-16 13:45:31.675778-05:00 [info] <0.223.0> Feature flags:   [x] stream_queue
2023-02-16 13:45:31.675945-05:00 [info] <0.223.0> Feature flags:   [x] user_limits
2023-02-16 13:45:31.676058-05:00 [info] <0.223.0> Feature flags:   [ ] virtual_host_metadata
2023-02-16 13:45:31.676250-05:00 [info] <0.223.0> Feature flags: feature flag states written to disk: yes
2023-02-16 13:45:31.701626-05:00 [info] <0.223.0> Feature flag `virtual_host_metadata`: supported, attempt to enable...
2023-02-16 13:45:31.701961-05:00 [info] <0.223.0> Feature flag `virtual_host_metadata`: mark as enabled=state_changing
2023-02-16 13:45:31.704033-05:00 [info] <0.223.0> Feature flags: list of feature flags found:
2023-02-16 13:45:31.704195-05:00 [info] <0.223.0> Feature flags:   [x] classic_mirrored_queue_version
2023-02-16 13:45:31.704294-05:00 [info] <0.223.0> Feature flags:   [x] classic_queue_type_delivery_support
2023-02-16 13:45:31.704415-05:00 [info] <0.223.0> Feature flags:   [x] drop_unroutable_metric
2023-02-16 13:45:31.704929-05:00 [info] <0.223.0> Feature flags:   [x] empty_basic_get_metric
2023-02-16 13:45:31.705132-05:00 [info] <0.223.0> Feature flags:   [x] implicit_default_bindings
2023-02-16 13:45:31.705322-05:00 [info] <0.223.0> Feature flags:   [x] maintenance_mode_status
2023-02-16 13:45:31.705455-05:00 [info] <0.223.0> Feature flags:   [x] quorum_queue
2023-02-16 13:45:31.705573-05:00 [info] <0.223.0> Feature flags:   [x] stream_queue
2023-02-16 13:45:31.705747-05:00 [info] <0.223.0> Feature flags:   [x] user_limits
2023-02-16 13:45:31.705996-05:00 [info] <0.223.0> Feature flags:   [~] virtual_host_metadata
2023-02-16 13:45:31.706204-05:00 [info] <0.223.0> Feature flags: feature flag states written to disk: yes
2023-02-16 13:45:31.729097-05:00 [info] <0.223.0> Waiting for Mnesia tables for 30000 ms, 9 retries left
2023-02-16 13:45:31.730065-05:00 [info] <0.223.0> Successfully synced tables from a peer
2023-02-16 13:45:31.753078-05:00 [info] <0.223.0> Feature flag `virtual_host_metadata`: mark as enabled=true
2023-02-16 13:45:31.757865-05:00 [info] <0.223.0> Feature flags: list of feature flags found:
2023-02-16 13:45:31.757985-05:00 [info] <0.223.0> Feature flags:   [x] classic_mirrored_queue_version
2023-02-16 13:45:31.758080-05:00 [info] <0.223.0> Feature flags:   [x] classic_queue_type_delivery_support
2023-02-16 13:45:31.758165-05:00 [info] <0.223.0> Feature flags:   [x] drop_unroutable_metric
2023-02-16 13:45:31.758582-05:00 [info] <0.223.0> Feature flags:   [x] empty_basic_get_metric
2023-02-16 13:45:31.758677-05:00 [info] <0.223.0> Feature flags:   [x] implicit_default_bindings
2023-02-16 13:45:31.758761-05:00 [info] <0.223.0> Feature flags:   [x] maintenance_mode_status
2023-02-16 13:45:31.759043-05:00 [info] <0.223.0> Feature flags:   [x] quorum_queue
2023-02-16 13:45:31.759132-05:00 [info] <0.223.0> Feature flags:   [x] stream_queue
2023-02-16 13:45:31.759213-05:00 [info] <0.223.0> Feature flags:   [x] user_limits
2023-02-16 13:45:31.759291-05:00 [info] <0.223.0> Feature flags:   [x] virtual_host_metadata
2023-02-16 13:45:31.759613-05:00 [info] <0.223.0> Feature flags: feature flag states written to disk: yes
2023-02-16 13:45:31.783252-05:00 [info] <0.223.0> Waiting for Mnesia tables for 30000 ms, 9 retries left
2023-02-16 13:45:31.783882-05:00 [info] <0.223.0> Successfully synced tables from a peer
2023-02-16 13:45:31.810993-05:00 [info] <0.223.0> Waiting for Mnesia tables for 30000 ms, 9 retries left
2023-02-16 13:45:31.811690-05:00 [info] <0.223.0> Successfully synced tables from a peer
2023-02-16 13:45:31.811816-05:00 [info] <0.223.0> Peer discovery backend rabbit_peer_discovery_classic_config does not support registration, skipping registration.
2023-02-16 13:45:31.812020-05:00 [info] <0.223.0> Will try to unlock with peer discovery backend rabbit_peer_discovery_classic_config
2023-02-16 13:45:31.812662-05:00 [info] <0.223.0> Running boot step database_sync defined by app rabbit
2023-02-16 13:45:31.813191-05:00 [info] <0.223.0> Running boot step feature_flags defined by app rabbit
2023-02-16 13:45:31.813633-05:00 [info] <0.223.0> Running boot step codec_correctness_check defined by app rabbit
2023-02-16 13:45:31.813791-05:00 [info] <0.223.0> Running boot step external_infrastructure defined by app rabbit
2023-02-16 13:45:31.813920-05:00 [info] <0.223.0> Running boot step rabbit_event defined by app rabbit
2023-02-16 13:45:31.814262-05:00 [info] <0.223.0> Running boot step rabbit_registry defined by app rabbit
2023-02-16 13:45:31.814533-05:00 [info] <0.223.0> Running boot step rabbit_auth_mechanism_amqplain defined by app rabbit
2023-02-16 13:45:31.814812-05:00 [info] <0.223.0> Running boot step rabbit_auth_mechanism_cr_demo defined by app rabbit
2023-02-16 13:45:31.815185-05:00 [info] <0.223.0> Running boot step rabbit_auth_mechanism_plain defined by app rabbit
2023-02-16 13:45:31.815354-05:00 [info] <0.223.0> Running boot step rabbit_exchange_type_direct defined by app rabbit
2023-02-16 13:45:31.815612-05:00 [info] <0.223.0> Running boot step rabbit_exchange_type_fanout defined by app rabbit
2023-02-16 13:45:31.815915-05:00 [info] <0.223.0> Running boot step rabbit_exchange_type_headers defined by app rabbit
2023-02-16 13:45:31.816126-05:00 [info] <0.223.0> Running boot step rabbit_exchange_type_topic defined by app rabbit
2023-02-16 13:45:31.816296-05:00 [info] <0.223.0> Running boot step rabbit_mirror_queue_mode_all defined by app rabbit
2023-02-16 13:45:31.816683-05:00 [info] <0.223.0> Running boot step rabbit_mirror_queue_mode_exactly defined by app rabbit
2023-02-16 13:45:31.816907-05:00 [info] <0.223.0> Running boot step rabbit_mirror_queue_mode_nodes defined by app rabbit
2023-02-16 13:45:31.817087-05:00 [info] <0.223.0> Running boot step rabbit_priority_queue defined by app rabbit
2023-02-16 13:45:31.817222-05:00 [info] <0.223.0> Priority queues enabled, real BQ is rabbit_variable_queue
2023-02-16 13:45:31.817652-05:00 [info] <0.223.0> Running boot step rabbit_queue_location_client_local defined by app rabbit
2023-02-16 13:45:31.817814-05:00 [info] <0.223.0> Running boot step rabbit_queue_location_min_masters defined by app rabbit
2023-02-16 13:45:31.818029-05:00 [info] <0.223.0> Running boot step rabbit_queue_location_random defined by app rabbit
2023-02-16 13:45:31.818214-05:00 [info] <0.223.0> Running boot step kernel_ready defined by app rabbit
2023-02-16 13:45:31.818321-05:00 [info] <0.223.0> Running boot step rabbit_sysmon_minder defined by app rabbit
2023-02-16 13:45:31.818917-05:00 [info] <0.223.0> Running boot step rabbit_epmd_monitor defined by app rabbit
2023-02-16 13:45:31.822196-05:00 [info] <0.671.0> epmd monitor knows us, inter-node communication (distribution) port: 25672
2023-02-16 13:45:31.822472-05:00 [info] <0.223.0> Running boot step guid_generator defined by app rabbit
2023-02-16 13:45:31.825875-05:00 [info] <0.223.0> Running boot step rabbit_node_monitor defined by app rabbit
2023-02-16 13:45:31.826413-05:00 [info] <0.675.0> Starting rabbit_node_monitor
2023-02-16 13:45:31.827037-05:00 [info] <0.223.0> Running boot step delegate_sup defined by app rabbit
2023-02-16 13:45:31.828815-05:00 [info] <0.223.0> Running boot step rabbit_memory_monitor defined by app rabbit
2023-02-16 13:45:31.829478-05:00 [info] <0.223.0> Running boot step rabbit_fifo_dlx_sup defined by app rabbit
2023-02-16 13:45:31.829900-05:00 [info] <0.223.0> Running boot step core_initialized defined by app rabbit
2023-02-16 13:45:31.830018-05:00 [info] <0.223.0> Running boot step upgrade_queues defined by app rabbit
2023-02-16 13:45:31.843870-05:00 [info] <0.223.0> message_store upgrades: 1 to apply
2023-02-16 13:45:31.844457-05:00 [info] <0.223.0> message_store upgrades: Applying rabbit_variable_queue:move_messages_to_vhost_store
2023-02-16 13:45:31.845416-05:00 [info] <0.223.0> message_store upgrades: No durable queues found. Skipping message store migration
2023-02-16 13:45:31.845561-05:00 [info] <0.223.0> message_store upgrades: Removing the old message store data
2023-02-16 13:45:31.847883-05:00 [info] <0.223.0> message_store upgrades: All upgrades applied successfully
2023-02-16 13:45:31.865646-05:00 [info] <0.223.0> Running boot step channel_tracking defined by app rabbit
2023-02-16 13:45:31.873157-05:00 [info] <0.223.0> Setting up a table for channel tracking on this node: 'tracked_channel_on_node_rabbit@host-169-16-1-158'
2023-02-16 13:45:31.879968-05:00 [info] <0.223.0> Setting up a table for channel tracking on this node: 'tracked_channel_table_per_user_on_node_rabbit@host-169-16-1-158'
2023-02-16 13:45:31.880766-05:00 [info] <0.223.0> Running boot step rabbit_channel_tracking_handler defined by app rabbit
2023-02-16 13:45:31.881032-05:00 [info] <0.223.0> Running boot step connection_tracking defined by app rabbit
2023-02-16 13:45:31.887698-05:00 [info] <0.223.0> Setting up a table for connection tracking on this node: 'tracked_connection_on_node_rabbit@host-169-16-1-158'
2023-02-16 13:45:31.893726-05:00 [info] <0.223.0> Setting up a table for per-vhost connection counting on this node: 'tracked_connection_per_vhost_on_node_rabbit@host-169-16-1-158'
2023-02-16 13:45:31.899584-05:00 [info] <0.223.0> Setting up a table for per-user connection counting on this node: 'tracked_connection_table_per_user_on_node_rabbit@host-169-16-1-158'
2023-02-16 13:45:31.901158-05:00 [info] <0.223.0> Running boot step rabbit_connection_tracking_handler defined by app rabbit
2023-02-16 13:45:31.901501-05:00 [info] <0.223.0> Running boot step rabbit_definitions_hashing defined by app rabbit
2023-02-16 13:45:31.901950-05:00 [info] <0.223.0> Running boot step rabbit_exchange_parameters defined by app rabbit
2023-02-16 13:45:31.902277-05:00 [info] <0.223.0> Running boot step rabbit_mirror_queue_misc defined by app rabbit
2023-02-16 13:45:31.903050-05:00 [info] <0.223.0> Running boot step rabbit_policies defined by app rabbit
2023-02-16 13:45:31.904000-05:00 [info] <0.223.0> Running boot step rabbit_policy defined by app rabbit
2023-02-16 13:45:31.904272-05:00 [info] <0.223.0> Running boot step rabbit_queue_location_validator defined by app rabbit
2023-02-16 13:45:31.904546-05:00 [info] <0.223.0> Running boot step rabbit_quorum_memory_manager defined by app rabbit
2023-02-16 13:45:31.904874-05:00 [info] <0.223.0> Running boot step rabbit_stream_coordinator defined by app rabbit
2023-02-16 13:45:31.905284-05:00 [info] <0.223.0> Running boot step rabbit_vhost_limit defined by app rabbit
2023-02-16 13:45:31.905588-05:00 [info] <0.223.0> Running boot step rabbit_mgmt_reset_handler defined by app rabbitmq_management
2023-02-16 13:45:31.905752-05:00 [info] <0.223.0> Running boot step rabbit_mgmt_db_handler defined by app rabbitmq_management_agent
2023-02-16 13:45:31.905904-05:00 [info] <0.223.0> Management plugin: using rates mode 'basic'
2023-02-16 13:45:31.906955-05:00 [info] <0.223.0> Running boot step recovery defined by app rabbit
2023-02-16 13:45:31.909891-05:00 [info] <0.223.0> Running boot step empty_db_check defined by app rabbit
2023-02-16 13:45:31.910092-05:00 [info] <0.223.0> Will not seed default virtual host and user: have definitions to load...
2023-02-16 13:45:31.910332-05:00 [info] <0.223.0> Running boot step rabbit_observer_cli defined by app rabbit
2023-02-16 13:45:31.910619-05:00 [info] <0.223.0> Running boot step rabbit_looking_glass defined by app rabbit
2023-02-16 13:45:31.910748-05:00 [info] <0.223.0> Running boot step rabbit_core_metrics_gc defined by app rabbit
2023-02-16 13:45:31.911334-05:00 [info] <0.223.0> Running boot step background_gc defined by app rabbit
2023-02-16 13:45:31.911762-05:00 [info] <0.223.0> Running boot step routing_ready defined by app rabbit
2023-02-16 13:45:31.911927-05:00 [info] <0.223.0> Running boot step pre_flight defined by app rabbit
2023-02-16 13:45:31.912271-05:00 [info] <0.223.0> Running boot step notify_cluster defined by app rabbit
2023-02-16 13:45:31.912438-05:00 [info] <0.223.0> Running boot step networking defined by app rabbit
2023-02-16 13:45:31.912734-05:00 [info] <0.223.0> Running boot step definition_import_worker_pool defined by app rabbit
2023-02-16 13:45:31.913028-05:00 [info] <0.317.0> Starting worker pool 'definition_import_pool' with 3 processes in it
2023-02-16 13:45:31.914112-05:00 [info] <0.223.0> Running boot step cluster_name defined by app rabbit
2023-02-16 13:45:31.914379-05:00 [info] <0.223.0> Initialising internal cluster ID to 'rabbitmq-cluster-id-UpAIZIRb2-oWLryf0mbhhQ'
2023-02-16 13:45:31.922469-05:00 [info] <0.223.0> Running boot step direct_client defined by app rabbit
2023-02-16 13:45:31.922937-05:00 [info] <0.223.0> Running boot step rabbit_maintenance_mode_state defined by app rabbit
2023-02-16 13:45:31.923092-05:00 [info] <0.223.0> Creating table rabbit_node_maintenance_states for feature flag `maintenance_mode_status`
2023-02-16 13:45:31.924270-05:00 [info] <0.223.0> Running boot step rabbit_management_load_definitions defined by app rabbitmq_management
2023-02-16 13:45:31.925896-05:00 [info] <0.223.0> Applying definitions from file at '/etc/rabbitmq/definitions.json'
2023-02-16 13:45:31.926023-05:00 [info] <0.223.0> Asked to import definitions. Acting user: rmq-internal
2023-02-16 13:45:31.926385-05:00 [info] <0.223.0> Importing concurrently 1 users...
2023-02-16 13:45:31.930446-05:00 [info] <0.734.0> Created user 'openstack'
2023-02-16 13:45:31.930626-05:00 [info] <0.734.0> Successfully set user tags for user 'openstack' to [administrator]
2023-02-16 13:45:31.931060-05:00 [info] <0.223.0> Importing concurrently 1 vhosts...
2023-02-16 13:45:31.932139-05:00 [info] <0.734.0> Adding vhost '/' (description: '', tags: [])
2023-02-16 13:45:31.952635-05:00 [info] <0.745.0> Making sure data directory '/var/lib/rabbitmq/mnesia/rabbit@host-169-16-1-158/msg_stores/vhosts/628WB79CIFDYO9LJI6DKMI09L' for vhost '/' exists
2023-02-16 13:45:31.956801-05:00 [info] <0.745.0> Setting segment_entry_count for vhost '/' with 0 queues to '2048'
2023-02-16 13:45:31.964144-05:00 [info] <0.745.0> Starting message stores for vhost '/'
2023-02-16 13:45:31.965481-05:00 [info] <0.750.0> Message store "628WB79CIFDYO9LJI6DKMI09L/msg_store_transient": using rabbit_msg_store_ets_index to provide index
2023-02-16 13:45:31.970267-05:00 [info] <0.745.0> Started message store of type transient for vhost '/'
2023-02-16 13:45:31.970906-05:00 [info] <0.754.0> Message store "628WB79CIFDYO9LJI6DKMI09L/msg_store_persistent": using rabbit_msg_store_ets_index to provide index
2023-02-16 13:45:31.973470-05:00 [warning] <0.754.0> Message store "628WB79CIFDYO9LJI6DKMI09L/msg_store_persistent": rebuilding indices from scratch
2023-02-16 13:45:31.975866-05:00 [info] <0.745.0> Started message store of type persistent for vhost '/'
2023-02-16 13:45:31.976880-05:00 [info] <0.745.0> Recovering 0 queues of type rabbit_classic_queue took 18ms
2023-02-16 13:45:31.977053-05:00 [info] <0.745.0> Recovering 0 queues of type rabbit_quorum_queue took 0ms
2023-02-16 13:45:31.977263-05:00 [info] <0.745.0> Recovering 0 queues of type rabbit_stream_queue took 0ms
2023-02-16 13:45:31.982829-05:00 [info] <0.223.0> Importing concurrently 1 permissions...
2023-02-16 13:45:31.988637-05:00 [info] <0.734.0> Successfully set permissions for 'openstack' in virtual host '/' to '.*', '.*', '.*'
2023-02-16 13:45:32.017926-05:00 [info] <0.784.0> Resetting node maintenance status
2023-02-16 13:45:32.085691-05:00 [info] <0.843.0> Management plugin: HTTP (non-TLS) listener started on port 15672
2023-02-16 13:45:32.086270-05:00 [info] <0.872.0> Statistics database started.
2023-02-16 13:45:32.086601-05:00 [info] <0.871.0> Starting worker pool 'management_worker_pool' with 3 processes in it
2023-02-16 13:45:32.087965-05:00 [info] <0.784.0> Ready to start client connection listeners
2023-02-16 13:45:32.093972-05:00 [info] <0.896.0> started TCP listener on 169.16.1.158:5672
2023-02-16 13:45:32.406677-05:00 [info] <0.784.0> Server startup complete; 3 plugins started.
2023-02-16 13:45:32.406677-05:00 [info] <0.784.0>  * rabbitmq_management
2023-02-16 13:45:32.406677-05:00 [info] <0.784.0>  * rabbitmq_web_dispatch
2023-02-16 13:45:32.406677-05:00 [info] <0.784.0>  * rabbitmq_management_agent
