2023-03-02 04:50:36,914 p=5753 u=root n=ansible | [WARNING]: Invalid characters were found in group names but not replaced, use
-vvvv to see details

2023-03-02 04:50:38,642 p=5753 u=root n=ansible | PLAY [Gather facts for all hosts] **********************************************
2023-03-02 04:50:38,909 p=5753 u=root n=ansible | TASK [Gather facts] ************************************************************
2023-03-02 04:50:47,780 p=5753 u=root n=ansible | ok: [localhost]
2023-03-02 04:50:47,866 p=5753 u=root n=ansible | TASK [Group hosts to determine when using --limit] *****************************
2023-03-02 04:50:47,930 p=5753 u=root n=ansible | ok: [localhost]
2023-03-02 04:50:48,103 p=5753 u=root n=ansible | [WARNING]: Could not match supplied host pattern, ignoring:
all_using_limit_True

2023-03-02 04:50:48,111 p=5753 u=root n=ansible | PLAY [Gather facts for all hosts (if using --limit)] ***************************
2023-03-02 04:50:48,112 p=5753 u=root n=ansible | skipping: no hosts matched
2023-03-02 04:50:48,120 p=5753 u=root n=ansible | PLAY [Apply role baremetal] ****************************************************
2023-03-02 04:50:48,336 p=5753 u=root n=ansible | TASK [openstack.kolla.baremetal : Ensure localhost in /etc/hosts] **************
2023-03-02 04:50:49,293 p=5753 u=root n=ansible | changed: [localhost]
2023-03-02 04:50:49,379 p=5753 u=root n=ansible | TASK [openstack.kolla.baremetal : Ensure hostname does not point to 127.0.1.1 in /etc/hosts] ***
2023-03-02 04:50:49,873 p=5753 u=root n=ansible | ok: [localhost]
2023-03-02 04:50:49,972 p=5753 u=root n=ansible | TASK [openstack.kolla.baremetal : Generate /etc/hosts for all of the nodes] ****
2023-03-02 04:50:51,457 p=5753 u=root n=ansible | changed: [localhost]
2023-03-02 04:50:51,550 p=5753 u=root n=ansible | TASK [openstack.kolla.baremetal : Ensure unprivileged users can use ping] ******
2023-03-02 04:50:52,358 p=5753 u=root n=ansible | changed: [localhost]
2023-03-02 04:50:52,445 p=5753 u=root n=ansible | TASK [openstack.kolla.baremetal : Ensure /etc/cloud/cloud.cfg exists] **********
2023-03-02 04:50:53,379 p=5753 u=root n=ansible | ok: [localhost]
2023-03-02 04:50:53,510 p=5753 u=root n=ansible | TASK [openstack.kolla.baremetal : Disable cloud-init manage_etc_hosts] *********
2023-03-02 04:50:55,282 p=5753 u=root n=ansible | changed: [localhost]
2023-03-02 04:50:55,383 p=5753 u=root n=ansible | TASK [openstack.kolla.baremetal : Set firewall default policy] *****************
2023-03-02 04:50:55,432 p=5753 u=root n=ansible | skipping: [localhost]
2023-03-02 04:50:55,522 p=5753 u=root n=ansible | TASK [openstack.kolla.baremetal : Check if firewalld is installed] *************
2023-03-02 04:50:56,593 p=5753 u=root n=ansible | ok: [localhost]
2023-03-02 04:50:56,681 p=5753 u=root n=ansible | TASK [openstack.kolla.baremetal : Disable firewalld] ***************************
2023-03-02 04:50:56,767 p=5753 u=root n=ansible | skipping: [localhost] => (item=firewalld) 
2023-03-02 04:50:56,862 p=5753 u=root n=ansible | TASK [openstack.kolla.docker : Fail if docker_custom_option is defined] ********
2023-03-02 04:50:56,939 p=5753 u=root n=ansible | skipping: [localhost]
2023-03-02 04:50:57,028 p=5753 u=root n=ansible | TASK [openstack.kolla.docker : include_tasks] **********************************
2023-03-02 04:50:57,088 p=5753 u=root n=ansible | skipping: [localhost]
2023-03-02 04:50:57,175 p=5753 u=root n=ansible | TASK [openstack.kolla.docker : Ensure docker config directory exists] **********
2023-03-02 04:50:58,157 p=5753 u=root n=ansible | ok: [localhost]
2023-03-02 04:50:58,263 p=5753 u=root n=ansible | TASK [openstack.kolla.docker : Write docker config] ****************************
2023-03-02 04:50:59,567 p=5753 u=root n=ansible | changed: [localhost]
2023-03-02 04:50:59,668 p=5753 u=root n=ansible | TASK [openstack.kolla.docker : Remove old docker options file] *****************
2023-03-02 04:51:00,276 p=5753 u=root n=ansible | ok: [localhost]
2023-03-02 04:51:00,374 p=5753 u=root n=ansible | TASK [openstack.kolla.docker : Ensure docker service directory exists] *********
2023-03-02 04:51:00,459 p=5753 u=root n=ansible | skipping: [localhost]
2023-03-02 04:51:00,602 p=5753 u=root n=ansible | TASK [openstack.kolla.docker : Configure docker service] ***********************
2023-03-02 04:51:00,687 p=5753 u=root n=ansible | skipping: [localhost]
2023-03-02 04:51:00,832 p=5753 u=root n=ansible | TASK [openstack.kolla.docker : Ensure the path for CA file for private registry exists] ***
2023-03-02 04:51:00,919 p=5753 u=root n=ansible | skipping: [localhost]
2023-03-02 04:51:01,076 p=5753 u=root n=ansible | TASK [openstack.kolla.docker : Ensure the CA file for private registry exists] ***
2023-03-02 04:51:01,151 p=5753 u=root n=ansible | skipping: [localhost]
2023-03-02 04:51:01,280 p=5753 u=root n=ansible | TASK [openstack.kolla.docker : Flush handlers] *********************************
2023-03-02 04:51:01,280 p=5753 u=root n=ansible | RUNNING HANDLER [openstack.kolla.docker : Restart docker] **********************
2023-03-02 04:51:05,122 p=5753 u=root n=ansible | changed: [localhost]
2023-03-02 04:51:05,243 p=5753 u=root n=ansible | TASK [openstack.kolla.docker : Start and enable docker] ************************
2023-03-02 04:51:06,253 p=5753 u=root n=ansible | ok: [localhost]
2023-03-02 04:51:06,343 p=5753 u=root n=ansible | TASK [openstack.kolla.docker : include_tasks] **********************************
2023-03-02 04:51:06,392 p=5753 u=root n=ansible | skipping: [localhost]
2023-03-02 04:51:06,564 p=5753 u=root n=ansible | TASK [openstack.kolla.kolla_user : Ensure groups are present] ******************
2023-03-02 04:51:06,617 p=5753 u=root n=ansible | skipping: [localhost] => (item=docker) 
2023-03-02 04:51:06,620 p=5753 u=root n=ansible | skipping: [localhost] => (item=sudo) 
2023-03-02 04:51:06,631 p=5753 u=root n=ansible | skipping: [localhost] => (item=kolla) 
2023-03-02 04:51:06,720 p=5753 u=root n=ansible | TASK [openstack.kolla.kolla_user : Create kolla user] **************************
2023-03-02 04:51:06,760 p=5753 u=root n=ansible | skipping: [localhost]
2023-03-02 04:51:06,846 p=5753 u=root n=ansible | TASK [openstack.kolla.kolla_user : Add public key to kolla user authorized keys] ***
2023-03-02 04:51:06,887 p=5753 u=root n=ansible | skipping: [localhost]
2023-03-02 04:51:06,971 p=5753 u=root n=ansible | TASK [openstack.kolla.kolla_user : Grant kolla user passwordless sudo] *********
2023-03-02 04:51:07,011 p=5753 u=root n=ansible | skipping: [localhost]
2023-03-02 04:51:07,173 p=5753 u=root n=ansible | TASK [openstack.kolla.docker_sdk : Install latest pip in the virtualenv] *******
2023-03-02 04:51:07,225 p=5753 u=root n=ansible | skipping: [localhost]
2023-03-02 04:51:07,312 p=5753 u=root n=ansible | TASK [openstack.kolla.docker_sdk : Install docker SDK for python] **************
2023-03-02 04:51:12,992 p=5753 u=root n=ansible | ok: [localhost]
2023-03-02 04:51:13,189 p=5753 u=root n=ansible | TASK [openstack.kolla.baremetal : Ensure node_config_directory directory exists] ***
2023-03-02 04:51:13,907 p=5753 u=root n=ansible | ok: [localhost]
2023-03-02 04:51:13,995 p=5753 u=root n=ansible | TASK [openstack.kolla.apparmor_libvirt : include_tasks] ************************
2023-03-02 04:51:14,041 p=5753 u=root n=ansible | skipping: [localhost]
2023-03-02 04:51:14,214 p=5753 u=root n=ansible | TASK [openstack.kolla.baremetal : Change state of selinux] *********************
2023-03-02 04:51:15,682 p=5753 u=root n=ansible | ok: [localhost]
2023-03-02 04:51:15,772 p=5753 u=root n=ansible | TASK [openstack.kolla.baremetal : Set https proxy for git] *********************
2023-03-02 04:51:15,814 p=5753 u=root n=ansible | skipping: [localhost]
2023-03-02 04:51:15,903 p=5753 u=root n=ansible | TASK [openstack.kolla.baremetal : Set http proxy for git] **********************
2023-03-02 04:51:15,945 p=5753 u=root n=ansible | skipping: [localhost]
2023-03-02 04:51:16,035 p=5753 u=root n=ansible | TASK [openstack.kolla.baremetal : include_tasks] *******************************
2023-03-02 04:51:16,073 p=5753 u=root n=ansible | skipping: [localhost]
2023-03-02 04:51:16,329 p=5753 u=root n=ansible | PLAY RECAP *********************************************************************
2023-03-02 04:51:16,330 p=5753 u=root n=ansible | localhost                  : ok=17   changed=6    unreachable=0    failed=0    skipped=18   rescued=0    ignored=0   
