- - - [05/May/2023:12:00:35 -0400] "GET / HTTP/1.1" 200 468 7228775 "-" "ironic-inspector keystoneauth1/5.1.0 python-requests/2.28.1 CPython/3.9.14"
- - - [05/May/2023:12:00:43 -0400] "GET /v1/ports?fields=address%2Cextra HTTP/1.1" 200 13 6437269 "-" "ironic-inspector keystoneauth1/5.1.0 python-requests/2.28.1 CPython/3.9.14"
- - - [05/May/2023:12:00:49 -0400] "GET /v1/ports?fields=address%2Cextra HTTP/1.1" 200 13 6817393 "-" "ironic-inspector keystoneauth1/5.1.0 python-requests/2.28.1 CPython/3.9.14"
- - - [05/May/2023:12:01:11 -0400] "GET /v1/ports?fields=address%2Cextra HTTP/1.1" 200 13 1630886 "-" "ironic-inspector keystoneauth1/5.1.0 python-requests/2.28.1 CPython/3.9.14"
- - - [05/May/2023:12:01:13 -0400] "GET /v1/ports?fields=address%2Cextra HTTP/1.1" 200 13 360155 "-" "ironic-inspector keystoneauth1/5.1.0 python-requests/2.28.1 CPython/3.9.14"
- - - [05/May/2023:12:01:26 -0400] "GET /v1/ports?fields=address%2Cextra HTTP/1.1" 200 13 595986 "-" "ironic-inspector keystoneauth1/5.1.0 python-requests/2.28.1 CPython/3.9.14"
- - - [05/May/2023:12:01:27 -0400] "GET /v1/ports?fields=address%2Cextra HTTP/1.1" 200 13 494633 "-" "ironic-inspector keystoneauth1/5.1.0 python-requests/2.28.1 CPython/3.9.14"
- - - [05/May/2023:12:01:41 -0400] "GET /v1/ports?fields=address%2Cextra HTTP/1.1" 200 13 527186 "-" "ironic-inspector keystoneauth1/5.1.0 python-requests/2.28.1 CPython/3.9.14"
- - - [05/May/2023:12:01:41 -0400] "GET /v1/ports?fields=address%2Cextra HTTP/1.1" 200 13 657387 "-" "ironic-inspector keystoneauth1/5.1.0 python-requests/2.28.1 CPython/3.9.14"
- - - [05/May/2023:12:01:56 -0400] "GET /v1/ports?fields=address%2Cextra HTTP/1.1" 200 13 594731 "-" "ironic-inspector keystoneauth1/5.1.0 python-requests/2.28.1 CPython/3.9.14"
- - - [05/May/2023:12:01:56 -0400] "GET /v1/nodes?fields=uuid HTTP/1.1" 200 13 643744 "-" "ironic-inspector keystoneauth1/5.1.0 python-requests/2.28.1 CPython/3.9.14"
- - - [05/May/2023:12:01:57 -0400] "GET /v1/ports?fields=address%2Cextra HTTP/1.1" 200 13 509292 "-" "ironic-inspector keystoneauth1/5.1.0 python-requests/2.28.1 CPython/3.9.14"
- - - [05/May/2023:12:02:11 -0400] "GET /v1/ports?fields=address%2Cextra HTTP/1.1" 200 13 537759 "-" "ironic-inspector keystoneauth1/5.1.0 python-requests/2.28.1 CPython/3.9.14"
- - - [05/May/2023:12:02:12 -0400] "GET /v1/ports?fields=address%2Cextra HTTP/1.1" 200 13 409910 "-" "ironic-inspector keystoneauth1/5.1.0 python-requests/2.28.1 CPython/3.9.14"
- - - [05/May/2023:12:02:26 -0400] "GET /v1/ports?fields=address%2Cextra HTTP/1.1" 200 13 527640 "-" "ironic-inspector keystoneauth1/5.1.0 python-requests/2.28.1 CPython/3.9.14"
- - - [05/May/2023:12:02:27 -0400] "GET /v1/ports?fields=address%2Cextra HTTP/1.1" 200 13 477868 "-" "ironic-inspector keystoneauth1/5.1.0 python-requests/2.28.1 CPython/3.9.14"
- - - [05/May/2023:12:02:41 -0400] "GET /v1/ports?fields=address%2Cextra HTTP/1.1" 200 13 528971 "-" "ironic-inspector keystoneauth1/5.1.0 python-requests/2.28.1 CPython/3.9.14"
- - - [05/May/2023:12:02:42 -0400] "GET /v1/ports?fields=address%2Cextra HTTP/1.1" 200 13 483492 "-" "ironic-inspector keystoneauth1/5.1.0 python-requests/2.28.1 CPython/3.9.14"
- - - [05/May/2023:12:02:56 -0400] "GET /v1/ports?fields=address%2Cextra HTTP/1.1" 200 13 501391 "-" "ironic-inspector keystoneauth1/5.1.0 python-requests/2.28.1 CPython/3.9.14"
- - - [05/May/2023:12:02:56 -0400] "GET /v1/nodes?fields=uuid HTTP/1.1" 200 13 548967 "-" "ironic-inspector keystoneauth1/5.1.0 python-requests/2.28.1 CPython/3.9.14"
- - - [05/May/2023:12:02:57 -0400] "GET /v1/ports?fields=address%2Cextra HTTP/1.1" 200 13 406351 "-" "ironic-inspector keystoneauth1/5.1.0 python-requests/2.28.1 CPython/3.9.14"
- - - [05/May/2023:12:03:11 -0400] "GET /v1/ports?fields=address%2Cextra HTTP/1.1" 200 13 557306 "-" "ironic-inspector keystoneauth1/5.1.0 python-requests/2.28.1 CPython/3.9.14"
- - - [05/May/2023:12:03:12 -0400] "GET /v1/ports?fields=address%2Cextra HTTP/1.1" 200 13 510552 "-" "ironic-inspector keystoneauth1/5.1.0 python-requests/2.28.1 CPython/3.9.14"
- - - [05/May/2023:12:03:26 -0400] "GET /v1/ports?fields=address%2Cextra HTTP/1.1" 200 13 570137 "-" "ironic-inspector keystoneauth1/5.1.0 python-requests/2.28.1 CPython/3.9.14"
- - - [05/May/2023:12:03:27 -0400] "GET /v1/ports?fields=address%2Cextra HTTP/1.1" 200 13 944260 "-" "ironic-inspector keystoneauth1/5.1.0 python-requests/2.28.1 CPython/3.9.14"
- - - [05/May/2023:12:03:41 -0400] "GET /v1/ports?fields=address%2Cextra HTTP/1.1" 200 13 801840 "-" "ironic-inspector keystoneauth1/5.1.0 python-requests/2.28.1 CPython/3.9.14"
- - - [05/May/2023:12:03:42 -0400] "GET /v1/ports?fields=address%2Cextra HTTP/1.1" 200 13 828224 "-" "ironic-inspector keystoneauth1/5.1.0 python-requests/2.28.1 CPython/3.9.14"
- - - [05/May/2023:12:03:56 -0400] "GET /v1/nodes?fields=uuid HTTP/1.1" 200 13 1198385 "-" "ironic-inspector keystoneauth1/5.1.0 python-requests/2.28.1 CPython/3.9.14"
- - - [05/May/2023:12:03:56 -0400] "GET /v1/ports?fields=address%2Cextra HTTP/1.1" 200 13 1350586 "-" "ironic-inspector keystoneauth1/5.1.0 python-requests/2.28.1 CPython/3.9.14"
- - - [05/May/2023:12:03:57 -0400] "GET /v1/ports?fields=address%2Cextra HTTP/1.1" 200 13 641753 "-" "ironic-inspector keystoneauth1/5.1.0 python-requests/2.28.1 CPython/3.9.14"
- - - [05/May/2023:12:04:11 -0400] "GET /v1/ports?fields=address%2Cextra HTTP/1.1" 200 13 586247 "-" "ironic-inspector keystoneauth1/5.1.0 python-requests/2.28.1 CPython/3.9.14"
- - - [05/May/2023:12:04:12 -0400] "GET /v1/ports?fields=address%2Cextra HTTP/1.1" 200 13 452942 "-" "ironic-inspector keystoneauth1/5.1.0 python-requests/2.28.1 CPython/3.9.14"
- - - [05/May/2023:12:04:26 -0400] "GET /v1/ports?fields=address%2Cextra HTTP/1.1" 200 13 417179 "-" "ironic-inspector keystoneauth1/5.1.0 python-requests/2.28.1 CPython/3.9.14"
- - - [05/May/2023:12:04:26 -0400] "GET /v1/ports?fields=address%2Cextra HTTP/1.1" 200 13 391600 "-" "ironic-inspector keystoneauth1/5.1.0 python-requests/2.28.1 CPython/3.9.14"
- - - [05/May/2023:12:04:41 -0400] "GET /v1/ports?fields=address%2Cextra HTTP/1.1" 200 13 454388 "-" "ironic-inspector keystoneauth1/5.1.0 python-requests/2.28.1 CPython/3.9.14"
- - - [05/May/2023:12:04:42 -0400] "GET /v1/ports?fields=address%2Cextra HTTP/1.1" 200 13 441535 "-" "ironic-inspector keystoneauth1/5.1.0 python-requests/2.28.1 CPython/3.9.14"
- - - [05/May/2023:12:04:56 -0400] "GET /v1/nodes?fields=uuid HTTP/1.1" 200 13 514380 "-" "ironic-inspector keystoneauth1/5.1.0 python-requests/2.28.1 CPython/3.9.14"
- - - [05/May/2023:12:04:56 -0400] "GET /v1/ports?fields=address%2Cextra HTTP/1.1" 200 13 576527 "-" "ironic-inspector keystoneauth1/5.1.0 python-requests/2.28.1 CPython/3.9.14"
- - - [05/May/2023:12:04:57 -0400] "GET /v1/ports?fields=address%2Cextra HTTP/1.1" 200 13 461845 "-" "ironic-inspector keystoneauth1/5.1.0 python-requests/2.28.1 CPython/3.9.14"
- - - [05/May/2023:12:05:11 -0400] "GET /v1/ports?fields=address%2Cextra HTTP/1.1" 200 13 508481 "-" "ironic-inspector keystoneauth1/5.1.0 python-requests/2.28.1 CPython/3.9.14"
- - - [05/May/2023:12:05:12 -0400] "GET /v1/ports?fields=address%2Cextra HTTP/1.1" 200 13 472860 "-" "ironic-inspector keystoneauth1/5.1.0 python-requests/2.28.1 CPython/3.9.14"
- - - [05/May/2023:12:05:26 -0400] "GET /v1/ports?fields=address%2Cextra HTTP/1.1" 200 13 439595 "-" "ironic-inspector keystoneauth1/5.1.0 python-requests/2.28.1 CPython/3.9.14"
- - - [05/May/2023:12:05:26 -0400] "GET /v1/ports?fields=address%2Cextra HTTP/1.1" 200 13 399535 "-" "ironic-inspector keystoneauth1/5.1.0 python-requests/2.28.1 CPython/3.9.14"
- - - [05/May/2023:12:05:41 -0400] "GET /v1/ports?fields=address%2Cextra HTTP/1.1" 200 13 415228 "-" "ironic-inspector keystoneauth1/5.1.0 python-requests/2.28.1 CPython/3.9.14"
- - - [05/May/2023:12:05:41 -0400] "GET /v1/ports?fields=address%2Cextra HTTP/1.1" 200 13 392051 "-" "ironic-inspector keystoneauth1/5.1.0 python-requests/2.28.1 CPython/3.9.14"
- - - [05/May/2023:12:05:56 -0400] "GET /v1/ports?fields=address%2Cextra HTTP/1.1" 200 13 674503 "-" "ironic-inspector keystoneauth1/5.1.0 python-requests/2.28.1 CPython/3.9.14"
- - - [05/May/2023:12:05:56 -0400] "GET /v1/nodes?fields=uuid HTTP/1.1" 200 13 809869 "-" "ironic-inspector keystoneauth1/5.1.0 python-requests/2.28.1 CPython/3.9.14"
- - - [05/May/2023:12:05:57 -0400] "GET /v1/ports?fields=address%2Cextra HTTP/1.1" 200 13 461161 "-" "ironic-inspector keystoneauth1/5.1.0 python-requests/2.28.1 CPython/3.9.14"
- - - [05/May/2023:12:06:11 -0400] "GET /v1/ports?fields=address%2Cextra HTTP/1.1" 200 13 398724 "-" "ironic-inspector keystoneauth1/5.1.0 python-requests/2.28.1 CPython/3.9.14"
- - - [05/May/2023:12:06:11 -0400] "GET /v1/ports?fields=address%2Cextra HTTP/1.1" 200 13 406475 "-" "ironic-inspector keystoneauth1/5.1.0 python-requests/2.28.1 CPython/3.9.14"
- - - [05/May/2023:12:06:26 -0400] "GET /v1/ports?fields=address%2Cextra HTTP/1.1" 200 13 423248 "-" "ironic-inspector keystoneauth1/5.1.0 python-requests/2.28.1 CPython/3.9.14"
- - - [05/May/2023:12:06:26 -0400] "GET /v1/ports?fields=address%2Cextra HTTP/1.1" 200 13 411522 "-" "ironic-inspector keystoneauth1/5.1.0 python-requests/2.28.1 CPython/3.9.14"
- - - [05/May/2023:12:06:41 -0400] "GET /v1/ports?fields=address%2Cextra HTTP/1.1" 200 13 474545 "-" "ironic-inspector keystoneauth1/5.1.0 python-requests/2.28.1 CPython/3.9.14"
- - - [05/May/2023:12:06:42 -0400] "GET /v1/ports?fields=address%2Cextra HTTP/1.1" 200 13 404169 "-" "ironic-inspector keystoneauth1/5.1.0 python-requests/2.28.1 CPython/3.9.14"
- - - [05/May/2023:12:06:56 -0400] "GET /v1/ports?fields=address%2Cextra HTTP/1.1" 200 13 449125 "-" "ironic-inspector keystoneauth1/5.1.0 python-requests/2.28.1 CPython/3.9.14"
- - - [05/May/2023:12:06:56 -0400] "GET /v1/nodes?fields=uuid HTTP/1.1" 200 13 527404 "-" "ironic-inspector keystoneauth1/5.1.0 python-requests/2.28.1 CPython/3.9.14"
- - - [05/May/2023:12:06:57 -0400] "GET /v1/ports?fields=address%2Cextra HTTP/1.1" 200 13 476715 "-" "ironic-inspector keystoneauth1/5.1.0 python-requests/2.28.1 CPython/3.9.14"
- - - [05/May/2023:12:07:11 -0400] "GET /v1/ports?fields=address%2Cextra HTTP/1.1" 200 13 404236 "-" "ironic-inspector keystoneauth1/5.1.0 python-requests/2.28.1 CPython/3.9.14"
- - - [05/May/2023:12:07:11 -0400] "GET /v1/ports?fields=address%2Cextra HTTP/1.1" 200 13 438935 "-" "ironic-inspector keystoneauth1/5.1.0 python-requests/2.28.1 CPython/3.9.14"
- - - [05/May/2023:12:07:26 -0400] "GET /v1/ports?fields=address%2Cextra HTTP/1.1" 200 13 402866 "-" "ironic-inspector keystoneauth1/5.1.0 python-requests/2.28.1 CPython/3.9.14"
- - - [05/May/2023:12:07:26 -0400] "GET /v1/ports?fields=address%2Cextra HTTP/1.1" 200 13 402607 "-" "ironic-inspector keystoneauth1/5.1.0 python-requests/2.28.1 CPython/3.9.14"
- - - [05/May/2023:12:07:41 -0400] "GET /v1/ports?fields=address%2Cextra HTTP/1.1" 200 13 444096 "-" "ironic-inspector keystoneauth1/5.1.0 python-requests/2.28.1 CPython/3.9.14"
- - - [05/May/2023:12:07:42 -0400] "GET /v1/ports?fields=address%2Cextra HTTP/1.1" 200 13 475194 "-" "ironic-inspector keystoneauth1/5.1.0 python-requests/2.28.1 CPython/3.9.14"
- - - [05/May/2023:12:07:56 -0400] "GET /v1/nodes?fields=uuid HTTP/1.1" 200 13 385958 "-" "ironic-inspector keystoneauth1/5.1.0 python-requests/2.28.1 CPython/3.9.14"
- - - [05/May/2023:12:07:56 -0400] "GET /v1/ports?fields=address%2Cextra HTTP/1.1" 200 13 386135 "-" "ironic-inspector keystoneauth1/5.1.0 python-requests/2.28.1 CPython/3.9.14"
- - - [05/May/2023:12:07:56 -0400] "GET /v1/ports?fields=address%2Cextra HTTP/1.1" 200 13 365740 "-" "ironic-inspector keystoneauth1/5.1.0 python-requests/2.28.1 CPython/3.9.14"
- - - [05/May/2023:12:08:11 -0400] "GET /v1/ports?fields=address%2Cextra HTTP/1.1" 200 13 447361 "-" "ironic-inspector keystoneauth1/5.1.0 python-requests/2.28.1 CPython/3.9.14"
- - - [05/May/2023:12:08:12 -0400] "GET /v1/ports?fields=address%2Cextra HTTP/1.1" 200 13 413492 "-" "ironic-inspector keystoneauth1/5.1.0 python-requests/2.28.1 CPython/3.9.14"
- - - [05/May/2023:12:08:41 -0400] "GET /v1/ports?fields=address%2Cextra HTTP/1.1" 200 13 6676270 "-" "ironic-inspector keystoneauth1/5.1.0 python-requests/2.28.1 CPython/3.9.14"
- - - [05/May/2023:12:08:48 -0400] "GET /v1/ports?fields=address%2Cextra HTTP/1.1" 200 13 5962879 "-" "ironic-inspector keystoneauth1/5.1.0 python-requests/2.28.1 CPython/3.9.14"
- - - [05/May/2023:12:08:56 -0400] "GET /v1/ports?fields=address%2Cextra HTTP/1.1" 200 13 536773 "-" "ironic-inspector keystoneauth1/5.1.0 python-requests/2.28.1 CPython/3.9.14"
- - - [05/May/2023:12:08:57 -0400] "GET /v1/ports?fields=address%2Cextra HTTP/1.1" 200 13 449138 "-" "ironic-inspector keystoneauth1/5.1.0 python-requests/2.28.1 CPython/3.9.14"
- - - [05/May/2023:12:08:56 -0400] "GET /v1/nodes?fields=uuid HTTP/1.1" 200 13 6118576 "-" "ironic-inspector keystoneauth1/5.1.0 python-requests/2.28.1 CPython/3.9.14"
- - - [05/May/2023:12:09:08 -0400] "POST /v1/nodes HTTP/1.1" 201 2655 749695 "-" "python-ironicclient"
- - - [05/May/2023:12:09:11 -0400] "GET /v1/ports?fields=address%2Cextra HTTP/1.1" 200 13 530024 "-" "ironic-inspector keystoneauth1/5.1.0 python-requests/2.28.1 CPython/3.9.14"
- - - [05/May/2023:12:09:12 -0400] "GET /v1/ports?fields=address%2Cextra HTTP/1.1" 200 13 597166 "-" "ironic-inspector keystoneauth1/5.1.0 python-requests/2.28.1 CPython/3.9.14"
- - - [05/May/2023:12:09:12 -0400] "GET /v1/nodes HTTP/1.1" 200 380 349585 "-" "python-ironicclient"
- - - [05/May/2023:12:09:16 -0400] "PATCH /v1/nodes/ac7274bb-89ae-4962-8a63-a23d59bb48f6 HTTP/1.1" 200 3129 956261 "-" "python-ironicclient"
- - - [05/May/2023:12:09:20 -0400] "POST /v1/ports HTTP/1.1" 201 562 605962 "-" "python-ironicclient"
- - - [05/May/2023:12:09:23 -0400] "PUT /v1/nodes/ac7274bb-89ae-4962-8a63-a23d59bb48f6/states/provision HTTP/1.1" 202 - 510366 "-" "python-ironicclient"
- - - [05/May/2023:12:09:26 -0400] "GET /v1/ports?fields=address%2Cextra HTTP/1.1" 200 268 569831 "-" "ironic-inspector keystoneauth1/5.1.0 python-requests/2.28.1 CPython/3.9.14"
- - - [05/May/2023:12:09:27 -0400] "GET /v1/ports?fields=address%2Cextra HTTP/1.1" 200 268 523260 "-" "ironic-inspector keystoneauth1/5.1.0 python-requests/2.28.1 CPython/3.9.14"
- - - [05/May/2023:12:09:37 -0400] "PUT /v1/nodes/ac7274bb-89ae-4962-8a63-a23d59bb48f6/states/provision HTTP/1.1" 202 - 514785 "-" "python-ironicclient"
- - - [05/May/2023:12:09:40 -0400] "PUT /v1/nodes/ac7274bb-89ae-4962-8a63-a23d59bb48f6/states/power HTTP/1.1" 202 - 534161 "-" "python-ironicclient"
- - - [05/May/2023:12:09:41 -0400] "GET /v1/ports?fields=address%2Cextra HTTP/1.1" 200 268 542059 "-" "ironic-inspector keystoneauth1/5.1.0 python-requests/2.28.1 CPython/3.9.14"
- - - [05/May/2023:12:09:42 -0400] "GET /v1/ports?fields=address%2Cextra HTTP/1.1" 200 268 459464 "-" "ironic-inspector keystoneauth1/5.1.0 python-requests/2.28.1 CPython/3.9.14"
- - - [05/May/2023:12:09:56 -0400] "GET /v1/nodes?fields=uuid HTTP/1.1" 200 271 667530 "-" "ironic-inspector keystoneauth1/5.1.0 python-requests/2.28.1 CPython/3.9.14"
- - - [05/May/2023:12:09:56 -0400] "GET /v1/ports?fields=address%2Cextra HTTP/1.1" 200 268 700521 "-" "ironic-inspector keystoneauth1/5.1.0 python-requests/2.28.1 CPython/3.9.14"
- - - [05/May/2023:12:09:57 -0400] "GET /v1/ports?fields=address%2Cextra HTTP/1.1" 200 268 497046 "-" "ironic-inspector keystoneauth1/5.1.0 python-requests/2.28.1 CPython/3.9.14"
- - - [05/May/2023:12:10:03 -0400] "GET /v1/nodes HTTP/1.1" 200 369 484423 "-" "python-urllib3/1.26.5"
- - - [05/May/2023:12:10:03 -0400] "GET /v1/nodes?provision_state=available&associated=False&maintenance=False&fields=uuid%2Cdriver%2Cinstance_uuid%2Cprovision_state%2Cname%2Cmaintenance HTTP/1.1" 200 379 589941 "-" "python-urllib3/1.26.5"
- - - [05/May/2023:12:10:04 -0400] "PATCH /v1/nodes/ac7274bb-89ae-4962-8a63-a23d59bb48f6 HTTP/1.1" 200 2554 982032 "-" "python-urllib3/1.26.5"
- - - [05/May/2023:12:10:05 -0400] "PATCH /v1/nodes/ac7274bb-89ae-4962-8a63-a23d59bb48f6 HTTP/1.1" 200 2554 781996 "-" "python-urllib3/1.26.5"
- - - [05/May/2023:12:10:09 -0400] "POST /v1/nodes/ac7274bb-89ae-4962-8a63-a23d59bb48f6/vifs HTTP/1.1" 204 - 608291 "-" "python-urllib3/1.26.5"
- - - [05/May/2023:12:10:09 -0400] "PATCH /v1/nodes/ac7274bb-89ae-4962-8a63-a23d59bb48f6 HTTP/1.1" 200 2554 976138 "-" "python-urllib3/1.26.5"
- - - [05/May/2023:12:10:10 -0400] "PUT /v1/nodes/ac7274bb-89ae-4962-8a63-a23d59bb48f6/states/provision HTTP/1.1" 202 - 669922 "-" "python-urllib3/1.26.5"
- - - [05/May/2023:12:10:11 -0400] "GET /v1/ports?fields=address%2Cextra HTTP/1.1" 200 268 420494 "-" "ironic-inspector keystoneauth1/5.1.0 python-requests/2.28.1 CPython/3.9.14"
- - - [05/May/2023:12:10:11 -0400] "GET /v1/nodes/ac7274bb-89ae-4962-8a63-a23d59bb48f6 HTTP/1.1" 200 2615 487893 "-" "python-urllib3/1.26.5"
- - - [05/May/2023:12:10:12 -0400] "GET /v1/ports?fields=address%2Cextra HTTP/1.1" 200 268 377425 "-" "ironic-inspector keystoneauth1/5.1.0 python-requests/2.28.1 CPython/3.9.14"
- - - [05/May/2023:12:10:13 -0400] "GET /v1/nodes/ac7274bb-89ae-4962-8a63-a23d59bb48f6 HTTP/1.1" 200 2660 358560 "-" "python-urllib3/1.26.5"
- - - [05/May/2023:12:10:14 -0400] "GET /v1/nodes/ac7274bb-89ae-4962-8a63-a23d59bb48f6 HTTP/1.1" 200 2660 571465 "-" "python-urllib3/1.26.5"
- - - [05/May/2023:12:10:16 -0400] "GET /v1/nodes/ac7274bb-89ae-4962-8a63-a23d59bb48f6 HTTP/1.1" 200 2660 375607 "-" "python-urllib3/1.26.5"
- - - [05/May/2023:12:10:17 -0400] "GET /v1/nodes/ac7274bb-89ae-4962-8a63-a23d59bb48f6 HTTP/1.1" 200 2660 367636 "-" "python-urllib3/1.26.5"
- - - [05/May/2023:12:10:18 -0400] "GET /v1/nodes/ac7274bb-89ae-4962-8a63-a23d59bb48f6 HTTP/1.1" 200 2660 399015 "-" "python-urllib3/1.26.5"
- - - [05/May/2023:12:10:20 -0400] "GET /v1/nodes/ac7274bb-89ae-4962-8a63-a23d59bb48f6 HTTP/1.1" 200 2660 560373 "-" "python-urllib3/1.26.5"
- - - [05/May/2023:12:10:21 -0400] "GET /v1/nodes/ac7274bb-89ae-4962-8a63-a23d59bb48f6 HTTP/1.1" 200 2660 562463 "-" "python-urllib3/1.26.5"
- - - [05/May/2023:12:10:23 -0400] "GET /v1/nodes/ac7274bb-89ae-4962-8a63-a23d59bb48f6 HTTP/1.1" 200 2715 374563 "-" "python-urllib3/1.26.5"
- - - [05/May/2023:12:10:24 -0400] "GET /v1/nodes/ac7274bb-89ae-4962-8a63-a23d59bb48f6 HTTP/1.1" 200 2715 417862 "-" "python-urllib3/1.26.5"
- - - [05/May/2023:12:10:26 -0400] "GET /v1/nodes/ac7274bb-89ae-4962-8a63-a23d59bb48f6 HTTP/1.1" 200 2715 454481 "-" "python-urllib3/1.26.5"
- - - [05/May/2023:12:10:26 -0400] "GET /v1/ports?fields=address%2Cextra HTTP/1.1" 200 268 449253 "-" "ironic-inspector keystoneauth1/5.1.0 python-requests/2.28.1 CPython/3.9.14"
- - - [05/May/2023:12:10:27 -0400] "GET /v1/ports?fields=address%2Cextra HTTP/1.1" 200 268 339954 "-" "ironic-inspector keystoneauth1/5.1.0 python-requests/2.28.1 CPython/3.9.14"
- - - [05/May/2023:12:10:27 -0400] "GET /v1/nodes/ac7274bb-89ae-4962-8a63-a23d59bb48f6 HTTP/1.1" 200 2715 410236 "-" "python-urllib3/1.26.5"
- - - [05/May/2023:12:10:29 -0400] "GET /v1/nodes/ac7274bb-89ae-4962-8a63-a23d59bb48f6 HTTP/1.1" 200 2715 750877 "-" "python-urllib3/1.26.5"
- - - [05/May/2023:12:10:30 -0400] "GET /v1/nodes/ac7274bb-89ae-4962-8a63-a23d59bb48f6 HTTP/1.1" 200 2715 531717 "-" "python-urllib3/1.26.5"
- - - [05/May/2023:12:10:32 -0400] "GET /v1/nodes/ac7274bb-89ae-4962-8a63-a23d59bb48f6 HTTP/1.1" 200 3258 394497 "-" "python-urllib3/1.26.5"
- - - [05/May/2023:12:10:33 -0400] "GET /v1/nodes/ac7274bb-89ae-4962-8a63-a23d59bb48f6 HTTP/1.1" 200 3258 434525 "-" "python-urllib3/1.26.5"
- - - [05/May/2023:12:10:35 -0400] "GET /v1/nodes/ac7274bb-89ae-4962-8a63-a23d59bb48f6 HTTP/1.1" 200 3258 378704 "-" "python-urllib3/1.26.5"
- - - [05/May/2023:12:10:36 -0400] "GET /v1/nodes/ac7274bb-89ae-4962-8a63-a23d59bb48f6 HTTP/1.1" 200 3258 435687 "-" "python-urllib3/1.26.5"
- - - [05/May/2023:12:10:38 -0400] "GET /v1/nodes/ac7274bb-89ae-4962-8a63-a23d59bb48f6 HTTP/1.1" 200 3258 390422 "-" "python-urllib3/1.26.5"
- - - [05/May/2023:12:10:39 -0400] "GET /v1/nodes/ac7274bb-89ae-4962-8a63-a23d59bb48f6 HTTP/1.1" 200 3258 388868 "-" "python-urllib3/1.26.5"
- - - [05/May/2023:12:10:40 -0400] "GET /v1/nodes/ac7274bb-89ae-4962-8a63-a23d59bb48f6 HTTP/1.1" 200 3258 444544 "-" "python-urllib3/1.26.5"
- - - [05/May/2023:12:10:41 -0400] "GET /v1/ports?fields=address%2Cextra HTTP/1.1" 200 268 542199 "-" "ironic-inspector keystoneauth1/5.1.0 python-requests/2.28.1 CPython/3.9.14"
- - - [05/May/2023:12:10:42 -0400] "GET /v1/ports?fields=address%2Cextra HTTP/1.1" 200 268 372735 "-" "ironic-inspector keystoneauth1/5.1.0 python-requests/2.28.1 CPython/3.9.14"
- - - [05/May/2023:12:10:42 -0400] "GET /v1/nodes/ac7274bb-89ae-4962-8a63-a23d59bb48f6 HTTP/1.1" 200 3258 385593 "-" "python-urllib3/1.26.5"
- - - [05/May/2023:12:10:43 -0400] "GET /v1/nodes/ac7274bb-89ae-4962-8a63-a23d59bb48f6 HTTP/1.1" 200 3256 446315 "-" "python-urllib3/1.26.5"
- - - [05/May/2023:12:10:44 -0400] "GET /v1/nodes/ac7274bb-89ae-4962-8a63-a23d59bb48f6 HTTP/1.1" 200 3241 452868 "-" "python-urllib3/1.26.5"
- - - [05/May/2023:12:10:56 -0400] "GET /v1/nodes?fields=uuid HTTP/1.1" 200 271 481143 "-" "ironic-inspector keystoneauth1/5.1.0 python-requests/2.28.1 CPython/3.9.14"
- - - [05/May/2023:12:10:56 -0400] "GET /v1/ports?fields=address%2Cextra HTTP/1.1" 200 268 440804 "-" "ironic-inspector keystoneauth1/5.1.0 python-requests/2.28.1 CPython/3.9.14"
- - - [05/May/2023:12:10:57 -0400] "GET /v1/ports?fields=address%2Cextra HTTP/1.1" 200 268 414082 "-" "ironic-inspector keystoneauth1/5.1.0 python-requests/2.28.1 CPython/3.9.14"
- - - [05/May/2023:12:11:11 -0400] "GET /v1/ports?fields=address%2Cextra HTTP/1.1" 200 268 381700 "-" "ironic-inspector keystoneauth1/5.1.0 python-requests/2.28.1 CPython/3.9.14"
- - - [05/May/2023:12:11:11 -0400] "GET /v1/ports?fields=address%2Cextra HTTP/1.1" 200 268 389115 "-" "ironic-inspector keystoneauth1/5.1.0 python-requests/2.28.1 CPython/3.9.14"
- - - [05/May/2023:12:11:14 -0400] "GET /v1/nodes/ac7274bb-89ae-4962-8a63-a23d59bb48f6 HTTP/1.1" 200 3241 477262 "-" "python-urllib3/1.26.5"
- - - [05/May/2023:12:11:26 -0400] "GET /v1/ports?fields=address%2Cextra HTTP/1.1" 200 268 492755 "-" "ironic-inspector keystoneauth1/5.1.0 python-requests/2.28.1 CPython/3.9.14"
- - - [05/May/2023:12:11:27 -0400] "GET /v1/ports?fields=address%2Cextra HTTP/1.1" 200 268 534974 "-" "ironic-inspector keystoneauth1/5.1.0 python-requests/2.28.1 CPython/3.9.14"
- - - [05/May/2023:12:11:41 -0400] "GET /v1/ports?fields=address%2Cextra HTTP/1.1" 200 268 424900 "-" "ironic-inspector keystoneauth1/5.1.0 python-requests/2.28.1 CPython/3.9.14"
- - - [05/May/2023:12:11:42 -0400] "GET /v1/ports?fields=address%2Cextra HTTP/1.1" 200 268 407136 "-" "ironic-inspector keystoneauth1/5.1.0 python-requests/2.28.1 CPython/3.9.14"
- - - [05/May/2023:12:11:45 -0400] "GET /v1/nodes/ac7274bb-89ae-4962-8a63-a23d59bb48f6 HTTP/1.1" 200 3241 473074 "-" "python-urllib3/1.26.5"
- - - [05/May/2023:12:11:56 -0400] "GET /v1/nodes?fields=uuid HTTP/1.1" 200 271 389398 "-" "ironic-inspector keystoneauth1/5.1.0 python-requests/2.28.1 CPython/3.9.14"
- - - [05/May/2023:12:11:56 -0400] "GET /v1/ports?fields=address%2Cextra HTTP/1.1" 200 268 399714 "-" "ironic-inspector keystoneauth1/5.1.0 python-requests/2.28.1 CPython/3.9.14"
- - - [05/May/2023:12:11:56 -0400] "GET /v1/ports?fields=address%2Cextra HTTP/1.1" 200 268 380821 "-" "ironic-inspector keystoneauth1/5.1.0 python-requests/2.28.1 CPython/3.9.14"
- - - [05/May/2023:12:12:11 -0400] "GET /v1/ports?fields=address%2Cextra HTTP/1.1" 200 268 373994 "-" "ironic-inspector keystoneauth1/5.1.0 python-requests/2.28.1 CPython/3.9.14"
- - - [05/May/2023:12:12:11 -0400] "GET /v1/ports?fields=address%2Cextra HTTP/1.1" 200 268 389953 "-" "ironic-inspector keystoneauth1/5.1.0 python-requests/2.28.1 CPython/3.9.14"
- - - [05/May/2023:12:12:15 -0400] "GET /v1/nodes/ac7274bb-89ae-4962-8a63-a23d59bb48f6 HTTP/1.1" 200 3241 461285 "-" "python-urllib3/1.26.5"
- - - [05/May/2023:12:12:26 -0400] "GET /v1/ports?fields=address%2Cextra HTTP/1.1" 200 268 436015 "-" "ironic-inspector keystoneauth1/5.1.0 python-requests/2.28.1 CPython/3.9.14"
- - - [05/May/2023:12:12:27 -0400] "GET /v1/ports?fields=address%2Cextra HTTP/1.1" 200 268 424052 "-" "ironic-inspector keystoneauth1/5.1.0 python-requests/2.28.1 CPython/3.9.14"
- - - [05/May/2023:12:12:41 -0400] "GET /v1/ports?fields=address%2Cextra HTTP/1.1" 200 268 491273 "-" "ironic-inspector keystoneauth1/5.1.0 python-requests/2.28.1 CPython/3.9.14"
- - - [05/May/2023:12:12:42 -0400] "GET /v1/ports?fields=address%2Cextra HTTP/1.1" 200 268 430228 "-" "ironic-inspector keystoneauth1/5.1.0 python-requests/2.28.1 CPython/3.9.14"
- - - [05/May/2023:12:12:46 -0400] "GET /v1/nodes/ac7274bb-89ae-4962-8a63-a23d59bb48f6 HTTP/1.1" 200 3241 393554 "-" "python-urllib3/1.26.5"
- - - [05/May/2023:12:12:56 -0400] "GET /v1/nodes?fields=uuid HTTP/1.1" 200 271 434530 "-" "ironic-inspector keystoneauth1/5.1.0 python-requests/2.28.1 CPython/3.9.14"
- - - [05/May/2023:12:12:56 -0400] "GET /v1/ports?fields=address%2Cextra HTTP/1.1" 200 268 430348 "-" "ironic-inspector keystoneauth1/5.1.0 python-requests/2.28.1 CPython/3.9.14"
- - - [05/May/2023:12:12:57 -0400] "GET /v1/ports?fields=address%2Cextra HTTP/1.1" 200 268 418147 "-" "ironic-inspector keystoneauth1/5.1.0 python-requests/2.28.1 CPython/3.9.14"
- - - [05/May/2023:12:13:11 -0400] "GET /v1/ports?fields=address%2Cextra HTTP/1.1" 200 268 430395 "-" "ironic-inspector keystoneauth1/5.1.0 python-requests/2.28.1 CPython/3.9.14"
- - - [05/May/2023:12:13:12 -0400] "GET /v1/ports?fields=address%2Cextra HTTP/1.1" 200 268 383639 "-" "ironic-inspector keystoneauth1/5.1.0 python-requests/2.28.1 CPython/3.9.14"
- - - [05/May/2023:12:13:16 -0400] "GET /v1/nodes/ac7274bb-89ae-4962-8a63-a23d59bb48f6 HTTP/1.1" 200 3241 416592 "-" "python-urllib3/1.26.5"
- - - [05/May/2023:12:13:26 -0400] "GET /v1/ports?fields=address%2Cextra HTTP/1.1" 200 268 443120 "-" "ironic-inspector keystoneauth1/5.1.0 python-requests/2.28.1 CPython/3.9.14"
- - - [05/May/2023:12:13:27 -0400] "GET /v1/ports?fields=address%2Cextra HTTP/1.1" 200 268 389838 "-" "ironic-inspector keystoneauth1/5.1.0 python-requests/2.28.1 CPython/3.9.14"
- - - [05/May/2023:12:13:40 -0400] "GET / HTTP/1.1" 200 468 13653 "-" "python-requests/2.28.1"
- - - [05/May/2023:12:13:40 -0400] "GET /v1/lookup?addresses=ec%3Ab1%3Ad7%3A83%3A74%3A42%2Cec%3Ab1%3Ad7%3A83%3A74%3A40%2Cec%3Ab1%3Ad7%3A83%3A74%3A43%2Cec%3Ab1%3Ad7%3A83%3A74%3A41 HTTP/1.1" 200 1047 275298 "-" "python-requests/2.28.1"
- - - [05/May/2023:12:13:40 -0400] "POST /v1/heartbeat/ac7274bb-89ae-4962-8a63-a23d59bb48f6 HTTP/1.1" 202 - 92654 "-" "python-requests/2.28.1"
- - - [05/May/2023:12:13:41 -0400] "GET /v1/lookup?addresses=ec%3Ab1%3Ad7%3A83%3A74%3A42%2Cec%3Ab1%3Ad7%3A83%3A74%3A40%2Cec%3Ab1%3Ad7%3A83%3A74%3A43%2Cec%3Ab1%3Ad7%3A83%3A74%3A41&node_uuid=ac7274bb-89ae-4962-8a63-a23d59bb48f6 HTTP/1.1" 200 1010 138595 "-" "python-requests/2.28.1"
- - - [05/May/2023:12:13:41 -0400] "GET /v1/ports?fields=address%2Cextra HTTP/1.1" 200 268 500545 "-" "ironic-inspector keystoneauth1/5.1.0 python-requests/2.28.1 CPython/3.9.14"
- - - [05/May/2023:12:13:42 -0400] "GET /v1/ports?fields=address%2Cextra HTTP/1.1" 200 268 376150 "-" "ironic-inspector keystoneauth1/5.1.0 python-requests/2.28.1 CPython/3.9.14"
- - - [05/May/2023:12:13:47 -0400] "GET /v1/nodes/ac7274bb-89ae-4962-8a63-a23d59bb48f6 HTTP/1.1" 200 4766 542202 "-" "python-urllib3/1.26.5"
- - - [05/May/2023:12:13:56 -0400] "GET /v1/nodes?fields=uuid HTTP/1.1" 200 271 374417 "-" "ironic-inspector keystoneauth1/5.1.0 python-requests/2.28.1 CPython/3.9.14"
- - - [05/May/2023:12:13:56 -0400] "GET /v1/ports?fields=address%2Cextra HTTP/1.1" 200 268 392321 "-" "ironic-inspector keystoneauth1/5.1.0 python-requests/2.28.1 CPython/3.9.14"
- - - [05/May/2023:12:13:57 -0400] "GET /v1/ports?fields=address%2Cextra HTTP/1.1" 200 268 372824 "-" "ironic-inspector keystoneauth1/5.1.0 python-requests/2.28.1 CPython/3.9.14"
- - - [05/May/2023:12:14:10 -0400] "POST /v1/heartbeat/ac7274bb-89ae-4962-8a63-a23d59bb48f6 HTTP/1.1" 202 - 118223 "-" "python-requests/2.28.1"
- - - [05/May/2023:12:14:11 -0400] "GET /v1/ports?fields=address%2Cextra HTTP/1.1" 200 268 398328 "-" "ironic-inspector keystoneauth1/5.1.0 python-requests/2.28.1 CPython/3.9.14"
- - - [05/May/2023:12:14:12 -0400] "GET /v1/ports?fields=address%2Cextra HTTP/1.1" 200 268 385302 "-" "ironic-inspector keystoneauth1/5.1.0 python-requests/2.28.1 CPython/3.9.14"
- - - [05/May/2023:12:14:17 -0400] "GET /v1/nodes/ac7274bb-89ae-4962-8a63-a23d59bb48f6 HTTP/1.1" 200 4814 487606 "-" "python-urllib3/1.26.5"
- - - [05/May/2023:12:14:20 -0400] "POST /v1/heartbeat/ac7274bb-89ae-4962-8a63-a23d59bb48f6 HTTP/1.1" 202 - 102860 "-" "python-requests/2.28.1"
- - - [05/May/2023:12:14:26 -0400] "GET /v1/ports?fields=address%2Cextra HTTP/1.1" 200 268 445948 "-" "ironic-inspector keystoneauth1/5.1.0 python-requests/2.28.1 CPython/3.9.14"
- - - [05/May/2023:12:14:27 -0400] "GET /v1/ports?fields=address%2Cextra HTTP/1.1" 200 268 375969 "-" "ironic-inspector keystoneauth1/5.1.0 python-requests/2.28.1 CPython/3.9.14"
- - - [05/May/2023:12:14:41 -0400] "GET /v1/ports?fields=address%2Cextra HTTP/1.1" 200 268 413916 "-" "ironic-inspector keystoneauth1/5.1.0 python-requests/2.28.1 CPython/3.9.14"
- - - [05/May/2023:12:14:42 -0400] "GET /v1/ports?fields=address%2Cextra HTTP/1.1" 200 268 451519 "-" "ironic-inspector keystoneauth1/5.1.0 python-requests/2.28.1 CPython/3.9.14"
- - - [05/May/2023:12:14:48 -0400] "GET /v1/nodes/ac7274bb-89ae-4962-8a63-a23d59bb48f6 HTTP/1.1" 200 2949 449022 "-" "python-urllib3/1.26.5"
- - - [05/May/2023:12:14:56 -0400] "GET /v1/nodes?fields=uuid HTTP/1.1" 200 271 505998 "-" "ironic-inspector keystoneauth1/5.1.0 python-requests/2.28.1 CPython/3.9.14"
- - - [05/May/2023:12:14:56 -0400] "GET /v1/ports?fields=address%2Cextra HTTP/1.1" 200 268 515758 "-" "ironic-inspector keystoneauth1/5.1.0 python-requests/2.28.1 CPython/3.9.14"
- - - [05/May/2023:12:14:57 -0400] "GET /v1/ports?fields=address%2Cextra HTTP/1.1" 200 268 560328 "-" "ironic-inspector keystoneauth1/5.1.0 python-requests/2.28.1 CPython/3.9.14"
- - - [05/May/2023:12:15:11 -0400] "GET /v1/ports?fields=address%2Cextra HTTP/1.1" 200 268 712209 "-" "ironic-inspector keystoneauth1/5.1.0 python-requests/2.28.1 CPython/3.9.14"
- - - [05/May/2023:12:15:12 -0400] "GET /v1/ports?fields=address%2Cextra HTTP/1.1" 200 268 472054 "-" "ironic-inspector keystoneauth1/5.1.0 python-requests/2.28.1 CPython/3.9.14"
- - - [05/May/2023:12:15:26 -0400] "GET /v1/ports?fields=address%2Cextra HTTP/1.1" 200 268 401913 "-" "ironic-inspector keystoneauth1/5.1.0 python-requests/2.28.1 CPython/3.9.14"
- - - [05/May/2023:12:15:27 -0400] "GET /v1/ports?fields=address%2Cextra HTTP/1.1" 200 268 420800 "-" "ironic-inspector keystoneauth1/5.1.0 python-requests/2.28.1 CPython/3.9.14"
- - - [05/May/2023:12:15:41 -0400] "GET /v1/ports?fields=address%2Cextra HTTP/1.1" 200 268 422523 "-" "ironic-inspector keystoneauth1/5.1.0 python-requests/2.28.1 CPython/3.9.14"
- - - [05/May/2023:12:15:42 -0400] "GET /v1/ports?fields=address%2Cextra HTTP/1.1" 200 268 395475 "-" "ironic-inspector keystoneauth1/5.1.0 python-requests/2.28.1 CPython/3.9.14"
- - - [05/May/2023:12:15:56 -0400] "GET /v1/nodes?fields=uuid HTTP/1.1" 200 271 440565 "-" "ironic-inspector keystoneauth1/5.1.0 python-requests/2.28.1 CPython/3.9.14"
- - - [05/May/2023:12:15:56 -0400] "GET /v1/ports?fields=address%2Cextra HTTP/1.1" 200 268 467220 "-" "ironic-inspector keystoneauth1/5.1.0 python-requests/2.28.1 CPython/3.9.14"
- - - [05/May/2023:12:15:57 -0400] "GET /v1/ports?fields=address%2Cextra HTTP/1.1" 200 268 409850 "-" "ironic-inspector keystoneauth1/5.1.0 python-requests/2.28.1 CPython/3.9.14"
- - - [05/May/2023:12:16:11 -0400] "GET /v1/ports?fields=address%2Cextra HTTP/1.1" 200 268 430432 "-" "ironic-inspector keystoneauth1/5.1.0 python-requests/2.28.1 CPython/3.9.14"
- - - [05/May/2023:12:16:12 -0400] "GET /v1/ports?fields=address%2Cextra HTTP/1.1" 200 268 419067 "-" "ironic-inspector keystoneauth1/5.1.0 python-requests/2.28.1 CPython/3.9.14"
- - - [05/May/2023:12:16:26 -0400] "GET /v1/ports?fields=address%2Cextra HTTP/1.1" 200 268 457714 "-" "ironic-inspector keystoneauth1/5.1.0 python-requests/2.28.1 CPython/3.9.14"
- - - [05/May/2023:12:16:27 -0400] "GET /v1/ports?fields=address%2Cextra HTTP/1.1" 200 268 454025 "-" "ironic-inspector keystoneauth1/5.1.0 python-requests/2.28.1 CPython/3.9.14"
- - - [05/May/2023:12:16:41 -0400] "GET /v1/ports?fields=address%2Cextra HTTP/1.1" 200 268 450929 "-" "ironic-inspector keystoneauth1/5.1.0 python-requests/2.28.1 CPython/3.9.14"
- - - [05/May/2023:12:16:42 -0400] "GET /v1/ports?fields=address%2Cextra HTTP/1.1" 200 268 440334 "-" "ironic-inspector keystoneauth1/5.1.0 python-requests/2.28.1 CPython/3.9.14"
- - - [05/May/2023:12:16:56 -0400] "GET /v1/nodes?fields=uuid HTTP/1.1" 200 271 537737 "-" "ironic-inspector keystoneauth1/5.1.0 python-requests/2.28.1 CPython/3.9.14"
- - - [05/May/2023:12:16:56 -0400] "GET /v1/ports?fields=address%2Cextra HTTP/1.1" 200 268 577724 "-" "ironic-inspector keystoneauth1/5.1.0 python-requests/2.28.1 CPython/3.9.14"
- - - [05/May/2023:12:16:57 -0400] "GET /v1/ports?fields=address%2Cextra HTTP/1.1" 200 268 519628 "-" "ironic-inspector keystoneauth1/5.1.0 python-requests/2.28.1 CPython/3.9.14"
- - - [05/May/2023:12:17:11 -0400] "GET /v1/ports?fields=address%2Cextra HTTP/1.1" 200 268 623205 "-" "ironic-inspector keystoneauth1/5.1.0 python-requests/2.28.1 CPython/3.9.14"
- - - [05/May/2023:12:17:12 -0400] "GET /v1/ports?fields=address%2Cextra HTTP/1.1" 200 268 390000 "-" "ironic-inspector keystoneauth1/5.1.0 python-requests/2.28.1 CPython/3.9.14"
- - - [05/May/2023:12:17:26 -0400] "GET /v1/ports?fields=address%2Cextra HTTP/1.1" 200 268 415655 "-" "ironic-inspector keystoneauth1/5.1.0 python-requests/2.28.1 CPython/3.9.14"
- - - [05/May/2023:12:17:27 -0400] "GET /v1/ports?fields=address%2Cextra HTTP/1.1" 200 268 457844 "-" "ironic-inspector keystoneauth1/5.1.0 python-requests/2.28.1 CPython/3.9.14"
- - - [05/May/2023:12:17:41 -0400] "GET /v1/ports?fields=address%2Cextra HTTP/1.1" 200 268 548286 "-" "ironic-inspector keystoneauth1/5.1.0 python-requests/2.28.1 CPython/3.9.14"
- - - [05/May/2023:12:17:42 -0400] "GET /v1/ports?fields=address%2Cextra HTTP/1.1" 200 268 443673 "-" "ironic-inspector keystoneauth1/5.1.0 python-requests/2.28.1 CPython/3.9.14"
- - - [05/May/2023:12:17:46 -0400] "GET /v1/nodes/ac7274bb-89ae-4962-8a63-a23d59bb48f6/vifs HTTP/1.1" 200 12 528779 "-" "python-urllib3/1.26.5"
- - - [05/May/2023:12:17:50 -0400] "GET /v1/nodes HTTP/1.1" 200 420 491196 "-" "python-ironicclient"
- - - [05/May/2023:12:17:56 -0400] "GET /v1/ports?fields=address%2Cextra HTTP/1.1" 200 268 557665 "-" "ironic-inspector keystoneauth1/5.1.0 python-requests/2.28.1 CPython/3.9.14"
- - - [05/May/2023:12:17:56 -0400] "GET /v1/nodes?fields=uuid HTTP/1.1" 200 271 692720 "-" "ironic-inspector keystoneauth1/5.1.0 python-requests/2.28.1 CPython/3.9.14"
- - - [05/May/2023:12:17:57 -0400] "GET /v1/ports?fields=address%2Cextra HTTP/1.1" 200 268 468588 "-" "ironic-inspector keystoneauth1/5.1.0 python-requests/2.28.1 CPython/3.9.14"
- - - [05/May/2023:12:18:11 -0400] "GET /v1/ports?fields=address%2Cextra HTTP/1.1" 200 268 514898 "-" "ironic-inspector keystoneauth1/5.1.0 python-requests/2.28.1 CPython/3.9.14"
- - - [05/May/2023:12:18:12 -0400] "GET /v1/ports?fields=address%2Cextra HTTP/1.1" 200 268 397464 "-" "ironic-inspector keystoneauth1/5.1.0 python-requests/2.28.1 CPython/3.9.14"
- - - [05/May/2023:12:18:26 -0400] "GET /v1/ports?fields=address%2Cextra HTTP/1.1" 200 268 471613 "-" "ironic-inspector keystoneauth1/5.1.0 python-requests/2.28.1 CPython/3.9.14"
- - - [05/May/2023:12:18:27 -0400] "GET /v1/ports?fields=address%2Cextra HTTP/1.1" 200 268 410258 "-" "ironic-inspector keystoneauth1/5.1.0 python-requests/2.28.1 CPython/3.9.14"
