- - - [24/Feb/2023:10:07:24 -0500] "GET / HTTP/1.1" 200 468 6681108 "-" "ironic-inspector keystoneauth1/5.1.0 python-requests/2.28.1 CPython/3.9.14"
- - - [24/Feb/2023:10:07:31 -0500] "GET /v1/ports?fields=address%2Cextra HTTP/1.1" 200 13 7030906 "-" "ironic-inspector keystoneauth1/5.1.0 python-requests/2.28.1 CPython/3.9.14"
- - - [24/Feb/2023:10:07:38 -0500] "GET /v1/ports?fields=address%2Cextra HTTP/1.1" 200 13 5875128 "-" "ironic-inspector keystoneauth1/5.1.0 python-requests/2.28.1 CPython/3.9.14"
- - - [24/Feb/2023:10:07:59 -0500] "GET /v1/ports?fields=address%2Cextra HTTP/1.1" 200 13 1493030 "-" "ironic-inspector keystoneauth1/5.1.0 python-requests/2.28.1 CPython/3.9.14"
- - - [24/Feb/2023:10:08:00 -0500] "GET /v1/ports?fields=address%2Cextra HTTP/1.1" 200 13 659248 "-" "ironic-inspector keystoneauth1/5.1.0 python-requests/2.28.1 CPython/3.9.14"
- - - [24/Feb/2023:10:08:14 -0500] "GET /v1/ports?fields=address%2Cextra HTTP/1.1" 200 13 649708 "-" "ironic-inspector keystoneauth1/5.1.0 python-requests/2.28.1 CPython/3.9.14"
- - - [24/Feb/2023:10:08:14 -0500] "GET /v1/ports?fields=address%2Cextra HTTP/1.1" 200 13 483778 "-" "ironic-inspector keystoneauth1/5.1.0 python-requests/2.28.1 CPython/3.9.14"
- - - [24/Feb/2023:10:08:29 -0500] "GET /v1/ports?fields=address%2Cextra HTTP/1.1" 200 13 500536 "-" "ironic-inspector keystoneauth1/5.1.0 python-requests/2.28.1 CPython/3.9.14"
- - - [24/Feb/2023:10:08:29 -0500] "GET /v1/ports?fields=address%2Cextra HTTP/1.1" 200 13 550709 "-" "ironic-inspector keystoneauth1/5.1.0 python-requests/2.28.1 CPython/3.9.14"
- - - [24/Feb/2023:10:08:44 -0500] "GET /v1/ports?fields=address%2Cextra HTTP/1.1" 200 13 562792 "-" "ironic-inspector keystoneauth1/5.1.0 python-requests/2.28.1 CPython/3.9.14"
- - - [24/Feb/2023:10:08:44 -0500] "GET /v1/nodes?fields=uuid HTTP/1.1" 200 13 696729 "-" "ironic-inspector keystoneauth1/5.1.0 python-requests/2.28.1 CPython/3.9.14"
- - - [24/Feb/2023:10:08:44 -0500] "GET /v1/ports?fields=address%2Cextra HTTP/1.1" 200 13 461830 "-" "ironic-inspector keystoneauth1/5.1.0 python-requests/2.28.1 CPython/3.9.14"
- - - [24/Feb/2023:10:08:59 -0500] "GET /v1/ports?fields=address%2Cextra HTTP/1.1" 200 13 516550 "-" "ironic-inspector keystoneauth1/5.1.0 python-requests/2.28.1 CPython/3.9.14"
- - - [24/Feb/2023:10:08:59 -0500] "GET /v1/ports?fields=address%2Cextra HTTP/1.1" 200 13 588131 "-" "ironic-inspector keystoneauth1/5.1.0 python-requests/2.28.1 CPython/3.9.14"
- - - [24/Feb/2023:10:09:14 -0500] "GET /v1/ports?fields=address%2Cextra HTTP/1.1" 200 13 375039 "-" "ironic-inspector keystoneauth1/5.1.0 python-requests/2.28.1 CPython/3.9.14"
- - - [24/Feb/2023:10:09:14 -0500] "GET /v1/ports?fields=address%2Cextra HTTP/1.1" 200 13 381971 "-" "ironic-inspector keystoneauth1/5.1.0 python-requests/2.28.1 CPython/3.9.14"
- - - [24/Feb/2023:10:09:29 -0500] "GET /v1/ports?fields=address%2Cextra HTTP/1.1" 200 13 542085 "-" "ironic-inspector keystoneauth1/5.1.0 python-requests/2.28.1 CPython/3.9.14"
- - - [24/Feb/2023:10:09:29 -0500] "GET /v1/ports?fields=address%2Cextra HTTP/1.1" 200 13 481509 "-" "ironic-inspector keystoneauth1/5.1.0 python-requests/2.28.1 CPython/3.9.14"
- - - [24/Feb/2023:10:09:44 -0500] "GET /v1/nodes?fields=uuid HTTP/1.1" 200 13 517771 "-" "ironic-inspector keystoneauth1/5.1.0 python-requests/2.28.1 CPython/3.9.14"
- - - [24/Feb/2023:10:09:44 -0500] "GET /v1/ports?fields=address%2Cextra HTTP/1.1" 200 13 547106 "-" "ironic-inspector keystoneauth1/5.1.0 python-requests/2.28.1 CPython/3.9.14"
- - - [24/Feb/2023:10:09:44 -0500] "GET /v1/ports?fields=address%2Cextra HTTP/1.1" 200 13 388281 "-" "ironic-inspector keystoneauth1/5.1.0 python-requests/2.28.1 CPython/3.9.14"
- - - [24/Feb/2023:10:09:59 -0500] "GET /v1/ports?fields=address%2Cextra HTTP/1.1" 200 13 446008 "-" "ironic-inspector keystoneauth1/5.1.0 python-requests/2.28.1 CPython/3.9.14"
- - - [24/Feb/2023:10:09:59 -0500] "GET /v1/ports?fields=address%2Cextra HTTP/1.1" 200 13 434005 "-" "ironic-inspector keystoneauth1/5.1.0 python-requests/2.28.1 CPython/3.9.14"
- - - [24/Feb/2023:10:10:14 -0500] "GET /v1/ports?fields=address%2Cextra HTTP/1.1" 200 13 448343 "-" "ironic-inspector keystoneauth1/5.1.0 python-requests/2.28.1 CPython/3.9.14"
- - - [24/Feb/2023:10:10:14 -0500] "GET /v1/ports?fields=address%2Cextra HTTP/1.1" 200 13 467373 "-" "ironic-inspector keystoneauth1/5.1.0 python-requests/2.28.1 CPython/3.9.14"
- - - [24/Feb/2023:10:10:29 -0500] "GET /v1/ports?fields=address%2Cextra HTTP/1.1" 200 13 502833 "-" "ironic-inspector keystoneauth1/5.1.0 python-requests/2.28.1 CPython/3.9.14"
- - - [24/Feb/2023:10:10:29 -0500] "GET /v1/ports?fields=address%2Cextra HTTP/1.1" 200 13 363206 "-" "ironic-inspector keystoneauth1/5.1.0 python-requests/2.28.1 CPython/3.9.14"
- - - [24/Feb/2023:10:10:44 -0500] "GET /v1/ports?fields=address%2Cextra HTTP/1.1" 200 13 1468993 "-" "ironic-inspector keystoneauth1/5.1.0 python-requests/2.28.1 CPython/3.9.14"
- - - [24/Feb/2023:10:10:44 -0500] "GET /v1/nodes?fields=uuid HTTP/1.1" 200 13 1478997 "-" "ironic-inspector keystoneauth1/5.1.0 python-requests/2.28.1 CPython/3.9.14"
- - - [24/Feb/2023:10:10:45 -0500] "GET /v1/ports?fields=address%2Cextra HTTP/1.1" 200 13 719174 "-" "ironic-inspector keystoneauth1/5.1.0 python-requests/2.28.1 CPython/3.9.14"
- - - [24/Feb/2023:10:10:59 -0500] "GET /v1/ports?fields=address%2Cextra HTTP/1.1" 200 13 603279 "-" "ironic-inspector keystoneauth1/5.1.0 python-requests/2.28.1 CPython/3.9.14"
- - - [24/Feb/2023:10:10:59 -0500] "GET /v1/ports?fields=address%2Cextra HTTP/1.1" 200 13 517542 "-" "ironic-inspector keystoneauth1/5.1.0 python-requests/2.28.1 CPython/3.9.14"
- - - [24/Feb/2023:10:11:14 -0500] "GET /v1/ports?fields=address%2Cextra HTTP/1.1" 200 13 427910 "-" "ironic-inspector keystoneauth1/5.1.0 python-requests/2.28.1 CPython/3.9.14"
- - - [24/Feb/2023:10:11:14 -0500] "GET /v1/ports?fields=address%2Cextra HTTP/1.1" 200 13 359689 "-" "ironic-inspector keystoneauth1/5.1.0 python-requests/2.28.1 CPython/3.9.14"
- - - [24/Feb/2023:10:11:29 -0500] "GET /v1/ports?fields=address%2Cextra HTTP/1.1" 200 13 455109 "-" "ironic-inspector keystoneauth1/5.1.0 python-requests/2.28.1 CPython/3.9.14"
- - - [24/Feb/2023:10:11:29 -0500] "GET /v1/ports?fields=address%2Cextra HTTP/1.1" 200 13 374582 "-" "ironic-inspector keystoneauth1/5.1.0 python-requests/2.28.1 CPython/3.9.14"
- - - [24/Feb/2023:10:11:44 -0500] "GET /v1/ports?fields=address%2Cextra HTTP/1.1" 200 13 458426 "-" "ironic-inspector keystoneauth1/5.1.0 python-requests/2.28.1 CPython/3.9.14"
- - - [24/Feb/2023:10:11:44 -0500] "GET /v1/nodes?fields=uuid HTTP/1.1" 200 13 514523 "-" "ironic-inspector keystoneauth1/5.1.0 python-requests/2.28.1 CPython/3.9.14"
- - - [24/Feb/2023:10:11:44 -0500] "GET /v1/ports?fields=address%2Cextra HTTP/1.1" 200 13 507714 "-" "ironic-inspector keystoneauth1/5.1.0 python-requests/2.28.1 CPython/3.9.14"
- - - [24/Feb/2023:10:11:59 -0500] "GET /v1/ports?fields=address%2Cextra HTTP/1.1" 200 13 395866 "-" "ironic-inspector keystoneauth1/5.1.0 python-requests/2.28.1 CPython/3.9.14"
- - - [24/Feb/2023:10:11:59 -0500] "GET /v1/ports?fields=address%2Cextra HTTP/1.1" 200 13 394210 "-" "ironic-inspector keystoneauth1/5.1.0 python-requests/2.28.1 CPython/3.9.14"
- - - [24/Feb/2023:10:12:14 -0500] "GET /v1/ports?fields=address%2Cextra HTTP/1.1" 200 13 500590 "-" "ironic-inspector keystoneauth1/5.1.0 python-requests/2.28.1 CPython/3.9.14"
- - - [24/Feb/2023:10:12:14 -0500] "GET /v1/ports?fields=address%2Cextra HTTP/1.1" 200 13 464753 "-" "ironic-inspector keystoneauth1/5.1.0 python-requests/2.28.1 CPython/3.9.14"
- - - [24/Feb/2023:10:12:29 -0500] "GET /v1/ports?fields=address%2Cextra HTTP/1.1" 200 13 367229 "-" "ironic-inspector keystoneauth1/5.1.0 python-requests/2.28.1 CPython/3.9.14"
- - - [24/Feb/2023:10:12:29 -0500] "GET /v1/ports?fields=address%2Cextra HTTP/1.1" 200 13 349528 "-" "ironic-inspector keystoneauth1/5.1.0 python-requests/2.28.1 CPython/3.9.14"
- - - [24/Feb/2023:10:12:44 -0500] "GET /v1/nodes?fields=uuid HTTP/1.1" 200 13 491627 "-" "ironic-inspector keystoneauth1/5.1.0 python-requests/2.28.1 CPython/3.9.14"
- - - [24/Feb/2023:10:12:44 -0500] "GET /v1/ports?fields=address%2Cextra HTTP/1.1" 200 13 497328 "-" "ironic-inspector keystoneauth1/5.1.0 python-requests/2.28.1 CPython/3.9.14"
- - - [24/Feb/2023:10:12:44 -0500] "GET /v1/ports?fields=address%2Cextra HTTP/1.1" 200 13 444432 "-" "ironic-inspector keystoneauth1/5.1.0 python-requests/2.28.1 CPython/3.9.14"
- - - [24/Feb/2023:10:12:59 -0500] "GET /v1/ports?fields=address%2Cextra HTTP/1.1" 200 13 513463 "-" "ironic-inspector keystoneauth1/5.1.0 python-requests/2.28.1 CPython/3.9.14"
- - - [24/Feb/2023:10:12:59 -0500] "GET /v1/ports?fields=address%2Cextra HTTP/1.1" 200 13 438012 "-" "ironic-inspector keystoneauth1/5.1.0 python-requests/2.28.1 CPython/3.9.14"
- - - [24/Feb/2023:10:13:14 -0500] "GET /v1/ports?fields=address%2Cextra HTTP/1.1" 200 13 412673 "-" "ironic-inspector keystoneauth1/5.1.0 python-requests/2.28.1 CPython/3.9.14"
- - - [24/Feb/2023:10:13:14 -0500] "GET /v1/ports?fields=address%2Cextra HTTP/1.1" 200 13 408680 "-" "ironic-inspector keystoneauth1/5.1.0 python-requests/2.28.1 CPython/3.9.14"
- - - [24/Feb/2023:10:13:29 -0500] "GET /v1/ports?fields=address%2Cextra HTTP/1.1" 200 13 467110 "-" "ironic-inspector keystoneauth1/5.1.0 python-requests/2.28.1 CPython/3.9.14"
- - - [24/Feb/2023:10:13:29 -0500] "GET /v1/ports?fields=address%2Cextra HTTP/1.1" 200 13 373829 "-" "ironic-inspector keystoneauth1/5.1.0 python-requests/2.28.1 CPython/3.9.14"
- - - [24/Feb/2023:10:13:44 -0500] "GET /v1/nodes?fields=uuid HTTP/1.1" 200 13 639773 "-" "ironic-inspector keystoneauth1/5.1.0 python-requests/2.28.1 CPython/3.9.14"
- - - [24/Feb/2023:10:13:44 -0500] "GET /v1/ports?fields=address%2Cextra HTTP/1.1" 200 13 819964 "-" "ironic-inspector keystoneauth1/5.1.0 python-requests/2.28.1 CPython/3.9.14"
- - - [24/Feb/2023:10:13:45 -0500] "GET /v1/ports?fields=address%2Cextra HTTP/1.1" 200 13 477299 "-" "ironic-inspector keystoneauth1/5.1.0 python-requests/2.28.1 CPython/3.9.14"
- - - [24/Feb/2023:10:13:59 -0500] "GET /v1/ports?fields=address%2Cextra HTTP/1.1" 200 13 403414 "-" "ironic-inspector keystoneauth1/5.1.0 python-requests/2.28.1 CPython/3.9.14"
- - - [24/Feb/2023:10:13:59 -0500] "GET /v1/ports?fields=address%2Cextra HTTP/1.1" 200 13 340577 "-" "ironic-inspector keystoneauth1/5.1.0 python-requests/2.28.1 CPython/3.9.14"
- - - [24/Feb/2023:10:14:14 -0500] "GET /v1/ports?fields=address%2Cextra HTTP/1.1" 200 13 12032921 "-" "ironic-inspector keystoneauth1/5.1.0 python-requests/2.28.1 CPython/3.9.14"
- - - [24/Feb/2023:10:14:44 -0500] "GET /v1/nodes?fields=uuid HTTP/1.1" 200 13 8917969 "-" "ironic-inspector keystoneauth1/5.1.0 python-requests/2.28.1 CPython/3.9.14"
- - - [24/Feb/2023:10:14:45 -0500] "GET /v1/ports?fields=address%2Cextra HTTP/1.1" 200 13 9018118 "-" "ironic-inspector keystoneauth1/5.1.0 python-requests/2.28.1 CPython/3.9.14"
- - - [24/Feb/2023:10:14:54 -0500] "GET /v1/ports?fields=address%2Cextra HTTP/1.1" 200 13 6796028 "-" "ironic-inspector keystoneauth1/5.1.0 python-requests/2.28.1 CPython/3.9.14"
- - - [24/Feb/2023:10:15:01 -0500] "GET /v1/ports?fields=address%2Cextra HTTP/1.1" 200 13 634727 "-" "ironic-inspector keystoneauth1/5.1.0 python-requests/2.28.1 CPython/3.9.14"
- - - [24/Feb/2023:10:15:02 -0500] "GET /v1/ports?fields=address%2Cextra HTTP/1.1" 200 13 398459 "-" "ironic-inspector keystoneauth1/5.1.0 python-requests/2.28.1 CPython/3.9.14"
- - - [24/Feb/2023:10:15:04 -0500] "POST /v1/nodes HTTP/1.1" 201 2664 640086 "-" "python-ironicclient"
- - - [24/Feb/2023:10:15:07 -0500] "GET /v1/nodes HTTP/1.1" 200 380 483040 "-" "python-ironicclient"
- - - [24/Feb/2023:10:15:11 -0500] "PATCH /v1/nodes/8643acb1-2ebd-4481-838f-16e33b905fb1 HTTP/1.1" 200 3138 1069106 "-" "python-ironicclient"
- - - [24/Feb/2023:10:15:16 -0500] "GET /v1/ports?fields=address%2Cextra HTTP/1.1" 200 13 373455 "-" "ironic-inspector keystoneauth1/5.1.0 python-requests/2.28.1 CPython/3.9.14"
- - - [24/Feb/2023:10:15:16 -0500] "GET /v1/ports?fields=address%2Cextra HTTP/1.1" 200 13 603502 "-" "ironic-inspector keystoneauth1/5.1.0 python-requests/2.28.1 CPython/3.9.14"
- - - [24/Feb/2023:10:15:16 -0500] "POST /v1/ports HTTP/1.1" 201 562 1076323 "-" "python-ironicclient"
- - - [24/Feb/2023:10:15:20 -0500] "PUT /v1/nodes/8643acb1-2ebd-4481-838f-16e33b905fb1/states/provision HTTP/1.1" 202 - 556439 "-" "python-ironicclient"
- - - [24/Feb/2023:10:15:31 -0500] "GET /v1/ports?fields=address%2Cextra HTTP/1.1" 200 268 604438 "-" "ironic-inspector keystoneauth1/5.1.0 python-requests/2.28.1 CPython/3.9.14"
- - - [24/Feb/2023:10:15:32 -0500] "GET /v1/ports?fields=address%2Cextra HTTP/1.1" 200 268 544055 "-" "ironic-inspector keystoneauth1/5.1.0 python-requests/2.28.1 CPython/3.9.14"
- - - [24/Feb/2023:10:15:34 -0500] "PUT /v1/nodes/8643acb1-2ebd-4481-838f-16e33b905fb1/states/provision HTTP/1.1" 202 - 625928 "-" "python-ironicclient"
- - - [24/Feb/2023:10:15:37 -0500] "PUT /v1/nodes/8643acb1-2ebd-4481-838f-16e33b905fb1/states/power HTTP/1.1" 202 - 657105 "-" "python-ironicclient"
- - - [24/Feb/2023:10:15:44 -0500] "GET /v1/nodes?fields=uuid HTTP/1.1" 200 271 681383 "-" "ironic-inspector keystoneauth1/5.1.0 python-requests/2.28.1 CPython/3.9.14"
- - - [24/Feb/2023:10:15:46 -0500] "GET /v1/ports?fields=address%2Cextra HTTP/1.1" 200 268 561778 "-" "ironic-inspector keystoneauth1/5.1.0 python-requests/2.28.1 CPython/3.9.14"
- - - [24/Feb/2023:10:15:46 -0500] "GET /v1/ports?fields=address%2Cextra HTTP/1.1" 200 268 530963 "-" "ironic-inspector keystoneauth1/5.1.0 python-requests/2.28.1 CPython/3.9.14"
- - - [24/Feb/2023:10:16:00 -0500] "GET /v1/nodes HTTP/1.1" 200 369 559499 "-" "python-urllib3/1.26.5"
- - - [24/Feb/2023:10:16:01 -0500] "GET /v1/nodes?provision_state=available&associated=False&maintenance=False&fields=uuid%2Cdriver%2Cinstance_uuid%2Cprovision_state%2Cname%2Cmaintenance HTTP/1.1" 200 379 636951 "-" "python-urllib3/1.26.5"
- - - [24/Feb/2023:10:16:01 -0500] "GET /v1/ports?fields=address%2Cextra HTTP/1.1" 200 268 650562 "-" "ironic-inspector keystoneauth1/5.1.0 python-requests/2.28.1 CPython/3.9.14"
- - - [24/Feb/2023:10:16:02 -0500] "GET /v1/ports?fields=address%2Cextra HTTP/1.1" 200 268 411287 "-" "ironic-inspector keystoneauth1/5.1.0 python-requests/2.28.1 CPython/3.9.14"
- - - [24/Feb/2023:10:16:01 -0500] "PATCH /v1/nodes/8643acb1-2ebd-4481-838f-16e33b905fb1 HTTP/1.1" 200 2563 827168 "-" "python-urllib3/1.26.5"
- - - [24/Feb/2023:10:16:02 -0500] "PATCH /v1/nodes/8643acb1-2ebd-4481-838f-16e33b905fb1 HTTP/1.1" 200 2563 613946 "-" "python-urllib3/1.26.5"
- - - [24/Feb/2023:10:16:06 -0500] "POST /v1/nodes/8643acb1-2ebd-4481-838f-16e33b905fb1/vifs HTTP/1.1" 204 - 679830 "-" "python-urllib3/1.26.5"
- - - [24/Feb/2023:10:16:06 -0500] "PATCH /v1/nodes/8643acb1-2ebd-4481-838f-16e33b905fb1 HTTP/1.1" 200 2563 702690 "-" "python-urllib3/1.26.5"
- - - [24/Feb/2023:10:16:07 -0500] "PUT /v1/nodes/8643acb1-2ebd-4481-838f-16e33b905fb1/states/provision HTTP/1.1" 202 - 753403 "-" "python-urllib3/1.26.5"
- - - [24/Feb/2023:10:16:08 -0500] "GET /v1/nodes/8643acb1-2ebd-4481-838f-16e33b905fb1 HTTP/1.1" 200 2646 460845 "-" "python-urllib3/1.26.5"
- - - [24/Feb/2023:10:16:09 -0500] "GET /v1/nodes/8643acb1-2ebd-4481-838f-16e33b905fb1 HTTP/1.1" 200 2669 399043 "-" "python-urllib3/1.26.5"
- - - [24/Feb/2023:10:16:11 -0500] "GET /v1/nodes/8643acb1-2ebd-4481-838f-16e33b905fb1 HTTP/1.1" 200 2669 666472 "-" "python-urllib3/1.26.5"
- - - [24/Feb/2023:10:16:13 -0500] "GET /v1/nodes/8643acb1-2ebd-4481-838f-16e33b905fb1 HTTP/1.1" 200 2669 434198 "-" "python-urllib3/1.26.5"
- - - [24/Feb/2023:10:16:14 -0500] "GET /v1/nodes/8643acb1-2ebd-4481-838f-16e33b905fb1 HTTP/1.1" 200 2669 457871 "-" "python-urllib3/1.26.5"
- - - [24/Feb/2023:10:16:15 -0500] "GET /v1/nodes/8643acb1-2ebd-4481-838f-16e33b905fb1 HTTP/1.1" 200 2669 434876 "-" "python-urllib3/1.26.5"
- - - [24/Feb/2023:10:16:16 -0500] "GET /v1/ports?fields=address%2Cextra HTTP/1.1" 200 268 369499 "-" "ironic-inspector keystoneauth1/5.1.0 python-requests/2.28.1 CPython/3.9.14"
- - - [24/Feb/2023:10:16:16 -0500] "GET /v1/ports?fields=address%2Cextra HTTP/1.1" 200 268 406257 "-" "ironic-inspector keystoneauth1/5.1.0 python-requests/2.28.1 CPython/3.9.14"
- - - [24/Feb/2023:10:16:17 -0500] "GET /v1/nodes/8643acb1-2ebd-4481-838f-16e33b905fb1 HTTP/1.1" 200 2742 486707 "-" "python-urllib3/1.26.5"
- - - [24/Feb/2023:10:16:18 -0500] "GET /v1/nodes/8643acb1-2ebd-4481-838f-16e33b905fb1 HTTP/1.1" 200 2742 640749 "-" "python-urllib3/1.26.5"
- - - [24/Feb/2023:10:16:20 -0500] "GET /v1/nodes/8643acb1-2ebd-4481-838f-16e33b905fb1 HTTP/1.1" 200 2742 391570 "-" "python-urllib3/1.26.5"
- - - [24/Feb/2023:10:16:21 -0500] "GET /v1/nodes/8643acb1-2ebd-4481-838f-16e33b905fb1 HTTP/1.1" 200 2742 496212 "-" "python-urllib3/1.26.5"
- - - [24/Feb/2023:10:16:23 -0500] "GET /v1/nodes/8643acb1-2ebd-4481-838f-16e33b905fb1 HTTP/1.1" 200 2742 487404 "-" "python-urllib3/1.26.5"
- - - [24/Feb/2023:10:16:24 -0500] "GET /v1/nodes/8643acb1-2ebd-4481-838f-16e33b905fb1 HTTP/1.1" 200 2742 480945 "-" "python-urllib3/1.26.5"
- - - [24/Feb/2023:10:16:26 -0500] "GET /v1/nodes/8643acb1-2ebd-4481-838f-16e33b905fb1 HTTP/1.1" 200 2742 676660 "-" "python-urllib3/1.26.5"
- - - [24/Feb/2023:10:16:28 -0500] "GET /v1/nodes/8643acb1-2ebd-4481-838f-16e33b905fb1 HTTP/1.1" 200 2742 459263 "-" "python-urllib3/1.26.5"
- - - [24/Feb/2023:10:16:29 -0500] "GET /v1/nodes/8643acb1-2ebd-4481-838f-16e33b905fb1 HTTP/1.1" 200 3285 402877 "-" "python-urllib3/1.26.5"
- - - [24/Feb/2023:10:16:30 -0500] "GET /v1/nodes/8643acb1-2ebd-4481-838f-16e33b905fb1 HTTP/1.1" 200 3285 383558 "-" "python-urllib3/1.26.5"
- - - [24/Feb/2023:10:16:31 -0500] "GET /v1/ports?fields=address%2Cextra HTTP/1.1" 200 268 378214 "-" "ironic-inspector keystoneauth1/5.1.0 python-requests/2.28.1 CPython/3.9.14"
- - - [24/Feb/2023:10:16:31 -0500] "GET /v1/ports?fields=address%2Cextra HTTP/1.1" 200 268 352361 "-" "ironic-inspector keystoneauth1/5.1.0 python-requests/2.28.1 CPython/3.9.14"
- - - [24/Feb/2023:10:16:32 -0500] "GET /v1/nodes/8643acb1-2ebd-4481-838f-16e33b905fb1 HTTP/1.1" 200 3285 376605 "-" "python-urllib3/1.26.5"
- - - [24/Feb/2023:10:16:33 -0500] "GET /v1/nodes/8643acb1-2ebd-4481-838f-16e33b905fb1 HTTP/1.1" 200 3285 500400 "-" "python-urllib3/1.26.5"
- - - [24/Feb/2023:10:16:35 -0500] "GET /v1/nodes/8643acb1-2ebd-4481-838f-16e33b905fb1 HTTP/1.1" 200 3285 386897 "-" "python-urllib3/1.26.5"
- - - [24/Feb/2023:10:16:36 -0500] "GET /v1/nodes/8643acb1-2ebd-4481-838f-16e33b905fb1 HTTP/1.1" 200 3285 527791 "-" "python-urllib3/1.26.5"
- - - [24/Feb/2023:10:16:38 -0500] "GET /v1/nodes/8643acb1-2ebd-4481-838f-16e33b905fb1 HTTP/1.1" 200 3283 393985 "-" "python-urllib3/1.26.5"
- - - [24/Feb/2023:10:16:38 -0500] "GET /v1/nodes/8643acb1-2ebd-4481-838f-16e33b905fb1 HTTP/1.1" 200 3268 480393 "-" "python-urllib3/1.26.5"
- - - [24/Feb/2023:10:16:44 -0500] "GET /v1/nodes?fields=uuid HTTP/1.1" 200 271 484536 "-" "ironic-inspector keystoneauth1/5.1.0 python-requests/2.28.1 CPython/3.9.14"
- - - [24/Feb/2023:10:16:46 -0500] "GET /v1/ports?fields=address%2Cextra HTTP/1.1" 200 268 388965 "-" "ironic-inspector keystoneauth1/5.1.0 python-requests/2.28.1 CPython/3.9.14"
- - - [24/Feb/2023:10:16:46 -0500] "GET /v1/ports?fields=address%2Cextra HTTP/1.1" 200 268 374778 "-" "ironic-inspector keystoneauth1/5.1.0 python-requests/2.28.1 CPython/3.9.14"
- - - [24/Feb/2023:10:17:01 -0500] "GET /v1/ports?fields=address%2Cextra HTTP/1.1" 200 268 456946 "-" "ironic-inspector keystoneauth1/5.1.0 python-requests/2.28.1 CPython/3.9.14"
- - - [24/Feb/2023:10:17:01 -0500] "GET /v1/ports?fields=address%2Cextra HTTP/1.1" 200 268 398242 "-" "ironic-inspector keystoneauth1/5.1.0 python-requests/2.28.1 CPython/3.9.14"
- - - [24/Feb/2023:10:17:09 -0500] "GET /v1/nodes/8643acb1-2ebd-4481-838f-16e33b905fb1 HTTP/1.1" 200 3268 428873 "-" "python-urllib3/1.26.5"
- - - [24/Feb/2023:10:17:16 -0500] "GET /v1/ports?fields=address%2Cextra HTTP/1.1" 200 268 413502 "-" "ironic-inspector keystoneauth1/5.1.0 python-requests/2.28.1 CPython/3.9.14"
- - - [24/Feb/2023:10:17:16 -0500] "GET /v1/ports?fields=address%2Cextra HTTP/1.1" 200 268 461090 "-" "ironic-inspector keystoneauth1/5.1.0 python-requests/2.28.1 CPython/3.9.14"
- - - [24/Feb/2023:10:17:31 -0500] "GET /v1/ports?fields=address%2Cextra HTTP/1.1" 200 268 394475 "-" "ironic-inspector keystoneauth1/5.1.0 python-requests/2.28.1 CPython/3.9.14"
- - - [24/Feb/2023:10:17:31 -0500] "GET /v1/ports?fields=address%2Cextra HTTP/1.1" 200 268 339619 "-" "ironic-inspector keystoneauth1/5.1.0 python-requests/2.28.1 CPython/3.9.14"
- - - [24/Feb/2023:10:17:39 -0500] "GET /v1/nodes/8643acb1-2ebd-4481-838f-16e33b905fb1 HTTP/1.1" 200 3268 406687 "-" "python-urllib3/1.26.5"
- - - [24/Feb/2023:10:17:44 -0500] "GET /v1/nodes?fields=uuid HTTP/1.1" 200 271 451760 "-" "ironic-inspector keystoneauth1/5.1.0 python-requests/2.28.1 CPython/3.9.14"
- - - [24/Feb/2023:10:17:46 -0500] "GET /v1/ports?fields=address%2Cextra HTTP/1.1" 200 268 444751 "-" "ironic-inspector keystoneauth1/5.1.0 python-requests/2.28.1 CPython/3.9.14"
- - - [24/Feb/2023:10:17:46 -0500] "GET /v1/ports?fields=address%2Cextra HTTP/1.1" 200 268 413914 "-" "ironic-inspector keystoneauth1/5.1.0 python-requests/2.28.1 CPython/3.9.14"
- - - [24/Feb/2023:10:18:01 -0500] "GET /v1/ports?fields=address%2Cextra HTTP/1.1" 200 268 417439 "-" "ironic-inspector keystoneauth1/5.1.0 python-requests/2.28.1 CPython/3.9.14"
- - - [24/Feb/2023:10:18:01 -0500] "GET /v1/ports?fields=address%2Cextra HTTP/1.1" 200 268 431523 "-" "ironic-inspector keystoneauth1/5.1.0 python-requests/2.28.1 CPython/3.9.14"
- - - [24/Feb/2023:10:18:09 -0500] "GET /v1/nodes/8643acb1-2ebd-4481-838f-16e33b905fb1 HTTP/1.1" 200 3268 745327 "-" "python-urllib3/1.26.5"
- - - [24/Feb/2023:10:18:16 -0500] "GET /v1/ports?fields=address%2Cextra HTTP/1.1" 200 268 455612 "-" "ironic-inspector keystoneauth1/5.1.0 python-requests/2.28.1 CPython/3.9.14"
- - - [24/Feb/2023:10:18:16 -0500] "GET /v1/ports?fields=address%2Cextra HTTP/1.1" 200 268 542247 "-" "ironic-inspector keystoneauth1/5.1.0 python-requests/2.28.1 CPython/3.9.14"
- - - [24/Feb/2023:10:18:31 -0500] "GET /v1/ports?fields=address%2Cextra HTTP/1.1" 200 268 452404 "-" "ironic-inspector keystoneauth1/5.1.0 python-requests/2.28.1 CPython/3.9.14"
- - - [24/Feb/2023:10:18:31 -0500] "GET /v1/ports?fields=address%2Cextra HTTP/1.1" 200 268 412387 "-" "ironic-inspector keystoneauth1/5.1.0 python-requests/2.28.1 CPython/3.9.14"
- - - [24/Feb/2023:10:18:40 -0500] "GET /v1/nodes/8643acb1-2ebd-4481-838f-16e33b905fb1 HTTP/1.1" 200 3268 691538 "-" "python-urllib3/1.26.5"
- - - [24/Feb/2023:10:18:44 -0500] "GET /v1/nodes?fields=uuid HTTP/1.1" 200 271 519541 "-" "ironic-inspector keystoneauth1/5.1.0 python-requests/2.28.1 CPython/3.9.14"
- - - [24/Feb/2023:10:18:46 -0500] "GET /v1/ports?fields=address%2Cextra HTTP/1.1" 200 268 466108 "-" "ironic-inspector keystoneauth1/5.1.0 python-requests/2.28.1 CPython/3.9.14"
- - - [24/Feb/2023:10:18:46 -0500] "GET /v1/ports?fields=address%2Cextra HTTP/1.1" 200 268 455230 "-" "ironic-inspector keystoneauth1/5.1.0 python-requests/2.28.1 CPython/3.9.14"
- - - [24/Feb/2023:10:19:01 -0500] "GET /v1/ports?fields=address%2Cextra HTTP/1.1" 200 268 504222 "-" "ironic-inspector keystoneauth1/5.1.0 python-requests/2.28.1 CPython/3.9.14"
- - - [24/Feb/2023:10:19:01 -0500] "GET /v1/ports?fields=address%2Cextra HTTP/1.1" 200 268 447391 "-" "ironic-inspector keystoneauth1/5.1.0 python-requests/2.28.1 CPython/3.9.14"
- - - [24/Feb/2023:10:19:11 -0500] "GET /v1/nodes/8643acb1-2ebd-4481-838f-16e33b905fb1 HTTP/1.1" 200 3268 694899 "-" "python-urllib3/1.26.5"
- - - [24/Feb/2023:10:19:16 -0500] "GET /v1/ports?fields=address%2Cextra HTTP/1.1" 200 268 510894 "-" "ironic-inspector keystoneauth1/5.1.0 python-requests/2.28.1 CPython/3.9.14"
- - - [24/Feb/2023:10:19:16 -0500] "GET /v1/ports?fields=address%2Cextra HTTP/1.1" 200 268 482869 "-" "ironic-inspector keystoneauth1/5.1.0 python-requests/2.28.1 CPython/3.9.14"
- - - [24/Feb/2023:10:19:31 -0500] "GET /v1/ports?fields=address%2Cextra HTTP/1.1" 200 268 590402 "-" "ironic-inspector keystoneauth1/5.1.0 python-requests/2.28.1 CPython/3.9.14"
- - - [24/Feb/2023:10:19:32 -0500] "GET /v1/ports?fields=address%2Cextra HTTP/1.1" 200 268 493597 "-" "ironic-inspector keystoneauth1/5.1.0 python-requests/2.28.1 CPython/3.9.14"
- - - [24/Feb/2023:10:19:42 -0500] "GET /v1/nodes/8643acb1-2ebd-4481-838f-16e33b905fb1 HTTP/1.1" 200 3268 660968 "-" "python-urllib3/1.26.5"
- - - [24/Feb/2023:10:19:44 -0500] "GET /v1/nodes?fields=uuid HTTP/1.1" 200 271 484650 "-" "ironic-inspector keystoneauth1/5.1.0 python-requests/2.28.1 CPython/3.9.14"
- - - [24/Feb/2023:10:19:46 -0500] "GET /v1/ports?fields=address%2Cextra HTTP/1.1" 200 268 386769 "-" "ironic-inspector keystoneauth1/5.1.0 python-requests/2.28.1 CPython/3.9.14"
- - - [24/Feb/2023:10:19:46 -0500] "GET /v1/ports?fields=address%2Cextra HTTP/1.1" 200 268 546890 "-" "ironic-inspector keystoneauth1/5.1.0 python-requests/2.28.1 CPython/3.9.14"
- - - [24/Feb/2023:10:20:01 -0500] "GET /v1/ports?fields=address%2Cextra HTTP/1.1" 200 268 583200 "-" "ironic-inspector keystoneauth1/5.1.0 python-requests/2.28.1 CPython/3.9.14"
- - - [24/Feb/2023:10:20:02 -0500] "GET /v1/ports?fields=address%2Cextra HTTP/1.1" 200 268 485856 "-" "ironic-inspector keystoneauth1/5.1.0 python-requests/2.28.1 CPython/3.9.14"
- - - [24/Feb/2023:10:20:12 -0500] "GET /v1/nodes/8643acb1-2ebd-4481-838f-16e33b905fb1 HTTP/1.1" 200 3268 486362 "-" "python-urllib3/1.26.5"
- - - [24/Feb/2023:10:20:16 -0500] "GET /v1/ports?fields=address%2Cextra HTTP/1.1" 200 268 464427 "-" "ironic-inspector keystoneauth1/5.1.0 python-requests/2.28.1 CPython/3.9.14"
- - - [24/Feb/2023:10:20:16 -0500] "GET /v1/ports?fields=address%2Cextra HTTP/1.1" 200 268 474293 "-" "ironic-inspector keystoneauth1/5.1.0 python-requests/2.28.1 CPython/3.9.14"
- - - [24/Feb/2023:10:20:31 -0500] "GET /v1/ports?fields=address%2Cextra HTTP/1.1" 200 268 428931 "-" "ironic-inspector keystoneauth1/5.1.0 python-requests/2.28.1 CPython/3.9.14"
- - - [24/Feb/2023:10:20:31 -0500] "GET /v1/ports?fields=address%2Cextra HTTP/1.1" 200 268 508412 "-" "ironic-inspector keystoneauth1/5.1.0 python-requests/2.28.1 CPython/3.9.14"
- - - [24/Feb/2023:10:20:43 -0500] "GET /v1/nodes/8643acb1-2ebd-4481-838f-16e33b905fb1 HTTP/1.1" 200 3268 496009 "-" "python-urllib3/1.26.5"
- - - [24/Feb/2023:10:20:44 -0500] "GET /v1/nodes?fields=uuid HTTP/1.1" 200 271 549996 "-" "ironic-inspector keystoneauth1/5.1.0 python-requests/2.28.1 CPython/3.9.14"
- - - [24/Feb/2023:10:20:46 -0500] "GET /v1/ports?fields=address%2Cextra HTTP/1.1" 200 268 401953 "-" "ironic-inspector keystoneauth1/5.1.0 python-requests/2.28.1 CPython/3.9.14"
- - - [24/Feb/2023:10:20:46 -0500] "GET /v1/ports?fields=address%2Cextra HTTP/1.1" 200 268 463914 "-" "ironic-inspector keystoneauth1/5.1.0 python-requests/2.28.1 CPython/3.9.14"
- - - [24/Feb/2023:10:21:01 -0500] "GET /v1/ports?fields=address%2Cextra HTTP/1.1" 200 268 451409 "-" "ironic-inspector keystoneauth1/5.1.0 python-requests/2.28.1 CPython/3.9.14"
- - - [24/Feb/2023:10:21:01 -0500] "GET /v1/ports?fields=address%2Cextra HTTP/1.1" 200 268 360562 "-" "ironic-inspector keystoneauth1/5.1.0 python-requests/2.28.1 CPython/3.9.14"
- - - [24/Feb/2023:10:21:06 -0500] "GET / HTTP/1.1" 200 468 9436 "-" "python-requests/2.28.1"
- - - [24/Feb/2023:10:21:06 -0500] "GET /v1/lookup?addresses=98%3Af2%3Ab3%3A03%3Ad4%3A87%2Cda%3Abc%3Aa4%3A86%3Ab7%3A0e%2C98%3Af2%3Ab3%3A03%3Ad4%3A85%2C98%3Af2%3Ab3%3A2a%3A0e%3A3f%2C98%3Af2%3Ab3%3A2a%3A0e%3A3d%2C98%3Af2%3Ab3%3A03%3Ad4%3A86%2C98%3Af2%3Ab3%3A03%3Ad4%3A84%2C98%3Af2%3Ab3%3A2a%3A0e%3A3e%2C98%3Af2%3Ab3%3A2a%3A0e%3A3c HTTP/1.1" 200 1010 122997 "-" "python-requests/2.28.1"
- - - [24/Feb/2023:10:21:06 -0500] "POST /v1/heartbeat/8643acb1-2ebd-4481-838f-16e33b905fb1 HTTP/1.1" 202 - 99350 "-" "python-requests/2.28.1"
- - - [24/Feb/2023:10:21:07 -0500] "GET /v1/lookup?addresses=98%3Af2%3Ab3%3A03%3Ad4%3A87%2Cda%3Abc%3Aa4%3A86%3Ab7%3A0e%2C98%3Af2%3Ab3%3A03%3Ad4%3A85%2C98%3Af2%3Ab3%3A2a%3A0e%3A3f%2C98%3Af2%3Ab3%3A2a%3A0e%3A3d%2C98%3Af2%3Ab3%3A03%3Ad4%3A86%2C98%3Af2%3Ab3%3A03%3Ad4%3A84%2C98%3Af2%3Ab3%3A2a%3A0e%3A3e%2C98%3Af2%3Ab3%3A2a%3A0e%3A3c&node_uuid=8643acb1-2ebd-4481-838f-16e33b905fb1 HTTP/1.1" 200 1010 192341 "-" "python-requests/2.28.1"
- - - [24/Feb/2023:10:21:13 -0500] "GET /v1/nodes/8643acb1-2ebd-4481-838f-16e33b905fb1 HTTP/1.1" 200 4761 706273 "-" "python-urllib3/1.26.5"
- - - [24/Feb/2023:10:21:16 -0500] "GET /v1/ports?fields=address%2Cextra HTTP/1.1" 200 268 427357 "-" "ironic-inspector keystoneauth1/5.1.0 python-requests/2.28.1 CPython/3.9.14"
- - - [24/Feb/2023:10:21:16 -0500] "GET /v1/ports?fields=address%2Cextra HTTP/1.1" 200 268 584893 "-" "ironic-inspector keystoneauth1/5.1.0 python-requests/2.28.1 CPython/3.9.14"
- - - [24/Feb/2023:10:21:31 -0500] "GET /v1/ports?fields=address%2Cextra HTTP/1.1" 200 268 580999 "-" "ironic-inspector keystoneauth1/5.1.0 python-requests/2.28.1 CPython/3.9.14"
- - - [24/Feb/2023:10:21:32 -0500] "GET /v1/ports?fields=address%2Cextra HTTP/1.1" 200 268 529913 "-" "ironic-inspector keystoneauth1/5.1.0 python-requests/2.28.1 CPython/3.9.14"
- - - [24/Feb/2023:10:21:36 -0500] "POST /v1/heartbeat/8643acb1-2ebd-4481-838f-16e33b905fb1 HTTP/1.1" 202 - 108846 "-" "python-requests/2.28.1"
- - - [24/Feb/2023:10:21:41 -0500] "POST /v1/heartbeat/8643acb1-2ebd-4481-838f-16e33b905fb1 HTTP/1.1" 202 - 145689 "-" "python-requests/2.28.1"
- - - [24/Feb/2023:10:21:44 -0500] "GET /v1/nodes?fields=uuid HTTP/1.1" 200 271 389921 "-" "ironic-inspector keystoneauth1/5.1.0 python-requests/2.28.1 CPython/3.9.14"
- - - [24/Feb/2023:10:21:44 -0500] "GET /v1/nodes/8643acb1-2ebd-4481-838f-16e33b905fb1 HTTP/1.1" 200 4809 493911 "-" "python-urllib3/1.26.5"
- - - [24/Feb/2023:10:21:46 -0500] "GET /v1/ports?fields=address%2Cextra HTTP/1.1" 200 268 445373 "-" "ironic-inspector keystoneauth1/5.1.0 python-requests/2.28.1 CPython/3.9.14"
- - - [24/Feb/2023:10:21:46 -0500] "GET /v1/ports?fields=address%2Cextra HTTP/1.1" 200 268 377751 "-" "ironic-inspector keystoneauth1/5.1.0 python-requests/2.28.1 CPython/3.9.14"
- - - [24/Feb/2023:10:22:01 -0500] "GET /v1/ports?fields=address%2Cextra HTTP/1.1" 200 268 557886 "-" "ironic-inspector keystoneauth1/5.1.0 python-requests/2.28.1 CPython/3.9.14"
- - - [24/Feb/2023:10:22:02 -0500] "GET /v1/ports?fields=address%2Cextra HTTP/1.1" 200 268 398226 "-" "ironic-inspector keystoneauth1/5.1.0 python-requests/2.28.1 CPython/3.9.14"
- - - [24/Feb/2023:10:22:15 -0500] "GET /v1/nodes/8643acb1-2ebd-4481-838f-16e33b905fb1 HTTP/1.1" 200 2903 422704 "-" "python-urllib3/1.26.5"
- - - [24/Feb/2023:10:22:16 -0500] "GET /v1/ports?fields=address%2Cextra HTTP/1.1" 200 268 384947 "-" "ironic-inspector keystoneauth1/5.1.0 python-requests/2.28.1 CPython/3.9.14"
- - - [24/Feb/2023:10:22:16 -0500] "GET /v1/ports?fields=address%2Cextra HTTP/1.1" 200 268 422227 "-" "ironic-inspector keystoneauth1/5.1.0 python-requests/2.28.1 CPython/3.9.14"
- - - [24/Feb/2023:10:22:31 -0500] "GET /v1/ports?fields=address%2Cextra HTTP/1.1" 200 268 458567 "-" "ironic-inspector keystoneauth1/5.1.0 python-requests/2.28.1 CPython/3.9.14"
- - - [24/Feb/2023:10:22:31 -0500] "GET /v1/ports?fields=address%2Cextra HTTP/1.1" 200 268 418033 "-" "ironic-inspector keystoneauth1/5.1.0 python-requests/2.28.1 CPython/3.9.14"
- - - [24/Feb/2023:10:22:44 -0500] "GET /v1/nodes?fields=uuid HTTP/1.1" 200 271 490047 "-" "ironic-inspector keystoneauth1/5.1.0 python-requests/2.28.1 CPython/3.9.14"
- - - [24/Feb/2023:10:22:46 -0500] "GET /v1/ports?fields=address%2Cextra HTTP/1.1" 200 268 490215 "-" "ironic-inspector keystoneauth1/5.1.0 python-requests/2.28.1 CPython/3.9.14"
- - - [24/Feb/2023:10:22:46 -0500] "GET /v1/ports?fields=address%2Cextra HTTP/1.1" 200 268 548156 "-" "ironic-inspector keystoneauth1/5.1.0 python-requests/2.28.1 CPython/3.9.14"
- - - [24/Feb/2023:10:23:01 -0500] "GET /v1/ports?fields=address%2Cextra HTTP/1.1" 200 268 627647 "-" "ironic-inspector keystoneauth1/5.1.0 python-requests/2.28.1 CPython/3.9.14"
- - - [24/Feb/2023:10:23:02 -0500] "GET /v1/ports?fields=address%2Cextra HTTP/1.1" 200 268 425501 "-" "ironic-inspector keystoneauth1/5.1.0 python-requests/2.28.1 CPython/3.9.14"
- - - [24/Feb/2023:10:23:16 -0500] "GET /v1/ports?fields=address%2Cextra HTTP/1.1" 200 268 486127 "-" "ironic-inspector keystoneauth1/5.1.0 python-requests/2.28.1 CPython/3.9.14"
- - - [24/Feb/2023:10:23:16 -0500] "GET /v1/ports?fields=address%2Cextra HTTP/1.1" 200 268 420425 "-" "ironic-inspector keystoneauth1/5.1.0 python-requests/2.28.1 CPython/3.9.14"
- - - [24/Feb/2023:10:23:31 -0500] "GET /v1/ports?fields=address%2Cextra HTTP/1.1" 200 268 542542 "-" "ironic-inspector keystoneauth1/5.1.0 python-requests/2.28.1 CPython/3.9.14"
- - - [24/Feb/2023:10:23:32 -0500] "GET /v1/ports?fields=address%2Cextra HTTP/1.1" 200 268 508620 "-" "ironic-inspector keystoneauth1/5.1.0 python-requests/2.28.1 CPython/3.9.14"
- - - [24/Feb/2023:10:23:44 -0500] "GET /v1/nodes?fields=uuid HTTP/1.1" 200 271 420518 "-" "ironic-inspector keystoneauth1/5.1.0 python-requests/2.28.1 CPython/3.9.14"
- - - [24/Feb/2023:10:23:46 -0500] "GET /v1/ports?fields=address%2Cextra HTTP/1.1" 200 268 422539 "-" "ironic-inspector keystoneauth1/5.1.0 python-requests/2.28.1 CPython/3.9.14"
- - - [24/Feb/2023:10:23:46 -0500] "GET /v1/ports?fields=address%2Cextra HTTP/1.1" 200 268 455673 "-" "ironic-inspector keystoneauth1/5.1.0 python-requests/2.28.1 CPython/3.9.14"
- - - [24/Feb/2023:10:24:01 -0500] "GET /v1/ports?fields=address%2Cextra HTTP/1.1" 200 268 567569 "-" "ironic-inspector keystoneauth1/5.1.0 python-requests/2.28.1 CPython/3.9.14"
- - - [24/Feb/2023:10:24:02 -0500] "GET /v1/ports?fields=address%2Cextra HTTP/1.1" 200 268 539462 "-" "ironic-inspector keystoneauth1/5.1.0 python-requests/2.28.1 CPython/3.9.14"
- - - [24/Feb/2023:10:24:16 -0500] "GET /v1/ports?fields=address%2Cextra HTTP/1.1" 200 268 447635 "-" "ironic-inspector keystoneauth1/5.1.0 python-requests/2.28.1 CPython/3.9.14"
- - - [24/Feb/2023:10:24:16 -0500] "GET /v1/ports?fields=address%2Cextra HTTP/1.1" 200 268 485351 "-" "ironic-inspector keystoneauth1/5.1.0 python-requests/2.28.1 CPython/3.9.14"
- - - [24/Feb/2023:10:24:31 -0500] "GET /v1/ports?fields=address%2Cextra HTTP/1.1" 200 268 479277 "-" "ironic-inspector keystoneauth1/5.1.0 python-requests/2.28.1 CPython/3.9.14"
- - - [24/Feb/2023:10:24:31 -0500] "GET /v1/ports?fields=address%2Cextra HTTP/1.1" 200 268 428821 "-" "ironic-inspector keystoneauth1/5.1.0 python-requests/2.28.1 CPython/3.9.14"
- - - [24/Feb/2023:10:24:44 -0500] "GET /v1/nodes?fields=uuid HTTP/1.1" 200 271 449329 "-" "ironic-inspector keystoneauth1/5.1.0 python-requests/2.28.1 CPython/3.9.14"
- - - [24/Feb/2023:10:24:46 -0500] "GET /v1/ports?fields=address%2Cextra HTTP/1.1" 200 268 426851 "-" "ironic-inspector keystoneauth1/5.1.0 python-requests/2.28.1 CPython/3.9.14"
- - - [24/Feb/2023:10:24:46 -0500] "GET /v1/ports?fields=address%2Cextra HTTP/1.1" 200 268 437488 "-" "ironic-inspector keystoneauth1/5.1.0 python-requests/2.28.1 CPython/3.9.14"
- - - [24/Feb/2023:10:24:48 -0500] "GET /v1/nodes/8643acb1-2ebd-4481-838f-16e33b905fb1/vifs HTTP/1.1" 200 12 800976 "-" "python-urllib3/1.26.5"
- - - [24/Feb/2023:10:24:52 -0500] "GET /v1/nodes HTTP/1.1" 200 420 442366 "-" "python-ironicclient"
- - - [24/Feb/2023:10:25:01 -0500] "GET /v1/ports?fields=address%2Cextra HTTP/1.1" 200 268 690369 "-" "ironic-inspector keystoneauth1/5.1.0 python-requests/2.28.1 CPython/3.9.14"
- - - [24/Feb/2023:10:25:02 -0500] "GET /v1/ports?fields=address%2Cextra HTTP/1.1" 200 268 564486 "-" "ironic-inspector keystoneauth1/5.1.0 python-requests/2.28.1 CPython/3.9.14"
- - - [24/Feb/2023:10:25:16 -0500] "GET /v1/ports?fields=address%2Cextra HTTP/1.1" 200 268 519284 "-" "ironic-inspector keystoneauth1/5.1.0 python-requests/2.28.1 CPython/3.9.14"
- - - [24/Feb/2023:10:25:17 -0500] "GET /v1/ports?fields=address%2Cextra HTTP/1.1" 200 268 617002 "-" "ironic-inspector keystoneauth1/5.1.0 python-requests/2.28.1 CPython/3.9.14"
- - - [24/Feb/2023:10:25:31 -0500] "GET /v1/ports?fields=address%2Cextra HTTP/1.1" 200 268 413587 "-" "ironic-inspector keystoneauth1/5.1.0 python-requests/2.28.1 CPython/3.9.14"
- - - [24/Feb/2023:10:25:31 -0500] "GET /v1/ports?fields=address%2Cextra HTTP/1.1" 200 268 451578 "-" "ironic-inspector keystoneauth1/5.1.0 python-requests/2.28.1 CPython/3.9.14"
- - - [24/Feb/2023:10:25:44 -0500] "GET /v1/nodes?fields=uuid HTTP/1.1" 200 271 653495 "-" "ironic-inspector keystoneauth1/5.1.0 python-requests/2.28.1 CPython/3.9.14"
- - - [24/Feb/2023:10:25:46 -0500] "GET /v1/ports?fields=address%2Cextra HTTP/1.1" 200 268 476486 "-" "ironic-inspector keystoneauth1/5.1.0 python-requests/2.28.1 CPython/3.9.14"
- - - [24/Feb/2023:10:25:46 -0500] "GET /v1/ports?fields=address%2Cextra HTTP/1.1" 200 268 441813 "-" "ironic-inspector keystoneauth1/5.1.0 python-requests/2.28.1 CPython/3.9.14"
- - - [24/Feb/2023:10:26:01 -0500] "GET /v1/ports?fields=address%2Cextra HTTP/1.1" 200 268 439152 "-" "ironic-inspector keystoneauth1/5.1.0 python-requests/2.28.1 CPython/3.9.14"
- - - [24/Feb/2023:10:26:01 -0500] "GET /v1/ports?fields=address%2Cextra HTTP/1.1" 200 268 477737 "-" "ironic-inspector keystoneauth1/5.1.0 python-requests/2.28.1 CPython/3.9.14"
- - - [24/Feb/2023:10:26:16 -0500] "GET /v1/ports?fields=address%2Cextra HTTP/1.1" 200 268 437826 "-" "ironic-inspector keystoneauth1/5.1.0 python-requests/2.28.1 CPython/3.9.14"
- - - [24/Feb/2023:10:26:16 -0500] "GET /v1/ports?fields=address%2Cextra HTTP/1.1" 200 268 436160 "-" "ironic-inspector keystoneauth1/5.1.0 python-requests/2.28.1 CPython/3.9.14"
- - - [24/Feb/2023:10:26:31 -0500] "GET /v1/ports?fields=address%2Cextra HTTP/1.1" 200 268 505144 "-" "ironic-inspector keystoneauth1/5.1.0 python-requests/2.28.1 CPython/3.9.14"
- - - [24/Feb/2023:10:26:32 -0500] "GET /v1/ports?fields=address%2Cextra HTTP/1.1" 200 268 502053 "-" "ironic-inspector keystoneauth1/5.1.0 python-requests/2.28.1 CPython/3.9.14"
