2023-03-02 16:34:38,747 p=5758 u=root n=ansible | [WARNING]: Invalid characters were found in group names but not replaced, use
-vvvv to see details

2023-03-02 16:34:43,310 p=5758 u=root n=ansible | PLAY [Gather facts for all hosts] **********************************************
2023-03-02 16:34:43,656 p=5758 u=root n=ansible | TASK [Gather facts] ************************************************************
2023-03-02 16:34:54,011 p=5758 u=root n=ansible | ok: [localhost]
2023-03-02 16:34:54,101 p=5758 u=root n=ansible | TASK [Group hosts to determine when using --limit] *****************************
2023-03-02 16:34:54,174 p=5758 u=root n=ansible | ok: [localhost]
2023-03-02 16:34:54,339 p=5758 u=root n=ansible | [WARNING]: Could not match supplied host pattern, ignoring:
all_using_limit_True

2023-03-02 16:34:54,347 p=5758 u=root n=ansible | PLAY [Gather facts for all hosts (if using --limit)] ***************************
2023-03-02 16:34:54,348 p=5758 u=root n=ansible | skipping: no hosts matched
2023-03-02 16:34:54,355 p=5758 u=root n=ansible | PLAY [Apply role baremetal] ****************************************************
2023-03-02 16:34:54,577 p=5758 u=root n=ansible | TASK [openstack.kolla.baremetal : Ensure localhost in /etc/hosts] **************
2023-03-02 16:34:55,532 p=5758 u=root n=ansible | changed: [localhost]
2023-03-02 16:34:55,651 p=5758 u=root n=ansible | TASK [openstack.kolla.baremetal : Ensure hostname does not point to 127.0.1.1 in /etc/hosts] ***
2023-03-02 16:34:56,232 p=5758 u=root n=ansible | ok: [localhost]
2023-03-02 16:34:56,323 p=5758 u=root n=ansible | TASK [openstack.kolla.baremetal : Generate /etc/hosts for all of the nodes] ****
2023-03-02 16:34:57,704 p=5758 u=root n=ansible | changed: [localhost]
2023-03-02 16:34:57,794 p=5758 u=root n=ansible | TASK [openstack.kolla.baremetal : Ensure unprivileged users can use ping] ******
2023-03-02 16:34:58,880 p=5758 u=root n=ansible | changed: [localhost]
2023-03-02 16:34:59,026 p=5758 u=root n=ansible | TASK [openstack.kolla.baremetal : Ensure /etc/cloud/cloud.cfg exists] **********
2023-03-02 16:35:00,468 p=5758 u=root n=ansible | ok: [localhost]
2023-03-02 16:35:00,644 p=5758 u=root n=ansible | TASK [openstack.kolla.baremetal : Disable cloud-init manage_etc_hosts] *********
2023-03-02 16:35:02,272 p=5758 u=root n=ansible | changed: [localhost]
2023-03-02 16:35:02,359 p=5758 u=root n=ansible | TASK [openstack.kolla.baremetal : Set firewall default policy] *****************
2023-03-02 16:35:02,412 p=5758 u=root n=ansible | skipping: [localhost]
2023-03-02 16:35:02,523 p=5758 u=root n=ansible | TASK [openstack.kolla.baremetal : Check if firewalld is installed] *************
2023-03-02 16:35:03,445 p=5758 u=root n=ansible | ok: [localhost]
2023-03-02 16:35:03,541 p=5758 u=root n=ansible | TASK [openstack.kolla.baremetal : Disable firewalld] ***************************
2023-03-02 16:35:03,606 p=5758 u=root n=ansible | skipping: [localhost] => (item=firewalld) 
2023-03-02 16:35:03,700 p=5758 u=root n=ansible | TASK [openstack.kolla.docker : Fail if docker_custom_option is defined] ********
2023-03-02 16:35:03,785 p=5758 u=root n=ansible | skipping: [localhost]
2023-03-02 16:35:03,887 p=5758 u=root n=ansible | TASK [openstack.kolla.docker : include_tasks] **********************************
2023-03-02 16:35:03,928 p=5758 u=root n=ansible | skipping: [localhost]
2023-03-02 16:35:04,038 p=5758 u=root n=ansible | TASK [openstack.kolla.docker : Ensure docker config directory exists] **********
2023-03-02 16:35:05,261 p=5758 u=root n=ansible | ok: [localhost]
2023-03-02 16:35:05,409 p=5758 u=root n=ansible | TASK [openstack.kolla.docker : Write docker config] ****************************
2023-03-02 16:35:07,108 p=5758 u=root n=ansible | changed: [localhost]
2023-03-02 16:35:07,268 p=5758 u=root n=ansible | TASK [openstack.kolla.docker : Remove old docker options file] *****************
2023-03-02 16:35:07,950 p=5758 u=root n=ansible | ok: [localhost]
2023-03-02 16:35:08,074 p=5758 u=root n=ansible | TASK [openstack.kolla.docker : Ensure docker service directory exists] *********
2023-03-02 16:35:08,147 p=5758 u=root n=ansible | skipping: [localhost]
2023-03-02 16:35:08,274 p=5758 u=root n=ansible | TASK [openstack.kolla.docker : Configure docker service] ***********************
2023-03-02 16:35:08,341 p=5758 u=root n=ansible | skipping: [localhost]
2023-03-02 16:35:08,451 p=5758 u=root n=ansible | TASK [openstack.kolla.docker : Ensure the path for CA file for private registry exists] ***
2023-03-02 16:35:08,524 p=5758 u=root n=ansible | skipping: [localhost]
2023-03-02 16:35:08,618 p=5758 u=root n=ansible | TASK [openstack.kolla.docker : Ensure the CA file for private registry exists] ***
2023-03-02 16:35:08,684 p=5758 u=root n=ansible | skipping: [localhost]
2023-03-02 16:35:08,781 p=5758 u=root n=ansible | TASK [openstack.kolla.docker : Flush handlers] *********************************
2023-03-02 16:35:08,782 p=5758 u=root n=ansible | RUNNING HANDLER [openstack.kolla.docker : Restart docker] **********************
2023-03-02 16:35:12,757 p=5758 u=root n=ansible | changed: [localhost]
2023-03-02 16:35:12,899 p=5758 u=root n=ansible | TASK [openstack.kolla.docker : Start and enable docker] ************************
2023-03-02 16:35:13,957 p=5758 u=root n=ansible | ok: [localhost]
2023-03-02 16:35:14,050 p=5758 u=root n=ansible | TASK [openstack.kolla.docker : include_tasks] **********************************
2023-03-02 16:35:14,105 p=5758 u=root n=ansible | skipping: [localhost]
2023-03-02 16:35:14,307 p=5758 u=root n=ansible | TASK [openstack.kolla.kolla_user : Ensure groups are present] ******************
2023-03-02 16:35:14,374 p=5758 u=root n=ansible | skipping: [localhost] => (item=docker) 
2023-03-02 16:35:14,385 p=5758 u=root n=ansible | skipping: [localhost] => (item=sudo) 
2023-03-02 16:35:14,394 p=5758 u=root n=ansible | skipping: [localhost] => (item=kolla) 
2023-03-02 16:35:14,486 p=5758 u=root n=ansible | TASK [openstack.kolla.kolla_user : Create kolla user] **************************
2023-03-02 16:35:14,553 p=5758 u=root n=ansible | skipping: [localhost]
2023-03-02 16:35:14,646 p=5758 u=root n=ansible | TASK [openstack.kolla.kolla_user : Add public key to kolla user authorized keys] ***
2023-03-02 16:35:14,690 p=5758 u=root n=ansible | skipping: [localhost]
2023-03-02 16:35:14,779 p=5758 u=root n=ansible | TASK [openstack.kolla.kolla_user : Grant kolla user passwordless sudo] *********
2023-03-02 16:35:14,826 p=5758 u=root n=ansible | skipping: [localhost]
2023-03-02 16:35:15,024 p=5758 u=root n=ansible | TASK [openstack.kolla.docker_sdk : Install latest pip in the virtualenv] *******
2023-03-02 16:35:15,097 p=5758 u=root n=ansible | skipping: [localhost]
2023-03-02 16:35:15,204 p=5758 u=root n=ansible | TASK [openstack.kolla.docker_sdk : Install docker SDK for python] **************
2023-03-02 16:35:22,685 p=5758 u=root n=ansible | ok: [localhost]
2023-03-02 16:35:22,969 p=5758 u=root n=ansible | TASK [openstack.kolla.baremetal : Ensure node_config_directory directory exists] ***
2023-03-02 16:35:23,861 p=5758 u=root n=ansible | ok: [localhost]
2023-03-02 16:35:23,983 p=5758 u=root n=ansible | TASK [openstack.kolla.apparmor_libvirt : include_tasks] ************************
2023-03-02 16:35:24,038 p=5758 u=root n=ansible | skipping: [localhost]
2023-03-02 16:35:24,220 p=5758 u=root n=ansible | TASK [openstack.kolla.baremetal : Change state of selinux] *********************
2023-03-02 16:35:25,832 p=5758 u=root n=ansible | ok: [localhost]
2023-03-02 16:35:25,965 p=5758 u=root n=ansible | TASK [openstack.kolla.baremetal : Set https proxy for git] *********************
2023-03-02 16:35:26,044 p=5758 u=root n=ansible | skipping: [localhost]
2023-03-02 16:35:26,173 p=5758 u=root n=ansible | TASK [openstack.kolla.baremetal : Set http proxy for git] **********************
2023-03-02 16:35:26,234 p=5758 u=root n=ansible | skipping: [localhost]
2023-03-02 16:35:26,334 p=5758 u=root n=ansible | TASK [openstack.kolla.baremetal : include_tasks] *******************************
2023-03-02 16:35:26,399 p=5758 u=root n=ansible | skipping: [localhost]
2023-03-02 16:35:26,772 p=5758 u=root n=ansible | PLAY RECAP *********************************************************************
2023-03-02 16:35:26,773 p=5758 u=root n=ansible | localhost                  : ok=17   changed=6    unreachable=0    failed=0    skipped=18   rescued=0    ignored=0   
