2023-04-14 00:29:41,360 p=5755 u=root n=ansible | [WARNING]: Invalid characters were found in group names but not replaced, use
-vvvv to see details

2023-04-14 00:29:44,390 p=5755 u=root n=ansible | PLAY [Gather facts for all hosts] **********************************************
2023-04-14 00:29:44,722 p=5755 u=root n=ansible | TASK [Gather facts] ************************************************************
2023-04-14 00:29:48,635 p=5755 u=root n=ansible | ok: [localhost]
2023-04-14 00:29:48,716 p=5755 u=root n=ansible | TASK [Group hosts to determine when using --limit] *****************************
2023-04-14 00:29:48,782 p=5755 u=root n=ansible | ok: [localhost]
2023-04-14 00:29:48,949 p=5755 u=root n=ansible | [WARNING]: Could not match supplied host pattern, ignoring:
all_using_limit_True

2023-04-14 00:29:48,959 p=5755 u=root n=ansible | PLAY [Gather facts for all hosts (if using --limit)] ***************************
2023-04-14 00:29:48,959 p=5755 u=root n=ansible | skipping: no hosts matched
2023-04-14 00:29:48,970 p=5755 u=root n=ansible | PLAY [Apply role baremetal] ****************************************************
2023-04-14 00:29:49,215 p=5755 u=root n=ansible | TASK [openstack.kolla.baremetal : Ensure localhost in /etc/hosts] **************
2023-04-14 00:29:50,121 p=5755 u=root n=ansible | changed: [localhost]
2023-04-14 00:29:50,204 p=5755 u=root n=ansible | TASK [openstack.kolla.baremetal : Ensure hostname does not point to 127.0.1.1 in /etc/hosts] ***
2023-04-14 00:29:50,714 p=5755 u=root n=ansible | ok: [localhost]
2023-04-14 00:29:50,831 p=5755 u=root n=ansible | TASK [openstack.kolla.baremetal : Generate /etc/hosts for all of the nodes] ****
2023-04-14 00:29:52,339 p=5755 u=root n=ansible | changed: [localhost]
2023-04-14 00:29:52,424 p=5755 u=root n=ansible | TASK [openstack.kolla.baremetal : Ensure unprivileged users can use ping] ******
2023-04-14 00:29:53,411 p=5755 u=root n=ansible | changed: [localhost]
2023-04-14 00:29:53,563 p=5755 u=root n=ansible | TASK [openstack.kolla.baremetal : Ensure /etc/cloud/cloud.cfg exists] **********
2023-04-14 00:29:54,763 p=5755 u=root n=ansible | ok: [localhost]
2023-04-14 00:29:54,871 p=5755 u=root n=ansible | TASK [openstack.kolla.baremetal : Disable cloud-init manage_etc_hosts] *********
2023-04-14 00:29:56,528 p=5755 u=root n=ansible | changed: [localhost]
2023-04-14 00:29:56,693 p=5755 u=root n=ansible | TASK [openstack.kolla.baremetal : Set firewall default policy] *****************
2023-04-14 00:29:56,773 p=5755 u=root n=ansible | skipping: [localhost]
2023-04-14 00:29:56,866 p=5755 u=root n=ansible | TASK [openstack.kolla.baremetal : Check if firewalld is installed] *************
2023-04-14 00:29:57,838 p=5755 u=root n=ansible | ok: [localhost]
2023-04-14 00:29:57,927 p=5755 u=root n=ansible | TASK [openstack.kolla.baremetal : Disable firewalld] ***************************
2023-04-14 00:29:58,008 p=5755 u=root n=ansible | skipping: [localhost] => (item=firewalld) 
2023-04-14 00:29:58,116 p=5755 u=root n=ansible | TASK [openstack.kolla.docker : Fail if docker_custom_option is defined] ********
2023-04-14 00:29:58,175 p=5755 u=root n=ansible | skipping: [localhost]
2023-04-14 00:29:58,261 p=5755 u=root n=ansible | TASK [openstack.kolla.docker : include_tasks] **********************************
2023-04-14 00:29:58,304 p=5755 u=root n=ansible | skipping: [localhost]
2023-04-14 00:29:58,392 p=5755 u=root n=ansible | TASK [openstack.kolla.docker : Ensure docker config directory exists] **********
2023-04-14 00:29:59,287 p=5755 u=root n=ansible | ok: [localhost]
2023-04-14 00:29:59,372 p=5755 u=root n=ansible | TASK [openstack.kolla.docker : Write docker config] ****************************
2023-04-14 00:30:00,557 p=5755 u=root n=ansible | changed: [localhost]
2023-04-14 00:30:00,641 p=5755 u=root n=ansible | TASK [openstack.kolla.docker : Remove old docker options file] *****************
2023-04-14 00:30:01,228 p=5755 u=root n=ansible | ok: [localhost]
2023-04-14 00:30:01,318 p=5755 u=root n=ansible | TASK [openstack.kolla.docker : Ensure docker service directory exists] *********
2023-04-14 00:30:01,373 p=5755 u=root n=ansible | skipping: [localhost]
2023-04-14 00:30:01,476 p=5755 u=root n=ansible | TASK [openstack.kolla.docker : Configure docker service] ***********************
2023-04-14 00:30:01,527 p=5755 u=root n=ansible | skipping: [localhost]
2023-04-14 00:30:01,636 p=5755 u=root n=ansible | TASK [openstack.kolla.docker : Ensure the path for CA file for private registry exists] ***
2023-04-14 00:30:01,688 p=5755 u=root n=ansible | skipping: [localhost]
2023-04-14 00:30:01,808 p=5755 u=root n=ansible | TASK [openstack.kolla.docker : Ensure the CA file for private registry exists] ***
2023-04-14 00:30:01,858 p=5755 u=root n=ansible | skipping: [localhost]
2023-04-14 00:30:01,977 p=5755 u=root n=ansible | TASK [openstack.kolla.docker : Flush handlers] *********************************
2023-04-14 00:30:01,978 p=5755 u=root n=ansible | RUNNING HANDLER [openstack.kolla.docker : Restart docker] **********************
2023-04-14 00:30:05,357 p=5755 u=root n=ansible | changed: [localhost]
2023-04-14 00:30:05,445 p=5755 u=root n=ansible | TASK [openstack.kolla.docker : Start and enable docker] ************************
2023-04-14 00:30:06,418 p=5755 u=root n=ansible | ok: [localhost]
2023-04-14 00:30:06,577 p=5755 u=root n=ansible | TASK [openstack.kolla.docker : include_tasks] **********************************
2023-04-14 00:30:06,621 p=5755 u=root n=ansible | skipping: [localhost]
2023-04-14 00:30:06,821 p=5755 u=root n=ansible | TASK [openstack.kolla.kolla_user : Ensure groups are present] ******************
2023-04-14 00:30:06,887 p=5755 u=root n=ansible | skipping: [localhost] => (item=docker) 
2023-04-14 00:30:06,897 p=5755 u=root n=ansible | skipping: [localhost] => (item=sudo) 
2023-04-14 00:30:06,905 p=5755 u=root n=ansible | skipping: [localhost] => (item=kolla) 
2023-04-14 00:30:06,999 p=5755 u=root n=ansible | TASK [openstack.kolla.kolla_user : Create kolla user] **************************
2023-04-14 00:30:07,051 p=5755 u=root n=ansible | skipping: [localhost]
2023-04-14 00:30:07,138 p=5755 u=root n=ansible | TASK [openstack.kolla.kolla_user : Add public key to kolla user authorized keys] ***
2023-04-14 00:30:07,188 p=5755 u=root n=ansible | skipping: [localhost]
2023-04-14 00:30:07,275 p=5755 u=root n=ansible | TASK [openstack.kolla.kolla_user : Grant kolla user passwordless sudo] *********
2023-04-14 00:30:07,328 p=5755 u=root n=ansible | skipping: [localhost]
2023-04-14 00:30:07,512 p=5755 u=root n=ansible | TASK [openstack.kolla.docker_sdk : Install latest pip in the virtualenv] *******
2023-04-14 00:30:07,661 p=5755 u=root n=ansible | skipping: [localhost]
2023-04-14 00:30:07,750 p=5755 u=root n=ansible | TASK [openstack.kolla.docker_sdk : Install docker SDK for python] **************
2023-04-14 00:30:34,953 p=5755 u=root n=ansible | ok: [localhost]
2023-04-14 00:30:35,121 p=5755 u=root n=ansible | TASK [openstack.kolla.baremetal : Ensure node_config_directory directory exists] ***
2023-04-14 00:30:35,634 p=5755 u=root n=ansible | ok: [localhost]
2023-04-14 00:30:35,724 p=5755 u=root n=ansible | TASK [openstack.kolla.apparmor_libvirt : include_tasks] ************************
2023-04-14 00:30:35,764 p=5755 u=root n=ansible | skipping: [localhost]
2023-04-14 00:30:35,940 p=5755 u=root n=ansible | TASK [openstack.kolla.baremetal : Change state of selinux] *********************
2023-04-14 00:30:37,426 p=5755 u=root n=ansible | ok: [localhost]
2023-04-14 00:30:37,529 p=5755 u=root n=ansible | TASK [openstack.kolla.baremetal : Set https proxy for git] *********************
2023-04-14 00:30:37,588 p=5755 u=root n=ansible | skipping: [localhost]
2023-04-14 00:30:37,747 p=5755 u=root n=ansible | TASK [openstack.kolla.baremetal : Set http proxy for git] **********************
2023-04-14 00:30:37,798 p=5755 u=root n=ansible | skipping: [localhost]
2023-04-14 00:30:37,944 p=5755 u=root n=ansible | TASK [openstack.kolla.baremetal : include_tasks] *******************************
2023-04-14 00:30:37,992 p=5755 u=root n=ansible | skipping: [localhost]
2023-04-14 00:30:38,276 p=5755 u=root n=ansible | PLAY RECAP *********************************************************************
2023-04-14 00:30:38,277 p=5755 u=root n=ansible | localhost                  : ok=17   changed=6    unreachable=0    failed=0    skipped=18   rescued=0    ignored=0   
