2023-03-07 01:40:33,527 p=5747 u=root n=ansible | [WARNING]: Invalid characters were found in group names but not replaced, use
-vvvv to see details

2023-03-07 01:40:35,303 p=5747 u=root n=ansible | PLAY [Gather facts for all hosts] **********************************************
2023-03-07 01:40:35,599 p=5747 u=root n=ansible | TASK [Gather facts] ************************************************************
2023-03-07 01:40:44,575 p=5747 u=root n=ansible | ok: [localhost]
2023-03-07 01:40:44,661 p=5747 u=root n=ansible | TASK [Group hosts to determine when using --limit] *****************************
2023-03-07 01:40:44,739 p=5747 u=root n=ansible | ok: [localhost]
2023-03-07 01:40:44,910 p=5747 u=root n=ansible | [WARNING]: Could not match supplied host pattern, ignoring:
all_using_limit_True

2023-03-07 01:40:44,919 p=5747 u=root n=ansible | PLAY [Gather facts for all hosts (if using --limit)] ***************************
2023-03-07 01:40:44,920 p=5747 u=root n=ansible | skipping: no hosts matched
2023-03-07 01:40:44,931 p=5747 u=root n=ansible | PLAY [Apply role baremetal] ****************************************************
2023-03-07 01:40:45,156 p=5747 u=root n=ansible | TASK [openstack.kolla.baremetal : Ensure localhost in /etc/hosts] **************
2023-03-07 01:40:46,051 p=5747 u=root n=ansible | changed: [localhost]
2023-03-07 01:40:46,148 p=5747 u=root n=ansible | TASK [openstack.kolla.baremetal : Ensure hostname does not point to 127.0.1.1 in /etc/hosts] ***
2023-03-07 01:40:46,822 p=5747 u=root n=ansible | ok: [localhost]
2023-03-07 01:40:46,912 p=5747 u=root n=ansible | TASK [openstack.kolla.baremetal : Generate /etc/hosts for all of the nodes] ****
2023-03-07 01:40:48,308 p=5747 u=root n=ansible | changed: [localhost]
2023-03-07 01:40:48,423 p=5747 u=root n=ansible | TASK [openstack.kolla.baremetal : Ensure unprivileged users can use ping] ******
2023-03-07 01:40:49,360 p=5747 u=root n=ansible | changed: [localhost]
2023-03-07 01:40:49,483 p=5747 u=root n=ansible | TASK [openstack.kolla.baremetal : Ensure /etc/cloud/cloud.cfg exists] **********
2023-03-07 01:40:50,547 p=5747 u=root n=ansible | ok: [localhost]
2023-03-07 01:40:50,653 p=5747 u=root n=ansible | TASK [openstack.kolla.baremetal : Disable cloud-init manage_etc_hosts] *********
2023-03-07 01:40:52,124 p=5747 u=root n=ansible | changed: [localhost]
2023-03-07 01:40:52,213 p=5747 u=root n=ansible | TASK [openstack.kolla.baremetal : Set firewall default policy] *****************
2023-03-07 01:40:52,266 p=5747 u=root n=ansible | skipping: [localhost]
2023-03-07 01:40:52,364 p=5747 u=root n=ansible | TASK [openstack.kolla.baremetal : Check if firewalld is installed] *************
2023-03-07 01:40:53,324 p=5747 u=root n=ansible | ok: [localhost]
2023-03-07 01:40:53,464 p=5747 u=root n=ansible | TASK [openstack.kolla.baremetal : Disable firewalld] ***************************
2023-03-07 01:40:53,567 p=5747 u=root n=ansible | skipping: [localhost] => (item=firewalld) 
2023-03-07 01:40:53,661 p=5747 u=root n=ansible | TASK [openstack.kolla.docker : Fail if docker_custom_option is defined] ********
2023-03-07 01:40:53,756 p=5747 u=root n=ansible | skipping: [localhost]
2023-03-07 01:40:53,844 p=5747 u=root n=ansible | TASK [openstack.kolla.docker : include_tasks] **********************************
2023-03-07 01:40:53,912 p=5747 u=root n=ansible | skipping: [localhost]
2023-03-07 01:40:54,004 p=5747 u=root n=ansible | TASK [openstack.kolla.docker : Ensure docker config directory exists] **********
2023-03-07 01:40:55,210 p=5747 u=root n=ansible | ok: [localhost]
2023-03-07 01:40:55,307 p=5747 u=root n=ansible | TASK [openstack.kolla.docker : Write docker config] ****************************
2023-03-07 01:40:56,729 p=5747 u=root n=ansible | changed: [localhost]
2023-03-07 01:40:56,819 p=5747 u=root n=ansible | TASK [openstack.kolla.docker : Remove old docker options file] *****************
2023-03-07 01:40:57,399 p=5747 u=root n=ansible | ok: [localhost]
2023-03-07 01:40:57,520 p=5747 u=root n=ansible | TASK [openstack.kolla.docker : Ensure docker service directory exists] *********
2023-03-07 01:40:57,584 p=5747 u=root n=ansible | skipping: [localhost]
2023-03-07 01:40:57,706 p=5747 u=root n=ansible | TASK [openstack.kolla.docker : Configure docker service] ***********************
2023-03-07 01:40:57,792 p=5747 u=root n=ansible | skipping: [localhost]
2023-03-07 01:40:57,915 p=5747 u=root n=ansible | TASK [openstack.kolla.docker : Ensure the path for CA file for private registry exists] ***
2023-03-07 01:40:57,977 p=5747 u=root n=ansible | skipping: [localhost]
2023-03-07 01:40:58,078 p=5747 u=root n=ansible | TASK [openstack.kolla.docker : Ensure the CA file for private registry exists] ***
2023-03-07 01:40:58,137 p=5747 u=root n=ansible | skipping: [localhost]
2023-03-07 01:40:58,235 p=5747 u=root n=ansible | TASK [openstack.kolla.docker : Flush handlers] *********************************
2023-03-07 01:40:58,236 p=5747 u=root n=ansible | RUNNING HANDLER [openstack.kolla.docker : Restart docker] **********************
2023-03-07 01:41:02,157 p=5747 u=root n=ansible | changed: [localhost]
2023-03-07 01:41:02,259 p=5747 u=root n=ansible | TASK [openstack.kolla.docker : Start and enable docker] ************************
2023-03-07 01:41:03,216 p=5747 u=root n=ansible | ok: [localhost]
2023-03-07 01:41:03,312 p=5747 u=root n=ansible | TASK [openstack.kolla.docker : include_tasks] **********************************
2023-03-07 01:41:03,382 p=5747 u=root n=ansible | skipping: [localhost]
2023-03-07 01:41:03,574 p=5747 u=root n=ansible | TASK [openstack.kolla.kolla_user : Ensure groups are present] ******************
2023-03-07 01:41:03,651 p=5747 u=root n=ansible | skipping: [localhost] => (item=docker) 
2023-03-07 01:41:03,662 p=5747 u=root n=ansible | skipping: [localhost] => (item=sudo) 
2023-03-07 01:41:03,672 p=5747 u=root n=ansible | skipping: [localhost] => (item=kolla) 
2023-03-07 01:41:03,778 p=5747 u=root n=ansible | TASK [openstack.kolla.kolla_user : Create kolla user] **************************
2023-03-07 01:41:03,835 p=5747 u=root n=ansible | skipping: [localhost]
2023-03-07 01:41:03,925 p=5747 u=root n=ansible | TASK [openstack.kolla.kolla_user : Add public key to kolla user authorized keys] ***
2023-03-07 01:41:03,971 p=5747 u=root n=ansible | skipping: [localhost]
2023-03-07 01:41:04,061 p=5747 u=root n=ansible | TASK [openstack.kolla.kolla_user : Grant kolla user passwordless sudo] *********
2023-03-07 01:41:04,107 p=5747 u=root n=ansible | skipping: [localhost]
2023-03-07 01:41:04,284 p=5747 u=root n=ansible | TASK [openstack.kolla.docker_sdk : Install latest pip in the virtualenv] *******
2023-03-07 01:41:04,347 p=5747 u=root n=ansible | skipping: [localhost]
2023-03-07 01:41:04,434 p=5747 u=root n=ansible | TASK [openstack.kolla.docker_sdk : Install docker SDK for python] **************
2023-03-07 01:41:30,542 p=5747 u=root n=ansible | ok: [localhost]
2023-03-07 01:41:30,702 p=5747 u=root n=ansible | TASK [openstack.kolla.baremetal : Ensure node_config_directory directory exists] ***
2023-03-07 01:41:31,221 p=5747 u=root n=ansible | ok: [localhost]
2023-03-07 01:41:31,304 p=5747 u=root n=ansible | TASK [openstack.kolla.apparmor_libvirt : include_tasks] ************************
2023-03-07 01:41:31,358 p=5747 u=root n=ansible | skipping: [localhost]
2023-03-07 01:41:31,542 p=5747 u=root n=ansible | TASK [openstack.kolla.baremetal : Change state of selinux] *********************
2023-03-07 01:41:33,295 p=5747 u=root n=ansible | ok: [localhost]
2023-03-07 01:41:33,388 p=5747 u=root n=ansible | TASK [openstack.kolla.baremetal : Set https proxy for git] *********************
2023-03-07 01:41:33,448 p=5747 u=root n=ansible | skipping: [localhost]
2023-03-07 01:41:33,532 p=5747 u=root n=ansible | TASK [openstack.kolla.baremetal : Set http proxy for git] **********************
2023-03-07 01:41:33,580 p=5747 u=root n=ansible | skipping: [localhost]
2023-03-07 01:41:33,668 p=5747 u=root n=ansible | TASK [openstack.kolla.baremetal : include_tasks] *******************************
2023-03-07 01:41:33,717 p=5747 u=root n=ansible | skipping: [localhost]
2023-03-07 01:41:33,963 p=5747 u=root n=ansible | PLAY RECAP *********************************************************************
2023-03-07 01:41:33,964 p=5747 u=root n=ansible | localhost                  : ok=17   changed=6    unreachable=0    failed=0    skipped=18   rescued=0    ignored=0   
