2023-04-12 20:52:25,673 p=5751 u=root n=ansible | [WARNING]: Invalid characters were found in group names but not replaced, use
-vvvv to see details

2023-04-12 20:52:27,431 p=5751 u=root n=ansible | PLAY [Gather facts for all hosts] **********************************************
2023-04-12 20:52:27,699 p=5751 u=root n=ansible | TASK [Gather facts] ************************************************************
2023-04-12 20:52:31,476 p=5751 u=root n=ansible | ok: [localhost]
2023-04-12 20:52:31,579 p=5751 u=root n=ansible | TASK [Group hosts to determine when using --limit] *****************************
2023-04-12 20:52:31,667 p=5751 u=root n=ansible | ok: [localhost]
2023-04-12 20:52:31,834 p=5751 u=root n=ansible | [WARNING]: Could not match supplied host pattern, ignoring:
all_using_limit_True

2023-04-12 20:52:31,842 p=5751 u=root n=ansible | PLAY [Gather facts for all hosts (if using --limit)] ***************************
2023-04-12 20:52:31,842 p=5751 u=root n=ansible | skipping: no hosts matched
2023-04-12 20:52:31,850 p=5751 u=root n=ansible | PLAY [Apply role baremetal] ****************************************************
2023-04-12 20:52:32,056 p=5751 u=root n=ansible | TASK [openstack.kolla.baremetal : Ensure localhost in /etc/hosts] **************
2023-04-12 20:52:33,077 p=5751 u=root n=ansible | changed: [localhost]
2023-04-12 20:52:33,200 p=5751 u=root n=ansible | TASK [openstack.kolla.baremetal : Ensure hostname does not point to 127.0.1.1 in /etc/hosts] ***
2023-04-12 20:52:33,802 p=5751 u=root n=ansible | ok: [localhost]
2023-04-12 20:52:33,888 p=5751 u=root n=ansible | TASK [openstack.kolla.baremetal : Generate /etc/hosts for all of the nodes] ****
2023-04-12 20:52:35,270 p=5751 u=root n=ansible | changed: [localhost]
2023-04-12 20:52:35,360 p=5751 u=root n=ansible | TASK [openstack.kolla.baremetal : Ensure unprivileged users can use ping] ******
2023-04-12 20:52:36,426 p=5751 u=root n=ansible | changed: [localhost]
2023-04-12 20:52:36,515 p=5751 u=root n=ansible | TASK [openstack.kolla.baremetal : Ensure /etc/cloud/cloud.cfg exists] **********
2023-04-12 20:52:37,415 p=5751 u=root n=ansible | ok: [localhost]
2023-04-12 20:52:37,536 p=5751 u=root n=ansible | TASK [openstack.kolla.baremetal : Disable cloud-init manage_etc_hosts] *********
2023-04-12 20:52:39,158 p=5751 u=root n=ansible | changed: [localhost]
2023-04-12 20:52:39,263 p=5751 u=root n=ansible | TASK [openstack.kolla.baremetal : Set firewall default policy] *****************
2023-04-12 20:52:39,319 p=5751 u=root n=ansible | skipping: [localhost]
2023-04-12 20:52:39,423 p=5751 u=root n=ansible | TASK [openstack.kolla.baremetal : Check if firewalld is installed] *************
2023-04-12 20:52:40,364 p=5751 u=root n=ansible | ok: [localhost]
2023-04-12 20:52:40,473 p=5751 u=root n=ansible | TASK [openstack.kolla.baremetal : Disable firewalld] ***************************
2023-04-12 20:52:40,543 p=5751 u=root n=ansible | skipping: [localhost] => (item=firewalld) 
2023-04-12 20:52:40,631 p=5751 u=root n=ansible | TASK [openstack.kolla.docker : Fail if docker_custom_option is defined] ********
2023-04-12 20:52:40,688 p=5751 u=root n=ansible | skipping: [localhost]
2023-04-12 20:52:40,782 p=5751 u=root n=ansible | TASK [openstack.kolla.docker : include_tasks] **********************************
2023-04-12 20:52:40,826 p=5751 u=root n=ansible | skipping: [localhost]
2023-04-12 20:52:40,910 p=5751 u=root n=ansible | TASK [openstack.kolla.docker : Ensure docker config directory exists] **********
2023-04-12 20:52:41,896 p=5751 u=root n=ansible | ok: [localhost]
2023-04-12 20:52:41,991 p=5751 u=root n=ansible | TASK [openstack.kolla.docker : Write docker config] ****************************
2023-04-12 20:52:43,364 p=5751 u=root n=ansible | changed: [localhost]
2023-04-12 20:52:43,457 p=5751 u=root n=ansible | TASK [openstack.kolla.docker : Remove old docker options file] *****************
2023-04-12 20:52:43,947 p=5751 u=root n=ansible | ok: [localhost]
2023-04-12 20:52:44,033 p=5751 u=root n=ansible | TASK [openstack.kolla.docker : Ensure docker service directory exists] *********
2023-04-12 20:52:44,083 p=5751 u=root n=ansible | skipping: [localhost]
2023-04-12 20:52:44,174 p=5751 u=root n=ansible | TASK [openstack.kolla.docker : Configure docker service] ***********************
2023-04-12 20:52:44,228 p=5751 u=root n=ansible | skipping: [localhost]
2023-04-12 20:52:44,316 p=5751 u=root n=ansible | TASK [openstack.kolla.docker : Ensure the path for CA file for private registry exists] ***
2023-04-12 20:52:44,365 p=5751 u=root n=ansible | skipping: [localhost]
2023-04-12 20:52:44,450 p=5751 u=root n=ansible | TASK [openstack.kolla.docker : Ensure the CA file for private registry exists] ***
2023-04-12 20:52:44,503 p=5751 u=root n=ansible | skipping: [localhost]
2023-04-12 20:52:44,592 p=5751 u=root n=ansible | TASK [openstack.kolla.docker : Flush handlers] *********************************
2023-04-12 20:52:44,593 p=5751 u=root n=ansible | RUNNING HANDLER [openstack.kolla.docker : Restart docker] **********************
2023-04-12 20:52:49,065 p=5751 u=root n=ansible | changed: [localhost]
2023-04-12 20:52:49,163 p=5751 u=root n=ansible | TASK [openstack.kolla.docker : Start and enable docker] ************************
2023-04-12 20:52:50,058 p=5751 u=root n=ansible | ok: [localhost]
2023-04-12 20:52:50,150 p=5751 u=root n=ansible | TASK [openstack.kolla.docker : include_tasks] **********************************
2023-04-12 20:52:50,193 p=5751 u=root n=ansible | skipping: [localhost]
2023-04-12 20:52:50,399 p=5751 u=root n=ansible | TASK [openstack.kolla.kolla_user : Ensure groups are present] ******************
2023-04-12 20:52:50,457 p=5751 u=root n=ansible | skipping: [localhost] => (item=docker) 
2023-04-12 20:52:50,462 p=5751 u=root n=ansible | skipping: [localhost] => (item=sudo) 
2023-04-12 20:52:50,472 p=5751 u=root n=ansible | skipping: [localhost] => (item=kolla) 
2023-04-12 20:52:50,567 p=5751 u=root n=ansible | TASK [openstack.kolla.kolla_user : Create kolla user] **************************
2023-04-12 20:52:50,611 p=5751 u=root n=ansible | skipping: [localhost]
2023-04-12 20:52:50,732 p=5751 u=root n=ansible | TASK [openstack.kolla.kolla_user : Add public key to kolla user authorized keys] ***
2023-04-12 20:52:50,787 p=5751 u=root n=ansible | skipping: [localhost]
2023-04-12 20:52:50,874 p=5751 u=root n=ansible | TASK [openstack.kolla.kolla_user : Grant kolla user passwordless sudo] *********
2023-04-12 20:52:50,921 p=5751 u=root n=ansible | skipping: [localhost]
2023-04-12 20:52:51,104 p=5751 u=root n=ansible | TASK [openstack.kolla.docker_sdk : Install latest pip in the virtualenv] *******
2023-04-12 20:52:51,189 p=5751 u=root n=ansible | skipping: [localhost]
2023-04-12 20:52:51,280 p=5751 u=root n=ansible | TASK [openstack.kolla.docker_sdk : Install docker SDK for python] **************
2023-04-12 20:53:17,877 p=5751 u=root n=ansible | ok: [localhost]
2023-04-12 20:53:18,128 p=5751 u=root n=ansible | TASK [openstack.kolla.baremetal : Ensure node_config_directory directory exists] ***
2023-04-12 20:53:18,707 p=5751 u=root n=ansible | ok: [localhost]
2023-04-12 20:53:18,793 p=5751 u=root n=ansible | TASK [openstack.kolla.apparmor_libvirt : include_tasks] ************************
2023-04-12 20:53:18,834 p=5751 u=root n=ansible | skipping: [localhost]
2023-04-12 20:53:18,994 p=5751 u=root n=ansible | TASK [openstack.kolla.baremetal : Change state of selinux] *********************
2023-04-12 20:53:20,464 p=5751 u=root n=ansible | ok: [localhost]
2023-04-12 20:53:20,544 p=5751 u=root n=ansible | TASK [openstack.kolla.baremetal : Set https proxy for git] *********************
2023-04-12 20:53:20,586 p=5751 u=root n=ansible | skipping: [localhost]
2023-04-12 20:53:20,676 p=5751 u=root n=ansible | TASK [openstack.kolla.baremetal : Set http proxy for git] **********************
2023-04-12 20:53:20,722 p=5751 u=root n=ansible | skipping: [localhost]
2023-04-12 20:53:20,811 p=5751 u=root n=ansible | TASK [openstack.kolla.baremetal : include_tasks] *******************************
2023-04-12 20:53:20,853 p=5751 u=root n=ansible | skipping: [localhost]
2023-04-12 20:53:21,103 p=5751 u=root n=ansible | PLAY RECAP *********************************************************************
2023-04-12 20:53:21,104 p=5751 u=root n=ansible | localhost                  : ok=17   changed=6    unreachable=0    failed=0    skipped=18   rescued=0    ignored=0   
