2023-02-20 20:15:12,906 p=5727 u=root n=ansible | [WARNING]: Invalid characters were found in group names but not replaced, use
-vvvv to see details

2023-02-20 20:15:15,149 p=5727 u=root n=ansible | PLAY [Gather facts for all hosts] **********************************************
2023-02-20 20:15:15,477 p=5727 u=root n=ansible | TASK [Gather facts] ************************************************************
2023-02-20 20:15:19,964 p=5727 u=root n=ansible | ok: [localhost]
2023-02-20 20:15:20,058 p=5727 u=root n=ansible | TASK [Group hosts to determine when using --limit] *****************************
2023-02-20 20:15:20,143 p=5727 u=root n=ansible | ok: [localhost]
2023-02-20 20:15:20,334 p=5727 u=root n=ansible | [WARNING]: Could not match supplied host pattern, ignoring:
all_using_limit_True

2023-02-20 20:15:20,343 p=5727 u=root n=ansible | PLAY [Gather facts for all hosts (if using --limit)] ***************************
2023-02-20 20:15:20,344 p=5727 u=root n=ansible | skipping: no hosts matched
2023-02-20 20:15:20,354 p=5727 u=root n=ansible | PLAY [Apply role baremetal] ****************************************************
2023-02-20 20:15:20,578 p=5727 u=root n=ansible | TASK [openstack.kolla.baremetal : Ensure localhost in /etc/hosts] **************
2023-02-20 20:15:21,595 p=5727 u=root n=ansible | changed: [localhost]
2023-02-20 20:15:21,722 p=5727 u=root n=ansible | TASK [openstack.kolla.baremetal : Ensure hostname does not point to 127.0.1.1 in /etc/hosts] ***
2023-02-20 20:15:22,357 p=5727 u=root n=ansible | ok: [localhost]
2023-02-20 20:15:22,495 p=5727 u=root n=ansible | TASK [openstack.kolla.baremetal : Generate /etc/hosts for all of the nodes] ****
2023-02-20 20:15:23,942 p=5727 u=root n=ansible | changed: [localhost]
2023-02-20 20:15:24,024 p=5727 u=root n=ansible | TASK [openstack.kolla.baremetal : Ensure unprivileged users can use ping] ******
2023-02-20 20:15:24,916 p=5727 u=root n=ansible | changed: [localhost]
2023-02-20 20:15:24,997 p=5727 u=root n=ansible | TASK [openstack.kolla.baremetal : Ensure /etc/cloud/cloud.cfg exists] **********
2023-02-20 20:15:26,126 p=5727 u=root n=ansible | ok: [localhost]
2023-02-20 20:15:26,293 p=5727 u=root n=ansible | TASK [openstack.kolla.baremetal : Disable cloud-init manage_etc_hosts] *********
2023-02-20 20:15:28,031 p=5727 u=root n=ansible | changed: [localhost]
2023-02-20 20:15:28,193 p=5727 u=root n=ansible | TASK [openstack.kolla.baremetal : Set firewall default policy] *****************
2023-02-20 20:15:28,265 p=5727 u=root n=ansible | skipping: [localhost]
2023-02-20 20:15:28,452 p=5727 u=root n=ansible | TASK [openstack.kolla.baremetal : Check if firewalld is installed] *************
2023-02-20 20:15:29,750 p=5727 u=root n=ansible | ok: [localhost]
2023-02-20 20:15:29,912 p=5727 u=root n=ansible | TASK [openstack.kolla.baremetal : Disable firewalld] ***************************
2023-02-20 20:15:30,080 p=5727 u=root n=ansible | skipping: [localhost] => (item=firewalld) 
2023-02-20 20:15:30,178 p=5727 u=root n=ansible | TASK [openstack.kolla.docker : Fail if docker_custom_option is defined] ********
2023-02-20 20:15:30,330 p=5727 u=root n=ansible | skipping: [localhost]
2023-02-20 20:15:30,442 p=5727 u=root n=ansible | TASK [openstack.kolla.docker : include_tasks] **********************************
2023-02-20 20:15:30,495 p=5727 u=root n=ansible | skipping: [localhost]
2023-02-20 20:15:30,634 p=5727 u=root n=ansible | TASK [openstack.kolla.docker : Ensure docker config directory exists] **********
2023-02-20 20:15:31,666 p=5727 u=root n=ansible | ok: [localhost]
2023-02-20 20:15:31,759 p=5727 u=root n=ansible | TASK [openstack.kolla.docker : Write docker config] ****************************
2023-02-20 20:15:33,218 p=5727 u=root n=ansible | changed: [localhost]
2023-02-20 20:15:33,337 p=5727 u=root n=ansible | TASK [openstack.kolla.docker : Remove old docker options file] *****************
2023-02-20 20:15:33,895 p=5727 u=root n=ansible | ok: [localhost]
2023-02-20 20:15:33,990 p=5727 u=root n=ansible | TASK [openstack.kolla.docker : Ensure docker service directory exists] *********
2023-02-20 20:15:34,048 p=5727 u=root n=ansible | skipping: [localhost]
2023-02-20 20:15:34,163 p=5727 u=root n=ansible | TASK [openstack.kolla.docker : Configure docker service] ***********************
2023-02-20 20:15:34,228 p=5727 u=root n=ansible | skipping: [localhost]
2023-02-20 20:15:34,340 p=5727 u=root n=ansible | TASK [openstack.kolla.docker : Ensure the path for CA file for private registry exists] ***
2023-02-20 20:15:34,396 p=5727 u=root n=ansible | skipping: [localhost]
2023-02-20 20:15:34,535 p=5727 u=root n=ansible | TASK [openstack.kolla.docker : Ensure the CA file for private registry exists] ***
2023-02-20 20:15:34,614 p=5727 u=root n=ansible | skipping: [localhost]
2023-02-20 20:15:34,718 p=5727 u=root n=ansible | TASK [openstack.kolla.docker : Flush handlers] *********************************
2023-02-20 20:15:34,718 p=5727 u=root n=ansible | RUNNING HANDLER [openstack.kolla.docker : Restart docker] **********************
2023-02-20 20:15:38,003 p=5727 u=root n=ansible | changed: [localhost]
2023-02-20 20:15:38,104 p=5727 u=root n=ansible | TASK [openstack.kolla.docker : Start and enable docker] ************************
2023-02-20 20:15:39,105 p=5727 u=root n=ansible | ok: [localhost]
2023-02-20 20:15:39,219 p=5727 u=root n=ansible | TASK [openstack.kolla.docker : include_tasks] **********************************
2023-02-20 20:15:39,294 p=5727 u=root n=ansible | skipping: [localhost]
2023-02-20 20:15:39,483 p=5727 u=root n=ansible | TASK [openstack.kolla.kolla_user : Ensure groups are present] ******************
2023-02-20 20:15:39,547 p=5727 u=root n=ansible | skipping: [localhost] => (item=docker) 
2023-02-20 20:15:39,551 p=5727 u=root n=ansible | skipping: [localhost] => (item=sudo) 
2023-02-20 20:15:39,557 p=5727 u=root n=ansible | skipping: [localhost] => (item=kolla) 
2023-02-20 20:15:39,673 p=5727 u=root n=ansible | TASK [openstack.kolla.kolla_user : Create kolla user] **************************
2023-02-20 20:15:39,747 p=5727 u=root n=ansible | skipping: [localhost]
2023-02-20 20:15:39,845 p=5727 u=root n=ansible | TASK [openstack.kolla.kolla_user : Add public key to kolla user authorized keys] ***
2023-02-20 20:15:39,904 p=5727 u=root n=ansible | skipping: [localhost]
2023-02-20 20:15:39,994 p=5727 u=root n=ansible | TASK [openstack.kolla.kolla_user : Grant kolla user passwordless sudo] *********
2023-02-20 20:15:40,042 p=5727 u=root n=ansible | skipping: [localhost]
2023-02-20 20:15:40,220 p=5727 u=root n=ansible | TASK [openstack.kolla.docker_sdk : Install latest pip in the virtualenv] *******
2023-02-20 20:15:40,299 p=5727 u=root n=ansible | skipping: [localhost]
2023-02-20 20:15:40,421 p=5727 u=root n=ansible | TASK [openstack.kolla.docker_sdk : Install docker SDK for python] **************
2023-02-20 20:15:47,320 p=5727 u=root n=ansible | ok: [localhost]
2023-02-20 20:15:47,505 p=5727 u=root n=ansible | TASK [openstack.kolla.baremetal : Ensure node_config_directory directory exists] ***
2023-02-20 20:15:48,034 p=5727 u=root n=ansible | ok: [localhost]
2023-02-20 20:15:48,124 p=5727 u=root n=ansible | TASK [openstack.kolla.apparmor_libvirt : include_tasks] ************************
2023-02-20 20:15:48,163 p=5727 u=root n=ansible | skipping: [localhost]
2023-02-20 20:15:48,338 p=5727 u=root n=ansible | TASK [openstack.kolla.baremetal : Change state of selinux] *********************
2023-02-20 20:15:49,824 p=5727 u=root n=ansible | ok: [localhost]
2023-02-20 20:15:49,913 p=5727 u=root n=ansible | TASK [openstack.kolla.baremetal : Set https proxy for git] *********************
2023-02-20 20:15:49,967 p=5727 u=root n=ansible | skipping: [localhost]
2023-02-20 20:15:50,058 p=5727 u=root n=ansible | TASK [openstack.kolla.baremetal : Set http proxy for git] **********************
2023-02-20 20:15:50,123 p=5727 u=root n=ansible | skipping: [localhost]
2023-02-20 20:15:50,226 p=5727 u=root n=ansible | TASK [openstack.kolla.baremetal : include_tasks] *******************************
2023-02-20 20:15:50,268 p=5727 u=root n=ansible | skipping: [localhost]
2023-02-20 20:15:50,655 p=5727 u=root n=ansible | PLAY RECAP *********************************************************************
2023-02-20 20:15:50,656 p=5727 u=root n=ansible | localhost                  : ok=17   changed=6    unreachable=0    failed=0    skipped=18   rescued=0    ignored=0   
