2023-03-15 18:59:11,526 p=6069 u=root n=ansible | [WARNING]: Invalid characters were found in group names but not replaced, use
-vvvv to see details

2023-03-15 18:59:18,139 p=6069 u=root n=ansible | PLAY [Gather facts for all hosts] **********************************************
2023-03-15 18:59:18,694 p=6069 u=root n=ansible | TASK [Gather facts] ************************************************************
2023-03-15 18:59:25,741 p=6069 u=root n=ansible | ok: [localhost]
2023-03-15 18:59:25,931 p=6069 u=root n=ansible | TASK [Group hosts to determine when using --limit] *****************************
2023-03-15 18:59:26,008 p=6069 u=root n=ansible | ok: [localhost]
2023-03-15 18:59:26,235 p=6069 u=root n=ansible | [WARNING]: Could not match supplied host pattern, ignoring:
all_using_limit_True

2023-03-15 18:59:26,246 p=6069 u=root n=ansible | PLAY [Gather facts for all hosts (if using --limit)] ***************************
2023-03-15 18:59:26,246 p=6069 u=root n=ansible | skipping: no hosts matched
2023-03-15 18:59:26,256 p=6069 u=root n=ansible | PLAY [Apply role baremetal] ****************************************************
2023-03-15 18:59:26,470 p=6069 u=root n=ansible | TASK [openstack.kolla.baremetal : Ensure localhost in /etc/hosts] **************
2023-03-15 18:59:27,525 p=6069 u=root n=ansible | changed: [localhost]
2023-03-15 18:59:27,612 p=6069 u=root n=ansible | TASK [openstack.kolla.baremetal : Ensure hostname does not point to 127.0.1.1 in /etc/hosts] ***
2023-03-15 18:59:28,174 p=6069 u=root n=ansible | ok: [localhost]
2023-03-15 18:59:28,342 p=6069 u=root n=ansible | TASK [openstack.kolla.baremetal : Generate /etc/hosts for all of the nodes] ****
2023-03-15 18:59:30,063 p=6069 u=root n=ansible | changed: [localhost]
2023-03-15 18:59:30,152 p=6069 u=root n=ansible | TASK [openstack.kolla.baremetal : Ensure unprivileged users can use ping] ******
2023-03-15 18:59:31,466 p=6069 u=root n=ansible | changed: [localhost]
2023-03-15 18:59:31,558 p=6069 u=root n=ansible | TASK [openstack.kolla.baremetal : Ensure /etc/cloud/cloud.cfg exists] **********
2023-03-15 18:59:33,678 p=6069 u=root n=ansible | ok: [localhost]
2023-03-15 18:59:33,920 p=6069 u=root n=ansible | TASK [openstack.kolla.baremetal : Disable cloud-init manage_etc_hosts] *********
2023-03-15 18:59:35,978 p=6069 u=root n=ansible | changed: [localhost]
2023-03-15 18:59:36,124 p=6069 u=root n=ansible | TASK [openstack.kolla.baremetal : Set firewall default policy] *****************
2023-03-15 18:59:36,209 p=6069 u=root n=ansible | skipping: [localhost]
2023-03-15 18:59:36,376 p=6069 u=root n=ansible | TASK [openstack.kolla.baremetal : Check if firewalld is installed] *************
2023-03-15 18:59:37,378 p=6069 u=root n=ansible | ok: [localhost]
2023-03-15 18:59:37,519 p=6069 u=root n=ansible | TASK [openstack.kolla.baremetal : Disable firewalld] ***************************
2023-03-15 18:59:37,636 p=6069 u=root n=ansible | skipping: [localhost] => (item=firewalld) 
2023-03-15 18:59:37,999 p=6069 u=root n=ansible | TASK [openstack.kolla.docker : Fail if docker_custom_option is defined] ********
2023-03-15 18:59:38,160 p=6069 u=root n=ansible | skipping: [localhost]
2023-03-15 18:59:38,274 p=6069 u=root n=ansible | TASK [openstack.kolla.docker : include_tasks] **********************************
2023-03-15 18:59:38,318 p=6069 u=root n=ansible | skipping: [localhost]
2023-03-15 18:59:38,426 p=6069 u=root n=ansible | TASK [openstack.kolla.docker : Ensure docker config directory exists] **********
2023-03-15 18:59:39,444 p=6069 u=root n=ansible | ok: [localhost]
2023-03-15 18:59:39,560 p=6069 u=root n=ansible | TASK [openstack.kolla.docker : Write docker config] ****************************
2023-03-15 18:59:40,913 p=6069 u=root n=ansible | changed: [localhost]
2023-03-15 18:59:41,037 p=6069 u=root n=ansible | TASK [openstack.kolla.docker : Remove old docker options file] *****************
2023-03-15 18:59:41,740 p=6069 u=root n=ansible | ok: [localhost]
2023-03-15 18:59:41,895 p=6069 u=root n=ansible | TASK [openstack.kolla.docker : Ensure docker service directory exists] *********
2023-03-15 18:59:41,950 p=6069 u=root n=ansible | skipping: [localhost]
2023-03-15 18:59:42,075 p=6069 u=root n=ansible | TASK [openstack.kolla.docker : Configure docker service] ***********************
2023-03-15 18:59:42,127 p=6069 u=root n=ansible | skipping: [localhost]
2023-03-15 18:59:42,220 p=6069 u=root n=ansible | TASK [openstack.kolla.docker : Ensure the path for CA file for private registry exists] ***
2023-03-15 18:59:42,286 p=6069 u=root n=ansible | skipping: [localhost]
2023-03-15 18:59:42,381 p=6069 u=root n=ansible | TASK [openstack.kolla.docker : Ensure the CA file for private registry exists] ***
2023-03-15 18:59:42,449 p=6069 u=root n=ansible | skipping: [localhost]
2023-03-15 18:59:42,539 p=6069 u=root n=ansible | TASK [openstack.kolla.docker : Flush handlers] *********************************
2023-03-15 18:59:42,540 p=6069 u=root n=ansible | RUNNING HANDLER [openstack.kolla.docker : Restart docker] **********************
2023-03-15 18:59:46,832 p=6069 u=root n=ansible | changed: [localhost]
2023-03-15 18:59:46,924 p=6069 u=root n=ansible | TASK [openstack.kolla.docker : Start and enable docker] ************************
2023-03-15 18:59:47,934 p=6069 u=root n=ansible | ok: [localhost]
2023-03-15 18:59:48,022 p=6069 u=root n=ansible | TASK [openstack.kolla.docker : include_tasks] **********************************
2023-03-15 18:59:48,087 p=6069 u=root n=ansible | skipping: [localhost]
2023-03-15 18:59:48,273 p=6069 u=root n=ansible | TASK [openstack.kolla.kolla_user : Ensure groups are present] ******************
2023-03-15 18:59:48,330 p=6069 u=root n=ansible | skipping: [localhost] => (item=docker) 
2023-03-15 18:59:48,333 p=6069 u=root n=ansible | skipping: [localhost] => (item=sudo) 
2023-03-15 18:59:48,342 p=6069 u=root n=ansible | skipping: [localhost] => (item=kolla) 
2023-03-15 18:59:48,439 p=6069 u=root n=ansible | TASK [openstack.kolla.kolla_user : Create kolla user] **************************
2023-03-15 18:59:48,484 p=6069 u=root n=ansible | skipping: [localhost]
2023-03-15 18:59:48,578 p=6069 u=root n=ansible | TASK [openstack.kolla.kolla_user : Add public key to kolla user authorized keys] ***
2023-03-15 18:59:48,623 p=6069 u=root n=ansible | skipping: [localhost]
2023-03-15 18:59:48,735 p=6069 u=root n=ansible | TASK [openstack.kolla.kolla_user : Grant kolla user passwordless sudo] *********
2023-03-15 18:59:48,788 p=6069 u=root n=ansible | skipping: [localhost]
2023-03-15 18:59:48,958 p=6069 u=root n=ansible | TASK [openstack.kolla.docker_sdk : Install latest pip in the virtualenv] *******
2023-03-15 18:59:49,044 p=6069 u=root n=ansible | skipping: [localhost]
2023-03-15 18:59:49,159 p=6069 u=root n=ansible | TASK [openstack.kolla.docker_sdk : Install docker SDK for python] **************
2023-03-15 19:00:18,680 p=6069 u=root n=ansible | ok: [localhost]
2023-03-15 19:00:18,856 p=6069 u=root n=ansible | TASK [openstack.kolla.baremetal : Ensure node_config_directory directory exists] ***
2023-03-15 19:00:19,395 p=6069 u=root n=ansible | ok: [localhost]
2023-03-15 19:00:19,485 p=6069 u=root n=ansible | TASK [openstack.kolla.apparmor_libvirt : include_tasks] ************************
2023-03-15 19:00:19,530 p=6069 u=root n=ansible | skipping: [localhost]
2023-03-15 19:00:19,713 p=6069 u=root n=ansible | TASK [openstack.kolla.baremetal : Change state of selinux] *********************
2023-03-15 19:00:21,378 p=6069 u=root n=ansible | ok: [localhost]
2023-03-15 19:00:21,468 p=6069 u=root n=ansible | TASK [openstack.kolla.baremetal : Set https proxy for git] *********************
2023-03-15 19:00:21,513 p=6069 u=root n=ansible | skipping: [localhost]
2023-03-15 19:00:21,614 p=6069 u=root n=ansible | TASK [openstack.kolla.baremetal : Set http proxy for git] **********************
2023-03-15 19:00:21,660 p=6069 u=root n=ansible | skipping: [localhost]
2023-03-15 19:00:21,752 p=6069 u=root n=ansible | TASK [openstack.kolla.baremetal : include_tasks] *******************************
2023-03-15 19:00:21,797 p=6069 u=root n=ansible | skipping: [localhost]
2023-03-15 19:00:22,082 p=6069 u=root n=ansible | PLAY RECAP *********************************************************************
2023-03-15 19:00:22,083 p=6069 u=root n=ansible | localhost                  : ok=17   changed=6    unreachable=0    failed=0    skipped=18   rescued=0    ignored=0   
