- - - [13/Mar/2023:23:02:20 -0400] "GET / HTTP/1.1" 200 468 6739336 "-" "ironic-inspector keystoneauth1/5.1.0 python-requests/2.28.1 CPython/3.9.14"
- - - [13/Mar/2023:23:02:26 -0400] "GET /v1/ports?fields=address%2Cextra HTTP/1.1" 200 13 6374507 "-" "ironic-inspector keystoneauth1/5.1.0 python-requests/2.28.1 CPython/3.9.14"
- - - [13/Mar/2023:23:02:33 -0400] "GET /v1/ports?fields=address%2Cextra HTTP/1.1" 200 13 6281427 "-" "ironic-inspector keystoneauth1/5.1.0 python-requests/2.28.1 CPython/3.9.14"
- - - [13/Mar/2023:23:02:54 -0400] "GET /v1/ports?fields=address%2Cextra HTTP/1.1" 200 13 1562920 "-" "ironic-inspector keystoneauth1/5.1.0 python-requests/2.28.1 CPython/3.9.14"
- - - [13/Mar/2023:23:02:56 -0400] "GET /v1/ports?fields=address%2Cextra HTTP/1.1" 200 13 671414 "-" "ironic-inspector keystoneauth1/5.1.0 python-requests/2.28.1 CPython/3.9.14"
- - - [13/Mar/2023:23:03:09 -0400] "GET /v1/ports?fields=address%2Cextra HTTP/1.1" 200 13 555144 "-" "ironic-inspector keystoneauth1/5.1.0 python-requests/2.28.1 CPython/3.9.14"
- - - [13/Mar/2023:23:03:10 -0400] "GET /v1/ports?fields=address%2Cextra HTTP/1.1" 200 13 610014 "-" "ironic-inspector keystoneauth1/5.1.0 python-requests/2.28.1 CPython/3.9.14"
- - - [13/Mar/2023:23:03:24 -0400] "GET /v1/ports?fields=address%2Cextra HTTP/1.1" 200 13 631410 "-" "ironic-inspector keystoneauth1/5.1.0 python-requests/2.28.1 CPython/3.9.14"
- - - [13/Mar/2023:23:03:25 -0400] "GET /v1/ports?fields=address%2Cextra HTTP/1.1" 200 13 502827 "-" "ironic-inspector keystoneauth1/5.1.0 python-requests/2.28.1 CPython/3.9.14"
- - - [13/Mar/2023:23:03:39 -0400] "GET /v1/ports?fields=address%2Cextra HTTP/1.1" 200 13 448171 "-" "ironic-inspector keystoneauth1/5.1.0 python-requests/2.28.1 CPython/3.9.14"
- - - [13/Mar/2023:23:03:39 -0400] "GET /v1/nodes?fields=uuid HTTP/1.1" 200 13 697047 "-" "ironic-inspector keystoneauth1/5.1.0 python-requests/2.28.1 CPython/3.9.14"
- - - [13/Mar/2023:23:03:40 -0400] "GET /v1/ports?fields=address%2Cextra HTTP/1.1" 200 13 554234 "-" "ironic-inspector keystoneauth1/5.1.0 python-requests/2.28.1 CPython/3.9.14"
- - - [13/Mar/2023:23:03:54 -0400] "GET /v1/ports?fields=address%2Cextra HTTP/1.1" 200 13 514030 "-" "ironic-inspector keystoneauth1/5.1.0 python-requests/2.28.1 CPython/3.9.14"
- - - [13/Mar/2023:23:03:55 -0400] "GET /v1/ports?fields=address%2Cextra HTTP/1.1" 200 13 386110 "-" "ironic-inspector keystoneauth1/5.1.0 python-requests/2.28.1 CPython/3.9.14"
- - - [13/Mar/2023:23:04:09 -0400] "GET /v1/ports?fields=address%2Cextra HTTP/1.1" 200 13 554774 "-" "ironic-inspector keystoneauth1/5.1.0 python-requests/2.28.1 CPython/3.9.14"
- - - [13/Mar/2023:23:04:10 -0400] "GET /v1/ports?fields=address%2Cextra HTTP/1.1" 200 13 436454 "-" "ironic-inspector keystoneauth1/5.1.0 python-requests/2.28.1 CPython/3.9.14"
- - - [13/Mar/2023:23:04:24 -0400] "GET /v1/ports?fields=address%2Cextra HTTP/1.1" 200 13 444108 "-" "ironic-inspector keystoneauth1/5.1.0 python-requests/2.28.1 CPython/3.9.14"
- - - [13/Mar/2023:23:04:25 -0400] "GET /v1/ports?fields=address%2Cextra HTTP/1.1" 200 13 410855 "-" "ironic-inspector keystoneauth1/5.1.0 python-requests/2.28.1 CPython/3.9.14"
- - - [13/Mar/2023:23:04:39 -0400] "GET /v1/ports?fields=address%2Cextra HTTP/1.1" 200 13 656114 "-" "ironic-inspector keystoneauth1/5.1.0 python-requests/2.28.1 CPython/3.9.14"
- - - [13/Mar/2023:23:04:39 -0400] "GET /v1/nodes?fields=uuid HTTP/1.1" 200 13 718607 "-" "ironic-inspector keystoneauth1/5.1.0 python-requests/2.28.1 CPython/3.9.14"
- - - [13/Mar/2023:23:04:40 -0400] "GET /v1/ports?fields=address%2Cextra HTTP/1.1" 200 13 489713 "-" "ironic-inspector keystoneauth1/5.1.0 python-requests/2.28.1 CPython/3.9.14"
- - - [13/Mar/2023:23:04:54 -0400] "GET /v1/ports?fields=address%2Cextra HTTP/1.1" 200 13 469117 "-" "ironic-inspector keystoneauth1/5.1.0 python-requests/2.28.1 CPython/3.9.14"
- - - [13/Mar/2023:23:04:55 -0400] "GET /v1/ports?fields=address%2Cextra HTTP/1.1" 200 13 535345 "-" "ironic-inspector keystoneauth1/5.1.0 python-requests/2.28.1 CPython/3.9.14"
- - - [13/Mar/2023:23:05:09 -0400] "GET /v1/ports?fields=address%2Cextra HTTP/1.1" 200 13 510239 "-" "ironic-inspector keystoneauth1/5.1.0 python-requests/2.28.1 CPython/3.9.14"
- - - [13/Mar/2023:23:05:10 -0400] "GET /v1/ports?fields=address%2Cextra HTTP/1.1" 200 13 508128 "-" "ironic-inspector keystoneauth1/5.1.0 python-requests/2.28.1 CPython/3.9.14"
- - - [13/Mar/2023:23:05:24 -0400] "GET /v1/ports?fields=address%2Cextra HTTP/1.1" 200 13 881169 "-" "ironic-inspector keystoneauth1/5.1.0 python-requests/2.28.1 CPython/3.9.14"
- - - [13/Mar/2023:23:05:25 -0400] "GET /v1/ports?fields=address%2Cextra HTTP/1.1" 200 13 611350 "-" "ironic-inspector keystoneauth1/5.1.0 python-requests/2.28.1 CPython/3.9.14"
- - - [13/Mar/2023:23:05:39 -0400] "GET /v1/ports?fields=address%2Cextra HTTP/1.1" 200 13 997812 "-" "ironic-inspector keystoneauth1/5.1.0 python-requests/2.28.1 CPython/3.9.14"
- - - [13/Mar/2023:23:05:39 -0400] "GET /v1/nodes?fields=uuid HTTP/1.1" 200 13 1467678 "-" "ironic-inspector keystoneauth1/5.1.0 python-requests/2.28.1 CPython/3.9.14"
- - - [13/Mar/2023:23:05:40 -0400] "GET /v1/ports?fields=address%2Cextra HTTP/1.1" 200 13 966390 "-" "ironic-inspector keystoneauth1/5.1.0 python-requests/2.28.1 CPython/3.9.14"
- - - [13/Mar/2023:23:05:54 -0400] "GET /v1/ports?fields=address%2Cextra HTTP/1.1" 200 13 1131357 "-" "ironic-inspector keystoneauth1/5.1.0 python-requests/2.28.1 CPython/3.9.14"
- - - [13/Mar/2023:23:05:55 -0400] "GET /v1/ports?fields=address%2Cextra HTTP/1.1" 200 13 567716 "-" "ironic-inspector keystoneauth1/5.1.0 python-requests/2.28.1 CPython/3.9.14"
- - - [13/Mar/2023:23:06:09 -0400] "GET /v1/ports?fields=address%2Cextra HTTP/1.1" 200 13 731167 "-" "ironic-inspector keystoneauth1/5.1.0 python-requests/2.28.1 CPython/3.9.14"
- - - [13/Mar/2023:23:06:10 -0400] "GET /v1/ports?fields=address%2Cextra HTTP/1.1" 200 13 644465 "-" "ironic-inspector keystoneauth1/5.1.0 python-requests/2.28.1 CPython/3.9.14"
- - - [13/Mar/2023:23:06:24 -0400] "GET /v1/ports?fields=address%2Cextra HTTP/1.1" 200 13 643345 "-" "ironic-inspector keystoneauth1/5.1.0 python-requests/2.28.1 CPython/3.9.14"
- - - [13/Mar/2023:23:06:25 -0400] "GET /v1/ports?fields=address%2Cextra HTTP/1.1" 200 13 452370 "-" "ironic-inspector keystoneauth1/5.1.0 python-requests/2.28.1 CPython/3.9.14"
- - - [13/Mar/2023:23:06:39 -0400] "GET /v1/ports?fields=address%2Cextra HTTP/1.1" 200 13 540528 "-" "ironic-inspector keystoneauth1/5.1.0 python-requests/2.28.1 CPython/3.9.14"
- - - [13/Mar/2023:23:06:39 -0400] "GET /v1/nodes?fields=uuid HTTP/1.1" 200 13 653161 "-" "ironic-inspector keystoneauth1/5.1.0 python-requests/2.28.1 CPython/3.9.14"
- - - [13/Mar/2023:23:06:40 -0400] "GET /v1/ports?fields=address%2Cextra HTTP/1.1" 200 13 458421 "-" "ironic-inspector keystoneauth1/5.1.0 python-requests/2.28.1 CPython/3.9.14"
- - - [13/Mar/2023:23:06:54 -0400] "GET /v1/ports?fields=address%2Cextra HTTP/1.1" 200 13 413039 "-" "ironic-inspector keystoneauth1/5.1.0 python-requests/2.28.1 CPython/3.9.14"
- - - [13/Mar/2023:23:06:55 -0400] "GET /v1/ports?fields=address%2Cextra HTTP/1.1" 200 13 523086 "-" "ironic-inspector keystoneauth1/5.1.0 python-requests/2.28.1 CPython/3.9.14"
- - - [13/Mar/2023:23:07:09 -0400] "GET /v1/ports?fields=address%2Cextra HTTP/1.1" 200 13 639319 "-" "ironic-inspector keystoneauth1/5.1.0 python-requests/2.28.1 CPython/3.9.14"
- - - [13/Mar/2023:23:07:10 -0400] "GET /v1/ports?fields=address%2Cextra HTTP/1.1" 200 13 429487 "-" "ironic-inspector keystoneauth1/5.1.0 python-requests/2.28.1 CPython/3.9.14"
- - - [13/Mar/2023:23:07:24 -0400] "GET /v1/ports?fields=address%2Cextra HTTP/1.1" 200 13 534586 "-" "ironic-inspector keystoneauth1/5.1.0 python-requests/2.28.1 CPython/3.9.14"
- - - [13/Mar/2023:23:07:25 -0400] "GET /v1/ports?fields=address%2Cextra HTTP/1.1" 200 13 571684 "-" "ironic-inspector keystoneauth1/5.1.0 python-requests/2.28.1 CPython/3.9.14"
- - - [13/Mar/2023:23:07:39 -0400] "GET /v1/ports?fields=address%2Cextra HTTP/1.1" 200 13 464742 "-" "ironic-inspector keystoneauth1/5.1.0 python-requests/2.28.1 CPython/3.9.14"
- - - [13/Mar/2023:23:07:39 -0400] "GET /v1/nodes?fields=uuid HTTP/1.1" 200 13 505847 "-" "ironic-inspector keystoneauth1/5.1.0 python-requests/2.28.1 CPython/3.9.14"
- - - [13/Mar/2023:23:07:40 -0400] "GET /v1/ports?fields=address%2Cextra HTTP/1.1" 200 13 504574 "-" "ironic-inspector keystoneauth1/5.1.0 python-requests/2.28.1 CPython/3.9.14"
- - - [13/Mar/2023:23:07:54 -0400] "GET /v1/ports?fields=address%2Cextra HTTP/1.1" 200 13 572442 "-" "ironic-inspector keystoneauth1/5.1.0 python-requests/2.28.1 CPython/3.9.14"
- - - [13/Mar/2023:23:07:55 -0400] "GET /v1/ports?fields=address%2Cextra HTTP/1.1" 200 13 567481 "-" "ironic-inspector keystoneauth1/5.1.0 python-requests/2.28.1 CPython/3.9.14"
- - - [13/Mar/2023:23:08:09 -0400] "GET /v1/ports?fields=address%2Cextra HTTP/1.1" 200 13 563679 "-" "ironic-inspector keystoneauth1/5.1.0 python-requests/2.28.1 CPython/3.9.14"
- - - [13/Mar/2023:23:08:10 -0400] "GET /v1/ports?fields=address%2Cextra HTTP/1.1" 200 13 505127 "-" "ironic-inspector keystoneauth1/5.1.0 python-requests/2.28.1 CPython/3.9.14"
- - - [13/Mar/2023:23:08:24 -0400] "GET /v1/ports?fields=address%2Cextra HTTP/1.1" 200 13 595060 "-" "ironic-inspector keystoneauth1/5.1.0 python-requests/2.28.1 CPython/3.9.14"
- - - [13/Mar/2023:23:08:25 -0400] "GET /v1/ports?fields=address%2Cextra HTTP/1.1" 200 13 508952 "-" "ironic-inspector keystoneauth1/5.1.0 python-requests/2.28.1 CPython/3.9.14"
- - - [13/Mar/2023:23:08:39 -0400] "GET /v1/ports?fields=address%2Cextra HTTP/1.1" 200 13 508725 "-" "ironic-inspector keystoneauth1/5.1.0 python-requests/2.28.1 CPython/3.9.14"
- - - [13/Mar/2023:23:08:39 -0400] "GET /v1/nodes?fields=uuid HTTP/1.1" 200 13 589898 "-" "ironic-inspector keystoneauth1/5.1.0 python-requests/2.28.1 CPython/3.9.14"
- - - [13/Mar/2023:23:08:40 -0400] "GET /v1/ports?fields=address%2Cextra HTTP/1.1" 200 13 565993 "-" "ironic-inspector keystoneauth1/5.1.0 python-requests/2.28.1 CPython/3.9.14"
- - - [13/Mar/2023:23:08:54 -0400] "GET /v1/ports?fields=address%2Cextra HTTP/1.1" 200 13 594322 "-" "ironic-inspector keystoneauth1/5.1.0 python-requests/2.28.1 CPython/3.9.14"
- - - [13/Mar/2023:23:08:55 -0400] "GET /v1/ports?fields=address%2Cextra HTTP/1.1" 200 13 495024 "-" "ironic-inspector keystoneauth1/5.1.0 python-requests/2.28.1 CPython/3.9.14"
- - - [13/Mar/2023:23:09:09 -0400] "GET /v1/ports?fields=address%2Cextra HTTP/1.1" 200 13 516194 "-" "ironic-inspector keystoneauth1/5.1.0 python-requests/2.28.1 CPython/3.9.14"
- - - [13/Mar/2023:23:09:10 -0400] "GET /v1/ports?fields=address%2Cextra HTTP/1.1" 200 13 458011 "-" "ironic-inspector keystoneauth1/5.1.0 python-requests/2.28.1 CPython/3.9.14"
- - - [13/Mar/2023:23:09:24 -0400] "GET /v1/ports?fields=address%2Cextra HTTP/1.1" 200 13 645905 "-" "ironic-inspector keystoneauth1/5.1.0 python-requests/2.28.1 CPython/3.9.14"
- - - [13/Mar/2023:23:09:25 -0400] "GET /v1/ports?fields=address%2Cextra HTTP/1.1" 200 13 547607 "-" "ironic-inspector keystoneauth1/5.1.0 python-requests/2.28.1 CPython/3.9.14"
- - - [13/Mar/2023:23:09:39 -0400] "GET /v1/ports?fields=address%2Cextra HTTP/1.1" 200 13 512424 "-" "ironic-inspector keystoneauth1/5.1.0 python-requests/2.28.1 CPython/3.9.14"
- - - [13/Mar/2023:23:09:39 -0400] "GET /v1/nodes?fields=uuid HTTP/1.1" 200 13 599940 "-" "ironic-inspector keystoneauth1/5.1.0 python-requests/2.28.1 CPython/3.9.14"
- - - [13/Mar/2023:23:09:40 -0400] "GET /v1/ports?fields=address%2Cextra HTTP/1.1" 200 13 528307 "-" "ironic-inspector keystoneauth1/5.1.0 python-requests/2.28.1 CPython/3.9.14"
- - - [13/Mar/2023:23:09:54 -0400] "GET /v1/ports?fields=address%2Cextra HTTP/1.1" 200 13 706721 "-" "ironic-inspector keystoneauth1/5.1.0 python-requests/2.28.1 CPython/3.9.14"
- - - [13/Mar/2023:23:09:55 -0400] "GET /v1/ports?fields=address%2Cextra HTTP/1.1" 200 13 506258 "-" "ironic-inspector keystoneauth1/5.1.0 python-requests/2.28.1 CPython/3.9.14"
- - - [13/Mar/2023:23:10:09 -0400] "GET /v1/ports?fields=address%2Cextra HTTP/1.1" 200 13 563908 "-" "ironic-inspector keystoneauth1/5.1.0 python-requests/2.28.1 CPython/3.9.14"
- - - [13/Mar/2023:23:10:10 -0400] "GET /v1/ports?fields=address%2Cextra HTTP/1.1" 200 13 473479 "-" "ironic-inspector keystoneauth1/5.1.0 python-requests/2.28.1 CPython/3.9.14"
- - - [13/Mar/2023:23:10:24 -0400] "GET /v1/ports?fields=address%2Cextra HTTP/1.1" 200 13 466792 "-" "ironic-inspector keystoneauth1/5.1.0 python-requests/2.28.1 CPython/3.9.14"
- - - [13/Mar/2023:23:10:25 -0400] "GET /v1/ports?fields=address%2Cextra HTTP/1.1" 200 13 468589 "-" "ironic-inspector keystoneauth1/5.1.0 python-requests/2.28.1 CPython/3.9.14"
- - - [13/Mar/2023:23:10:39 -0400] "GET /v1/nodes?fields=uuid HTTP/1.1" 200 13 539929 "-" "ironic-inspector keystoneauth1/5.1.0 python-requests/2.28.1 CPython/3.9.14"
- - - [13/Mar/2023:23:10:39 -0400] "GET /v1/ports?fields=address%2Cextra HTTP/1.1" 200 13 582722 "-" "ironic-inspector keystoneauth1/5.1.0 python-requests/2.28.1 CPython/3.9.14"
- - - [13/Mar/2023:23:10:40 -0400] "GET /v1/ports?fields=address%2Cextra HTTP/1.1" 200 13 401842 "-" "ironic-inspector keystoneauth1/5.1.0 python-requests/2.28.1 CPython/3.9.14"
- - - [13/Mar/2023:23:10:54 -0400] "GET /v1/ports?fields=address%2Cextra HTTP/1.1" 200 13 507850 "-" "ironic-inspector keystoneauth1/5.1.0 python-requests/2.28.1 CPython/3.9.14"
- - - [13/Mar/2023:23:10:55 -0400] "GET /v1/ports?fields=address%2Cextra HTTP/1.1" 200 13 472510 "-" "ironic-inspector keystoneauth1/5.1.0 python-requests/2.28.1 CPython/3.9.14"
- - - [13/Mar/2023:23:11:09 -0400] "GET /v1/ports?fields=address%2Cextra HTTP/1.1" 200 13 559253 "-" "ironic-inspector keystoneauth1/5.1.0 python-requests/2.28.1 CPython/3.9.14"
- - - [13/Mar/2023:23:11:10 -0400] "GET /v1/ports?fields=address%2Cextra HTTP/1.1" 200 13 603937 "-" "ironic-inspector keystoneauth1/5.1.0 python-requests/2.28.1 CPython/3.9.14"
- - - [13/Mar/2023:23:11:24 -0400] "GET /v1/ports?fields=address%2Cextra HTTP/1.1" 200 13 569731 "-" "ironic-inspector keystoneauth1/5.1.0 python-requests/2.28.1 CPython/3.9.14"
- - - [13/Mar/2023:23:11:25 -0400] "GET /v1/ports?fields=address%2Cextra HTTP/1.1" 200 13 633279 "-" "ironic-inspector keystoneauth1/5.1.0 python-requests/2.28.1 CPython/3.9.14"
- - - [13/Mar/2023:23:11:39 -0400] "GET /v1/nodes?fields=uuid HTTP/1.1" 200 13 481340 "-" "ironic-inspector keystoneauth1/5.1.0 python-requests/2.28.1 CPython/3.9.14"
- - - [13/Mar/2023:23:11:39 -0400] "GET /v1/ports?fields=address%2Cextra HTTP/1.1" 200 13 529872 "-" "ironic-inspector keystoneauth1/5.1.0 python-requests/2.28.1 CPython/3.9.14"
- - - [13/Mar/2023:23:11:40 -0400] "GET /v1/ports?fields=address%2Cextra HTTP/1.1" 200 13 404631 "-" "ironic-inspector keystoneauth1/5.1.0 python-requests/2.28.1 CPython/3.9.14"
- - - [13/Mar/2023:23:11:54 -0400] "GET /v1/ports?fields=address%2Cextra HTTP/1.1" 200 13 503945 "-" "ironic-inspector keystoneauth1/5.1.0 python-requests/2.28.1 CPython/3.9.14"
- - - [13/Mar/2023:23:11:55 -0400] "GET /v1/ports?fields=address%2Cextra HTTP/1.1" 200 13 382613 "-" "ironic-inspector keystoneauth1/5.1.0 python-requests/2.28.1 CPython/3.9.14"
- - - [13/Mar/2023:23:12:09 -0400] "GET /v1/ports?fields=address%2Cextra HTTP/1.1" 200 13 466607 "-" "ironic-inspector keystoneauth1/5.1.0 python-requests/2.28.1 CPython/3.9.14"
- - - [13/Mar/2023:23:12:10 -0400] "GET /v1/ports?fields=address%2Cextra HTTP/1.1" 200 13 512540 "-" "ironic-inspector keystoneauth1/5.1.0 python-requests/2.28.1 CPython/3.9.14"
- - - [13/Mar/2023:23:12:24 -0400] "GET /v1/ports?fields=address%2Cextra HTTP/1.1" 200 13 490094 "-" "ironic-inspector keystoneauth1/5.1.0 python-requests/2.28.1 CPython/3.9.14"
- - - [13/Mar/2023:23:12:25 -0400] "GET /v1/ports?fields=address%2Cextra HTTP/1.1" 200 13 445611 "-" "ironic-inspector keystoneauth1/5.1.0 python-requests/2.28.1 CPython/3.9.14"
- - - [13/Mar/2023:23:12:39 -0400] "GET /v1/nodes?fields=uuid HTTP/1.1" 200 13 559300 "-" "ironic-inspector keystoneauth1/5.1.0 python-requests/2.28.1 CPython/3.9.14"
- - - [13/Mar/2023:23:12:39 -0400] "GET /v1/ports?fields=address%2Cextra HTTP/1.1" 200 13 488974 "-" "ironic-inspector keystoneauth1/5.1.0 python-requests/2.28.1 CPython/3.9.14"
- - - [13/Mar/2023:23:12:40 -0400] "GET /v1/ports?fields=address%2Cextra HTTP/1.1" 200 13 451530 "-" "ironic-inspector keystoneauth1/5.1.0 python-requests/2.28.1 CPython/3.9.14"
- - - [13/Mar/2023:23:12:54 -0400] "GET /v1/ports?fields=address%2Cextra HTTP/1.1" 200 13 531163 "-" "ironic-inspector keystoneauth1/5.1.0 python-requests/2.28.1 CPython/3.9.14"
- - - [13/Mar/2023:23:12:55 -0400] "GET /v1/ports?fields=address%2Cextra HTTP/1.1" 200 13 429219 "-" "ironic-inspector keystoneauth1/5.1.0 python-requests/2.28.1 CPython/3.9.14"
- - - [13/Mar/2023:23:13:09 -0400] "GET /v1/ports?fields=address%2Cextra HTTP/1.1" 200 13 481313 "-" "ironic-inspector keystoneauth1/5.1.0 python-requests/2.28.1 CPython/3.9.14"
- - - [13/Mar/2023:23:13:10 -0400] "GET /v1/ports?fields=address%2Cextra HTTP/1.1" 200 13 459408 "-" "ironic-inspector keystoneauth1/5.1.0 python-requests/2.28.1 CPython/3.9.14"
- - - [13/Mar/2023:23:13:24 -0400] "GET /v1/ports?fields=address%2Cextra HTTP/1.1" 200 13 775421 "-" "ironic-inspector keystoneauth1/5.1.0 python-requests/2.28.1 CPython/3.9.14"
- - - [13/Mar/2023:23:13:25 -0400] "GET /v1/ports?fields=address%2Cextra HTTP/1.1" 200 13 584410 "-" "ironic-inspector keystoneauth1/5.1.0 python-requests/2.28.1 CPython/3.9.14"
- - - [13/Mar/2023:23:13:39 -0400] "GET /v1/nodes?fields=uuid HTTP/1.1" 200 13 465582 "-" "ironic-inspector keystoneauth1/5.1.0 python-requests/2.28.1 CPython/3.9.14"
- - - [13/Mar/2023:23:13:39 -0400] "GET /v1/ports?fields=address%2Cextra HTTP/1.1" 200 13 445881 "-" "ironic-inspector keystoneauth1/5.1.0 python-requests/2.28.1 CPython/3.9.14"
- - - [13/Mar/2023:23:13:40 -0400] "GET /v1/ports?fields=address%2Cextra HTTP/1.1" 200 13 489019 "-" "ironic-inspector keystoneauth1/5.1.0 python-requests/2.28.1 CPython/3.9.14"
- - - [13/Mar/2023:23:13:54 -0400] "GET /v1/ports?fields=address%2Cextra HTTP/1.1" 200 13 556609 "-" "ironic-inspector keystoneauth1/5.1.0 python-requests/2.28.1 CPython/3.9.14"
- - - [13/Mar/2023:23:13:55 -0400] "GET /v1/ports?fields=address%2Cextra HTTP/1.1" 200 13 532282 "-" "ironic-inspector keystoneauth1/5.1.0 python-requests/2.28.1 CPython/3.9.14"
- - - [13/Mar/2023:23:14:09 -0400] "GET /v1/ports?fields=address%2Cextra HTTP/1.1" 200 13 475532 "-" "ironic-inspector keystoneauth1/5.1.0 python-requests/2.28.1 CPython/3.9.14"
- - - [13/Mar/2023:23:14:10 -0400] "GET /v1/ports?fields=address%2Cextra HTTP/1.1" 200 13 450073 "-" "ironic-inspector keystoneauth1/5.1.0 python-requests/2.28.1 CPython/3.9.14"
- - - [13/Mar/2023:23:14:24 -0400] "GET /v1/ports?fields=address%2Cextra HTTP/1.1" 200 13 606575 "-" "ironic-inspector keystoneauth1/5.1.0 python-requests/2.28.1 CPython/3.9.14"
- - - [13/Mar/2023:23:14:25 -0400] "GET /v1/ports?fields=address%2Cextra HTTP/1.1" 200 13 517273 "-" "ironic-inspector keystoneauth1/5.1.0 python-requests/2.28.1 CPython/3.9.14"
- - - [13/Mar/2023:23:14:39 -0400] "GET /v1/nodes?fields=uuid HTTP/1.1" 200 13 496360 "-" "ironic-inspector keystoneauth1/5.1.0 python-requests/2.28.1 CPython/3.9.14"
- - - [13/Mar/2023:23:14:39 -0400] "GET /v1/ports?fields=address%2Cextra HTTP/1.1" 200 13 602951 "-" "ironic-inspector keystoneauth1/5.1.0 python-requests/2.28.1 CPython/3.9.14"
- - - [13/Mar/2023:23:14:40 -0400] "GET /v1/ports?fields=address%2Cextra HTTP/1.1" 200 13 495728 "-" "ironic-inspector keystoneauth1/5.1.0 python-requests/2.28.1 CPython/3.9.14"
- - - [13/Mar/2023:23:14:54 -0400] "GET /v1/ports?fields=address%2Cextra HTTP/1.1" 200 13 739934 "-" "ironic-inspector keystoneauth1/5.1.0 python-requests/2.28.1 CPython/3.9.14"
- - - [13/Mar/2023:23:14:55 -0400] "GET /v1/ports?fields=address%2Cextra HTTP/1.1" 200 13 604753 "-" "ironic-inspector keystoneauth1/5.1.0 python-requests/2.28.1 CPython/3.9.14"
- - - [13/Mar/2023:23:15:09 -0400] "GET /v1/ports?fields=address%2Cextra HTTP/1.1" 200 13 567395 "-" "ironic-inspector keystoneauth1/5.1.0 python-requests/2.28.1 CPython/3.9.14"
- - - [13/Mar/2023:23:15:10 -0400] "GET /v1/ports?fields=address%2Cextra HTTP/1.1" 200 13 591253 "-" "ironic-inspector keystoneauth1/5.1.0 python-requests/2.28.1 CPython/3.9.14"
- - - [13/Mar/2023:23:15:24 -0400] "GET /v1/ports?fields=address%2Cextra HTTP/1.1" 200 13 767012 "-" "ironic-inspector keystoneauth1/5.1.0 python-requests/2.28.1 CPython/3.9.14"
- - - [13/Mar/2023:23:15:25 -0400] "GET /v1/ports?fields=address%2Cextra HTTP/1.1" 200 13 612099 "-" "ironic-inspector keystoneauth1/5.1.0 python-requests/2.28.1 CPython/3.9.14"
- - - [13/Mar/2023:23:15:39 -0400] "GET /v1/nodes?fields=uuid HTTP/1.1" 200 13 564953 "-" "ironic-inspector keystoneauth1/5.1.0 python-requests/2.28.1 CPython/3.9.14"
- - - [13/Mar/2023:23:15:39 -0400] "GET /v1/ports?fields=address%2Cextra HTTP/1.1" 200 13 554313 "-" "ironic-inspector keystoneauth1/5.1.0 python-requests/2.28.1 CPython/3.9.14"
- - - [13/Mar/2023:23:15:40 -0400] "GET /v1/ports?fields=address%2Cextra HTTP/1.1" 200 13 553683 "-" "ironic-inspector keystoneauth1/5.1.0 python-requests/2.28.1 CPython/3.9.14"
- - - [13/Mar/2023:23:15:54 -0400] "GET /v1/ports?fields=address%2Cextra HTTP/1.1" 200 13 488175 "-" "ironic-inspector keystoneauth1/5.1.0 python-requests/2.28.1 CPython/3.9.14"
- - - [13/Mar/2023:23:15:55 -0400] "GET /v1/ports?fields=address%2Cextra HTTP/1.1" 200 13 474187 "-" "ironic-inspector keystoneauth1/5.1.0 python-requests/2.28.1 CPython/3.9.14"
- - - [13/Mar/2023:23:16:09 -0400] "GET /v1/ports?fields=address%2Cextra HTTP/1.1" 200 13 571028 "-" "ironic-inspector keystoneauth1/5.1.0 python-requests/2.28.1 CPython/3.9.14"
- - - [13/Mar/2023:23:16:10 -0400] "GET /v1/ports?fields=address%2Cextra HTTP/1.1" 200 13 592620 "-" "ironic-inspector keystoneauth1/5.1.0 python-requests/2.28.1 CPython/3.9.14"
- - - [13/Mar/2023:23:16:24 -0400] "GET /v1/ports?fields=address%2Cextra HTTP/1.1" 200 13 425310 "-" "ironic-inspector keystoneauth1/5.1.0 python-requests/2.28.1 CPython/3.9.14"
- - - [13/Mar/2023:23:16:25 -0400] "GET /v1/ports?fields=address%2Cextra HTTP/1.1" 200 13 581544 "-" "ironic-inspector keystoneauth1/5.1.0 python-requests/2.28.1 CPython/3.9.14"
- - - [13/Mar/2023:23:16:39 -0400] "GET /v1/nodes?fields=uuid HTTP/1.1" 200 13 562575 "-" "ironic-inspector keystoneauth1/5.1.0 python-requests/2.28.1 CPython/3.9.14"
- - - [13/Mar/2023:23:16:39 -0400] "GET /v1/ports?fields=address%2Cextra HTTP/1.1" 200 13 654846 "-" "ironic-inspector keystoneauth1/5.1.0 python-requests/2.28.1 CPython/3.9.14"
- - - [13/Mar/2023:23:16:40 -0400] "GET /v1/ports?fields=address%2Cextra HTTP/1.1" 200 13 540086 "-" "ironic-inspector keystoneauth1/5.1.0 python-requests/2.28.1 CPython/3.9.14"
- - - [13/Mar/2023:23:16:54 -0400] "GET /v1/ports?fields=address%2Cextra HTTP/1.1" 200 13 516372 "-" "ironic-inspector keystoneauth1/5.1.0 python-requests/2.28.1 CPython/3.9.14"
- - - [13/Mar/2023:23:16:55 -0400] "GET /v1/ports?fields=address%2Cextra HTTP/1.1" 200 13 471444 "-" "ironic-inspector keystoneauth1/5.1.0 python-requests/2.28.1 CPython/3.9.14"
- - - [13/Mar/2023:23:17:09 -0400] "GET /v1/ports?fields=address%2Cextra HTTP/1.1" 200 13 13345443 "-" "ironic-inspector keystoneauth1/5.1.0 python-requests/2.28.1 CPython/3.9.14"
- - - [13/Mar/2023:23:17:39 -0400] "GET /v1/nodes?fields=uuid HTTP/1.1" 200 13 8835636 "-" "ironic-inspector keystoneauth1/5.1.0 python-requests/2.28.1 CPython/3.9.14"
- - - [13/Mar/2023:23:17:41 -0400] "GET /v1/ports?fields=address%2Cextra HTTP/1.1" 200 13 8273171 "-" "ironic-inspector keystoneauth1/5.1.0 python-requests/2.28.1 CPython/3.9.14"
- - - [13/Mar/2023:23:17:50 -0400] "GET /v1/ports?fields=address%2Cextra HTTP/1.1" 200 13 7059459 "-" "ironic-inspector keystoneauth1/5.1.0 python-requests/2.28.1 CPython/3.9.14"
- - - [13/Mar/2023:23:17:57 -0400] "GET /v1/ports?fields=address%2Cextra HTTP/1.1" 200 13 509495 "-" "ironic-inspector keystoneauth1/5.1.0 python-requests/2.28.1 CPython/3.9.14"
- - - [13/Mar/2023:23:17:57 -0400] "GET /v1/ports?fields=address%2Cextra HTTP/1.1" 200 13 694217 "-" "ironic-inspector keystoneauth1/5.1.0 python-requests/2.28.1 CPython/3.9.14"
- - - [13/Mar/2023:23:18:04 -0400] "POST /v1/nodes HTTP/1.1" 201 2663 735157 "-" "python-ironicclient"
- - - [13/Mar/2023:23:18:08 -0400] "GET /v1/nodes HTTP/1.1" 200 380 437706 "-" "python-ironicclient"
- - - [13/Mar/2023:23:18:11 -0400] "PATCH /v1/nodes/cfab9a63-c253-44b9-81e2-fda25d09cf97 HTTP/1.1" 200 3173 1090015 "-" "python-ironicclient"
- - - [13/Mar/2023:23:18:12 -0400] "GET /v1/ports?fields=address%2Cextra HTTP/1.1" 200 13 753506 "-" "ironic-inspector keystoneauth1/5.1.0 python-requests/2.28.1 CPython/3.9.14"
- - - [13/Mar/2023:23:18:13 -0400] "GET /v1/ports?fields=address%2Cextra HTTP/1.1" 200 13 610520 "-" "ironic-inspector keystoneauth1/5.1.0 python-requests/2.28.1 CPython/3.9.14"
- - - [13/Mar/2023:23:18:16 -0400] "POST /v1/ports HTTP/1.1" 201 562 958233 "-" "python-ironicclient"
- - - [13/Mar/2023:23:18:20 -0400] "PUT /v1/nodes/cfab9a63-c253-44b9-81e2-fda25d09cf97/states/provision HTTP/1.1" 202 - 877700 "-" "python-ironicclient"
- - - [13/Mar/2023:23:18:27 -0400] "GET /v1/ports?fields=address%2Cextra HTTP/1.1" 200 268 617267 "-" "ironic-inspector keystoneauth1/5.1.0 python-requests/2.28.1 CPython/3.9.14"
- - - [13/Mar/2023:23:18:28 -0400] "GET /v1/ports?fields=address%2Cextra HTTP/1.1" 200 268 662586 "-" "ironic-inspector keystoneauth1/5.1.0 python-requests/2.28.1 CPython/3.9.14"
- - - [13/Mar/2023:23:18:35 -0400] "PUT /v1/nodes/cfab9a63-c253-44b9-81e2-fda25d09cf97/states/provision HTTP/1.1" 202 - 700311 "-" "python-ironicclient"
- - - [13/Mar/2023:23:18:39 -0400] "GET /v1/nodes?fields=uuid HTTP/1.1" 200 271 926771 "-" "ironic-inspector keystoneauth1/5.1.0 python-requests/2.28.1 CPython/3.9.14"
- - - [13/Mar/2023:23:18:39 -0400] "PUT /v1/nodes/cfab9a63-c253-44b9-81e2-fda25d09cf97/states/power HTTP/1.1" 202 - 1400207 "-" "python-ironicclient"
- - - [13/Mar/2023:23:18:42 -0400] "GET /v1/ports?fields=address%2Cextra HTTP/1.1" 200 268 768757 "-" "ironic-inspector keystoneauth1/5.1.0 python-requests/2.28.1 CPython/3.9.14"
- - - [13/Mar/2023:23:18:43 -0400] "GET /v1/ports?fields=address%2Cextra HTTP/1.1" 200 268 587342 "-" "ironic-inspector keystoneauth1/5.1.0 python-requests/2.28.1 CPython/3.9.14"
- - - [13/Mar/2023:23:18:57 -0400] "GET /v1/ports?fields=address%2Cextra HTTP/1.1" 200 268 916649 "-" "ironic-inspector keystoneauth1/5.1.0 python-requests/2.28.1 CPython/3.9.14"
- - - [13/Mar/2023:23:18:58 -0400] "GET /v1/ports?fields=address%2Cextra HTTP/1.1" 200 268 650165 "-" "ironic-inspector keystoneauth1/5.1.0 python-requests/2.28.1 CPython/3.9.14"
- - - [13/Mar/2023:23:19:07 -0400] "GET /v1/nodes HTTP/1.1" 200 369 603514 "-" "python-urllib3/1.26.5"
- - - [13/Mar/2023:23:19:08 -0400] "GET /v1/nodes?provision_state=available&associated=False&maintenance=False&fields=uuid%2Cdriver%2Cinstance_uuid%2Cprovision_state%2Cname%2Cmaintenance HTTP/1.1" 200 380 667146 "-" "python-urllib3/1.26.5"
- - - [13/Mar/2023:23:19:08 -0400] "PATCH /v1/nodes/cfab9a63-c253-44b9-81e2-fda25d09cf97 HTTP/1.1" 200 2598 977835 "-" "python-urllib3/1.26.5"
- - - [13/Mar/2023:23:19:09 -0400] "PATCH /v1/nodes/cfab9a63-c253-44b9-81e2-fda25d09cf97 HTTP/1.1" 200 2598 866992 "-" "python-urllib3/1.26.5"
- - - [13/Mar/2023:23:19:12 -0400] "GET /v1/ports?fields=address%2Cextra HTTP/1.1" 200 268 535357 "-" "ironic-inspector keystoneauth1/5.1.0 python-requests/2.28.1 CPython/3.9.14"
- - - [13/Mar/2023:23:19:12 -0400] "GET /v1/ports?fields=address%2Cextra HTTP/1.1" 200 268 729947 "-" "ironic-inspector keystoneauth1/5.1.0 python-requests/2.28.1 CPython/3.9.14"
- - - [13/Mar/2023:23:19:15 -0400] "POST /v1/nodes/cfab9a63-c253-44b9-81e2-fda25d09cf97/vifs HTTP/1.1" 204 - 608140 "-" "python-urllib3/1.26.5"
- - - [13/Mar/2023:23:19:16 -0400] "PATCH /v1/nodes/cfab9a63-c253-44b9-81e2-fda25d09cf97 HTTP/1.1" 200 2598 706585 "-" "python-urllib3/1.26.5"
- - - [13/Mar/2023:23:19:17 -0400] "PUT /v1/nodes/cfab9a63-c253-44b9-81e2-fda25d09cf97/states/provision HTTP/1.1" 202 - 1511524 "-" "python-urllib3/1.26.5"
- - - [13/Mar/2023:23:19:18 -0400] "GET /v1/nodes/cfab9a63-c253-44b9-81e2-fda25d09cf97 HTTP/1.1" 200 2659 448822 "-" "python-urllib3/1.26.5"
- - - [13/Mar/2023:23:19:20 -0400] "GET /v1/nodes/cfab9a63-c253-44b9-81e2-fda25d09cf97 HTTP/1.1" 200 2704 510632 "-" "python-urllib3/1.26.5"
- - - [13/Mar/2023:23:19:21 -0400] "GET /v1/nodes/cfab9a63-c253-44b9-81e2-fda25d09cf97 HTTP/1.1" 200 2704 800511 "-" "python-urllib3/1.26.5"
- - - [13/Mar/2023:23:19:23 -0400] "GET /v1/nodes/cfab9a63-c253-44b9-81e2-fda25d09cf97 HTTP/1.1" 200 2777 497149 "-" "python-urllib3/1.26.5"
- - - [13/Mar/2023:23:19:25 -0400] "GET /v1/nodes/cfab9a63-c253-44b9-81e2-fda25d09cf97 HTTP/1.1" 200 2777 1221853 "-" "python-urllib3/1.26.5"
- - - [13/Mar/2023:23:19:27 -0400] "GET /v1/ports?fields=address%2Cextra HTTP/1.1" 200 268 959086 "-" "ironic-inspector keystoneauth1/5.1.0 python-requests/2.28.1 CPython/3.9.14"
- - - [13/Mar/2023:23:19:27 -0400] "GET /v1/nodes/cfab9a63-c253-44b9-81e2-fda25d09cf97 HTTP/1.1" 200 2777 1198780 "-" "python-urllib3/1.26.5"
- - - [13/Mar/2023:23:19:28 -0400] "GET /v1/ports?fields=address%2Cextra HTTP/1.1" 200 268 645787 "-" "ironic-inspector keystoneauth1/5.1.0 python-requests/2.28.1 CPython/3.9.14"
- - - [13/Mar/2023:23:19:29 -0400] "GET /v1/nodes/cfab9a63-c253-44b9-81e2-fda25d09cf97 HTTP/1.1" 200 2777 638870 "-" "python-urllib3/1.26.5"
- - - [13/Mar/2023:23:19:31 -0400] "GET /v1/nodes/cfab9a63-c253-44b9-81e2-fda25d09cf97 HTTP/1.1" 200 2777 669214 "-" "python-urllib3/1.26.5"
- - - [13/Mar/2023:23:19:32 -0400] "GET /v1/nodes/cfab9a63-c253-44b9-81e2-fda25d09cf97 HTTP/1.1" 200 2777 579982 "-" "python-urllib3/1.26.5"
- - - [13/Mar/2023:23:19:34 -0400] "GET /v1/nodes/cfab9a63-c253-44b9-81e2-fda25d09cf97 HTTP/1.1" 200 2777 473126 "-" "python-urllib3/1.26.5"
- - - [13/Mar/2023:23:19:35 -0400] "GET /v1/nodes/cfab9a63-c253-44b9-81e2-fda25d09cf97 HTTP/1.1" 200 2777 538492 "-" "python-urllib3/1.26.5"
- - - [13/Mar/2023:23:19:37 -0400] "GET /v1/nodes/cfab9a63-c253-44b9-81e2-fda25d09cf97 HTTP/1.1" 200 2777 579534 "-" "python-urllib3/1.26.5"
- - - [13/Mar/2023:23:19:39 -0400] "GET /v1/nodes/cfab9a63-c253-44b9-81e2-fda25d09cf97 HTTP/1.1" 200 2777 597237 "-" "python-urllib3/1.26.5"
- - - [13/Mar/2023:23:19:39 -0400] "GET /v1/nodes?fields=uuid HTTP/1.1" 200 271 480427 "-" "ironic-inspector keystoneauth1/5.1.0 python-requests/2.28.1 CPython/3.9.14"
- - - [13/Mar/2023:23:19:40 -0400] "GET /v1/nodes/cfab9a63-c253-44b9-81e2-fda25d09cf97 HTTP/1.1" 200 2777 443796 "-" "python-urllib3/1.26.5"
- - - [13/Mar/2023:23:19:42 -0400] "GET /v1/nodes/cfab9a63-c253-44b9-81e2-fda25d09cf97 HTTP/1.1" 200 2777 616848 "-" "python-urllib3/1.26.5"
- - - [13/Mar/2023:23:19:42 -0400] "GET /v1/ports?fields=address%2Cextra HTTP/1.1" 200 268 604860 "-" "ironic-inspector keystoneauth1/5.1.0 python-requests/2.28.1 CPython/3.9.14"
- - - [13/Mar/2023:23:19:42 -0400] "GET /v1/ports?fields=address%2Cextra HTTP/1.1" 200 268 457756 "-" "ironic-inspector keystoneauth1/5.1.0 python-requests/2.28.1 CPython/3.9.14"
- - - [13/Mar/2023:23:19:43 -0400] "GET /v1/nodes/cfab9a63-c253-44b9-81e2-fda25d09cf97 HTTP/1.1" 200 2777 473760 "-" "python-urllib3/1.26.5"
- - - [13/Mar/2023:23:19:45 -0400] "GET /v1/nodes/cfab9a63-c253-44b9-81e2-fda25d09cf97 HTTP/1.1" 200 2777 491169 "-" "python-urllib3/1.26.5"
- - - [13/Mar/2023:23:19:46 -0400] "GET /v1/nodes/cfab9a63-c253-44b9-81e2-fda25d09cf97 HTTP/1.1" 200 2777 520807 "-" "python-urllib3/1.26.5"
- - - [13/Mar/2023:23:19:48 -0400] "GET /v1/nodes/cfab9a63-c253-44b9-81e2-fda25d09cf97 HTTP/1.1" 200 2777 464504 "-" "python-urllib3/1.26.5"
- - - [13/Mar/2023:23:19:49 -0400] "GET /v1/nodes/cfab9a63-c253-44b9-81e2-fda25d09cf97 HTTP/1.1" 200 3320 486018 "-" "python-urllib3/1.26.5"
- - - [13/Mar/2023:23:19:51 -0400] "GET /v1/nodes/cfab9a63-c253-44b9-81e2-fda25d09cf97 HTTP/1.1" 200 3320 414072 "-" "python-urllib3/1.26.5"
- - - [13/Mar/2023:23:19:52 -0400] "GET /v1/nodes/cfab9a63-c253-44b9-81e2-fda25d09cf97 HTTP/1.1" 200 3320 486401 "-" "python-urllib3/1.26.5"
- - - [13/Mar/2023:23:19:54 -0400] "GET /v1/nodes/cfab9a63-c253-44b9-81e2-fda25d09cf97 HTTP/1.1" 200 3320 583560 "-" "python-urllib3/1.26.5"
- - - [13/Mar/2023:23:19:55 -0400] "GET /v1/nodes/cfab9a63-c253-44b9-81e2-fda25d09cf97 HTTP/1.1" 200 3320 456280 "-" "python-urllib3/1.26.5"
- - - [13/Mar/2023:23:19:57 -0400] "GET /v1/nodes/cfab9a63-c253-44b9-81e2-fda25d09cf97 HTTP/1.1" 200 3303 458014 "-" "python-urllib3/1.26.5"
- - - [13/Mar/2023:23:19:57 -0400] "GET /v1/ports?fields=address%2Cextra HTTP/1.1" 200 268 518671 "-" "ironic-inspector keystoneauth1/5.1.0 python-requests/2.28.1 CPython/3.9.14"
- - - [13/Mar/2023:23:19:57 -0400] "GET /v1/nodes/cfab9a63-c253-44b9-81e2-fda25d09cf97 HTTP/1.1" 200 3303 586345 "-" "python-urllib3/1.26.5"
- - - [13/Mar/2023:23:19:57 -0400] "GET /v1/ports?fields=address%2Cextra HTTP/1.1" 200 268 446584 "-" "ironic-inspector keystoneauth1/5.1.0 python-requests/2.28.1 CPython/3.9.14"
- - - [13/Mar/2023:23:20:12 -0400] "GET /v1/ports?fields=address%2Cextra HTTP/1.1" 200 268 575314 "-" "ironic-inspector keystoneauth1/5.1.0 python-requests/2.28.1 CPython/3.9.14"
- - - [13/Mar/2023:23:20:12 -0400] "GET /v1/ports?fields=address%2Cextra HTTP/1.1" 200 268 668182 "-" "ironic-inspector keystoneauth1/5.1.0 python-requests/2.28.1 CPython/3.9.14"
- - - [13/Mar/2023:23:20:27 -0400] "GET /v1/ports?fields=address%2Cextra HTTP/1.1" 200 268 458898 "-" "ironic-inspector keystoneauth1/5.1.0 python-requests/2.28.1 CPython/3.9.14"
- - - [13/Mar/2023:23:20:27 -0400] "GET /v1/ports?fields=address%2Cextra HTTP/1.1" 200 268 519508 "-" "ironic-inspector keystoneauth1/5.1.0 python-requests/2.28.1 CPython/3.9.14"
- - - [13/Mar/2023:23:20:28 -0400] "GET /v1/nodes/cfab9a63-c253-44b9-81e2-fda25d09cf97 HTTP/1.1" 200 3303 477442 "-" "python-urllib3/1.26.5"
- - - [13/Mar/2023:23:20:39 -0400] "GET /v1/nodes?fields=uuid HTTP/1.1" 200 271 531527 "-" "ironic-inspector keystoneauth1/5.1.0 python-requests/2.28.1 CPython/3.9.14"
- - - [13/Mar/2023:23:20:42 -0400] "GET /v1/ports?fields=address%2Cextra HTTP/1.1" 200 268 524401 "-" "ironic-inspector keystoneauth1/5.1.0 python-requests/2.28.1 CPython/3.9.14"
- - - [13/Mar/2023:23:20:42 -0400] "GET /v1/ports?fields=address%2Cextra HTTP/1.1" 200 268 614413 "-" "ironic-inspector keystoneauth1/5.1.0 python-requests/2.28.1 CPython/3.9.14"
- - - [13/Mar/2023:23:20:57 -0400] "GET /v1/ports?fields=address%2Cextra HTTP/1.1" 200 268 469054 "-" "ironic-inspector keystoneauth1/5.1.0 python-requests/2.28.1 CPython/3.9.14"
- - - [13/Mar/2023:23:20:57 -0400] "GET /v1/ports?fields=address%2Cextra HTTP/1.1" 200 268 530485 "-" "ironic-inspector keystoneauth1/5.1.0 python-requests/2.28.1 CPython/3.9.14"
- - - [13/Mar/2023:23:20:58 -0400] "GET /v1/nodes/cfab9a63-c253-44b9-81e2-fda25d09cf97 HTTP/1.1" 200 3303 489433 "-" "python-urllib3/1.26.5"
- - - [13/Mar/2023:23:21:12 -0400] "GET /v1/ports?fields=address%2Cextra HTTP/1.1" 200 268 695672 "-" "ironic-inspector keystoneauth1/5.1.0 python-requests/2.28.1 CPython/3.9.14"
- - - [13/Mar/2023:23:21:13 -0400] "GET /v1/ports?fields=address%2Cextra HTTP/1.1" 200 268 517738 "-" "ironic-inspector keystoneauth1/5.1.0 python-requests/2.28.1 CPython/3.9.14"
- - - [13/Mar/2023:23:21:27 -0400] "GET /v1/ports?fields=address%2Cextra HTTP/1.1" 200 268 814493 "-" "ironic-inspector keystoneauth1/5.1.0 python-requests/2.28.1 CPython/3.9.14"
- - - [13/Mar/2023:23:21:28 -0400] "GET /v1/ports?fields=address%2Cextra HTTP/1.1" 200 268 627236 "-" "ironic-inspector keystoneauth1/5.1.0 python-requests/2.28.1 CPython/3.9.14"
- - - [13/Mar/2023:23:21:29 -0400] "GET /v1/nodes/cfab9a63-c253-44b9-81e2-fda25d09cf97 HTTP/1.1" 200 3303 534674 "-" "python-urllib3/1.26.5"
- - - [13/Mar/2023:23:21:39 -0400] "GET /v1/nodes?fields=uuid HTTP/1.1" 200 271 675765 "-" "ironic-inspector keystoneauth1/5.1.0 python-requests/2.28.1 CPython/3.9.14"
- - - [13/Mar/2023:23:21:42 -0400] "GET /v1/ports?fields=address%2Cextra HTTP/1.1" 200 268 491500 "-" "ironic-inspector keystoneauth1/5.1.0 python-requests/2.28.1 CPython/3.9.14"
- - - [13/Mar/2023:23:21:42 -0400] "GET /v1/ports?fields=address%2Cextra HTTP/1.1" 200 268 488178 "-" "ironic-inspector keystoneauth1/5.1.0 python-requests/2.28.1 CPython/3.9.14"
- - - [13/Mar/2023:23:21:57 -0400] "GET /v1/ports?fields=address%2Cextra HTTP/1.1" 200 268 503086 "-" "ironic-inspector keystoneauth1/5.1.0 python-requests/2.28.1 CPython/3.9.14"
- - - [13/Mar/2023:23:21:57 -0400] "GET /v1/ports?fields=address%2Cextra HTTP/1.1" 200 268 492004 "-" "ironic-inspector keystoneauth1/5.1.0 python-requests/2.28.1 CPython/3.9.14"
- - - [13/Mar/2023:23:21:59 -0400] "GET /v1/nodes/cfab9a63-c253-44b9-81e2-fda25d09cf97 HTTP/1.1" 200 3303 609560 "-" "python-urllib3/1.26.5"
- - - [13/Mar/2023:23:22:12 -0400] "GET /v1/ports?fields=address%2Cextra HTTP/1.1" 200 268 689710 "-" "ironic-inspector keystoneauth1/5.1.0 python-requests/2.28.1 CPython/3.9.14"
- - - [13/Mar/2023:23:22:13 -0400] "GET /v1/ports?fields=address%2Cextra HTTP/1.1" 200 268 526079 "-" "ironic-inspector keystoneauth1/5.1.0 python-requests/2.28.1 CPython/3.9.14"
- - - [13/Mar/2023:23:22:27 -0400] "GET /v1/ports?fields=address%2Cextra HTTP/1.1" 200 268 565721 "-" "ironic-inspector keystoneauth1/5.1.0 python-requests/2.28.1 CPython/3.9.14"
- - - [13/Mar/2023:23:22:27 -0400] "GET /v1/ports?fields=address%2Cextra HTTP/1.1" 200 268 507137 "-" "ironic-inspector keystoneauth1/5.1.0 python-requests/2.28.1 CPython/3.9.14"
- - - [13/Mar/2023:23:22:30 -0400] "GET /v1/nodes/cfab9a63-c253-44b9-81e2-fda25d09cf97 HTTP/1.1" 200 3303 573518 "-" "python-urllib3/1.26.5"
- - - [13/Mar/2023:23:22:39 -0400] "GET /v1/nodes?fields=uuid HTTP/1.1" 200 271 473540 "-" "ironic-inspector keystoneauth1/5.1.0 python-requests/2.28.1 CPython/3.9.14"
- - - [13/Mar/2023:23:22:42 -0400] "GET /v1/ports?fields=address%2Cextra HTTP/1.1" 200 268 411580 "-" "ironic-inspector keystoneauth1/5.1.0 python-requests/2.28.1 CPython/3.9.14"
- - - [13/Mar/2023:23:22:42 -0400] "GET /v1/ports?fields=address%2Cextra HTTP/1.1" 200 268 513219 "-" "ironic-inspector keystoneauth1/5.1.0 python-requests/2.28.1 CPython/3.9.14"
- - - [13/Mar/2023:23:22:57 -0400] "GET /v1/ports?fields=address%2Cextra HTTP/1.1" 200 268 570905 "-" "ironic-inspector keystoneauth1/5.1.0 python-requests/2.28.1 CPython/3.9.14"
- - - [13/Mar/2023:23:22:57 -0400] "GET /v1/ports?fields=address%2Cextra HTTP/1.1" 200 268 669992 "-" "ironic-inspector keystoneauth1/5.1.0 python-requests/2.28.1 CPython/3.9.14"
- - - [13/Mar/2023:23:23:01 -0400] "GET /v1/nodes/cfab9a63-c253-44b9-81e2-fda25d09cf97 HTTP/1.1" 200 3303 627436 "-" "python-urllib3/1.26.5"
- - - [13/Mar/2023:23:23:12 -0400] "GET /v1/ports?fields=address%2Cextra HTTP/1.1" 200 268 501549 "-" "ironic-inspector keystoneauth1/5.1.0 python-requests/2.28.1 CPython/3.9.14"
- - - [13/Mar/2023:23:23:12 -0400] "GET /v1/ports?fields=address%2Cextra HTTP/1.1" 200 268 519773 "-" "ironic-inspector keystoneauth1/5.1.0 python-requests/2.28.1 CPython/3.9.14"
- - - [13/Mar/2023:23:23:27 -0400] "GET /v1/ports?fields=address%2Cextra HTTP/1.1" 200 268 659326 "-" "ironic-inspector keystoneauth1/5.1.0 python-requests/2.28.1 CPython/3.9.14"
- - - [13/Mar/2023:23:23:28 -0400] "GET /v1/ports?fields=address%2Cextra HTTP/1.1" 200 268 918177 "-" "ironic-inspector keystoneauth1/5.1.0 python-requests/2.28.1 CPython/3.9.14"
- - - [13/Mar/2023:23:23:31 -0400] "GET /v1/nodes/cfab9a63-c253-44b9-81e2-fda25d09cf97 HTTP/1.1" 200 3303 572542 "-" "python-urllib3/1.26.5"
- - - [13/Mar/2023:23:23:39 -0400] "GET /v1/nodes?fields=uuid HTTP/1.1" 200 271 584310 "-" "ironic-inspector keystoneauth1/5.1.0 python-requests/2.28.1 CPython/3.9.14"
- - - [13/Mar/2023:23:23:42 -0400] "GET /v1/ports?fields=address%2Cextra HTTP/1.1" 200 268 509402 "-" "ironic-inspector keystoneauth1/5.1.0 python-requests/2.28.1 CPython/3.9.14"
- - - [13/Mar/2023:23:23:42 -0400] "GET /v1/ports?fields=address%2Cextra HTTP/1.1" 200 268 534264 "-" "ironic-inspector keystoneauth1/5.1.0 python-requests/2.28.1 CPython/3.9.14"
- - - [13/Mar/2023:23:23:57 -0400] "GET /v1/ports?fields=address%2Cextra HTTP/1.1" 200 268 470739 "-" "ironic-inspector keystoneauth1/5.1.0 python-requests/2.28.1 CPython/3.9.14"
- - - [13/Mar/2023:23:23:57 -0400] "GET /v1/ports?fields=address%2Cextra HTTP/1.1" 200 268 437548 "-" "ironic-inspector keystoneauth1/5.1.0 python-requests/2.28.1 CPython/3.9.14"
- - - [13/Mar/2023:23:24:02 -0400] "GET /v1/nodes/cfab9a63-c253-44b9-81e2-fda25d09cf97 HTTP/1.1" 200 3303 612521 "-" "python-urllib3/1.26.5"
- - - [13/Mar/2023:23:24:12 -0400] "GET /v1/ports?fields=address%2Cextra HTTP/1.1" 200 268 571173 "-" "ironic-inspector keystoneauth1/5.1.0 python-requests/2.28.1 CPython/3.9.14"
- - - [13/Mar/2023:23:24:12 -0400] "GET /v1/ports?fields=address%2Cextra HTTP/1.1" 200 268 689502 "-" "ironic-inspector keystoneauth1/5.1.0 python-requests/2.28.1 CPython/3.9.14"
- - - [13/Mar/2023:23:24:27 -0400] "GET /v1/ports?fields=address%2Cextra HTTP/1.1" 200 268 634033 "-" "ironic-inspector keystoneauth1/5.1.0 python-requests/2.28.1 CPython/3.9.14"
- - - [13/Mar/2023:23:24:28 -0400] "GET /v1/ports?fields=address%2Cextra HTTP/1.1" 200 268 548103 "-" "ironic-inspector keystoneauth1/5.1.0 python-requests/2.28.1 CPython/3.9.14"
- - - [13/Mar/2023:23:24:33 -0400] "GET /v1/nodes/cfab9a63-c253-44b9-81e2-fda25d09cf97 HTTP/1.1" 200 3303 519589 "-" "python-urllib3/1.26.5"
- - - [13/Mar/2023:23:24:39 -0400] "GET /v1/nodes?fields=uuid HTTP/1.1" 200 271 565353 "-" "ironic-inspector keystoneauth1/5.1.0 python-requests/2.28.1 CPython/3.9.14"
- - - [13/Mar/2023:23:24:42 -0400] "GET /v1/ports?fields=address%2Cextra HTTP/1.1" 200 268 487723 "-" "ironic-inspector keystoneauth1/5.1.0 python-requests/2.28.1 CPython/3.9.14"
- - - [13/Mar/2023:23:24:42 -0400] "GET /v1/ports?fields=address%2Cextra HTTP/1.1" 200 268 422723 "-" "ironic-inspector keystoneauth1/5.1.0 python-requests/2.28.1 CPython/3.9.14"
- - - [13/Mar/2023:23:24:57 -0400] "GET /v1/ports?fields=address%2Cextra HTTP/1.1" 200 268 695279 "-" "ironic-inspector keystoneauth1/5.1.0 python-requests/2.28.1 CPython/3.9.14"
- - - [13/Mar/2023:23:24:58 -0400] "GET /v1/ports?fields=address%2Cextra HTTP/1.1" 200 268 549936 "-" "ironic-inspector keystoneauth1/5.1.0 python-requests/2.28.1 CPython/3.9.14"
- - - [13/Mar/2023:23:25:03 -0400] "GET /v1/nodes/cfab9a63-c253-44b9-81e2-fda25d09cf97 HTTP/1.1" 200 3303 486149 "-" "python-urllib3/1.26.5"
- - - [13/Mar/2023:23:25:12 -0400] "GET /v1/ports?fields=address%2Cextra HTTP/1.1" 200 268 492557 "-" "ironic-inspector keystoneauth1/5.1.0 python-requests/2.28.1 CPython/3.9.14"
- - - [13/Mar/2023:23:25:12 -0400] "GET /v1/ports?fields=address%2Cextra HTTP/1.1" 200 268 665494 "-" "ironic-inspector keystoneauth1/5.1.0 python-requests/2.28.1 CPython/3.9.14"
- - - [13/Mar/2023:23:25:27 -0400] "GET /v1/ports?fields=address%2Cextra HTTP/1.1" 200 268 615187 "-" "ironic-inspector keystoneauth1/5.1.0 python-requests/2.28.1 CPython/3.9.14"
- - - [13/Mar/2023:23:25:28 -0400] "GET /v1/ports?fields=address%2Cextra HTTP/1.1" 200 268 466628 "-" "ironic-inspector keystoneauth1/5.1.0 python-requests/2.28.1 CPython/3.9.14"
- - - [13/Mar/2023:23:25:34 -0400] "GET /v1/nodes/cfab9a63-c253-44b9-81e2-fda25d09cf97 HTTP/1.1" 200 3303 676160 "-" "python-urllib3/1.26.5"
- - - [13/Mar/2023:23:25:39 -0400] "GET /v1/nodes?fields=uuid HTTP/1.1" 200 271 448232 "-" "ironic-inspector keystoneauth1/5.1.0 python-requests/2.28.1 CPython/3.9.14"
- - - [13/Mar/2023:23:25:42 -0400] "GET /v1/ports?fields=address%2Cextra HTTP/1.1" 200 268 478177 "-" "ironic-inspector keystoneauth1/5.1.0 python-requests/2.28.1 CPython/3.9.14"
- - - [13/Mar/2023:23:25:42 -0400] "GET /v1/ports?fields=address%2Cextra HTTP/1.1" 200 268 683278 "-" "ironic-inspector keystoneauth1/5.1.0 python-requests/2.28.1 CPython/3.9.14"
- - - [13/Mar/2023:23:25:57 -0400] "GET /v1/ports?fields=address%2Cextra HTTP/1.1" 200 268 593472 "-" "ironic-inspector keystoneauth1/5.1.0 python-requests/2.28.1 CPython/3.9.14"
- - - [13/Mar/2023:23:25:58 -0400] "GET /v1/ports?fields=address%2Cextra HTTP/1.1" 200 268 713206 "-" "ironic-inspector keystoneauth1/5.1.0 python-requests/2.28.1 CPython/3.9.14"
- - - [13/Mar/2023:23:26:04 -0400] "GET /v1/nodes/cfab9a63-c253-44b9-81e2-fda25d09cf97 HTTP/1.1" 200 3303 544573 "-" "python-urllib3/1.26.5"
- - - [13/Mar/2023:23:26:12 -0400] "GET /v1/ports?fields=address%2Cextra HTTP/1.1" 200 268 752058 "-" "ironic-inspector keystoneauth1/5.1.0 python-requests/2.28.1 CPython/3.9.14"
- - - [13/Mar/2023:23:26:13 -0400] "GET /v1/ports?fields=address%2Cextra HTTP/1.1" 200 268 632533 "-" "ironic-inspector keystoneauth1/5.1.0 python-requests/2.28.1 CPython/3.9.14"
- - - [13/Mar/2023:23:26:27 -0400] "GET /v1/ports?fields=address%2Cextra HTTP/1.1" 200 268 688465 "-" "ironic-inspector keystoneauth1/5.1.0 python-requests/2.28.1 CPython/3.9.14"
- - - [13/Mar/2023:23:26:28 -0400] "GET /v1/ports?fields=address%2Cextra HTTP/1.1" 200 268 607674 "-" "ironic-inspector keystoneauth1/5.1.0 python-requests/2.28.1 CPython/3.9.14"
- - - [13/Mar/2023:23:26:35 -0400] "GET /v1/nodes/cfab9a63-c253-44b9-81e2-fda25d09cf97 HTTP/1.1" 200 3303 663996 "-" "python-urllib3/1.26.5"
- - - [13/Mar/2023:23:26:39 -0400] "GET /v1/nodes?fields=uuid HTTP/1.1" 200 271 829137 "-" "ironic-inspector keystoneauth1/5.1.0 python-requests/2.28.1 CPython/3.9.14"
- - - [13/Mar/2023:23:26:42 -0400] "GET /v1/ports?fields=address%2Cextra HTTP/1.1" 200 268 532551 "-" "ironic-inspector keystoneauth1/5.1.0 python-requests/2.28.1 CPython/3.9.14"
- - - [13/Mar/2023:23:26:42 -0400] "GET /v1/ports?fields=address%2Cextra HTTP/1.1" 200 268 491934 "-" "ironic-inspector keystoneauth1/5.1.0 python-requests/2.28.1 CPython/3.9.14"
- - - [13/Mar/2023:23:26:57 -0400] "GET /v1/ports?fields=address%2Cextra HTTP/1.1" 200 268 773611 "-" "ironic-inspector keystoneauth1/5.1.0 python-requests/2.28.1 CPython/3.9.14"
- - - [13/Mar/2023:23:26:58 -0400] "GET /v1/ports?fields=address%2Cextra HTTP/1.1" 200 268 640239 "-" "ironic-inspector keystoneauth1/5.1.0 python-requests/2.28.1 CPython/3.9.14"
- - - [13/Mar/2023:23:27:06 -0400] "GET /v1/nodes/cfab9a63-c253-44b9-81e2-fda25d09cf97 HTTP/1.1" 200 3303 526092 "-" "python-urllib3/1.26.5"
- - - [13/Mar/2023:23:27:12 -0400] "GET /v1/ports?fields=address%2Cextra HTTP/1.1" 200 268 562927 "-" "ironic-inspector keystoneauth1/5.1.0 python-requests/2.28.1 CPython/3.9.14"
- - - [13/Mar/2023:23:27:13 -0400] "GET /v1/ports?fields=address%2Cextra HTTP/1.1" 200 268 516716 "-" "ironic-inspector keystoneauth1/5.1.0 python-requests/2.28.1 CPython/3.9.14"
- - - [13/Mar/2023:23:27:27 -0400] "GET /v1/ports?fields=address%2Cextra HTTP/1.1" 200 268 512410 "-" "ironic-inspector keystoneauth1/5.1.0 python-requests/2.28.1 CPython/3.9.14"
- - - [13/Mar/2023:23:27:27 -0400] "GET /v1/ports?fields=address%2Cextra HTTP/1.1" 200 268 625742 "-" "ironic-inspector keystoneauth1/5.1.0 python-requests/2.28.1 CPython/3.9.14"
- - - [13/Mar/2023:23:27:36 -0400] "GET /v1/nodes/cfab9a63-c253-44b9-81e2-fda25d09cf97 HTTP/1.1" 200 3303 590568 "-" "python-urllib3/1.26.5"
- - - [13/Mar/2023:23:27:39 -0400] "GET /v1/nodes?fields=uuid HTTP/1.1" 200 271 656710 "-" "ironic-inspector keystoneauth1/5.1.0 python-requests/2.28.1 CPython/3.9.14"
- - - [13/Mar/2023:23:27:42 -0400] "GET /v1/ports?fields=address%2Cextra HTTP/1.1" 200 268 576676 "-" "ironic-inspector keystoneauth1/5.1.0 python-requests/2.28.1 CPython/3.9.14"
- - - [13/Mar/2023:23:27:43 -0400] "GET /v1/ports?fields=address%2Cextra HTTP/1.1" 200 268 497479 "-" "ironic-inspector keystoneauth1/5.1.0 python-requests/2.28.1 CPython/3.9.14"
- - - [13/Mar/2023:23:27:57 -0400] "GET /v1/ports?fields=address%2Cextra HTTP/1.1" 200 268 642327 "-" "ironic-inspector keystoneauth1/5.1.0 python-requests/2.28.1 CPython/3.9.14"
- - - [13/Mar/2023:23:27:58 -0400] "GET /v1/ports?fields=address%2Cextra HTTP/1.1" 200 268 530011 "-" "ironic-inspector keystoneauth1/5.1.0 python-requests/2.28.1 CPython/3.9.14"
- - - [13/Mar/2023:23:28:07 -0400] "GET /v1/nodes/cfab9a63-c253-44b9-81e2-fda25d09cf97 HTTP/1.1" 200 3303 801142 "-" "python-urllib3/1.26.5"
- - - [13/Mar/2023:23:28:12 -0400] "GET /v1/ports?fields=address%2Cextra HTTP/1.1" 200 268 694518 "-" "ironic-inspector keystoneauth1/5.1.0 python-requests/2.28.1 CPython/3.9.14"
- - - [13/Mar/2023:23:28:13 -0400] "GET /v1/ports?fields=address%2Cextra HTTP/1.1" 200 268 577069 "-" "ironic-inspector keystoneauth1/5.1.0 python-requests/2.28.1 CPython/3.9.14"
- - - [13/Mar/2023:23:28:27 -0400] "GET /v1/ports?fields=address%2Cextra HTTP/1.1" 200 268 630077 "-" "ironic-inspector keystoneauth1/5.1.0 python-requests/2.28.1 CPython/3.9.14"
- - - [13/Mar/2023:23:28:28 -0400] "GET /v1/ports?fields=address%2Cextra HTTP/1.1" 200 268 551070 "-" "ironic-inspector keystoneauth1/5.1.0 python-requests/2.28.1 CPython/3.9.14"
- - - [13/Mar/2023:23:28:38 -0400] "GET /v1/nodes/cfab9a63-c253-44b9-81e2-fda25d09cf97 HTTP/1.1" 200 3303 586043 "-" "python-urllib3/1.26.5"
- - - [13/Mar/2023:23:28:39 -0400] "GET /v1/nodes?fields=uuid HTTP/1.1" 200 271 675081 "-" "ironic-inspector keystoneauth1/5.1.0 python-requests/2.28.1 CPython/3.9.14"
- - - [13/Mar/2023:23:28:42 -0400] "GET /v1/ports?fields=address%2Cextra HTTP/1.1" 200 268 765276 "-" "ironic-inspector keystoneauth1/5.1.0 python-requests/2.28.1 CPython/3.9.14"
- - - [13/Mar/2023:23:28:43 -0400] "GET /v1/ports?fields=address%2Cextra HTTP/1.1" 200 268 531464 "-" "ironic-inspector keystoneauth1/5.1.0 python-requests/2.28.1 CPython/3.9.14"
- - - [13/Mar/2023:23:28:57 -0400] "GET /v1/ports?fields=address%2Cextra HTTP/1.1" 200 268 613018 "-" "ironic-inspector keystoneauth1/5.1.0 python-requests/2.28.1 CPython/3.9.14"
- - - [13/Mar/2023:23:28:58 -0400] "GET /v1/ports?fields=address%2Cextra HTTP/1.1" 200 268 752111 "-" "ironic-inspector keystoneauth1/5.1.0 python-requests/2.28.1 CPython/3.9.14"
- - - [13/Mar/2023:23:29:08 -0400] "GET /v1/nodes/cfab9a63-c253-44b9-81e2-fda25d09cf97 HTTP/1.1" 200 3303 561757 "-" "python-urllib3/1.26.5"
- - - [13/Mar/2023:23:29:12 -0400] "GET /v1/ports?fields=address%2Cextra HTTP/1.1" 200 268 549740 "-" "ironic-inspector keystoneauth1/5.1.0 python-requests/2.28.1 CPython/3.9.14"
- - - [13/Mar/2023:23:29:13 -0400] "GET /v1/ports?fields=address%2Cextra HTTP/1.1" 200 268 565114 "-" "ironic-inspector keystoneauth1/5.1.0 python-requests/2.28.1 CPython/3.9.14"
- - - [13/Mar/2023:23:29:27 -0400] "GET /v1/ports?fields=address%2Cextra HTTP/1.1" 200 268 575070 "-" "ironic-inspector keystoneauth1/5.1.0 python-requests/2.28.1 CPython/3.9.14"
- - - [13/Mar/2023:23:29:28 -0400] "GET /v1/ports?fields=address%2Cextra HTTP/1.1" 200 268 523843 "-" "ironic-inspector keystoneauth1/5.1.0 python-requests/2.28.1 CPython/3.9.14"
- - - [13/Mar/2023:23:29:39 -0400] "GET /v1/nodes/cfab9a63-c253-44b9-81e2-fda25d09cf97 HTTP/1.1" 200 3303 776939 "-" "python-urllib3/1.26.5"
- - - [13/Mar/2023:23:29:39 -0400] "GET /v1/nodes?fields=uuid HTTP/1.1" 200 271 720809 "-" "ironic-inspector keystoneauth1/5.1.0 python-requests/2.28.1 CPython/3.9.14"
- - - [13/Mar/2023:23:29:42 -0400] "GET /v1/ports?fields=address%2Cextra HTTP/1.1" 200 268 689920 "-" "ironic-inspector keystoneauth1/5.1.0 python-requests/2.28.1 CPython/3.9.14"
- - - [13/Mar/2023:23:29:43 -0400] "GET /v1/ports?fields=address%2Cextra HTTP/1.1" 200 268 499174 "-" "ironic-inspector keystoneauth1/5.1.0 python-requests/2.28.1 CPython/3.9.14"
- - - [13/Mar/2023:23:29:57 -0400] "GET /v1/ports?fields=address%2Cextra HTTP/1.1" 200 268 712055 "-" "ironic-inspector keystoneauth1/5.1.0 python-requests/2.28.1 CPython/3.9.14"
- - - [13/Mar/2023:23:29:58 -0400] "GET /v1/ports?fields=address%2Cextra HTTP/1.1" 200 268 615847 "-" "ironic-inspector keystoneauth1/5.1.0 python-requests/2.28.1 CPython/3.9.14"
- - - [13/Mar/2023:23:30:10 -0400] "GET /v1/nodes/cfab9a63-c253-44b9-81e2-fda25d09cf97 HTTP/1.1" 200 3303 675358 "-" "python-urllib3/1.26.5"
- - - [13/Mar/2023:23:30:12 -0400] "GET /v1/ports?fields=address%2Cextra HTTP/1.1" 200 268 589338 "-" "ironic-inspector keystoneauth1/5.1.0 python-requests/2.28.1 CPython/3.9.14"
- - - [13/Mar/2023:23:30:13 -0400] "GET /v1/ports?fields=address%2Cextra HTTP/1.1" 200 268 555834 "-" "ironic-inspector keystoneauth1/5.1.0 python-requests/2.28.1 CPython/3.9.14"
- - - [13/Mar/2023:23:30:27 -0400] "GET /v1/ports?fields=address%2Cextra HTTP/1.1" 200 268 559959 "-" "ironic-inspector keystoneauth1/5.1.0 python-requests/2.28.1 CPython/3.9.14"
- - - [13/Mar/2023:23:30:28 -0400] "GET /v1/ports?fields=address%2Cextra HTTP/1.1" 200 268 574278 "-" "ironic-inspector keystoneauth1/5.1.0 python-requests/2.28.1 CPython/3.9.14"
- - - [13/Mar/2023:23:30:39 -0400] "GET /v1/nodes?fields=uuid HTTP/1.1" 200 271 831016 "-" "ironic-inspector keystoneauth1/5.1.0 python-requests/2.28.1 CPython/3.9.14"
- - - [13/Mar/2023:23:30:40 -0400] "GET /v1/nodes/cfab9a63-c253-44b9-81e2-fda25d09cf97 HTTP/1.1" 200 3303 484340 "-" "python-urllib3/1.26.5"
- - - [13/Mar/2023:23:30:42 -0400] "GET /v1/ports?fields=address%2Cextra HTTP/1.1" 200 268 534014 "-" "ironic-inspector keystoneauth1/5.1.0 python-requests/2.28.1 CPython/3.9.14"
- - - [13/Mar/2023:23:30:43 -0400] "GET /v1/ports?fields=address%2Cextra HTTP/1.1" 200 268 521034 "-" "ironic-inspector keystoneauth1/5.1.0 python-requests/2.28.1 CPython/3.9.14"
- - - [13/Mar/2023:23:30:57 -0400] "GET /v1/ports?fields=address%2Cextra HTTP/1.1" 200 268 496292 "-" "ironic-inspector keystoneauth1/5.1.0 python-requests/2.28.1 CPython/3.9.14"
- - - [13/Mar/2023:23:30:57 -0400] "GET /v1/ports?fields=address%2Cextra HTTP/1.1" 200 268 596242 "-" "ironic-inspector keystoneauth1/5.1.0 python-requests/2.28.1 CPython/3.9.14"
- - - [13/Mar/2023:23:31:11 -0400] "GET /v1/nodes/cfab9a63-c253-44b9-81e2-fda25d09cf97 HTTP/1.1" 200 3303 584731 "-" "python-urllib3/1.26.5"
- - - [13/Mar/2023:23:31:12 -0400] "GET /v1/ports?fields=address%2Cextra HTTP/1.1" 200 268 567376 "-" "ironic-inspector keystoneauth1/5.1.0 python-requests/2.28.1 CPython/3.9.14"
- - - [13/Mar/2023:23:31:13 -0400] "GET /v1/ports?fields=address%2Cextra HTTP/1.1" 200 268 747531 "-" "ironic-inspector keystoneauth1/5.1.0 python-requests/2.28.1 CPython/3.9.14"
- - - [13/Mar/2023:23:31:27 -0400] "GET /v1/ports?fields=address%2Cextra HTTP/1.1" 200 268 609451 "-" "ironic-inspector keystoneauth1/5.1.0 python-requests/2.28.1 CPython/3.9.14"
- - - [13/Mar/2023:23:31:28 -0400] "GET /v1/ports?fields=address%2Cextra HTTP/1.1" 200 268 565380 "-" "ironic-inspector keystoneauth1/5.1.0 python-requests/2.28.1 CPython/3.9.14"
- - - [13/Mar/2023:23:31:39 -0400] "GET /v1/nodes?fields=uuid HTTP/1.1" 200 271 589151 "-" "ironic-inspector keystoneauth1/5.1.0 python-requests/2.28.1 CPython/3.9.14"
- - - [13/Mar/2023:23:31:42 -0400] "GET /v1/nodes/cfab9a63-c253-44b9-81e2-fda25d09cf97 HTTP/1.1" 200 3303 775847 "-" "python-urllib3/1.26.5"
- - - [13/Mar/2023:23:31:42 -0400] "GET /v1/ports?fields=address%2Cextra HTTP/1.1" 200 268 641836 "-" "ironic-inspector keystoneauth1/5.1.0 python-requests/2.28.1 CPython/3.9.14"
- - - [13/Mar/2023:23:31:43 -0400] "GET /v1/ports?fields=address%2Cextra HTTP/1.1" 200 268 636337 "-" "ironic-inspector keystoneauth1/5.1.0 python-requests/2.28.1 CPython/3.9.14"
- - - [13/Mar/2023:23:31:57 -0400] "GET /v1/ports?fields=address%2Cextra HTTP/1.1" 200 268 531802 "-" "ironic-inspector keystoneauth1/5.1.0 python-requests/2.28.1 CPython/3.9.14"
- - - [13/Mar/2023:23:31:58 -0400] "GET /v1/ports?fields=address%2Cextra HTTP/1.1" 200 268 524516 "-" "ironic-inspector keystoneauth1/5.1.0 python-requests/2.28.1 CPython/3.9.14"
- - - [13/Mar/2023:23:32:12 -0400] "GET /v1/ports?fields=address%2Cextra HTTP/1.1" 200 268 693026 "-" "ironic-inspector keystoneauth1/5.1.0 python-requests/2.28.1 CPython/3.9.14"
- - - [13/Mar/2023:23:32:12 -0400] "GET /v1/nodes/cfab9a63-c253-44b9-81e2-fda25d09cf97 HTTP/1.1" 200 3303 899663 "-" "python-urllib3/1.26.5"
- - - [13/Mar/2023:23:32:13 -0400] "GET /v1/ports?fields=address%2Cextra HTTP/1.1" 200 268 613558 "-" "ironic-inspector keystoneauth1/5.1.0 python-requests/2.28.1 CPython/3.9.14"
- - - [13/Mar/2023:23:32:27 -0400] "GET /v1/ports?fields=address%2Cextra HTTP/1.1" 200 268 553351 "-" "ironic-inspector keystoneauth1/5.1.0 python-requests/2.28.1 CPython/3.9.14"
- - - [13/Mar/2023:23:32:28 -0400] "GET /v1/ports?fields=address%2Cextra HTTP/1.1" 200 268 695084 "-" "ironic-inspector keystoneauth1/5.1.0 python-requests/2.28.1 CPython/3.9.14"
- - - [13/Mar/2023:23:32:39 -0400] "GET /v1/nodes?fields=uuid HTTP/1.1" 200 271 499951 "-" "ironic-inspector keystoneauth1/5.1.0 python-requests/2.28.1 CPython/3.9.14"
- - - [13/Mar/2023:23:32:42 -0400] "GET /v1/ports?fields=address%2Cextra HTTP/1.1" 200 268 688493 "-" "ironic-inspector keystoneauth1/5.1.0 python-requests/2.28.1 CPython/3.9.14"
- - - [13/Mar/2023:23:32:43 -0400] "GET /v1/ports?fields=address%2Cextra HTTP/1.1" 200 268 562791 "-" "ironic-inspector keystoneauth1/5.1.0 python-requests/2.28.1 CPython/3.9.14"
- - - [13/Mar/2023:23:32:43 -0400] "GET /v1/nodes/cfab9a63-c253-44b9-81e2-fda25d09cf97 HTTP/1.1" 200 3303 507201 "-" "python-urllib3/1.26.5"
- - - [13/Mar/2023:23:32:57 -0400] "GET /v1/ports?fields=address%2Cextra HTTP/1.1" 200 268 671467 "-" "ironic-inspector keystoneauth1/5.1.0 python-requests/2.28.1 CPython/3.9.14"
- - - [13/Mar/2023:23:32:58 -0400] "GET /v1/ports?fields=address%2Cextra HTTP/1.1" 200 268 592293 "-" "ironic-inspector keystoneauth1/5.1.0 python-requests/2.28.1 CPython/3.9.14"
- - - [13/Mar/2023:23:33:12 -0400] "GET /v1/ports?fields=address%2Cextra HTTP/1.1" 200 268 618686 "-" "ironic-inspector keystoneauth1/5.1.0 python-requests/2.28.1 CPython/3.9.14"
- - - [13/Mar/2023:23:33:13 -0400] "GET /v1/ports?fields=address%2Cextra HTTP/1.1" 200 268 603904 "-" "ironic-inspector keystoneauth1/5.1.0 python-requests/2.28.1 CPython/3.9.14"
- - - [13/Mar/2023:23:33:14 -0400] "GET /v1/nodes/cfab9a63-c253-44b9-81e2-fda25d09cf97 HTTP/1.1" 200 3303 734412 "-" "python-urllib3/1.26.5"
- - - [13/Mar/2023:23:33:27 -0400] "GET /v1/ports?fields=address%2Cextra HTTP/1.1" 200 268 569293 "-" "ironic-inspector keystoneauth1/5.1.0 python-requests/2.28.1 CPython/3.9.14"
- - - [13/Mar/2023:23:33:28 -0400] "GET /v1/ports?fields=address%2Cextra HTTP/1.1" 200 268 618514 "-" "ironic-inspector keystoneauth1/5.1.0 python-requests/2.28.1 CPython/3.9.14"
- - - [13/Mar/2023:23:33:39 -0400] "GET /v1/nodes?fields=uuid HTTP/1.1" 200 271 594621 "-" "ironic-inspector keystoneauth1/5.1.0 python-requests/2.28.1 CPython/3.9.14"
- - - [13/Mar/2023:23:33:42 -0400] "GET /v1/ports?fields=address%2Cextra HTTP/1.1" 200 268 507240 "-" "ironic-inspector keystoneauth1/5.1.0 python-requests/2.28.1 CPython/3.9.14"
- - - [13/Mar/2023:23:33:43 -0400] "GET /v1/ports?fields=address%2Cextra HTTP/1.1" 200 268 486013 "-" "ironic-inspector keystoneauth1/5.1.0 python-requests/2.28.1 CPython/3.9.14"
- - - [13/Mar/2023:23:33:45 -0400] "GET /v1/nodes/cfab9a63-c253-44b9-81e2-fda25d09cf97 HTTP/1.1" 200 3303 522841 "-" "python-urllib3/1.26.5"
- - - [13/Mar/2023:23:33:57 -0400] "GET /v1/ports?fields=address%2Cextra HTTP/1.1" 200 268 594343 "-" "ironic-inspector keystoneauth1/5.1.0 python-requests/2.28.1 CPython/3.9.14"
- - - [13/Mar/2023:23:33:58 -0400] "GET /v1/ports?fields=address%2Cextra HTTP/1.1" 200 268 490369 "-" "ironic-inspector keystoneauth1/5.1.0 python-requests/2.28.1 CPython/3.9.14"
- - - [13/Mar/2023:23:34:12 -0400] "GET /v1/ports?fields=address%2Cextra HTTP/1.1" 200 268 591724 "-" "ironic-inspector keystoneauth1/5.1.0 python-requests/2.28.1 CPython/3.9.14"
- - - [13/Mar/2023:23:34:13 -0400] "GET /v1/ports?fields=address%2Cextra HTTP/1.1" 200 268 577343 "-" "ironic-inspector keystoneauth1/5.1.0 python-requests/2.28.1 CPython/3.9.14"
- - - [13/Mar/2023:23:34:15 -0400] "GET /v1/nodes/cfab9a63-c253-44b9-81e2-fda25d09cf97 HTTP/1.1" 200 3303 562262 "-" "python-urllib3/1.26.5"
- - - [13/Mar/2023:23:34:27 -0400] "GET /v1/ports?fields=address%2Cextra HTTP/1.1" 200 268 566680 "-" "ironic-inspector keystoneauth1/5.1.0 python-requests/2.28.1 CPython/3.9.14"
- - - [13/Mar/2023:23:34:28 -0400] "GET /v1/ports?fields=address%2Cextra HTTP/1.1" 200 268 604686 "-" "ironic-inspector keystoneauth1/5.1.0 python-requests/2.28.1 CPython/3.9.14"
- - - [13/Mar/2023:23:34:39 -0400] "GET /v1/nodes?fields=uuid HTTP/1.1" 200 271 617782 "-" "ironic-inspector keystoneauth1/5.1.0 python-requests/2.28.1 CPython/3.9.14"
- - - [13/Mar/2023:23:34:42 -0400] "GET /v1/ports?fields=address%2Cextra HTTP/1.1" 200 268 581026 "-" "ironic-inspector keystoneauth1/5.1.0 python-requests/2.28.1 CPython/3.9.14"
- - - [13/Mar/2023:23:34:43 -0400] "GET /v1/ports?fields=address%2Cextra HTTP/1.1" 200 268 634854 "-" "ironic-inspector keystoneauth1/5.1.0 python-requests/2.28.1 CPython/3.9.14"
- - - [13/Mar/2023:23:34:46 -0400] "GET /v1/nodes/cfab9a63-c253-44b9-81e2-fda25d09cf97 HTTP/1.1" 200 3303 571953 "-" "python-urllib3/1.26.5"
- - - [13/Mar/2023:23:34:57 -0400] "GET /v1/ports?fields=address%2Cextra HTTP/1.1" 200 268 653160 "-" "ironic-inspector keystoneauth1/5.1.0 python-requests/2.28.1 CPython/3.9.14"
- - - [13/Mar/2023:23:34:58 -0400] "GET /v1/ports?fields=address%2Cextra HTTP/1.1" 200 268 494490 "-" "ironic-inspector keystoneauth1/5.1.0 python-requests/2.28.1 CPython/3.9.14"
- - - [13/Mar/2023:23:35:12 -0400] "GET /v1/ports?fields=address%2Cextra HTTP/1.1" 200 268 617821 "-" "ironic-inspector keystoneauth1/5.1.0 python-requests/2.28.1 CPython/3.9.14"
- - - [13/Mar/2023:23:35:13 -0400] "GET /v1/ports?fields=address%2Cextra HTTP/1.1" 200 268 522865 "-" "ironic-inspector keystoneauth1/5.1.0 python-requests/2.28.1 CPython/3.9.14"
- - - [13/Mar/2023:23:35:16 -0400] "GET /v1/nodes/cfab9a63-c253-44b9-81e2-fda25d09cf97 HTTP/1.1" 200 3303 696895 "-" "python-urllib3/1.26.5"
- - - [13/Mar/2023:23:35:27 -0400] "GET /v1/ports?fields=address%2Cextra HTTP/1.1" 200 268 555569 "-" "ironic-inspector keystoneauth1/5.1.0 python-requests/2.28.1 CPython/3.9.14"
- - - [13/Mar/2023:23:35:28 -0400] "GET /v1/ports?fields=address%2Cextra HTTP/1.1" 200 268 560826 "-" "ironic-inspector keystoneauth1/5.1.0 python-requests/2.28.1 CPython/3.9.14"
- - - [13/Mar/2023:23:35:39 -0400] "GET /v1/nodes?fields=uuid HTTP/1.1" 200 271 731445 "-" "ironic-inspector keystoneauth1/5.1.0 python-requests/2.28.1 CPython/3.9.14"
- - - [13/Mar/2023:23:35:42 -0400] "GET /v1/ports?fields=address%2Cextra HTTP/1.1" 200 268 574149 "-" "ironic-inspector keystoneauth1/5.1.0 python-requests/2.28.1 CPython/3.9.14"
- - - [13/Mar/2023:23:35:43 -0400] "GET /v1/ports?fields=address%2Cextra HTTP/1.1" 200 268 549955 "-" "ironic-inspector keystoneauth1/5.1.0 python-requests/2.28.1 CPython/3.9.14"
- - - [13/Mar/2023:23:35:47 -0400] "GET /v1/nodes/cfab9a63-c253-44b9-81e2-fda25d09cf97 HTTP/1.1" 200 3303 663229 "-" "python-urllib3/1.26.5"
- - - [13/Mar/2023:23:35:57 -0400] "GET /v1/ports?fields=address%2Cextra HTTP/1.1" 200 268 729424 "-" "ironic-inspector keystoneauth1/5.1.0 python-requests/2.28.1 CPython/3.9.14"
- - - [13/Mar/2023:23:35:58 -0400] "GET /v1/ports?fields=address%2Cextra HTTP/1.1" 200 268 686890 "-" "ironic-inspector keystoneauth1/5.1.0 python-requests/2.28.1 CPython/3.9.14"
- - - [13/Mar/2023:23:36:12 -0400] "GET /v1/ports?fields=address%2Cextra HTTP/1.1" 200 268 686347 "-" "ironic-inspector keystoneauth1/5.1.0 python-requests/2.28.1 CPython/3.9.14"
- - - [13/Mar/2023:23:36:13 -0400] "GET /v1/ports?fields=address%2Cextra HTTP/1.1" 200 268 586413 "-" "ironic-inspector keystoneauth1/5.1.0 python-requests/2.28.1 CPython/3.9.14"
- - - [13/Mar/2023:23:36:18 -0400] "GET /v1/nodes/cfab9a63-c253-44b9-81e2-fda25d09cf97 HTTP/1.1" 200 3303 576707 "-" "python-urllib3/1.26.5"
- - - [13/Mar/2023:23:36:27 -0400] "GET /v1/ports?fields=address%2Cextra HTTP/1.1" 200 268 532954 "-" "ironic-inspector keystoneauth1/5.1.0 python-requests/2.28.1 CPython/3.9.14"
- - - [13/Mar/2023:23:36:28 -0400] "GET /v1/ports?fields=address%2Cextra HTTP/1.1" 200 268 527050 "-" "ironic-inspector keystoneauth1/5.1.0 python-requests/2.28.1 CPython/3.9.14"
- - - [13/Mar/2023:23:36:39 -0400] "GET /v1/nodes?fields=uuid HTTP/1.1" 200 271 729991 "-" "ironic-inspector keystoneauth1/5.1.0 python-requests/2.28.1 CPython/3.9.14"
- - - [13/Mar/2023:23:36:42 -0400] "GET /v1/ports?fields=address%2Cextra HTTP/1.1" 200 268 429947 "-" "ironic-inspector keystoneauth1/5.1.0 python-requests/2.28.1 CPython/3.9.14"
- - - [13/Mar/2023:23:36:42 -0400] "GET /v1/ports?fields=address%2Cextra HTTP/1.1" 200 268 923901 "-" "ironic-inspector keystoneauth1/5.1.0 python-requests/2.28.1 CPython/3.9.14"
- - - [13/Mar/2023:23:36:49 -0400] "GET /v1/nodes/cfab9a63-c253-44b9-81e2-fda25d09cf97 HTTP/1.1" 200 3303 1108752 "-" "python-urllib3/1.26.5"
- - - [13/Mar/2023:23:36:57 -0400] "GET /v1/ports?fields=address%2Cextra HTTP/1.1" 200 268 670826 "-" "ironic-inspector keystoneauth1/5.1.0 python-requests/2.28.1 CPython/3.9.14"
- - - [13/Mar/2023:23:36:58 -0400] "GET /v1/ports?fields=address%2Cextra HTTP/1.1" 200 268 667974 "-" "ironic-inspector keystoneauth1/5.1.0 python-requests/2.28.1 CPython/3.9.14"
- - - [13/Mar/2023:23:37:12 -0400] "GET /v1/ports?fields=address%2Cextra HTTP/1.1" 200 268 715537 "-" "ironic-inspector keystoneauth1/5.1.0 python-requests/2.28.1 CPython/3.9.14"
- - - [13/Mar/2023:23:37:13 -0400] "GET /v1/ports?fields=address%2Cextra HTTP/1.1" 200 268 755501 "-" "ironic-inspector keystoneauth1/5.1.0 python-requests/2.28.1 CPython/3.9.14"
- - - [13/Mar/2023:23:37:20 -0400] "GET /v1/nodes/cfab9a63-c253-44b9-81e2-fda25d09cf97 HTTP/1.1" 200 3303 580386 "-" "python-urllib3/1.26.5"
- - - [13/Mar/2023:23:37:27 -0400] "GET /v1/ports?fields=address%2Cextra HTTP/1.1" 200 268 652401 "-" "ironic-inspector keystoneauth1/5.1.0 python-requests/2.28.1 CPython/3.9.14"
- - - [13/Mar/2023:23:37:28 -0400] "GET /v1/ports?fields=address%2Cextra HTTP/1.1" 200 268 651367 "-" "ironic-inspector keystoneauth1/5.1.0 python-requests/2.28.1 CPython/3.9.14"
- - - [13/Mar/2023:23:37:39 -0400] "GET /v1/nodes?fields=uuid HTTP/1.1" 200 271 612790 "-" "ironic-inspector keystoneauth1/5.1.0 python-requests/2.28.1 CPython/3.9.14"
- - - [13/Mar/2023:23:37:42 -0400] "GET /v1/ports?fields=address%2Cextra HTTP/1.1" 200 268 573488 "-" "ironic-inspector keystoneauth1/5.1.0 python-requests/2.28.1 CPython/3.9.14"
- - - [13/Mar/2023:23:37:43 -0400] "GET /v1/ports?fields=address%2Cextra HTTP/1.1" 200 268 570540 "-" "ironic-inspector keystoneauth1/5.1.0 python-requests/2.28.1 CPython/3.9.14"
- - - [13/Mar/2023:23:37:50 -0400] "GET /v1/nodes/cfab9a63-c253-44b9-81e2-fda25d09cf97 HTTP/1.1" 200 3303 599898 "-" "python-urllib3/1.26.5"
- - - [13/Mar/2023:23:37:57 -0400] "GET /v1/ports?fields=address%2Cextra HTTP/1.1" 200 268 743776 "-" "ironic-inspector keystoneauth1/5.1.0 python-requests/2.28.1 CPython/3.9.14"
- - - [13/Mar/2023:23:37:58 -0400] "GET /v1/ports?fields=address%2Cextra HTTP/1.1" 200 268 826235 "-" "ironic-inspector keystoneauth1/5.1.0 python-requests/2.28.1 CPython/3.9.14"
- - - [13/Mar/2023:23:38:12 -0400] "GET /v1/ports?fields=address%2Cextra HTTP/1.1" 200 268 680604 "-" "ironic-inspector keystoneauth1/5.1.0 python-requests/2.28.1 CPython/3.9.14"
- - - [13/Mar/2023:23:38:13 -0400] "GET /v1/ports?fields=address%2Cextra HTTP/1.1" 200 268 640240 "-" "ironic-inspector keystoneauth1/5.1.0 python-requests/2.28.1 CPython/3.9.14"
- - - [13/Mar/2023:23:38:21 -0400] "GET /v1/nodes/cfab9a63-c253-44b9-81e2-fda25d09cf97 HTTP/1.1" 200 3303 747657 "-" "python-urllib3/1.26.5"
- - - [13/Mar/2023:23:38:27 -0400] "GET /v1/ports?fields=address%2Cextra HTTP/1.1" 200 268 655315 "-" "ironic-inspector keystoneauth1/5.1.0 python-requests/2.28.1 CPython/3.9.14"
- - - [13/Mar/2023:23:38:28 -0400] "GET /v1/ports?fields=address%2Cextra HTTP/1.1" 200 268 578386 "-" "ironic-inspector keystoneauth1/5.1.0 python-requests/2.28.1 CPython/3.9.14"
- - - [13/Mar/2023:23:38:39 -0400] "GET /v1/nodes?fields=uuid HTTP/1.1" 200 271 656878 "-" "ironic-inspector keystoneauth1/5.1.0 python-requests/2.28.1 CPython/3.9.14"
- - - [13/Mar/2023:23:38:42 -0400] "GET /v1/ports?fields=address%2Cextra HTTP/1.1" 200 268 582631 "-" "ironic-inspector keystoneauth1/5.1.0 python-requests/2.28.1 CPython/3.9.14"
- - - [13/Mar/2023:23:38:43 -0400] "GET /v1/ports?fields=address%2Cextra HTTP/1.1" 200 268 647006 "-" "ironic-inspector keystoneauth1/5.1.0 python-requests/2.28.1 CPython/3.9.14"
- - - [13/Mar/2023:23:38:52 -0400] "GET /v1/nodes/cfab9a63-c253-44b9-81e2-fda25d09cf97 HTTP/1.1" 200 3303 532421 "-" "python-urllib3/1.26.5"
- - - [13/Mar/2023:23:38:57 -0400] "GET /v1/ports?fields=address%2Cextra HTTP/1.1" 200 268 571963 "-" "ironic-inspector keystoneauth1/5.1.0 python-requests/2.28.1 CPython/3.9.14"
- - - [13/Mar/2023:23:38:58 -0400] "GET /v1/ports?fields=address%2Cextra HTTP/1.1" 200 268 551858 "-" "ironic-inspector keystoneauth1/5.1.0 python-requests/2.28.1 CPython/3.9.14"
- - - [13/Mar/2023:23:39:12 -0400] "GET /v1/ports?fields=address%2Cextra HTTP/1.1" 200 268 858309 "-" "ironic-inspector keystoneauth1/5.1.0 python-requests/2.28.1 CPython/3.9.14"
- - - [13/Mar/2023:23:39:13 -0400] "GET /v1/ports?fields=address%2Cextra HTTP/1.1" 200 268 742549 "-" "ironic-inspector keystoneauth1/5.1.0 python-requests/2.28.1 CPython/3.9.14"
- - - [13/Mar/2023:23:39:22 -0400] "GET /v1/nodes/cfab9a63-c253-44b9-81e2-fda25d09cf97 HTTP/1.1" 200 3303 703401 "-" "python-urllib3/1.26.5"
- - - [13/Mar/2023:23:39:27 -0400] "GET /v1/ports?fields=address%2Cextra HTTP/1.1" 200 268 607735 "-" "ironic-inspector keystoneauth1/5.1.0 python-requests/2.28.1 CPython/3.9.14"
- - - [13/Mar/2023:23:39:28 -0400] "GET /v1/ports?fields=address%2Cextra HTTP/1.1" 200 268 595742 "-" "ironic-inspector keystoneauth1/5.1.0 python-requests/2.28.1 CPython/3.9.14"
- - - [13/Mar/2023:23:39:39 -0400] "GET /v1/nodes?fields=uuid HTTP/1.1" 200 271 558551 "-" "ironic-inspector keystoneauth1/5.1.0 python-requests/2.28.1 CPython/3.9.14"
- - - [13/Mar/2023:23:39:42 -0400] "GET /v1/ports?fields=address%2Cextra HTTP/1.1" 200 268 574763 "-" "ironic-inspector keystoneauth1/5.1.0 python-requests/2.28.1 CPython/3.9.14"
- - - [13/Mar/2023:23:39:43 -0400] "GET /v1/ports?fields=address%2Cextra HTTP/1.1" 200 268 538099 "-" "ironic-inspector keystoneauth1/5.1.0 python-requests/2.28.1 CPython/3.9.14"
- - - [13/Mar/2023:23:39:53 -0400] "GET /v1/nodes/cfab9a63-c253-44b9-81e2-fda25d09cf97 HTTP/1.1" 200 3303 645146 "-" "python-urllib3/1.26.5"
- - - [13/Mar/2023:23:39:57 -0400] "GET /v1/ports?fields=address%2Cextra HTTP/1.1" 200 268 586418 "-" "ironic-inspector keystoneauth1/5.1.0 python-requests/2.28.1 CPython/3.9.14"
- - - [13/Mar/2023:23:39:58 -0400] "GET /v1/ports?fields=address%2Cextra HTTP/1.1" 200 268 567086 "-" "ironic-inspector keystoneauth1/5.1.0 python-requests/2.28.1 CPython/3.9.14"
- - - [13/Mar/2023:23:40:12 -0400] "GET /v1/ports?fields=address%2Cextra HTTP/1.1" 200 268 686934 "-" "ironic-inspector keystoneauth1/5.1.0 python-requests/2.28.1 CPython/3.9.14"
- - - [13/Mar/2023:23:40:13 -0400] "GET /v1/ports?fields=address%2Cextra HTTP/1.1" 200 268 618074 "-" "ironic-inspector keystoneauth1/5.1.0 python-requests/2.28.1 CPython/3.9.14"
- - - [13/Mar/2023:23:40:24 -0400] "GET /v1/nodes/cfab9a63-c253-44b9-81e2-fda25d09cf97 HTTP/1.1" 200 3303 813175 "-" "python-urllib3/1.26.5"
- - - [13/Mar/2023:23:40:27 -0400] "GET /v1/ports?fields=address%2Cextra HTTP/1.1" 200 268 619426 "-" "ironic-inspector keystoneauth1/5.1.0 python-requests/2.28.1 CPython/3.9.14"
- - - [13/Mar/2023:23:40:28 -0400] "GET /v1/ports?fields=address%2Cextra HTTP/1.1" 200 268 659197 "-" "ironic-inspector keystoneauth1/5.1.0 python-requests/2.28.1 CPython/3.9.14"
- - - [13/Mar/2023:23:40:39 -0400] "GET /v1/nodes?fields=uuid HTTP/1.1" 200 271 625720 "-" "ironic-inspector keystoneauth1/5.1.0 python-requests/2.28.1 CPython/3.9.14"
- - - [13/Mar/2023:23:40:42 -0400] "GET /v1/ports?fields=address%2Cextra HTTP/1.1" 200 268 725065 "-" "ironic-inspector keystoneauth1/5.1.0 python-requests/2.28.1 CPython/3.9.14"
- - - [13/Mar/2023:23:40:43 -0400] "GET /v1/ports?fields=address%2Cextra HTTP/1.1" 200 268 737391 "-" "ironic-inspector keystoneauth1/5.1.0 python-requests/2.28.1 CPython/3.9.14"
- - - [13/Mar/2023:23:40:55 -0400] "GET /v1/nodes/cfab9a63-c253-44b9-81e2-fda25d09cf97 HTTP/1.1" 200 3303 795243 "-" "python-urllib3/1.26.5"
- - - [13/Mar/2023:23:40:57 -0400] "GET /v1/ports?fields=address%2Cextra HTTP/1.1" 200 268 748820 "-" "ironic-inspector keystoneauth1/5.1.0 python-requests/2.28.1 CPython/3.9.14"
- - - [13/Mar/2023:23:40:58 -0400] "GET /v1/ports?fields=address%2Cextra HTTP/1.1" 200 268 672282 "-" "ironic-inspector keystoneauth1/5.1.0 python-requests/2.28.1 CPython/3.9.14"
- - - [13/Mar/2023:23:41:12 -0400] "GET /v1/ports?fields=address%2Cextra HTTP/1.1" 200 268 584983 "-" "ironic-inspector keystoneauth1/5.1.0 python-requests/2.28.1 CPython/3.9.14"
- - - [13/Mar/2023:23:41:13 -0400] "GET /v1/ports?fields=address%2Cextra HTTP/1.1" 200 268 586380 "-" "ironic-inspector keystoneauth1/5.1.0 python-requests/2.28.1 CPython/3.9.14"
- - - [13/Mar/2023:23:41:26 -0400] "GET /v1/nodes/cfab9a63-c253-44b9-81e2-fda25d09cf97 HTTP/1.1" 200 3303 594124 "-" "python-urllib3/1.26.5"
- - - [13/Mar/2023:23:41:27 -0400] "GET /v1/ports?fields=address%2Cextra HTTP/1.1" 200 268 614830 "-" "ironic-inspector keystoneauth1/5.1.0 python-requests/2.28.1 CPython/3.9.14"
- - - [13/Mar/2023:23:41:28 -0400] "GET /v1/ports?fields=address%2Cextra HTTP/1.1" 200 268 713782 "-" "ironic-inspector keystoneauth1/5.1.0 python-requests/2.28.1 CPython/3.9.14"
- - - [13/Mar/2023:23:41:39 -0400] "GET /v1/nodes?fields=uuid HTTP/1.1" 200 271 522422 "-" "ironic-inspector keystoneauth1/5.1.0 python-requests/2.28.1 CPython/3.9.14"
- - - [13/Mar/2023:23:41:42 -0400] "GET /v1/ports?fields=address%2Cextra HTTP/1.1" 200 268 560816 "-" "ironic-inspector keystoneauth1/5.1.0 python-requests/2.28.1 CPython/3.9.14"
- - - [13/Mar/2023:23:41:43 -0400] "GET /v1/ports?fields=address%2Cextra HTTP/1.1" 200 268 545064 "-" "ironic-inspector keystoneauth1/5.1.0 python-requests/2.28.1 CPython/3.9.14"
- - - [13/Mar/2023:23:41:56 -0400] "GET /v1/nodes/cfab9a63-c253-44b9-81e2-fda25d09cf97 HTTP/1.1" 200 3303 859302 "-" "python-urllib3/1.26.5"
- - - [13/Mar/2023:23:41:57 -0400] "GET /v1/ports?fields=address%2Cextra HTTP/1.1" 200 268 578036 "-" "ironic-inspector keystoneauth1/5.1.0 python-requests/2.28.1 CPython/3.9.14"
- - - [13/Mar/2023:23:41:58 -0400] "GET /v1/ports?fields=address%2Cextra HTTP/1.1" 200 268 567031 "-" "ironic-inspector keystoneauth1/5.1.0 python-requests/2.28.1 CPython/3.9.14"
- - - [13/Mar/2023:23:42:12 -0400] "GET /v1/ports?fields=address%2Cextra HTTP/1.1" 200 268 470680 "-" "ironic-inspector keystoneauth1/5.1.0 python-requests/2.28.1 CPython/3.9.14"
- - - [13/Mar/2023:23:42:13 -0400] "GET /v1/ports?fields=address%2Cextra HTTP/1.1" 200 268 557235 "-" "ironic-inspector keystoneauth1/5.1.0 python-requests/2.28.1 CPython/3.9.14"
- - - [13/Mar/2023:23:42:27 -0400] "GET /v1/ports?fields=address%2Cextra HTTP/1.1" 200 268 633634 "-" "ironic-inspector keystoneauth1/5.1.0 python-requests/2.28.1 CPython/3.9.14"
- - - [13/Mar/2023:23:42:27 -0400] "GET /v1/nodes/cfab9a63-c253-44b9-81e2-fda25d09cf97 HTTP/1.1" 200 3303 939050 "-" "python-urllib3/1.26.5"
- - - [13/Mar/2023:23:42:28 -0400] "GET /v1/ports?fields=address%2Cextra HTTP/1.1" 200 268 635372 "-" "ironic-inspector keystoneauth1/5.1.0 python-requests/2.28.1 CPython/3.9.14"
- - - [13/Mar/2023:23:42:39 -0400] "GET /v1/nodes?fields=uuid HTTP/1.1" 200 271 563717 "-" "ironic-inspector keystoneauth1/5.1.0 python-requests/2.28.1 CPython/3.9.14"
- - - [13/Mar/2023:23:42:42 -0400] "GET /v1/ports?fields=address%2Cextra HTTP/1.1" 200 268 791504 "-" "ironic-inspector keystoneauth1/5.1.0 python-requests/2.28.1 CPython/3.9.14"
- - - [13/Mar/2023:23:42:43 -0400] "GET /v1/ports?fields=address%2Cextra HTTP/1.1" 200 268 754645 "-" "ironic-inspector keystoneauth1/5.1.0 python-requests/2.28.1 CPython/3.9.14"
- - - [13/Mar/2023:23:42:57 -0400] "GET /v1/ports?fields=address%2Cextra HTTP/1.1" 200 268 604781 "-" "ironic-inspector keystoneauth1/5.1.0 python-requests/2.28.1 CPython/3.9.14"
- - - [13/Mar/2023:23:42:58 -0400] "GET /v1/ports?fields=address%2Cextra HTTP/1.1" 200 268 645617 "-" "ironic-inspector keystoneauth1/5.1.0 python-requests/2.28.1 CPython/3.9.14"
- - - [13/Mar/2023:23:42:58 -0400] "GET /v1/nodes/cfab9a63-c253-44b9-81e2-fda25d09cf97 HTTP/1.1" 200 3303 622120 "-" "python-urllib3/1.26.5"
- - - [13/Mar/2023:23:43:12 -0400] "GET /v1/ports?fields=address%2Cextra HTTP/1.1" 200 268 748012 "-" "ironic-inspector keystoneauth1/5.1.0 python-requests/2.28.1 CPython/3.9.14"
- - - [13/Mar/2023:23:43:13 -0400] "GET /v1/ports?fields=address%2Cextra HTTP/1.1" 200 268 659439 "-" "ironic-inspector keystoneauth1/5.1.0 python-requests/2.28.1 CPython/3.9.14"
- - - [13/Mar/2023:23:43:27 -0400] "GET /v1/ports?fields=address%2Cextra HTTP/1.1" 200 268 614696 "-" "ironic-inspector keystoneauth1/5.1.0 python-requests/2.28.1 CPython/3.9.14"
- - - [13/Mar/2023:23:43:28 -0400] "GET /v1/ports?fields=address%2Cextra HTTP/1.1" 200 268 532186 "-" "ironic-inspector keystoneauth1/5.1.0 python-requests/2.28.1 CPython/3.9.14"
- - - [13/Mar/2023:23:43:29 -0400] "GET /v1/nodes/cfab9a63-c253-44b9-81e2-fda25d09cf97 HTTP/1.1" 200 3303 546666 "-" "python-urllib3/1.26.5"
- - - [13/Mar/2023:23:43:39 -0400] "GET /v1/nodes?fields=uuid HTTP/1.1" 200 271 604408 "-" "ironic-inspector keystoneauth1/5.1.0 python-requests/2.28.1 CPython/3.9.14"
- - - [13/Mar/2023:23:43:42 -0400] "GET /v1/ports?fields=address%2Cextra HTTP/1.1" 200 268 543863 "-" "ironic-inspector keystoneauth1/5.1.0 python-requests/2.28.1 CPython/3.9.14"
- - - [13/Mar/2023:23:43:43 -0400] "GET /v1/ports?fields=address%2Cextra HTTP/1.1" 200 268 647338 "-" "ironic-inspector keystoneauth1/5.1.0 python-requests/2.28.1 CPython/3.9.14"
- - - [13/Mar/2023:23:43:57 -0400] "GET /v1/ports?fields=address%2Cextra HTTP/1.1" 200 268 769760 "-" "ironic-inspector keystoneauth1/5.1.0 python-requests/2.28.1 CPython/3.9.14"
- - - [13/Mar/2023:23:43:58 -0400] "GET /v1/ports?fields=address%2Cextra HTTP/1.1" 200 268 720029 "-" "ironic-inspector keystoneauth1/5.1.0 python-requests/2.28.1 CPython/3.9.14"
- - - [13/Mar/2023:23:43:59 -0400] "GET /v1/nodes/cfab9a63-c253-44b9-81e2-fda25d09cf97 HTTP/1.1" 200 3303 556744 "-" "python-urllib3/1.26.5"
- - - [13/Mar/2023:23:44:12 -0400] "GET /v1/ports?fields=address%2Cextra HTTP/1.1" 200 268 570311 "-" "ironic-inspector keystoneauth1/5.1.0 python-requests/2.28.1 CPython/3.9.14"
- - - [13/Mar/2023:23:44:13 -0400] "GET /v1/ports?fields=address%2Cextra HTTP/1.1" 200 268 502747 "-" "ironic-inspector keystoneauth1/5.1.0 python-requests/2.28.1 CPython/3.9.14"
- - - [13/Mar/2023:23:44:27 -0400] "GET /v1/ports?fields=address%2Cextra HTTP/1.1" 200 268 682950 "-" "ironic-inspector keystoneauth1/5.1.0 python-requests/2.28.1 CPython/3.9.14"
- - - [13/Mar/2023:23:44:28 -0400] "GET /v1/ports?fields=address%2Cextra HTTP/1.1" 200 268 710686 "-" "ironic-inspector keystoneauth1/5.1.0 python-requests/2.28.1 CPython/3.9.14"
- - - [13/Mar/2023:23:44:30 -0400] "GET /v1/nodes/cfab9a63-c253-44b9-81e2-fda25d09cf97 HTTP/1.1" 200 3303 694564 "-" "python-urllib3/1.26.5"
- - - [13/Mar/2023:23:44:39 -0400] "GET /v1/nodes?fields=uuid HTTP/1.1" 200 271 591352 "-" "ironic-inspector keystoneauth1/5.1.0 python-requests/2.28.1 CPython/3.9.14"
- - - [13/Mar/2023:23:44:42 -0400] "GET /v1/ports?fields=address%2Cextra HTTP/1.1" 200 268 543546 "-" "ironic-inspector keystoneauth1/5.1.0 python-requests/2.28.1 CPython/3.9.14"
- - - [13/Mar/2023:23:44:43 -0400] "GET /v1/ports?fields=address%2Cextra HTTP/1.1" 200 268 558008 "-" "ironic-inspector keystoneauth1/5.1.0 python-requests/2.28.1 CPython/3.9.14"
- - - [13/Mar/2023:23:44:57 -0400] "GET /v1/ports?fields=address%2Cextra HTTP/1.1" 200 268 821602 "-" "ironic-inspector keystoneauth1/5.1.0 python-requests/2.28.1 CPython/3.9.14"
- - - [13/Mar/2023:23:44:58 -0400] "GET /v1/ports?fields=address%2Cextra HTTP/1.1" 200 268 791032 "-" "ironic-inspector keystoneauth1/5.1.0 python-requests/2.28.1 CPython/3.9.14"
- - - [13/Mar/2023:23:45:01 -0400] "GET /v1/nodes/cfab9a63-c253-44b9-81e2-fda25d09cf97 HTTP/1.1" 200 3303 684476 "-" "python-urllib3/1.26.5"
- - - [13/Mar/2023:23:45:12 -0400] "GET /v1/ports?fields=address%2Cextra HTTP/1.1" 200 268 667347 "-" "ironic-inspector keystoneauth1/5.1.0 python-requests/2.28.1 CPython/3.9.14"
- - - [13/Mar/2023:23:45:13 -0400] "GET /v1/ports?fields=address%2Cextra HTTP/1.1" 200 268 707876 "-" "ironic-inspector keystoneauth1/5.1.0 python-requests/2.28.1 CPython/3.9.14"
- - - [13/Mar/2023:23:45:27 -0400] "GET /v1/ports?fields=address%2Cextra HTTP/1.1" 200 268 675659 "-" "ironic-inspector keystoneauth1/5.1.0 python-requests/2.28.1 CPython/3.9.14"
- - - [13/Mar/2023:23:45:28 -0400] "GET /v1/ports?fields=address%2Cextra HTTP/1.1" 200 268 670729 "-" "ironic-inspector keystoneauth1/5.1.0 python-requests/2.28.1 CPython/3.9.14"
- - - [13/Mar/2023:23:45:31 -0400] "GET /v1/nodes/cfab9a63-c253-44b9-81e2-fda25d09cf97 HTTP/1.1" 200 3303 551086 "-" "python-urllib3/1.26.5"
- - - [13/Mar/2023:23:45:39 -0400] "GET /v1/nodes?fields=uuid HTTP/1.1" 200 271 661169 "-" "ironic-inspector keystoneauth1/5.1.0 python-requests/2.28.1 CPython/3.9.14"
- - - [13/Mar/2023:23:45:42 -0400] "GET /v1/ports?fields=address%2Cextra HTTP/1.1" 200 268 604268 "-" "ironic-inspector keystoneauth1/5.1.0 python-requests/2.28.1 CPython/3.9.14"
- - - [13/Mar/2023:23:45:43 -0400] "GET /v1/ports?fields=address%2Cextra HTTP/1.1" 200 268 587151 "-" "ironic-inspector keystoneauth1/5.1.0 python-requests/2.28.1 CPython/3.9.14"
- - - [13/Mar/2023:23:45:57 -0400] "GET /v1/ports?fields=address%2Cextra HTTP/1.1" 200 268 582448 "-" "ironic-inspector keystoneauth1/5.1.0 python-requests/2.28.1 CPython/3.9.14"
- - - [13/Mar/2023:23:45:58 -0400] "GET /v1/ports?fields=address%2Cextra HTTP/1.1" 200 268 536031 "-" "ironic-inspector keystoneauth1/5.1.0 python-requests/2.28.1 CPython/3.9.14"
- - - [13/Mar/2023:23:46:02 -0400] "GET /v1/nodes/cfab9a63-c253-44b9-81e2-fda25d09cf97 HTTP/1.1" 200 3303 660963 "-" "python-urllib3/1.26.5"
- - - [13/Mar/2023:23:46:12 -0400] "GET /v1/ports?fields=address%2Cextra HTTP/1.1" 200 268 705596 "-" "ironic-inspector keystoneauth1/5.1.0 python-requests/2.28.1 CPython/3.9.14"
- - - [13/Mar/2023:23:46:13 -0400] "GET /v1/ports?fields=address%2Cextra HTTP/1.1" 200 268 664249 "-" "ironic-inspector keystoneauth1/5.1.0 python-requests/2.28.1 CPython/3.9.14"
- - - [13/Mar/2023:23:46:27 -0400] "GET /v1/ports?fields=address%2Cextra HTTP/1.1" 200 268 720636 "-" "ironic-inspector keystoneauth1/5.1.0 python-requests/2.28.1 CPython/3.9.14"
- - - [13/Mar/2023:23:46:28 -0400] "GET /v1/ports?fields=address%2Cextra HTTP/1.1" 200 268 605062 "-" "ironic-inspector keystoneauth1/5.1.0 python-requests/2.28.1 CPython/3.9.14"
- - - [13/Mar/2023:23:46:33 -0400] "GET /v1/nodes/cfab9a63-c253-44b9-81e2-fda25d09cf97 HTTP/1.1" 200 3303 700046 "-" "python-urllib3/1.26.5"
- - - [13/Mar/2023:23:46:39 -0400] "GET /v1/nodes?fields=uuid HTTP/1.1" 200 271 588138 "-" "ironic-inspector keystoneauth1/5.1.0 python-requests/2.28.1 CPython/3.9.14"
- - - [13/Mar/2023:23:46:42 -0400] "GET /v1/ports?fields=address%2Cextra HTTP/1.1" 200 268 653008 "-" "ironic-inspector keystoneauth1/5.1.0 python-requests/2.28.1 CPython/3.9.14"
- - - [13/Mar/2023:23:46:43 -0400] "GET /v1/ports?fields=address%2Cextra HTTP/1.1" 200 268 637489 "-" "ironic-inspector keystoneauth1/5.1.0 python-requests/2.28.1 CPython/3.9.14"
- - - [13/Mar/2023:23:46:57 -0400] "GET /v1/ports?fields=address%2Cextra HTTP/1.1" 200 268 608289 "-" "ironic-inspector keystoneauth1/5.1.0 python-requests/2.28.1 CPython/3.9.14"
- - - [13/Mar/2023:23:46:58 -0400] "GET /v1/ports?fields=address%2Cextra HTTP/1.1" 200 268 643843 "-" "ironic-inspector keystoneauth1/5.1.0 python-requests/2.28.1 CPython/3.9.14"
- - - [13/Mar/2023:23:47:03 -0400] "GET /v1/nodes/cfab9a63-c253-44b9-81e2-fda25d09cf97 HTTP/1.1" 200 3303 550663 "-" "python-urllib3/1.26.5"
- - - [13/Mar/2023:23:47:12 -0400] "GET /v1/ports?fields=address%2Cextra HTTP/1.1" 200 268 560123 "-" "ironic-inspector keystoneauth1/5.1.0 python-requests/2.28.1 CPython/3.9.14"
- - - [13/Mar/2023:23:47:13 -0400] "GET /v1/ports?fields=address%2Cextra HTTP/1.1" 200 268 696491 "-" "ironic-inspector keystoneauth1/5.1.0 python-requests/2.28.1 CPython/3.9.14"
- - - [13/Mar/2023:23:47:27 -0400] "GET /v1/ports?fields=address%2Cextra HTTP/1.1" 200 268 681718 "-" "ironic-inspector keystoneauth1/5.1.0 python-requests/2.28.1 CPython/3.9.14"
- - - [13/Mar/2023:23:47:28 -0400] "GET /v1/ports?fields=address%2Cextra HTTP/1.1" 200 268 540845 "-" "ironic-inspector keystoneauth1/5.1.0 python-requests/2.28.1 CPython/3.9.14"
- - - [13/Mar/2023:23:47:34 -0400] "GET /v1/nodes/cfab9a63-c253-44b9-81e2-fda25d09cf97 HTTP/1.1" 200 3303 576432 "-" "python-urllib3/1.26.5"
- - - [13/Mar/2023:23:47:39 -0400] "GET /v1/nodes?fields=uuid HTTP/1.1" 200 271 607145 "-" "ironic-inspector keystoneauth1/5.1.0 python-requests/2.28.1 CPython/3.9.14"
- - - [13/Mar/2023:23:47:42 -0400] "GET /v1/ports?fields=address%2Cextra HTTP/1.1" 200 268 541178 "-" "ironic-inspector keystoneauth1/5.1.0 python-requests/2.28.1 CPython/3.9.14"
- - - [13/Mar/2023:23:47:43 -0400] "GET /v1/ports?fields=address%2Cextra HTTP/1.1" 200 268 544144 "-" "ironic-inspector keystoneauth1/5.1.0 python-requests/2.28.1 CPython/3.9.14"
- - - [13/Mar/2023:23:47:57 -0400] "GET /v1/ports?fields=address%2Cextra HTTP/1.1" 200 268 688422 "-" "ironic-inspector keystoneauth1/5.1.0 python-requests/2.28.1 CPython/3.9.14"
- - - [13/Mar/2023:23:47:58 -0400] "GET /v1/ports?fields=address%2Cextra HTTP/1.1" 200 268 656877 "-" "ironic-inspector keystoneauth1/5.1.0 python-requests/2.28.1 CPython/3.9.14"
- - - [13/Mar/2023:23:48:05 -0400] "GET /v1/nodes/cfab9a63-c253-44b9-81e2-fda25d09cf97 HTTP/1.1" 200 3303 669400 "-" "python-urllib3/1.26.5"
- - - [13/Mar/2023:23:48:12 -0400] "GET /v1/ports?fields=address%2Cextra HTTP/1.1" 200 268 495579 "-" "ironic-inspector keystoneauth1/5.1.0 python-requests/2.28.1 CPython/3.9.14"
- - - [13/Mar/2023:23:48:13 -0400] "GET /v1/ports?fields=address%2Cextra HTTP/1.1" 200 268 464201 "-" "ironic-inspector keystoneauth1/5.1.0 python-requests/2.28.1 CPython/3.9.14"
- - - [13/Mar/2023:23:48:27 -0400] "GET /v1/ports?fields=address%2Cextra HTTP/1.1" 200 268 630648 "-" "ironic-inspector keystoneauth1/5.1.0 python-requests/2.28.1 CPython/3.9.14"
- - - [13/Mar/2023:23:48:28 -0400] "GET /v1/ports?fields=address%2Cextra HTTP/1.1" 200 268 484027 "-" "ironic-inspector keystoneauth1/5.1.0 python-requests/2.28.1 CPython/3.9.14"
- - - [13/Mar/2023:23:48:35 -0400] "GET /v1/nodes/cfab9a63-c253-44b9-81e2-fda25d09cf97 HTTP/1.1" 200 3303 629114 "-" "python-urllib3/1.26.5"
- - - [13/Mar/2023:23:48:39 -0400] "GET /v1/nodes?fields=uuid HTTP/1.1" 200 271 432222 "-" "ironic-inspector keystoneauth1/5.1.0 python-requests/2.28.1 CPython/3.9.14"
- - - [13/Mar/2023:23:48:42 -0400] "GET /v1/ports?fields=address%2Cextra HTTP/1.1" 200 268 546580 "-" "ironic-inspector keystoneauth1/5.1.0 python-requests/2.28.1 CPython/3.9.14"
- - - [13/Mar/2023:23:48:43 -0400] "GET /v1/ports?fields=address%2Cextra HTTP/1.1" 200 268 721227 "-" "ironic-inspector keystoneauth1/5.1.0 python-requests/2.28.1 CPython/3.9.14"
- - - [13/Mar/2023:23:48:57 -0400] "GET /v1/ports?fields=address%2Cextra HTTP/1.1" 200 268 546135 "-" "ironic-inspector keystoneauth1/5.1.0 python-requests/2.28.1 CPython/3.9.14"
- - - [13/Mar/2023:23:48:58 -0400] "GET /v1/ports?fields=address%2Cextra HTTP/1.1" 200 268 642081 "-" "ironic-inspector keystoneauth1/5.1.0 python-requests/2.28.1 CPython/3.9.14"
- - - [13/Mar/2023:23:49:06 -0400] "GET /v1/nodes/cfab9a63-c253-44b9-81e2-fda25d09cf97 HTTP/1.1" 200 3303 776465 "-" "python-urllib3/1.26.5"
- - - [13/Mar/2023:23:49:12 -0400] "GET /v1/ports?fields=address%2Cextra HTTP/1.1" 200 268 661604 "-" "ironic-inspector keystoneauth1/5.1.0 python-requests/2.28.1 CPython/3.9.14"
- - - [13/Mar/2023:23:49:13 -0400] "GET /v1/ports?fields=address%2Cextra HTTP/1.1" 200 268 584078 "-" "ironic-inspector keystoneauth1/5.1.0 python-requests/2.28.1 CPython/3.9.14"
- - - [13/Mar/2023:23:49:27 -0400] "GET /v1/ports?fields=address%2Cextra HTTP/1.1" 200 268 662710 "-" "ironic-inspector keystoneauth1/5.1.0 python-requests/2.28.1 CPython/3.9.14"
- - - [13/Mar/2023:23:49:28 -0400] "GET /v1/ports?fields=address%2Cextra HTTP/1.1" 200 268 576667 "-" "ironic-inspector keystoneauth1/5.1.0 python-requests/2.28.1 CPython/3.9.14"
- - - [13/Mar/2023:23:49:37 -0400] "GET /v1/nodes/cfab9a63-c253-44b9-81e2-fda25d09cf97 HTTP/1.1" 200 3303 864599 "-" "python-urllib3/1.26.5"
- - - [13/Mar/2023:23:49:39 -0400] "GET /v1/nodes?fields=uuid HTTP/1.1" 200 271 699330 "-" "ironic-inspector keystoneauth1/5.1.0 python-requests/2.28.1 CPython/3.9.14"
- - - [13/Mar/2023:23:49:42 -0400] "GET /v1/ports?fields=address%2Cextra HTTP/1.1" 200 268 570897 "-" "ironic-inspector keystoneauth1/5.1.0 python-requests/2.28.1 CPython/3.9.14"
- - - [13/Mar/2023:23:49:43 -0400] "GET /v1/ports?fields=address%2Cextra HTTP/1.1" 200 268 596380 "-" "ironic-inspector keystoneauth1/5.1.0 python-requests/2.28.1 CPython/3.9.14"
- - - [13/Mar/2023:23:49:57 -0400] "GET /v1/ports?fields=address%2Cextra HTTP/1.1" 200 268 750283 "-" "ironic-inspector keystoneauth1/5.1.0 python-requests/2.28.1 CPython/3.9.14"
- - - [13/Mar/2023:23:49:58 -0400] "GET /v1/ports?fields=address%2Cextra HTTP/1.1" 200 268 613083 "-" "ironic-inspector keystoneauth1/5.1.0 python-requests/2.28.1 CPython/3.9.14"
- - - [13/Mar/2023:23:50:08 -0400] "GET /v1/nodes/cfab9a63-c253-44b9-81e2-fda25d09cf97 HTTP/1.1" 200 3303 597509 "-" "python-urllib3/1.26.5"
- - - [13/Mar/2023:23:50:12 -0400] "GET /v1/ports?fields=address%2Cextra HTTP/1.1" 200 268 552029 "-" "ironic-inspector keystoneauth1/5.1.0 python-requests/2.28.1 CPython/3.9.14"
- - - [13/Mar/2023:23:50:13 -0400] "GET /v1/ports?fields=address%2Cextra HTTP/1.1" 200 268 526442 "-" "ironic-inspector keystoneauth1/5.1.0 python-requests/2.28.1 CPython/3.9.14"
- - - [13/Mar/2023:23:50:27 -0400] "GET /v1/ports?fields=address%2Cextra HTTP/1.1" 200 268 615986 "-" "ironic-inspector keystoneauth1/5.1.0 python-requests/2.28.1 CPython/3.9.14"
- - - [13/Mar/2023:23:50:28 -0400] "GET /v1/ports?fields=address%2Cextra HTTP/1.1" 200 268 529977 "-" "ironic-inspector keystoneauth1/5.1.0 python-requests/2.28.1 CPython/3.9.14"
- - - [13/Mar/2023:23:50:38 -0400] "GET /v1/nodes/cfab9a63-c253-44b9-81e2-fda25d09cf97 HTTP/1.1" 200 3303 547496 "-" "python-urllib3/1.26.5"
- - - [13/Mar/2023:23:50:39 -0400] "GET /v1/nodes?fields=uuid HTTP/1.1" 200 271 767822 "-" "ironic-inspector keystoneauth1/5.1.0 python-requests/2.28.1 CPython/3.9.14"
- - - [13/Mar/2023:23:50:42 -0400] "GET /v1/ports?fields=address%2Cextra HTTP/1.1" 200 268 535492 "-" "ironic-inspector keystoneauth1/5.1.0 python-requests/2.28.1 CPython/3.9.14"
- - - [13/Mar/2023:23:50:43 -0400] "GET /v1/ports?fields=address%2Cextra HTTP/1.1" 200 268 492746 "-" "ironic-inspector keystoneauth1/5.1.0 python-requests/2.28.1 CPython/3.9.14"
- - - [13/Mar/2023:23:50:57 -0400] "GET /v1/ports?fields=address%2Cextra HTTP/1.1" 200 268 527111 "-" "ironic-inspector keystoneauth1/5.1.0 python-requests/2.28.1 CPython/3.9.14"
- - - [13/Mar/2023:23:50:58 -0400] "GET /v1/ports?fields=address%2Cextra HTTP/1.1" 200 268 510182 "-" "ironic-inspector keystoneauth1/5.1.0 python-requests/2.28.1 CPython/3.9.14"
- - - [13/Mar/2023:23:51:09 -0400] "GET /v1/nodes/cfab9a63-c253-44b9-81e2-fda25d09cf97 HTTP/1.1" 200 2778 624462 "-" "python-urllib3/1.26.5"
- - - [13/Mar/2023:23:51:10 -0400] "GET /v1/nodes/cfab9a63-c253-44b9-81e2-fda25d09cf97/vifs HTTP/1.1" 200 12 643294 "-" "python-urllib3/1.26.5"
- - - [13/Mar/2023:23:51:12 -0400] "GET /v1/ports?fields=address%2Cextra HTTP/1.1" 200 268 512435 "-" "ironic-inspector keystoneauth1/5.1.0 python-requests/2.28.1 CPython/3.9.14"
- - - [13/Mar/2023:23:51:13 -0400] "GET /v1/ports?fields=address%2Cextra HTTP/1.1" 200 268 906584 "-" "ironic-inspector keystoneauth1/5.1.0 python-requests/2.28.1 CPython/3.9.14"
- - - [13/Mar/2023:23:51:27 -0400] "GET /v1/ports?fields=address%2Cextra HTTP/1.1" 200 268 576262 "-" "ironic-inspector keystoneauth1/5.1.0 python-requests/2.28.1 CPython/3.9.14"
- - - [13/Mar/2023:23:51:28 -0400] "GET /v1/ports?fields=address%2Cextra HTTP/1.1" 200 268 541231 "-" "ironic-inspector keystoneauth1/5.1.0 python-requests/2.28.1 CPython/3.9.14"
- - - [13/Mar/2023:23:51:39 -0400] "GET /v1/nodes?fields=uuid HTTP/1.1" 200 271 584767 "-" "ironic-inspector keystoneauth1/5.1.0 python-requests/2.28.1 CPython/3.9.14"
- - - [13/Mar/2023:23:51:42 -0400] "GET /v1/ports?fields=address%2Cextra HTTP/1.1" 200 268 502757 "-" "ironic-inspector keystoneauth1/5.1.0 python-requests/2.28.1 CPython/3.9.14"
- - - [13/Mar/2023:23:51:43 -0400] "GET /v1/ports?fields=address%2Cextra HTTP/1.1" 200 268 536880 "-" "ironic-inspector keystoneauth1/5.1.0 python-requests/2.28.1 CPython/3.9.14"
- - - [13/Mar/2023:23:51:57 -0400] "GET /v1/ports?fields=address%2Cextra HTTP/1.1" 200 268 516258 "-" "ironic-inspector keystoneauth1/5.1.0 python-requests/2.28.1 CPython/3.9.14"
- - - [13/Mar/2023:23:51:58 -0400] "GET /v1/ports?fields=address%2Cextra HTTP/1.1" 200 268 467271 "-" "ironic-inspector keystoneauth1/5.1.0 python-requests/2.28.1 CPython/3.9.14"
- - - [13/Mar/2023:23:52:12 -0400] "GET /v1/ports?fields=address%2Cextra HTTP/1.1" 200 268 491757 "-" "ironic-inspector keystoneauth1/5.1.0 python-requests/2.28.1 CPython/3.9.14"
- - - [13/Mar/2023:23:52:13 -0400] "GET /v1/ports?fields=address%2Cextra HTTP/1.1" 200 268 504788 "-" "ironic-inspector keystoneauth1/5.1.0 python-requests/2.28.1 CPython/3.9.14"
- - - [13/Mar/2023:23:52:27 -0400] "GET /v1/ports?fields=address%2Cextra HTTP/1.1" 200 268 480327 "-" "ironic-inspector keystoneauth1/5.1.0 python-requests/2.28.1 CPython/3.9.14"
- - - [13/Mar/2023:23:52:28 -0400] "GET /v1/ports?fields=address%2Cextra HTTP/1.1" 200 268 447612 "-" "ironic-inspector keystoneauth1/5.1.0 python-requests/2.28.1 CPython/3.9.14"
- - - [13/Mar/2023:23:52:39 -0400] "GET /v1/nodes?fields=uuid HTTP/1.1" 200 271 516421 "-" "ironic-inspector keystoneauth1/5.1.0 python-requests/2.28.1 CPython/3.9.14"
- - - [13/Mar/2023:23:52:42 -0400] "GET /v1/ports?fields=address%2Cextra HTTP/1.1" 200 268 604349 "-" "ironic-inspector keystoneauth1/5.1.0 python-requests/2.28.1 CPython/3.9.14"
- - - [13/Mar/2023:23:52:43 -0400] "GET /v1/ports?fields=address%2Cextra HTTP/1.1" 200 268 528199 "-" "ironic-inspector keystoneauth1/5.1.0 python-requests/2.28.1 CPython/3.9.14"
- - - [13/Mar/2023:23:52:57 -0400] "GET /v1/ports?fields=address%2Cextra HTTP/1.1" 200 268 577708 "-" "ironic-inspector keystoneauth1/5.1.0 python-requests/2.28.1 CPython/3.9.14"
- - - [13/Mar/2023:23:52:58 -0400] "GET /v1/ports?fields=address%2Cextra HTTP/1.1" 200 268 687008 "-" "ironic-inspector keystoneauth1/5.1.0 python-requests/2.28.1 CPython/3.9.14"
- - - [13/Mar/2023:23:53:12 -0400] "GET /v1/ports?fields=address%2Cextra HTTP/1.1" 200 268 605350 "-" "ironic-inspector keystoneauth1/5.1.0 python-requests/2.28.1 CPython/3.9.14"
- - - [13/Mar/2023:23:53:13 -0400] "GET /v1/ports?fields=address%2Cextra HTTP/1.1" 200 268 524240 "-" "ironic-inspector keystoneauth1/5.1.0 python-requests/2.28.1 CPython/3.9.14"
- - - [13/Mar/2023:23:53:27 -0400] "GET /v1/ports?fields=address%2Cextra HTTP/1.1" 200 268 620050 "-" "ironic-inspector keystoneauth1/5.1.0 python-requests/2.28.1 CPython/3.9.14"
- - - [13/Mar/2023:23:53:28 -0400] "GET /v1/ports?fields=address%2Cextra HTTP/1.1" 200 268 534030 "-" "ironic-inspector keystoneauth1/5.1.0 python-requests/2.28.1 CPython/3.9.14"
- - - [13/Mar/2023:23:53:39 -0400] "GET /v1/nodes?fields=uuid HTTP/1.1" 200 271 544796 "-" "ironic-inspector keystoneauth1/5.1.0 python-requests/2.28.1 CPython/3.9.14"
