- - - [15/Feb/2023:21:07:57 -0500] "GET / HTTP/1.1" 300 267 6519808 "-" "openstacksdk/0.61.0 keystoneauth1/5.1.0 python-requests/2.28.1 CPython/3.9.14"
- - - [15/Feb/2023:21:08:03 -0500] "POST /v3/auth/tokens HTTP/1.1" 201 949 7867776 "-" "openstacksdk/0.61.0 keystoneauth1/5.1.0 python-requests/2.28.1 CPython/3.9.14"
- - - [15/Feb/2023:21:08:11 -0500] "GET /v3/services HTTP/1.1" 200 299 7258622 "-" "openstacksdk/0.61.0 keystoneauth1/5.1.0 python-requests/2.28.1 CPython/3.9.14"
- - - [15/Feb/2023:21:08:18 -0500] "PATCH /v3/services/dd56b20ee9624482aa5b8260b12c9fb9 HTTP/1.1" 200 250 1263276 "-" "openstacksdk/0.61.0 keystoneauth1/5.1.0 python-requests/2.28.1 CPython/3.9.14"
- - - [15/Feb/2023:21:08:26 -0500] "GET / HTTP/1.1" 300 267 14503 "-" "openstacksdk/0.61.0 keystoneauth1/5.1.0 python-requests/2.28.1 CPython/3.9.14"
- - - [15/Feb/2023:21:08:26 -0500] "POST /v3/auth/tokens HTTP/1.1" 201 949 1024570 "-" "openstacksdk/0.61.0 keystoneauth1/5.1.0 python-requests/2.28.1 CPython/3.9.14"
- - - [15/Feb/2023:21:08:27 -0500] "GET /v3/services HTTP/1.1" 200 344 414282 "-" "openstacksdk/0.61.0 keystoneauth1/5.1.0 python-requests/2.28.1 CPython/3.9.14"
- - - [15/Feb/2023:21:08:27 -0500] "GET /v3/endpoints HTTP/1.1" 200 732 532967 "-" "openstacksdk/0.61.0 keystoneauth1/5.1.0 python-requests/2.28.1 CPython/3.9.14"
- - - [15/Feb/2023:21:08:33 -0500] "GET / HTTP/1.1" 300 267 7656 "-" "openstacksdk/0.61.0 keystoneauth1/5.1.0 python-requests/2.28.1 CPython/3.9.14"
- - - [15/Feb/2023:21:08:33 -0500] "POST /v3/auth/tokens HTTP/1.1" 201 949 981998 "-" "openstacksdk/0.61.0 keystoneauth1/5.1.0 python-requests/2.28.1 CPython/3.9.14"
- - - [15/Feb/2023:21:08:34 -0500] "GET /v3/services HTTP/1.1" 200 344 560930 "-" "openstacksdk/0.61.0 keystoneauth1/5.1.0 python-requests/2.28.1 CPython/3.9.14"
- - - [15/Feb/2023:21:08:35 -0500] "GET /v3/endpoints HTTP/1.1" 200 732 564313 "-" "openstacksdk/0.61.0 keystoneauth1/5.1.0 python-requests/2.28.1 CPython/3.9.14"
- - - [15/Feb/2023:21:08:42 -0500] "GET / HTTP/1.1" 300 267 13206 "-" "openstacksdk/0.61.0 keystoneauth1/5.1.0 python-requests/2.28.1 CPython/3.9.14"
- - - [15/Feb/2023:21:08:42 -0500] "POST /v3/auth/tokens HTTP/1.1" 201 949 831616 "-" "openstacksdk/0.61.0 keystoneauth1/5.1.0 python-requests/2.28.1 CPython/3.9.14"
- - - [15/Feb/2023:21:08:43 -0500] "GET /v3/roles HTTP/1.1" 200 768 447247 "-" "openstacksdk/0.61.0 keystoneauth1/5.1.0 python-requests/2.28.1 CPython/3.9.14"
- - - [15/Feb/2023:21:08:43 -0500] "POST /v3/roles HTTP/1.1" 201 217 522996 "-" "openstacksdk/0.61.0 keystoneauth1/5.1.0 python-requests/2.28.1 CPython/3.9.14"
- - - [15/Feb/2023:21:08:50 -0500] "GET / HTTP/1.1" 300 267 9998 "-" "openstacksdk/0.61.0 keystoneauth1/5.1.0 python-requests/2.28.1 CPython/3.9.14"
- - - [15/Feb/2023:21:08:50 -0500] "POST /v3/auth/tokens HTTP/1.1" 201 949 945323 "-" "openstacksdk/0.61.0 keystoneauth1/5.1.0 python-requests/2.28.1 CPython/3.9.14"
- - - [15/Feb/2023:21:08:51 -0500] "GET /v3/services HTTP/1.1" 200 344 417311 "-" "openstacksdk/0.61.0 keystoneauth1/5.1.0 python-requests/2.28.1 CPython/3.9.14"
- - - [15/Feb/2023:21:08:52 -0500] "POST /v3/services HTTP/1.1" 201 260 1108689 "-" "openstacksdk/0.61.0 keystoneauth1/5.1.0 python-requests/2.28.1 CPython/3.9.14"
- - - [15/Feb/2023:21:08:59 -0500] "GET / HTTP/1.1" 300 267 9953 "-" "openstacksdk/0.61.0 keystoneauth1/5.1.0 python-requests/2.28.1 CPython/3.9.14"
- - - [15/Feb/2023:21:08:59 -0500] "POST /v3/auth/tokens HTTP/1.1" 201 1049 1176597 "-" "openstacksdk/0.61.0 keystoneauth1/5.1.0 python-requests/2.28.1 CPython/3.9.14"
- - - [15/Feb/2023:21:09:00 -0500] "GET /v3/services HTTP/1.1" 200 592 404446 "-" "openstacksdk/0.61.0 keystoneauth1/5.1.0 python-requests/2.28.1 CPython/3.9.14"
- - - [15/Feb/2023:21:09:00 -0500] "POST /v3/services HTTP/1.1" 201 295 897987 "-" "openstacksdk/0.61.0 keystoneauth1/5.1.0 python-requests/2.28.1 CPython/3.9.14"
- - - [15/Feb/2023:21:09:07 -0500] "GET / HTTP/1.1" 300 267 9792 "-" "openstacksdk/0.61.0 keystoneauth1/5.1.0 python-requests/2.28.1 CPython/3.9.14"
- - - [15/Feb/2023:21:09:07 -0500] "POST /v3/auth/tokens HTTP/1.1" 201 1173 815507 "-" "openstacksdk/0.61.0 keystoneauth1/5.1.0 python-requests/2.28.1 CPython/3.9.14"
- - - [15/Feb/2023:21:09:08 -0500] "GET /v3/services HTTP/1.1" 200 875 448158 "-" "openstacksdk/0.61.0 keystoneauth1/5.1.0 python-requests/2.28.1 CPython/3.9.14"
- - - [15/Feb/2023:21:09:08 -0500] "GET /v3/endpoints HTTP/1.1" 200 732 508826 "-" "openstacksdk/0.61.0 keystoneauth1/5.1.0 python-requests/2.28.1 CPython/3.9.14"
- - - [15/Feb/2023:21:09:09 -0500] "GET /v3/services HTTP/1.1" 200 875 306263 "-" "openstacksdk/0.61.0 keystoneauth1/5.1.0 python-requests/2.28.1 CPython/3.9.14"
- - - [15/Feb/2023:21:09:09 -0500] "POST /v3/endpoints HTTP/1.1" 201 326 520974 "-" "openstacksdk/0.61.0 keystoneauth1/5.1.0 python-requests/2.28.1 CPython/3.9.14"
- - - [15/Feb/2023:21:09:15 -0500] "GET / HTTP/1.1" 300 267 10821 "-" "openstacksdk/0.61.0 keystoneauth1/5.1.0 python-requests/2.28.1 CPython/3.9.14"
- - - [15/Feb/2023:21:09:15 -0500] "POST /v3/auth/tokens HTTP/1.1" 201 1324 855144 "-" "openstacksdk/0.61.0 keystoneauth1/5.1.0 python-requests/2.28.1 CPython/3.9.14"
- - - [15/Feb/2023:21:09:16 -0500] "GET /v3/services HTTP/1.1" 200 875 391062 "-" "openstacksdk/0.61.0 keystoneauth1/5.1.0 python-requests/2.28.1 CPython/3.9.14"
- - - [15/Feb/2023:21:09:16 -0500] "GET /v3/endpoints HTTP/1.1" 200 1045 549683 "-" "openstacksdk/0.61.0 keystoneauth1/5.1.0 python-requests/2.28.1 CPython/3.9.14"
- - - [15/Feb/2023:21:09:17 -0500] "GET /v3/services HTTP/1.1" 200 875 328570 "-" "openstacksdk/0.61.0 keystoneauth1/5.1.0 python-requests/2.28.1 CPython/3.9.14"
- - - [15/Feb/2023:21:09:17 -0500] "POST /v3/endpoints HTTP/1.1" 201 324 371424 "-" "openstacksdk/0.61.0 keystoneauth1/5.1.0 python-requests/2.28.1 CPython/3.9.14"
- - - [15/Feb/2023:21:09:23 -0500] "GET / HTTP/1.1" 300 267 13058 "-" "openstacksdk/0.61.0 keystoneauth1/5.1.0 python-requests/2.28.1 CPython/3.9.14"
- - - [15/Feb/2023:21:09:23 -0500] "POST /v3/auth/tokens HTTP/1.1" 201 1475 913338 "-" "openstacksdk/0.61.0 keystoneauth1/5.1.0 python-requests/2.28.1 CPython/3.9.14"
- - - [15/Feb/2023:21:09:24 -0500] "GET /v3/services HTTP/1.1" 200 875 427941 "-" "openstacksdk/0.61.0 keystoneauth1/5.1.0 python-requests/2.28.1 CPython/3.9.14"
- - - [15/Feb/2023:21:09:25 -0500] "GET /v3/endpoints HTTP/1.1" 200 1356 511647 "-" "openstacksdk/0.61.0 keystoneauth1/5.1.0 python-requests/2.28.1 CPython/3.9.14"
- - - [15/Feb/2023:21:09:25 -0500] "GET /v3/services HTTP/1.1" 200 875 323941 "-" "openstacksdk/0.61.0 keystoneauth1/5.1.0 python-requests/2.28.1 CPython/3.9.14"
- - - [15/Feb/2023:21:09:25 -0500] "POST /v3/endpoints HTTP/1.1" 201 326 421178 "-" "openstacksdk/0.61.0 keystoneauth1/5.1.0 python-requests/2.28.1 CPython/3.9.14"
- - - [15/Feb/2023:21:09:31 -0500] "GET / HTTP/1.1" 300 267 6806 "-" "openstacksdk/0.61.0 keystoneauth1/5.1.0 python-requests/2.28.1 CPython/3.9.14"
- - - [15/Feb/2023:21:09:31 -0500] "POST /v3/auth/tokens HTTP/1.1" 201 1626 790571 "-" "openstacksdk/0.61.0 keystoneauth1/5.1.0 python-requests/2.28.1 CPython/3.9.14"
- - - [15/Feb/2023:21:09:32 -0500] "GET /v3/services HTTP/1.1" 200 875 347975 "-" "openstacksdk/0.61.0 keystoneauth1/5.1.0 python-requests/2.28.1 CPython/3.9.14"
- - - [15/Feb/2023:21:09:33 -0500] "GET /v3/endpoints HTTP/1.1" 200 1669 408407 "-" "openstacksdk/0.61.0 keystoneauth1/5.1.0 python-requests/2.28.1 CPython/3.9.14"
- - - [15/Feb/2023:21:09:33 -0500] "GET /v3/services HTTP/1.1" 200 875 304659 "-" "openstacksdk/0.61.0 keystoneauth1/5.1.0 python-requests/2.28.1 CPython/3.9.14"
- - - [15/Feb/2023:21:09:33 -0500] "POST /v3/endpoints HTTP/1.1" 201 324 479839 "-" "openstacksdk/0.61.0 keystoneauth1/5.1.0 python-requests/2.28.1 CPython/3.9.14"
- - - [15/Feb/2023:21:09:39 -0500] "GET / HTTP/1.1" 300 267 14859 "-" "openstacksdk/0.61.0 keystoneauth1/5.1.0 python-requests/2.28.1 CPython/3.9.14"
- - - [15/Feb/2023:21:09:39 -0500] "POST /v3/auth/tokens HTTP/1.1" 201 1777 873318 "-" "openstacksdk/0.61.0 keystoneauth1/5.1.0 python-requests/2.28.1 CPython/3.9.14"
- - - [15/Feb/2023:21:09:40 -0500] "GET /v3/domains/default HTTP/1.1" 200 196 453883 "-" "openstacksdk/0.61.0 keystoneauth1/5.1.0 python-requests/2.28.1 CPython/3.9.14"
- - - [15/Feb/2023:21:09:41 -0500] "GET /v3/projects?domain_id=default HTTP/1.1" 200 453 521833 "-" "openstacksdk/0.61.0 keystoneauth1/5.1.0 python-requests/2.28.1 CPython/3.9.14"
- - - [15/Feb/2023:21:09:41 -0500] "POST /v3/projects HTTP/1.1" 201 300 566013 "-" "openstacksdk/0.61.0 keystoneauth1/5.1.0 python-requests/2.28.1 CPython/3.9.14"
- - - [15/Feb/2023:21:09:42 -0500] "GET /v3/projects HTTP/1.1" 200 723 505954 "-" "openstacksdk/0.61.0 keystoneauth1/5.1.0 python-requests/2.28.1 CPython/3.9.14"
- - - [15/Feb/2023:21:09:42 -0500] "PATCH /v3/projects/46974a14bdb845cdb3d0286de5c448ec HTTP/1.1" 200 313 467876 "-" "openstacksdk/0.61.0 keystoneauth1/5.1.0 python-requests/2.28.1 CPython/3.9.14"
- - - [15/Feb/2023:21:09:49 -0500] "GET / HTTP/1.1" 300 267 9320 "-" "openstacksdk/0.61.0 keystoneauth1/5.1.0 python-requests/2.28.1 CPython/3.9.14"
- - - [15/Feb/2023:21:09:49 -0500] "POST /v3/auth/tokens HTTP/1.1" 201 1777 826439 "-" "openstacksdk/0.61.0 keystoneauth1/5.1.0 python-requests/2.28.1 CPython/3.9.14"
- - - [15/Feb/2023:21:09:50 -0500] "GET /v3/domains/default HTTP/1.1" 200 196 433114 "-" "openstacksdk/0.61.0 keystoneauth1/5.1.0 python-requests/2.28.1 CPython/3.9.14"
- - - [15/Feb/2023:21:09:50 -0500] "GET /v3/users?domain_id=default&name=ironic HTTP/1.1" 200 132 577574 "-" "openstacksdk/0.61.0 keystoneauth1/5.1.0 python-requests/2.28.1 CPython/3.9.14"
- - - [15/Feb/2023:21:09:51 -0500] "GET /v3/projects/service?domain_id=default HTTP/1.1" 404 88 427258 "-" "openstacksdk/0.61.0 keystoneauth1/5.1.0 python-requests/2.28.1 CPython/3.9.14"
- - - [15/Feb/2023:21:09:51 -0500] "GET /v3/projects?domain_id=default&name=service HTTP/1.1" 200 425 411393 "-" "openstacksdk/0.61.0 keystoneauth1/5.1.0 python-requests/2.28.1 CPython/3.9.14"
- - - [15/Feb/2023:21:09:52 -0500] "GET /v3/projects HTTP/1.1" 200 723 549222 "-" "openstacksdk/0.61.0 keystoneauth1/5.1.0 python-requests/2.28.1 CPython/3.9.14"
- - - [15/Feb/2023:21:09:52 -0500] "POST /v3/users HTTP/1.1" 201 339 918886 "-" "openstacksdk/0.61.0 keystoneauth1/5.1.0 python-requests/2.28.1 CPython/3.9.14"
- - - [15/Feb/2023:21:09:58 -0500] "GET / HTTP/1.1" 300 267 7698 "-" "openstacksdk/0.61.0 keystoneauth1/5.1.0 python-requests/2.28.1 CPython/3.9.14"
- - - [15/Feb/2023:21:09:58 -0500] "POST /v3/auth/tokens HTTP/1.1" 201 1777 765254 "-" "openstacksdk/0.61.0 keystoneauth1/5.1.0 python-requests/2.28.1 CPython/3.9.14"
- - - [15/Feb/2023:21:09:59 -0500] "GET /v3/domains/default HTTP/1.1" 200 196 312956 "-" "openstacksdk/0.61.0 keystoneauth1/5.1.0 python-requests/2.28.1 CPython/3.9.14"
- - - [15/Feb/2023:21:09:59 -0500] "GET /v3/users?domain_id=default&name=ironic-inspector HTTP/1.1" 200 142 451925 "-" "openstacksdk/0.61.0 keystoneauth1/5.1.0 python-requests/2.28.1 CPython/3.9.14"
- - - [15/Feb/2023:21:10:00 -0500] "GET /v3/projects/service?domain_id=default HTTP/1.1" 404 88 356861 "-" "openstacksdk/0.61.0 keystoneauth1/5.1.0 python-requests/2.28.1 CPython/3.9.14"
- - - [15/Feb/2023:21:10:00 -0500] "GET /v3/projects?domain_id=default&name=service HTTP/1.1" 200 425 403835 "-" "openstacksdk/0.61.0 keystoneauth1/5.1.0 python-requests/2.28.1 CPython/3.9.14"
- - - [15/Feb/2023:21:10:01 -0500] "GET /v3/projects HTTP/1.1" 200 723 364540 "-" "openstacksdk/0.61.0 keystoneauth1/5.1.0 python-requests/2.28.1 CPython/3.9.14"
- - - [15/Feb/2023:21:10:01 -0500] "POST /v3/users HTTP/1.1" 201 349 1093428 "-" "openstacksdk/0.61.0 keystoneauth1/5.1.0 python-requests/2.28.1 CPython/3.9.14"
- - - [15/Feb/2023:21:10:08 -0500] "GET / HTTP/1.1" 300 267 11642 "-" "openstacksdk/0.61.0 keystoneauth1/5.1.0 python-requests/2.28.1 CPython/3.9.14"
- - - [15/Feb/2023:21:10:08 -0500] "POST /v3/auth/tokens HTTP/1.1" 201 1777 815273 "-" "openstacksdk/0.61.0 keystoneauth1/5.1.0 python-requests/2.28.1 CPython/3.9.14"
- - - [15/Feb/2023:21:10:09 -0500] "GET /v3/roles HTTP/1.1" 200 976 500688 "-" "openstacksdk/0.61.0 keystoneauth1/5.1.0 python-requests/2.28.1 CPython/3.9.14"
- - - [15/Feb/2023:21:10:15 -0500] "GET / HTTP/1.1" 300 267 7199 "-" "openstacksdk/0.61.0 keystoneauth1/5.1.0 python-requests/2.28.1 CPython/3.9.14"
- - - [15/Feb/2023:21:10:15 -0500] "POST /v3/auth/tokens HTTP/1.1" 201 1777 842592 "-" "openstacksdk/0.61.0 keystoneauth1/5.1.0 python-requests/2.28.1 CPython/3.9.14"
- - - [15/Feb/2023:21:10:16 -0500] "GET /v3/roles/admin HTTP/1.1" 404 83 500715 "-" "openstacksdk/0.61.0 keystoneauth1/5.1.0 python-requests/2.28.1 CPython/3.9.14"
- - - [15/Feb/2023:21:10:16 -0500] "GET /v3/roles?name=admin HTTP/1.1" 200 333 593940 "-" "openstacksdk/0.61.0 keystoneauth1/5.1.0 python-requests/2.28.1 CPython/3.9.14"
- - - [15/Feb/2023:21:10:17 -0500] "GET /v3/domains/default HTTP/1.1" 200 196 306228 "-" "openstacksdk/0.61.0 keystoneauth1/5.1.0 python-requests/2.28.1 CPython/3.9.14"
- - - [15/Feb/2023:21:10:17 -0500] "GET /v3/users/ironic?domain_id=default HTTP/1.1" 404 84 462827 "-" "openstacksdk/0.61.0 keystoneauth1/5.1.0 python-requests/2.28.1 CPython/3.9.14"
- - - [15/Feb/2023:21:10:18 -0500] "GET /v3/users?domain_id=default&name=ironic HTTP/1.1" 200 460 530531 "-" "openstacksdk/0.61.0 keystoneauth1/5.1.0 python-requests/2.28.1 CPython/3.9.14"
- - - [15/Feb/2023:21:10:18 -0500] "GET /v3/projects/service?domain_id=default HTTP/1.1" 404 88 384767 "-" "openstacksdk/0.61.0 keystoneauth1/5.1.0 python-requests/2.28.1 CPython/3.9.14"
- - - [15/Feb/2023:21:10:19 -0500] "GET /v3/projects?domain_id=default&name=service HTTP/1.1" 200 425 430555 "-" "openstacksdk/0.61.0 keystoneauth1/5.1.0 python-requests/2.28.1 CPython/3.9.14"
- - - [15/Feb/2023:21:10:19 -0500] "GET /v3/role_assignments?role.id=fb925e9459c945e19a6d2862dc9fbcd8&user.id=060172f877c643fdb594af8e98ec99df&scope.project.id=46974a14bdb845cdb3d0286de5c448ec HTTP/1.1" 200 256 424701 "-" "openstacksdk/0.61.0 keystoneauth1/5.1.0 python-requests/2.28.1 CPython/3.9.14"
- - - [15/Feb/2023:21:10:20 -0500] "GET /v3/roles HTTP/1.1" 200 976 411310 "-" "openstacksdk/0.61.0 keystoneauth1/5.1.0 python-requests/2.28.1 CPython/3.9.14"
- - - [15/Feb/2023:21:10:20 -0500] "GET /v3/domains/default HTTP/1.1" 200 196 446548 "-" "openstacksdk/0.61.0 keystoneauth1/5.1.0 python-requests/2.28.1 CPython/3.9.14"
- - - [15/Feb/2023:21:10:21 -0500] "GET /v3/users?domain_id=default&name=ironic HTTP/1.1" 200 460 523612 "-" "openstacksdk/0.61.0 keystoneauth1/5.1.0 python-requests/2.28.1 CPython/3.9.14"
- - - [15/Feb/2023:21:10:21 -0500] "GET /v3/projects?domain_id=default HTTP/1.1" 200 741 414024 "-" "openstacksdk/0.61.0 keystoneauth1/5.1.0 python-requests/2.28.1 CPython/3.9.14"
- - - [15/Feb/2023:21:10:22 -0500] "GET /v3/role_assignments?role.id=fb925e9459c945e19a6d2862dc9fbcd8&user.id=060172f877c643fdb594af8e98ec99df&scope.project.id=46974a14bdb845cdb3d0286de5c448ec HTTP/1.1" 200 256 396077 "-" "openstacksdk/0.61.0 keystoneauth1/5.1.0 python-requests/2.28.1 CPython/3.9.14"
- - - [15/Feb/2023:21:10:22 -0500] "PUT /v3/projects/46974a14bdb845cdb3d0286de5c448ec/users/060172f877c643fdb594af8e98ec99df/roles/fb925e9459c945e19a6d2862dc9fbcd8 HTTP/1.1" 204 - 450355 "-" "openstacksdk/0.61.0 keystoneauth1/5.1.0 python-requests/2.28.1 CPython/3.9.14"
- - - [15/Feb/2023:21:10:27 -0500] "GET / HTTP/1.1" 300 267 8242 "-" "openstacksdk/0.61.0 keystoneauth1/5.1.0 python-requests/2.28.1 CPython/3.9.14"
- - - [15/Feb/2023:21:10:27 -0500] "POST /v3/auth/tokens HTTP/1.1" 201 1777 915417 "-" "openstacksdk/0.61.0 keystoneauth1/5.1.0 python-requests/2.28.1 CPython/3.9.14"
- - - [15/Feb/2023:21:10:28 -0500] "GET /v3/roles/admin HTTP/1.1" 404 83 595504 "-" "openstacksdk/0.61.0 keystoneauth1/5.1.0 python-requests/2.28.1 CPython/3.9.14"
- - - [15/Feb/2023:21:10:29 -0500] "GET /v3/roles?name=admin HTTP/1.1" 200 333 571341 "-" "openstacksdk/0.61.0 keystoneauth1/5.1.0 python-requests/2.28.1 CPython/3.9.14"
- - - [15/Feb/2023:21:10:30 -0500] "GET /v3/domains/default HTTP/1.1" 200 196 381652 "-" "openstacksdk/0.61.0 keystoneauth1/5.1.0 python-requests/2.28.1 CPython/3.9.14"
- - - [15/Feb/2023:21:10:30 -0500] "GET /v3/users/ironic-inspector?domain_id=default HTTP/1.1" 404 94 378832 "-" "openstacksdk/0.61.0 keystoneauth1/5.1.0 python-requests/2.28.1 CPython/3.9.14"
- - - [15/Feb/2023:21:10:30 -0500] "GET /v3/users?domain_id=default&name=ironic-inspector HTTP/1.1" 200 480 387097 "-" "openstacksdk/0.61.0 keystoneauth1/5.1.0 python-requests/2.28.1 CPython/3.9.14"
- - - [15/Feb/2023:21:10:31 -0500] "GET /v3/projects/service?domain_id=default HTTP/1.1" 404 88 412480 "-" "openstacksdk/0.61.0 keystoneauth1/5.1.0 python-requests/2.28.1 CPython/3.9.14"
- - - [15/Feb/2023:21:10:31 -0500] "GET /v3/projects?domain_id=default&name=service HTTP/1.1" 200 425 371415 "-" "openstacksdk/0.61.0 keystoneauth1/5.1.0 python-requests/2.28.1 CPython/3.9.14"
- - - [15/Feb/2023:21:10:31 -0500] "GET /v3/role_assignments?role.id=fb925e9459c945e19a6d2862dc9fbcd8&user.id=75986813b85d4cdea4662d9e25e1c8ea&scope.project.id=46974a14bdb845cdb3d0286de5c448ec HTTP/1.1" 200 256 357618 "-" "openstacksdk/0.61.0 keystoneauth1/5.1.0 python-requests/2.28.1 CPython/3.9.14"
- - - [15/Feb/2023:21:10:32 -0500] "GET /v3/roles HTTP/1.1" 200 976 371871 "-" "openstacksdk/0.61.0 keystoneauth1/5.1.0 python-requests/2.28.1 CPython/3.9.14"
- - - [15/Feb/2023:21:10:32 -0500] "GET /v3/domains/default HTTP/1.1" 200 196 418647 "-" "openstacksdk/0.61.0 keystoneauth1/5.1.0 python-requests/2.28.1 CPython/3.9.14"
- - - [15/Feb/2023:21:10:33 -0500] "GET /v3/users?domain_id=default&name=ironic-inspector HTTP/1.1" 200 480 377610 "-" "openstacksdk/0.61.0 keystoneauth1/5.1.0 python-requests/2.28.1 CPython/3.9.14"
- - - [15/Feb/2023:21:10:33 -0500] "GET /v3/projects?domain_id=default HTTP/1.1" 200 741 375978 "-" "openstacksdk/0.61.0 keystoneauth1/5.1.0 python-requests/2.28.1 CPython/3.9.14"
- - - [15/Feb/2023:21:10:33 -0500] "GET /v3/role_assignments?role.id=fb925e9459c945e19a6d2862dc9fbcd8&user.id=75986813b85d4cdea4662d9e25e1c8ea&scope.project.id=46974a14bdb845cdb3d0286de5c448ec HTTP/1.1" 200 256 315349 "-" "openstacksdk/0.61.0 keystoneauth1/5.1.0 python-requests/2.28.1 CPython/3.9.14"
- - - [15/Feb/2023:21:10:34 -0500] "PUT /v3/projects/46974a14bdb845cdb3d0286de5c448ec/users/75986813b85d4cdea4662d9e25e1c8ea/roles/fb925e9459c945e19a6d2862dc9fbcd8 HTTP/1.1" 204 - 412050 "-" "openstacksdk/0.61.0 keystoneauth1/5.1.0 python-requests/2.28.1 CPython/3.9.14"
- - - [15/Feb/2023:21:12:48 -0500] "GET / HTTP/1.1" 300 267 23728 "-" "ironic-inspector keystoneauth1/5.1.0 python-requests/2.28.1 CPython/3.9.14"
- - - [15/Feb/2023:21:12:48 -0500] "POST /v3/auth/tokens HTTP/1.1" 201 1905 1484546 "-" "ironic-inspector keystoneauth1/5.1.0 python-requests/2.28.1 CPython/3.9.14"
- - - [15/Feb/2023:21:13:03 -0500] "GET / HTTP/1.1" 300 267 10670 "-" "ironic-inspector keystoneauth1/5.1.0 python-requests/2.28.1 CPython/3.9.14"
- - - [15/Feb/2023:21:13:03 -0500] "POST /v3/auth/tokens HTTP/1.1" 201 1905 848631 "-" "ironic-inspector keystoneauth1/5.1.0 python-requests/2.28.1 CPython/3.9.14"
- - - [15/Feb/2023:21:13:14 -0500] "GET / HTTP/1.1" 300 267 12578 "-" "ironic/21.2.0.dev52 keystonemiddleware.auth_token/10.1.0 keystoneauth1/5.1.0 python-requests/2.28.1 CPython/3.9.14"
- - - [15/Feb/2023:21:13:14 -0500] "POST /v3/auth/tokens HTTP/1.1" 201 1895 817285 "-" "ironic/21.2.0.dev52 keystonemiddleware.auth_token/10.1.0 keystoneauth1/5.1.0 python-requests/2.28.1 CPython/3.9.14"
- - - [15/Feb/2023:21:13:14 -0500] "GET /v3/auth/tokens HTTP/1.1" 200 1905 729941 "-" "python-keystoneclient"
- - - [15/Feb/2023:21:13:20 -0500] "GET / HTTP/1.1" 300 267 11953 "-" "ironic/21.2.0.dev52 keystonemiddleware.auth_token/10.1.0 keystoneauth1/5.1.0 python-requests/2.28.1 CPython/3.9.14"
- - - [15/Feb/2023:21:13:20 -0500] "POST /v3/auth/tokens HTTP/1.1" 201 1895 779173 "-" "ironic/21.2.0.dev52 keystonemiddleware.auth_token/10.1.0 keystoneauth1/5.1.0 python-requests/2.28.1 CPython/3.9.14"
- - - [15/Feb/2023:21:13:21 -0500] "GET /v3/auth/tokens HTTP/1.1" 200 1905 364202 "-" "python-keystoneclient"
- - - [15/Feb/2023:21:13:37 -0500] "GET / HTTP/1.1" 300 267 24862 "-" "ironic/21.2.0.dev52 keystonemiddleware.auth_token/10.1.0 keystoneauth1/5.1.0 python-requests/2.28.1 CPython/3.9.14"
- - - [15/Feb/2023:21:13:37 -0500] "POST /v3/auth/tokens HTTP/1.1" 201 1895 801339 "-" "ironic/21.2.0.dev52 keystonemiddleware.auth_token/10.1.0 keystoneauth1/5.1.0 python-requests/2.28.1 CPython/3.9.14"
- - - [15/Feb/2023:21:13:38 -0500] "GET /v3/auth/tokens HTTP/1.1" 200 1905 433256 "-" "python-keystoneclient"
- - - [15/Feb/2023:21:13:38 -0500] "GET /v3/auth/tokens HTTP/1.1" 200 1905 594397 "-" "python-keystoneclient"
- - - [15/Feb/2023:21:13:52 -0500] "GET /v3/auth/tokens HTTP/1.1" 200 1905 492729 "-" "python-keystoneclient"
- - - [15/Feb/2023:21:13:52 -0500] "GET /v3/auth/tokens HTTP/1.1" 200 1905 574247 "-" "python-keystoneclient"
- - - [15/Feb/2023:21:14:07 -0500] "GET /v3/auth/tokens HTTP/1.1" 200 1905 440032 "-" "python-keystoneclient"
- - - [15/Feb/2023:21:14:07 -0500] "GET /v3/auth/tokens HTTP/1.1" 200 1905 414508 "-" "python-keystoneclient"
- - - [15/Feb/2023:21:14:22 -0500] "GET /v3/auth/tokens HTTP/1.1" 200 1905 625776 "-" "python-keystoneclient"
- - - [15/Feb/2023:21:14:22 -0500] "GET /v3/auth/tokens HTTP/1.1" 200 1905 700944 "-" "python-keystoneclient"
- - - [15/Feb/2023:21:14:23 -0500] "GET /v3/auth/tokens HTTP/1.1" 200 1905 617634 "-" "python-keystoneclient"
- - - [15/Feb/2023:21:14:37 -0500] "GET /v3/auth/tokens HTTP/1.1" 200 1905 562363 "-" "python-keystoneclient"
- - - [15/Feb/2023:21:14:37 -0500] "GET /v3/auth/tokens HTTP/1.1" 200 1905 509552 "-" "python-keystoneclient"
- - - [15/Feb/2023:21:14:52 -0500] "GET /v3/auth/tokens HTTP/1.1" 200 1905 566156 "-" "python-keystoneclient"
- - - [15/Feb/2023:21:14:53 -0500] "GET /v3/auth/tokens HTTP/1.1" 200 1905 528210 "-" "python-keystoneclient"
- - - [15/Feb/2023:21:15:07 -0500] "GET /v3/auth/tokens HTTP/1.1" 200 1905 696770 "-" "python-keystoneclient"
- - - [15/Feb/2023:21:15:08 -0500] "GET /v3/auth/tokens HTTP/1.1" 200 1905 619591 "-" "python-keystoneclient"
- - - [15/Feb/2023:21:15:22 -0500] "GET /v3/auth/tokens HTTP/1.1" 200 1905 351520 "-" "python-keystoneclient"
- - - [15/Feb/2023:21:15:22 -0500] "GET /v3/auth/tokens HTTP/1.1" 200 1905 360916 "-" "python-keystoneclient"
- - - [15/Feb/2023:21:15:22 -0500] "GET /v3/auth/tokens HTTP/1.1" 200 1905 322183 "-" "python-keystoneclient"
- - - [15/Feb/2023:21:15:37 -0500] "GET /v3/auth/tokens HTTP/1.1" 200 1905 703386 "-" "python-keystoneclient"
- - - [15/Feb/2023:21:15:38 -0500] "GET /v3/auth/tokens HTTP/1.1" 200 1905 614096 "-" "python-keystoneclient"
- - - [15/Feb/2023:21:15:52 -0500] "GET /v3/auth/tokens HTTP/1.1" 200 1905 397980 "-" "python-keystoneclient"
- - - [15/Feb/2023:21:15:52 -0500] "GET /v3/auth/tokens HTTP/1.1" 200 1905 550071 "-" "python-keystoneclient"
- - - [15/Feb/2023:21:16:07 -0500] "GET /v3/auth/tokens HTTP/1.1" 200 1905 587875 "-" "python-keystoneclient"
- - - [15/Feb/2023:21:16:08 -0500] "GET /v3/auth/tokens HTTP/1.1" 200 1905 453772 "-" "python-keystoneclient"
- - - [15/Feb/2023:21:16:22 -0500] "GET /v3/auth/tokens HTTP/1.1" 200 1905 411341 "-" "python-keystoneclient"
- - - [15/Feb/2023:21:16:22 -0500] "GET /v3/auth/tokens HTTP/1.1" 200 1905 387265 "-" "python-keystoneclient"
- - - [15/Feb/2023:21:16:22 -0500] "GET /v3/auth/tokens HTTP/1.1" 200 1905 295758 "-" "python-keystoneclient"
- - - [15/Feb/2023:21:16:37 -0500] "GET /v3/auth/tokens HTTP/1.1" 200 1905 437842 "-" "python-keystoneclient"
- - - [15/Feb/2023:21:16:37 -0500] "GET /v3/auth/tokens HTTP/1.1" 200 1905 405053 "-" "python-keystoneclient"
- - - [15/Feb/2023:21:16:52 -0500] "GET /v3/auth/tokens HTTP/1.1" 200 1905 579095 "-" "python-keystoneclient"
- - - [15/Feb/2023:21:16:53 -0500] "GET /v3/auth/tokens HTTP/1.1" 200 1905 577065 "-" "python-keystoneclient"
- - - [15/Feb/2023:21:17:07 -0500] "GET /v3/auth/tokens HTTP/1.1" 200 1905 557379 "-" "python-keystoneclient"
- - - [15/Feb/2023:21:17:08 -0500] "GET /v3/auth/tokens HTTP/1.1" 200 1905 648067 "-" "python-keystoneclient"
- - - [15/Feb/2023:21:17:22 -0500] "GET /v3/auth/tokens HTTP/1.1" 200 1905 515770 "-" "python-keystoneclient"
- - - [15/Feb/2023:21:17:22 -0500] "GET /v3/auth/tokens HTTP/1.1" 200 1905 462511 "-" "python-keystoneclient"
- - - [15/Feb/2023:21:17:22 -0500] "GET /v3/auth/tokens HTTP/1.1" 200 1905 489878 "-" "python-keystoneclient"
- - - [15/Feb/2023:21:17:37 -0500] "GET /v3/auth/tokens HTTP/1.1" 200 1905 424793 "-" "python-keystoneclient"
- - - [15/Feb/2023:21:17:37 -0500] "GET /v3/auth/tokens HTTP/1.1" 200 1905 337538 "-" "python-keystoneclient"
- - - [15/Feb/2023:21:17:52 -0500] "GET /v3/auth/tokens HTTP/1.1" 200 1905 668181 "-" "python-keystoneclient"
- - - [15/Feb/2023:21:17:53 -0500] "GET /v3/auth/tokens HTTP/1.1" 200 1905 474871 "-" "python-keystoneclient"
- - - [15/Feb/2023:21:18:07 -0500] "GET /v3/auth/tokens HTTP/1.1" 200 1905 618049 "-" "python-keystoneclient"
- - - [15/Feb/2023:21:18:08 -0500] "GET /v3/auth/tokens HTTP/1.1" 200 1905 562438 "-" "python-keystoneclient"
- - - [15/Feb/2023:21:18:22 -0500] "GET /v3/auth/tokens HTTP/1.1" 200 1905 515016 "-" "python-keystoneclient"
- - - [15/Feb/2023:21:18:22 -0500] "GET /v3/auth/tokens HTTP/1.1" 200 1905 480013 "-" "python-keystoneclient"
- - - [15/Feb/2023:21:18:23 -0500] "GET /v3/auth/tokens HTTP/1.1" 200 1905 382178 "-" "python-keystoneclient"
- - - [15/Feb/2023:21:18:37 -0500] "GET /v3/auth/tokens HTTP/1.1" 200 1905 453070 "-" "python-keystoneclient"
- - - [15/Feb/2023:21:18:37 -0500] "GET /v3/auth/tokens HTTP/1.1" 200 1905 456244 "-" "python-keystoneclient"
- - - [15/Feb/2023:21:18:52 -0500] "GET /v3/auth/tokens HTTP/1.1" 200 1905 374929 "-" "python-keystoneclient"
- - - [15/Feb/2023:21:18:52 -0500] "GET /v3/auth/tokens HTTP/1.1" 200 1905 383049 "-" "python-keystoneclient"
- - - [15/Feb/2023:21:19:07 -0500] "GET /v3/auth/tokens HTTP/1.1" 200 1905 612088 "-" "python-keystoneclient"
- - - [15/Feb/2023:21:19:08 -0500] "GET /v3/auth/tokens HTTP/1.1" 200 1905 610053 "-" "python-keystoneclient"
- - - [15/Feb/2023:21:19:22 -0500] "GET /v3/auth/tokens HTTP/1.1" 200 1905 374767 "-" "python-keystoneclient"
- - - [15/Feb/2023:21:19:22 -0500] "GET /v3/auth/tokens HTTP/1.1" 200 1905 537511 "-" "python-keystoneclient"
- - - [15/Feb/2023:21:19:22 -0500] "GET /v3/auth/tokens HTTP/1.1" 200 1905 499888 "-" "python-keystoneclient"
- - - [15/Feb/2023:21:19:37 -0500] "GET /v3/auth/tokens HTTP/1.1" 200 1905 530215 "-" "python-keystoneclient"
- - - [15/Feb/2023:21:19:38 -0500] "GET /v3/auth/tokens HTTP/1.1" 200 1905 561368 "-" "python-keystoneclient"
- - - [15/Feb/2023:21:19:52 -0500] "GET /v3/auth/tokens HTTP/1.1" 200 1905 516897 "-" "python-keystoneclient"
- - - [15/Feb/2023:21:19:53 -0500] "GET /v3/auth/tokens HTTP/1.1" 200 1905 507323 "-" "python-keystoneclient"
- - - [15/Feb/2023:21:20:07 -0500] "GET /v3/auth/tokens HTTP/1.1" 200 1905 404385 "-" "python-keystoneclient"
- - - [15/Feb/2023:21:20:07 -0500] "GET /v3/auth/tokens HTTP/1.1" 200 1905 530564 "-" "python-keystoneclient"
- - - [15/Feb/2023:21:20:22 -0500] "GET /v3/auth/tokens HTTP/1.1" 200 1905 413506 "-" "python-keystoneclient"
- - - [15/Feb/2023:21:20:22 -0500] "GET /v3/auth/tokens HTTP/1.1" 200 1905 509861 "-" "python-keystoneclient"
- - - [15/Feb/2023:21:20:23 -0500] "GET /v3/auth/tokens HTTP/1.1" 200 1905 608383 "-" "python-keystoneclient"
- - - [15/Feb/2023:21:20:37 -0500] "GET /v3/auth/tokens HTTP/1.1" 200 1905 359971 "-" "python-keystoneclient"
- - - [15/Feb/2023:21:20:37 -0500] "GET /v3/auth/tokens HTTP/1.1" 200 1905 507698 "-" "python-keystoneclient"
- - - [15/Feb/2023:21:20:52 -0500] "GET /v3/auth/tokens HTTP/1.1" 200 1905 332789 "-" "python-keystoneclient"
- - - [15/Feb/2023:21:20:52 -0500] "GET /v3/auth/tokens HTTP/1.1" 200 1905 345877 "-" "python-keystoneclient"
- - - [15/Feb/2023:21:21:07 -0500] "GET /v3/auth/tokens HTTP/1.1" 200 1905 462945 "-" "python-keystoneclient"
- - - [15/Feb/2023:21:21:07 -0500] "GET /v3/auth/tokens HTTP/1.1" 200 1905 401756 "-" "python-keystoneclient"
- - - [15/Feb/2023:21:21:22 -0500] "GET /v3/auth/tokens HTTP/1.1" 200 1905 413514 "-" "python-keystoneclient"
- - - [15/Feb/2023:21:21:22 -0500] "GET /v3/auth/tokens HTTP/1.1" 200 1905 489551 "-" "python-keystoneclient"
- - - [15/Feb/2023:21:21:22 -0500] "GET /v3/auth/tokens HTTP/1.1" 200 1905 334195 "-" "python-keystoneclient"
- - - [15/Feb/2023:21:21:37 -0500] "GET /v3/auth/tokens HTTP/1.1" 200 1905 380943 "-" "python-keystoneclient"
- - - [15/Feb/2023:21:21:37 -0500] "GET /v3/auth/tokens HTTP/1.1" 200 1905 413167 "-" "python-keystoneclient"
- - - [15/Feb/2023:21:21:52 -0500] "GET /v3/auth/tokens HTTP/1.1" 200 1905 521742 "-" "python-keystoneclient"
- - - [15/Feb/2023:21:21:53 -0500] "GET /v3/auth/tokens HTTP/1.1" 200 1905 407980 "-" "python-keystoneclient"
- - - [15/Feb/2023:21:22:07 -0500] "GET /v3/auth/tokens HTTP/1.1" 200 1905 495097 "-" "python-keystoneclient"
- - - [15/Feb/2023:21:22:08 -0500] "GET /v3/auth/tokens HTTP/1.1" 200 1905 320279 "-" "python-keystoneclient"
- - - [15/Feb/2023:21:22:22 -0500] "GET /v3/auth/tokens HTTP/1.1" 200 1905 402879 "-" "python-keystoneclient"
- - - [15/Feb/2023:21:22:22 -0500] "GET /v3/auth/tokens HTTP/1.1" 200 1905 470737 "-" "python-keystoneclient"
- - - [15/Feb/2023:21:22:22 -0500] "GET /v3/auth/tokens HTTP/1.1" 200 1905 424924 "-" "python-keystoneclient"
- - - [15/Feb/2023:21:22:37 -0500] "GET /v3/auth/tokens HTTP/1.1" 200 1905 482479 "-" "python-keystoneclient"
- - - [15/Feb/2023:21:22:38 -0500] "GET /v3/auth/tokens HTTP/1.1" 200 1905 422974 "-" "python-keystoneclient"
- - - [15/Feb/2023:21:22:52 -0500] "GET /v3/auth/tokens HTTP/1.1" 200 1905 278684 "-" "python-keystoneclient"
- - - [15/Feb/2023:21:22:52 -0500] "GET /v3/auth/tokens HTTP/1.1" 200 1905 295070 "-" "python-keystoneclient"
- - - [15/Feb/2023:21:23:07 -0500] "GET /v3/auth/tokens HTTP/1.1" 200 1905 405686 "-" "python-keystoneclient"
- - - [15/Feb/2023:21:23:07 -0500] "GET /v3/auth/tokens HTTP/1.1" 200 1905 388137 "-" "python-keystoneclient"
- - - [15/Feb/2023:21:23:22 -0500] "GET /v3/auth/tokens HTTP/1.1" 200 1905 377900 "-" "python-keystoneclient"
- - - [15/Feb/2023:21:23:22 -0500] "GET /v3/auth/tokens HTTP/1.1" 200 1905 360865 "-" "python-keystoneclient"
- - - [15/Feb/2023:21:23:22 -0500] "GET /v3/auth/tokens HTTP/1.1" 200 1905 322782 "-" "python-keystoneclient"
- - - [15/Feb/2023:21:23:37 -0500] "GET /v3/auth/tokens HTTP/1.1" 200 1905 485065 "-" "python-keystoneclient"
- - - [15/Feb/2023:21:23:38 -0500] "GET /v3/auth/tokens HTTP/1.1" 200 1905 311320 "-" "python-keystoneclient"
- - - [15/Feb/2023:21:23:52 -0500] "GET /v3/auth/tokens HTTP/1.1" 200 1905 547709 "-" "python-keystoneclient"
- - - [15/Feb/2023:21:23:53 -0500] "GET /v3/auth/tokens HTTP/1.1" 200 1905 527140 "-" "python-keystoneclient"
- - - [15/Feb/2023:21:24:07 -0500] "GET /v3/auth/tokens HTTP/1.1" 200 1905 438970 "-" "python-keystoneclient"
- - - [15/Feb/2023:21:24:07 -0500] "GET /v3/auth/tokens HTTP/1.1" 200 1905 467950 "-" "python-keystoneclient"
- - - [15/Feb/2023:21:24:22 -0500] "GET /v3/auth/tokens HTTP/1.1" 200 1905 402663 "-" "python-keystoneclient"
- - - [15/Feb/2023:21:24:22 -0500] "GET /v3/auth/tokens HTTP/1.1" 200 1905 376682 "-" "python-keystoneclient"
- - - [15/Feb/2023:21:24:22 -0500] "GET /v3/auth/tokens HTTP/1.1" 200 1905 318573 "-" "python-keystoneclient"
- - - [15/Feb/2023:21:24:37 -0500] "GET /v3/auth/tokens HTTP/1.1" 200 1905 396508 "-" "python-keystoneclient"
- - - [15/Feb/2023:21:24:37 -0500] "GET /v3/auth/tokens HTTP/1.1" 200 1905 388835 "-" "python-keystoneclient"
- - - [15/Feb/2023:21:24:52 -0500] "GET /v3/auth/tokens HTTP/1.1" 200 1905 500760 "-" "python-keystoneclient"
- - - [15/Feb/2023:21:24:53 -0500] "GET /v3/auth/tokens HTTP/1.1" 200 1905 491111 "-" "python-keystoneclient"
- - - [15/Feb/2023:21:25:07 -0500] "GET /v3/auth/tokens HTTP/1.1" 200 1905 445735 "-" "python-keystoneclient"
- - - [15/Feb/2023:21:25:08 -0500] "GET /v3/auth/tokens HTTP/1.1" 200 1905 338816 "-" "python-keystoneclient"
- - - [15/Feb/2023:21:25:22 -0500] "GET /v3/auth/tokens HTTP/1.1" 200 1905 532781 "-" "python-keystoneclient"
- - - [15/Feb/2023:21:25:22 -0500] "GET /v3/auth/tokens HTTP/1.1" 200 1905 536345 "-" "python-keystoneclient"
- - - [15/Feb/2023:21:25:23 -0500] "GET /v3/auth/tokens HTTP/1.1" 200 1905 400386 "-" "python-keystoneclient"
- - - [15/Feb/2023:21:25:37 -0500] "GET /v3/auth/tokens HTTP/1.1" 200 1905 331510 "-" "python-keystoneclient"
- - - [15/Feb/2023:21:25:37 -0500] "GET /v3/auth/tokens HTTP/1.1" 200 1905 398914 "-" "python-keystoneclient"
- - - [15/Feb/2023:21:25:52 -0500] "GET /v3/auth/tokens HTTP/1.1" 200 1905 355043 "-" "python-keystoneclient"
- - - [15/Feb/2023:21:25:52 -0500] "GET /v3/auth/tokens HTTP/1.1" 200 1905 404256 "-" "python-keystoneclient"
- - - [15/Feb/2023:21:26:07 -0500] "GET /v3/auth/tokens HTTP/1.1" 200 1905 350914 "-" "python-keystoneclient"
- - - [15/Feb/2023:21:26:07 -0500] "GET /v3/auth/tokens HTTP/1.1" 200 1905 399315 "-" "python-keystoneclient"
- - - [15/Feb/2023:21:26:22 -0500] "GET /v3/auth/tokens HTTP/1.1" 200 1905 413471 "-" "python-keystoneclient"
- - - [15/Feb/2023:21:26:22 -0500] "GET /v3/auth/tokens HTTP/1.1" 200 1905 437206 "-" "python-keystoneclient"
- - - [15/Feb/2023:21:26:22 -0500] "GET /v3/auth/tokens HTTP/1.1" 200 1905 346207 "-" "python-keystoneclient"
- - - [15/Feb/2023:21:26:37 -0500] "GET /v3/auth/tokens HTTP/1.1" 200 1905 399010 "-" "python-keystoneclient"
- - - [15/Feb/2023:21:26:37 -0500] "GET /v3/auth/tokens HTTP/1.1" 200 1905 386586 "-" "python-keystoneclient"
- - - [15/Feb/2023:21:26:52 -0500] "GET /v3/auth/tokens HTTP/1.1" 200 1905 371440 "-" "python-keystoneclient"
- - - [15/Feb/2023:21:26:52 -0500] "GET /v3/auth/tokens HTTP/1.1" 200 1905 343629 "-" "python-keystoneclient"
- - - [15/Feb/2023:21:27:07 -0500] "GET /v3/auth/tokens HTTP/1.1" 200 1905 525102 "-" "python-keystoneclient"
- - - [15/Feb/2023:21:27:08 -0500] "GET /v3/auth/tokens HTTP/1.1" 200 1905 525505 "-" "python-keystoneclient"
- - - [15/Feb/2023:21:27:22 -0500] "GET /v3/auth/tokens HTTP/1.1" 200 1905 342287 "-" "python-keystoneclient"
- - - [15/Feb/2023:21:27:22 -0500] "GET /v3/auth/tokens HTTP/1.1" 200 1905 300071 "-" "python-keystoneclient"
- - - [15/Feb/2023:21:27:22 -0500] "GET /v3/auth/tokens HTTP/1.1" 200 1905 379129 "-" "python-keystoneclient"
- - - [15/Feb/2023:21:27:37 -0500] "GET /v3/auth/tokens HTTP/1.1" 200 1905 307851 "-" "python-keystoneclient"
- - - [15/Feb/2023:21:27:37 -0500] "GET /v3/auth/tokens HTTP/1.1" 200 1905 289533 "-" "python-keystoneclient"
- - - [15/Feb/2023:21:27:52 -0500] "GET /v3/auth/tokens HTTP/1.1" 200 1905 340155 "-" "python-keystoneclient"
- - - [15/Feb/2023:21:27:52 -0500] "GET /v3/auth/tokens HTTP/1.1" 200 1905 287728 "-" "python-keystoneclient"
- - - [15/Feb/2023:21:28:07 -0500] "GET /v3/auth/tokens HTTP/1.1" 200 1905 418899 "-" "python-keystoneclient"
- - - [15/Feb/2023:21:28:07 -0500] "GET /v3/auth/tokens HTTP/1.1" 200 1905 302221 "-" "python-keystoneclient"
- - - [15/Feb/2023:21:28:22 -0500] "GET /v3/auth/tokens HTTP/1.1" 200 1905 574778 "-" "python-keystoneclient"
- - - [15/Feb/2023:21:28:22 -0500] "GET /v3/auth/tokens HTTP/1.1" 200 1905 527586 "-" "python-keystoneclient"
- - - [15/Feb/2023:21:28:23 -0500] "GET /v3/auth/tokens HTTP/1.1" 200 1905 655889 "-" "python-keystoneclient"
- - - [15/Feb/2023:21:28:37 -0500] "GET /v3/auth/tokens HTTP/1.1" 200 1905 390616 "-" "python-keystoneclient"
- - - [15/Feb/2023:21:28:37 -0500] "GET /v3/auth/tokens HTTP/1.1" 200 1905 399280 "-" "python-keystoneclient"
- - - [15/Feb/2023:21:28:52 -0500] "GET /v3/auth/tokens HTTP/1.1" 200 1905 469652 "-" "python-keystoneclient"
- - - [15/Feb/2023:21:28:53 -0500] "GET /v3/auth/tokens HTTP/1.1" 200 1905 432218 "-" "python-keystoneclient"
- - - [15/Feb/2023:21:29:07 -0500] "GET /v3/auth/tokens HTTP/1.1" 200 1905 464419 "-" "python-keystoneclient"
- - - [15/Feb/2023:21:29:08 -0500] "GET /v3/auth/tokens HTTP/1.1" 200 1905 545148 "-" "python-keystoneclient"
- - - [15/Feb/2023:21:29:22 -0500] "GET /v3/auth/tokens HTTP/1.1" 200 1905 552333 "-" "python-keystoneclient"
- - - [15/Feb/2023:21:29:22 -0500] "GET /v3/auth/tokens HTTP/1.1" 200 1905 460953 "-" "python-keystoneclient"
- - - [15/Feb/2023:21:29:23 -0500] "GET /v3/auth/tokens HTTP/1.1" 200 1905 555461 "-" "python-keystoneclient"
- - - [15/Feb/2023:21:29:37 -0500] "GET /v3/auth/tokens HTTP/1.1" 200 1905 520094 "-" "python-keystoneclient"
- - - [15/Feb/2023:21:29:38 -0500] "GET /v3/auth/tokens HTTP/1.1" 200 1905 530137 "-" "python-keystoneclient"
- - - [15/Feb/2023:21:29:52 -0500] "GET /v3/auth/tokens HTTP/1.1" 200 1905 377469 "-" "python-keystoneclient"
- - - [15/Feb/2023:21:29:52 -0500] "GET /v3/auth/tokens HTTP/1.1" 200 1905 344087 "-" "python-keystoneclient"
- - - [15/Feb/2023:21:30:07 -0500] "GET /v3/auth/tokens HTTP/1.1" 200 1905 413319 "-" "python-keystoneclient"
- - - [15/Feb/2023:21:30:08 -0500] "GET /v3/auth/tokens HTTP/1.1" 200 1905 405984 "-" "python-keystoneclient"
- - - [15/Feb/2023:21:30:22 -0500] "GET /v3/auth/tokens HTTP/1.1" 200 1905 498544 "-" "python-keystoneclient"
- - - [15/Feb/2023:21:30:22 -0500] "GET /v3/auth/tokens HTTP/1.1" 200 1905 560257 "-" "python-keystoneclient"
- - - [15/Feb/2023:21:30:23 -0500] "GET /v3/auth/tokens HTTP/1.1" 200 1905 535511 "-" "python-keystoneclient"
- - - [15/Feb/2023:21:30:37 -0500] "GET /v3/auth/tokens HTTP/1.1" 200 1905 517182 "-" "python-keystoneclient"
- - - [15/Feb/2023:21:30:38 -0500] "GET /v3/auth/tokens HTTP/1.1" 200 1905 544997 "-" "python-keystoneclient"
- - - [15/Feb/2023:21:30:52 -0500] "GET /v3/auth/tokens HTTP/1.1" 200 1905 573973 "-" "python-keystoneclient"
- - - [15/Feb/2023:21:30:53 -0500] "GET /v3/auth/tokens HTTP/1.1" 200 1905 505076 "-" "python-keystoneclient"
- - - [15/Feb/2023:21:31:07 -0500] "GET /v3/auth/tokens HTTP/1.1" 200 1905 523154 "-" "python-keystoneclient"
- - - [15/Feb/2023:21:31:08 -0500] "GET /v3/auth/tokens HTTP/1.1" 200 1905 596372 "-" "python-keystoneclient"
- - - [15/Feb/2023:21:31:22 -0500] "GET /v3/auth/tokens HTTP/1.1" 200 1905 510302 "-" "python-keystoneclient"
- - - [15/Feb/2023:21:31:22 -0500] "GET /v3/auth/tokens HTTP/1.1" 200 1905 519796 "-" "python-keystoneclient"
- - - [15/Feb/2023:21:31:23 -0500] "GET /v3/auth/tokens HTTP/1.1" 200 1905 550344 "-" "python-keystoneclient"
- - - [15/Feb/2023:21:31:37 -0500] "GET /v3/auth/tokens HTTP/1.1" 200 1905 519036 "-" "python-keystoneclient"
- - - [15/Feb/2023:21:31:38 -0500] "GET /v3/auth/tokens HTTP/1.1" 200 1905 497987 "-" "python-keystoneclient"
- - - [15/Feb/2023:21:31:52 -0500] "GET /v3/auth/tokens HTTP/1.1" 200 1905 447060 "-" "python-keystoneclient"
- - - [15/Feb/2023:21:31:53 -0500] "GET /v3/auth/tokens HTTP/1.1" 200 1905 561126 "-" "python-keystoneclient"
- - - [15/Feb/2023:21:32:07 -0500] "GET /v3/auth/tokens HTTP/1.1" 200 1905 525939 "-" "python-keystoneclient"
- - - [15/Feb/2023:21:32:08 -0500] "GET /v3/auth/tokens HTTP/1.1" 200 1905 547492 "-" "python-keystoneclient"
- - - [15/Feb/2023:21:32:22 -0500] "GET /v3/auth/tokens HTTP/1.1" 200 1905 539852 "-" "python-keystoneclient"
- - - [15/Feb/2023:21:32:22 -0500] "GET /v3/auth/tokens HTTP/1.1" 200 1905 560899 "-" "python-keystoneclient"
- - - [15/Feb/2023:21:32:23 -0500] "GET /v3/auth/tokens HTTP/1.1" 200 1905 446152 "-" "python-keystoneclient"
- - - [15/Feb/2023:21:32:37 -0500] "GET /v3/auth/tokens HTTP/1.1" 200 1905 491879 "-" "python-keystoneclient"
- - - [15/Feb/2023:21:32:38 -0500] "GET /v3/auth/tokens HTTP/1.1" 200 1905 491530 "-" "python-keystoneclient"
- - - [15/Feb/2023:21:32:52 -0500] "GET /v3/auth/tokens HTTP/1.1" 200 1905 477891 "-" "python-keystoneclient"
- - - [15/Feb/2023:21:32:53 -0500] "GET /v3/auth/tokens HTTP/1.1" 200 1905 508939 "-" "python-keystoneclient"
- - - [15/Feb/2023:21:33:07 -0500] "GET /v3/auth/tokens HTTP/1.1" 200 1905 508717 "-" "python-keystoneclient"
- - - [15/Feb/2023:21:33:08 -0500] "GET /v3/auth/tokens HTTP/1.1" 200 1905 530207 "-" "python-keystoneclient"
- - - [15/Feb/2023:21:33:22 -0500] "GET /v3/auth/tokens HTTP/1.1" 200 1905 540310 "-" "python-keystoneclient"
- - - [15/Feb/2023:21:33:22 -0500] "GET /v3/auth/tokens HTTP/1.1" 200 1905 555591 "-" "python-keystoneclient"
- - - [15/Feb/2023:21:33:23 -0500] "GET /v3/auth/tokens HTTP/1.1" 200 1905 562950 "-" "python-keystoneclient"
- - - [15/Feb/2023:21:33:37 -0500] "GET /v3/auth/tokens HTTP/1.1" 200 1905 520410 "-" "python-keystoneclient"
- - - [15/Feb/2023:21:33:38 -0500] "GET /v3/auth/tokens HTTP/1.1" 200 1905 530212 "-" "python-keystoneclient"
- - - [15/Feb/2023:21:33:52 -0500] "GET /v3/auth/tokens HTTP/1.1" 200 1905 543812 "-" "python-keystoneclient"
- - - [15/Feb/2023:21:33:53 -0500] "GET /v3/auth/tokens HTTP/1.1" 200 1905 540106 "-" "python-keystoneclient"
- - - [15/Feb/2023:21:34:07 -0500] "GET /v3/auth/tokens HTTP/1.1" 200 1905 500091 "-" "python-keystoneclient"
- - - [15/Feb/2023:21:34:08 -0500] "GET /v3/auth/tokens HTTP/1.1" 200 1905 468927 "-" "python-keystoneclient"
- - - [15/Feb/2023:21:34:22 -0500] "GET /v3/auth/tokens HTTP/1.1" 200 1905 527438 "-" "python-keystoneclient"
- - - [15/Feb/2023:21:34:22 -0500] "GET /v3/auth/tokens HTTP/1.1" 200 1905 504787 "-" "python-keystoneclient"
- - - [15/Feb/2023:21:34:23 -0500] "GET /v3/auth/tokens HTTP/1.1" 200 1905 491250 "-" "python-keystoneclient"
- - - [15/Feb/2023:21:34:37 -0500] "GET /v3/auth/tokens HTTP/1.1" 200 1905 511009 "-" "python-keystoneclient"
- - - [15/Feb/2023:21:34:38 -0500] "GET /v3/auth/tokens HTTP/1.1" 200 1905 476268 "-" "python-keystoneclient"
- - - [15/Feb/2023:21:34:52 -0500] "GET /v3/auth/tokens HTTP/1.1" 200 1905 515192 "-" "python-keystoneclient"
- - - [15/Feb/2023:21:34:53 -0500] "GET /v3/auth/tokens HTTP/1.1" 200 1905 507261 "-" "python-keystoneclient"
- - - [15/Feb/2023:21:35:07 -0500] "GET /v3/auth/tokens HTTP/1.1" 200 1905 519118 "-" "python-keystoneclient"
- - - [15/Feb/2023:21:35:08 -0500] "GET /v3/auth/tokens HTTP/1.1" 200 1905 488250 "-" "python-keystoneclient"
- - - [15/Feb/2023:21:35:22 -0500] "GET /v3/auth/tokens HTTP/1.1" 200 1905 584157 "-" "python-keystoneclient"
- - - [15/Feb/2023:21:35:22 -0500] "GET /v3/auth/tokens HTTP/1.1" 200 1905 508843 "-" "python-keystoneclient"
- - - [15/Feb/2023:21:35:23 -0500] "GET /v3/auth/tokens HTTP/1.1" 200 1905 494430 "-" "python-keystoneclient"
- - - [15/Feb/2023:21:35:37 -0500] "GET /v3/auth/tokens HTTP/1.1" 200 1905 515215 "-" "python-keystoneclient"
- - - [15/Feb/2023:21:35:38 -0500] "GET /v3/auth/tokens HTTP/1.1" 200 1905 413955 "-" "python-keystoneclient"
- - - [15/Feb/2023:21:35:52 -0500] "GET /v3/auth/tokens HTTP/1.1" 200 1905 493763 "-" "python-keystoneclient"
- - - [15/Feb/2023:21:35:53 -0500] "GET /v3/auth/tokens HTTP/1.1" 200 1905 491864 "-" "python-keystoneclient"
- - - [15/Feb/2023:21:36:07 -0500] "GET /v3/auth/tokens HTTP/1.1" 200 1905 486928 "-" "python-keystoneclient"
- - - [15/Feb/2023:21:36:08 -0500] "GET /v3/auth/tokens HTTP/1.1" 200 1905 515680 "-" "python-keystoneclient"
- - - [15/Feb/2023:21:36:22 -0500] "GET /v3/auth/tokens HTTP/1.1" 200 1905 517960 "-" "python-keystoneclient"
- - - [15/Feb/2023:21:36:22 -0500] "GET /v3/auth/tokens HTTP/1.1" 200 1905 516491 "-" "python-keystoneclient"
- - - [15/Feb/2023:21:36:23 -0500] "GET /v3/auth/tokens HTTP/1.1" 200 1905 503798 "-" "python-keystoneclient"
- - - [15/Feb/2023:21:36:37 -0500] "GET /v3/auth/tokens HTTP/1.1" 200 1905 511254 "-" "python-keystoneclient"
- - - [15/Feb/2023:21:36:38 -0500] "GET /v3/auth/tokens HTTP/1.1" 200 1905 517046 "-" "python-keystoneclient"
- - - [15/Feb/2023:21:36:52 -0500] "GET /v3/auth/tokens HTTP/1.1" 200 1905 548617 "-" "python-keystoneclient"
- - - [15/Feb/2023:21:36:53 -0500] "GET /v3/auth/tokens HTTP/1.1" 200 1905 532986 "-" "python-keystoneclient"
- - - [15/Feb/2023:21:37:07 -0500] "GET /v3/auth/tokens HTTP/1.1" 200 1905 521486 "-" "python-keystoneclient"
- - - [15/Feb/2023:21:37:08 -0500] "GET /v3/auth/tokens HTTP/1.1" 200 1905 492682 "-" "python-keystoneclient"
- - - [15/Feb/2023:21:37:22 -0500] "GET /v3/auth/tokens HTTP/1.1" 200 1905 491770 "-" "python-keystoneclient"
- - - [15/Feb/2023:21:37:22 -0500] "GET /v3/auth/tokens HTTP/1.1" 200 1905 480383 "-" "python-keystoneclient"
- - - [15/Feb/2023:21:37:23 -0500] "GET /v3/auth/tokens HTTP/1.1" 200 1905 486993 "-" "python-keystoneclient"
- - - [15/Feb/2023:21:37:37 -0500] "GET /v3/auth/tokens HTTP/1.1" 200 1905 455155 "-" "python-keystoneclient"
- - - [15/Feb/2023:21:37:38 -0500] "GET /v3/auth/tokens HTTP/1.1" 200 1905 469044 "-" "python-keystoneclient"
- - - [15/Feb/2023:21:37:52 -0500] "GET /v3/auth/tokens HTTP/1.1" 200 1905 506028 "-" "python-keystoneclient"
- - - [15/Feb/2023:21:37:53 -0500] "GET /v3/auth/tokens HTTP/1.1" 200 1905 463233 "-" "python-keystoneclient"
- - - [15/Feb/2023:21:38:07 -0500] "GET /v3/auth/tokens HTTP/1.1" 200 1905 497688 "-" "python-keystoneclient"
- - - [15/Feb/2023:21:38:08 -0500] "GET /v3/auth/tokens HTTP/1.1" 200 1905 491883 "-" "python-keystoneclient"
- - - [15/Feb/2023:21:38:22 -0500] "GET /v3/auth/tokens HTTP/1.1" 200 1905 550283 "-" "python-keystoneclient"
- - - [15/Feb/2023:21:38:22 -0500] "GET /v3/auth/tokens HTTP/1.1" 200 1905 498450 "-" "python-keystoneclient"
- - - [15/Feb/2023:21:38:23 -0500] "GET /v3/auth/tokens HTTP/1.1" 200 1905 506087 "-" "python-keystoneclient"
- - - [15/Feb/2023:21:38:37 -0500] "GET /v3/auth/tokens HTTP/1.1" 200 1905 522849 "-" "python-keystoneclient"
- - - [15/Feb/2023:21:38:38 -0500] "GET /v3/auth/tokens HTTP/1.1" 200 1905 488088 "-" "python-keystoneclient"
- - - [15/Feb/2023:21:38:52 -0500] "GET /v3/auth/tokens HTTP/1.1" 200 1905 519278 "-" "python-keystoneclient"
- - - [15/Feb/2023:21:38:53 -0500] "GET /v3/auth/tokens HTTP/1.1" 200 1905 489826 "-" "python-keystoneclient"
- - - [15/Feb/2023:21:39:07 -0500] "GET /v3/auth/tokens HTTP/1.1" 200 1905 525206 "-" "python-keystoneclient"
- - - [15/Feb/2023:21:39:08 -0500] "GET /v3/auth/tokens HTTP/1.1" 200 1905 503225 "-" "python-keystoneclient"
- - - [15/Feb/2023:21:39:22 -0500] "GET /v3/auth/tokens HTTP/1.1" 200 1905 470616 "-" "python-keystoneclient"
- - - [15/Feb/2023:21:39:22 -0500] "GET /v3/auth/tokens HTTP/1.1" 200 1905 306183 "-" "python-keystoneclient"
- - - [15/Feb/2023:21:39:22 -0500] "GET /v3/auth/tokens HTTP/1.1" 200 1905 470817 "-" "python-keystoneclient"
- - - [15/Feb/2023:21:39:37 -0500] "GET /v3/auth/tokens HTTP/1.1" 200 1905 474489 "-" "python-keystoneclient"
- - - [15/Feb/2023:21:39:38 -0500] "GET /v3/auth/tokens HTTP/1.1" 200 1905 499628 "-" "python-keystoneclient"
- - - [15/Feb/2023:21:39:52 -0500] "GET /v3/auth/tokens HTTP/1.1" 200 1905 474110 "-" "python-keystoneclient"
- - - [15/Feb/2023:21:39:53 -0500] "GET /v3/auth/tokens HTTP/1.1" 200 1905 467701 "-" "python-keystoneclient"
- - - [15/Feb/2023:21:40:07 -0500] "GET /v3/auth/tokens HTTP/1.1" 200 1905 465859 "-" "python-keystoneclient"
- - - [15/Feb/2023:21:40:08 -0500] "GET /v3/auth/tokens HTTP/1.1" 200 1905 483787 "-" "python-keystoneclient"
- - - [15/Feb/2023:21:40:22 -0500] "GET /v3/auth/tokens HTTP/1.1" 200 1905 479843 "-" "python-keystoneclient"
- - - [15/Feb/2023:21:40:22 -0500] "GET /v3/auth/tokens HTTP/1.1" 200 1905 499458 "-" "python-keystoneclient"
- - - [15/Feb/2023:21:40:23 -0500] "GET /v3/auth/tokens HTTP/1.1" 200 1905 493644 "-" "python-keystoneclient"
- - - [15/Feb/2023:21:40:37 -0500] "GET /v3/auth/tokens HTTP/1.1" 200 1905 457125 "-" "python-keystoneclient"
- - - [15/Feb/2023:21:40:38 -0500] "GET /v3/auth/tokens HTTP/1.1" 200 1905 488904 "-" "python-keystoneclient"
- - - [15/Feb/2023:21:40:52 -0500] "GET /v3/auth/tokens HTTP/1.1" 200 1905 475963 "-" "python-keystoneclient"
- - - [15/Feb/2023:21:40:53 -0500] "GET /v3/auth/tokens HTTP/1.1" 200 1905 476117 "-" "python-keystoneclient"
- - - [15/Feb/2023:21:41:07 -0500] "GET /v3/auth/tokens HTTP/1.1" 200 1905 341198 "-" "python-keystoneclient"
- - - [15/Feb/2023:21:41:08 -0500] "GET /v3/auth/tokens HTTP/1.1" 200 1905 462939 "-" "python-keystoneclient"
- - - [15/Feb/2023:21:41:22 -0500] "GET /v3/auth/tokens HTTP/1.1" 200 1905 477327 "-" "python-keystoneclient"
- - - [15/Feb/2023:21:41:22 -0500] "GET /v3/auth/tokens HTTP/1.1" 200 1905 474191 "-" "python-keystoneclient"
- - - [15/Feb/2023:21:41:23 -0500] "GET /v3/auth/tokens HTTP/1.1" 200 1905 494983 "-" "python-keystoneclient"
- - - [15/Feb/2023:21:41:37 -0500] "GET /v3/auth/tokens HTTP/1.1" 200 1905 459987 "-" "python-keystoneclient"
- - - [15/Feb/2023:21:41:38 -0500] "GET /v3/auth/tokens HTTP/1.1" 200 1905 481895 "-" "python-keystoneclient"
- - - [15/Feb/2023:21:41:52 -0500] "GET /v3/auth/tokens HTTP/1.1" 200 1905 468827 "-" "python-keystoneclient"
- - - [15/Feb/2023:21:41:53 -0500] "GET /v3/auth/tokens HTTP/1.1" 200 1905 470748 "-" "python-keystoneclient"
- - - [15/Feb/2023:21:42:07 -0500] "GET /v3/auth/tokens HTTP/1.1" 200 1905 488178 "-" "python-keystoneclient"
- - - [15/Feb/2023:21:42:08 -0500] "GET /v3/auth/tokens HTTP/1.1" 200 1905 422204 "-" "python-keystoneclient"
- - - [15/Feb/2023:21:42:22 -0500] "GET /v3/auth/tokens HTTP/1.1" 200 1905 490021 "-" "python-keystoneclient"
- - - [15/Feb/2023:21:42:22 -0500] "GET /v3/auth/tokens HTTP/1.1" 200 1905 476072 "-" "python-keystoneclient"
- - - [15/Feb/2023:21:42:23 -0500] "GET /v3/auth/tokens HTTP/1.1" 200 1905 527439 "-" "python-keystoneclient"
- - - [15/Feb/2023:21:42:37 -0500] "GET /v3/auth/tokens HTTP/1.1" 200 1905 487351 "-" "python-keystoneclient"
- - - [15/Feb/2023:21:42:38 -0500] "GET /v3/auth/tokens HTTP/1.1" 200 1905 479421 "-" "python-keystoneclient"
- - - [15/Feb/2023:21:42:52 -0500] "GET /v3/auth/tokens HTTP/1.1" 200 1905 507792 "-" "python-keystoneclient"
- - - [15/Feb/2023:21:42:53 -0500] "GET /v3/auth/tokens HTTP/1.1" 200 1905 479218 "-" "python-keystoneclient"
- - - [15/Feb/2023:21:43:07 -0500] "GET /v3/auth/tokens HTTP/1.1" 200 1905 482209 "-" "python-keystoneclient"
- - - [15/Feb/2023:21:43:08 -0500] "GET /v3/auth/tokens HTTP/1.1" 200 1905 509650 "-" "python-keystoneclient"
- - - [15/Feb/2023:21:43:22 -0500] "GET /v3/auth/tokens HTTP/1.1" 200 1905 464294 "-" "python-keystoneclient"
- - - [15/Feb/2023:21:43:22 -0500] "GET /v3/auth/tokens HTTP/1.1" 200 1905 486628 "-" "python-keystoneclient"
- - - [15/Feb/2023:21:43:23 -0500] "GET /v3/auth/tokens HTTP/1.1" 200 1905 491584 "-" "python-keystoneclient"
- - - [15/Feb/2023:21:43:37 -0500] "GET /v3/auth/tokens HTTP/1.1" 200 1905 478571 "-" "python-keystoneclient"
- - - [15/Feb/2023:21:43:38 -0500] "GET /v3/auth/tokens HTTP/1.1" 200 1905 495727 "-" "python-keystoneclient"
- - - [15/Feb/2023:21:43:52 -0500] "GET /v3/auth/tokens HTTP/1.1" 200 1905 529507 "-" "python-keystoneclient"
- - - [15/Feb/2023:21:43:53 -0500] "GET /v3/auth/tokens HTTP/1.1" 200 1905 524535 "-" "python-keystoneclient"
- - - [15/Feb/2023:21:44:07 -0500] "GET /v3/auth/tokens HTTP/1.1" 200 1905 483108 "-" "python-keystoneclient"
- - - [15/Feb/2023:21:44:08 -0500] "GET /v3/auth/tokens HTTP/1.1" 200 1905 519944 "-" "python-keystoneclient"
- - - [15/Feb/2023:21:44:22 -0500] "GET /v3/auth/tokens HTTP/1.1" 200 1905 499641 "-" "python-keystoneclient"
- - - [15/Feb/2023:21:44:22 -0500] "GET /v3/auth/tokens HTTP/1.1" 200 1905 482818 "-" "python-keystoneclient"
- - - [15/Feb/2023:21:44:23 -0500] "GET /v3/auth/tokens HTTP/1.1" 200 1905 503057 "-" "python-keystoneclient"
- - - [15/Feb/2023:21:44:37 -0500] "GET /v3/auth/tokens HTTP/1.1" 200 1905 474051 "-" "python-keystoneclient"
- - - [15/Feb/2023:21:44:38 -0500] "GET /v3/auth/tokens HTTP/1.1" 200 1905 487253 "-" "python-keystoneclient"
- - - [15/Feb/2023:21:44:52 -0500] "GET /v3/auth/tokens HTTP/1.1" 200 1905 474330 "-" "python-keystoneclient"
- - - [15/Feb/2023:21:44:53 -0500] "GET /v3/auth/tokens HTTP/1.1" 200 1905 466604 "-" "python-keystoneclient"
- - - [15/Feb/2023:21:45:07 -0500] "GET /v3/auth/tokens HTTP/1.1" 200 1905 452493 "-" "python-keystoneclient"
- - - [15/Feb/2023:21:45:08 -0500] "GET /v3/auth/tokens HTTP/1.1" 200 1905 473316 "-" "python-keystoneclient"
- - - [15/Feb/2023:21:45:22 -0500] "GET /v3/auth/tokens HTTP/1.1" 200 1905 499038 "-" "python-keystoneclient"
- - - [15/Feb/2023:21:45:22 -0500] "GET /v3/auth/tokens HTTP/1.1" 200 1905 477218 "-" "python-keystoneclient"
- - - [15/Feb/2023:21:45:23 -0500] "GET /v3/auth/tokens HTTP/1.1" 200 1905 494143 "-" "python-keystoneclient"
- - - [15/Feb/2023:21:45:37 -0500] "GET /v3/auth/tokens HTTP/1.1" 200 1905 461380 "-" "python-keystoneclient"
- - - [15/Feb/2023:21:45:38 -0500] "GET /v3/auth/tokens HTTP/1.1" 200 1905 473901 "-" "python-keystoneclient"
- - - [15/Feb/2023:21:45:52 -0500] "GET /v3/auth/tokens HTTP/1.1" 200 1905 476902 "-" "python-keystoneclient"
- - - [15/Feb/2023:21:45:53 -0500] "GET /v3/auth/tokens HTTP/1.1" 200 1905 684473 "-" "python-keystoneclient"
- - - [15/Feb/2023:21:46:07 -0500] "GET /v3/auth/tokens HTTP/1.1" 200 1905 484816 "-" "python-keystoneclient"
- - - [15/Feb/2023:21:46:08 -0500] "GET /v3/auth/tokens HTTP/1.1" 200 1905 491341 "-" "python-keystoneclient"
- - - [15/Feb/2023:21:46:22 -0500] "GET /v3/auth/tokens HTTP/1.1" 200 1905 482351 "-" "python-keystoneclient"
- - - [15/Feb/2023:21:46:22 -0500] "GET /v3/auth/tokens HTTP/1.1" 200 1905 485866 "-" "python-keystoneclient"
- - - [15/Feb/2023:21:46:23 -0500] "GET /v3/auth/tokens HTTP/1.1" 200 1905 495782 "-" "python-keystoneclient"
- - - [15/Feb/2023:21:46:37 -0500] "GET /v3/auth/tokens HTTP/1.1" 200 1905 483823 "-" "python-keystoneclient"
- - - [15/Feb/2023:21:46:38 -0500] "GET /v3/auth/tokens HTTP/1.1" 200 1905 465426 "-" "python-keystoneclient"
- - - [15/Feb/2023:21:46:52 -0500] "GET /v3/auth/tokens HTTP/1.1" 200 1905 495813 "-" "python-keystoneclient"
- - - [15/Feb/2023:21:46:53 -0500] "GET /v3/auth/tokens HTTP/1.1" 200 1905 461724 "-" "python-keystoneclient"
- - - [15/Feb/2023:21:47:07 -0500] "GET /v3/auth/tokens HTTP/1.1" 200 1905 471270 "-" "python-keystoneclient"
- - - [15/Feb/2023:21:47:08 -0500] "GET /v3/auth/tokens HTTP/1.1" 200 1905 481541 "-" "python-keystoneclient"
- - - [15/Feb/2023:21:47:22 -0500] "GET /v3/auth/tokens HTTP/1.1" 200 1905 388814 "-" "python-keystoneclient"
- - - [15/Feb/2023:21:47:22 -0500] "GET /v3/auth/tokens HTTP/1.1" 200 1905 452828 "-" "python-keystoneclient"
- - - [15/Feb/2023:21:47:23 -0500] "GET /v3/auth/tokens HTTP/1.1" 200 1905 501140 "-" "python-keystoneclient"
- - - [15/Feb/2023:21:47:37 -0500] "GET /v3/auth/tokens HTTP/1.1" 200 1905 449882 "-" "python-keystoneclient"
- - - [15/Feb/2023:21:47:38 -0500] "GET /v3/auth/tokens HTTP/1.1" 200 1905 461995 "-" "python-keystoneclient"
- - - [15/Feb/2023:21:47:52 -0500] "GET /v3/auth/tokens HTTP/1.1" 200 1905 500118 "-" "python-keystoneclient"
- - - [15/Feb/2023:21:47:53 -0500] "GET /v3/auth/tokens HTTP/1.1" 200 1905 481649 "-" "python-keystoneclient"
- - - [15/Feb/2023:21:48:07 -0500] "GET /v3/auth/tokens HTTP/1.1" 200 1905 482982 "-" "python-keystoneclient"
- - - [15/Feb/2023:21:48:08 -0500] "GET /v3/auth/tokens HTTP/1.1" 200 1905 478615 "-" "python-keystoneclient"
- - - [15/Feb/2023:21:48:22 -0500] "GET /v3/auth/tokens HTTP/1.1" 200 1905 501385 "-" "python-keystoneclient"
- - - [15/Feb/2023:21:48:22 -0500] "GET /v3/auth/tokens HTTP/1.1" 200 1905 512078 "-" "python-keystoneclient"
- - - [15/Feb/2023:21:48:23 -0500] "GET /v3/auth/tokens HTTP/1.1" 200 1905 522163 "-" "python-keystoneclient"
- - - [15/Feb/2023:21:48:37 -0500] "GET /v3/auth/tokens HTTP/1.1" 200 1905 451962 "-" "python-keystoneclient"
- - - [15/Feb/2023:21:48:38 -0500] "GET /v3/auth/tokens HTTP/1.1" 200 1905 470054 "-" "python-keystoneclient"
- - - [15/Feb/2023:21:48:52 -0500] "GET /v3/auth/tokens HTTP/1.1" 200 1905 478357 "-" "python-keystoneclient"
- - - [15/Feb/2023:21:48:53 -0500] "GET /v3/auth/tokens HTTP/1.1" 200 1905 302599 "-" "python-keystoneclient"
- - - [15/Feb/2023:21:49:07 -0500] "GET /v3/auth/tokens HTTP/1.1" 200 1905 480948 "-" "python-keystoneclient"
- - - [15/Feb/2023:21:49:08 -0500] "GET /v3/auth/tokens HTTP/1.1" 200 1905 473936 "-" "python-keystoneclient"
- - - [15/Feb/2023:21:49:22 -0500] "GET /v3/auth/tokens HTTP/1.1" 200 1905 511601 "-" "python-keystoneclient"
- - - [15/Feb/2023:21:49:22 -0500] "GET /v3/auth/tokens HTTP/1.1" 200 1905 478131 "-" "python-keystoneclient"
- - - [15/Feb/2023:21:49:23 -0500] "GET /v3/auth/tokens HTTP/1.1" 200 1905 503053 "-" "python-keystoneclient"
- - - [15/Feb/2023:21:49:37 -0500] "GET /v3/auth/tokens HTTP/1.1" 200 1905 440629 "-" "python-keystoneclient"
- - - [15/Feb/2023:21:49:38 -0500] "GET /v3/auth/tokens HTTP/1.1" 200 1905 458483 "-" "python-keystoneclient"
- - - [15/Feb/2023:21:49:52 -0500] "GET /v3/auth/tokens HTTP/1.1" 200 1905 527817 "-" "python-keystoneclient"
- - - [15/Feb/2023:21:49:53 -0500] "GET /v3/auth/tokens HTTP/1.1" 200 1905 488042 "-" "python-keystoneclient"
- - - [15/Feb/2023:21:50:07 -0500] "GET /v3/auth/tokens HTTP/1.1" 200 1905 536969 "-" "python-keystoneclient"
- - - [15/Feb/2023:21:50:08 -0500] "GET /v3/auth/tokens HTTP/1.1" 200 1905 493729 "-" "python-keystoneclient"
- - - [15/Feb/2023:21:50:22 -0500] "GET /v3/auth/tokens HTTP/1.1" 200 1905 471302 "-" "python-keystoneclient"
- - - [15/Feb/2023:21:50:22 -0500] "GET /v3/auth/tokens HTTP/1.1" 200 1905 445367 "-" "python-keystoneclient"
- - - [15/Feb/2023:21:50:23 -0500] "GET /v3/auth/tokens HTTP/1.1" 200 1905 475709 "-" "python-keystoneclient"
- - - [15/Feb/2023:21:50:37 -0500] "GET /v3/auth/tokens HTTP/1.1" 200 1905 457684 "-" "python-keystoneclient"
- - - [15/Feb/2023:21:50:38 -0500] "GET /v3/auth/tokens HTTP/1.1" 200 1905 478298 "-" "python-keystoneclient"
- - - [15/Feb/2023:21:50:52 -0500] "GET /v3/auth/tokens HTTP/1.1" 200 1905 540567 "-" "python-keystoneclient"
- - - [15/Feb/2023:21:50:53 -0500] "GET /v3/auth/tokens HTTP/1.1" 200 1905 483963 "-" "python-keystoneclient"
- - - [15/Feb/2023:21:51:07 -0500] "GET /v3/auth/tokens HTTP/1.1" 200 1905 471980 "-" "python-keystoneclient"
- - - [15/Feb/2023:21:51:08 -0500] "GET /v3/auth/tokens HTTP/1.1" 200 1905 471547 "-" "python-keystoneclient"
- - - [15/Feb/2023:21:51:22 -0500] "GET /v3/auth/tokens HTTP/1.1" 200 1905 477192 "-" "python-keystoneclient"
- - - [15/Feb/2023:21:51:22 -0500] "GET /v3/auth/tokens HTTP/1.1" 200 1905 489504 "-" "python-keystoneclient"
- - - [15/Feb/2023:21:51:23 -0500] "GET /v3/auth/tokens HTTP/1.1" 200 1905 488218 "-" "python-keystoneclient"
- - - [15/Feb/2023:21:51:37 -0500] "GET /v3/auth/tokens HTTP/1.1" 200 1905 472174 "-" "python-keystoneclient"
- - - [15/Feb/2023:21:51:38 -0500] "GET /v3/auth/tokens HTTP/1.1" 200 1905 468096 "-" "python-keystoneclient"
- - - [15/Feb/2023:21:51:52 -0500] "GET /v3/auth/tokens HTTP/1.1" 200 1905 522418 "-" "python-keystoneclient"
- - - [15/Feb/2023:21:51:53 -0500] "GET /v3/auth/tokens HTTP/1.1" 200 1905 430950 "-" "python-keystoneclient"
- - - [15/Feb/2023:21:52:07 -0500] "GET /v3/auth/tokens HTTP/1.1" 200 1905 485440 "-" "python-keystoneclient"
- - - [15/Feb/2023:21:52:08 -0500] "GET /v3/auth/tokens HTTP/1.1" 200 1905 480168 "-" "python-keystoneclient"
- - - [15/Feb/2023:21:52:22 -0500] "GET /v3/auth/tokens HTTP/1.1" 200 1905 478933 "-" "python-keystoneclient"
- - - [15/Feb/2023:21:52:22 -0500] "GET /v3/auth/tokens HTTP/1.1" 200 1905 660722 "-" "python-keystoneclient"
- - - [15/Feb/2023:21:52:23 -0500] "GET /v3/auth/tokens HTTP/1.1" 200 1905 474174 "-" "python-keystoneclient"
- - - [15/Feb/2023:21:52:37 -0500] "GET /v3/auth/tokens HTTP/1.1" 200 1905 460270 "-" "python-keystoneclient"
- - - [15/Feb/2023:21:52:38 -0500] "GET /v3/auth/tokens HTTP/1.1" 200 1905 456486 "-" "python-keystoneclient"
- - - [15/Feb/2023:21:52:52 -0500] "GET /v3/auth/tokens HTTP/1.1" 200 1905 498775 "-" "python-keystoneclient"
- - - [15/Feb/2023:21:52:53 -0500] "GET /v3/auth/tokens HTTP/1.1" 200 1905 494230 "-" "python-keystoneclient"
- - - [15/Feb/2023:21:53:07 -0500] "GET /v3/auth/tokens HTTP/1.1" 200 1905 484699 "-" "python-keystoneclient"
- - - [15/Feb/2023:21:53:08 -0500] "GET /v3/auth/tokens HTTP/1.1" 200 1905 459608 "-" "python-keystoneclient"
- - - [15/Feb/2023:21:53:22 -0500] "GET /v3/auth/tokens HTTP/1.1" 200 1905 448799 "-" "python-keystoneclient"
- - - [15/Feb/2023:21:53:22 -0500] "GET /v3/auth/tokens HTTP/1.1" 200 1905 476837 "-" "python-keystoneclient"
- - - [15/Feb/2023:21:53:23 -0500] "GET /v3/auth/tokens HTTP/1.1" 200 1905 504492 "-" "python-keystoneclient"
- - - [15/Feb/2023:21:53:37 -0500] "GET /v3/auth/tokens HTTP/1.1" 200 1905 464978 "-" "python-keystoneclient"
- - - [15/Feb/2023:21:53:38 -0500] "GET /v3/auth/tokens HTTP/1.1" 200 1905 525653 "-" "python-keystoneclient"
- - - [15/Feb/2023:21:53:52 -0500] "GET /v3/auth/tokens HTTP/1.1" 200 1905 471762 "-" "python-keystoneclient"
- - - [15/Feb/2023:21:53:53 -0500] "GET /v3/auth/tokens HTTP/1.1" 200 1905 462115 "-" "python-keystoneclient"
- - - [15/Feb/2023:21:54:07 -0500] "GET /v3/auth/tokens HTTP/1.1" 200 1905 461070 "-" "python-keystoneclient"
- - - [15/Feb/2023:21:54:08 -0500] "GET /v3/auth/tokens HTTP/1.1" 200 1905 476515 "-" "python-keystoneclient"
- - - [15/Feb/2023:21:54:22 -0500] "GET /v3/auth/tokens HTTP/1.1" 200 1905 467103 "-" "python-keystoneclient"
- - - [15/Feb/2023:21:54:22 -0500] "GET /v3/auth/tokens HTTP/1.1" 200 1905 412422 "-" "python-keystoneclient"
- - - [15/Feb/2023:21:54:23 -0500] "GET /v3/auth/tokens HTTP/1.1" 200 1905 452263 "-" "python-keystoneclient"
- - - [15/Feb/2023:21:54:37 -0500] "GET /v3/auth/tokens HTTP/1.1" 200 1905 454841 "-" "python-keystoneclient"
- - - [15/Feb/2023:21:54:38 -0500] "GET /v3/auth/tokens HTTP/1.1" 200 1905 467191 "-" "python-keystoneclient"
- - - [15/Feb/2023:21:54:52 -0500] "GET /v3/auth/tokens HTTP/1.1" 200 1905 457192 "-" "python-keystoneclient"
- - - [15/Feb/2023:21:54:53 -0500] "GET /v3/auth/tokens HTTP/1.1" 200 1905 474266 "-" "python-keystoneclient"
- - - [15/Feb/2023:21:55:07 -0500] "GET /v3/auth/tokens HTTP/1.1" 200 1905 452243 "-" "python-keystoneclient"
- - - [15/Feb/2023:21:55:08 -0500] "GET /v3/auth/tokens HTTP/1.1" 200 1905 583325 "-" "python-keystoneclient"
- - - [15/Feb/2023:21:55:22 -0500] "GET /v3/auth/tokens HTTP/1.1" 200 1905 483132 "-" "python-keystoneclient"
- - - [15/Feb/2023:21:55:22 -0500] "GET /v3/auth/tokens HTTP/1.1" 200 1905 469117 "-" "python-keystoneclient"
- - - [15/Feb/2023:21:55:23 -0500] "GET /v3/auth/tokens HTTP/1.1" 200 1905 481369 "-" "python-keystoneclient"
- - - [15/Feb/2023:21:55:37 -0500] "GET /v3/auth/tokens HTTP/1.1" 200 1905 470126 "-" "python-keystoneclient"
- - - [15/Feb/2023:21:55:38 -0500] "GET /v3/auth/tokens HTTP/1.1" 200 1905 468914 "-" "python-keystoneclient"
- - - [15/Feb/2023:21:55:52 -0500] "GET /v3/auth/tokens HTTP/1.1" 200 1905 464023 "-" "python-keystoneclient"
- - - [15/Feb/2023:21:55:53 -0500] "GET /v3/auth/tokens HTTP/1.1" 200 1905 486433 "-" "python-keystoneclient"
- - - [15/Feb/2023:21:56:07 -0500] "GET /v3/auth/tokens HTTP/1.1" 200 1905 455212 "-" "python-keystoneclient"
- - - [15/Feb/2023:21:56:08 -0500] "GET /v3/auth/tokens HTTP/1.1" 200 1905 460317 "-" "python-keystoneclient"
- - - [15/Feb/2023:21:56:22 -0500] "GET /v3/auth/tokens HTTP/1.1" 200 1905 470524 "-" "python-keystoneclient"
- - - [15/Feb/2023:21:56:22 -0500] "GET /v3/auth/tokens HTTP/1.1" 200 1905 448715 "-" "python-keystoneclient"
- - - [15/Feb/2023:21:56:23 -0500] "GET /v3/auth/tokens HTTP/1.1" 200 1905 464467 "-" "python-keystoneclient"
- - - [15/Feb/2023:21:56:37 -0500] "GET /v3/auth/tokens HTTP/1.1" 200 1905 460416 "-" "python-keystoneclient"
- - - [15/Feb/2023:21:56:38 -0500] "GET /v3/auth/tokens HTTP/1.1" 200 1905 462419 "-" "python-keystoneclient"
- - - [15/Feb/2023:21:56:52 -0500] "GET /v3/auth/tokens HTTP/1.1" 200 1905 464932 "-" "python-keystoneclient"
- - - [15/Feb/2023:21:56:53 -0500] "GET /v3/auth/tokens HTTP/1.1" 200 1905 487138 "-" "python-keystoneclient"
- - - [15/Feb/2023:21:57:07 -0500] "GET /v3/auth/tokens HTTP/1.1" 200 1905 472211 "-" "python-keystoneclient"
- - - [15/Feb/2023:21:57:08 -0500] "GET /v3/auth/tokens HTTP/1.1" 200 1905 473262 "-" "python-keystoneclient"
- - - [15/Feb/2023:21:57:22 -0500] "GET /v3/auth/tokens HTTP/1.1" 200 1905 472044 "-" "python-keystoneclient"
- - - [15/Feb/2023:21:57:22 -0500] "GET /v3/auth/tokens HTTP/1.1" 200 1905 456717 "-" "python-keystoneclient"
- - - [15/Feb/2023:21:57:23 -0500] "GET /v3/auth/tokens HTTP/1.1" 200 1905 467958 "-" "python-keystoneclient"
- - - [15/Feb/2023:21:57:37 -0500] "GET /v3/auth/tokens HTTP/1.1" 200 1905 458701 "-" "python-keystoneclient"
- - - [15/Feb/2023:21:57:38 -0500] "GET /v3/auth/tokens HTTP/1.1" 200 1905 474980 "-" "python-keystoneclient"
- - - [15/Feb/2023:21:57:53 -0500] "GET /v3/auth/tokens HTTP/1.1" 200 1905 470596 "-" "python-keystoneclient"
- - - [15/Feb/2023:21:57:53 -0500] "GET /v3/auth/tokens HTTP/1.1" 200 1905 456176 "-" "python-keystoneclient"
- - - [15/Feb/2023:21:58:07 -0500] "GET /v3/auth/tokens HTTP/1.1" 200 1905 463462 "-" "python-keystoneclient"
- - - [15/Feb/2023:21:58:08 -0500] "GET /v3/auth/tokens HTTP/1.1" 200 1905 476639 "-" "python-keystoneclient"
- - - [15/Feb/2023:21:58:22 -0500] "GET /v3/auth/tokens HTTP/1.1" 200 1905 477855 "-" "python-keystoneclient"
- - - [15/Feb/2023:21:58:22 -0500] "GET /v3/auth/tokens HTTP/1.1" 200 1905 452945 "-" "python-keystoneclient"
- - - [15/Feb/2023:21:58:23 -0500] "GET /v3/auth/tokens HTTP/1.1" 200 1905 474891 "-" "python-keystoneclient"
- - - [15/Feb/2023:21:58:37 -0500] "GET /v3/auth/tokens HTTP/1.1" 200 1905 472230 "-" "python-keystoneclient"
- - - [15/Feb/2023:21:58:38 -0500] "GET /v3/auth/tokens HTTP/1.1" 200 1905 464858 "-" "python-keystoneclient"
- - - [15/Feb/2023:21:58:52 -0500] "GET /v3/auth/tokens HTTP/1.1" 200 1905 460016 "-" "python-keystoneclient"
- - - [15/Feb/2023:21:58:53 -0500] "GET /v3/auth/tokens HTTP/1.1" 200 1905 477441 "-" "python-keystoneclient"
- - - [15/Feb/2023:21:59:07 -0500] "GET /v3/auth/tokens HTTP/1.1" 200 1905 451861 "-" "python-keystoneclient"
- - - [15/Feb/2023:21:59:08 -0500] "GET /v3/auth/tokens HTTP/1.1" 200 1905 461230 "-" "python-keystoneclient"
- - - [15/Feb/2023:21:59:22 -0500] "GET /v3/auth/tokens HTTP/1.1" 200 1905 492532 "-" "python-keystoneclient"
- - - [15/Feb/2023:21:59:22 -0500] "GET /v3/auth/tokens HTTP/1.1" 200 1905 466834 "-" "python-keystoneclient"
- - - [15/Feb/2023:21:59:23 -0500] "GET /v3/auth/tokens HTTP/1.1" 200 1905 461183 "-" "python-keystoneclient"
- - - [15/Feb/2023:21:59:37 -0500] "GET /v3/auth/tokens HTTP/1.1" 200 1905 480379 "-" "python-keystoneclient"
- - - [15/Feb/2023:21:59:38 -0500] "GET /v3/auth/tokens HTTP/1.1" 200 1905 424310 "-" "python-keystoneclient"
- - - [15/Feb/2023:21:59:52 -0500] "GET /v3/auth/tokens HTTP/1.1" 200 1905 433651 "-" "python-keystoneclient"
- - - [15/Feb/2023:21:59:53 -0500] "GET /v3/auth/tokens HTTP/1.1" 200 1905 450283 "-" "python-keystoneclient"
- - - [15/Feb/2023:22:00:07 -0500] "GET /v3/auth/tokens HTTP/1.1" 200 1905 466836 "-" "python-keystoneclient"
- - - [15/Feb/2023:22:00:08 -0500] "GET /v3/auth/tokens HTTP/1.1" 200 1905 474291 "-" "python-keystoneclient"
- - - [15/Feb/2023:22:00:22 -0500] "GET /v3/auth/tokens HTTP/1.1" 200 1905 477895 "-" "python-keystoneclient"
- - - [15/Feb/2023:22:00:22 -0500] "GET /v3/auth/tokens HTTP/1.1" 200 1905 465768 "-" "python-keystoneclient"
- - - [15/Feb/2023:22:00:23 -0500] "GET /v3/auth/tokens HTTP/1.1" 200 1905 474089 "-" "python-keystoneclient"
- - - [15/Feb/2023:22:00:37 -0500] "GET /v3/auth/tokens HTTP/1.1" 200 1905 468991 "-" "python-keystoneclient"
- - - [15/Feb/2023:22:00:38 -0500] "GET /v3/auth/tokens HTTP/1.1" 200 1905 492803 "-" "python-keystoneclient"
- - - [15/Feb/2023:22:00:52 -0500] "GET /v3/auth/tokens HTTP/1.1" 200 1905 473807 "-" "python-keystoneclient"
- - - [15/Feb/2023:22:00:53 -0500] "GET /v3/auth/tokens HTTP/1.1" 200 1905 400573 "-" "python-keystoneclient"
- - - [15/Feb/2023:22:01:07 -0500] "GET /v3/auth/tokens HTTP/1.1" 200 1905 483228 "-" "python-keystoneclient"
- - - [15/Feb/2023:22:01:08 -0500] "GET /v3/auth/tokens HTTP/1.1" 200 1905 465799 "-" "python-keystoneclient"
- - - [15/Feb/2023:22:01:22 -0500] "GET /v3/auth/tokens HTTP/1.1" 200 1905 532206 "-" "python-keystoneclient"
- - - [15/Feb/2023:22:01:22 -0500] "GET /v3/auth/tokens HTTP/1.1" 200 1905 499556 "-" "python-keystoneclient"
- - - [15/Feb/2023:22:01:23 -0500] "GET /v3/auth/tokens HTTP/1.1" 200 1905 401581 "-" "python-keystoneclient"
- - - [15/Feb/2023:22:01:37 -0500] "GET /v3/auth/tokens HTTP/1.1" 200 1905 473735 "-" "python-keystoneclient"
- - - [15/Feb/2023:22:01:38 -0500] "GET /v3/auth/tokens HTTP/1.1" 200 1905 482166 "-" "python-keystoneclient"
- - - [15/Feb/2023:22:01:52 -0500] "GET /v3/auth/tokens HTTP/1.1" 200 1905 473841 "-" "python-keystoneclient"
- - - [15/Feb/2023:22:01:53 -0500] "GET /v3/auth/tokens HTTP/1.1" 200 1905 494440 "-" "python-keystoneclient"
- - - [15/Feb/2023:22:02:07 -0500] "GET /v3/auth/tokens HTTP/1.1" 200 1905 472355 "-" "python-keystoneclient"
- - - [15/Feb/2023:22:02:08 -0500] "GET /v3/auth/tokens HTTP/1.1" 200 1905 492781 "-" "python-keystoneclient"
- - - [15/Feb/2023:22:02:22 -0500] "GET /v3/auth/tokens HTTP/1.1" 200 1905 528018 "-" "python-keystoneclient"
- - - [15/Feb/2023:22:02:22 -0500] "GET /v3/auth/tokens HTTP/1.1" 200 1905 427449 "-" "python-keystoneclient"
- - - [15/Feb/2023:22:02:23 -0500] "GET /v3/auth/tokens HTTP/1.1" 200 1905 505144 "-" "python-keystoneclient"
- - - [15/Feb/2023:22:02:37 -0500] "GET /v3/auth/tokens HTTP/1.1" 200 1905 497531 "-" "python-keystoneclient"
- - - [15/Feb/2023:22:02:38 -0500] "GET /v3/auth/tokens HTTP/1.1" 200 1905 504550 "-" "python-keystoneclient"
- - - [15/Feb/2023:22:02:52 -0500] "GET /v3/auth/tokens HTTP/1.1" 200 1905 470156 "-" "python-keystoneclient"
- - - [15/Feb/2023:22:02:53 -0500] "GET /v3/auth/tokens HTTP/1.1" 200 1905 496243 "-" "python-keystoneclient"
- - - [15/Feb/2023:22:03:07 -0500] "GET /v3/auth/tokens HTTP/1.1" 200 1905 524406 "-" "python-keystoneclient"
- - - [15/Feb/2023:22:03:08 -0500] "GET /v3/auth/tokens HTTP/1.1" 200 1905 485050 "-" "python-keystoneclient"
- - - [15/Feb/2023:22:03:22 -0500] "GET /v3/auth/tokens HTTP/1.1" 200 1905 536654 "-" "python-keystoneclient"
- - - [15/Feb/2023:22:03:22 -0500] "GET /v3/auth/tokens HTTP/1.1" 200 1905 486900 "-" "python-keystoneclient"
- - - [15/Feb/2023:22:03:23 -0500] "GET /v3/auth/tokens HTTP/1.1" 200 1905 484226 "-" "python-keystoneclient"
- - - [15/Feb/2023:22:03:37 -0500] "GET /v3/auth/tokens HTTP/1.1" 200 1905 522210 "-" "python-keystoneclient"
- - - [15/Feb/2023:22:03:38 -0500] "GET /v3/auth/tokens HTTP/1.1" 200 1905 523082 "-" "python-keystoneclient"
- - - [15/Feb/2023:22:03:52 -0500] "GET /v3/auth/tokens HTTP/1.1" 200 1905 538156 "-" "python-keystoneclient"
- - - [15/Feb/2023:22:03:53 -0500] "GET /v3/auth/tokens HTTP/1.1" 200 1905 534880 "-" "python-keystoneclient"
- - - [15/Feb/2023:22:04:07 -0500] "GET /v3/auth/tokens HTTP/1.1" 200 1905 560318 "-" "python-keystoneclient"
- - - [15/Feb/2023:22:04:08 -0500] "GET /v3/auth/tokens HTTP/1.1" 200 1905 531759 "-" "python-keystoneclient"
- - - [15/Feb/2023:22:04:22 -0500] "GET /v3/auth/tokens HTTP/1.1" 200 1905 548174 "-" "python-keystoneclient"
- - - [15/Feb/2023:22:04:22 -0500] "GET /v3/auth/tokens HTTP/1.1" 200 1905 526529 "-" "python-keystoneclient"
- - - [15/Feb/2023:22:04:23 -0500] "GET /v3/auth/tokens HTTP/1.1" 200 1905 519009 "-" "python-keystoneclient"
- - - [15/Feb/2023:22:04:37 -0500] "GET /v3/auth/tokens HTTP/1.1" 200 1905 547561 "-" "python-keystoneclient"
- - - [15/Feb/2023:22:04:38 -0500] "GET /v3/auth/tokens HTTP/1.1" 200 1905 516911 "-" "python-keystoneclient"
- - - [15/Feb/2023:22:04:52 -0500] "GET /v3/auth/tokens HTTP/1.1" 200 1905 509040 "-" "python-keystoneclient"
- - - [15/Feb/2023:22:04:53 -0500] "GET /v3/auth/tokens HTTP/1.1" 200 1905 538588 "-" "python-keystoneclient"
- - - [15/Feb/2023:22:05:07 -0500] "GET /v3/auth/tokens HTTP/1.1" 200 1905 456494 "-" "python-keystoneclient"
- - - [15/Feb/2023:22:05:08 -0500] "GET /v3/auth/tokens HTTP/1.1" 200 1905 531606 "-" "python-keystoneclient"
- - - [15/Feb/2023:22:05:22 -0500] "GET /v3/auth/tokens HTTP/1.1" 200 1905 544294 "-" "python-keystoneclient"
- - - [15/Feb/2023:22:05:22 -0500] "GET /v3/auth/tokens HTTP/1.1" 200 1905 522594 "-" "python-keystoneclient"
- - - [15/Feb/2023:22:05:23 -0500] "GET /v3/auth/tokens HTTP/1.1" 200 1905 495625 "-" "python-keystoneclient"
- - - [15/Feb/2023:22:05:37 -0500] "GET /v3/auth/tokens HTTP/1.1" 200 1905 536159 "-" "python-keystoneclient"
- - - [15/Feb/2023:22:05:38 -0500] "GET /v3/auth/tokens HTTP/1.1" 200 1905 528650 "-" "python-keystoneclient"
- - - [15/Feb/2023:22:05:52 -0500] "GET /v3/auth/tokens HTTP/1.1" 200 1905 572785 "-" "python-keystoneclient"
- - - [15/Feb/2023:22:05:53 -0500] "GET /v3/auth/tokens HTTP/1.1" 200 1905 562134 "-" "python-keystoneclient"
- - - [15/Feb/2023:22:06:07 -0500] "GET /v3/auth/tokens HTTP/1.1" 200 1905 536980 "-" "python-keystoneclient"
- - - [15/Feb/2023:22:06:08 -0500] "GET /v3/auth/tokens HTTP/1.1" 200 1905 516228 "-" "python-keystoneclient"
- - - [15/Feb/2023:22:06:22 -0500] "GET /v3/auth/tokens HTTP/1.1" 200 1905 542194 "-" "python-keystoneclient"
- - - [15/Feb/2023:22:06:22 -0500] "GET /v3/auth/tokens HTTP/1.1" 200 1905 501879 "-" "python-keystoneclient"
- - - [15/Feb/2023:22:06:23 -0500] "GET /v3/auth/tokens HTTP/1.1" 200 1905 497275 "-" "python-keystoneclient"
- - - [15/Feb/2023:22:06:37 -0500] "GET /v3/auth/tokens HTTP/1.1" 200 1905 550273 "-" "python-keystoneclient"
- - - [15/Feb/2023:22:06:38 -0500] "GET /v3/auth/tokens HTTP/1.1" 200 1905 525410 "-" "python-keystoneclient"
- - - [15/Feb/2023:22:06:52 -0500] "GET /v3/auth/tokens HTTP/1.1" 200 1905 509577 "-" "python-keystoneclient"
- - - [15/Feb/2023:22:06:53 -0500] "GET /v3/auth/tokens HTTP/1.1" 200 1905 537870 "-" "python-keystoneclient"
- - - [15/Feb/2023:22:07:07 -0500] "GET /v3/auth/tokens HTTP/1.1" 200 1905 509642 "-" "python-keystoneclient"
- - - [15/Feb/2023:22:07:08 -0500] "GET /v3/auth/tokens HTTP/1.1" 200 1905 498212 "-" "python-keystoneclient"
- - - [15/Feb/2023:22:07:22 -0500] "GET /v3/auth/tokens HTTP/1.1" 200 1905 576263 "-" "python-keystoneclient"
- - - [15/Feb/2023:22:07:22 -0500] "GET /v3/auth/tokens HTTP/1.1" 200 1905 611888 "-" "python-keystoneclient"
- - - [15/Feb/2023:22:07:23 -0500] "GET /v3/auth/tokens HTTP/1.1" 200 1905 520369 "-" "python-keystoneclient"
- - - [15/Feb/2023:22:07:37 -0500] "GET /v3/auth/tokens HTTP/1.1" 200 1905 569251 "-" "python-keystoneclient"
- - - [15/Feb/2023:22:07:38 -0500] "GET /v3/auth/tokens HTTP/1.1" 200 1905 578243 "-" "python-keystoneclient"
- - - [15/Feb/2023:22:07:52 -0500] "GET /v3/auth/tokens HTTP/1.1" 200 1905 575332 "-" "python-keystoneclient"
- - - [15/Feb/2023:22:07:53 -0500] "GET /v3/auth/tokens HTTP/1.1" 200 1905 609812 "-" "python-keystoneclient"
- - - [15/Feb/2023:22:08:07 -0500] "GET /v3/auth/tokens HTTP/1.1" 200 1905 549156 "-" "python-keystoneclient"
- - - [15/Feb/2023:22:08:08 -0500] "GET /v3/auth/tokens HTTP/1.1" 200 1905 516153 "-" "python-keystoneclient"
- - - [15/Feb/2023:22:08:22 -0500] "GET /v3/auth/tokens HTTP/1.1" 200 1905 527713 "-" "python-keystoneclient"
- - - [15/Feb/2023:22:08:22 -0500] "GET /v3/auth/tokens HTTP/1.1" 200 1905 507474 "-" "python-keystoneclient"
- - - [15/Feb/2023:22:08:23 -0500] "GET /v3/auth/tokens HTTP/1.1" 200 1905 496937 "-" "python-keystoneclient"
- - - [15/Feb/2023:22:08:37 -0500] "GET /v3/auth/tokens HTTP/1.1" 200 1905 501346 "-" "python-keystoneclient"
- - - [15/Feb/2023:22:08:38 -0500] "GET /v3/auth/tokens HTTP/1.1" 200 1905 533261 "-" "python-keystoneclient"
- - - [15/Feb/2023:22:08:52 -0500] "GET /v3/auth/tokens HTTP/1.1" 200 1905 496663 "-" "python-keystoneclient"
- - - [15/Feb/2023:22:08:53 -0500] "GET /v3/auth/tokens HTTP/1.1" 200 1905 564155 "-" "python-keystoneclient"
- - - [15/Feb/2023:22:09:07 -0500] "GET /v3/auth/tokens HTTP/1.1" 200 1905 573379 "-" "python-keystoneclient"
- - - [15/Feb/2023:22:09:08 -0500] "GET /v3/auth/tokens HTTP/1.1" 200 1905 572229 "-" "python-keystoneclient"
- - - [15/Feb/2023:22:09:22 -0500] "GET /v3/auth/tokens HTTP/1.1" 200 1905 555998 "-" "python-keystoneclient"
- - - [15/Feb/2023:22:09:22 -0500] "GET /v3/auth/tokens HTTP/1.1" 200 1905 546892 "-" "python-keystoneclient"
- - - [15/Feb/2023:22:09:23 -0500] "GET /v3/auth/tokens HTTP/1.1" 200 1905 530938 "-" "python-keystoneclient"
- - - [15/Feb/2023:22:09:37 -0500] "GET /v3/auth/tokens HTTP/1.1" 200 1905 569402 "-" "python-keystoneclient"
- - - [15/Feb/2023:22:09:38 -0500] "GET /v3/auth/tokens HTTP/1.1" 200 1905 529559 "-" "python-keystoneclient"
- - - [15/Feb/2023:22:09:52 -0500] "GET /v3/auth/tokens HTTP/1.1" 200 1905 448712 "-" "python-keystoneclient"
- - - [15/Feb/2023:22:09:53 -0500] "GET /v3/auth/tokens HTTP/1.1" 200 1905 531131 "-" "python-keystoneclient"
- - - [15/Feb/2023:22:10:07 -0500] "GET /v3/auth/tokens HTTP/1.1" 200 1905 533379 "-" "python-keystoneclient"
- - - [15/Feb/2023:22:10:08 -0500] "GET /v3/auth/tokens HTTP/1.1" 200 1905 504102 "-" "python-keystoneclient"
- - - [15/Feb/2023:22:10:22 -0500] "GET /v3/auth/tokens HTTP/1.1" 200 1905 488852 "-" "python-keystoneclient"
- - - [15/Feb/2023:22:10:22 -0500] "GET /v3/auth/tokens HTTP/1.1" 200 1905 522996 "-" "python-keystoneclient"
- - - [15/Feb/2023:22:10:23 -0500] "GET /v3/auth/tokens HTTP/1.1" 200 1905 472907 "-" "python-keystoneclient"
- - - [15/Feb/2023:22:10:37 -0500] "GET /v3/auth/tokens HTTP/1.1" 200 1905 533086 "-" "python-keystoneclient"
- - - [15/Feb/2023:22:10:38 -0500] "GET /v3/auth/tokens HTTP/1.1" 200 1905 552091 "-" "python-keystoneclient"
- - - [15/Feb/2023:22:10:52 -0500] "GET /v3/auth/tokens HTTP/1.1" 200 1905 560722 "-" "python-keystoneclient"
- - - [15/Feb/2023:22:10:53 -0500] "GET /v3/auth/tokens HTTP/1.1" 200 1905 567854 "-" "python-keystoneclient"
- - - [15/Feb/2023:22:11:07 -0500] "GET /v3/auth/tokens HTTP/1.1" 200 1905 610101 "-" "python-keystoneclient"
- - - [15/Feb/2023:22:11:08 -0500] "GET /v3/auth/tokens HTTP/1.1" 200 1905 562336 "-" "python-keystoneclient"
- - - [15/Feb/2023:22:11:22 -0500] "GET /v3/auth/tokens HTTP/1.1" 200 1905 594544 "-" "python-keystoneclient"
- - - [15/Feb/2023:22:11:22 -0500] "GET /v3/auth/tokens HTTP/1.1" 200 1905 600630 "-" "python-keystoneclient"
- - - [15/Feb/2023:22:11:23 -0500] "GET /v3/auth/tokens HTTP/1.1" 200 1905 557844 "-" "python-keystoneclient"
- - - [15/Feb/2023:22:11:37 -0500] "GET /v3/auth/tokens HTTP/1.1" 200 1905 509338 "-" "python-keystoneclient"
- - - [15/Feb/2023:22:11:38 -0500] "GET /v3/auth/tokens HTTP/1.1" 200 1905 530482 "-" "python-keystoneclient"
- - - [15/Feb/2023:22:11:52 -0500] "GET /v3/auth/tokens HTTP/1.1" 200 1905 476658 "-" "python-keystoneclient"
- - - [15/Feb/2023:22:11:53 -0500] "GET /v3/auth/tokens HTTP/1.1" 200 1905 495310 "-" "python-keystoneclient"
- - - [15/Feb/2023:22:12:07 -0500] "GET /v3/auth/tokens HTTP/1.1" 200 1905 490403 "-" "python-keystoneclient"
- - - [15/Feb/2023:22:12:08 -0500] "GET /v3/auth/tokens HTTP/1.1" 200 1905 495093 "-" "python-keystoneclient"
- - - [15/Feb/2023:22:12:22 -0500] "GET /v3/auth/tokens HTTP/1.1" 200 1905 463610 "-" "python-keystoneclient"
- - - [15/Feb/2023:22:12:22 -0500] "GET /v3/auth/tokens HTTP/1.1" 200 1905 497411 "-" "python-keystoneclient"
- - - [15/Feb/2023:22:12:23 -0500] "GET /v3/auth/tokens HTTP/1.1" 200 1905 494567 "-" "python-keystoneclient"
- - - [15/Feb/2023:22:12:37 -0500] "GET /v3/auth/tokens HTTP/1.1" 200 1905 516387 "-" "python-keystoneclient"
- - - [15/Feb/2023:22:12:38 -0500] "GET /v3/auth/tokens HTTP/1.1" 200 1905 506254 "-" "python-keystoneclient"
- - - [15/Feb/2023:22:12:52 -0500] "GET /v3/auth/tokens HTTP/1.1" 200 1905 500756 "-" "python-keystoneclient"
- - - [15/Feb/2023:22:12:53 -0500] "GET /v3/auth/tokens HTTP/1.1" 200 1905 544206 "-" "python-keystoneclient"
- - - [15/Feb/2023:22:13:07 -0500] "GET /v3/auth/tokens HTTP/1.1" 200 1905 567259 "-" "python-keystoneclient"
- - - [15/Feb/2023:22:13:08 -0500] "GET /v3/auth/tokens HTTP/1.1" 200 1905 538258 "-" "python-keystoneclient"
- - - [15/Feb/2023:22:13:22 -0500] "GET /v3/auth/tokens HTTP/1.1" 200 1905 573566 "-" "python-keystoneclient"
- - - [15/Feb/2023:22:13:22 -0500] "GET /v3/auth/tokens HTTP/1.1" 200 1905 407743 "-" "python-keystoneclient"
- - - [15/Feb/2023:22:13:23 -0500] "GET /v3/auth/tokens HTTP/1.1" 200 1905 513191 "-" "python-keystoneclient"
- - - [15/Feb/2023:22:13:37 -0500] "GET /v3/auth/tokens HTTP/1.1" 200 1905 563192 "-" "python-keystoneclient"
- - - [15/Feb/2023:22:13:38 -0500] "GET /v3/auth/tokens HTTP/1.1" 200 1905 500583 "-" "python-keystoneclient"
- - - [15/Feb/2023:22:13:52 -0500] "GET /v3/auth/tokens HTTP/1.1" 200 1905 505520 "-" "python-keystoneclient"
- - - [15/Feb/2023:22:13:53 -0500] "GET /v3/auth/tokens HTTP/1.1" 200 1905 531214 "-" "python-keystoneclient"
- - - [15/Feb/2023:22:14:07 -0500] "GET /v3/auth/tokens HTTP/1.1" 200 1905 513192 "-" "python-keystoneclient"
- - - [15/Feb/2023:22:14:08 -0500] "GET /v3/auth/tokens HTTP/1.1" 200 1905 511413 "-" "python-keystoneclient"
- - - [15/Feb/2023:22:14:22 -0500] "GET /v3/auth/tokens HTTP/1.1" 200 1905 514282 "-" "python-keystoneclient"
- - - [15/Feb/2023:22:14:22 -0500] "GET /v3/auth/tokens HTTP/1.1" 200 1905 506767 "-" "python-keystoneclient"
- - - [15/Feb/2023:22:14:23 -0500] "GET /v3/auth/tokens HTTP/1.1" 200 1905 312848 "-" "python-keystoneclient"
- - - [15/Feb/2023:22:14:37 -0500] "GET /v3/auth/tokens HTTP/1.1" 200 1905 531386 "-" "python-keystoneclient"
- - - [15/Feb/2023:22:14:38 -0500] "GET /v3/auth/tokens HTTP/1.1" 200 1905 531171 "-" "python-keystoneclient"
- - - [15/Feb/2023:22:14:52 -0500] "GET /v3/auth/tokens HTTP/1.1" 200 1905 466105 "-" "python-keystoneclient"
- - - [15/Feb/2023:22:14:53 -0500] "GET /v3/auth/tokens HTTP/1.1" 200 1905 499089 "-" "python-keystoneclient"
- - - [15/Feb/2023:22:15:07 -0500] "GET /v3/auth/tokens HTTP/1.1" 200 1905 554075 "-" "python-keystoneclient"
- - - [15/Feb/2023:22:15:08 -0500] "GET /v3/auth/tokens HTTP/1.1" 200 1905 494849 "-" "python-keystoneclient"
- - - [15/Feb/2023:22:15:22 -0500] "GET /v3/auth/tokens HTTP/1.1" 200 1905 522752 "-" "python-keystoneclient"
- - - [15/Feb/2023:22:15:22 -0500] "GET /v3/auth/tokens HTTP/1.1" 200 1905 501487 "-" "python-keystoneclient"
- - - [15/Feb/2023:22:15:23 -0500] "GET /v3/auth/tokens HTTP/1.1" 200 1905 497473 "-" "python-keystoneclient"
- - - [15/Feb/2023:22:15:37 -0500] "GET /v3/auth/tokens HTTP/1.1" 200 1905 503447 "-" "python-keystoneclient"
- - - [15/Feb/2023:22:15:38 -0500] "GET /v3/auth/tokens HTTP/1.1" 200 1905 504289 "-" "python-keystoneclient"
- - - [15/Feb/2023:22:15:52 -0500] "GET /v3/auth/tokens HTTP/1.1" 200 1905 524602 "-" "python-keystoneclient"
- - - [15/Feb/2023:22:15:53 -0500] "GET /v3/auth/tokens HTTP/1.1" 200 1905 530696 "-" "python-keystoneclient"
- - - [15/Feb/2023:22:16:08 -0500] "GET /v3/auth/tokens HTTP/1.1" 200 1905 547417 "-" "python-keystoneclient"
- - - [15/Feb/2023:22:16:08 -0500] "GET /v3/auth/tokens HTTP/1.1" 200 1905 538241 "-" "python-keystoneclient"
- - - [15/Feb/2023:22:16:22 -0500] "GET /v3/auth/tokens HTTP/1.1" 200 1905 519600 "-" "python-keystoneclient"
- - - [15/Feb/2023:22:16:22 -0500] "GET /v3/auth/tokens HTTP/1.1" 200 1905 519119 "-" "python-keystoneclient"
- - - [15/Feb/2023:22:16:23 -0500] "GET /v3/auth/tokens HTTP/1.1" 200 1905 506297 "-" "python-keystoneclient"
- - - [15/Feb/2023:22:16:38 -0500] "GET /v3/auth/tokens HTTP/1.1" 200 1905 515408 "-" "python-keystoneclient"
- - - [15/Feb/2023:22:16:38 -0500] "GET /v3/auth/tokens HTTP/1.1" 200 1905 508613 "-" "python-keystoneclient"
- - - [15/Feb/2023:22:16:53 -0500] "GET /v3/auth/tokens HTTP/1.1" 200 1905 520043 "-" "python-keystoneclient"
- - - [15/Feb/2023:22:16:53 -0500] "GET /v3/auth/tokens HTTP/1.1" 200 1905 508762 "-" "python-keystoneclient"
- - - [15/Feb/2023:22:17:08 -0500] "GET /v3/auth/tokens HTTP/1.1" 200 1905 526514 "-" "python-keystoneclient"
- - - [15/Feb/2023:22:17:08 -0500] "GET /v3/auth/tokens HTTP/1.1" 200 1905 492870 "-" "python-keystoneclient"
- - - [15/Feb/2023:22:17:22 -0500] "GET /v3/auth/tokens HTTP/1.1" 200 1905 544810 "-" "python-keystoneclient"
- - - [15/Feb/2023:22:17:23 -0500] "GET /v3/auth/tokens HTTP/1.1" 200 1905 548383 "-" "python-keystoneclient"
- - - [15/Feb/2023:22:17:23 -0500] "GET /v3/auth/tokens HTTP/1.1" 200 1905 484244 "-" "python-keystoneclient"
- - - [15/Feb/2023:22:17:38 -0500] "GET /v3/auth/tokens HTTP/1.1" 200 1905 522712 "-" "python-keystoneclient"
- - - [15/Feb/2023:22:17:38 -0500] "GET /v3/auth/tokens HTTP/1.1" 200 1905 485995 "-" "python-keystoneclient"
- - - [15/Feb/2023:22:17:53 -0500] "GET /v3/auth/tokens HTTP/1.1" 200 1905 504977 "-" "python-keystoneclient"
- - - [15/Feb/2023:22:17:53 -0500] "GET /v3/auth/tokens HTTP/1.1" 200 1905 515395 "-" "python-keystoneclient"
- - - [15/Feb/2023:22:18:08 -0500] "GET /v3/auth/tokens HTTP/1.1" 200 1905 516617 "-" "python-keystoneclient"
- - - [15/Feb/2023:22:18:08 -0500] "GET /v3/auth/tokens HTTP/1.1" 200 1905 522992 "-" "python-keystoneclient"
- - - [15/Feb/2023:22:18:22 -0500] "GET /v3/auth/tokens HTTP/1.1" 200 1905 510066 "-" "python-keystoneclient"
- - - [15/Feb/2023:22:18:23 -0500] "GET /v3/auth/tokens HTTP/1.1" 200 1905 494176 "-" "python-keystoneclient"
- - - [15/Feb/2023:22:18:23 -0500] "GET /v3/auth/tokens HTTP/1.1" 200 1905 483362 "-" "python-keystoneclient"
- - - [15/Feb/2023:22:18:38 -0500] "GET /v3/auth/tokens HTTP/1.1" 200 1905 501402 "-" "python-keystoneclient"
- - - [15/Feb/2023:22:18:38 -0500] "GET /v3/auth/tokens HTTP/1.1" 200 1905 501001 "-" "python-keystoneclient"
- - - [15/Feb/2023:22:18:53 -0500] "GET /v3/auth/tokens HTTP/1.1" 200 1905 570778 "-" "python-keystoneclient"
- - - [15/Feb/2023:22:18:53 -0500] "GET /v3/auth/tokens HTTP/1.1" 200 1905 356864 "-" "python-keystoneclient"
- - - [15/Feb/2023:22:19:08 -0500] "GET /v3/auth/tokens HTTP/1.1" 200 1905 551164 "-" "python-keystoneclient"
- - - [15/Feb/2023:22:19:08 -0500] "GET /v3/auth/tokens HTTP/1.1" 200 1905 501278 "-" "python-keystoneclient"
- - - [15/Feb/2023:22:19:22 -0500] "GET /v3/auth/tokens HTTP/1.1" 200 1905 529849 "-" "python-keystoneclient"
- - - [15/Feb/2023:22:19:23 -0500] "GET /v3/auth/tokens HTTP/1.1" 200 1905 516341 "-" "python-keystoneclient"
- - - [15/Feb/2023:22:19:23 -0500] "GET /v3/auth/tokens HTTP/1.1" 200 1905 479817 "-" "python-keystoneclient"
- - - [15/Feb/2023:22:19:38 -0500] "GET /v3/auth/tokens HTTP/1.1" 200 1905 520986 "-" "python-keystoneclient"
- - - [15/Feb/2023:22:19:38 -0500] "GET /v3/auth/tokens HTTP/1.1" 200 1905 530608 "-" "python-keystoneclient"
- - - [15/Feb/2023:22:19:53 -0500] "GET /v3/auth/tokens HTTP/1.1" 200 1905 477846 "-" "python-keystoneclient"
- - - [15/Feb/2023:22:19:53 -0500] "GET /v3/auth/tokens HTTP/1.1" 200 1905 542755 "-" "python-keystoneclient"
- - - [15/Feb/2023:22:20:08 -0500] "GET /v3/auth/tokens HTTP/1.1" 200 1905 521778 "-" "python-keystoneclient"
- - - [15/Feb/2023:22:20:08 -0500] "GET /v3/auth/tokens HTTP/1.1" 200 1905 495333 "-" "python-keystoneclient"
- - - [15/Feb/2023:22:20:22 -0500] "GET /v3/auth/tokens HTTP/1.1" 200 1905 549795 "-" "python-keystoneclient"
- - - [15/Feb/2023:22:20:23 -0500] "GET /v3/auth/tokens HTTP/1.1" 200 1905 595195 "-" "python-keystoneclient"
- - - [15/Feb/2023:22:20:23 -0500] "GET /v3/auth/tokens HTTP/1.1" 200 1905 542931 "-" "python-keystoneclient"
- - - [15/Feb/2023:22:20:38 -0500] "GET /v3/auth/tokens HTTP/1.1" 200 1905 622749 "-" "python-keystoneclient"
- - - [15/Feb/2023:22:20:38 -0500] "GET /v3/auth/tokens HTTP/1.1" 200 1905 519950 "-" "python-keystoneclient"
- - - [15/Feb/2023:22:20:53 -0500] "GET /v3/auth/tokens HTTP/1.1" 200 1905 556726 "-" "python-keystoneclient"
- - - [15/Feb/2023:22:20:53 -0500] "GET /v3/auth/tokens HTTP/1.1" 200 1905 565290 "-" "python-keystoneclient"
- - - [15/Feb/2023:22:21:08 -0500] "GET /v3/auth/tokens HTTP/1.1" 200 1905 517924 "-" "python-keystoneclient"
- - - [15/Feb/2023:22:21:08 -0500] "GET /v3/auth/tokens HTTP/1.1" 200 1905 493822 "-" "python-keystoneclient"
