2023-02-26 23:52:01,045 p=5737 u=root n=ansible | [WARNING]: Invalid characters were found in group names but not replaced, use
-vvvv to see details

2023-02-26 23:52:03,029 p=5737 u=root n=ansible | PLAY [Gather facts for all hosts] **********************************************
2023-02-26 23:52:03,321 p=5737 u=root n=ansible | TASK [Gather facts] ************************************************************
2023-02-26 23:52:12,484 p=5737 u=root n=ansible | ok: [localhost]
2023-02-26 23:52:12,653 p=5737 u=root n=ansible | TASK [Group hosts to determine when using --limit] *****************************
2023-02-26 23:52:12,752 p=5737 u=root n=ansible | ok: [localhost]
2023-02-26 23:52:12,925 p=5737 u=root n=ansible | [WARNING]: Could not match supplied host pattern, ignoring:
all_using_limit_True

2023-02-26 23:52:12,935 p=5737 u=root n=ansible | PLAY [Gather facts for all hosts (if using --limit)] ***************************
2023-02-26 23:52:12,935 p=5737 u=root n=ansible | skipping: no hosts matched
2023-02-26 23:52:12,944 p=5737 u=root n=ansible | PLAY [Apply role baremetal] ****************************************************
2023-02-26 23:52:13,157 p=5737 u=root n=ansible | TASK [openstack.kolla.baremetal : Ensure localhost in /etc/hosts] **************
2023-02-26 23:52:14,189 p=5737 u=root n=ansible | changed: [localhost]
2023-02-26 23:52:14,341 p=5737 u=root n=ansible | TASK [openstack.kolla.baremetal : Ensure hostname does not point to 127.0.1.1 in /etc/hosts] ***
2023-02-26 23:52:14,900 p=5737 u=root n=ansible | ok: [localhost]
2023-02-26 23:52:15,045 p=5737 u=root n=ansible | TASK [openstack.kolla.baremetal : Generate /etc/hosts for all of the nodes] ****
2023-02-26 23:52:16,720 p=5737 u=root n=ansible | changed: [localhost]
2023-02-26 23:52:16,805 p=5737 u=root n=ansible | TASK [openstack.kolla.baremetal : Ensure unprivileged users can use ping] ******
2023-02-26 23:52:17,910 p=5737 u=root n=ansible | changed: [localhost]
2023-02-26 23:52:18,004 p=5737 u=root n=ansible | TASK [openstack.kolla.baremetal : Ensure /etc/cloud/cloud.cfg exists] **********
2023-02-26 23:52:19,510 p=5737 u=root n=ansible | ok: [localhost]
2023-02-26 23:52:19,633 p=5737 u=root n=ansible | TASK [openstack.kolla.baremetal : Disable cloud-init manage_etc_hosts] *********
2023-02-26 23:52:21,054 p=5737 u=root n=ansible | changed: [localhost]
2023-02-26 23:52:21,141 p=5737 u=root n=ansible | TASK [openstack.kolla.baremetal : Set firewall default policy] *****************
2023-02-26 23:52:21,185 p=5737 u=root n=ansible | skipping: [localhost]
2023-02-26 23:52:21,362 p=5737 u=root n=ansible | TASK [openstack.kolla.baremetal : Check if firewalld is installed] *************
2023-02-26 23:52:22,449 p=5737 u=root n=ansible | ok: [localhost]
2023-02-26 23:52:22,565 p=5737 u=root n=ansible | TASK [openstack.kolla.baremetal : Disable firewalld] ***************************
2023-02-26 23:52:22,631 p=5737 u=root n=ansible | skipping: [localhost] => (item=firewalld) 
2023-02-26 23:52:22,740 p=5737 u=root n=ansible | TASK [openstack.kolla.docker : Fail if docker_custom_option is defined] ********
2023-02-26 23:52:22,828 p=5737 u=root n=ansible | skipping: [localhost]
2023-02-26 23:52:22,922 p=5737 u=root n=ansible | TASK [openstack.kolla.docker : include_tasks] **********************************
2023-02-26 23:52:22,968 p=5737 u=root n=ansible | skipping: [localhost]
2023-02-26 23:52:23,091 p=5737 u=root n=ansible | TASK [openstack.kolla.docker : Ensure docker config directory exists] **********
2023-02-26 23:52:24,068 p=5737 u=root n=ansible | ok: [localhost]
2023-02-26 23:52:24,168 p=5737 u=root n=ansible | TASK [openstack.kolla.docker : Write docker config] ****************************
2023-02-26 23:52:25,625 p=5737 u=root n=ansible | changed: [localhost]
2023-02-26 23:52:25,722 p=5737 u=root n=ansible | TASK [openstack.kolla.docker : Remove old docker options file] *****************
2023-02-26 23:52:26,240 p=5737 u=root n=ansible | ok: [localhost]
2023-02-26 23:52:26,366 p=5737 u=root n=ansible | TASK [openstack.kolla.docker : Ensure docker service directory exists] *********
2023-02-26 23:52:26,417 p=5737 u=root n=ansible | skipping: [localhost]
2023-02-26 23:52:26,566 p=5737 u=root n=ansible | TASK [openstack.kolla.docker : Configure docker service] ***********************
2023-02-26 23:52:26,623 p=5737 u=root n=ansible | skipping: [localhost]
2023-02-26 23:52:26,778 p=5737 u=root n=ansible | TASK [openstack.kolla.docker : Ensure the path for CA file for private registry exists] ***
2023-02-26 23:52:26,826 p=5737 u=root n=ansible | skipping: [localhost]
2023-02-26 23:52:26,920 p=5737 u=root n=ansible | TASK [openstack.kolla.docker : Ensure the CA file for private registry exists] ***
2023-02-26 23:52:26,973 p=5737 u=root n=ansible | skipping: [localhost]
2023-02-26 23:52:27,120 p=5737 u=root n=ansible | TASK [openstack.kolla.docker : Flush handlers] *********************************
2023-02-26 23:52:27,121 p=5737 u=root n=ansible | RUNNING HANDLER [openstack.kolla.docker : Restart docker] **********************
2023-02-26 23:52:31,121 p=5737 u=root n=ansible | changed: [localhost]
2023-02-26 23:52:31,250 p=5737 u=root n=ansible | TASK [openstack.kolla.docker : Start and enable docker] ************************
2023-02-26 23:52:32,240 p=5737 u=root n=ansible | ok: [localhost]
2023-02-26 23:52:32,326 p=5737 u=root n=ansible | TASK [openstack.kolla.docker : include_tasks] **********************************
2023-02-26 23:52:32,368 p=5737 u=root n=ansible | skipping: [localhost]
2023-02-26 23:52:32,542 p=5737 u=root n=ansible | TASK [openstack.kolla.kolla_user : Ensure groups are present] ******************
2023-02-26 23:52:32,601 p=5737 u=root n=ansible | skipping: [localhost] => (item=docker) 
2023-02-26 23:52:32,615 p=5737 u=root n=ansible | skipping: [localhost] => (item=sudo) 
2023-02-26 23:52:32,621 p=5737 u=root n=ansible | skipping: [localhost] => (item=kolla) 
2023-02-26 23:52:32,716 p=5737 u=root n=ansible | TASK [openstack.kolla.kolla_user : Create kolla user] **************************
2023-02-26 23:52:32,760 p=5737 u=root n=ansible | skipping: [localhost]
2023-02-26 23:52:32,860 p=5737 u=root n=ansible | TASK [openstack.kolla.kolla_user : Add public key to kolla user authorized keys] ***
2023-02-26 23:52:32,899 p=5737 u=root n=ansible | skipping: [localhost]
2023-02-26 23:52:32,989 p=5737 u=root n=ansible | TASK [openstack.kolla.kolla_user : Grant kolla user passwordless sudo] *********
2023-02-26 23:52:33,030 p=5737 u=root n=ansible | skipping: [localhost]
2023-02-26 23:52:33,197 p=5737 u=root n=ansible | TASK [openstack.kolla.docker_sdk : Install latest pip in the virtualenv] *******
2023-02-26 23:52:33,253 p=5737 u=root n=ansible | skipping: [localhost]
2023-02-26 23:52:33,343 p=5737 u=root n=ansible | TASK [openstack.kolla.docker_sdk : Install docker SDK for python] **************
2023-02-26 23:52:55,774 p=5737 u=root n=ansible | ok: [localhost]
2023-02-26 23:52:55,991 p=5737 u=root n=ansible | TASK [openstack.kolla.baremetal : Ensure node_config_directory directory exists] ***
2023-02-26 23:52:56,539 p=5737 u=root n=ansible | ok: [localhost]
2023-02-26 23:52:56,653 p=5737 u=root n=ansible | TASK [openstack.kolla.apparmor_libvirt : include_tasks] ************************
2023-02-26 23:52:56,694 p=5737 u=root n=ansible | skipping: [localhost]
2023-02-26 23:52:56,884 p=5737 u=root n=ansible | TASK [openstack.kolla.baremetal : Change state of selinux] *********************
2023-02-26 23:52:58,492 p=5737 u=root n=ansible | ok: [localhost]
2023-02-26 23:52:58,585 p=5737 u=root n=ansible | TASK [openstack.kolla.baremetal : Set https proxy for git] *********************
2023-02-26 23:52:58,626 p=5737 u=root n=ansible | skipping: [localhost]
2023-02-26 23:52:58,714 p=5737 u=root n=ansible | TASK [openstack.kolla.baremetal : Set http proxy for git] **********************
2023-02-26 23:52:58,753 p=5737 u=root n=ansible | skipping: [localhost]
2023-02-26 23:52:58,846 p=5737 u=root n=ansible | TASK [openstack.kolla.baremetal : include_tasks] *******************************
2023-02-26 23:52:58,885 p=5737 u=root n=ansible | skipping: [localhost]
2023-02-26 23:52:59,148 p=5737 u=root n=ansible | PLAY RECAP *********************************************************************
2023-02-26 23:52:59,148 p=5737 u=root n=ansible | localhost                  : ok=17   changed=6    unreachable=0    failed=0    skipped=18   rescued=0    ignored=0   
