2023-04-04 17:00:48,885 p=5757 u=root n=ansible | [WARNING]: Invalid characters were found in group names but not replaced, use
-vvvv to see details

2023-04-04 17:00:50,631 p=5757 u=root n=ansible | PLAY [Gather facts for all hosts] **********************************************
2023-04-04 17:00:50,908 p=5757 u=root n=ansible | TASK [Gather facts] ************************************************************
2023-04-04 17:00:54,366 p=5757 u=root n=ansible | ok: [localhost]
2023-04-04 17:00:54,451 p=5757 u=root n=ansible | TASK [Group hosts to determine when using --limit] *****************************
2023-04-04 17:00:54,542 p=5757 u=root n=ansible | ok: [localhost]
2023-04-04 17:00:54,720 p=5757 u=root n=ansible | [WARNING]: Could not match supplied host pattern, ignoring:
all_using_limit_True

2023-04-04 17:00:54,730 p=5757 u=root n=ansible | PLAY [Gather facts for all hosts (if using --limit)] ***************************
2023-04-04 17:00:54,731 p=5757 u=root n=ansible | skipping: no hosts matched
2023-04-04 17:00:54,740 p=5757 u=root n=ansible | PLAY [Apply role baremetal] ****************************************************
2023-04-04 17:00:54,966 p=5757 u=root n=ansible | TASK [openstack.kolla.baremetal : Ensure localhost in /etc/hosts] **************
2023-04-04 17:00:55,822 p=5757 u=root n=ansible | changed: [localhost]
2023-04-04 17:00:55,992 p=5757 u=root n=ansible | TASK [openstack.kolla.baremetal : Ensure hostname does not point to 127.0.1.1 in /etc/hosts] ***
2023-04-04 17:00:56,483 p=5757 u=root n=ansible | ok: [localhost]
2023-04-04 17:00:56,571 p=5757 u=root n=ansible | TASK [openstack.kolla.baremetal : Generate /etc/hosts for all of the nodes] ****
2023-04-04 17:00:57,994 p=5757 u=root n=ansible | changed: [localhost]
2023-04-04 17:00:58,080 p=5757 u=root n=ansible | TASK [openstack.kolla.baremetal : Ensure unprivileged users can use ping] ******
2023-04-04 17:00:58,964 p=5757 u=root n=ansible | changed: [localhost]
2023-04-04 17:00:59,055 p=5757 u=root n=ansible | TASK [openstack.kolla.baremetal : Ensure /etc/cloud/cloud.cfg exists] **********
2023-04-04 17:01:00,364 p=5757 u=root n=ansible | ok: [localhost]
2023-04-04 17:01:00,500 p=5757 u=root n=ansible | TASK [openstack.kolla.baremetal : Disable cloud-init manage_etc_hosts] *********
2023-04-04 17:01:02,132 p=5757 u=root n=ansible | changed: [localhost]
2023-04-04 17:01:02,223 p=5757 u=root n=ansible | TASK [openstack.kolla.baremetal : Set firewall default policy] *****************
2023-04-04 17:01:02,280 p=5757 u=root n=ansible | skipping: [localhost]
2023-04-04 17:01:02,388 p=5757 u=root n=ansible | TASK [openstack.kolla.baremetal : Check if firewalld is installed] *************
2023-04-04 17:01:03,300 p=5757 u=root n=ansible | ok: [localhost]
2023-04-04 17:01:03,385 p=5757 u=root n=ansible | TASK [openstack.kolla.baremetal : Disable firewalld] ***************************
2023-04-04 17:01:03,443 p=5757 u=root n=ansible | skipping: [localhost] => (item=firewalld) 
2023-04-04 17:01:03,537 p=5757 u=root n=ansible | TASK [openstack.kolla.docker : Fail if docker_custom_option is defined] ********
2023-04-04 17:01:03,603 p=5757 u=root n=ansible | skipping: [localhost]
2023-04-04 17:01:03,700 p=5757 u=root n=ansible | TASK [openstack.kolla.docker : include_tasks] **********************************
2023-04-04 17:01:03,739 p=5757 u=root n=ansible | skipping: [localhost]
2023-04-04 17:01:03,844 p=5757 u=root n=ansible | TASK [openstack.kolla.docker : Ensure docker config directory exists] **********
2023-04-04 17:01:04,769 p=5757 u=root n=ansible | ok: [localhost]
2023-04-04 17:01:04,853 p=5757 u=root n=ansible | TASK [openstack.kolla.docker : Write docker config] ****************************
2023-04-04 17:01:06,141 p=5757 u=root n=ansible | changed: [localhost]
2023-04-04 17:01:06,247 p=5757 u=root n=ansible | TASK [openstack.kolla.docker : Remove old docker options file] *****************
2023-04-04 17:01:06,955 p=5757 u=root n=ansible | ok: [localhost]
2023-04-04 17:01:07,043 p=5757 u=root n=ansible | TASK [openstack.kolla.docker : Ensure docker service directory exists] *********
2023-04-04 17:01:07,100 p=5757 u=root n=ansible | skipping: [localhost]
2023-04-04 17:01:07,192 p=5757 u=root n=ansible | TASK [openstack.kolla.docker : Configure docker service] ***********************
2023-04-04 17:01:07,243 p=5757 u=root n=ansible | skipping: [localhost]
2023-04-04 17:01:07,330 p=5757 u=root n=ansible | TASK [openstack.kolla.docker : Ensure the path for CA file for private registry exists] ***
2023-04-04 17:01:07,381 p=5757 u=root n=ansible | skipping: [localhost]
2023-04-04 17:01:07,470 p=5757 u=root n=ansible | TASK [openstack.kolla.docker : Ensure the CA file for private registry exists] ***
2023-04-04 17:01:07,526 p=5757 u=root n=ansible | skipping: [localhost]
2023-04-04 17:01:07,615 p=5757 u=root n=ansible | TASK [openstack.kolla.docker : Flush handlers] *********************************
2023-04-04 17:01:07,615 p=5757 u=root n=ansible | RUNNING HANDLER [openstack.kolla.docker : Restart docker] **********************
2023-04-04 17:01:11,642 p=5757 u=root n=ansible | changed: [localhost]
2023-04-04 17:01:11,735 p=5757 u=root n=ansible | TASK [openstack.kolla.docker : Start and enable docker] ************************
2023-04-04 17:01:12,616 p=5757 u=root n=ansible | ok: [localhost]
2023-04-04 17:01:12,704 p=5757 u=root n=ansible | TASK [openstack.kolla.docker : include_tasks] **********************************
2023-04-04 17:01:12,746 p=5757 u=root n=ansible | skipping: [localhost]
2023-04-04 17:01:12,916 p=5757 u=root n=ansible | TASK [openstack.kolla.kolla_user : Ensure groups are present] ******************
2023-04-04 17:01:12,968 p=5757 u=root n=ansible | skipping: [localhost] => (item=docker) 
2023-04-04 17:01:12,974 p=5757 u=root n=ansible | skipping: [localhost] => (item=sudo) 
2023-04-04 17:01:12,980 p=5757 u=root n=ansible | skipping: [localhost] => (item=kolla) 
2023-04-04 17:01:13,067 p=5757 u=root n=ansible | TASK [openstack.kolla.kolla_user : Create kolla user] **************************
2023-04-04 17:01:13,116 p=5757 u=root n=ansible | skipping: [localhost]
2023-04-04 17:01:13,204 p=5757 u=root n=ansible | TASK [openstack.kolla.kolla_user : Add public key to kolla user authorized keys] ***
2023-04-04 17:01:13,270 p=5757 u=root n=ansible | skipping: [localhost]
2023-04-04 17:01:13,359 p=5757 u=root n=ansible | TASK [openstack.kolla.kolla_user : Grant kolla user passwordless sudo] *********
2023-04-04 17:01:13,406 p=5757 u=root n=ansible | skipping: [localhost]
2023-04-04 17:01:13,589 p=5757 u=root n=ansible | TASK [openstack.kolla.docker_sdk : Install latest pip in the virtualenv] *******
2023-04-04 17:01:13,656 p=5757 u=root n=ansible | skipping: [localhost]
2023-04-04 17:01:13,745 p=5757 u=root n=ansible | TASK [openstack.kolla.docker_sdk : Install docker SDK for python] **************
2023-04-04 17:01:39,740 p=5757 u=root n=ansible | ok: [localhost]
2023-04-04 17:01:39,915 p=5757 u=root n=ansible | TASK [openstack.kolla.baremetal : Ensure node_config_directory directory exists] ***
2023-04-04 17:01:40,551 p=5757 u=root n=ansible | ok: [localhost]
2023-04-04 17:01:40,668 p=5757 u=root n=ansible | TASK [openstack.kolla.apparmor_libvirt : include_tasks] ************************
2023-04-04 17:01:40,722 p=5757 u=root n=ansible | skipping: [localhost]
2023-04-04 17:01:40,889 p=5757 u=root n=ansible | TASK [openstack.kolla.baremetal : Change state of selinux] *********************
2023-04-04 17:01:42,521 p=5757 u=root n=ansible | ok: [localhost]
2023-04-04 17:01:42,607 p=5757 u=root n=ansible | TASK [openstack.kolla.baremetal : Set https proxy for git] *********************
2023-04-04 17:01:42,649 p=5757 u=root n=ansible | skipping: [localhost]
2023-04-04 17:01:42,735 p=5757 u=root n=ansible | TASK [openstack.kolla.baremetal : Set http proxy for git] **********************
2023-04-04 17:01:42,803 p=5757 u=root n=ansible | skipping: [localhost]
2023-04-04 17:01:42,890 p=5757 u=root n=ansible | TASK [openstack.kolla.baremetal : include_tasks] *******************************
2023-04-04 17:01:42,956 p=5757 u=root n=ansible | skipping: [localhost]
2023-04-04 17:01:43,227 p=5757 u=root n=ansible | PLAY RECAP *********************************************************************
2023-04-04 17:01:43,228 p=5757 u=root n=ansible | localhost                  : ok=17   changed=6    unreachable=0    failed=0    skipped=18   rescued=0    ignored=0   
