2023-03-06 19:34:51,600 p=5757 u=root n=ansible | [WARNING]: Invalid characters were found in group names but not replaced, use
-vvvv to see details

2023-03-06 19:34:54,312 p=5757 u=root n=ansible | PLAY [Gather facts for all hosts] **********************************************
2023-03-06 19:34:54,682 p=5757 u=root n=ansible | TASK [Gather facts] ************************************************************
2023-03-06 19:35:04,425 p=5757 u=root n=ansible | ok: [localhost]
2023-03-06 19:35:04,548 p=5757 u=root n=ansible | TASK [Group hosts to determine when using --limit] *****************************
2023-03-06 19:35:04,649 p=5757 u=root n=ansible | ok: [localhost]
2023-03-06 19:35:04,849 p=5757 u=root n=ansible | [WARNING]: Could not match supplied host pattern, ignoring:
all_using_limit_True

2023-03-06 19:35:04,858 p=5757 u=root n=ansible | PLAY [Gather facts for all hosts (if using --limit)] ***************************
2023-03-06 19:35:04,859 p=5757 u=root n=ansible | skipping: no hosts matched
2023-03-06 19:35:04,869 p=5757 u=root n=ansible | PLAY [Apply role baremetal] ****************************************************
2023-03-06 19:35:05,087 p=5757 u=root n=ansible | TASK [openstack.kolla.baremetal : Ensure localhost in /etc/hosts] **************
2023-03-06 19:35:06,106 p=5757 u=root n=ansible | changed: [localhost]
2023-03-06 19:35:06,210 p=5757 u=root n=ansible | TASK [openstack.kolla.baremetal : Ensure hostname does not point to 127.0.1.1 in /etc/hosts] ***
2023-03-06 19:35:06,696 p=5757 u=root n=ansible | ok: [localhost]
2023-03-06 19:35:06,785 p=5757 u=root n=ansible | TASK [openstack.kolla.baremetal : Generate /etc/hosts for all of the nodes] ****
2023-03-06 19:35:08,405 p=5757 u=root n=ansible | changed: [localhost]
2023-03-06 19:35:08,496 p=5757 u=root n=ansible | TASK [openstack.kolla.baremetal : Ensure unprivileged users can use ping] ******
2023-03-06 19:35:09,649 p=5757 u=root n=ansible | changed: [localhost]
2023-03-06 19:35:09,784 p=5757 u=root n=ansible | TASK [openstack.kolla.baremetal : Ensure /etc/cloud/cloud.cfg exists] **********
2023-03-06 19:35:11,725 p=5757 u=root n=ansible | ok: [localhost]
2023-03-06 19:35:11,896 p=5757 u=root n=ansible | TASK [openstack.kolla.baremetal : Disable cloud-init manage_etc_hosts] *********
2023-03-06 19:35:13,664 p=5757 u=root n=ansible | changed: [localhost]
2023-03-06 19:35:13,751 p=5757 u=root n=ansible | TASK [openstack.kolla.baremetal : Set firewall default policy] *****************
2023-03-06 19:35:13,811 p=5757 u=root n=ansible | skipping: [localhost]
2023-03-06 19:35:13,917 p=5757 u=root n=ansible | TASK [openstack.kolla.baremetal : Check if firewalld is installed] *************
2023-03-06 19:35:14,926 p=5757 u=root n=ansible | ok: [localhost]
2023-03-06 19:35:15,028 p=5757 u=root n=ansible | TASK [openstack.kolla.baremetal : Disable firewalld] ***************************
2023-03-06 19:35:15,104 p=5757 u=root n=ansible | skipping: [localhost] => (item=firewalld) 
2023-03-06 19:35:15,196 p=5757 u=root n=ansible | TASK [openstack.kolla.docker : Fail if docker_custom_option is defined] ********
2023-03-06 19:35:15,315 p=5757 u=root n=ansible | skipping: [localhost]
2023-03-06 19:35:15,404 p=5757 u=root n=ansible | TASK [openstack.kolla.docker : include_tasks] **********************************
2023-03-06 19:35:15,450 p=5757 u=root n=ansible | skipping: [localhost]
2023-03-06 19:35:15,539 p=5757 u=root n=ansible | TASK [openstack.kolla.docker : Ensure docker config directory exists] **********
2023-03-06 19:35:16,672 p=5757 u=root n=ansible | ok: [localhost]
2023-03-06 19:35:16,777 p=5757 u=root n=ansible | TASK [openstack.kolla.docker : Write docker config] ****************************
2023-03-06 19:35:18,144 p=5757 u=root n=ansible | changed: [localhost]
2023-03-06 19:35:18,237 p=5757 u=root n=ansible | TASK [openstack.kolla.docker : Remove old docker options file] *****************
2023-03-06 19:35:18,770 p=5757 u=root n=ansible | ok: [localhost]
2023-03-06 19:35:18,898 p=5757 u=root n=ansible | TASK [openstack.kolla.docker : Ensure docker service directory exists] *********
2023-03-06 19:35:18,961 p=5757 u=root n=ansible | skipping: [localhost]
2023-03-06 19:35:19,056 p=5757 u=root n=ansible | TASK [openstack.kolla.docker : Configure docker service] ***********************
2023-03-06 19:35:19,121 p=5757 u=root n=ansible | skipping: [localhost]
2023-03-06 19:35:19,221 p=5757 u=root n=ansible | TASK [openstack.kolla.docker : Ensure the path for CA file for private registry exists] ***
2023-03-06 19:35:19,271 p=5757 u=root n=ansible | skipping: [localhost]
2023-03-06 19:35:19,359 p=5757 u=root n=ansible | TASK [openstack.kolla.docker : Ensure the CA file for private registry exists] ***
2023-03-06 19:35:19,409 p=5757 u=root n=ansible | skipping: [localhost]
2023-03-06 19:35:19,562 p=5757 u=root n=ansible | TASK [openstack.kolla.docker : Flush handlers] *********************************
2023-03-06 19:35:19,563 p=5757 u=root n=ansible | RUNNING HANDLER [openstack.kolla.docker : Restart docker] **********************
2023-03-06 19:35:23,341 p=5757 u=root n=ansible | changed: [localhost]
2023-03-06 19:35:23,493 p=5757 u=root n=ansible | TASK [openstack.kolla.docker : Start and enable docker] ************************
2023-03-06 19:35:24,486 p=5757 u=root n=ansible | ok: [localhost]
2023-03-06 19:35:24,597 p=5757 u=root n=ansible | TASK [openstack.kolla.docker : include_tasks] **********************************
2023-03-06 19:35:24,651 p=5757 u=root n=ansible | skipping: [localhost]
2023-03-06 19:35:24,841 p=5757 u=root n=ansible | TASK [openstack.kolla.kolla_user : Ensure groups are present] ******************
2023-03-06 19:35:24,908 p=5757 u=root n=ansible | skipping: [localhost] => (item=docker) 
2023-03-06 19:35:24,914 p=5757 u=root n=ansible | skipping: [localhost] => (item=sudo) 
2023-03-06 19:35:24,921 p=5757 u=root n=ansible | skipping: [localhost] => (item=kolla) 
2023-03-06 19:35:25,043 p=5757 u=root n=ansible | TASK [openstack.kolla.kolla_user : Create kolla user] **************************
2023-03-06 19:35:25,101 p=5757 u=root n=ansible | skipping: [localhost]
2023-03-06 19:35:25,202 p=5757 u=root n=ansible | TASK [openstack.kolla.kolla_user : Add public key to kolla user authorized keys] ***
2023-03-06 19:35:25,249 p=5757 u=root n=ansible | skipping: [localhost]
2023-03-06 19:35:25,339 p=5757 u=root n=ansible | TASK [openstack.kolla.kolla_user : Grant kolla user passwordless sudo] *********
2023-03-06 19:35:25,381 p=5757 u=root n=ansible | skipping: [localhost]
2023-03-06 19:35:25,560 p=5757 u=root n=ansible | TASK [openstack.kolla.docker_sdk : Install latest pip in the virtualenv] *******
2023-03-06 19:35:25,623 p=5757 u=root n=ansible | skipping: [localhost]
2023-03-06 19:35:25,716 p=5757 u=root n=ansible | TASK [openstack.kolla.docker_sdk : Install docker SDK for python] **************
2023-03-06 19:35:53,020 p=5757 u=root n=ansible | ok: [localhost]
2023-03-06 19:35:53,197 p=5757 u=root n=ansible | TASK [openstack.kolla.baremetal : Ensure node_config_directory directory exists] ***
2023-03-06 19:35:53,972 p=5757 u=root n=ansible | ok: [localhost]
2023-03-06 19:35:54,143 p=5757 u=root n=ansible | TASK [openstack.kolla.apparmor_libvirt : include_tasks] ************************
2023-03-06 19:35:54,210 p=5757 u=root n=ansible | skipping: [localhost]
2023-03-06 19:35:54,445 p=5757 u=root n=ansible | TASK [openstack.kolla.baremetal : Change state of selinux] *********************
2023-03-06 19:35:56,129 p=5757 u=root n=ansible | ok: [localhost]
2023-03-06 19:35:56,216 p=5757 u=root n=ansible | TASK [openstack.kolla.baremetal : Set https proxy for git] *********************
2023-03-06 19:35:56,267 p=5757 u=root n=ansible | skipping: [localhost]
2023-03-06 19:35:56,356 p=5757 u=root n=ansible | TASK [openstack.kolla.baremetal : Set http proxy for git] **********************
2023-03-06 19:35:56,406 p=5757 u=root n=ansible | skipping: [localhost]
2023-03-06 19:35:56,492 p=5757 u=root n=ansible | TASK [openstack.kolla.baremetal : include_tasks] *******************************
2023-03-06 19:35:56,540 p=5757 u=root n=ansible | skipping: [localhost]
2023-03-06 19:35:56,794 p=5757 u=root n=ansible | PLAY RECAP *********************************************************************
2023-03-06 19:35:56,794 p=5757 u=root n=ansible | localhost                  : ok=17   changed=6    unreachable=0    failed=0    skipped=18   rescued=0    ignored=0   
