2023-02-13 09:41:30,011 p=5296 u=root n=ansible | [WARNING]: Invalid characters were found in group names but not replaced, use
-vvvv to see details

2023-02-13 09:41:32,808 p=5296 u=root n=ansible | PLAY [Gather facts for all hosts] **********************************************
2023-02-13 09:41:33,348 p=5296 u=root n=ansible | TASK [Gather facts] ************************************************************
2023-02-13 09:41:43,632 p=5296 u=root n=ansible | ok: [localhost]
2023-02-13 09:41:43,767 p=5296 u=root n=ansible | TASK [Group hosts to determine when using --limit] *****************************
2023-02-13 09:41:43,862 p=5296 u=root n=ansible | ok: [localhost]
2023-02-13 09:41:44,091 p=5296 u=root n=ansible | [WARNING]: Could not match supplied host pattern, ignoring:
all_using_limit_True

2023-02-13 09:41:44,100 p=5296 u=root n=ansible | PLAY [Gather facts for all hosts (if using --limit)] ***************************
2023-02-13 09:41:44,100 p=5296 u=root n=ansible | skipping: no hosts matched
2023-02-13 09:41:44,108 p=5296 u=root n=ansible | PLAY [Apply role baremetal] ****************************************************
2023-02-13 09:41:44,306 p=5296 u=root n=ansible | TASK [openstack.kolla.baremetal : Ensure localhost in /etc/hosts] **************
2023-02-13 09:41:45,216 p=5296 u=root n=ansible | changed: [localhost]
2023-02-13 09:41:45,304 p=5296 u=root n=ansible | TASK [openstack.kolla.baremetal : Ensure hostname does not point to 127.0.1.1 in /etc/hosts] ***
2023-02-13 09:41:46,032 p=5296 u=root n=ansible | ok: [localhost]
2023-02-13 09:41:46,112 p=5296 u=root n=ansible | TASK [openstack.kolla.baremetal : Generate /etc/hosts for all of the nodes] ****
2023-02-13 09:41:47,618 p=5296 u=root n=ansible | changed: [localhost]
2023-02-13 09:41:47,751 p=5296 u=root n=ansible | TASK [openstack.kolla.baremetal : Ensure unprivileged users can use ping] ******
2023-02-13 09:41:48,823 p=5296 u=root n=ansible | changed: [localhost]
2023-02-13 09:41:48,959 p=5296 u=root n=ansible | TASK [openstack.kolla.baremetal : Ensure /etc/cloud/cloud.cfg exists] **********
2023-02-13 09:41:49,930 p=5296 u=root n=ansible | ok: [localhost]
2023-02-13 09:41:50,073 p=5296 u=root n=ansible | TASK [openstack.kolla.baremetal : Disable cloud-init manage_etc_hosts] *********
2023-02-13 09:41:51,554 p=5296 u=root n=ansible | changed: [localhost]
2023-02-13 09:41:51,686 p=5296 u=root n=ansible | TASK [openstack.kolla.baremetal : Set firewall default policy] *****************
2023-02-13 09:41:51,755 p=5296 u=root n=ansible | skipping: [localhost]
2023-02-13 09:41:51,895 p=5296 u=root n=ansible | TASK [openstack.kolla.baremetal : Check if firewalld is installed] *************
2023-02-13 09:41:53,110 p=5296 u=root n=ansible | ok: [localhost]
2023-02-13 09:41:53,212 p=5296 u=root n=ansible | TASK [openstack.kolla.baremetal : Disable firewalld] ***************************
2023-02-13 09:41:53,311 p=5296 u=root n=ansible | skipping: [localhost] => (item=firewalld) 
2023-02-13 09:41:53,405 p=5296 u=root n=ansible | TASK [openstack.kolla.docker : Fail if docker_custom_option is defined] ********
2023-02-13 09:41:53,483 p=5296 u=root n=ansible | skipping: [localhost]
2023-02-13 09:41:53,579 p=5296 u=root n=ansible | TASK [openstack.kolla.docker : include_tasks] **********************************
2023-02-13 09:41:53,629 p=5296 u=root n=ansible | skipping: [localhost]
2023-02-13 09:41:53,715 p=5296 u=root n=ansible | TASK [openstack.kolla.docker : Ensure docker config directory exists] **********
2023-02-13 09:41:54,520 p=5296 u=root n=ansible | changed: [localhost]
2023-02-13 09:41:54,600 p=5296 u=root n=ansible | TASK [openstack.kolla.docker : Write docker config] ****************************
2023-02-13 09:41:55,774 p=5296 u=root n=ansible | changed: [localhost]
2023-02-13 09:41:55,899 p=5296 u=root n=ansible | TASK [openstack.kolla.docker : Remove old docker options file] *****************
2023-02-13 09:41:56,429 p=5296 u=root n=ansible | ok: [localhost]
2023-02-13 09:41:56,510 p=5296 u=root n=ansible | TASK [openstack.kolla.docker : Ensure docker service directory exists] *********
2023-02-13 09:41:56,575 p=5296 u=root n=ansible | skipping: [localhost]
2023-02-13 09:41:56,662 p=5296 u=root n=ansible | TASK [openstack.kolla.docker : Configure docker service] ***********************
2023-02-13 09:41:56,728 p=5296 u=root n=ansible | skipping: [localhost]
2023-02-13 09:41:56,813 p=5296 u=root n=ansible | TASK [openstack.kolla.docker : Ensure the path for CA file for private registry exists] ***
2023-02-13 09:41:56,886 p=5296 u=root n=ansible | skipping: [localhost]
2023-02-13 09:41:56,970 p=5296 u=root n=ansible | TASK [openstack.kolla.docker : Ensure the CA file for private registry exists] ***
2023-02-13 09:41:57,047 p=5296 u=root n=ansible | skipping: [localhost]
2023-02-13 09:41:57,134 p=5296 u=root n=ansible | TASK [openstack.kolla.docker : Flush handlers] *********************************
2023-02-13 09:41:57,135 p=5296 u=root n=ansible | RUNNING HANDLER [openstack.kolla.docker : Restart docker] **********************
2023-02-13 09:42:00,341 p=5296 u=root n=ansible | changed: [localhost]
2023-02-13 09:42:00,501 p=5296 u=root n=ansible | TASK [openstack.kolla.docker : Start and enable docker] ************************
2023-02-13 09:42:01,495 p=5296 u=root n=ansible | ok: [localhost]
2023-02-13 09:42:01,580 p=5296 u=root n=ansible | TASK [openstack.kolla.docker : include_tasks] **********************************
2023-02-13 09:42:01,623 p=5296 u=root n=ansible | skipping: [localhost]
2023-02-13 09:42:01,782 p=5296 u=root n=ansible | TASK [openstack.kolla.kolla_user : Ensure groups are present] ******************
2023-02-13 09:42:01,832 p=5296 u=root n=ansible | skipping: [localhost] => (item=docker) 
2023-02-13 09:42:01,844 p=5296 u=root n=ansible | skipping: [localhost] => (item=sudo) 
2023-02-13 09:42:01,848 p=5296 u=root n=ansible | skipping: [localhost] => (item=kolla) 
2023-02-13 09:42:01,951 p=5296 u=root n=ansible | TASK [openstack.kolla.kolla_user : Create kolla user] **************************
2023-02-13 09:42:02,016 p=5296 u=root n=ansible | skipping: [localhost]
2023-02-13 09:42:02,152 p=5296 u=root n=ansible | TASK [openstack.kolla.kolla_user : Add public key to kolla user authorized keys] ***
2023-02-13 09:42:02,219 p=5296 u=root n=ansible | skipping: [localhost]
2023-02-13 09:42:02,358 p=5296 u=root n=ansible | TASK [openstack.kolla.kolla_user : Grant kolla user passwordless sudo] *********
2023-02-13 09:42:02,425 p=5296 u=root n=ansible | skipping: [localhost]
2023-02-13 09:42:02,678 p=5296 u=root n=ansible | TASK [openstack.kolla.docker_sdk : Install latest pip in the virtualenv] *******
2023-02-13 09:42:02,751 p=5296 u=root n=ansible | skipping: [localhost]
2023-02-13 09:42:02,930 p=5296 u=root n=ansible | TASK [openstack.kolla.docker_sdk : Install docker SDK for python] **************
2023-02-13 09:42:31,341 p=5296 u=root n=ansible | ok: [localhost]
2023-02-13 09:42:31,595 p=5296 u=root n=ansible | TASK [openstack.kolla.baremetal : Ensure node_config_directory directory exists] ***
2023-02-13 09:42:32,243 p=5296 u=root n=ansible | ok: [localhost]
2023-02-13 09:42:32,325 p=5296 u=root n=ansible | TASK [openstack.kolla.apparmor_libvirt : include_tasks] ************************
2023-02-13 09:42:32,360 p=5296 u=root n=ansible | skipping: [localhost]
2023-02-13 09:42:32,518 p=5296 u=root n=ansible | TASK [openstack.kolla.baremetal : Change state of selinux] *********************
2023-02-13 09:42:33,911 p=5296 u=root n=ansible | ok: [localhost]
2023-02-13 09:42:33,988 p=5296 u=root n=ansible | TASK [openstack.kolla.baremetal : Set https proxy for git] *********************
2023-02-13 09:42:34,034 p=5296 u=root n=ansible | skipping: [localhost]
2023-02-13 09:42:34,129 p=5296 u=root n=ansible | TASK [openstack.kolla.baremetal : Set http proxy for git] **********************
2023-02-13 09:42:34,184 p=5296 u=root n=ansible | skipping: [localhost]
2023-02-13 09:42:34,285 p=5296 u=root n=ansible | TASK [openstack.kolla.baremetal : include_tasks] *******************************
2023-02-13 09:42:34,342 p=5296 u=root n=ansible | skipping: [localhost]
2023-02-13 09:42:34,711 p=5296 u=root n=ansible | PLAY RECAP *********************************************************************
2023-02-13 09:42:34,712 p=5296 u=root n=ansible | localhost                  : ok=17   changed=7    unreachable=0    failed=0    skipped=18   rescued=0    ignored=0   
