2023-03-16 16:00:35,087 p=5753 u=root n=ansible | [WARNING]: Invalid characters were found in group names but not replaced, use
-vvvv to see details

2023-03-16 16:00:36,705 p=5753 u=root n=ansible | PLAY [Gather facts for all hosts] **********************************************
2023-03-16 16:00:36,983 p=5753 u=root n=ansible | TASK [Gather facts] ************************************************************
2023-03-16 16:00:40,696 p=5753 u=root n=ansible | ok: [localhost]
2023-03-16 16:00:40,780 p=5753 u=root n=ansible | TASK [Group hosts to determine when using --limit] *****************************
2023-03-16 16:00:40,849 p=5753 u=root n=ansible | ok: [localhost]
2023-03-16 16:00:41,014 p=5753 u=root n=ansible | [WARNING]: Could not match supplied host pattern, ignoring:
all_using_limit_True

2023-03-16 16:00:41,025 p=5753 u=root n=ansible | PLAY [Gather facts for all hosts (if using --limit)] ***************************
2023-03-16 16:00:41,026 p=5753 u=root n=ansible | skipping: no hosts matched
2023-03-16 16:00:41,034 p=5753 u=root n=ansible | PLAY [Apply role baremetal] ****************************************************
2023-03-16 16:00:41,241 p=5753 u=root n=ansible | TASK [openstack.kolla.baremetal : Ensure localhost in /etc/hosts] **************
2023-03-16 16:00:42,219 p=5753 u=root n=ansible | changed: [localhost]
2023-03-16 16:00:42,338 p=5753 u=root n=ansible | TASK [openstack.kolla.baremetal : Ensure hostname does not point to 127.0.1.1 in /etc/hosts] ***
2023-03-16 16:00:42,863 p=5753 u=root n=ansible | ok: [localhost]
2023-03-16 16:00:42,953 p=5753 u=root n=ansible | TASK [openstack.kolla.baremetal : Generate /etc/hosts for all of the nodes] ****
2023-03-16 16:00:44,539 p=5753 u=root n=ansible | changed: [localhost]
2023-03-16 16:00:44,629 p=5753 u=root n=ansible | TASK [openstack.kolla.baremetal : Ensure unprivileged users can use ping] ******
2023-03-16 16:00:45,683 p=5753 u=root n=ansible | changed: [localhost]
2023-03-16 16:00:45,881 p=5753 u=root n=ansible | TASK [openstack.kolla.baremetal : Ensure /etc/cloud/cloud.cfg exists] **********
2023-03-16 16:00:46,967 p=5753 u=root n=ansible | ok: [localhost]
2023-03-16 16:00:47,063 p=5753 u=root n=ansible | TASK [openstack.kolla.baremetal : Disable cloud-init manage_etc_hosts] *********
2023-03-16 16:00:48,524 p=5753 u=root n=ansible | changed: [localhost]
2023-03-16 16:00:48,629 p=5753 u=root n=ansible | TASK [openstack.kolla.baremetal : Set firewall default policy] *****************
2023-03-16 16:00:48,695 p=5753 u=root n=ansible | skipping: [localhost]
2023-03-16 16:00:48,791 p=5753 u=root n=ansible | TASK [openstack.kolla.baremetal : Check if firewalld is installed] *************
2023-03-16 16:00:49,717 p=5753 u=root n=ansible | ok: [localhost]
2023-03-16 16:00:49,827 p=5753 u=root n=ansible | TASK [openstack.kolla.baremetal : Disable firewalld] ***************************
2023-03-16 16:00:49,897 p=5753 u=root n=ansible | skipping: [localhost] => (item=firewalld) 
2023-03-16 16:00:49,996 p=5753 u=root n=ansible | TASK [openstack.kolla.docker : Fail if docker_custom_option is defined] ********
2023-03-16 16:00:50,060 p=5753 u=root n=ansible | skipping: [localhost]
2023-03-16 16:00:50,151 p=5753 u=root n=ansible | TASK [openstack.kolla.docker : include_tasks] **********************************
2023-03-16 16:00:50,194 p=5753 u=root n=ansible | skipping: [localhost]
2023-03-16 16:00:50,284 p=5753 u=root n=ansible | TASK [openstack.kolla.docker : Ensure docker config directory exists] **********
2023-03-16 16:00:51,148 p=5753 u=root n=ansible | ok: [localhost]
2023-03-16 16:00:51,235 p=5753 u=root n=ansible | TASK [openstack.kolla.docker : Write docker config] ****************************
2023-03-16 16:00:52,638 p=5753 u=root n=ansible | changed: [localhost]
2023-03-16 16:00:52,730 p=5753 u=root n=ansible | TASK [openstack.kolla.docker : Remove old docker options file] *****************
2023-03-16 16:00:53,285 p=5753 u=root n=ansible | ok: [localhost]
2023-03-16 16:00:53,374 p=5753 u=root n=ansible | TASK [openstack.kolla.docker : Ensure docker service directory exists] *********
2023-03-16 16:00:53,432 p=5753 u=root n=ansible | skipping: [localhost]
2023-03-16 16:00:53,536 p=5753 u=root n=ansible | TASK [openstack.kolla.docker : Configure docker service] ***********************
2023-03-16 16:00:53,610 p=5753 u=root n=ansible | skipping: [localhost]
2023-03-16 16:00:53,708 p=5753 u=root n=ansible | TASK [openstack.kolla.docker : Ensure the path for CA file for private registry exists] ***
2023-03-16 16:00:53,769 p=5753 u=root n=ansible | skipping: [localhost]
2023-03-16 16:00:53,881 p=5753 u=root n=ansible | TASK [openstack.kolla.docker : Ensure the CA file for private registry exists] ***
2023-03-16 16:00:53,933 p=5753 u=root n=ansible | skipping: [localhost]
2023-03-16 16:00:54,034 p=5753 u=root n=ansible | TASK [openstack.kolla.docker : Flush handlers] *********************************
2023-03-16 16:00:54,035 p=5753 u=root n=ansible | RUNNING HANDLER [openstack.kolla.docker : Restart docker] **********************
2023-03-16 16:00:58,442 p=5753 u=root n=ansible | changed: [localhost]
2023-03-16 16:00:58,551 p=5753 u=root n=ansible | TASK [openstack.kolla.docker : Start and enable docker] ************************
2023-03-16 16:00:59,450 p=5753 u=root n=ansible | ok: [localhost]
2023-03-16 16:00:59,539 p=5753 u=root n=ansible | TASK [openstack.kolla.docker : include_tasks] **********************************
2023-03-16 16:00:59,580 p=5753 u=root n=ansible | skipping: [localhost]
2023-03-16 16:00:59,746 p=5753 u=root n=ansible | TASK [openstack.kolla.kolla_user : Ensure groups are present] ******************
2023-03-16 16:00:59,797 p=5753 u=root n=ansible | skipping: [localhost] => (item=docker) 
2023-03-16 16:00:59,800 p=5753 u=root n=ansible | skipping: [localhost] => (item=sudo) 
2023-03-16 16:00:59,808 p=5753 u=root n=ansible | skipping: [localhost] => (item=kolla) 
2023-03-16 16:00:59,899 p=5753 u=root n=ansible | TASK [openstack.kolla.kolla_user : Create kolla user] **************************
2023-03-16 16:00:59,941 p=5753 u=root n=ansible | skipping: [localhost]
2023-03-16 16:01:00,028 p=5753 u=root n=ansible | TASK [openstack.kolla.kolla_user : Add public key to kolla user authorized keys] ***
2023-03-16 16:01:00,069 p=5753 u=root n=ansible | skipping: [localhost]
2023-03-16 16:01:00,156 p=5753 u=root n=ansible | TASK [openstack.kolla.kolla_user : Grant kolla user passwordless sudo] *********
2023-03-16 16:01:00,201 p=5753 u=root n=ansible | skipping: [localhost]
2023-03-16 16:01:00,376 p=5753 u=root n=ansible | TASK [openstack.kolla.docker_sdk : Install latest pip in the virtualenv] *******
2023-03-16 16:01:00,451 p=5753 u=root n=ansible | skipping: [localhost]
2023-03-16 16:01:00,537 p=5753 u=root n=ansible | TASK [openstack.kolla.docker_sdk : Install docker SDK for python] **************
2023-03-16 16:01:27,195 p=5753 u=root n=ansible | ok: [localhost]
2023-03-16 16:01:27,396 p=5753 u=root n=ansible | TASK [openstack.kolla.baremetal : Ensure node_config_directory directory exists] ***
2023-03-16 16:01:27,967 p=5753 u=root n=ansible | ok: [localhost]
2023-03-16 16:01:28,060 p=5753 u=root n=ansible | TASK [openstack.kolla.apparmor_libvirt : include_tasks] ************************
2023-03-16 16:01:28,102 p=5753 u=root n=ansible | skipping: [localhost]
2023-03-16 16:01:28,285 p=5753 u=root n=ansible | TASK [openstack.kolla.baremetal : Change state of selinux] *********************
2023-03-16 16:01:29,946 p=5753 u=root n=ansible | ok: [localhost]
2023-03-16 16:01:30,035 p=5753 u=root n=ansible | TASK [openstack.kolla.baremetal : Set https proxy for git] *********************
2023-03-16 16:01:30,077 p=5753 u=root n=ansible | skipping: [localhost]
2023-03-16 16:01:30,166 p=5753 u=root n=ansible | TASK [openstack.kolla.baremetal : Set http proxy for git] **********************
2023-03-16 16:01:30,214 p=5753 u=root n=ansible | skipping: [localhost]
2023-03-16 16:01:30,305 p=5753 u=root n=ansible | TASK [openstack.kolla.baremetal : include_tasks] *******************************
2023-03-16 16:01:30,349 p=5753 u=root n=ansible | skipping: [localhost]
2023-03-16 16:01:30,597 p=5753 u=root n=ansible | PLAY RECAP *********************************************************************
2023-03-16 16:01:30,598 p=5753 u=root n=ansible | localhost                  : ok=17   changed=6    unreachable=0    failed=0    skipped=18   rescued=0    ignored=0   
